running python3 /home/yizhou7/mariposa/scripts/z3-bisect.py /home/yizhou7/mariposa/data/bisect_tasks/d_fvbkv_z3_clean--Impl-JournalistMarshallingModel.i.dfy.Impl__JournalistMarshallingModel.__default.lemma__writeJournalEntries.txt
building z3
Bisecting: 1453 revisions left to test after this (roughly 11 steps)
[1915812f84cf41a5f232eedf2a695a54d055aa88] add a test for intervals
running python3 /home/yizhou7/mariposa/scripts/z3-bisect.py /home/yizhou7/mariposa/data/bisect_tasks/d_fvbkv_z3_clean--Impl-JournalistMarshallingModel.i.dfy.Impl__JournalistMarshallingModel.__default.lemma__writeJournalEntries.txt
building z3
Bisecting: 1453 revisions left to test after this (roughly 11 steps)
[8faf35e2e0c8fce99794e71bd3b5de74b95ceb5a] fix #3735
running python3 /home/yizhou7/mariposa/scripts/z3-bisect.py /home/yizhou7/mariposa/data/bisect_tasks/d_fvbkv_z3_clean--Impl-JournalistMarshallingModel.i.dfy.Impl__JournalistMarshallingModel.__default.lemma__writeJournalEntries.txt
building z3
done building z3 3.3
running mariposa
res: 1 
 out: [[[    2     2     2     2     2     2     2     2     2     2     2
       2     2     2     2     2     2     2     2     2     2     2
       2     2     2     2     2     2     2     2     2     2     2
       2     2     2     2     2     2     2     2     2     2     2
       2     2     2     2     2     2     2     2     2     2     2
       2     4     4     2     3     3]
  [  974  1842  1844  1476  1340  1560  1874  1715  1832  1396  1755
    1573  2030  1712  1668  1822  1734  1953  2159  1782  1574  1424
    1733  1410  1905  1786  1370  1978  1741  1496  1789  1672  2298
    1381  1748  2143  1685  1750  1863  1960  1591  2843  1417  1048
    2005  1503  1673   834  1888  1635  1852  1879  1561  1505  1608
    1753  2046  1983  1645 60014 60015]]

 [[    2     2     2     2     2     2     2     2     2     2     2
       2     2     2     2     2     2     2     2     2     2     2
       2     2     2     2     2     2     2     2     2     2     2
       2     2     2     2     2     4     2     2     2     2     2
       2     2     2     2     2     2     2     2     2     2     2
       2     2     2     2     2     3]
  [  974  1221  1601  1801  1084  1913  1542  2069  1731  1249  1573
    1771  1745  2042  1543  1831  1568  1214  1768  1250  1651  1729
    1488  1142  1752  2194  1871  1305  1396  2283  1610  1659  1539
    1232  1893  2490  1183  1151  1370  1550  1591  1258  1375  1211
    1707  1388  1739  1484  1515  1623   999  2023  1618  1860  1524
    1386  1509  1823  1530  1284 60014]]

 [[    2     2     2     2     2     2     2     2     2     2     2
       2     2     2     2     2     2     2     2     2     2     2
       2     4     2     2     2     2     2     2     2     2     2
       2     2     2     2     4     2     2     2     2     2     2
       2     2     2     2     2     2     2     2     2     2     2
       2     2     4     3     3     3]
  [  974  1168  1241  1257  1408  1457  1566  1638  1091  1496  1381
    1341  1390  1548  1920  1020   914   923  1265  1503  1024  1406
    1422   820  1260  1500  1172  1247  1262  1600  1347  1734  1615
    1174  1722  1690  1049   721  1389  1693  1392  1551  1392  1726
    1677  1349  1324  1820  1494  1308  1582  1502  1738  1579  1647
    1443  2283  1604 60013 60013 60014]]]
unstable
 
 err: 
done running mariposa 134.6
Bisecting: 1254 revisions left to test after this (roughly 10 steps)
[d1a5635b4ad7f8632356b380f3a9b1fc83fdb04f] better model based lemmaas
running python3 /home/yizhou7/mariposa/scripts/z3-bisect.py /home/yizhou7/mariposa/data/bisect_tasks/d_fvbkv_z3_clean--Impl-JournalistMarshallingModel.i.dfy.Impl__JournalistMarshallingModel.__default.lemma__writeJournalEntries.txt
building z3
Bisecting: 1254 revisions left to test after this (roughly 10 steps)
[0a86bd14f792ef5fadb8eeb346729a612f7e1588] start on test nla
running python3 /home/yizhou7/mariposa/scripts/z3-bisect.py /home/yizhou7/mariposa/data/bisect_tasks/d_fvbkv_z3_clean--Impl-JournalistMarshallingModel.i.dfy.Impl__JournalistMarshallingModel.__default.lemma__writeJournalEntries.txt
building z3
Bisecting: 1254 revisions left to test after this (roughly 10 steps)
[f7747d9e76bd685a02ce5c5fbda91fc356856b5e] fix parameter collection for tactic-based solvers reported in #3065
running python3 /home/yizhou7/mariposa/scripts/z3-bisect.py /home/yizhou7/mariposa/data/bisect_tasks/d_fvbkv_z3_clean--Impl-JournalistMarshallingModel.i.dfy.Impl__JournalistMarshallingModel.__default.lemma__writeJournalEntries.txt
building z3
done building z3 3.3
running mariposa
res: 0 
 out: [[[    2     2     2     2     2     2     2     2     2     2     2
       2     2     2     2     2     2     2     2     2     2     2
       2     2     2     2     2     2     2     2     2     4     2
       2     2     2     2     2     2     2     2     2     2     2
       2     2     2     2     2     2     2     2     2     2     4
       2     2     2     3     3     3]
  [  994  1302  1197  1148  1017  1546  1534  1474  1522  1474  1456
     867  1758  1190  1291  1400  1488  1179  1138  1730  1450   972
    1391  1323  2032  1739  1724  1586  1463  1709  1389  1187  1598
    1860  1342  1186  1312  1864  1877  1608  1898  1380  1506  1907
    1957  1282  1564  1309   877  1311  1903  1864  1518  1830  1518
    1516  1462  1969 60014 60013 60015]]

 [[    2     2     2     2     2     2     2     2     2     2     2
       2     2     2     2     2     2     2     2     2     2     2
       2     2     2     2     2     2     2     2     2     2     2
       2     2     2     2     2     2     2     2     2     2     2
       2     2     2     2     2     2     2     2     2     2     2
       2     2     2     2     2     2]
  [  994   925   911   933   971  1397  1079  1161  1514  1286  1199
    1166  1107  1380  1627  1168  1305  1146  1511  1023  1183  1639
    1442   993  1452  1054  1281   880  1145  1288  1264  1260  1291
    1290  1408  1194  1014  1252   773  1080  1210  1052  1050   939
    1324  1356  1477  1322  1435  1316  1112  1375  1440  1435  1004
    1550  1236  1255  1237  1230  1238]]

 [[    2     2     2     2     2     2     2     2     2     2     2
       2     2     2     2     2     2     2     2     2     2     2
       4     2     2     2     2     2     2     2     2     2     2
       2     2     2     2     2     2     2     2     2     4     2
       2     2     2     2     2     2     2     2     2     2     2
       4     2     2     4     2     2]
  [  994   896  1003  1327  1346  1390  1357  1638  1182  1402  1212
    1361  1427  1791  1675  1123  1139   995  1304  1599  1285  1406
     838  1237  1317  1291  1681  1350  1214  1294  1356  1608  1296
    1555  1502  1412  1355  1449  1299   910  1256  1072   743  1322
    1146  1529  1251  1311  1257  1243  1094  1510  1498  1237   928
    1558  1495  1802  1173  1276  1584]]]
stable
 
 err: 
done running mariposa 103.4
Bisecting: 220 revisions left to test after this (roughly 8 steps)
[56584922e9aa073a97ed65fe71b7364989ae9702] if it isn't used, it isn't templatized
running python3 /home/yizhou7/mariposa/scripts/z3-bisect.py /home/yizhou7/mariposa/data/bisect_tasks/d_fvbkv_z3_clean--Impl-JournalistMarshallingModel.i.dfy.Impl__JournalistMarshallingModel.__default.lemma__writeJournalEntries.txt
building z3
done building z3 86.6
running mariposa
res: 1 
 out: [[[    2     2     2     4     4     4     4     2     4     2     2
       2     2     2     2     2     2     2     2     2     2     2
       2     2     2     2     2     2     2     2     4     2     2
       2     2     3     2     2     4     2     4     4     3     4
       2     2     2     2     2     2     2     2     2     2     2
       3     3     3     3     3     3]
  [ 2137  3895  5530  4811  4536  4551  4408  3932  3813  4515  4474
    4842  4730  4105  3820  3923  4652  4954  3943  3892  5157  4136
    4455  3998  4179  5354  4347  4167  3978  4286  3620  3701  4197
    5099  4761 60016  3636  4324  4355  4139  4547  1515 60024  3579
    3838  3846  3630  4632  4233  4154  4524  3754  3967  4201  3967
   60016 60016 60039 60017 60039 60013]]

 [[    2     2     4     2     2     2     2     2     2     2     2
       2     2     2     2     2     4     2     2     4     2     4
       4     2     2     3     4     3     2     2     4     2     4
       2     4     2     3     2     4     4     2     2     4     2
       4     2     2     2     2     2     3     4     2     4     4
       2     3     2     3     3     3]
  [ 2137  4197  7064  5143  4720  4460  4547  3353  3762  3791  4142
    4521  3917  3945  5037  4190  3584  3603  4896  3312  3603  4343
    4465  4534  4478 60017  4391 60022  3509  8388  3250  3954  3223
    5509  5828  3579 60019  4417  3987  3670  4560  4479  3840  4449
    3266  4372  3753  4068  3768  3750 60017  2945  3767  4298  3746
    4376 60011  4456 60017 60016 60016]]

 [[    2     2     2     4     4     2     2     2     2     2     2
       2     2     2     4     2     2     4     2     2     2     4
       2     2     2     4     2     2     2     2     4     2     4
       4     2     2     2     2     4     4     2     2     2     2
       2     2     2     2     4     4     2     4     2     2     3
       2     2     3     3     3     3]
  [ 2137  3268  3542  3593  3810  3960  5604  4448  4254  4364  4834
    3623  6761  3431  4041  4333  4882  4746  3995  4107  3136  4025
    5302  3743  5421  1986  3913  4181  4951  3090  3653  3677  3738
    4696  5786  4205  3480  4818  4455  2055  5604  4151  3750  4157
    4694  3524  6586  4476  3977  4202  4331  4475  4669  5712 60013
    4188  5767 60015 60015 60015 60016]]]
unstable
 
 err: 
done running mariposa 316.0
Bisecting: 109 revisions left to test after this (roughly 7 steps)
[61d99604202e49a5df52484f1706a4092fd21c81] fix #3461
running python3 /home/yizhou7/mariposa/scripts/z3-bisect.py /home/yizhou7/mariposa/data/bisect_tasks/d_fvbkv_z3_clean--Impl-JournalistMarshallingModel.i.dfy.Impl__JournalistMarshallingModel.__default.lemma__writeJournalEntries.txt
building z3
done building z3 60.2
running mariposa
res: 0 
 out: [[[    2     2     2     2     2     2     2     2     2     2     2
       2     2     2     2     2     2     2     2     2     2     2
       2     2     2     2     2     2     2     2     2     4     2
       2     2     2     2     2     2     2     2     2     2     2
       2     2     2     2     2     2     2     2     2     2     4
       2     2     2     3     3     3]
  [ 1010  1318  1209   997  1147  1530  1522  1527  1495  1467  1404
     880  1715  1216  1282  1415  1525  1167  1151  1723  1471   986
    1298  1381  1746  1728  2097  1555  1499  1676  1437  1189  1596
    1877  1386  1200  1300  1882  1851  1643  1397  1934  1524  1902
    1974  1289  1611  1330   866  1338  1939  1835  1518  1855  1504
    1542  1490  2001 60014 60013 60015]]

 [[    2     2     2     2     2     2     2     2     2     2     2
       2     2     2     2     2     2     2     2     2     2     2
       2     2     2     2     2     2     2     2     2     2     2
       2     2     2     2     2     2     2     2     2     2     2
       2     2     2     2     2     2     2     2     2     2     2
       2     2     2     2     2     2]
  [ 1010   906   903   939   999  1382  1096  1146  1541  1316  1202
    1181  1095  1397  1608  1212  1310  1149  1495  1010  1150  1679
    1451  1045  1061  1484  1304   857  1270  1176  1301  1253  1314
    1311  1444  1013  1203  1244   764  1091  1265  1072  1072   970
    1338  1280  1461  1355  1411  1318  1367  1175  1465  1404  1000
    1567  1256  1216  1273  1246  1250]]

 [[    2     2     2     2     2     2     2     2     2     2     2
       2     2     2     2     2     2     2     2     2     2     2
       2     4     2     2     2     2     2     2     2     2     2
       2     2     2     2     2     2     2     2     2     4     2
       2     2     2     2     2     2     2     2     2     2     2
       4     2     2     4     2     2]
  [ 1010   905  1022  1328  1335  1372  1441  1588  1126  1445  1245
    1349  1444  1763  1646  1147  1131  1017  1352  1590  1326  1400
    1324   839  1213  1288  1693  1210  1388  1303  1360  1653  1287
    1575  1422  1509  1368  1451  1265   914  1271  1054   744  1127
    1326  1561  1258  1268  1356  1265  1075  1544  1463  1250   912
    1560  1530  1778  1169  1560  1287]]]
stable
 
 err: 
done running mariposa 103.6
Bisecting: 54 revisions left to test after this (roughly 6 steps)
[fad08454c1955b0660ada7b7b1daf797e50e29db] remove debug code
running python3 /home/yizhou7/mariposa/scripts/z3-bisect.py /home/yizhou7/mariposa/data/bisect_tasks/d_fvbkv_z3_clean--Impl-JournalistMarshallingModel.i.dfy.Impl__JournalistMarshallingModel.__default.lemma__writeJournalEntries.txt
building z3
done building z3 30.8
running mariposa
res: 1 
 out: [[[    2     2     4     2     2     2     2     4     2     4     2
       4     2     2     2     4     2     2     2     2     2     2
       2     2     2     2     2     2     2     2     2     4     4
       2     4     2     2     2     2     2     2     2     2     2
       2     2     2     2     2     2     2     2     4     4     2
       2     3     3     3     3     3]
  [ 2532  4060  2228  4993  4296  4139  4980  3792  4182  4441  4160
    3102  3793  3709  4750  3558  3525  4325  3015  4640  4012  3677
    3200  3554  3486  3880  4434  4460  4636  3541  5807  4544  3357
    3570  3277  4540  4168  4924  4786  4405  4121  3993  5817  5068
    4559  4507  3854  4355  4925  3657  5528  3999  3404  4753  5911
    6192 60016 60041 60014 60014 60016]]

 [[    2     2     2     2     4     4     2     2     2     4     2
       4     2     2     2     4     2     4     4     2     2     4
       2     2     2     2     2     4     2     4     2     4     2
       3     4     4     2     3     4     2     3     2     4     2
       4     2     2     4     4     4     4     4     2     2     4
       2     4     3     3     3     3]
  [ 2532  5035  3578  4870  1843  2045  4006  4831  3691  4112  4219
    3394  3867  5011  4356  3863  3890  3316  4273  3759  3772  3876
    4062  3959  4107  4061  3187  2877  5345  3388  3757  2944  3705
   60018  4776  3511  4200 60017  3804  4535 60015  5227  3705  4718
    3792  4101  5138  3954  4010  3340  3607  4650  8283  4155  3498
    4962  5790 60015 60015 60014 60015]]

 [[    2     2     4     2     2     4     4     2     4     4     2
       2     4     2     2     2     2     2     4     2     2     2
       2     2     2     4     2     2     2     2     2     2     2
       2     4     2     4     2     2     2     2     2     2     2
       2     2     3     2     3     2     2     2     4     4     4
       3     3     3     3     3     3]
  [ 2532  3450  3420  3612  3590  4972  5674  4437  4950  4130  3712
    6227  3862  3442  3315  5710  3583  7871  4548  4594  3408  3872
    4294  3515  4658  3197  4526  3350  3685  3344  4223  3545  4584
    3690  3572  4913  3700  3940  5044  6335  6300  4558  5864  4421
    3777  4316 60014  4439 60015  4191  4248  4962  6281  2637  4067
   60016 60017 60015 60014 60017 60015]]]
unstable
 
 err: 
done running mariposa 303.0
Bisecting: 26 revisions left to test after this (roughly 5 steps)
[145ec8f248dae5b6cff03a3d0be3e1589cdb340b] pick up log configuration consistently #3513
running python3 /home/yizhou7/mariposa/scripts/z3-bisect.py /home/yizhou7/mariposa/data/bisect_tasks/d_fvbkv_z3_clean--Impl-JournalistMarshallingModel.i.dfy.Impl__JournalistMarshallingModel.__default.lemma__writeJournalEntries.txt
building z3
done building z3 42.7
running mariposa
res: 0 
 out: [[[    2     2     2     2     2     2     2     2     2     2     2
       2     2     2     2     2     2     2     2     2     2     2
       2     2     2     2     2     2     2     2     2     4     2
       2     2     2     2     2     2     2     2     2     2     2
       2     2     2     2     2     2     2     2     2     2     4
       2     2     2     3     3     3]
  [ 1011  1317  1200  1001  1139  1502  1543  1526  1477  1506  1417
    1732   863  1191  1406  1320  1505  1173  1187  1725  1448   964
    1358  1318  1703  2066  1748  1521  1492  1669  1387  1173  1585
    1823  1343  1212  1303  1886  1884  1650  1411  1937  1491  1939
    1308  1979  1590  1334   873  1345  1968  1873  1498  1846  1478
    1547  1483  1987 60013 60013 60015]]

 [[    2     2     2     2     2     2     2     2     2     2     2
       2     2     2     2     2     2     2     2     2     2     2
       2     2     2     2     2     2     2     2     2     2     2
       2     2     2     2     2     2     2     2     2     2     2
       2     2     2     2     2     2     2     2     2     2     2
       2     2     2     2     2     2]
  [ 1011   920   937   925  1002  1090  1391  1136  1504  1297  1257
    1142  1075  1379  1179  1608  1135  1302  1492  1015  1169  1663
    1459   982  1054  1452  1289   879  1146  1258  1256  1255  1332
    1286  1416  1216   985  1284   762  1057  1219  1114  1081   942
    1362  1288  1439  1308  1431  1332  1123  1367  1499  1417  1013
    1541  1233  1237  1231  1269  1229]]

 [[    2     2     2     2     2     2     2     2     2     2     2
       2     2     2     2     2     2     2     2     2     2     2
       2     4     2     2     2     2     2     2     2     2     2
       2     2     2     2     2     2     2     2     2     4     2
       2     2     2     2     2     2     2     2     2     2     2
       4     2     2     4     2     2]
  [ 1011   898  1028  1353  1343  1385  1374  1612  1102  1434  1257
    1368  1420  1772  1631  1155  1136   975  1331  1612  1302  1402
    1328   834  1213  1316  1686  1220  1396  1331  1399  1633  1272
    1575  1490  1431  1380  1492  1260   970  1044  1232   748  1132
    1335  1593  1256  1342  1258  1256  1098  1512  1499  1238   907
    1560  1514  1805  1166  1544  1290]]]
stable
 
 err: 
done running mariposa 103.4
Bisecting: 12 revisions left to test after this (roughly 4 steps)
[0229ab2811a209e49e73d79c76850e1c0fbda41c] remove debug code
running python3 /home/yizhou7/mariposa/scripts/z3-bisect.py /home/yizhou7/mariposa/data/bisect_tasks/d_fvbkv_z3_clean--Impl-JournalistMarshallingModel.i.dfy.Impl__JournalistMarshallingModel.__default.lemma__writeJournalEntries.txt
building z3
done building z3 8.0
running mariposa
res: 1 
 out: [[[    2     2     4     2     2     2     2     4     2     4     2
       4     2     2     2     4     2     2     2     2     2     2
       2     2     2     2     2     2     2     2     4     2     2
       4     4     2     2     2     2     2     2     2     2     2
       2     2     2     2     2     2     2     2     4     4     2
       2     3     3     3     3     3]
  [ 2604  4002  2256  5033  4341  4098  5046  3811  4115  4445  4099
    3080  3805  3747  4715  3560  3547  4337  3036  4655  3986  3743
    3209  3624  3552  4541  3952  4377  4608  3522  3303  5924  3593
    4520  3253  4541  4121  4882  4735  4370  4159  3960  5936  5083
    4446  4457  3849  4923  4379  3646  5470  3964  3403  4768  5913
    6154 60016 60040 60014 60015 60016]]

 [[    2     2     2     2     4     4     2     2     2     4     2
       4     2     2     2     4     2     4     4     2     2     4
       2     2     2     2     2     4     2     4     2     4     3
       2     4     4     2     3     4     2     3     4     2     2
       4     2     2     4     4     4     4     4     2     2     4
       2     4     3     3     3     3]
  [ 2604  5030  3494  4729  1800  2009  4006  4735  3632  4184  4199
    3446  3849  4934  4327  3929  3922  3350  4330  3767  3818  3899
    4111  3943  4091  3981  3285  2914  5254  3414  3765  2896 60017
    3672  4787  3520  4177 60016  3772  4564 60016  3655  5310  4781
    3819  4130  5080  3947  4032  3395  3704  4702  8166  4171  3548
    5011  5830 60014 60015 60014 60016]]

 [[    2     2     4     2     2     4     4     2     4     4     2
       2     4     2     2     2     2     2     4     2     2     2
       2     2     2     4     2     2     2     2     2     2     2
       2     4     2     4     2     2     2     2     2     2     2
       2     2     3     2     3     2     2     2     4     4     4
       3     3     3     3     3     3]
  [ 2604  3444  3490  3525  3613  4949  5694  4444  4944  4169  3790
    6189  3894  3406  3332  5778  3535  7772  4570  4633  3438  3836
    4258  3517  4599  3208  4505  3667  3324  3334  4217  3695  3534
    4595  3642  4956  3760  3945  5149  6444  6504  4561  5974  4481
    3844  4358 60015  4438 60014  4122  4212  4985  6334  2594  3993
   60015 60017 60017 60016 60015 60015]]]
unstable
 
 err: 
done running mariposa 303.0
Bisecting: 6 revisions left to test after this (roughly 3 steps)
[c469ea2717b16a6741142a6526e88b078a0df5e3] do not call get_model() from assume_eqs()
running python3 /home/yizhou7/mariposa/scripts/z3-bisect.py /home/yizhou7/mariposa/data/bisect_tasks/d_fvbkv_z3_clean--Impl-JournalistMarshallingModel.i.dfy.Impl__JournalistMarshallingModel.__default.lemma__writeJournalEntries.txt
building z3
done building z3 44.2
running mariposa
res: 1 
 out: [[[  4   4   4   4   4   4   4   4   4   4   4   4   4   4   4   4   4
     4   4   4   4   4   4   4   4   4   4   4   4   4   4   4   4   4
     4   4   4   4   4   4   4   4   4   4   4   4   4   4   4   4   4
     4   4   4   4   4   4   4   4   4   4]
  [390 542 478 458 418 478 549 491 557 527 490 477 522 545 457 545 474
   585 473 492 478 499 487 551 547 495 503 508 487 439 498 518 453 464
   420 575 509 474 446 494 659 480 470 476 498 509 547 534 496 483 483
   564 479 528 509 737 436 484 525 474 518]]

 [[  4   4   4   4   4   4   4   4   4   4   4   4   4   4   4   4   4
     4   4   4   4   4   4   4   4   4   4   4   4   4   4   4   4   4
     4   4   4   4   4   4   4   4   4   4   4   4   4   4   4   4   4
     4   4   4   4   4   4   4   4   4   4]
  [390 583 476 466 617 463 513 532 471 486 501 452 495 533 537 497 492
   541 515 485 504 508 514 518 605 494 549 477 517 578 452 481 537 589
   513 512 500 510 591 605 532 506 522 524 477 515 525 551 506 535 493
   552 528 479 557 543 473 514 551 486 471]]

 [[  4   4   4   4   4   4   4   4   4   4   4   4   4   4   4   4   4
     4   4   4   4   4   4   4   4   4   4   4   4   4   4   4   4   4
     4   4   4   4   4   4   4   4   4   4   4   4   4   4   4   4   4
     4   4   4   4   4   4   4   4   4   4]
  [390 509 535 517 535 542 572 663 492 482 490 528 473 595 767 493 524
   502 527 551 580 511 500 543 529 556 564 503 538 460 512 530 506 518
   602 529 538 508 598 540 492 531 605 499 477 564 494 491 472 575 485
   524 495 533 527 546 574 438 565 564 533]]]
unsolvable
 
 err: 
done running mariposa 20.2
Bisecting: 2 revisions left to test after this (roughly 2 steps)
[762f265616a9e8b88b7119cbec345da1368c00a6] merge with master
running python3 /home/yizhou7/mariposa/scripts/z3-bisect.py /home/yizhou7/mariposa/data/bisect_tasks/d_fvbkv_z3_clean--Impl-JournalistMarshallingModel.i.dfy.Impl__JournalistMarshallingModel.__default.lemma__writeJournalEntries.txt
building z3
done building z3 7.2
running mariposa
res: 1 
 out: [[[    2     4     4     2     2     4     2     2     2     4     2
       2     2     2     2     2     2     4     2     4     2     2
       2     2     2     2     2     4     2     2     2     4     2
       4     3     2     2     3     4     3     2     2     4     2
       2     2     2     2     2     2     2     2     3     4     2
       2     4     2     3     3     3]
  [ 3600  3668  1602  5167  5273  5362  4464  4942  5311  3997  6866
    5550  4452  6108  5301  7088  5695  4342  7543  5139 12781  5709
    8527  6142 11251  5225  4060  4100  3906  6892  7134  3723  5194
   15270 60015  5494  6343 60010  5917 60014  7711  7694  4727  5184
    5889 11352  6968  4331  5016  4921 55271  5766 60014  4862  8324
    5443  6253 59923 60015 60033 60035]]

 [[    2     2     2     2     2     4     4     2     4     2     2
       2     2     2     4     2     4     2     4     2     2     2
       2     4     2     2     2     2     2     4     2     2     2
       2     2     3     2     2     2     2     4     4     4     2
       3     4     3     2     3     2     2     3     2     2     2
       2     2     3     3     2     3]
  [ 3600  6409  5257  5186  8021  5479  4100  5616  4896  5025  4234
    4368  4923 15008  5258  4757  5443  4442  5194  8235  5808  5519
   14875  4534  6845  6710  6196  7354  5342  4468  6876  6457  5980
    5291  6942 60016  5860  6418  4908  5565  5961  4887  4152  6118
   60015  4866 60016  6253 60016  4627  6273 60013  7057  7485  6562
    5692  5019 60019 60036  5996 60016]]

 [[    2     2     2     2     2     2     4     2     2     2     2
       2     2     2     2     2     2     2     2     4     2     2
       2     2     4     3     2     2     2     3     2     2     3
       2     2     2     2     2     2     2     2     3     2     2
       2     2     2     2     2     2     2     2     2     2     2
       2     3     3     3     3     3]
  [ 3600  4206  5192  6486  7025  5003  5096 14148 14974  8698  5293
    4428  6669  4816  4965  7751 15424  5512  6172  5570  3988  8284
    5259  5511 10993 60012 18766  4664  3507 60011  6302  5452 60013
   33292  7399  4706  4453  3796  4403 11336  4950 60013  5353 10590
    7226  6098  7436  4730  4730  5558  5496  4621  8848  5257  6114
    5548 60012 60016 60015 60011 60016]]]
unstable
 
 err: 
done running mariposa 402.3
Bisecting: 1 revision left to test after this (roughly 1 step)
[73d73e6c953dd0d63d76c1dca7f88bc04ccf4565] enhance rewriting for indexof based on #3516
running python3 /home/yizhou7/mariposa/scripts/z3-bisect.py /home/yizhou7/mariposa/data/bisect_tasks/d_fvbkv_z3_clean--Impl-JournalistMarshallingModel.i.dfy.Impl__JournalistMarshallingModel.__default.lemma__writeJournalEntries.txt
building z3
done building z3 6.9
running mariposa
res: 0 
 out: [[[    2     2     2     2     2     2     2     2     2     2     2
       2     2     2     2     2     2     2     2     2     2     2
       2     2     2     2     2     2     2     2     2     4     2
       2     2     2     2     2     2     2     2     2     2     2
       2     2     2     2     2     2     2     2     2     2     4
       2     2     2     3     3     3]
  [ 1004  1305  1190  1020  1127  1489  1539  1530  1520  1492  1409
     862  1727  1198  1272  1420  1515  1188  1125  1475  1737   980
    1400  1315  2020  1732  1734  1570  1504  1663  1419  1173  1572
    1832  1350  1203  1303  1881  1868  1638  1410  1980  1494  1898
    1958  1298  1573  1302   867  1332  1923  1841  1512  1870  1538
    1520  1479  1978 60013 60014 60013]]

 [[    2     2     2     2     2     2     2     2     2     2     2
       2     2     2     2     2     2     2     2     2     2     2
       2     2     2     2     2     2     2     2     2     2     2
       2     2     2     2     2     2     2     2     2     2     2
       2     2     2     2     2     2     2     2     2     2     2
       2     2     2     2     2     2]
  [ 1004   919   905   949  1001  1383  1091  1139  1535  1272  1202
    1215  1090  1398  1608  1195  1332  1139  1518  1044  1170  1647
    1458   979  1472  1100  1312   904  1277  1130  1251  1238  1334
    1339  1424  1188  1005  1255   803  1084  1233  1072  1059   953
    1281  1387  1438  1328  1409  1312  1126  1402  1460  1403  1003
    1570  1277  1288  1248  1254  1271]]

 [[    2     2     2     2     2     2     2     2     2     2     2
       2     2     2     2     2     2     2     2     2     2     2
       2     4     2     2     2     2     2     2     2     2     2
       2     2     2     2     2     2     2     2     2     4     2
       2     2     2     2     2     2     2     2     2     2     2
       4     2     2     4     2     2]
  [ 1004   927  1007  1377  1356  1356  1400  1649  1098  1409  1238
    1370  1411  1788  1647  1142  1144   985  1346  1589  1323  1413
    1322   868  1217  1321  1682  1368  1243  1343  1399  1624  1290
    1566  1490  1429  1389  1472  1280   920  1265  1066   740  1137
    1340  1568  1249  1330  1257  1261  1059  1538  1489  1257   918
    1569  1487  1793  1141  1541  1290]]]
stable
 
 err: 
done running mariposa 103.5
Bisecting: 0 revisions left to test after this (roughly 0 steps)
[cf86e6ef73bf64669ccf48cc739e8447d4982c0f] disable dubious eq adapter code causing perf hit
running python3 /home/yizhou7/mariposa/scripts/z3-bisect.py /home/yizhou7/mariposa/data/bisect_tasks/d_fvbkv_z3_clean--Impl-JournalistMarshallingModel.i.dfy.Impl__JournalistMarshallingModel.__default.lemma__writeJournalEntries.txt
building z3
done building z3 17.7
running mariposa
res: 0 
 out: [[[    2     2     2     2     2     2     2     2     2     2     2
       2     2     2     2     2     2     2     2     2     2     2
       2     2     2     2     2     2     2     2     2     4     2
       2     2     2     2     2     2     2     2     2     2     2
       2     2     2     2     2     2     2     2     2     2     4
       2     2     2     3     3     3]
  [  986  1312  1218  1019  1176  1482  1561  1606  1492  1448  1446
     872  1709  1214  1276  1430  1498  1130  1176  1467  1735   964
    1304  1374  2047  1738  1761  1566  1476  1661  1408  1205  1574
    1839  1389  1188  1289  1902  1847  1629  1395  1940  1499  1940
    1306  1962  1574  1311   869  1337  1935  1838  1510  1836  1476
    1534  1475  2012 60013 60013 60013]]

 [[    2     2     2     2     2     2     2     2     2     2     2
       2     2     2     2     2     2     2     2     2     2     2
       2     2     2     2     2     2     2     2     2     2     2
       2     2     2     2     2     2     2     2     2     2     2
       2     2     2     2     2     2     2     2     2     2     2
       2     2     2     2     2     2]
  [  986   896   917   923   968  1400  1097  1137  1553  1269  1242
    1147  1102  1400  1647  1207  1330  1146  1518  1018  1161  1685
     994  1454  1497  1070  1290   864  1151  1269  1260  1255  1297
    1288  1423  1018  1209  1271   760  1069  1242  1078  1077   948
    1334  1300  1431  1335  1440  1327  1147  1382  1469  1405   999
    1554  1244  1240  1294  1287  1260]]

 [[    2     2     2     2     2     2     2     2     2     2     2
       2     2     2     2     2     2     2     2     2     2     2
       4     2     2     2     2     2     2     2     2     2     2
       2     2     2     2     2     2     2     2     2     4     2
       2     2     2     2     2     2     2     2     2     2     2
       4     2     2     4     2     2]
  [  986   903  1040  1330  1337  1375  1408  1615  1130  1537  1256
    1366  1411  1765  1659  1121  1139  1000  1313  1630  1288  1426
     832  1321  1239  1315  1660  1363  1227  1308  1395  1606  1278
    1554  1465  1430  1403  1460  1272   926  1040  1267   733  1377
    1128  1576  1239  1275  1353  1249  1073  1474  1536  1242   914
    1539  1519  1827  1137  1298  1539]]]
stable
 
 err: 
done running mariposa 103.6
762f265616a9e8b88b7119cbec345da1368c00a6 is the first bad commit
commit 762f265616a9e8b88b7119cbec345da1368c00a6
Author: Lev Nachmanson <levnach@hotmail.com>
Date:   Fri Feb 14 10:55:21 2020 -0800

    merge with master
    
    Signed-off-by: Lev Nachmanson <levnach@hotmail.com>

:040000 040000 71a4a67b856fcba9154dee3bf495a28910a990a3 28fbc5c0a1b5c10d5f56b8761ab92f9db596926f M	src
bisect run success
git bisect start
# good: [e79542cc689d52ec4cb34ce4ae3fbe56e7a0bf70] fix #2309
git bisect good e79542cc689d52ec4cb34ce4ae3fbe56e7a0bf70
# bad: [ad55a1f1c617a7f0c3dd735c0780fc758424c7f1] Update release.yml for Azure Pipelines
git bisect bad ad55a1f1c617a7f0c3dd735c0780fc758424c7f1
# skip: [e2702f3ae88f5c48a55f4473bb5c29184c182634] fixes in assigning constraints to intervals
git bisect skip e2702f3ae88f5c48a55f4473bb5c29184c182634
# skip: [1915812f84cf41a5f232eedf2a695a54d055aa88] add a test for intervals
git bisect skip 1915812f84cf41a5f232eedf2a695a54d055aa88
# bad: [8faf35e2e0c8fce99794e71bd3b5de74b95ceb5a] fix #3735
git bisect bad 8faf35e2e0c8fce99794e71bd3b5de74b95ceb5a
# skip: [d1a5635b4ad7f8632356b380f3a9b1fc83fdb04f] better model based lemmaas
git bisect skip d1a5635b4ad7f8632356b380f3a9b1fc83fdb04f
# skip: [0a86bd14f792ef5fadb8eeb346729a612f7e1588] start on test nla
git bisect skip 0a86bd14f792ef5fadb8eeb346729a612f7e1588
# good: [f7747d9e76bd685a02ce5c5fbda91fc356856b5e] fix parameter collection for tactic-based solvers reported in #3065
git bisect good f7747d9e76bd685a02ce5c5fbda91fc356856b5e
# bad: [56584922e9aa073a97ed65fe71b7364989ae9702] if it isn't used, it isn't templatized
git bisect bad 56584922e9aa073a97ed65fe71b7364989ae9702
# good: [61d99604202e49a5df52484f1706a4092fd21c81] fix #3461
git bisect good 61d99604202e49a5df52484f1706a4092fd21c81
# bad: [fad08454c1955b0660ada7b7b1daf797e50e29db] remove debug code
git bisect bad fad08454c1955b0660ada7b7b1daf797e50e29db
# good: [145ec8f248dae5b6cff03a3d0be3e1589cdb340b] pick up log configuration consistently #3513
git bisect good 145ec8f248dae5b6cff03a3d0be3e1589cdb340b
# bad: [0229ab2811a209e49e73d79c76850e1c0fbda41c] remove debug code
git bisect bad 0229ab2811a209e49e73d79c76850e1c0fbda41c
# bad: [c469ea2717b16a6741142a6526e88b078a0df5e3] do not call get_model() from assume_eqs()
git bisect bad c469ea2717b16a6741142a6526e88b078a0df5e3
# bad: [762f265616a9e8b88b7119cbec345da1368c00a6] merge with master
git bisect bad 762f265616a9e8b88b7119cbec345da1368c00a6
# good: [73d73e6c953dd0d63d76c1dca7f88bc04ccf4565] enhance rewriting for indexof based on #3516
git bisect good 73d73e6c953dd0d63d76c1dca7f88bc04ccf4565
# good: [cf86e6ef73bf64669ccf48cc739e8447d4982c0f] disable dubious eq adapter code causing perf hit
git bisect good cf86e6ef73bf64669ccf48cc739e8447d4982c0f
# first bad commit: [762f265616a9e8b88b7119cbec345da1368c00a6] merge with master
