running python3 /home/yizhou7/mariposa/scripts/z3-bisect.py /home/yizhou7/mariposa/data/bisect_tasks/d_fvbkv_z3_clean--lib-Buckets-BucketsLib.i.dfy.Impl__BucketsLib.__default.SortedSeqOfKeyValueHasKey.txt
building z3
Bisecting: 1453 revisions left to test after this (roughly 11 steps)
[1915812f84cf41a5f232eedf2a695a54d055aa88] add a test for intervals
running python3 /home/yizhou7/mariposa/scripts/z3-bisect.py /home/yizhou7/mariposa/data/bisect_tasks/d_fvbkv_z3_clean--lib-Buckets-BucketsLib.i.dfy.Impl__BucketsLib.__default.SortedSeqOfKeyValueHasKey.txt
building z3
Bisecting: 1453 revisions left to test after this (roughly 11 steps)
[8faf35e2e0c8fce99794e71bd3b5de74b95ceb5a] fix #3735
running python3 /home/yizhou7/mariposa/scripts/z3-bisect.py /home/yizhou7/mariposa/data/bisect_tasks/d_fvbkv_z3_clean--lib-Buckets-BucketsLib.i.dfy.Impl__BucketsLib.__default.SortedSeqOfKeyValueHasKey.txt
building z3
done building z3 3.5
running mariposa
res: 1 
 out: [[[  4   4   4   4   4   4   4   4   4   4   4   4   4   4   4   4   4
     4   4   4   4   4   4   4   4   4   4   4   4   4   4   4   4   4
     4   4   4   4   4   4   4   4   4   4   4   4   4   4   4   4   4
     4   4   4   4   4   4   4   4   4   4]
  [268 323 345 320 345 330 330 320 343 348 365 340 355 346 333 325 345
   311 362 399 299 337 322 340 360 321 326 396 318 340 324 310 362 307
   323 370 352 336 318 363 372 325 317 334 331 368 334 365 318 358 326
   299 331 312 375 344 316 324 338 316 308]]

 [[  4   2   2   2   2   4   4   4   2   2   2   2   4   2   2   2   2
     2   2   2   2   2   2   2   4   2   2   2   2   2   2   4   4   4
     2   2   2   2   2   4   2   2   4   2   2   2   2   2   4   2   2
     2   2   2   2   2   2   2   2   2   2]
  [268 310 332 338 348 326 326 325 314 304 303 303 341 336 306 328 298
   310 296 330 338 299 320 334 363 306 317 294 305 296 318 328 309 331
   352 311 298 323 309 318 312 336 335 278 326 303 278 349 322 301 321
   301 296 330 296 311 301 341 293 333 301]]

 [[  4   2   2   2   2   2   2   4   2   2   2   2   2   4   4   2   2
     4   2   2   4   4   2   2   2   2   2   2   2   2   4   4   2   2
     2   4   4   4   2   4   2   2   2   2   2   4   2   2   4   2   2
     2   2   2   2   2   2   2   2   2   2]
  [268 334 334 336 340 338 356 380 303 315 349 350 372 414 405 311 317
   384 328 373 392 378 319 336 348 386 408 340 309 359 369 378 334 356
   378 370 362 356 318 414 353 330 359 312 329 359 333 333 467 452 312
   343 349 326 358 381 391 396 360 328 370]]]
unstable
 
 err: 
done running mariposa 15.8
Bisecting: 1254 revisions left to test after this (roughly 10 steps)
[d1a5635b4ad7f8632356b380f3a9b1fc83fdb04f] better model based lemmaas
running python3 /home/yizhou7/mariposa/scripts/z3-bisect.py /home/yizhou7/mariposa/data/bisect_tasks/d_fvbkv_z3_clean--lib-Buckets-BucketsLib.i.dfy.Impl__BucketsLib.__default.SortedSeqOfKeyValueHasKey.txt
building z3
Bisecting: 1254 revisions left to test after this (roughly 10 steps)
[0a86bd14f792ef5fadb8eeb346729a612f7e1588] start on test nla
running python3 /home/yizhou7/mariposa/scripts/z3-bisect.py /home/yizhou7/mariposa/data/bisect_tasks/d_fvbkv_z3_clean--lib-Buckets-BucketsLib.i.dfy.Impl__BucketsLib.__default.SortedSeqOfKeyValueHasKey.txt
building z3
Bisecting: 1254 revisions left to test after this (roughly 10 steps)
[f7747d9e76bd685a02ce5c5fbda91fc356856b5e] fix parameter collection for tactic-based solvers reported in #3065
running python3 /home/yizhou7/mariposa/scripts/z3-bisect.py /home/yizhou7/mariposa/data/bisect_tasks/d_fvbkv_z3_clean--lib-Buckets-BucketsLib.i.dfy.Impl__BucketsLib.__default.SortedSeqOfKeyValueHasKey.txt
building z3
done building z3 3.4
running mariposa
res: 1 
 out: [[[  4   4   4   4   4   4   4   4   4   4   4   4   4   4   4   4   4
     4   4   4   4   4   4   4   4   4   4   4   4   4   4   4   4   4
     4   4   4   4   4   4   4   4   4   4   4   4   4   4   4   4   4
     4   4   4   4   4   4   4   4   4   4]
  [277 314 348 338 350 323 334 340 328 309 339 344 302 355 308 330 375
   319 299 323 329 316 308 327 317 346 328 351 314 310 324 366 399 319
   393 303 327 322 330 339 331 364 316 345 327 343 348 342 341 345 333
   327 320 336 360 367 321 308 319 310 310]]

 [[  4   2   2   2   2   4   4   4   2   2   2   4   2   2   2   2   2
     2   2   2   2   2   2   4   2   2   2   2   2   2   2   4   4   4
     2   2   2   2   2   2   2   4   4   2   2   2   2   2   2   4   2
     2   2   2   2   2   2   2   2   2   2]
  [277 321 275 333 289 320 334 355 322 299 295 323 290 312 295 314 296
   309 295 295 299 316 302 336 368 277 317 295 302 311 322 336 341 319
   338 363 317 294 325 348 293 332 327 301 304 302 292 308 292 355 301
   299 293 320 299 323 327 310 315 349 296]]

 [[  4   2   2   2   2   2   2   4   2   2   2   2   2   4   4   2   2
     2   4   2   4   4   2   2   2   2   2   2   2   2   4   4   2   2
     4   2   4   2   4   2   4   2   2   2   4   2   2   2   2   4   2
     2   2   2   2   2   2   2   2   2   2]
  [277 323 325 355 349 348 345 412 300 335 319 355 356 451 377 314 370
   370 376 351 379 369 326 324 339 355 401 333 324 333 378 388 345 372
   351 386 381 335 403 318 403 326 365 303 368 375 352 327 373 413 304
   349 344 374 331 386 410 389 378 346 334]]]
unstable
 
 err: 
done running mariposa 15.8
Bisecting: 1034 revisions left to test after this (roughly 10 steps)
[0644194fc96a853df44c37f9e4522796aa40add8] work on lemma from product to factors, and some renaming
running python3 /home/yizhou7/mariposa/scripts/z3-bisect.py /home/yizhou7/mariposa/data/bisect_tasks/d_fvbkv_z3_clean--lib-Buckets-BucketsLib.i.dfy.Impl__BucketsLib.__default.SortedSeqOfKeyValueHasKey.txt
building z3
Bisecting: 1034 revisions left to test after this (roughly 10 steps)
[0321312c8db1d3f0edbd23e6e48884fbb7d77d1d] Changed to get_const_interp to match Java and C# bindings
running python3 /home/yizhou7/mariposa/scripts/z3-bisect.py /home/yizhou7/mariposa/data/bisect_tasks/d_fvbkv_z3_clean--lib-Buckets-BucketsLib.i.dfy.Impl__BucketsLib.__default.SortedSeqOfKeyValueHasKey.txt
building z3
done building z3 3.4
running mariposa
res: 0 
 out: [[[  2   2   2   2   2   2   2   2   2   2   2   2   2   2   2   2   2
     2   2   2   2   2   2   2   2   2   2   2   2   2   2   2   2   2
     2   2   2   2   2   2   2   2   2   2   2   2   2   2   2   2   2
     2   2   2   2   2   2   2   2   2   2]
  [265 308 313 285 293 295 322 321 299 331 271 331 302 313 280 353 327
   319 294 316 271 323 332 331 398 293 347 319 316 301 328 332 295 301
   298 284 337 289 332 333 317 274 291 314 330 311 316 290 300 299 274
   313 294 329 315 328 295 334 273 288 262]]

 [[  2   2   2   2   2   2   2   2   2   2   2   2   2   2   2   2   2
     2   2   2   2   2   2   2   2   2   2   2   2   2   2   2   2   2
     2   2   2   2   2   2   2   2   2   2   2   2   2   2   2   2   2
     2   2   2   2   2   2   2   2   2   2]
  [265 282 305 302 281 276 290 313 275 310 315 284 282 276 277 286 278
   291 276 307 280 281 285 308 268 305 283 275 278 285 295 319 292 290
   294 281 306 305 307 310 298 329 321 315 312 288 286 308 289 290 284
   293 316 284 305 312 281 282 317 278 300]]

 [[  2   2   2   2   2   2   2   2   2   2   2   2   2   2   2   2   2
     2   2   2   2   2   2   2   2   2   2   2   2   2   2   2   2   2
     2   2   2   2   2   2   2   2   2   2   2   2   2   2   2   2   2
     2   2   2   2   2   2   2   2   2   2]
  [265 317 304 328 317 321 297 358 316 288 325 288 318 351 328 291 299
   305 320 322 309 328 320 316 304 330 327 333 299 309 324 329 284 328
   302 333 296 291 332 347 346 302 374 314 300 307 279 321 364 320 280
   282 309 335 329 310 348 292 301 308 306]]]
stable
 
 err: 
done running mariposa 15.2
Bisecting: 771 revisions left to test after this (roughly 10 steps)
[c9e989ae853667faaa04c98e128e48130e05b07f] fix build of lp_tst
running python3 /home/yizhou7/mariposa/scripts/z3-bisect.py /home/yizhou7/mariposa/data/bisect_tasks/d_fvbkv_z3_clean--lib-Buckets-BucketsLib.i.dfy.Impl__BucketsLib.__default.SortedSeqOfKeyValueHasKey.txt
building z3
Bisecting: 771 revisions left to test after this (roughly 10 steps)
[73662ad60d26755b7cd4c65c88766298125ee6a5] fix #3016
running python3 /home/yizhou7/mariposa/scripts/z3-bisect.py /home/yizhou7/mariposa/data/bisect_tasks/d_fvbkv_z3_clean--lib-Buckets-BucketsLib.i.dfy.Impl__BucketsLib.__default.SortedSeqOfKeyValueHasKey.txt
building z3
done building z3 3.4
running mariposa
res: 1 
 out: [[[  4   4   4   4   4   4   4   4   4   4   4   4   4   4   4   4   4
     4   4   4   4   4   4   4   4   4   4   4   4   4   4   4   4   4
     4   4   4   4   4   4   4   4   4   4   4   4   4   4   4   4   4
     4   4   4   4   4   4   4   4   4   4]
  [276 312 357 331 332 386 329 318 325 324 320 318 346 328 310 366 321
   303 324 342 303 358 343 343 305 332 340 324 322 321 323 318 347 321
   351 316 319 340 347 321 352 379 343 329 343 318 331 312 333 368 311
   338 328 316 337 340 348 304 305 306 301]]

 [[  4   2   2   2   2   4   4   4   2   2   2   4   2   2   2   2   2
     2   2   2   2   2   2   2   4   2   2   2   2   2   2   4   4   4
     2   2   2   2   2   2   4   2   2   4   2   2   2   2   4   2   2
     2   2   2   2   2   2   2   2   2   2]
  [276 315 301 327 292 328 326 354 305 308 294 306 293 292 334 294 295
   313 297 292 302 298 336 313 331 277 293 293 308 290 326 337 325 311
   330 388 299 324 358 348 330 296 290 359 300 319 297 312 334 310 316
   335 331 295 300 300 312 299 318 301 296]]

 [[  4   2   2   2   2   2   2   4   2   2   2   2   2   4   4   2   2
     4   2   2   4   4   2   2   2   2   2   2   2   2   4   2   4   2
     4   2   4   2   2   2   4   2   4   2   2   4   2   2   4   2   2
     2   2   2   2   2   2   2   2   2   2]
  [276 347 331 327 352 333 334 389 301 337 334 342 347 418 404 319 324
   378 348 389 388 372 344 323 373 403 325 407 338 350 393 337 353 382
   389 365 365 326 325 337 431 347 416 307 350 339 340 329 406 395 322
   362 371 373 380 372 361 410 335 329 375]]]
unstable
 
 err: 
done running mariposa 15.8
Bisecting: 685 revisions left to test after this (roughly 10 steps)
[403743cb30a07a99ef035f647993229b2960d9d6] switch to constraint based sign lemma
running python3 /home/yizhou7/mariposa/scripts/z3-bisect.py /home/yizhou7/mariposa/data/bisect_tasks/d_fvbkv_z3_clean--lib-Buckets-BucketsLib.i.dfy.Impl__BucketsLib.__default.SortedSeqOfKeyValueHasKey.txt
building z3
Bisecting: 685 revisions left to test after this (roughly 10 steps)
[130995a3db793cefb402d85431fa66b0fa8165ab] print terms as monomials
running python3 /home/yizhou7/mariposa/scripts/z3-bisect.py /home/yizhou7/mariposa/data/bisect_tasks/d_fvbkv_z3_clean--lib-Buckets-BucketsLib.i.dfy.Impl__BucketsLib.__default.SortedSeqOfKeyValueHasKey.txt
building z3
Bisecting: 685 revisions left to test after this (roughly 10 steps)
[bfc30440ac040d58fa05d76612fd766f512c0c5a] update nightly
running python3 /home/yizhou7/mariposa/scripts/z3-bisect.py /home/yizhou7/mariposa/data/bisect_tasks/d_fvbkv_z3_clean--lib-Buckets-BucketsLib.i.dfy.Impl__BucketsLib.__default.SortedSeqOfKeyValueHasKey.txt
building z3
done building z3 3.4
running mariposa
res: 0 
 out: [[[  2   2   2   2   2   2   2   2   2   2   2   2   2   2   2   2   2
     2   2   2   2   2   2   2   2   2   2   2   2   2   2   2   2   2
     2   2   2   2   2   2   2   2   2   2   2   2   2   2   2   2   2
     2   2   2   2   2   2   2   2   2   2]
  [264 295 311 314 293 296 349 332 299 301 272 313 273 341 314 292 332
   269 305 305 292 302 305 332 340 292 348 328 299 300 311 315 284 313
   303 288 288 288 319 306 316 280 324 312 296 337 339 293 290 272 338
   294 321 300 335 307 297 295 285 266 277]]

 [[  2   2   2   2   2   2   2   2   2   2   2   2   2   2   2   2   2
     2   2   2   2   2   2   2   2   2   2   2   2   2   2   2   2   2
     2   2   2   2   2   2   2   2   2   2   2   2   2   2   2   2   2
     2   2   2   2   2   2   2   2   2   2]
  [264 289 300 290 280 275 276 347 274 329 285 281 286 292 276 343 277
   319 279 281 281 327 266 311 313 286 285 287 282 307 305 321 293 292
   267 296 287 346 294 300 298 278 298 287 283 310 287 261 280 337 304
   295 278 283 283 278 284 315 276 320 277]]

 [[  2   2   2   2   2   2   2   2   2   2   2   2   2   2   2   2   2
     2   2   2   2   2   2   2   2   2   2   2   2   2   2   2   2   2
     2   2   2   2   2   2   2   2   2   2   2   2   2   2   2   2   2
     2   2   2   2   2   2   2   2   2   2]
  [264 288 293 310 353 348 344 391 313 343 294 312 320 313 305 328 314
   344 287 313 359 349 299 312 328 333 319 316 334 288 306 294 350 354
   288 303 338 292 329 350 354 343 323 343 315 305 314 282 321 356 317
   347 315 304 309 330 306 289 301 318 334]]]
stable
 
 err: 
done running mariposa 15.2
Bisecting: 644 revisions left to test after this (roughly 9 steps)
[754656212d592947af3994df09d668aeca2000b7] allow more sign lemmas
running python3 /home/yizhou7/mariposa/scripts/z3-bisect.py /home/yizhou7/mariposa/data/bisect_tasks/d_fvbkv_z3_clean--lib-Buckets-BucketsLib.i.dfy.Impl__BucketsLib.__default.SortedSeqOfKeyValueHasKey.txt
building z3
Bisecting: 644 revisions left to test after this (roughly 9 steps)
[4a94abe7d7f3996cbdfac69e08836b3233f8efce] Update nightly.yaml
running python3 /home/yizhou7/mariposa/scripts/z3-bisect.py /home/yizhou7/mariposa/data/bisect_tasks/d_fvbkv_z3_clean--lib-Buckets-BucketsLib.i.dfy.Impl__BucketsLib.__default.SortedSeqOfKeyValueHasKey.txt
building z3
done building z3 3.4
running mariposa
res: 0 
 out: [[[  2   2   2   2   2   2   2   2   2   2   2   2   2   2   2   2   2
     2   2   2   2   2   2   2   2   2   2   2   2   2   2   2   2   2
     2   2   2   2   2   2   2   2   2   2   2   2   2   2   2   2   2
     2   2   2   2   2   2   2   2   2   2]
  [271 298 313 308 318 300 317 316 322 357 299 274 304 318 278 309 368
   300 303 318 309 303 333 297 329 303 313 325 295 300 331 296 339 308
   304 282 321 290 310 338 362 275 334 317 349 301 316 296 294 301 295
   290 279 334 333 325 336 288 296 291 284]]

 [[  2   2   2   2   2   2   2   2   2   2   2   2   2   2   2   2   2
     2   2   2   2   2   2   2   2   2   2   2   2   2   2   2   2   2
     2   2   2   2   2   2   2   2   2   2   2   2   2   2   2   2   2
     2   2   2   2   2   2   2   2   2   2]
  [271 292 278 305 283 277 280 336 286 302 284 287 278 296 303 315 275
   278 301 279 291 301 265 334 287 289 279 288 304 321 286 312 296 261
   296 281 326 307 295 300 297 300 296 312 286 296 289 263 283 311 297
   286 280 283 281 282 329 293 281 324 297]]

 [[  2   2   2   2   2   2   2   2   2   2   2   2   2   2   2   2   2
     2   2   2   2   2   2   2   2   2   2   2   2   2   2   2   2   2
     2   2   2   2   2   2   2   2   2   2   2   2   2   2   2   2   2
     2   2   2   2   2   2   2   2   2   2]
  [271 286 311 326 313 330 342 351 320 356 290 320 292 321 339 291 320
   301 296 306 335 346 303 306 301 341 333 315 323 288 308 319 286 344
   306 315 310 329 352 346 324 338 317 309 304 285 342 315 328 310 331
   285 313 324 309 307 370 291 301 355 305]]]
stable
 
 err: 
done running mariposa 15.1
Bisecting: 530 revisions left to test after this (roughly 9 steps)
[40cc8c31e5a623136156065c4fe98a1bb43cd514] generate simple_sign_lemma
running python3 /home/yizhou7/mariposa/scripts/z3-bisect.py /home/yizhou7/mariposa/data/bisect_tasks/d_fvbkv_z3_clean--lib-Buckets-BucketsLib.i.dfy.Impl__BucketsLib.__default.SortedSeqOfKeyValueHasKey.txt
building z3
Bisecting: 530 revisions left to test after this (roughly 9 steps)
[2b5e8e965257d234562b9cf32bee580b96588370] change in a comment
running python3 /home/yizhou7/mariposa/scripts/z3-bisect.py /home/yizhou7/mariposa/data/bisect_tasks/d_fvbkv_z3_clean--lib-Buckets-BucketsLib.i.dfy.Impl__BucketsLib.__default.SortedSeqOfKeyValueHasKey.txt
building z3
Bisecting: 530 revisions left to test after this (roughly 9 steps)
[882dd06df93514ae17066688e63104f453f33588] small changes
running python3 /home/yizhou7/mariposa/scripts/z3-bisect.py /home/yizhou7/mariposa/data/bisect_tasks/d_fvbkv_z3_clean--lib-Buckets-BucketsLib.i.dfy.Impl__BucketsLib.__default.SortedSeqOfKeyValueHasKey.txt
building z3
Bisecting: 530 revisions left to test after this (roughly 9 steps)
[33cbd29ed0e0ef9224a79b035617404a1b604b5c] mv util/lp to math/lp
running python3 /home/yizhou7/mariposa/scripts/z3-bisect.py /home/yizhou7/mariposa/data/bisect_tasks/d_fvbkv_z3_clean--lib-Buckets-BucketsLib.i.dfy.Impl__BucketsLib.__default.SortedSeqOfKeyValueHasKey.txt
building z3
Bisecting: 530 revisions left to test after this (roughly 9 steps)
[b43a0e184ce158b4457b2bb989deb686813a53ac] introduce rooted monomial table
running python3 /home/yizhou7/mariposa/scripts/z3-bisect.py /home/yizhou7/mariposa/data/bisect_tasks/d_fvbkv_z3_clean--lib-Buckets-BucketsLib.i.dfy.Impl__BucketsLib.__default.SortedSeqOfKeyValueHasKey.txt
building z3
Bisecting: 530 revisions left to test after this (roughly 9 steps)
[d3bd55d0cfb2cfccf55a57d9c0c4532406a0874c] remove m_mons_to_rehash, fix a bug in emonomials::after_merge_eh(), generate order and tangent lemmas on any monomial
running python3 /home/yizhou7/mariposa/scripts/z3-bisect.py /home/yizhou7/mariposa/data/bisect_tasks/d_fvbkv_z3_clean--lib-Buckets-BucketsLib.i.dfy.Impl__BucketsLib.__default.SortedSeqOfKeyValueHasKey.txt
building z3
Bisecting: 530 revisions left to test after this (roughly 9 steps)
[5e40d64a8272c1d0ef0945751fb76966f5dd36a1] port Grobner
running python3 /home/yizhou7/mariposa/scripts/z3-bisect.py /home/yizhou7/mariposa/data/bisect_tasks/d_fvbkv_z3_clean--lib-Buckets-BucketsLib.i.dfy.Impl__BucketsLib.__default.SortedSeqOfKeyValueHasKey.txt
building z3
Bisecting: 530 revisions left to test after this (roughly 9 steps)
[0146259ea402a8bf3996f1ca0d2d37ed69fddd35] z3str3: fix control flow and return paths in regex model construction
running python3 /home/yizhou7/mariposa/scripts/z3-bisect.py /home/yizhou7/mariposa/data/bisect_tasks/d_fvbkv_z3_clean--lib-Buckets-BucketsLib.i.dfy.Impl__BucketsLib.__default.SortedSeqOfKeyValueHasKey.txt
building z3
done building z3 3.4
running mariposa
res: 1 
 out: [[[  4   4   4   4   4   4   4   4   4   4   4   4   4   4   4   4   4
     4   4   4   4   4   4   4   4   4   4   4   4   4   4   4   4   4
     4   4   4   4   4   4   4   4   4   4   4   4   4   4   4   4   4
     4   4   4   4   4   4   4   4   4   4]
  [275 312 337 347 339 331 335 330 348 324 328 364 320 321 323 327 308
   339 327 340 304 317 302 324 313 339 363 365 328 320 315 321 320 352
   351 304 315 341 357 331 320 323 322 309 355 333 300 377 314 323 314
   329 320 314 342 364 316 304 307 308 302]]

 [[  4   2   2   2   2   4   4   4   2   2   2   4   2   2   2   2   2
     2   2   2   2   2   2   2   4   2   2   2   2   2   2   4   4   4
     2   2   2   2   2   2   4   2   4   2   2   2   2   2   2   4   2
     2   2   2   2   2   2   2   2   2   2]
  [275 322 323 307 311 323 372 344 305 293 297 315 299 304 300 296 296
   288 298 291 314 300 303 313 338 274 329 325 325 292 303 334 344 315
   353 369 338 334 306 348 333 290 359 301 302 304 291 308 290 358 305
   352 294 324 329 298 318 303 298 304 298]]

 [[  4   2   2   2   2   2   2   4   2   2   2   2   2   4   4   2   2
     2   2   4   4   4   2   2   2   2   2   2   2   2   4   4   2   2
     2   4   4   2   4   4   2   2   2   2   4   2   2   2   4   2   2
     2   2   2   2   2   2   2   2   2   2]
  [275 317 358 330 359 363 391 387 298 318 325 364 342 379 456 316 322
   356 330 392 372 370 329 324 390 405 399 322 356 342 367 341 345 349
   428 351 360 317 421 389 344 339 350 335 338 359 346 326 391 419 304
   320 354 385 343 383 386 396 326 352 335]]]
unstable
 
 err: 
done running mariposa 15.7
Bisecting: 523 revisions left to test after this (roughly 9 steps)
[50d3e67e6187cbffd2e4c1df3206633ad0bb5c61] adding commments
running python3 /home/yizhou7/mariposa/scripts/z3-bisect.py /home/yizhou7/mariposa/data/bisect_tasks/d_fvbkv_z3_clean--lib-Buckets-BucketsLib.i.dfy.Impl__BucketsLib.__default.SortedSeqOfKeyValueHasKey.txt
building z3
Bisecting: 523 revisions left to test after this (roughly 9 steps)
[3f9229a6989a405264f8ce4b623a8fefe3843e4f] stop keying monomials by abs values
running python3 /home/yizhou7/mariposa/scripts/z3-bisect.py /home/yizhou7/mariposa/data/bisect_tasks/d_fvbkv_z3_clean--lib-Buckets-BucketsLib.i.dfy.Impl__BucketsLib.__default.SortedSeqOfKeyValueHasKey.txt
building z3
Bisecting: 523 revisions left to test after this (roughly 9 steps)
[ee62f83131c3ead740729aac99ea48de797fdb06] fix #2892
running python3 /home/yizhou7/mariposa/scripts/z3-bisect.py /home/yizhou7/mariposa/data/bisect_tasks/d_fvbkv_z3_clean--lib-Buckets-BucketsLib.i.dfy.Impl__BucketsLib.__default.SortedSeqOfKeyValueHasKey.txt
building z3
done building z3 3.4
running mariposa
res: 0 
 out: [[[  2   2   2   2   2   2   2   2   2   2   2   2   2   2   2   2   2
     2   2   2   2   2   2   2   2   2   2   2   2   2   2   2   2   2
     2   2   2   2   2   2   2   2   2   2   2   2   2   2   2   2   2
     2   2   2   2   2   2   2   2   2   2]
  [259 282 341 291 312 290 335 300 286 284 290 273 348 337 294 269 387
   276 293 293 270 305 323 302 360 285 298 373 306 305 305 320 295 287
   337 276 303 329 304 289 309 266 285 291 301 340 306 304 281 297 267
   308 313 334 309 311 290 289 292 276 259]]

 [[  2   2   2   2   2   2   2   2   2   2   2   2   2   2   2   2   2
     2   2   2   2   2   2   2   2   2   2   2   2   2   2   2   2   2
     2   2   2   2   2   2   2   2   2   2   2   2   2   2   2   2   2
     2   2   2   2   2   2   2   2   2   2]
  [259 261 277 281 275 268 271 308 271 276 303 277 298 269 276 270 302
   294 276 277 275 275 279 258 325 339 287 276 280 277 288 307 324 284
   301 341 315 276 316 334 291 313 303 302 285 277 295 254 277 304 290
   281 274 277 276 277 315 274 273 279 271]]

 [[  2   2   2   2   2   2   2   2   2   2   2   2   2   2   2   2   2
     2   2   2   2   2   2   2   2   2   2   2   2   2   2   2   2   2
     2   2   2   2   2   2   2   2   2   2   2   2   2   2   2   2   2
     2   2   2   2   2   2   2   2   2   2]
  [259 297 329 293 348 311 343 355 327 284 278 313 348 303 354 306 281
   297 307 312 333 336 296 310 299 296 346 309 297 306 324 303 328 295
   301 304 296 331 347 297 344 322 323 318 302 295 311 306 284 341 276
   278 307 327 317 345 316 293 297 298 298]]]
stable
 
 err: 
done running mariposa 15.0
Bisecting: 447 revisions left to test after this (roughly 9 steps)
[5cc3812aa93346ae6fd8fdc263a476b60c680492] fixes in nla_expr comparison and in cross_nested related to common factors
running python3 /home/yizhou7/mariposa/scripts/z3-bisect.py /home/yizhou7/mariposa/data/bisect_tasks/d_fvbkv_z3_clean--lib-Buckets-BucketsLib.i.dfy.Impl__BucketsLib.__default.SortedSeqOfKeyValueHasKey.txt
building z3
Bisecting: 447 revisions left to test after this (roughly 9 steps)
[f84a06b4c5d3028050ef1e7a2fa792453e463a4c] starting the horner heuristic
running python3 /home/yizhou7/mariposa/scripts/z3-bisect.py /home/yizhou7/mariposa/data/bisect_tasks/d_fvbkv_z3_clean--lib-Buckets-BucketsLib.i.dfy.Impl__BucketsLib.__default.SortedSeqOfKeyValueHasKey.txt
building z3
Bisecting: 447 revisions left to test after this (roughly 9 steps)
[b5364b787cb76d002b129489caa73f8fb782a428] set level2var for m_pdd_manager of pdd_grobner
running python3 /home/yizhou7/mariposa/scripts/z3-bisect.py /home/yizhou7/mariposa/data/bisect_tasks/d_fvbkv_z3_clean--lib-Buckets-BucketsLib.i.dfy.Impl__BucketsLib.__default.SortedSeqOfKeyValueHasKey.txt
building z3
Bisecting: 447 revisions left to test after this (roughly 9 steps)
[8d05894db716eae90408037b9dca2d4836f1afdc] cleanup and some changes in TRACE statements
running python3 /home/yizhou7/mariposa/scripts/z3-bisect.py /home/yizhou7/mariposa/data/bisect_tasks/d_fvbkv_z3_clean--lib-Buckets-BucketsLib.i.dfy.Impl__BucketsLib.__default.SortedSeqOfKeyValueHasKey.txt
building z3
Bisecting: 447 revisions left to test after this (roughly 9 steps)
[3441f565b231f3ad0a9db958add658771f95f41d] before changes is basic_sign_lemma
running python3 /home/yizhou7/mariposa/scripts/z3-bisect.py /home/yizhou7/mariposa/data/bisect_tasks/d_fvbkv_z3_clean--lib-Buckets-BucketsLib.i.dfy.Impl__BucketsLib.__default.SortedSeqOfKeyValueHasKey.txt
building z3
Bisecting: 447 revisions left to test after this (roughly 9 steps)
[b9483d0aff074924abf074b4828d58a262c097bc] improve tracing
running python3 /home/yizhou7/mariposa/scripts/z3-bisect.py /home/yizhou7/mariposa/data/bisect_tasks/d_fvbkv_z3_clean--lib-Buckets-BucketsLib.i.dfy.Impl__BucketsLib.__default.SortedSeqOfKeyValueHasKey.txt
building z3
Bisecting: 447 revisions left to test after this (roughly 9 steps)
[d08f8a251218cc04ca6411247e6d0c89df17b195] fix test_basic_lemma_for_mon_zero_from_monomial_to_factors
running python3 /home/yizhou7/mariposa/scripts/z3-bisect.py /home/yizhou7/mariposa/data/bisect_tasks/d_fvbkv_z3_clean--lib-Buckets-BucketsLib.i.dfy.Impl__BucketsLib.__default.SortedSeqOfKeyValueHasKey.txt
building z3
Bisecting: 447 revisions left to test after this (roughly 9 steps)
[bab5c2f0784268036140fea11e99584b912abaa5] add some testing to cross nested expessions
running python3 /home/yizhou7/mariposa/scripts/z3-bisect.py /home/yizhou7/mariposa/data/bisect_tasks/d_fvbkv_z3_clean--lib-Buckets-BucketsLib.i.dfy.Impl__BucketsLib.__default.SortedSeqOfKeyValueHasKey.txt
building z3
Bisecting: 447 revisions left to test after this (roughly 9 steps)
[882b8ee63b37e0f26f7c0aeab01433f19f6b6e81] NB's review
running python3 /home/yizhou7/mariposa/scripts/z3-bisect.py /home/yizhou7/mariposa/data/bisect_tasks/d_fvbkv_z3_clean--lib-Buckets-BucketsLib.i.dfy.Impl__BucketsLib.__default.SortedSeqOfKeyValueHasKey.txt
building z3
Bisecting: 447 revisions left to test after this (roughly 9 steps)
[24d70abfd8dbf15fc29735511d01a02789945ea3] persist
running python3 /home/yizhou7/mariposa/scripts/z3-bisect.py /home/yizhou7/mariposa/data/bisect_tasks/d_fvbkv_z3_clean--lib-Buckets-BucketsLib.i.dfy.Impl__BucketsLib.__default.SortedSeqOfKeyValueHasKey.txt
building z3
Bisecting: 447 revisions left to test after this (roughly 9 steps)
[e6d134b9fa3ead23d052074d390da624b50e924b] a stronger zero lemma when the signs are known
running python3 /home/yizhou7/mariposa/scripts/z3-bisect.py /home/yizhou7/mariposa/data/bisect_tasks/d_fvbkv_z3_clean--lib-Buckets-BucketsLib.i.dfy.Impl__BucketsLib.__default.SortedSeqOfKeyValueHasKey.txt
building z3
Bisecting: 447 revisions left to test after this (roughly 9 steps)
[46f8159926c1edc43985a95831c1fabe4a049ba3] memory management in cross_nested is broken
running python3 /home/yizhou7/mariposa/scripts/z3-bisect.py /home/yizhou7/mariposa/data/bisect_tasks/d_fvbkv_z3_clean--lib-Buckets-BucketsLib.i.dfy.Impl__BucketsLib.__default.SortedSeqOfKeyValueHasKey.txt
building z3
Bisecting: 447 revisions left to test after this (roughly 9 steps)
[f5c8ead995a1b448d8f57011fd80e221a07a4380] port Grobner
running python3 /home/yizhou7/mariposa/scripts/z3-bisect.py /home/yizhou7/mariposa/data/bisect_tasks/d_fvbkv_z3_clean--lib-Buckets-BucketsLib.i.dfy.Impl__BucketsLib.__default.SortedSeqOfKeyValueHasKey.txt
building z3
Bisecting: 447 revisions left to test after this (roughly 9 steps)
[8ed865e447fab4b7aa6d465c3253acb185f124f3] add compare() to nla_expr
running python3 /home/yizhou7/mariposa/scripts/z3-bisect.py /home/yizhou7/mariposa/data/bisect_tasks/d_fvbkv_z3_clean--lib-Buckets-BucketsLib.i.dfy.Impl__BucketsLib.__default.SortedSeqOfKeyValueHasKey.txt
building z3
Bisecting: 447 revisions left to test after this (roughly 9 steps)
[8744d987a3dbd9db8f7bf634922b1688a867d46a] port Grobner: address memory issues
running python3 /home/yizhou7/mariposa/scripts/z3-bisect.py /home/yizhou7/mariposa/data/bisect_tasks/d_fvbkv_z3_clean--lib-Buckets-BucketsLib.i.dfy.Impl__BucketsLib.__default.SortedSeqOfKeyValueHasKey.txt
building z3
Bisecting: 447 revisions left to test after this (roughly 9 steps)
[13715260626946275632bfdb21e025b9f6470f94] fix build break
running python3 /home/yizhou7/mariposa/scripts/z3-bisect.py /home/yizhou7/mariposa/data/bisect_tasks/d_fvbkv_z3_clean--lib-Buckets-BucketsLib.i.dfy.Impl__BucketsLib.__default.SortedSeqOfKeyValueHasKey.txt
building z3
done building z3 3.5
running mariposa
res: 1 
 out: [[[  4   4   4   4   4   4   4   4   4   4   4   4   4   4   4   4   4
     4   4   4   4   4   4   4   4   4   4   4   4   4   4   4   4   4
     4   4   4   4   4   4   4   4   4   4   4   4   4   4   4   4   4
     4   4   4   4   4   4   4   4   4   4]
  [279 310 352 347 333 333 355 316 324 350 348 328 361 319 307 299 324
   306 341 329 332 316 334 323 329 330 348 321 316 325 320 345 357 317
   324 328 324 323 329 327 333 326 315 344 317 322 306 317 381 314 327
   328 328 315 387 335 322 331 319 334 314]]

 [[  4   2   2   2   2   4   4   4   2   2   2   4   2   2   2   2   2
     2   2   2   2   2   2   2   4   2   2   2   2   2   2   4   4   4
     2   2   2   2   2   4   2   2   4   2   2   2   2   2   4   2   2
     2   2   2   2   2   2   2   2   2   2]
  [279 322 323 278 316 325 345 354 291 327 295 303 292 328 302 296 291
   327 306 294 306 318 301 310 336 277 291 297 318 289 304 334 328 314
   352 316 315 294 318 328 366 292 373 331 300 297 291 309 344 300 303
   301 292 294 300 302 296 317 307 315 313]]

 [[  4   2   2   2   2   4   2   2   2   2   2   4   2   2   4   2   4
     2   2   2   4   4   2   2   2   2   2   2   2   2   4   4   2   2
     2   4   4   4   2   4   2   2   2   2   4   2   2   2   2   4   2
     2   2   2   2   2   2   2   2   2   2]
  [279 319 329 331 329 384 369 376 304 313 319 411 358 368 374 319 397
   350 356 332 379 374 323 323 341 368 334 342 448 358 338 375 335 348
   368 370 364 410 317 396 325 326 323 300 339 360 349 371 326 452 325
   352 312 373 369 364 378 391 367 337 343]]]
unstable
 
 err: 
done running mariposa 15.7
Bisecting: 441 revisions left to test after this (roughly 9 steps)
[ca5666cabdda8b90581add3dbaad7c170c12c2fc] add diagnostics for registering vars in lar_solver
running python3 /home/yizhou7/mariposa/scripts/z3-bisect.py /home/yizhou7/mariposa/data/bisect_tasks/d_fvbkv_z3_clean--lib-Buckets-BucketsLib.i.dfy.Impl__BucketsLib.__default.SortedSeqOfKeyValueHasKey.txt
building z3
Bisecting: 441 revisions left to test after this (roughly 9 steps)
[6cd495979d34ddedf5a970d6d9b6415bd831028f] fix the test build
running python3 /home/yizhou7/mariposa/scripts/z3-bisect.py /home/yizhou7/mariposa/data/bisect_tasks/d_fvbkv_z3_clean--lib-Buckets-BucketsLib.i.dfy.Impl__BucketsLib.__default.SortedSeqOfKeyValueHasKey.txt
building z3
Bisecting: 441 revisions left to test after this (roughly 9 steps)
[0e86c567ccce4a1ac0825288c47e7cfe9bf000bb] prepare the mixed case
running python3 /home/yizhou7/mariposa/scripts/z3-bisect.py /home/yizhou7/mariposa/data/bisect_tasks/d_fvbkv_z3_clean--lib-Buckets-BucketsLib.i.dfy.Impl__BucketsLib.__default.SortedSeqOfKeyValueHasKey.txt
building z3
Bisecting: 441 revisions left to test after this (roughly 9 steps)
[81a9edae7ec30dc16755505b6a54be382ef04fcd] simplify more aggressively in horner scheme, imlement is_linear
running python3 /home/yizhou7/mariposa/scripts/z3-bisect.py /home/yizhou7/mariposa/data/bisect_tasks/d_fvbkv_z3_clean--lib-Buckets-BucketsLib.i.dfy.Impl__BucketsLib.__default.SortedSeqOfKeyValueHasKey.txt
building z3
Bisecting: 441 revisions left to test after this (roughly 9 steps)
[254a40535eddf100b956535ffb375d81b9a38c78] call order_lemma_on_ac_and_bd
running python3 /home/yizhou7/mariposa/scripts/z3-bisect.py /home/yizhou7/mariposa/data/bisect_tasks/d_fvbkv_z3_clean--lib-Buckets-BucketsLib.i.dfy.Impl__BucketsLib.__default.SortedSeqOfKeyValueHasKey.txt
building z3
Bisecting: 441 revisions left to test after this (roughly 9 steps)
[9266ab7ed19763f8500033b607d246840b1aebaf] rewrite horner scheme on top of nex_expr as a pointer
running python3 /home/yizhou7/mariposa/scripts/z3-bisect.py /home/yizhou7/mariposa/data/bisect_tasks/d_fvbkv_z3_clean--lib-Buckets-BucketsLib.i.dfy.Impl__BucketsLib.__default.SortedSeqOfKeyValueHasKey.txt
building z3
Bisecting: 441 revisions left to test after this (roughly 9 steps)
[70612fb1092f9dc172bc4e405ac9417e36b82145] more tests and fixes in order lemma
running python3 /home/yizhou7/mariposa/scripts/z3-bisect.py /home/yizhou7/mariposa/data/bisect_tasks/d_fvbkv_z3_clean--lib-Buckets-BucketsLib.i.dfy.Impl__BucketsLib.__default.SortedSeqOfKeyValueHasKey.txt
building z3
Bisecting: 441 revisions left to test after this (roughly 9 steps)
[e46de3bc3d87d97db90232cf8a257327c45642f3] fixes in horner's heuristic
running python3 /home/yizhou7/mariposa/scripts/z3-bisect.py /home/yizhou7/mariposa/data/bisect_tasks/d_fvbkv_z3_clean--lib-Buckets-BucketsLib.i.dfy.Impl__BucketsLib.__default.SortedSeqOfKeyValueHasKey.txt
building z3
Bisecting: 441 revisions left to test after this (roughly 9 steps)
[3192db64a12974c0a623bbc65906a7c525210913] Nikolaj's changes is mk_eq
running python3 /home/yizhou7/mariposa/scripts/z3-bisect.py /home/yizhou7/mariposa/data/bisect_tasks/d_fvbkv_z3_clean--lib-Buckets-BucketsLib.i.dfy.Impl__BucketsLib.__default.SortedSeqOfKeyValueHasKey.txt
building z3
Bisecting: 441 revisions left to test after this (roughly 9 steps)
[82115e69acba3ba68fbdd6e952eced76a3e28eaa] filter rows for horner's scheme earlier
running python3 /home/yizhou7/mariposa/scripts/z3-bisect.py /home/yizhou7/mariposa/data/bisect_tasks/d_fvbkv_z3_clean--lib-Buckets-BucketsLib.i.dfy.Impl__BucketsLib.__default.SortedSeqOfKeyValueHasKey.txt
building z3
Bisecting: 441 revisions left to test after this (roughly 9 steps)
[4f2eb0b4eb43086555ba16f07e0eb73daa4cf59b] remove an unused field
running python3 /home/yizhou7/mariposa/scripts/z3-bisect.py /home/yizhou7/mariposa/data/bisect_tasks/d_fvbkv_z3_clean--lib-Buckets-BucketsLib.i.dfy.Impl__BucketsLib.__default.SortedSeqOfKeyValueHasKey.txt
building z3
Bisecting: 441 revisions left to test after this (roughly 9 steps)
[86a086b698bac936b68ca728665a77ead58b5305] toward horner lemma
running python3 /home/yizhou7/mariposa/scripts/z3-bisect.py /home/yizhou7/mariposa/data/bisect_tasks/d_fvbkv_z3_clean--lib-Buckets-BucketsLib.i.dfy.Impl__BucketsLib.__default.SortedSeqOfKeyValueHasKey.txt
building z3
Bisecting: 441 revisions left to test after this (roughly 9 steps)
[0535e24dd1e710480889ed4af37f9fa898a8af37] consolidate parameters, add comment (#102)
running python3 /home/yizhou7/mariposa/scripts/z3-bisect.py /home/yizhou7/mariposa/data/bisect_tasks/d_fvbkv_z3_clean--lib-Buckets-BucketsLib.i.dfy.Impl__BucketsLib.__default.SortedSeqOfKeyValueHasKey.txt
building z3
Bisecting: 441 revisions left to test after this (roughly 9 steps)
[2181c982e89109e8fd551a77f9a946972786ecf1] progress with horner's heuristic
running python3 /home/yizhou7/mariposa/scripts/z3-bisect.py /home/yizhou7/mariposa/data/bisect_tasks/d_fvbkv_z3_clean--lib-Buckets-BucketsLib.i.dfy.Impl__BucketsLib.__default.SortedSeqOfKeyValueHasKey.txt
building z3
Bisecting: 441 revisions left to test after this (roughly 9 steps)
[d06182d1991d28a06f158b4d11cb55a1c4129cef] split between derived and model based lemma generation
running python3 /home/yizhou7/mariposa/scripts/z3-bisect.py /home/yizhou7/mariposa/data/bisect_tasks/d_fvbkv_z3_clean--lib-Buckets-BucketsLib.i.dfy.Impl__BucketsLib.__default.SortedSeqOfKeyValueHasKey.txt
building z3
Bisecting: 441 revisions left to test after this (roughly 9 steps)
[13a93e24460a0e412a641e4f0138ccaca0244533] debug horner
running python3 /home/yizhou7/mariposa/scripts/z3-bisect.py /home/yizhou7/mariposa/data/bisect_tasks/d_fvbkv_z3_clean--lib-Buckets-BucketsLib.i.dfy.Impl__BucketsLib.__default.SortedSeqOfKeyValueHasKey.txt
building z3
Bisecting: 441 revisions left to test after this (roughly 9 steps)
[63e62ec1bbf80a067d4623c9f63254b15e41cc63] stronger lemmas to avoid branching
running python3 /home/yizhou7/mariposa/scripts/z3-bisect.py /home/yizhou7/mariposa/data/bisect_tasks/d_fvbkv_z3_clean--lib-Buckets-BucketsLib.i.dfy.Impl__BucketsLib.__default.SortedSeqOfKeyValueHasKey.txt
building z3
Bisecting: 441 revisions left to test after this (roughly 9 steps)
[9cba261a9c50d4bb3dce647b8edea76d447a97c1] simplify and order nla_expr
running python3 /home/yizhou7/mariposa/scripts/z3-bisect.py /home/yizhou7/mariposa/data/bisect_tasks/d_fvbkv_z3_clean--lib-Buckets-BucketsLib.i.dfy.Impl__BucketsLib.__default.SortedSeqOfKeyValueHasKey.txt
building z3
Bisecting: 441 revisions left to test after this (roughly 9 steps)
[4a87ca8b924ae7f5cc7e52d1addf432b5ec8e276] remove m_lc field from equation
running python3 /home/yizhou7/mariposa/scripts/z3-bisect.py /home/yizhou7/mariposa/data/bisect_tasks/d_fvbkv_z3_clean--lib-Buckets-BucketsLib.i.dfy.Impl__BucketsLib.__default.SortedSeqOfKeyValueHasKey.txt
building z3
Bisecting: 441 revisions left to test after this (roughly 9 steps)
[92769469df0d6fe7f59dd4186a4e737d5383ce2b] work on horner - does not compile
running python3 /home/yizhou7/mariposa/scripts/z3-bisect.py /home/yizhou7/mariposa/data/bisect_tasks/d_fvbkv_z3_clean--lib-Buckets-BucketsLib.i.dfy.Impl__BucketsLib.__default.SortedSeqOfKeyValueHasKey.txt
building z3
Bisecting: 441 revisions left to test after this (roughly 9 steps)
[1810d7e77d00d63e8d7a6ec1ec2680b2c57deb2f] cleanup mostly, more asserts in tangent lemma
running python3 /home/yizhou7/mariposa/scripts/z3-bisect.py /home/yizhou7/mariposa/data/bisect_tasks/d_fvbkv_z3_clean--lib-Buckets-BucketsLib.i.dfy.Impl__BucketsLib.__default.SortedSeqOfKeyValueHasKey.txt
building z3
Bisecting: 441 revisions left to test after this (roughly 9 steps)
[e2514a2b19088b29a26a5e93183fb7d3a6d76c36] make nla_solver the default
running python3 /home/yizhou7/mariposa/scripts/z3-bisect.py /home/yizhou7/mariposa/data/bisect_tasks/d_fvbkv_z3_clean--lib-Buckets-BucketsLib.i.dfy.Impl__BucketsLib.__default.SortedSeqOfKeyValueHasKey.txt
building z3
done building z3 3.5
running mariposa
res: 1 
 out: [[[  2   2   2   2   2   2   2   2   2   2   2   2   2   2   2   2   2
     2   2   2   2   2   2   2   2   2   2   2   2   2   2   2   2   2
     2   2   2   2   2   2   2   2   2   2   2   2   2   2   2   2   2
     2   2   2   2   2   2   2   2   2   2]
  [240 335 302 315 341 286 286 311 307 296 289 309 285 287 286 286 288
   289 288 285 286 311 288 291 288 318 286 299 287 301 299 288 308 286
   306 288 309 292 301 286 288 285 286 293 362 288 291 285 288 313 315
   309 287 309 298 283 291 299 297 277 269]]

 [[  2   2   4   2   2   2   2   2   2   2   2   2   2   2   2   2   4
     4   2   2   2   2   2   2   4   2   4   2   2   4   2   4   2   2
     4   2   2   2   2   4   4   2   2   2   2   2   2   4   4   4   4
     2   4   4   4   2   2   2   2   2   4]
  [240 316 363 346 312 334 316 354 314 320 324 324 322 318 361 313 324
   317 285 389 321 338 309 327 363 301 331 340 319 356 315 348 314 366
   344 389 333 339 292 342 323 288 340 343 310 305 395 314 324 345 347
   321 388 335 315 306 328 336 348 284 349]]

 [[  2   2   2   2   2   2   2   2   2   2   2   2   2   2   2   2   2
     4   4   2   2   2   2   2   2   2   2   4   2   2   2   2   2   2
     2   2   4   2   2   2   2   2   2   4   2   2   2   2   2   2   2
     2   2   2   2   2   2   2   2   2   2]
  [240 315 310 358 339 388 384 393 309 313 346 310 343 368 417 326 328
   370 328 363 412 370 308 339 321 365 365 393 349 314 312 346 361 359
   395 410 374 321 349 377 342 330 339 383 337 389 380 341 365 415 332
   367 336 326 365 391 399 387 319 422 401]]]
unstable
 
 err: 
done running mariposa 15.7
Bisecting: 438 revisions left to test after this (roughly 9 steps)
[23a825aff8fd8a27f4876c1405b7eeb3dccc27e0] work on horner
running python3 /home/yizhou7/mariposa/scripts/z3-bisect.py /home/yizhou7/mariposa/data/bisect_tasks/d_fvbkv_z3_clean--lib-Buckets-BucketsLib.i.dfy.Impl__BucketsLib.__default.SortedSeqOfKeyValueHasKey.txt
building z3
Bisecting: 438 revisions left to test after this (roughly 9 steps)
[0be5fc5693aff1ecf2cd5a64215aa5522add70c6] revert to a previous state: avoid adding branches for free vars when creating a gomory cut
running python3 /home/yizhou7/mariposa/scripts/z3-bisect.py /home/yizhou7/mariposa/data/bisect_tasks/d_fvbkv_z3_clean--lib-Buckets-BucketsLib.i.dfy.Impl__BucketsLib.__default.SortedSeqOfKeyValueHasKey.txt
building z3
Bisecting: 438 revisions left to test after this (roughly 9 steps)
[7e67e1ce99439570eca62681194c978f0f41844c] fix loop in equiv_monomials (#91)
running python3 /home/yizhou7/mariposa/scripts/z3-bisect.py /home/yizhou7/mariposa/data/bisect_tasks/d_fvbkv_z3_clean--lib-Buckets-BucketsLib.i.dfy.Impl__BucketsLib.__default.SortedSeqOfKeyValueHasKey.txt
building z3
Bisecting: 438 revisions left to test after this (roughly 9 steps)
[0e557467d72413980e8d01a2186b170bcba724d1] rename minimal to rooted in nla_solver
running python3 /home/yizhou7/mariposa/scripts/z3-bisect.py /home/yizhou7/mariposa/data/bisect_tasks/d_fvbkv_z3_clean--lib-Buckets-BucketsLib.i.dfy.Impl__BucketsLib.__default.SortedSeqOfKeyValueHasKey.txt
building z3
Bisecting: 438 revisions left to test after this (roughly 9 steps)
[9f8f6dee9ea75597306e77a167b4db7ebe5caa4c] fix mk_div
running python3 /home/yizhou7/mariposa/scripts/z3-bisect.py /home/yizhou7/mariposa/data/bisect_tasks/d_fvbkv_z3_clean--lib-Buckets-BucketsLib.i.dfy.Impl__BucketsLib.__default.SortedSeqOfKeyValueHasKey.txt
building z3
Bisecting: 438 revisions left to test after this (roughly 9 steps)
[17ed9c39bec9728d3d8e95c930b0eb0f34a36dad] add a comment
running python3 /home/yizhou7/mariposa/scripts/z3-bisect.py /home/yizhou7/mariposa/data/bisect_tasks/d_fvbkv_z3_clean--lib-Buckets-BucketsLib.i.dfy.Impl__BucketsLib.__default.SortedSeqOfKeyValueHasKey.txt
building z3
Bisecting: 438 revisions left to test after this (roughly 9 steps)
[8cdf754990f23d416516913fbbcbaf858d7d6628] debug emons
running python3 /home/yizhou7/mariposa/scripts/z3-bisect.py /home/yizhou7/mariposa/data/bisect_tasks/d_fvbkv_z3_clean--lib-Buckets-BucketsLib.i.dfy.Impl__BucketsLib.__default.SortedSeqOfKeyValueHasKey.txt
building z3
Bisecting: 438 revisions left to test after this (roughly 9 steps)
[615da0e3fbe583883db7459372cf0a3e92bd4876] move remove thread unsafe increment to num_iterations, use num_rounds
running python3 /home/yizhou7/mariposa/scripts/z3-bisect.py /home/yizhou7/mariposa/data/bisect_tasks/d_fvbkv_z3_clean--lib-Buckets-BucketsLib.i.dfy.Impl__BucketsLib.__default.SortedSeqOfKeyValueHasKey.txt
building z3
Bisecting: 438 revisions left to test after this (roughly 9 steps)
[59e838290915291199744d2e854609d7f18a7251] fix ordered lemma
running python3 /home/yizhou7/mariposa/scripts/z3-bisect.py /home/yizhou7/mariposa/data/bisect_tasks/d_fvbkv_z3_clean--lib-Buckets-BucketsLib.i.dfy.Impl__BucketsLib.__default.SortedSeqOfKeyValueHasKey.txt
building z3
Bisecting: 438 revisions left to test after this (roughly 9 steps)
[d4a426faf6187eb989b8b47eaf1e42925ef6683b] generate the basic sign lemma from the model
running python3 /home/yizhou7/mariposa/scripts/z3-bisect.py /home/yizhou7/mariposa/data/bisect_tasks/d_fvbkv_z3_clean--lib-Buckets-BucketsLib.i.dfy.Impl__BucketsLib.__default.SortedSeqOfKeyValueHasKey.txt
building z3
Bisecting: 438 revisions left to test after this (roughly 9 steps)
[375027d19550aadeed4cff9910fe3803510beb7d] fix the factorization sign to be equal to the monomial sign
running python3 /home/yizhou7/mariposa/scripts/z3-bisect.py /home/yizhou7/mariposa/data/bisect_tasks/d_fvbkv_z3_clean--lib-Buckets-BucketsLib.i.dfy.Impl__BucketsLib.__default.SortedSeqOfKeyValueHasKey.txt
building z3
Bisecting: 438 revisions left to test after this (roughly 9 steps)
[1c8f28c2e93f23159b76d0693d04f01a72954a8a] check m.canceled() more often
running python3 /home/yizhou7/mariposa/scripts/z3-bisect.py /home/yizhou7/mariposa/data/bisect_tasks/d_fvbkv_z3_clean--lib-Buckets-BucketsLib.i.dfy.Impl__BucketsLib.__default.SortedSeqOfKeyValueHasKey.txt
building z3
Bisecting: 438 revisions left to test after this (roughly 9 steps)
[58854fa44b59ebef94815c71543ebaab3c4bf28a] use svector for variable occurences, randomize the exploration in cross nested forms
running python3 /home/yizhou7/mariposa/scripts/z3-bisect.py /home/yizhou7/mariposa/data/bisect_tasks/d_fvbkv_z3_clean--lib-Buckets-BucketsLib.i.dfy.Impl__BucketsLib.__default.SortedSeqOfKeyValueHasKey.txt
building z3
Bisecting: 438 revisions left to test after this (roughly 9 steps)
[aefd7eefb6c5e1263977c4afbfd5b74bc5242096] simplify factorization
running python3 /home/yizhou7/mariposa/scripts/z3-bisect.py /home/yizhou7/mariposa/data/bisect_tasks/d_fvbkv_z3_clean--lib-Buckets-BucketsLib.i.dfy.Impl__BucketsLib.__default.SortedSeqOfKeyValueHasKey.txt
building z3
Bisecting: 438 revisions left to test after this (roughly 9 steps)
[9c18ede68724132b148f6c75ea92242f6647aecf] hook up nla_solver it lp bound propagation
running python3 /home/yizhou7/mariposa/scripts/z3-bisect.py /home/yizhou7/mariposa/data/bisect_tasks/d_fvbkv_z3_clean--lib-Buckets-BucketsLib.i.dfy.Impl__BucketsLib.__default.SortedSeqOfKeyValueHasKey.txt
building z3
Bisecting: 438 revisions left to test after this (roughly 9 steps)
[a83425bec60a97321031975e5808c7c4bb434894] clean up a trace statement
running python3 /home/yizhou7/mariposa/scripts/z3-bisect.py /home/yizhou7/mariposa/data/bisect_tasks/d_fvbkv_z3_clean--lib-Buckets-BucketsLib.i.dfy.Impl__BucketsLib.__default.SortedSeqOfKeyValueHasKey.txt
building z3
Bisecting: 438 revisions left to test after this (roughly 9 steps)
[02133bbcc507ac4994178b671d0e0017694e0a70] before getting explanations for monomials upper and low bounds
running python3 /home/yizhou7/mariposa/scripts/z3-bisect.py /home/yizhou7/mariposa/data/bisect_tasks/d_fvbkv_z3_clean--lib-Buckets-BucketsLib.i.dfy.Impl__BucketsLib.__default.SortedSeqOfKeyValueHasKey.txt
building z3
Bisecting: 438 revisions left to test after this (roughly 9 steps)
[c6e5d434b254d0b0bf525a4397b23cec160f51af] create scalars for fixed variables in rows for grobner
running python3 /home/yizhou7/mariposa/scripts/z3-bisect.py /home/yizhou7/mariposa/data/bisect_tasks/d_fvbkv_z3_clean--lib-Buckets-BucketsLib.i.dfy.Impl__BucketsLib.__default.SortedSeqOfKeyValueHasKey.txt
building z3
Bisecting: 438 revisions left to test after this (roughly 9 steps)
[dfe0e85629733d20003cf7aafac45079a653d662] toward fetching existing terms intervals from lar_solver
running python3 /home/yizhou7/mariposa/scripts/z3-bisect.py /home/yizhou7/mariposa/data/bisect_tasks/d_fvbkv_z3_clean--lib-Buckets-BucketsLib.i.dfy.Impl__BucketsLib.__default.SortedSeqOfKeyValueHasKey.txt
building z3
Bisecting: 438 revisions left to test after this (roughly 9 steps)
[610a2837eaf2c9539fb5ff3eb207b69343b3e2d5] rebase with Z3Prover
running python3 /home/yizhou7/mariposa/scripts/z3-bisect.py /home/yizhou7/mariposa/data/bisect_tasks/d_fvbkv_z3_clean--lib-Buckets-BucketsLib.i.dfy.Impl__BucketsLib.__default.SortedSeqOfKeyValueHasKey.txt
building z3
Bisecting: 438 revisions left to test after this (roughly 9 steps)
[ccc9a77a1ff8c59ab529a23d90519ebbc8e43810] Nikolaj's changes related to dependencies on infinite interval bounds
running python3 /home/yizhou7/mariposa/scripts/z3-bisect.py /home/yizhou7/mariposa/data/bisect_tasks/d_fvbkv_z3_clean--lib-Buckets-BucketsLib.i.dfy.Impl__BucketsLib.__default.SortedSeqOfKeyValueHasKey.txt
building z3
Bisecting: 438 revisions left to test after this (roughly 9 steps)
[ceac1dc4f70b48efa06ec58cde37224ee75248d9] clear m_to_refine
running python3 /home/yizhou7/mariposa/scripts/z3-bisect.py /home/yizhou7/mariposa/data/bisect_tasks/d_fvbkv_z3_clean--lib-Buckets-BucketsLib.i.dfy.Impl__BucketsLib.__default.SortedSeqOfKeyValueHasKey.txt
building z3
Bisecting: 438 revisions left to test after this (roughly 9 steps)
[8670e0926906805491c0ef84814f7c0c5af56b99] starting the horner heuristic
running python3 /home/yizhou7/mariposa/scripts/z3-bisect.py /home/yizhou7/mariposa/data/bisect_tasks/d_fvbkv_z3_clean--lib-Buckets-BucketsLib.i.dfy.Impl__BucketsLib.__default.SortedSeqOfKeyValueHasKey.txt
building z3
Bisecting: 438 revisions left to test after this (roughly 9 steps)
[14094bb052acea03f536f446abddc563e4ae5598] code review (#98)
running python3 /home/yizhou7/mariposa/scripts/z3-bisect.py /home/yizhou7/mariposa/data/bisect_tasks/d_fvbkv_z3_clean--lib-Buckets-BucketsLib.i.dfy.Impl__BucketsLib.__default.SortedSeqOfKeyValueHasKey.txt
building z3
Bisecting: 438 revisions left to test after this (roughly 9 steps)
[ba2dbabe21c3ba9579ab07ce049e83e0a9567427] add comments and more efficient code in cross_nested
running python3 /home/yizhou7/mariposa/scripts/z3-bisect.py /home/yizhou7/mariposa/data/bisect_tasks/d_fvbkv_z3_clean--lib-Buckets-BucketsLib.i.dfy.Impl__BucketsLib.__default.SortedSeqOfKeyValueHasKey.txt
building z3
Bisecting: 438 revisions left to test after this (roughly 9 steps)
[bc302285a11183fc28eef7450f608df0a85c9cb6] integrating NB suggestions
running python3 /home/yizhou7/mariposa/scripts/z3-bisect.py /home/yizhou7/mariposa/data/bisect_tasks/d_fvbkv_z3_clean--lib-Buckets-BucketsLib.i.dfy.Impl__BucketsLib.__default.SortedSeqOfKeyValueHasKey.txt
building z3
Bisecting: 438 revisions left to test after this (roughly 9 steps)
[8d808983f58f179bfbd00f6a360c4fa46e0d842a] debug horner
running python3 /home/yizhou7/mariposa/scripts/z3-bisect.py /home/yizhou7/mariposa/data/bisect_tasks/d_fvbkv_z3_clean--lib-Buckets-BucketsLib.i.dfy.Impl__BucketsLib.__default.SortedSeqOfKeyValueHasKey.txt
building z3
Bisecting: 438 revisions left to test after this (roughly 9 steps)
[a7aa099101e49c59247df681464208cd1d434fdd] simplifying Grobner's schema
running python3 /home/yizhou7/mariposa/scripts/z3-bisect.py /home/yizhou7/mariposa/data/bisect_tasks/d_fvbkv_z3_clean--lib-Buckets-BucketsLib.i.dfy.Impl__BucketsLib.__default.SortedSeqOfKeyValueHasKey.txt
building z3
Bisecting: 438 revisions left to test after this (roughly 9 steps)
[00d366e3b82856a43e1d08bd4b4e6ac049541148] work on horner form
running python3 /home/yizhou7/mariposa/scripts/z3-bisect.py /home/yizhou7/mariposa/data/bisect_tasks/d_fvbkv_z3_clean--lib-Buckets-BucketsLib.i.dfy.Impl__BucketsLib.__default.SortedSeqOfKeyValueHasKey.txt
building z3
Bisecting: 438 revisions left to test after this (roughly 9 steps)
[971ae50ba31fdc54b034e20221ac4afa0312f9b7] move m_intervals to nla_core
running python3 /home/yizhou7/mariposa/scripts/z3-bisect.py /home/yizhou7/mariposa/data/bisect_tasks/d_fvbkv_z3_clean--lib-Buckets-BucketsLib.i.dfy.Impl__BucketsLib.__default.SortedSeqOfKeyValueHasKey.txt
building z3
Bisecting: 438 revisions left to test after this (roughly 9 steps)
[ad9ecad73cab634b5349fa144be80f73059de4c4] test horner
running python3 /home/yizhou7/mariposa/scripts/z3-bisect.py /home/yizhou7/mariposa/data/bisect_tasks/d_fvbkv_z3_clean--lib-Buckets-BucketsLib.i.dfy.Impl__BucketsLib.__default.SortedSeqOfKeyValueHasKey.txt
building z3
Bisecting: 438 revisions left to test after this (roughly 9 steps)
[90bda39aeff037f28658435f1ef958244e2557c5] towards full factorizations on a monomial
running python3 /home/yizhou7/mariposa/scripts/z3-bisect.py /home/yizhou7/mariposa/data/bisect_tasks/d_fvbkv_z3_clean--lib-Buckets-BucketsLib.i.dfy.Impl__BucketsLib.__default.SortedSeqOfKeyValueHasKey.txt
building z3
Bisecting: 438 revisions left to test after this (roughly 9 steps)
[053631e005dbbfefe16e0b81e841eff9bfb6a33b] na
running python3 /home/yizhou7/mariposa/scripts/z3-bisect.py /home/yizhou7/mariposa/data/bisect_tasks/d_fvbkv_z3_clean--lib-Buckets-BucketsLib.i.dfy.Impl__BucketsLib.__default.SortedSeqOfKeyValueHasKey.txt
building z3
done building z3 3.5
running mariposa
res: 1 
 out: [[[  4   4   4   4   4   4   4   4   4   4   4   4   4   4   4   4   4
     4   4   4   4   4   4   4   4   4   4   4   4   4   4   4   4   4
     4   4   4   4   4   4   4   4   4   4   4   4   4   4   4   4   4
     4   4   4   4   4   4   4   4   4   4]
  [279 323 333 375 345 327 321 374 341 325 344 319 388 315 361 375 317
   310 326 332 313 305 359 324 309 330 377 323 315 345 302 317 323 352
   343 307 322 319 330 381 313 394 358 333 319 299 316 360 316 317 326
   336 321 310 343 343 318 326 315 292 285]]

 [[  4   2   2   2   2   4   4   4   2   2   2   4   2   2   2   2   2
     2   2   2   2   2   2   2   4   2   2   2   2   2   2   4   4   4
     2   2   2   2   2   2   4   2   4   2   2   2   2   2   4   2   2
     2   2   2   2   2   2   2   2   2   2]
  [279 321 355 277 289 323 335 354 348 311 327 302 292 291 327 324 295
   322 296 298 313 297 302 314 356 277 339 297 333 294 301 337 348 313
   335 307 297 315 302 349 328 292 325 309 339 303 292 315 336 303 321
   324 344 294 302 298 311 329 309 313 323]]

 [[  4   2   2   2   2   2   2   4   2   2   2   2   2   4   4   2   2
     4   2   2   4   4   2   2   2   2   2   2   2   2   4   4   2   2
     2   4   4   4   4   2   2   2   2   2   2   2   4   4   2   2   2
     2   2   2   2   2   2   2   2   2   2]
  [279 330 350 334 362 329 357 402 332 323 339 323 345 412 433 321 353
   398 360 342 388 371 343 324 335 367 372 336 343 333 371 385 351 338
   366 386 363 415 402 316 344 340 326 367 344 332 398 365 330 391 304
   306 376 365 361 374 491 412 352 346 354]]]
unstable
 
 err: 
done running mariposa 15.9
Bisecting: 432 revisions left to test after this (roughly 9 steps)
[ef3ad55e0cf3d358f8f33c1ba7aaf56f7da286a3] full exploration in horner
running python3 /home/yizhou7/mariposa/scripts/z3-bisect.py /home/yizhou7/mariposa/data/bisect_tasks/d_fvbkv_z3_clean--lib-Buckets-BucketsLib.i.dfy.Impl__BucketsLib.__default.SortedSeqOfKeyValueHasKey.txt
building z3
Bisecting: 432 revisions left to test after this (roughly 9 steps)
[7386b7d68ddda9a29753367bc8fd60ffe784a83e] start porting grobner basis functionality
running python3 /home/yizhou7/mariposa/scripts/z3-bisect.py /home/yizhou7/mariposa/data/bisect_tasks/d_fvbkv_z3_clean--lib-Buckets-BucketsLib.i.dfy.Impl__BucketsLib.__default.SortedSeqOfKeyValueHasKey.txt
building z3
Bisecting: 432 revisions left to test after this (roughly 9 steps)
[36587e4e9132496af02ad996b1d14dc1d39c9c08] add a test for basic sign lemma
running python3 /home/yizhou7/mariposa/scripts/z3-bisect.py /home/yizhou7/mariposa/data/bisect_tasks/d_fvbkv_z3_clean--lib-Buckets-BucketsLib.i.dfy.Impl__BucketsLib.__default.SortedSeqOfKeyValueHasKey.txt
building z3
Bisecting: 432 revisions left to test after this (roughly 9 steps)
[6f40ee2f9473eb5b28190c9c487a83b7815eb76e] fix the test build
running python3 /home/yizhou7/mariposa/scripts/z3-bisect.py /home/yizhou7/mariposa/data/bisect_tasks/d_fvbkv_z3_clean--lib-Buckets-BucketsLib.i.dfy.Impl__BucketsLib.__default.SortedSeqOfKeyValueHasKey.txt
building z3
Bisecting: 432 revisions left to test after this (roughly 9 steps)
[1d51c5689ef9c0e5c7789a18e7dbe5ecfa9a7260] roll back add_var api
running python3 /home/yizhou7/mariposa/scripts/z3-bisect.py /home/yizhou7/mariposa/data/bisect_tasks/d_fvbkv_z3_clean--lib-Buckets-BucketsLib.i.dfy.Impl__BucketsLib.__default.SortedSeqOfKeyValueHasKey.txt
building z3
Bisecting: 432 revisions left to test after this (roughly 9 steps)
[eb5b9557ed6ccfa325ccc6e462e818ffcc73c07e] optimize horner scheme
running python3 /home/yizhou7/mariposa/scripts/z3-bisect.py /home/yizhou7/mariposa/data/bisect_tasks/d_fvbkv_z3_clean--lib-Buckets-BucketsLib.i.dfy.Impl__BucketsLib.__default.SortedSeqOfKeyValueHasKey.txt
building z3
Bisecting: 432 revisions left to test after this (roughly 9 steps)
[7e03e900b85fe4a7accb597ce14767268836523e] reimplement lemmas on rooted monomials
running python3 /home/yizhou7/mariposa/scripts/z3-bisect.py /home/yizhou7/mariposa/data/bisect_tasks/d_fvbkv_z3_clean--lib-Buckets-BucketsLib.i.dfy.Impl__BucketsLib.__default.SortedSeqOfKeyValueHasKey.txt
building z3
Bisecting: 432 revisions left to test after this (roughly 9 steps)
[a7449494a9be1cc8cfcaa296c3aa853138d00ff1] rewrite horner scheme on top of nex_expr as a pointer
running python3 /home/yizhou7/mariposa/scripts/z3-bisect.py /home/yizhou7/mariposa/data/bisect_tasks/d_fvbkv_z3_clean--lib-Buckets-BucketsLib.i.dfy.Impl__BucketsLib.__default.SortedSeqOfKeyValueHasKey.txt
building z3
Bisecting: 432 revisions left to test after this (roughly 9 steps)
[7775afdcc392c4bfc30de234b62166576ade781f] order lemma
running python3 /home/yizhou7/mariposa/scripts/z3-bisect.py /home/yizhou7/mariposa/data/bisect_tasks/d_fvbkv_z3_clean--lib-Buckets-BucketsLib.i.dfy.Impl__BucketsLib.__default.SortedSeqOfKeyValueHasKey.txt
building z3
Bisecting: 432 revisions left to test after this (roughly 9 steps)
[a4ad71bf3338c91fbf9df1ce180e5dc064e4a27c] hook up nla_intervals
running python3 /home/yizhou7/mariposa/scripts/z3-bisect.py /home/yizhou7/mariposa/data/bisect_tasks/d_fvbkv_z3_clean--lib-Buckets-BucketsLib.i.dfy.Impl__BucketsLib.__default.SortedSeqOfKeyValueHasKey.txt
building z3
Bisecting: 432 revisions left to test after this (roughly 9 steps)
[0ff07aed3ff54ccda473360c2cbf3a70f52c9e36] add equivalence explanations
running python3 /home/yizhou7/mariposa/scripts/z3-bisect.py /home/yizhou7/mariposa/data/bisect_tasks/d_fvbkv_z3_clean--lib-Buckets-BucketsLib.i.dfy.Impl__BucketsLib.__default.SortedSeqOfKeyValueHasKey.txt
building z3
Bisecting: 432 revisions left to test after this (roughly 9 steps)
[f0cebd69fcd76a669cc5816195511b8f7ed8375f] get bounds from interval multiplication
running python3 /home/yizhou7/mariposa/scripts/z3-bisect.py /home/yizhou7/mariposa/data/bisect_tasks/d_fvbkv_z3_clean--lib-Buckets-BucketsLib.i.dfy.Impl__BucketsLib.__default.SortedSeqOfKeyValueHasKey.txt
building z3
Bisecting: 432 revisions left to test after this (roughly 9 steps)
[1dbffe7367ac142b9e162a9a8d361eecfbc23f0e] limit expr.size() in grobner by 20
running python3 /home/yizhou7/mariposa/scripts/z3-bisect.py /home/yizhou7/mariposa/data/bisect_tasks/d_fvbkv_z3_clean--lib-Buckets-BucketsLib.i.dfy.Impl__BucketsLib.__default.SortedSeqOfKeyValueHasKey.txt
building z3
Bisecting: 432 revisions left to test after this (roughly 9 steps)
[c605c5e5f6c70d1595ad5780cffb8dddda4ae71d] fix in nla_exp operator/
running python3 /home/yizhou7/mariposa/scripts/z3-bisect.py /home/yizhou7/mariposa/data/bisect_tasks/d_fvbkv_z3_clean--lib-Buckets-BucketsLib.i.dfy.Impl__BucketsLib.__default.SortedSeqOfKeyValueHasKey.txt
building z3
Bisecting: 432 revisions left to test after this (roughly 9 steps)
[f17c3c3b12d062aa919c44a184a787adf9eb62c2] fix ubuntu's build
running python3 /home/yizhou7/mariposa/scripts/z3-bisect.py /home/yizhou7/mariposa/data/bisect_tasks/d_fvbkv_z3_clean--lib-Buckets-BucketsLib.i.dfy.Impl__BucketsLib.__default.SortedSeqOfKeyValueHasKey.txt
building z3
Bisecting: 432 revisions left to test after this (roughly 9 steps)
[faf39259b293c56b8b8f15b3cf2b04df44ee94b5] randomize m_to_refine() init
running python3 /home/yizhou7/mariposa/scripts/z3-bisect.py /home/yizhou7/mariposa/data/bisect_tasks/d_fvbkv_z3_clean--lib-Buckets-BucketsLib.i.dfy.Impl__BucketsLib.__default.SortedSeqOfKeyValueHasKey.txt
building z3
Bisecting: 432 revisions left to test after this (roughly 9 steps)
[617e1387f4918790a7ea545bfd5d3be088fe6b39] integrating NB suggestions
running python3 /home/yizhou7/mariposa/scripts/z3-bisect.py /home/yizhou7/mariposa/data/bisect_tasks/d_fvbkv_z3_clean--lib-Buckets-BucketsLib.i.dfy.Impl__BucketsLib.__default.SortedSeqOfKeyValueHasKey.txt
building z3
Bisecting: 432 revisions left to test after this (roughly 9 steps)
[0b86a282e494d8a15c2f1996fdb8d15fff1955b6] work on horner form
running python3 /home/yizhou7/mariposa/scripts/z3-bisect.py /home/yizhou7/mariposa/data/bisect_tasks/d_fvbkv_z3_clean--lib-Buckets-BucketsLib.i.dfy.Impl__BucketsLib.__default.SortedSeqOfKeyValueHasKey.txt
building z3
Bisecting: 432 revisions left to test after this (roughly 9 steps)
[228ef4862874a63eac15c758f72428108c89696a] more derived lemmas
running python3 /home/yizhou7/mariposa/scripts/z3-bisect.py /home/yizhou7/mariposa/data/bisect_tasks/d_fvbkv_z3_clean--lib-Buckets-BucketsLib.i.dfy.Impl__BucketsLib.__default.SortedSeqOfKeyValueHasKey.txt
building z3
Bisecting: 432 revisions left to test after this (roughly 9 steps)
[7f9d57e6faa3d712a6a72639d5b3510b885255ee] fix out of memory problem
running python3 /home/yizhou7/mariposa/scripts/z3-bisect.py /home/yizhou7/mariposa/data/bisect_tasks/d_fvbkv_z3_clean--lib-Buckets-BucketsLib.i.dfy.Impl__BucketsLib.__default.SortedSeqOfKeyValueHasKey.txt
building z3
Bisecting: 432 revisions left to test after this (roughly 9 steps)
[809647ec2f59f3ad27fa340426cbae38ee2474bc] port Grobner: generate lemmas
running python3 /home/yizhou7/mariposa/scripts/z3-bisect.py /home/yizhou7/mariposa/data/bisect_tasks/d_fvbkv_z3_clean--lib-Buckets-BucketsLib.i.dfy.Impl__BucketsLib.__default.SortedSeqOfKeyValueHasKey.txt
building z3
Bisecting: 432 revisions left to test after this (roughly 9 steps)
[35fad929927e6bb12e8072a1a9db32961a5d1686] work on horner
running python3 /home/yizhou7/mariposa/scripts/z3-bisect.py /home/yizhou7/mariposa/data/bisect_tasks/d_fvbkv_z3_clean--lib-Buckets-BucketsLib.i.dfy.Impl__BucketsLib.__default.SortedSeqOfKeyValueHasKey.txt
building z3
Bisecting: 432 revisions left to test after this (roughly 9 steps)
[dd235be4d2a316b7cfbec8f06a918cefe7cea592] add randomness when generating model based sign lemma
running python3 /home/yizhou7/mariposa/scripts/z3-bisect.py /home/yizhou7/mariposa/data/bisect_tasks/d_fvbkv_z3_clean--lib-Buckets-BucketsLib.i.dfy.Impl__BucketsLib.__default.SortedSeqOfKeyValueHasKey.txt
building z3
Bisecting: 432 revisions left to test after this (roughly 9 steps)
[2512a958b9f6e3ecc53306e0d0b0c0f18c0bc212] fix build of test
running python3 /home/yizhou7/mariposa/scripts/z3-bisect.py /home/yizhou7/mariposa/data/bisect_tasks/d_fvbkv_z3_clean--lib-Buckets-BucketsLib.i.dfy.Impl__BucketsLib.__default.SortedSeqOfKeyValueHasKey.txt
building z3
done building z3 3.5
running mariposa
res: 1 
 out: [[[  4   4   4   4   4   4   4   4   4   4   4   4   4   4   4   4   4
     4   4   4   4   4   4   4   4   4   4   4   4   4   4   4   4   4
     4   4   4   4   4   4   4   4   4   4   4   4   4   4   4   4   4
     4   4   4   4   4   4   4   4   4   4]
  [277 312 344 356 327 355 341 319 344 342 308 299 346 337 330 327 320
   319 328 324 303 332 323 324 304 324 364 344 318 326 329 319 343 346
   329 314 327 315 363 351 313 324 326 314 336 337 299 329 310 351 312
   303 327 337 337 354 344 312 308 302 294]]

 [[  4   2   2   2   2   4   4   4   2   2   2   4   2   2   2   2   2
     2   2   2   2   2   2   2   4   2   2   2   2   2   2   4   4   4
     2   2   2   2   2   2   4   2   2   4   2   2   2   2   2   4   2
     2   2   2   2   2   2   2   2   2   2]
  [277 296 276 355 292 323 323 356 328 292 323 308 293 290 292 298 329
   277 297 294 292 318 313 332 337 277 292 294 332 309 307 334 337 317
   350 316 297 327 301 348 329 293 279 367 303 351 292 308 290 336 309
   298 332 293 321 299 298 329 298 303 317]]

 [[  4   2   2   2   2   2   2   4   2   2   2   2   2   4   4   2   2
     4   2   2   4   4   2   2   2   2   2   2   2   2   4   2   4   2
     2   4   4   2   4   2   4   2   2   2   4   2   2   2   2   4   2
     2   2   2   2   2   2   2   2   2   2]
  [277 318 325 349 386 389 378 397 301 316 325 338 380 439 401 318 321
   402 355 321 370 385 343 323 352 385 377 320 379 332 390 349 361 372
   379 373 391 349 392 342 464 330 322 302 334 368 337 340 385 416 307
   377 315 434 375 368 407 395 354 328 358]]]
unstable
 
 err: 
done running mariposa 15.9
Bisecting: 430 revisions left to test after this (roughly 9 steps)
[e16d8118ace893334c7211ada02f9b80796fb54c] going over niil_solver (#79)
running python3 /home/yizhou7/mariposa/scripts/z3-bisect.py /home/yizhou7/mariposa/data/bisect_tasks/d_fvbkv_z3_clean--lib-Buckets-BucketsLib.i.dfy.Impl__BucketsLib.__default.SortedSeqOfKeyValueHasKey.txt
building z3
Bisecting: 430 revisions left to test after this (roughly 9 steps)
[70b57fbd02c953be3b50c074806b8a9130d8f34a] work on Grobner: remove unused m_scopes from the legacy version
running python3 /home/yizhou7/mariposa/scripts/z3-bisect.py /home/yizhou7/mariposa/data/bisect_tasks/d_fvbkv_z3_clean--lib-Buckets-BucketsLib.i.dfy.Impl__BucketsLib.__default.SortedSeqOfKeyValueHasKey.txt
building z3
Bisecting: 430 revisions left to test after this (roughly 9 steps)
[9b5996fcd53980ad19398b01362d9fa4a31e41c4] clear lemma in int_solver before the first push_back
running python3 /home/yizhou7/mariposa/scripts/z3-bisect.py /home/yizhou7/mariposa/data/bisect_tasks/d_fvbkv_z3_clean--lib-Buckets-BucketsLib.i.dfy.Impl__BucketsLib.__default.SortedSeqOfKeyValueHasKey.txt
building z3
Bisecting: 430 revisions left to test after this (roughly 9 steps)
[244205f53020fee2eeb5e0aef17c187b68c35256] simplify nex_creator
running python3 /home/yizhou7/mariposa/scripts/z3-bisect.py /home/yizhou7/mariposa/data/bisect_tasks/d_fvbkv_z3_clean--lib-Buckets-BucketsLib.i.dfy.Impl__BucketsLib.__default.SortedSeqOfKeyValueHasKey.txt
building z3
Bisecting: 430 revisions left to test after this (roughly 9 steps)
[506fbf96725f8cc5696354ce6d7f3179f40d101f] fix #2933: soundness issue in dom-simplify with (or foo true)
running python3 /home/yizhou7/mariposa/scripts/z3-bisect.py /home/yizhou7/mariposa/data/bisect_tasks/d_fvbkv_z3_clean--lib-Buckets-BucketsLib.i.dfy.Impl__BucketsLib.__default.SortedSeqOfKeyValueHasKey.txt
building z3
done building z3 3.5
running mariposa
res: 0 
 out: [[[  2   2   2   2   2   2   2   2   2   2   2   2   2   2   2   2   2
     2   2   2   2   2   2   2   2   2   2   2   2   2   2   2   2   2
     2   2   2   2   2   2   2   2   2   2   2   2   2   2   2   2   2
     2   2   2   2   2   2   2   2   2   2]
  [263 287 298 300 318 321 291 302 315 311 265 299 288 310 320 296 267
   273 299 311 270 288 374 316 320 297 291 386 297 301 309 306 292 296
   298 284 289 285 299 307 321 267 292 324 310 329 344 293 284 298 283
   288 318 299 332 298 282 310 319 261 272]]

 [[  2   2   2   2   2   2   2   2   2   2   2   2   2   2   2   2   2
     2   2   2   2   2   2   2   2   2   2   2   2   2   2   2   2   2
     2   2   2   2   2   2   2   2   2   2   2   2   2   2   2   2   2
     2   2   2   2   2   2   2   2   2   2]
  [263 278 263 288 297 291 273 332 271 303 278 277 288 275 297 282 283
   271 278 280 333 276 298 262 279 284 278 272 277 286 303 289 324 288
   256 272 276 321 287 301 326 271 293 302 281 316 283 278 291 287 331
   303 273 281 278 291 278 276 313 275 275]]

 [[  2   2   2   2   2   2   2   2   2   2   2   2   2   2   2   2   2
     2   2   2   2   2   2   2   2   2   2   2   2   2   2   2   2   2
     2   2   2   2   2   2   2   2   2   2   2   2   2   2   2   2   2
     2   2   2   2   2   2   2   2   2   2]
  [263 286 313 292 327 326 352 339 303 332 313 308 378 306 332 289 284
   299 302 299 339 323 314 315 311 345 308 298 324 308 324 279 329 300
   326 289 294 321 285 331 316 424 353 331 297 326 296 278 359 340 277
   282 306 311 327 381 314 286 300 300 325]]]
stable
 
 err: 
done running mariposa 15.0
Bisecting: 32 revisions left to test after this (roughly 5 steps)
[812049ca4a5306fe0c444110f51802ff215d30b1] z3str3: ignore non-relevant formulas in bitvector model construction
running python3 /home/yizhou7/mariposa/scripts/z3-bisect.py /home/yizhou7/mariposa/data/bisect_tasks/d_fvbkv_z3_clean--lib-Buckets-BucketsLib.i.dfy.Impl__BucketsLib.__default.SortedSeqOfKeyValueHasKey.txt
building z3
done building z3 3.5
running mariposa
res: 1 
 out: [[[  4   4   4   4   4   4   4   4   4   4   4   4   4   4   4   4   4
     4   4   4   4   4   4   4   4   4   4   4   4   4   4   4   4   4
     4   4   4   4   4   4   4   4   4   4   4   4   4   4   4   4   4
     4   4   4   4   4   4   4   4   4   4]
  [276 312 377 346 328 350 328 327 342 311 351 364 311 370 389 334 319
   296 367 326 351 346 329 309 306 328 382 314 347 323 318 343 325 333
   342 306 321 323 343 357 315 330 324 335 322 346 313 328 324 315 299
   345 372 315 364 337 317 327 341 330 305]]

 [[  4   2   2   2   2   4   4   4   2   2   2   2   4   2   2   2   2
     2   2   2   2   2   2   2   4   2   2   2   2   2   2   4   4   4
     2   2   2   2   2   2   4   2   4   2   2   2   2   2   4   2   2
     2   2   2   2   2   2   2   2   2   2]
  [276 296 323 308 293 328 350 340 302 314 336 291 323 303 292 318 293
   281 295 330 315 298 320 311 334 296 292 315 292 354 341 361 326 335
   335 298 319 300 300 350 349 291 338 346 349 301 290 307 339 292 300
   297 293 293 303 303 299 323 326 307 318]]

 [[  4   2   2   2   2   2   2   4   2   2   2   2   2   4   4   2   2
     2   4   2   4   4   2   2   2   2   2   2   2   2   4   4   2   2
     4   2   4   2   4   4   2   2   2   2   2   4   2   4   2   2   2
     2   2   2   2   2   2   2   2   2   2]
  [276 323 353 332 332 329 349 423 304 327 349 369 341 406 405 321 318
   327 398 383 406 367 325 369 333 357 370 328 336 334 337 376 344 380
   376 359 417 319 389 411 316 349 373 301 371 359 335 401 398 332 325
   349 347 427 394 337 395 389 356 332 338]]]
unstable
 
 err: 
done running mariposa 15.8
Bisecting: 16 revisions left to test after this (roughly 4 steps)
[2d59b81353a54b481935975ab38cfafcbd7108da] delay evaluation of model, throttle propagation, introduce LUT results into cutset
running python3 /home/yizhou7/mariposa/scripts/z3-bisect.py /home/yizhou7/mariposa/data/bisect_tasks/d_fvbkv_z3_clean--lib-Buckets-BucketsLib.i.dfy.Impl__BucketsLib.__default.SortedSeqOfKeyValueHasKey.txt
building z3
done building z3 3.4
running mariposa
res: 0 
 out: [[[  2   2   2   2   2   2   2   2   2   2   2   2   2   2   2   2   2
     2   2   2   2   2   2   2   2   2   2   2   2   2   2   2   2   2
     2   2   2   2   2   2   2   2   2   2   2   2   2   2   2   2   2
     2   2   2   2   2   2   2   2   2   2]
  [261 284 316 301 289 299 294 330 267 313 330 296 271 333 304 298 309
   267 292 301 268 320 310 315 322 293 325 337 296 309 310 332 290 279
   322 283 294 302 284 314 294 270 323 291 295 315 308 289 295 286 296
   331 307 289 318 348 290 286 280 283 260]]

 [[  2   2   2   2   2   2   2   2   2   2   2   2   2   2   2   2   2
     2   2   2   2   2   2   2   2   2   2   2   2   2   2   2   2   2
     2   2   2   2   2   2   2   2   2   2   2   2   2   2   2   2   2
     2   2   2   2   2   2   2   2   2   2]
  [261 276 308 282 280 269 271 346 331 306 278 279 279 274 274 270 304
   312 294 280 323 296 280 288 278 284 278 274 302 283 306 311 289 305
   261 273 332 305 289 296 292 271 302 279 338 297 283 290 299 286 286
   277 293 281 280 302 297 278 274 282 282]]

 [[  2   2   2   2   2   2   2   2   2   2   2   2   2   2   2   2   2
     2   2   2   2   2   2   2   2   2   2   2   2   2   2   2   2   2
     2   2   2   2   2   2   2   2   2   2   2   2   2   2   2   2   2
     2   2   2   2   2   2   2   2   2   2]
  [261 313 294 299 304 322 341 355 278 304 281 367 311 345 325 285 296
   304 310 290 324 364 328 300 317 308 329 314 328 306 301 286 344 306
   282 292 285 323 336 347 340 352 336 306 297 305 326 280 308 326 278
   308 310 305 328 305 384 288 299 319 380]]]
stable
 
 err: 
done running mariposa 15.0
Bisecting: 7 revisions left to test after this (roughly 3 steps)
[38d690650bf452d3d2b3227bf099c7692df1a95b] override
running python3 /home/yizhou7/mariposa/scripts/z3-bisect.py /home/yizhou7/mariposa/data/bisect_tasks/d_fvbkv_z3_clean--lib-Buckets-BucketsLib.i.dfy.Impl__BucketsLib.__default.SortedSeqOfKeyValueHasKey.txt
building z3
done building z3 3.5
running mariposa
res: 0 
 out: [[[  2   2   2   2   2   2   2   2   2   2   2   2   2   2   2   2   2
     2   2   2   2   2   2   2   2   2   2   2   2   2   2   2   2   2
     2   2   2   2   2   2   2   2   2   2   2   2   2   2   2   2   2
     2   2   2   2   2   2   2   2   2   2]
  [280 307 307 320 306 337 343 345 312 323 330 314 298 332 318 295 332
   314 310 329 293 319 335 326 313 346 312 385 314 327 330 351 340 298
   317 302 308 319 308 323 393 286 333 316 324 324 358 311 320 316 292
   330 291 329 332 352 312 311 301 281 292]]

 [[  2   2   2   2   2   2   2   2   2   2   2   2   2   2   2   2   2
     2   2   2   2   2   2   2   2   2   2   2   2   2   2   2   2   2
     2   2   2   2   2   2   2   2   2   2   2   2   2   2   2   2   2
     2   2   2   2   2   2   2   2   2   2]
  [280 298 332 317 319 294 333 293 299 300 298 304 312 302 319 327 296
   290 320 301 314 335 280 311 314 305 302 308 297 301 326 337 310 317
   301 316 319 317 335 324 319 314 343 297 354 324 305 296 277 326 311
   301 293 298 299 299 294 295 335 292 297]]

 [[  2   2   2   2   2   2   2   2   2   2   2   2   2   2   2   2   2
     2   2   2   2   2   2   2   2   2   2   2   2   2   2   2   2   2
     2   2   2   2   2   2   2   2   2   2   2   2   2   2   2   2   2
     2   2   2   2   2   2   2   2   2   2]
  [280 324 343 332 356 326 334 357 352 331 309 321 355 357 378 328 322
   369 345 344 388 349 337 322 352 331 318 375 444 337 339 315 362 357
   387 333 368 353 311 374 332 323 362 306 322 322 389 363 374 353 301
   305 357 403 419 395 423 426 332 330 346]]]
stable
 
 err: 
done running mariposa 15.6
Bisecting: 3 revisions left to test after this (roughly 2 steps)
[faf39347490b19d7746335442d5ff1d7ee896c46] z3str3: add bitvector model construction algorithm
running python3 /home/yizhou7/mariposa/scripts/z3-bisect.py /home/yizhou7/mariposa/data/bisect_tasks/d_fvbkv_z3_clean--lib-Buckets-BucketsLib.i.dfy.Impl__BucketsLib.__default.SortedSeqOfKeyValueHasKey.txt
building z3
done building z3 3.5
running mariposa
res: 1 
 out: [[[  4   4   4   4   4   4   4   4   4   4   4   4   4   4   4   4   4
     4   4   4   4   4   4   4   4   4   4   4   4   4   4   4   4   4
     4   4   4   4   4   4   4   4   4   4   4   4   4   4   4   4   4
     4   4   4   4   4   4   4   4   4   4]
  [277 308 329 351 378 347 323 333 326 335 330 386 353 320 339 329 334
   341 324 336 303 365 303 326 305 374 377 336 319 338 298 340 332 368
   349 325 325 340 319 333 317 345 374 329 324 317 319 363 313 361 339
   360 328 346 333 338 317 310 311 312 303]]

 [[  4   2   2   2   2   4   4   4   2   2   2   4   2   2   2   2   2
     2   2   2   2   2   2   2   4   2   2   2   2   2   2   4   4   2
     4   2   2   2   2   2   4   4   2   2   2   2   2   2   4   2   2
     2   2   2   2   2   2   2   2   2   2]
  [277 294 327 276 294 328 340 358 295 309 314 308 294 297 294 332 293
   294 300 293 306 323 343 310 383 278 304 317 291 294 311 347 324 296
   334 337 295 324 316 349 329 325 280 370 310 303 292 306 337 302 333
   323 296 293 299 299 318 295 312 312 296]]

 [[  4   2   2   2   2   2   2   4   2   2   2   2   4   2   4   2   2
     2   2   4   4   4   2   2   2   2   2   2   2   2   4   4   2   2
     2   4   4   4   2   4   2   2   2   2   2   4   2   4   2   2   2
     2   2   2   2   2   2   2   2   2   2]
  [277 340 342 335 331 332 349 422 303 345 319 344 420 342 379 317 320
   361 325 421 370 395 331 358 334 353 377 386 323 348 341 371 346 360
   402 397 379 405 335 391 337 341 327 300 347 367 343 397 372 370 330
   350 334 398 353 385 400 410 356 356 356]]]
unstable
 
 err: 
done running mariposa 15.9
Bisecting: 1 revision left to test after this (roughly 1 step)
[200f47369dd1dc36087513e0660a2880a090106c] some micro tuning
running python3 /home/yizhou7/mariposa/scripts/z3-bisect.py /home/yizhou7/mariposa/data/bisect_tasks/d_fvbkv_z3_clean--lib-Buckets-BucketsLib.i.dfy.Impl__BucketsLib.__default.SortedSeqOfKeyValueHasKey.txt
building z3
done building z3 3.5
running mariposa
res: 0 
 out: [[[  2   2   2   2   2   2   2   2   2   2   2   2   2   2   2   2   2
     2   2   2   2   2   2   2   2   2   2   2   2   2   2   2   2   2
     2   2   2   2   2   2   2   2   2   2   2   2   2   2   2   2   2
     2   2   2   2   2   2   2   2   2   2]
  [241 291 287 285 312 295 286 288 289 287 312 295 289 290 292 297 288
   285 291 288 289 305 316 286 285 290 289 288 319 305 300 288 290 302
   284 284 293 290 306 323 289 289 331 292 286 285 318 293 315 285 284
   314 324 284 310 282 292 292 282 287 274]]

 [[  2   2   2   2   2   2   2   2   2   2   2   2   2   2   2   2   2
     2   2   2   2   2   2   2   2   2   2   2   2   2   2   2   2   2
     2   2   2   2   2   2   2   2   2   2   2   2   2   2   2   2   2
     2   2   2   2   2   2   2   2   2   2]
  [241 304 282 304 297 298 335 316 319 305 317 313 296 294 316 297 312
   293 300 301 299 323 336 296 311 302 314 309 322 305 308 324 325 296
   315 298 296 343 310 339 311 318 306 344 299 320 303 313 309 306 301
   303 321 300 298 333 313 297 302 333 312]]

 [[  2   2   2   2   2   2   2   2   2   2   2   2   2   2   2   2   2
     2   2   2   2   2   2   2   2   2   2   2   2   2   2   2   2   2
     2   2   2   2   2   2   2   2   2   2   2   2   2   2   2   2   2
     2   2   2   2   2   2   2   2   2   2]
  [241 319 323 334 363 352 360 387 329 307 325 351 328 339 415 316 328
   371 346 375 375 349 323 330 359 340 413 331 401 330 361 373 355 330
   383 392 364 359 321 370 352 340 327 345 324 359 371 324 349 408 334
   382 350 312 378 379 435 394 325 372 358]]]
stable
 
 err: 
done running mariposa 15.3
Bisecting: 0 revisions left to test after this (roughly 0 steps)
[ff6b3304f8daf571cf3a122881749d0289bf757d] remove incorrect assertions
running python3 /home/yizhou7/mariposa/scripts/z3-bisect.py /home/yizhou7/mariposa/data/bisect_tasks/d_fvbkv_z3_clean--lib-Buckets-BucketsLib.i.dfy.Impl__BucketsLib.__default.SortedSeqOfKeyValueHasKey.txt
building z3
done building z3 3.5
running mariposa
res: 1 
 out: [[[  4   4   4   4   4   4   4   4   4   4   4   4   4   4   4   4   4
     4   4   4   4   4   4   4   4   4   4   4   4   4   4   4   4   4
     4   4   4   4   4   4   4   4   4   4   4   4   4   4   4   4   4
     4   4   4   4   4   4   4   4   4   4]
  [276 314 353 348 334 331 324 340 347 327 307 299 368 320 308 347 322
   346 326 341 305 349 318 324 303 355 351 321 319 326 323 319 351 327
   361 302 345 316 378 342 348 322 347 310 315 339 304 353 312 324 314
   372 298 326 374 345 320 332 313 312 304]]

 [[  4   2   2   2   2   4   4   4   2   2   2   4   2   2   2   2   2
     2   2   2   2   2   2   2   4   2   2   2   2   2   2   4   4   4
     2   2   2   2   2   2   2   4   4   2   2   2   2   2   4   2   2
     2   2   2   2   2   2   2   2   2   2]
  [276 319 281 328 292 349 327 334 305 298 314 304 289 344 299 294 301
   276 302 333 295 303 304 351 335 279 301 314 312 292 324 383 324 316
   338 316 317 297 304 363 311 330 360 277 337 300 290 306 332 308 335
   296 293 296 303 307 304 298 342 301 318]]

 [[  4   2   2   2   2   2   2   4   2   2   2   2   2   4   4   2   4
     2   2   2   4   4   2   2   2   2   2   2   2   2   4   4   2   4
     2   2   4   4   2   4   2   2   2   2   4   2   2   4   2   2   2
     2   2   2   2   2   2   2   2   2   2]
  [276 337 337 338 328 342 352 382 300 315 340 321 329 419 374 318 369
   349 353 377 370 380 326 340 335 376 379 344 340 335 370 391 336 349
   364 386 388 379 320 411 318 362 357 305 357 348 340 422 333 418 319
   310 354 376 335 386 402 387 358 325 354]]]
unstable
 
 err: 
done running mariposa 15.8
ff6b3304f8daf571cf3a122881749d0289bf757d is the first bad commit
commit ff6b3304f8daf571cf3a122881749d0289bf757d
Author: Nikolaj Bjorner <nbjorner@microsoft.com>
Date:   Thu Feb 6 17:40:30 2020 -0800

    remove incorrect assertions
    
    Signed-off-by: Nikolaj Bjorner <nbjorner@microsoft.com>

:040000 040000 0bdf41a61e976f31cbe9242859d2c710abe5f8cf 7cef2c374b8144202010e2c0a045a1b4fa54ce43 M	src
bisect run success
git bisect start
# good: [e79542cc689d52ec4cb34ce4ae3fbe56e7a0bf70] fix #2309
git bisect good e79542cc689d52ec4cb34ce4ae3fbe56e7a0bf70
# bad: [ad55a1f1c617a7f0c3dd735c0780fc758424c7f1] Update release.yml for Azure Pipelines
git bisect bad ad55a1f1c617a7f0c3dd735c0780fc758424c7f1
# skip: [e2702f3ae88f5c48a55f4473bb5c29184c182634] fixes in assigning constraints to intervals
git bisect skip e2702f3ae88f5c48a55f4473bb5c29184c182634
# skip: [1915812f84cf41a5f232eedf2a695a54d055aa88] add a test for intervals
git bisect skip 1915812f84cf41a5f232eedf2a695a54d055aa88
# bad: [8faf35e2e0c8fce99794e71bd3b5de74b95ceb5a] fix #3735
git bisect bad 8faf35e2e0c8fce99794e71bd3b5de74b95ceb5a
# skip: [d1a5635b4ad7f8632356b380f3a9b1fc83fdb04f] better model based lemmaas
git bisect skip d1a5635b4ad7f8632356b380f3a9b1fc83fdb04f
# skip: [0a86bd14f792ef5fadb8eeb346729a612f7e1588] start on test nla
git bisect skip 0a86bd14f792ef5fadb8eeb346729a612f7e1588
# bad: [f7747d9e76bd685a02ce5c5fbda91fc356856b5e] fix parameter collection for tactic-based solvers reported in #3065
git bisect bad f7747d9e76bd685a02ce5c5fbda91fc356856b5e
# skip: [0644194fc96a853df44c37f9e4522796aa40add8] work on lemma from product to factors, and some renaming
git bisect skip 0644194fc96a853df44c37f9e4522796aa40add8
# good: [0321312c8db1d3f0edbd23e6e48884fbb7d77d1d] Changed to get_const_interp to match Java and C# bindings
git bisect good 0321312c8db1d3f0edbd23e6e48884fbb7d77d1d
# skip: [c9e989ae853667faaa04c98e128e48130e05b07f] fix build of lp_tst
git bisect skip c9e989ae853667faaa04c98e128e48130e05b07f
# bad: [73662ad60d26755b7cd4c65c88766298125ee6a5] fix #3016
git bisect bad 73662ad60d26755b7cd4c65c88766298125ee6a5
# skip: [403743cb30a07a99ef035f647993229b2960d9d6] switch to constraint based sign lemma
git bisect skip 403743cb30a07a99ef035f647993229b2960d9d6
# skip: [130995a3db793cefb402d85431fa66b0fa8165ab] print terms as monomials
git bisect skip 130995a3db793cefb402d85431fa66b0fa8165ab
# good: [bfc30440ac040d58fa05d76612fd766f512c0c5a] update nightly
git bisect good bfc30440ac040d58fa05d76612fd766f512c0c5a
# skip: [754656212d592947af3994df09d668aeca2000b7] allow more sign lemmas
git bisect skip 754656212d592947af3994df09d668aeca2000b7
# good: [4a94abe7d7f3996cbdfac69e08836b3233f8efce] Update nightly.yaml
git bisect good 4a94abe7d7f3996cbdfac69e08836b3233f8efce
# skip: [40cc8c31e5a623136156065c4fe98a1bb43cd514] generate simple_sign_lemma
git bisect skip 40cc8c31e5a623136156065c4fe98a1bb43cd514
# skip: [2b5e8e965257d234562b9cf32bee580b96588370] change in a comment
git bisect skip 2b5e8e965257d234562b9cf32bee580b96588370
# skip: [882dd06df93514ae17066688e63104f453f33588] small changes
git bisect skip 882dd06df93514ae17066688e63104f453f33588
# skip: [33cbd29ed0e0ef9224a79b035617404a1b604b5c] mv util/lp to math/lp
git bisect skip 33cbd29ed0e0ef9224a79b035617404a1b604b5c
# skip: [b43a0e184ce158b4457b2bb989deb686813a53ac] introduce rooted monomial table
git bisect skip b43a0e184ce158b4457b2bb989deb686813a53ac
# skip: [d3bd55d0cfb2cfccf55a57d9c0c4532406a0874c] remove m_mons_to_rehash, fix a bug in emonomials::after_merge_eh(), generate order and tangent lemmas on any monomial
git bisect skip d3bd55d0cfb2cfccf55a57d9c0c4532406a0874c
# skip: [5e40d64a8272c1d0ef0945751fb76966f5dd36a1] port Grobner
git bisect skip 5e40d64a8272c1d0ef0945751fb76966f5dd36a1
# bad: [0146259ea402a8bf3996f1ca0d2d37ed69fddd35] z3str3: fix control flow and return paths in regex model construction
git bisect bad 0146259ea402a8bf3996f1ca0d2d37ed69fddd35
# skip: [50d3e67e6187cbffd2e4c1df3206633ad0bb5c61] adding commments
git bisect skip 50d3e67e6187cbffd2e4c1df3206633ad0bb5c61
# skip: [3f9229a6989a405264f8ce4b623a8fefe3843e4f] stop keying monomials by abs values
git bisect skip 3f9229a6989a405264f8ce4b623a8fefe3843e4f
# good: [ee62f83131c3ead740729aac99ea48de797fdb06] fix #2892
git bisect good ee62f83131c3ead740729aac99ea48de797fdb06
# skip: [5cc3812aa93346ae6fd8fdc263a476b60c680492] fixes in nla_expr comparison and in cross_nested related to common factors
git bisect skip 5cc3812aa93346ae6fd8fdc263a476b60c680492
# skip: [f84a06b4c5d3028050ef1e7a2fa792453e463a4c] starting the horner heuristic
git bisect skip f84a06b4c5d3028050ef1e7a2fa792453e463a4c
# skip: [b5364b787cb76d002b129489caa73f8fb782a428] set level2var for m_pdd_manager of pdd_grobner
git bisect skip b5364b787cb76d002b129489caa73f8fb782a428
# skip: [8d05894db716eae90408037b9dca2d4836f1afdc] cleanup and some changes in TRACE statements
git bisect skip 8d05894db716eae90408037b9dca2d4836f1afdc
# skip: [3441f565b231f3ad0a9db958add658771f95f41d] before changes is basic_sign_lemma
git bisect skip 3441f565b231f3ad0a9db958add658771f95f41d
# skip: [b9483d0aff074924abf074b4828d58a262c097bc] improve tracing
git bisect skip b9483d0aff074924abf074b4828d58a262c097bc
# skip: [d08f8a251218cc04ca6411247e6d0c89df17b195] fix test_basic_lemma_for_mon_zero_from_monomial_to_factors
git bisect skip d08f8a251218cc04ca6411247e6d0c89df17b195
# skip: [bab5c2f0784268036140fea11e99584b912abaa5] add some testing to cross nested expessions
git bisect skip bab5c2f0784268036140fea11e99584b912abaa5
# skip: [882b8ee63b37e0f26f7c0aeab01433f19f6b6e81] NB's review
git bisect skip 882b8ee63b37e0f26f7c0aeab01433f19f6b6e81
# skip: [24d70abfd8dbf15fc29735511d01a02789945ea3] persist
git bisect skip 24d70abfd8dbf15fc29735511d01a02789945ea3
# skip: [e6d134b9fa3ead23d052074d390da624b50e924b] a stronger zero lemma when the signs are known
git bisect skip e6d134b9fa3ead23d052074d390da624b50e924b
# skip: [46f8159926c1edc43985a95831c1fabe4a049ba3] memory management in cross_nested is broken
git bisect skip 46f8159926c1edc43985a95831c1fabe4a049ba3
# skip: [f5c8ead995a1b448d8f57011fd80e221a07a4380] port Grobner
git bisect skip f5c8ead995a1b448d8f57011fd80e221a07a4380
# skip: [8ed865e447fab4b7aa6d465c3253acb185f124f3] add compare() to nla_expr
git bisect skip 8ed865e447fab4b7aa6d465c3253acb185f124f3
# skip: [8744d987a3dbd9db8f7bf634922b1688a867d46a] port Grobner: address memory issues
git bisect skip 8744d987a3dbd9db8f7bf634922b1688a867d46a
# bad: [13715260626946275632bfdb21e025b9f6470f94] fix build break
git bisect bad 13715260626946275632bfdb21e025b9f6470f94
# skip: [ca5666cabdda8b90581add3dbaad7c170c12c2fc] add diagnostics for registering vars in lar_solver
git bisect skip ca5666cabdda8b90581add3dbaad7c170c12c2fc
# skip: [6cd495979d34ddedf5a970d6d9b6415bd831028f] fix the test build
git bisect skip 6cd495979d34ddedf5a970d6d9b6415bd831028f
# skip: [0e86c567ccce4a1ac0825288c47e7cfe9bf000bb] prepare the mixed case
git bisect skip 0e86c567ccce4a1ac0825288c47e7cfe9bf000bb
# skip: [81a9edae7ec30dc16755505b6a54be382ef04fcd] simplify more aggressively in horner scheme, imlement is_linear
git bisect skip 81a9edae7ec30dc16755505b6a54be382ef04fcd
# skip: [254a40535eddf100b956535ffb375d81b9a38c78] call order_lemma_on_ac_and_bd
git bisect skip 254a40535eddf100b956535ffb375d81b9a38c78
# skip: [9266ab7ed19763f8500033b607d246840b1aebaf] rewrite horner scheme on top of nex_expr as a pointer
git bisect skip 9266ab7ed19763f8500033b607d246840b1aebaf
# skip: [70612fb1092f9dc172bc4e405ac9417e36b82145] more tests and fixes in order lemma
git bisect skip 70612fb1092f9dc172bc4e405ac9417e36b82145
# skip: [e46de3bc3d87d97db90232cf8a257327c45642f3] fixes in horner's heuristic
git bisect skip e46de3bc3d87d97db90232cf8a257327c45642f3
# skip: [3192db64a12974c0a623bbc65906a7c525210913] Nikolaj's changes is mk_eq
git bisect skip 3192db64a12974c0a623bbc65906a7c525210913
# skip: [82115e69acba3ba68fbdd6e952eced76a3e28eaa] filter rows for horner's scheme earlier
git bisect skip 82115e69acba3ba68fbdd6e952eced76a3e28eaa
# skip: [4f2eb0b4eb43086555ba16f07e0eb73daa4cf59b] remove an unused field
git bisect skip 4f2eb0b4eb43086555ba16f07e0eb73daa4cf59b
# skip: [86a086b698bac936b68ca728665a77ead58b5305] toward horner lemma
git bisect skip 86a086b698bac936b68ca728665a77ead58b5305
# skip: [0535e24dd1e710480889ed4af37f9fa898a8af37] consolidate parameters, add comment (#102)
git bisect skip 0535e24dd1e710480889ed4af37f9fa898a8af37
# skip: [2181c982e89109e8fd551a77f9a946972786ecf1] progress with horner's heuristic
git bisect skip 2181c982e89109e8fd551a77f9a946972786ecf1
# skip: [d06182d1991d28a06f158b4d11cb55a1c4129cef] split between derived and model based lemma generation
git bisect skip d06182d1991d28a06f158b4d11cb55a1c4129cef
# skip: [13a93e24460a0e412a641e4f0138ccaca0244533] debug horner
git bisect skip 13a93e24460a0e412a641e4f0138ccaca0244533
# skip: [63e62ec1bbf80a067d4623c9f63254b15e41cc63] stronger lemmas to avoid branching
git bisect skip 63e62ec1bbf80a067d4623c9f63254b15e41cc63
# skip: [9cba261a9c50d4bb3dce647b8edea76d447a97c1] simplify and order nla_expr
git bisect skip 9cba261a9c50d4bb3dce647b8edea76d447a97c1
# skip: [4a87ca8b924ae7f5cc7e52d1addf432b5ec8e276] remove m_lc field from equation
git bisect skip 4a87ca8b924ae7f5cc7e52d1addf432b5ec8e276
# skip: [92769469df0d6fe7f59dd4186a4e737d5383ce2b] work on horner - does not compile
git bisect skip 92769469df0d6fe7f59dd4186a4e737d5383ce2b
# skip: [1810d7e77d00d63e8d7a6ec1ec2680b2c57deb2f] cleanup mostly, more asserts in tangent lemma
git bisect skip 1810d7e77d00d63e8d7a6ec1ec2680b2c57deb2f
# bad: [e2514a2b19088b29a26a5e93183fb7d3a6d76c36] make nla_solver the default
git bisect bad e2514a2b19088b29a26a5e93183fb7d3a6d76c36
# skip: [23a825aff8fd8a27f4876c1405b7eeb3dccc27e0] work on horner
git bisect skip 23a825aff8fd8a27f4876c1405b7eeb3dccc27e0
# skip: [0be5fc5693aff1ecf2cd5a64215aa5522add70c6] revert to a previous state: avoid adding branches for free vars when creating a gomory cut
git bisect skip 0be5fc5693aff1ecf2cd5a64215aa5522add70c6
# skip: [7e67e1ce99439570eca62681194c978f0f41844c] fix loop in equiv_monomials (#91)
git bisect skip 7e67e1ce99439570eca62681194c978f0f41844c
# skip: [0e557467d72413980e8d01a2186b170bcba724d1] rename minimal to rooted in nla_solver
git bisect skip 0e557467d72413980e8d01a2186b170bcba724d1
# skip: [9f8f6dee9ea75597306e77a167b4db7ebe5caa4c] fix mk_div
git bisect skip 9f8f6dee9ea75597306e77a167b4db7ebe5caa4c
# skip: [17ed9c39bec9728d3d8e95c930b0eb0f34a36dad] add a comment
git bisect skip 17ed9c39bec9728d3d8e95c930b0eb0f34a36dad
# skip: [8cdf754990f23d416516913fbbcbaf858d7d6628] debug emons
git bisect skip 8cdf754990f23d416516913fbbcbaf858d7d6628
# skip: [615da0e3fbe583883db7459372cf0a3e92bd4876] move remove thread unsafe increment to num_iterations, use num_rounds
git bisect skip 615da0e3fbe583883db7459372cf0a3e92bd4876
# skip: [59e838290915291199744d2e854609d7f18a7251] fix ordered lemma
git bisect skip 59e838290915291199744d2e854609d7f18a7251
# skip: [d4a426faf6187eb989b8b47eaf1e42925ef6683b] generate the basic sign lemma from the model
git bisect skip d4a426faf6187eb989b8b47eaf1e42925ef6683b
# skip: [375027d19550aadeed4cff9910fe3803510beb7d] fix the factorization sign to be equal to the monomial sign
git bisect skip 375027d19550aadeed4cff9910fe3803510beb7d
# skip: [1c8f28c2e93f23159b76d0693d04f01a72954a8a] check m.canceled() more often
git bisect skip 1c8f28c2e93f23159b76d0693d04f01a72954a8a
# skip: [58854fa44b59ebef94815c71543ebaab3c4bf28a] use svector for variable occurences, randomize the exploration in cross nested forms
git bisect skip 58854fa44b59ebef94815c71543ebaab3c4bf28a
# skip: [aefd7eefb6c5e1263977c4afbfd5b74bc5242096] simplify factorization
git bisect skip aefd7eefb6c5e1263977c4afbfd5b74bc5242096
# skip: [9c18ede68724132b148f6c75ea92242f6647aecf] hook up nla_solver it lp bound propagation
git bisect skip 9c18ede68724132b148f6c75ea92242f6647aecf
# skip: [a83425bec60a97321031975e5808c7c4bb434894] clean up a trace statement
git bisect skip a83425bec60a97321031975e5808c7c4bb434894
# skip: [02133bbcc507ac4994178b671d0e0017694e0a70] before getting explanations for monomials upper and low bounds
git bisect skip 02133bbcc507ac4994178b671d0e0017694e0a70
# skip: [c6e5d434b254d0b0bf525a4397b23cec160f51af] create scalars for fixed variables in rows for grobner
git bisect skip c6e5d434b254d0b0bf525a4397b23cec160f51af
# skip: [dfe0e85629733d20003cf7aafac45079a653d662] toward fetching existing terms intervals from lar_solver
git bisect skip dfe0e85629733d20003cf7aafac45079a653d662
# skip: [610a2837eaf2c9539fb5ff3eb207b69343b3e2d5] rebase with Z3Prover
git bisect skip 610a2837eaf2c9539fb5ff3eb207b69343b3e2d5
# skip: [ccc9a77a1ff8c59ab529a23d90519ebbc8e43810] Nikolaj's changes related to dependencies on infinite interval bounds
git bisect skip ccc9a77a1ff8c59ab529a23d90519ebbc8e43810
# skip: [ceac1dc4f70b48efa06ec58cde37224ee75248d9] clear m_to_refine
git bisect skip ceac1dc4f70b48efa06ec58cde37224ee75248d9
# skip: [8670e0926906805491c0ef84814f7c0c5af56b99] starting the horner heuristic
git bisect skip 8670e0926906805491c0ef84814f7c0c5af56b99
# skip: [14094bb052acea03f536f446abddc563e4ae5598] code review (#98)
git bisect skip 14094bb052acea03f536f446abddc563e4ae5598
# skip: [ba2dbabe21c3ba9579ab07ce049e83e0a9567427] add comments and more efficient code in cross_nested
git bisect skip ba2dbabe21c3ba9579ab07ce049e83e0a9567427
# skip: [bc302285a11183fc28eef7450f608df0a85c9cb6] integrating NB suggestions
git bisect skip bc302285a11183fc28eef7450f608df0a85c9cb6
# skip: [8d808983f58f179bfbd00f6a360c4fa46e0d842a] debug horner
git bisect skip 8d808983f58f179bfbd00f6a360c4fa46e0d842a
# skip: [a7aa099101e49c59247df681464208cd1d434fdd] simplifying Grobner's schema
git bisect skip a7aa099101e49c59247df681464208cd1d434fdd
# skip: [00d366e3b82856a43e1d08bd4b4e6ac049541148] work on horner form
git bisect skip 00d366e3b82856a43e1d08bd4b4e6ac049541148
# skip: [971ae50ba31fdc54b034e20221ac4afa0312f9b7] move m_intervals to nla_core
git bisect skip 971ae50ba31fdc54b034e20221ac4afa0312f9b7
# skip: [ad9ecad73cab634b5349fa144be80f73059de4c4] test horner
git bisect skip ad9ecad73cab634b5349fa144be80f73059de4c4
# skip: [90bda39aeff037f28658435f1ef958244e2557c5] towards full factorizations on a monomial
git bisect skip 90bda39aeff037f28658435f1ef958244e2557c5
# bad: [053631e005dbbfefe16e0b81e841eff9bfb6a33b] na
git bisect bad 053631e005dbbfefe16e0b81e841eff9bfb6a33b
# skip: [ef3ad55e0cf3d358f8f33c1ba7aaf56f7da286a3] full exploration in horner
git bisect skip ef3ad55e0cf3d358f8f33c1ba7aaf56f7da286a3
# skip: [7386b7d68ddda9a29753367bc8fd60ffe784a83e] start porting grobner basis functionality
git bisect skip 7386b7d68ddda9a29753367bc8fd60ffe784a83e
# skip: [36587e4e9132496af02ad996b1d14dc1d39c9c08] add a test for basic sign lemma
git bisect skip 36587e4e9132496af02ad996b1d14dc1d39c9c08
# skip: [6f40ee2f9473eb5b28190c9c487a83b7815eb76e] fix the test build
git bisect skip 6f40ee2f9473eb5b28190c9c487a83b7815eb76e
# skip: [1d51c5689ef9c0e5c7789a18e7dbe5ecfa9a7260] roll back add_var api
git bisect skip 1d51c5689ef9c0e5c7789a18e7dbe5ecfa9a7260
# skip: [eb5b9557ed6ccfa325ccc6e462e818ffcc73c07e] optimize horner scheme
git bisect skip eb5b9557ed6ccfa325ccc6e462e818ffcc73c07e
# skip: [7e03e900b85fe4a7accb597ce14767268836523e] reimplement lemmas on rooted monomials
git bisect skip 7e03e900b85fe4a7accb597ce14767268836523e
# skip: [a7449494a9be1cc8cfcaa296c3aa853138d00ff1] rewrite horner scheme on top of nex_expr as a pointer
git bisect skip a7449494a9be1cc8cfcaa296c3aa853138d00ff1
# skip: [7775afdcc392c4bfc30de234b62166576ade781f] order lemma
git bisect skip 7775afdcc392c4bfc30de234b62166576ade781f
# skip: [a4ad71bf3338c91fbf9df1ce180e5dc064e4a27c] hook up nla_intervals
git bisect skip a4ad71bf3338c91fbf9df1ce180e5dc064e4a27c
# skip: [0ff07aed3ff54ccda473360c2cbf3a70f52c9e36] add equivalence explanations
git bisect skip 0ff07aed3ff54ccda473360c2cbf3a70f52c9e36
# skip: [f0cebd69fcd76a669cc5816195511b8f7ed8375f] get bounds from interval multiplication
git bisect skip f0cebd69fcd76a669cc5816195511b8f7ed8375f
# skip: [1dbffe7367ac142b9e162a9a8d361eecfbc23f0e] limit expr.size() in grobner by 20
git bisect skip 1dbffe7367ac142b9e162a9a8d361eecfbc23f0e
# skip: [c605c5e5f6c70d1595ad5780cffb8dddda4ae71d] fix in nla_exp operator/
git bisect skip c605c5e5f6c70d1595ad5780cffb8dddda4ae71d
# skip: [f17c3c3b12d062aa919c44a184a787adf9eb62c2] fix ubuntu's build
git bisect skip f17c3c3b12d062aa919c44a184a787adf9eb62c2
# skip: [faf39259b293c56b8b8f15b3cf2b04df44ee94b5] randomize m_to_refine() init
git bisect skip faf39259b293c56b8b8f15b3cf2b04df44ee94b5
# skip: [617e1387f4918790a7ea545bfd5d3be088fe6b39] integrating NB suggestions
git bisect skip 617e1387f4918790a7ea545bfd5d3be088fe6b39
# skip: [0b86a282e494d8a15c2f1996fdb8d15fff1955b6] work on horner form
git bisect skip 0b86a282e494d8a15c2f1996fdb8d15fff1955b6
# skip: [228ef4862874a63eac15c758f72428108c89696a] more derived lemmas
git bisect skip 228ef4862874a63eac15c758f72428108c89696a
# skip: [7f9d57e6faa3d712a6a72639d5b3510b885255ee] fix out of memory problem
git bisect skip 7f9d57e6faa3d712a6a72639d5b3510b885255ee
# skip: [809647ec2f59f3ad27fa340426cbae38ee2474bc] port Grobner: generate lemmas
git bisect skip 809647ec2f59f3ad27fa340426cbae38ee2474bc
# skip: [35fad929927e6bb12e8072a1a9db32961a5d1686] work on horner
git bisect skip 35fad929927e6bb12e8072a1a9db32961a5d1686
# skip: [dd235be4d2a316b7cfbec8f06a918cefe7cea592] add randomness when generating model based sign lemma
git bisect skip dd235be4d2a316b7cfbec8f06a918cefe7cea592
# bad: [2512a958b9f6e3ecc53306e0d0b0c0f18c0bc212] fix build of test
git bisect bad 2512a958b9f6e3ecc53306e0d0b0c0f18c0bc212
# skip: [e16d8118ace893334c7211ada02f9b80796fb54c] going over niil_solver (#79)
git bisect skip e16d8118ace893334c7211ada02f9b80796fb54c
# skip: [70b57fbd02c953be3b50c074806b8a9130d8f34a] work on Grobner: remove unused m_scopes from the legacy version
git bisect skip 70b57fbd02c953be3b50c074806b8a9130d8f34a
# skip: [9b5996fcd53980ad19398b01362d9fa4a31e41c4] clear lemma in int_solver before the first push_back
git bisect skip 9b5996fcd53980ad19398b01362d9fa4a31e41c4
# skip: [244205f53020fee2eeb5e0aef17c187b68c35256] simplify nex_creator
git bisect skip 244205f53020fee2eeb5e0aef17c187b68c35256
# good: [506fbf96725f8cc5696354ce6d7f3179f40d101f] fix #2933: soundness issue in dom-simplify with (or foo true)
git bisect good 506fbf96725f8cc5696354ce6d7f3179f40d101f
# bad: [812049ca4a5306fe0c444110f51802ff215d30b1] z3str3: ignore non-relevant formulas in bitvector model construction
git bisect bad 812049ca4a5306fe0c444110f51802ff215d30b1
# good: [2d59b81353a54b481935975ab38cfafcbd7108da] delay evaluation of model, throttle propagation, introduce LUT results into cutset
git bisect good 2d59b81353a54b481935975ab38cfafcbd7108da
# good: [38d690650bf452d3d2b3227bf099c7692df1a95b] override
git bisect good 38d690650bf452d3d2b3227bf099c7692df1a95b
# bad: [faf39347490b19d7746335442d5ff1d7ee896c46] z3str3: add bitvector model construction algorithm
git bisect bad faf39347490b19d7746335442d5ff1d7ee896c46
# good: [200f47369dd1dc36087513e0660a2880a090106c] some micro tuning
git bisect good 200f47369dd1dc36087513e0660a2880a090106c
# bad: [ff6b3304f8daf571cf3a122881749d0289bf757d] remove incorrect assertions
git bisect bad ff6b3304f8daf571cf3a122881749d0289bf757d
# first bad commit: [ff6b3304f8daf571cf3a122881749d0289bf757d] remove incorrect assertions
