running python3 /home/yizhou7/mariposa/scripts/z3-bisect.py /home/yizhou7/mariposa/data/bisect_tasks/d_fvbkv_z3_clean--lib-Buckets-PackedStringArray.i.dfy.Impl__PackedStringArray.__default.BinarySearchIndexOfFirstKeyGt.txt
building z3
Bisecting: 1453 revisions left to test after this (roughly 11 steps)
[1915812f84cf41a5f232eedf2a695a54d055aa88] add a test for intervals
running python3 /home/yizhou7/mariposa/scripts/z3-bisect.py /home/yizhou7/mariposa/data/bisect_tasks/d_fvbkv_z3_clean--lib-Buckets-PackedStringArray.i.dfy.Impl__PackedStringArray.__default.BinarySearchIndexOfFirstKeyGt.txt
building z3
Bisecting: 1453 revisions left to test after this (roughly 11 steps)
[8faf35e2e0c8fce99794e71bd3b5de74b95ceb5a] fix #3735
running python3 /home/yizhou7/mariposa/scripts/z3-bisect.py /home/yizhou7/mariposa/data/bisect_tasks/d_fvbkv_z3_clean--lib-Buckets-PackedStringArray.i.dfy.Impl__PackedStringArray.__default.BinarySearchIndexOfFirstKeyGt.txt
building z3
done building z3 3.5
running mariposa
res: 1 
 out: [[[    3     2     2     2     2     2     2     2     2     2     2
       2     2     2     2     2     2     2     3     2     2     3
       2     2     2     2     2     2     2     2     3     2     2
       3     2     2     2     2     2     2     2     2     2     2
       2     2     2     2     2     3     3     2     2     2     3
       3     3     2     3     3     3]
  [60011   714   289   288  2385  1611  1127  1639  3468  1925   540
    8378   355   847  1742   312  3984   700 60014   573  3550 60030
    3955   784   303  2948  2099  3103  2232   703 60017  1045  4001
   60034   975   303  3383  1897  1644  4536  3252   886  5137  3385
   36779  1937   475   415  1155 60032 60017  1914  2779   310 60020
   60031 60031 29571 60027 60035 60017]]

 [[    3     2     2     2     2     2     2     2     2     2     2
       2     2     2     2     3     2     2     2     2     2     2
       3     3     2     2     2     2     2     2     2     2     3
       2     2     2     2     2     2     2     2     2     2     3
       3     2     2     3     2     2     2     2     3     3     2
       3     3     3     3     3     3]
  [60011  3132   307  1301  2003  1835  2401  1728  1933  3250   342
     507  3344   905  4101 60034  5189  1098  5041  2721  2372  6944
   60033 60030  3206   287  2146  1136   503  1668  4121  1334 60024
    1016  3539  2267  1782  1909  3491  3830  3207  4319  2096 60016
   60024  2159  1009 60036  1751  1624  7214   390 60022 60031  1600
   60018 60016 60014 60017 60013 60017]]

 [[    3     2     2     2     2     2     2     2     2     2     2
       2     2     3     3     2     3     2     2     3     3     2
       2     2     2     2     2     2     3     2     2     2     2
       2     3     2     2     2     2     3     2     2     2     3
       3     2     3     3     2     2     3     3     3     2     3
       3     3     3     3     3     3]
  [60011  1486  2114  2735  1156  3637   896  2929   473  3123  2258
    3859 40486 60017 60030  2107 60028   439  2803 60016 60020   827
    4461  2656  2613  1108   407  2665 60032  2397  2025  3070  1878
    4393 60026  4587  2788  1214  3690 60038  1896  9303  1422 60016
   60017  1117 60020 60033  3301  8767 60016 60020 60034  1038 60016
   60019 60017 60035 60017 60017 60017]]]
unstable
 
 err: 
done running mariposa 577.5
Bisecting: 1254 revisions left to test after this (roughly 10 steps)
[d1a5635b4ad7f8632356b380f3a9b1fc83fdb04f] better model based lemmaas
running python3 /home/yizhou7/mariposa/scripts/z3-bisect.py /home/yizhou7/mariposa/data/bisect_tasks/d_fvbkv_z3_clean--lib-Buckets-PackedStringArray.i.dfy.Impl__PackedStringArray.__default.BinarySearchIndexOfFirstKeyGt.txt
building z3
Bisecting: 1254 revisions left to test after this (roughly 10 steps)
[0a86bd14f792ef5fadb8eeb346729a612f7e1588] start on test nla
running python3 /home/yizhou7/mariposa/scripts/z3-bisect.py /home/yizhou7/mariposa/data/bisect_tasks/d_fvbkv_z3_clean--lib-Buckets-PackedStringArray.i.dfy.Impl__PackedStringArray.__default.BinarySearchIndexOfFirstKeyGt.txt
building z3
Bisecting: 1254 revisions left to test after this (roughly 10 steps)
[f7747d9e76bd685a02ce5c5fbda91fc356856b5e] fix parameter collection for tactic-based solvers reported in #3065
running python3 /home/yizhou7/mariposa/scripts/z3-bisect.py /home/yizhou7/mariposa/data/bisect_tasks/d_fvbkv_z3_clean--lib-Buckets-PackedStringArray.i.dfy.Impl__PackedStringArray.__default.BinarySearchIndexOfFirstKeyGt.txt
building z3
done building z3 3.5
running mariposa
res: 1 
 out: [[[    3     2     2     2     2     2     2     2     2     2     2
       2     2     2     2     2     2     2     2     2     2     2
       2     2     2     2     2     2     2     2     2     2     2
       2     3     2     3     2     3     2     2     2     3     2
       3     2     2     2     2     2     3     3     2     2     3
       2     3     3     3     3     3]
  [60010   542   687   282  1806   273  1465   574   678  3394  2014
     488   707  8315   347  1411   289  2042  1860  1229   779   561
    5607   521   736  4350   294  1944  2327   650 16401  3731   690
    3834 60017   315 60031  1605 60036  2043  3199   833 60037  5537
   60035  9320   840   784  1881  1530 60035 60020  1283   280 60033
    4690 60031 60030 60034 60032 60015]]

 [[    3     2     2     2     2     2     2     2     2     2     2
       2     2     2     2     2     2     2     3     3     2     2
       2     2     2     2     3     2     2     2     2     2     2
       2     2     3     2     2     2     2     3     3     2     2
       2     2     2     3     3     2     2     2     2     3     2
       3     3     3     3     3     3]
  [60010   303  5007  2746  1731  2400   356  2024   307  1114  3941
    2659   948  1321  3227  4221  3090 51243 60016 60036  1000  2467
    1273  3190  4435   300 60018  1181  1695  3222  3479  2019  1083
    1029  2676 60029  1618  3122  1211  4592 60034 60033  2030  3686
    2171  2752  1123 60023 60039  1015  6169   367   803 60033  2526
   60021 60034 60016 60036 60039 60037]]

 [[    3     2     2     2     2     2     2     2     2     2     2
       2     2     2     2     2     3     3     2     2     2     2
       3     3     2     2     2     2     3     2     3     2     2
       2     2     2     2     2     2     2     2     2     2     2
       2     2     2     2     2     3     2     2     2     2     3
       2     3     3     3     3     3]
  [60010   869  1414  2082  1086   977  2175  4065   431  3157  5657
    3626  2270 42796   946   909 60018 60013   402  1920  1621  1055
   60016 60024  1080   471  4988  3318 60014  2630 60015  1862  4675
   10149  1589  5052  1347  1732  2333  3113  2273  1534  1026  2610
    4413   577  3802 10001  2911 60037  6612  6815  2098  2670 60014
    2100 60018 60014 60017 60016 60015]]]
unstable
 
 err: 
done running mariposa 508.6
Bisecting: 1034 revisions left to test after this (roughly 10 steps)
[0644194fc96a853df44c37f9e4522796aa40add8] work on lemma from product to factors, and some renaming
running python3 /home/yizhou7/mariposa/scripts/z3-bisect.py /home/yizhou7/mariposa/data/bisect_tasks/d_fvbkv_z3_clean--lib-Buckets-PackedStringArray.i.dfy.Impl__PackedStringArray.__default.BinarySearchIndexOfFirstKeyGt.txt
building z3
Bisecting: 1034 revisions left to test after this (roughly 10 steps)
[0321312c8db1d3f0edbd23e6e48884fbb7d77d1d] Changed to get_const_interp to match Java and C# bindings
running python3 /home/yizhou7/mariposa/scripts/z3-bisect.py /home/yizhou7/mariposa/data/bisect_tasks/d_fvbkv_z3_clean--lib-Buckets-PackedStringArray.i.dfy.Impl__PackedStringArray.__default.BinarySearchIndexOfFirstKeyGt.txt
building z3
done building z3 3.3
running mariposa
res: 1 
 out: [[[    3     2     2     2     2     2     2     2     2     2     2
       2     3     2     2     2     2     3     2     2     3     2
       3     2     2     2     2     2     3     2     2     3     2
       3     2     2     3     3     2     2     2     3     3     2
       3     3     2     2     2     2     2     2     2     2     2
       3     3     3     3     3     3]
  [60040   366   725   358  1996  2687  3047   416  2756  1589   529
     344 60039  3190   756   680   332 60023  5000   290 60035  5367
   60036   674  1408  1557  3313  1827 60038  3200  1933 60036  1058
   60040  2263  1006 60038 60035  1465  1305   824 60034 60036   786
   60020 60037  2882  1721   549   537   551  2037   563  1788   877
   60019 60036 60037 60016 60036 60014]]

 [[    3     2     2     2     2     2     3     3     2     3     3
       2     3     2     2     2     2     3     3     2     2     2
       2     3     2     2     3     3     3     3     3     3     2
       2     2     2     2     3     2     3     3     2     3     2
       2     2     3     2     2     2     3     3     2     3     3
       3     3     3     3     3     3]
  [60040  1637  2038   820  2737  4669 60017 60021   960 60018 60033
    3006 60032   996  1745  3861  2181 60037 60032  3924  2493  1672
    1387 60015  1783   298 60036 60016 60034 60028 60018 60015  2730
    2124  1136  1706  2132 60038  4831 60037 60035  1925 60035  2050
    3691   283 60033  1584   817  3392 60034 60020  3030 60037 60036
   60035 60023 60032 60017 60036 60038]]

 [[    3     2     2     2     2     2     2     2     2     2     2
       2     2     2     2     2     2     2     2     2     2     2
       2     2     3     3     3     3     2     3     2     2     2
       2     3     2     2     3     3     3     2     3     2     3
       2     3     2     2     2     3     2     2     3     2     2
       3     3     3     3     3     3]
  [60040   376   485   549  1149  1628  2045  1923   619  2024  2329
    1724   678  6998  1285   760  5990  3578  2575   808   706  5879
     856  2866 60034 60021 60030 60031  1550 60027  3553  3589  2498
    3909 60034  3282  3625 60020 60021 60033  1277 60033  2389 60015
    2770 60021   588  2728  1949 60038  3457  2227 60033   654  3810
   60037 60017 60029 60035 60034 60036]]]
unstable
 
 err: 
done running mariposa 706.6
Bisecting: 261 revisions left to test after this (roughly 8 steps)
[6e637348826f0725ba8a01c455448023ca2889e4] Merge pull request #2368 from waywardmonkeys/fix-typo
running python3 /home/yizhou7/mariposa/scripts/z3-bisect.py /home/yizhou7/mariposa/data/bisect_tasks/d_fvbkv_z3_clean--lib-Buckets-PackedStringArray.i.dfy.Impl__PackedStringArray.__default.BinarySearchIndexOfFirstKeyGt.txt
building z3
done building z3 3.3
running mariposa
res: 1 
 out: [[[    2     2     2     2     2     3     3     3     2     2     3
       3     3     3     3     3     3     2     2     2     2     2
       2     2     2     2     3     3     3     3     3     3     3
       2     2     2     3     3     3     2     2     3     2     2
       3     2     3     3     3     2     2     2     2     2     2
       3     3     3     3     3     3]
  [ 1081  1062  3264  1859  2175 60030 60029 60029  1925  5556 60036
   60034 60031 60021 60029 60030 60029  1549   764  4605  4107  3126
    9503  3789  1721  3179 60039 60024 60033 60033 60032 60040 60032
    5386  3473  2089 60033 60036 60032  1360  2595 60033  2195  5287
   60038  2043 60032 60018 60032  5169  3850  3894  2605  9201  1939
   60037 60018 60018 60031 60030 60029]]

 [[    2     2     2     2     2     2     3     2     2     2     3
       2     3     3     3     3     3     2     2     2     2     3
       3     3     3     2     3     2     3     2     3     2     2
       2     3     2     3     3     3     3     2     2     3     3
       3     2     2     2     2     2     3     2     3     3     3
       2     3     3     3     3     3]
  [ 1081  1736  4182  4839  3269   699 60034  2962  2062  2709 60037
    6387 60030 60019 60013 60016 60033  7329  2230  3316  1201 60036
   60034 60030 60028  1638 60026  1926 60021  3941 60034  1897  1774
    1750 60035  2076 60035 60030 60033 60031  3809   381 60016 60016
   60034  2661  1730   927  2603  1763 60033  2274 60030 60028 60032
    3319 60020 60034 60038 60016 60029]]

 [[    2     2     2     2     2     2     3     3     3     3     3
       2     2     2     2     3     2     2     2     2     3     2
       3     3     3     2     3     2     2     2     2     3     2
       2     3     3     2     2     2     2     2     3     3     2
       3     3     2     2     2     2     2     3     3     2     3
       3     3     3     3     3     3]
  [ 1081   891  2684  5536  1633  7545 60018 60027 60035 60025 60024
    1115  1363  2119  2573 60016  1752  3038  4717  3371 60015  3734
   60031 60029 60027  1051 60019   307  2724   697  1813 60016  2223
     952 60019 60034  1899   966 31787  1243  2649 60017 60028  1693
   60030 60028  2999  2988  2171  3022  1656 60021 60032   861 60039
   60020 60033 60034 60028 60023 60019]]]
unstable
 
 err: 
done running mariposa 830.7
Bisecting: 130 revisions left to test after this (roughly 7 steps)
[9b4f327e29de8eadd112e53af5a8fb9f430fabf7] set upload mode to replace
running python3 /home/yizhou7/mariposa/scripts/z3-bisect.py /home/yizhou7/mariposa/data/bisect_tasks/d_fvbkv_z3_clean--lib-Buckets-PackedStringArray.i.dfy.Impl__PackedStringArray.__default.BinarySearchIndexOfFirstKeyGt.txt
building z3
done building z3 3.3
running mariposa
res: 0 
 out: [[[   2    2    2    2    2    2    2    2    2    2    2    2    2    2
      2    2    2    2    2    2    2    2    2    2    2    2    2    2
      2    2    2    2    2    2    2    2    2    2    2    2    2    2
      2    2    2    2    2    2    2    2    2    2    2    2    2    2
      2    2    2    2    2]
  [1512  680 1749 1658 1530 2851 1857 1632 3216 3062 1826 1104 1192 3422
   2820 3704 2123 1348 1086 1638  769 1293 4107 2167 1659 1434 3993 2438
   3744 1424  861 1830  869 1923 2821 2281 1571  982  954 3302 2619 3971
   2446 3237 3974 1135  962 1819 2988  850 1366 1617  923 1924 1308 1967
    886 2711 2984 1659 2574]]

 [[   2    2    2    2    2    2    2    2    2    2    2    2    2    2
      2    2    2    2    2    2    2    2    2    2    2    2    2    2
      2    2    2    2    2    2    2    2    2    2    2    2    2    2
      2    2    2    2    2    2    2    2    2    2    2    2    2    2
      2    2    2    2    2]
  [1512 1399 2908  869 2271  471 2292  477 2950 3059  510  898  522  461
   2906 1548 2131 2571 1914 2500  916 3020  475 3260 3070 2620  590  893
    621 1602 2332 1126  479 1800 2941  486 2329 2267  685  908 2804 2864
   2072  445  844  479  820  871  982 2034 1783  632 2989  883  508 2649
   3850  569 1843  905 2975]]

 [[   2    2    2    2    2    2    2    2    2    2    2    2    2    2
      2    2    2    2    2    2    2    2    2    2    2    2    2    2
      2    2    2    2    2    2    2    2    2    2    2    2    2    2
      2    2    2    2    2    2    2    2    2    2    2    2    2    2
      2    2    2    2    2]
  [1512  228  574 1158 1260 1764 1916 1296  881 2692 1328  736 2723 1546
    519  943 2406  557 1180 2294 3219 2235 1509 2329 1659 1280 1263 1460
   1301 2429 2873 2811 3399 1798 2365 2430 2907 2218 4433 1070  595 1157
   2384 3544 2466 1806 4541 2616 1691 2046 3427 3492 2660 1839 4830  819
   3519  945 1059 3262 2653]]]
stable
 
 err: 
done running mariposa 56.5
Bisecting: 65 revisions left to test after this (roughly 6 steps)
[42ac3a536369a7d4a7eafa1fa15b571b146ba594] merge with csp
running python3 /home/yizhou7/mariposa/scripts/z3-bisect.py /home/yizhou7/mariposa/data/bisect_tasks/d_fvbkv_z3_clean--lib-Buckets-PackedStringArray.i.dfy.Impl__PackedStringArray.__default.BinarySearchIndexOfFirstKeyGt.txt
building z3
done building z3 3.3
running mariposa
res: 0 
 out: [[[   2    2    2    2    2    2    2    2    2    2    2    2    2    2
      2    2    2    2    2    2    2    2    2    2    2    2    2    2
      2    2    2    2    2    2    2    2    2    2    2    2    2    2
      2    2    2    2    2    2    2    2    2    2    2    2    2    2
      2    2    2    2    2]
  [1516  686 1702 1636 1517 1845 2877 1623 3261 3125 1832 1117 3458 1182
   2788 3670 1074 1385 2157 1589  803 1265 2178 4125 1658 1389 4014 2466
   3746 1408  862 1875  879 1931 2851 2274 1559  982  963 3308 2632 3930
   2452 3935 3248 1143  942 1826 3083  862 1365 1638  943 1916 1314 1974
   2706  898 2940 1668 2622]]

 [[   2    2    2    2    2    2    2    2    2    2    2    2    2    2
      2    2    2    2    2    2    2    2    2    2    2    2    2    2
      2    2    2    2    2    2    2    2    2    2    2    2    2    2
      2    2    2    2    2    2    2    2    2    2    2    2    2    2
      2    2    2    2    2]
  [1516 1426  865 2969 2279 2270  487  469 2958 3082  493  529  899  469
   1586 2919 2033 2587 1918 2490  921 3083  480 3288 3070 2588  590 1633
    892  627 2313 1119  478 1826  490 2969 2309 2251  673  912 2799 2052
   2829  473  841  501  821  879  989 1785 2093  640  504 3044  877 3765
   2674  573  912 1853 3053]]

 [[   2    2    2    2    2    2    2    2    2    2    2    2    2    2
      2    2    2    2    2    2    2    2    2    2    2    2    2    2
      2    2    2    2    2    2    2    2    2    2    2    2    2    2
      2    2    2    2    2    2    2    2    2    2    2    2    2    2
      2    2    2    2    2]
  [1516  227  552 1175 1287 1792 1955 1324  888 2656 1324  734 2728 1552
    514  998 2392  539 1187 2260 3219 2257 1514 2283 1668 1305 1282 1461
   1298 2392 2864 2829 3405 1788 2346 2439 2898 4425 2264 1084  596 1130
   2428 3552 2478 1788 4465 2655 1719 1998 3422 3564 2656 1833 4835  836
    934 3497 1060 3298 2642]]]
stable
 
 err: 
done running mariposa 56.7
Bisecting: 32 revisions left to test after this (roughly 5 steps)
[b4290d4b3d7c021965e9ce7ee636caac0f9cac74] python regression
running python3 /home/yizhou7/mariposa/scripts/z3-bisect.py /home/yizhou7/mariposa/data/bisect_tasks/d_fvbkv_z3_clean--lib-Buckets-PackedStringArray.i.dfy.Impl__PackedStringArray.__default.BinarySearchIndexOfFirstKeyGt.txt
building z3
done building z3 3.3
running mariposa
res: 1 
 out: [[[    3     2     2     2     3     3     3     3     2     3     2
       3     2     2     2     2     2     3     3     3     3     2
       3     2     2     2     3     3     2     2     3     3     3
       3     2     2     2     2     2     2     2     2     2     3
       3     3     3     2     3     3     2     3     3     3     3
       2     3     3     3     3     3]
  [60036  2288  1485  3835 60018 60018 60033 60029  6262 60015  3771
   60035  3419  5498  1997 34316   686 60036 60017 60030 60031   882
   60029 27609  1082  1856 60020 60028  1993  4848 60035 60032 60022
   60031  3567  1458  2831  5208  5035  5483  2703   856   876 60025
   60017 60023 60019  2129 60013 60020  6069 60016 60035 60033 60035
    4914 60033 60017 60031 60033 60037]]

 [[    3     2     2     2     2     2     2     2     2     3     2
       2     2     2     2     3     3     2     3     3     2     2
       2     2     2     3     2     2     3     2     2     3     2
       2     3     3     3     3     3     2     3     2     2     3
       2     2     3     2     3     2     2     2     2     2     3
       3     2     3     3     3     3]
  [60036  2867  2830  1332   818  2054  1925  2004  5288 60017  2366
    1659  2463  1614   714 60033 60028  3769 60031 60028  2286  1432
    1798   827  1092 60020  1313  1283 60029  2053   352 60034  1327
    1000 60021 60021 60018 60030 60065  3223 60031  3662  1789 60035
    2056  1998 60036  2639 60033  2101  1331  2269  3348  2636 60031
   60034  1204 60016 60030 60020 60034]]

 [[    3     2     2     2     2     2     2     2     2     2     2
       3     3     3     3     3     3     2     2     2     3     2
       2     2     2     3     3     3     3     2     2     3     2
       2     3     2     2     3     2     2     2     2     3     2
       3     3     2     2     3     2     2     3     3     3     2
       3     3     3     3     3     3]
  [60036  1207  1656  2484  2875  3020  2021  1325  5631  2795  3523
   60018 60025 60017 60022 60023 60027  4400  1801  3761 60038  9821
    4263  2643  1653 60016 60034 60028 60030  1223  2320 60023  2650
    5405 60030  4765  2066 60033  1722  2650  1165   953 60018  3360
   60017 60033  1385  3262 60033  2210  2402 60017 60037 60035   930
   60016 60019 60020 60019 60035 60016]]]
unstable
 
 err: 
done running mariposa 838.7
Bisecting: 16 revisions left to test after this (roughly 4 steps)
[0f7ff2a3d016ce6cc0dcc2654a6aa0187bc55192] swap
running python3 /home/yizhou7/mariposa/scripts/z3-bisect.py /home/yizhou7/mariposa/data/bisect_tasks/d_fvbkv_z3_clean--lib-Buckets-PackedStringArray.i.dfy.Impl__PackedStringArray.__default.BinarySearchIndexOfFirstKeyGt.txt
building z3
done building z3 3.4
running mariposa
res: 0 
 out: [[[   2    2    2    2    2    2    2    2    2    2    2    2    2    2
      2    2    2    2    2    2    2    2    2    2    2    2    2    2
      2    2    2    2    2    2    2    2    2    2    2    2    2    2
      2    2    2    2    2    2    2    2    2    2    2    2    2    2
      2    2    2    2    2]
  [1126  981 1308  793  553 1926 1004  713 1085  946  971 2072  489 2792
   1023 1623 1153 1231 2416  875 1934 2668 1205 2376 1085 2773  681  539
    468 2104 1930  924 2119 2229 2144 1384 2771 1015 1465  822  862 1082
   1762 2167 1537 1552  946 1310 1378  810  850  904  968  783 1290 2204
    630 1679 1707  652 1114]]

 [[   2    2    2    2    2    2    2    2    2    2    2    2    2    2
      2    2    2    2    2    2    2    2    2    2    2    2    2    2
      2    2    2    2    2    2    2    2    2    2    2    2    2    2
      2    2    2    2    2    2    2    2    2    2    2    2    2    2
      2    2    2    2    2]
  [1126  982 1203 1886 1017 1269  627 1269 1349 1485 1068 1765 1202 2663
   1188 1811 2497 3305 1132 1796 1783 2203 2175 1394  749 1555 1620 3995
   1692 1554 2170 1145 2893 2072 1991 1222 1257 2127 2444 1504 3702  728
   1673 4367  665 1080 1724 1288 1384 5453 1849 2601 1177  838 2848 1366
   1283 3686 2002 2510 1575]]

 [[   2    2    2    2    2    2    2    2    2    2    2    2    2    2
      2    2    2    2    2    2    2    2    2    2    2    2    2    2
      2    2    2    2    2    2    2    2    2    2    2    2    2    2
      2    2    2    2    2    2    2    2    2    2    2    2    2    2
      2    2    2    2    2]
  [1126 1036 1178 1226 1342 1499 1515 1538 2223 2049 2163 1881 3571 2034
    769 1965 1870 1167 2368 2278 2555 3321 1202 1210  923 1414 2227  978
   2133 1833 2682 2141 1568 1641 1423 1410  771  879 1807  816 2860 2561
   1892  818 1928 1672 1069 1352 1730 1967 1111 1638 1887 1705 1066 1803
   1110 2864 1532 4418 2999]]]
stable
 
 err: 
done running mariposa 49.9
Bisecting: 7 revisions left to test after this (roughly 3 steps)
[89e8a1392c992a6c37b8c5320b9e4b9b506bd4a1] na
running python3 /home/yizhou7/mariposa/scripts/z3-bisect.py /home/yizhou7/mariposa/data/bisect_tasks/d_fvbkv_z3_clean--lib-Buckets-PackedStringArray.i.dfy.Impl__PackedStringArray.__default.BinarySearchIndexOfFirstKeyGt.txt
building z3
done building z3 3.3
running mariposa
res: 1 
 out: [[[    3     2     2     2     3     3     3     3     2     3     2
       3     2     2     2     2     2     3     3     3     3     2
       3     2     2     2     3     3     2     2     3     3     3
       3     2     2     2     2     2     2     2     2     2     3
       3     3     3     2     3     3     2     3     3     3     3
       2     3     3     3     3     3]
  [60037  2345  1469  3887 60017 60018 60031 60028  6314 60015  3715
   60034  3348  5497 33371   695  1926 60036 60018 60029 60031   909
   60030 27603  1078  1875 60020 60030  2002  4757 60033 60033 60023
   60029  3593  1455  2875  5278  5038  5559  2684   870   889 60025
   60017 60023 60018  2172 60013 60021  6067 60017 60035 60033 60035
    4978 60032 60016 60033 60035 60035]]

 [[    3     2     2     2     2     2     2     2     2     3     2
       2     2     2     2     3     3     2     3     3     2     2
       2     2     2     3     2     2     3     2     2     3     2
       2     3     3     3     3     3     2     3     2     2     3
       2     2     3     2     3     2     2     2     2     3     3
       2     2     3     3     3     3]
  [60037  2887  2838  1335   820  2043  1925  2005  5249 60018  2504
    1756  2453  1676   721 60033 60028  3806 60029 60028  2295  1440
    1780   841  1094 60020  1273  1324 60030  2094   349 60034  1355
    1009 60021 60021 60018 60030 60063  3192 60030  3687  1793 60034
    1973  2049 60033  2560 60034  2247  1398  2381  3365 60031 60032
    2758  1264 60018 60031 60019 60034]]

 [[    3     2     2     2     2     2     2     2     2     2     2
       3     3     3     3     3     3     2     2     2     3     2
       2     2     2     3     3     3     3     2     2     3     2
       2     3     2     2     3     2     2     2     2     3     2
       3     3     2     3     2     2     2     3     3     3     2
       3     3     3     3     3     3]
  [60037  1162  1699  2481  2901  3025  1993  1312  5659  2819  3538
   60024 60016 60017 60020 60024 60028  4402  1772  3835 60038  9962
    4272  2674  1653 60016 60034 60028 60030  1224  2342 60024  2670
    5416 60032  4752  2071 60033  1754  2705  1181   973 60017  3392
   60015 60033  1406 60032  3238  2156  2327 60017 60036 60035   979
   60017 60019 60021 60021 60034 60018]]]
unstable
 
 err: 
done running mariposa 838.9
Bisecting: 4 revisions left to test after this (roughly 2 steps)
[1827f98851e1866187abe743afd2d80bc786412f] more fixes for mutexes in shell
running python3 /home/yizhou7/mariposa/scripts/z3-bisect.py /home/yizhou7/mariposa/data/bisect_tasks/d_fvbkv_z3_clean--lib-Buckets-PackedStringArray.i.dfy.Impl__PackedStringArray.__default.BinarySearchIndexOfFirstKeyGt.txt
building z3
done building z3 3.3
running mariposa
res: 0 
 out: [[[   2    2    2    2    2    2    2    2    2    2    2    2    2    2
      2    2    2    2    2    2    2    2    2    2    2    2    2    2
      2    2    2    2    2    2    2    2    2    2    2    2    2    2
      2    2    2    2    2    2    2    2    2    2    2    2    2    2
      2    2    2    2    2]
  [1136  960 1309  842  553  985 1839 1082  709  947  989 2098  485 2814
   1624 1062 1143 1205 2429  916 1917 1199 2366 2672 1079 2795  712  540
    470 2072  930 1910 2048 2218 2162 2746 1390 1009 1489  822  858 1088
   2166 1759 1522  941 1579 1272 1405  820  835  918  780  963 1290 2195
    624 1707 1667  643 1100]]

 [[   2    2    2    2    2    2    2    2    2    2    2    2    2    2
      2    2    2    2    2    2    2    2    2    2    2    2    2    2
      2    2    2    2    2    2    2    2    2    2    2    2    2    2
      2    2    2    2    2    2    2    2    2    2    2    2    2    2
      2    2    2    2    2]
  [1136  980 1221 1859 1035 1218  626 1313 1351 1455 1076 1760 1201 2674
   1181 2460 1783 3286 1122 1804 1772 2199 2173 1352  754 1529 1595 3972
   1703 1589 2154 1137 2017 2924 2003 1188 1240 2133 2403 1489  732 3735
   1661 1084  670 4415 1712 1226 1395 5346 1167 2592 1865  802 2843 1376
   1299 3679 1974 2500 1581]]

 [[   2    2    2    2    2    2    2    2    2    2    2    2    2    2
      2    2    2    2    2    2    2    2    2    2    2    2    2    2
      2    2    2    2    2    2    2    2    2    2    2    2    2    2
      2    2    2    2    2    2    2    2    2    2    2    2    2    2
      2    2    2    2    2]
  [1136 1033 1172 1193 1331 1494 1494 1525 2224 2134 2047 1877 3613 2027
    769 1970 1892 1172 2337 2269 2495 3262 1175 1199  933 1381 2283  973
   2110 2670 1816 2137 1668 1544 1435 1391  758  876  805 1796 2840 2534
   1869  823 1056 2030 1658 1702 1278 1926 1104 1652 1876 1700 1068 1828
   1090 2860 1502 4356 2987]]]
stable
 
 err: 
done running mariposa 49.8
Bisecting: 1 revision left to test after this (roughly 1 step)
[5177cc4a9a58df192c6a844ca13abf7e7cd3be15] change lt
running python3 /home/yizhou7/mariposa/scripts/z3-bisect.py /home/yizhou7/mariposa/data/bisect_tasks/d_fvbkv_z3_clean--lib-Buckets-PackedStringArray.i.dfy.Impl__PackedStringArray.__default.BinarySearchIndexOfFirstKeyGt.txt
building z3
done building z3 3.3
running mariposa
res: 1 
 out: [[[    3     2     2     2     3     3     3     3     2     3     2
       3     2     2     2     2     2     3     3     3     3     2
       3     2     2     2     3     3     2     2     3     3     3
       3     2     2     2     2     2     2     2     2     2     3
       3     3     3     2     3     3     2     3     3     3     3
       2     3     3     3     3     3]
  [60035  2310  1497  3865 60016 60019 60032 60028  6255 60015  3710
   60035  3398  5511 34305  1960   687 60036 60017 60031 60032   897
   60029 27789  1076  1843 60020 60030  2021  4794 60035 60034 60023
   60030  3704  1539  2902  5356  5089  5570  2717   885   873 60024
   60017 60025 60019  2144 60014 60021  6249 60018 60033 60033 60036
    4975 60031 60017 60031 60035 60035]]

 [[    3     2     2     2     2     2     2     2     2     3     2
       2     2     2     2     3     3     2     3     3     2     2
       2     2     2     3     2     2     3     2     2     3     2
       2     3     3     3     3     3     2     3     2     2     3
       2     2     3     2     3     2     2     2     2     2     3
       3     2     3     3     3     3]
  [60035  2888  2829  1330   824  2058  1932  1990  5299 60016  2503
    1779  2496  1704   686 60034 60031  3605 60029 60027  2301  1466
    1806   840  1098 60021  1288  1344 60032  2101   353 60033  1333
    1004 60022 60022 60019 60064 60029  3175 60030  3695  1807 60034
    2045  1937 60036  2549 60034  2222  1405  2326  3391  2720 60029
   60030  1250 60016 60030 60019 60034]]

 [[    3     2     2     2     2     2     2     2     2     2     2
       3     3     3     3     3     3     2     2     2     3     2
       2     2     2     3     3     3     3     2     2     3     2
       2     3     2     2     3     2     2     2     2     3     2
       3     3     2     2     3     2     2     3     3     3     2
       3     3     3     3     3     3]
  [60035  1158  1649  2556  2877  3063  2029  1337  5685  2813  3579
   60029 60017 60018 60020 60025 60027  4451  1801  3769 60036  9977
    4301  2663  1651 60016 60035 60029 60030  1202  2336 60022  2650
    5466 60032  4735  2096 60033  1762  2694  1170   942 60017  3365
   60016 60034  1414  3274 60034  2170  2393 60017 60037 60034   971
   60017 60019 60020 60020 60037 60017]]]
unstable
 
 err: 
done running mariposa 838.9
Bisecting: 0 revisions left to test after this (roughly 1 step)
[7c9d2e0d75757ed6aa535f72c7dec70d5a527fed] pydoc test
running python3 /home/yizhou7/mariposa/scripts/z3-bisect.py /home/yizhou7/mariposa/data/bisect_tasks/d_fvbkv_z3_clean--lib-Buckets-PackedStringArray.i.dfy.Impl__PackedStringArray.__default.BinarySearchIndexOfFirstKeyGt.txt
building z3
done building z3 3.4
running mariposa
res: 0 
 out: [[[   2    2    2    2    2    2    2    2    2    2    2    2    2    2
      2    2    2    2    2    2    2    2    2    2    2    2    2    2
      2    2    2    2    2    2    2    2    2    2    2    2    2    2
      2    2    2    2    2    2    2    2    2    2    2    2    2    2
      2    2    2    2    2]
  [1119  973 1299  555  807 1825  997 1118  713  956  946 2037 2823  489
   1640 1022 1153 1216 2377  880 1932 2618 1182 1115 2382 2782  665  541
    469 2051  940 1920 2065 2226 1380 2141 2771 1006 1490  817  854 1074
   2174 1783 1537  931 1549 1259 1353  818  859  921  776 1303  956 2226
   1698  625 1708  626 1106]]

 [[   2    2    2    2    2    2    2    2    2    2    2    2    2    2
      2    2    2    2    2    2    2    2    2    2    2    2    2    2
      2    2    2    2    2    2    2    2    2    2    2    2    2    2
      2    2    2    2    2    2    2    2    2    2    2    2    2    2
      2    2    2    2    2]
  [1119  978 1211 1034 1875 1225  617 1269 1342 1474 1070 1743 1199 2685
   1170 1815 2512 3249 1182 1798 1803 2185 2198 1350  741 1542 1587 3993
   1667 1558 2157 1117 2895 2062 2001 1230 1250 2087 2413 1510 3659 1654
    725  676 4372 1106 1723 1230 1401 2549 5446 1179 1846  796 2844 1370
   1279 3633 2016 2546 1595]]

 [[   2    2    2    2    2    2    2    2    2    2    2    2    2    2
      2    2    2    2    2    2    2    2    2    2    2    2    2    2
      2    2    2    2    2    2    2    2    2    2    2    2    2    2
      2    2    2    2    2    2    2    2    2    2    2    2    2    2
      2    2    2    2    2]
  [1119 1078 1157 1210 1339 1530 1559 1516 2209 2194 3517 1871 2032 2018
    770 1962 1882 1149 2352 2243 2538 3355 1184 1174  910 1377 2268  992
   2183 2664 1849 2109 1628 1535 1423 1363  763  883 1814  799 2534 1840
   2926 1922  820 1669 1055 1293 1771 1952 1133 1621 1865 1745 1063 1809
   1117 2838 1503 4310 2985]]]
stable
 
 err: 
done running mariposa 49.7
5177cc4a9a58df192c6a844ca13abf7e7cd3be15 is the first bad commit
commit 5177cc4a9a58df192c6a844ca13abf7e7cd3be15
Author: Nikolaj Bjorner <nbjorner@microsoft.com>
Date:   Fri Jun 21 09:08:20 2019 +0200

    change lt
    
    Signed-off-by: Nikolaj Bjorner <nbjorner@microsoft.com>

:040000 040000 bba0b3898c697bc6efeb66752253b42641d4a606 dc4029a365361041d58c5e9f581973ad21a69ecd M	src
bisect run success
git bisect start
# good: [e79542cc689d52ec4cb34ce4ae3fbe56e7a0bf70] fix #2309
git bisect good e79542cc689d52ec4cb34ce4ae3fbe56e7a0bf70
# bad: [ad55a1f1c617a7f0c3dd735c0780fc758424c7f1] Update release.yml for Azure Pipelines
git bisect bad ad55a1f1c617a7f0c3dd735c0780fc758424c7f1
# skip: [e2702f3ae88f5c48a55f4473bb5c29184c182634] fixes in assigning constraints to intervals
git bisect skip e2702f3ae88f5c48a55f4473bb5c29184c182634
# skip: [1915812f84cf41a5f232eedf2a695a54d055aa88] add a test for intervals
git bisect skip 1915812f84cf41a5f232eedf2a695a54d055aa88
# bad: [8faf35e2e0c8fce99794e71bd3b5de74b95ceb5a] fix #3735
git bisect bad 8faf35e2e0c8fce99794e71bd3b5de74b95ceb5a
# skip: [d1a5635b4ad7f8632356b380f3a9b1fc83fdb04f] better model based lemmaas
git bisect skip d1a5635b4ad7f8632356b380f3a9b1fc83fdb04f
# skip: [0a86bd14f792ef5fadb8eeb346729a612f7e1588] start on test nla
git bisect skip 0a86bd14f792ef5fadb8eeb346729a612f7e1588
# bad: [f7747d9e76bd685a02ce5c5fbda91fc356856b5e] fix parameter collection for tactic-based solvers reported in #3065
git bisect bad f7747d9e76bd685a02ce5c5fbda91fc356856b5e
# skip: [0644194fc96a853df44c37f9e4522796aa40add8] work on lemma from product to factors, and some renaming
git bisect skip 0644194fc96a853df44c37f9e4522796aa40add8
# bad: [0321312c8db1d3f0edbd23e6e48884fbb7d77d1d] Changed to get_const_interp to match Java and C# bindings
git bisect bad 0321312c8db1d3f0edbd23e6e48884fbb7d77d1d
# bad: [6e637348826f0725ba8a01c455448023ca2889e4] Merge pull request #2368 from waywardmonkeys/fix-typo
git bisect bad 6e637348826f0725ba8a01c455448023ca2889e4
# good: [9b4f327e29de8eadd112e53af5a8fb9f430fabf7] set upload mode to replace
git bisect good 9b4f327e29de8eadd112e53af5a8fb9f430fabf7
# good: [42ac3a536369a7d4a7eafa1fa15b571b146ba594] merge with csp
git bisect good 42ac3a536369a7d4a7eafa1fa15b571b146ba594
# bad: [b4290d4b3d7c021965e9ce7ee636caac0f9cac74] python regression
git bisect bad b4290d4b3d7c021965e9ce7ee636caac0f9cac74
# good: [0f7ff2a3d016ce6cc0dcc2654a6aa0187bc55192] swap
git bisect good 0f7ff2a3d016ce6cc0dcc2654a6aa0187bc55192
# bad: [89e8a1392c992a6c37b8c5320b9e4b9b506bd4a1] na
git bisect bad 89e8a1392c992a6c37b8c5320b9e4b9b506bd4a1
# good: [1827f98851e1866187abe743afd2d80bc786412f] more fixes for mutexes in shell
git bisect good 1827f98851e1866187abe743afd2d80bc786412f
# bad: [5177cc4a9a58df192c6a844ca13abf7e7cd3be15] change lt
git bisect bad 5177cc4a9a58df192c6a844ca13abf7e7cd3be15
# good: [7c9d2e0d75757ed6aa535f72c7dec70d5a527fed] pydoc test
git bisect good 7c9d2e0d75757ed6aa535f72c7dec70d5a527fed
# first bad commit: [5177cc4a9a58df192c6a844ca13abf7e7cd3be15] change lt
