running python3 /home/yizhou7/mariposa/scripts/z3-bisect.py /home/yizhou7/mariposa/data/bisect_tasks/d_fvbkv_z3_clean--lib-Marshalling-GenericMarshalling.i.dfy.Impl__GenericMarshalling.__default.MarshallByteArrayInterior.txt
building z3
Bisecting: 1453 revisions left to test after this (roughly 11 steps)
[1915812f84cf41a5f232eedf2a695a54d055aa88] add a test for intervals
running python3 /home/yizhou7/mariposa/scripts/z3-bisect.py /home/yizhou7/mariposa/data/bisect_tasks/d_fvbkv_z3_clean--lib-Marshalling-GenericMarshalling.i.dfy.Impl__GenericMarshalling.__default.MarshallByteArrayInterior.txt
building z3
Bisecting: 1453 revisions left to test after this (roughly 11 steps)
[8faf35e2e0c8fce99794e71bd3b5de74b95ceb5a] fix #3735
running python3 /home/yizhou7/mariposa/scripts/z3-bisect.py /home/yizhou7/mariposa/data/bisect_tasks/d_fvbkv_z3_clean--lib-Marshalling-GenericMarshalling.i.dfy.Impl__GenericMarshalling.__default.MarshallByteArrayInterior.txt
building z3
done building z3 3.5
running mariposa
res: 1 
 out: [[[  2   2   2   2   2   4   2   2   2   2   2   2   2   2   2   2   2
     2   2   2   2   2   2   2   2   2   2   2   2   2   2   2   2   4
     2   2   2   2   2   2   2   2   2   4   2   2   2   2   4   2   2
     2   2   2   2   2   2   4   2   2   2]
  [283 389 431 403 379 318 399 328 419 384 378 461 387 392 347 423 392
   390 435 383 341 410 399 335 408 405 410 365 374 360 403 340 349 420
   321 449 379 396 422 372 447 381 492 394 423 417 395 367 595 385 348
   472 336 361 355 343 386 401 423 342 311]]

 [[  2   2   4   2   4   2   4   2   2   2   4   2   2   4   4   2   4
     4   2   2   2   2   2   2   2   4   2   2   2   2   2   2   2   2
     2   2   2   2   2   2   2   4   2   2   2   2   2   2   4   2   2
     2   2   2   2   2   2   2   2   2   2]
  [283 351 304 297 392 433 357 368 389 328 249 380 346 286 292 310 370
   277 379 303 324 343 407 451 426 310 364 378 375 410 426 326 405 366
   719 353 348 363 403 526 430 345 363 370 346 424 417 382 393 343 363
   402 434 441 441 395 385 376 309 406 399]]

 [[  2   2   2   2   2   2   2   2   4   2   2   4   4   2   2   2   4
     2   2   2   4   2   2   4   2   2   2   2   4   2   4   2   2   2
     4   2   4   2   2   2   2   2   2   2   2   2   2   4   2   2   2
     2   2   4   2   2   2   4   2   2   2]
  [283 322 375 419 398 414 481 527 398 368 375 361 518 472 424 375 468
   325 491 411 501 562 382 299 297 403 481 397 301 420 661 459 343 476
   267 420 442 430 440 413 480 383 406 403 370 449 426 398 510 487 410
   374 509 365 498 424 339 445 477 406 377]]]
unstable
 
 err: 
done running mariposa 14.7
Bisecting: 1254 revisions left to test after this (roughly 10 steps)
[d1a5635b4ad7f8632356b380f3a9b1fc83fdb04f] better model based lemmaas
running python3 /home/yizhou7/mariposa/scripts/z3-bisect.py /home/yizhou7/mariposa/data/bisect_tasks/d_fvbkv_z3_clean--lib-Marshalling-GenericMarshalling.i.dfy.Impl__GenericMarshalling.__default.MarshallByteArrayInterior.txt
building z3
Bisecting: 1254 revisions left to test after this (roughly 10 steps)
[0a86bd14f792ef5fadb8eeb346729a612f7e1588] start on test nla
running python3 /home/yizhou7/mariposa/scripts/z3-bisect.py /home/yizhou7/mariposa/data/bisect_tasks/d_fvbkv_z3_clean--lib-Marshalling-GenericMarshalling.i.dfy.Impl__GenericMarshalling.__default.MarshallByteArrayInterior.txt
building z3
Bisecting: 1254 revisions left to test after this (roughly 10 steps)
[f7747d9e76bd685a02ce5c5fbda91fc356856b5e] fix parameter collection for tactic-based solvers reported in #3065
running python3 /home/yizhou7/mariposa/scripts/z3-bisect.py /home/yizhou7/mariposa/data/bisect_tasks/d_fvbkv_z3_clean--lib-Marshalling-GenericMarshalling.i.dfy.Impl__GenericMarshalling.__default.MarshallByteArrayInterior.txt
building z3
done building z3 3.5
running mariposa
res: 1 
 out: [[[   2    2    2    2    2    4    2    2    2    2    2    2    2    4
      2    2    2    2    2    2    2    2    2    2    2    2    4    2
      2    2    2    2    2    4    2    2    4    2    2    2    2    2
      2    4    2    2    4    2    2    2    2    2    2    2    2    2
      2    2    2    2    2]
  [ 290  378  441  424  376  329  376  351  445  395  369  467  377  297
    351  383  521  447  395  428  421  395  332  375  463  363  374  367
    385  370  394  368  379  420  440  403  390  411  360  371  389  462
    350  403  435  445  393  377  363  365  562  341  434  419  385  373
    332  426  415  339  307]]

 [[   2    4    2    2    2    4    4    2    2    2    2    4    4    4
      2    4    2    4    2    2    2    2    2    4    4    2    2    2
      2    2    2    2    2    2    4    2    2    2    2    2    2    4
      2    2    2    2    2    4    2    2    2    2    2    2    2    2
      2    2    2    4    4]
  [ 290  301  405  422  289  308  544  413  360  371  334  264  266  255
    385  296  349  290  326  311  310  332  342  291  282  432  337  332
    374  386  380  328  425  375  539  370  346  369  381  351  413  293
    396  344  393  372  340  365  356  405  361  405  380  389  462  444
    475  387  317  329 1177]]

 [[   2    2    2    2    2    2    2    2    4    4    4    2    2    4
      2    2    4    2    2    4    2    2    2    4    2    2    2    2
      4    4    2    2    2    2    2    4    2    2    4    4    2    2
      2    2    2    2    2    4    2    2    2    2    4    2    2    2
      4    2    2    2    2]
  [ 290  373  388  398  398  408  476  536  344  336  363  369  457  346
    431  404  469  343  503  513  436  459  358  308  289  402  438  444
    544  309  419  488  361  394  472  268  409  573  550  452  367  444
    467  384  411  368  374  375  454  479  387  498  346  432  342  440
    403  707  405  396  454]]]
unstable
 
 err: 
done running mariposa 14.8
Bisecting: 1034 revisions left to test after this (roughly 10 steps)
[0644194fc96a853df44c37f9e4522796aa40add8] work on lemma from product to factors, and some renaming
running python3 /home/yizhou7/mariposa/scripts/z3-bisect.py /home/yizhou7/mariposa/data/bisect_tasks/d_fvbkv_z3_clean--lib-Marshalling-GenericMarshalling.i.dfy.Impl__GenericMarshalling.__default.MarshallByteArrayInterior.txt
building z3
Bisecting: 1034 revisions left to test after this (roughly 10 steps)
[0321312c8db1d3f0edbd23e6e48884fbb7d77d1d] Changed to get_const_interp to match Java and C# bindings
running python3 /home/yizhou7/mariposa/scripts/z3-bisect.py /home/yizhou7/mariposa/data/bisect_tasks/d_fvbkv_z3_clean--lib-Marshalling-GenericMarshalling.i.dfy.Impl__GenericMarshalling.__default.MarshallByteArrayInterior.txt
building z3
done building z3 3.4
running mariposa
res: 1 
 out: [[[  2   2   2   2   2   2   2   2   2   2   2   2   2   2   2   2   2
     2   2   2   2   2   2   2   2   2   2   2   2   2   2   2   2   2
     2   2   2   2   2   2   2   2   2   2   2   2   2   2   2   2   2
     2   2   2   2   2   2   2   2   2   2]
  [302 385 390 409 404 420 428 415 364 402 470 439 409 426 430 380 430
   408 388 445 394 432 355 397 419 445 479 413 419 427 431 394 390 415
   417 400 441 364 391 399 363 415 449 326 422 406 384 414 421 388 436
   382 377 375 409 413 408 384 359 452 367]]

 [[  2   2   4   2   2   2   2   2   2   2   4   2   2   2   2   2   2
     4   2   2   4   4   4   4   4   2   2   4   2   2   4   2   2   2
     2   2   2   2   2   2   2   2   2   2   2   2   4   2   2   2   4
     2   4   2   2   2   2   2   2   2   2]
  [302 375 367 472 379 366 458 553 353 345 466 446 419 317 365 476 309
   314 377 423 358 395 308 355 281 417 433 402 452 353 427 488 375 368
   314 463 437 377 379 476 337 390 372 375 362 436 343 402 382 398 308
   382 301 376 369 434 452 384 376 390 412]]

 [[  2   4   4   2   2   2   2   2   4   2   4   2   2   2   2   4   4
     2   2   4   2   2   2   4   2   2   4   2   2   2   4   2   4   2
     2   2   2   2   2   4   2   2   2   2   2   4   4   2   2   2   2
     4   2   2   2   2   4   2   2   2   2]
  [302 356 390 423 476 452 457 543 317 383 342 413 472 397 373 312 307
   452 426 424 596 346 467 310 337 425 945 440 470 393 304 403 529 400
   452 356 411 591 452 304 431 438 459 386 433 510 507 326 473 346 466
   539 414 487 537 615 406 403 335 368 431]]]
unstable
 
 err: 
done running mariposa 15.1
Bisecting: 261 revisions left to test after this (roughly 8 steps)
[6e637348826f0725ba8a01c455448023ca2889e4] Merge pull request #2368 from waywardmonkeys/fix-typo
running python3 /home/yizhou7/mariposa/scripts/z3-bisect.py /home/yizhou7/mariposa/data/bisect_tasks/d_fvbkv_z3_clean--lib-Marshalling-GenericMarshalling.i.dfy.Impl__GenericMarshalling.__default.MarshallByteArrayInterior.txt
building z3
done building z3 3.4
running mariposa
res: 1 
 out: [[[  2   2   2   2   2   2   2   2   2   2   2   2   2   2   2   2   4
     2   2   2   2   2   2   2   2   2   2   2   2   2   2   2   2   2
     2   2   2   2   2   2   2   2   2   2   2   2   2   2   2   2   2
     2   2   2   2   2   2   2   2   2   2]
  [321 418 489 453 475 376 447 566 408 433 573 707 418 511 548 540 487
   462 440 510 653 572 463 461 596 515 513 472 449 438 468 524 375 458
   376 365 581 469 456 480 522 488 553 415 515 484 458 551 451 474 427
   453 609 469 487 574 416 393 359 389 408]]

 [[  2   4   4   2   2   2   2   2   2   4   2   2   2   2   2   2   2
     2   2   4   4   2   2   2   4   2   2   2   2   4   2   4   4   2
     2   2   2   2   2   2   2   2   2   2   2   2   4   2   2   4   4
     2   2   2   2   4   2   2   4   2   4]
  [321 314 483 454 352 339 395 447 423 341 416 477 362 393 458 397 481
   434 471 389 239 385 411 491 373 367 623 524 456 398 346 417 429 539
   502 485 422 391 374 462 457 412 424 332 345 370 374 526 657 559 700
   402 437 382 471 257 411 369 357 417 525]]

 [[  2   4   4   2   2   2   2   2   2   2   2   2   2   4   2   2   2
     2   2   2   2   4   4   2   2   2   2   4   2   4   2   2   4   4
     4   2   2   2   4   4   2   4   2   2   2   4   4   4   2   2   4
     2   2   4   4   2   2   4   2   2   2]
  [321 326 308 350 374 406 405 519 382 334 396 419 502 408 352 380 463
   344 347 499 359 474 414 393 367 377 439 545 400 392 408 436 392 380
   576 526 322 303 524 473 480 361 428 415 595 419 330 331 477 479 318
   363 404 328 503 518 578 389 411 333 374]]]
unstable
 
 err: 
done running mariposa 15.9
Bisecting: 130 revisions left to test after this (roughly 7 steps)
[9b4f327e29de8eadd112e53af5a8fb9f430fabf7] set upload mode to replace
running python3 /home/yizhou7/mariposa/scripts/z3-bisect.py /home/yizhou7/mariposa/data/bisect_tasks/d_fvbkv_z3_clean--lib-Marshalling-GenericMarshalling.i.dfy.Impl__GenericMarshalling.__default.MarshallByteArrayInterior.txt
building z3
done building z3 3.3
running mariposa
res: 0 
 out: [[[  2   2   2   2   2   2   2   2   2   2   2   4   2   2   2   2   2
     2   2   2   2   2   2   2   2   2   2   2   2   2   2   2   2   2
     2   2   2   2   2   2   2   2   2   2   2   2   2   2   2   2   2
     2   2   2   2   2   2   2   2   2   2]
  [249 306 337 370 382 429 351 337 374 423 440 297 366 388 402 368 379
   357 303 389 465 361 366 419 409 432 491 399 305 354 346 387 368 340
   445 358 369 291 396 445 263 367 302 557 296 435 505 329 408 394 498
   457 390 299 288 403 373 461 381 283 321]]

 [[  2   2   2   2   2   2   2   2   2   2   2   2   2   2   2   2   2
     2   2   2   2   2   2   2   2   2   2   2   2   2   2   2   2   2
     2   2   2   2   2   2   2   2   2   2   2   2   2   2   2   2   2
     2   2   2   2   2   2   2   2   2   2]
  [249 340 314 307 329 412 404 415 348 413 454 422 312 407 334 430 460
   311 308 367 311 431 440 420 441 310 444 401 312 453 337 403 409 320
   322 451 326 340 406 343 344 315 429 427 328 327 323 367 405 312 314
   364 317 320 341 315 353 313 408 328 334]]

 [[  2   2   2   2   2   2   2   2   2   2   2   2   2   2   2   2   2
     2   2   2   2   2   2   2   2   2   2   2   2   2   2   2   2   2
     2   2   2   2   2   2   2   2   2   2   2   2   2   2   2   2   2
     2   2   2   2   2   2   2   2   2   2]
  [249 342 371 360 413 410 423 483 396 393 343 376 407 420 521 351 381
   408 405 446 409 479 344 404 325 413 504 463 362 425 371 398 362 366
   330 515 346 457 478 446 344 398 344 458 398 427 415 366 353 361 357
   299 321 331 330 364 407 376 332 424 352]]]
stable
 
 err: 
done running mariposa 14.1
Bisecting: 65 revisions left to test after this (roughly 6 steps)
[42ac3a536369a7d4a7eafa1fa15b571b146ba594] merge with csp
running python3 /home/yizhou7/mariposa/scripts/z3-bisect.py /home/yizhou7/mariposa/data/bisect_tasks/d_fvbkv_z3_clean--lib-Marshalling-GenericMarshalling.i.dfy.Impl__GenericMarshalling.__default.MarshallByteArrayInterior.txt
building z3
done building z3 3.4
running mariposa
res: 0 
 out: [[[  2   2   2   2   2   2   2   2   2   2   2   4   2   2   2   2   2
     2   2   2   2   2   2   2   2   2   2   2   2   2   2   2   2   2
     2   2   2   2   2   2   2   2   2   2   2   2   2   2   2   2   2
     2   2   2   2   2   2   2   2   2   2]
  [248 306 340 404 413 339 349 371 430 460 388 298 399 434 374 338 281
   365 387 394 472 360 388 368 417 426 491 300 419 329 408 379 374 363
   421 366 371 294 372 466 267 504 404 320 266 419 450 307 381 527 404
   389 280 424 428 334 348 429 409 324 264]]

 [[  2   2   2   2   2   2   2   2   2   2   2   2   2   2   2   2   2
     2   2   2   2   2   2   2   2   2   2   2   2   2   2   2   2   2
     2   2   2   2   2   2   2   2   2   2   2   2   2   2   2   2   2
     2   2   2   2   2   2   2   2   2   2]
  [248 328 306 367 308 402 411 324 466 438 416 405 336 445 324 418 414
   321 310 458 350 413 321 423 433 400 411 314 435 351 363 409 321 323
   324 484 427 388 394 339 320 323 460 311 416 311 317 320 315 460 325
   316 304 327 317 319 328 325 444 315 325]]

 [[  2   2   2   2   2   2   2   2   2   2   2   2   2   2   2   2   2
     2   2   2   2   2   2   2   2   2   2   2   2   2   2   2   2   2
     2   2   2   2   2   2   2   2   2   2   2   2   2   2   2   2   2
     2   2   2   2   2   2   2   2   2   2]
  [248 341 345 367 409 417 431 521 390 407 345 406 369 460 425 395 421
   384 379 423 401 498 320 378 432 454 523 476 371 371 399 436 369 473
   346 333 343 414 456 447 354 391 327 489 354 416 434 437 339 390 312
   340 338 363 323 342 430 324 349 371 420]]]
stable
 
 err: 
done running mariposa 14.2
Bisecting: 32 revisions left to test after this (roughly 5 steps)
[b4290d4b3d7c021965e9ce7ee636caac0f9cac74] python regression
running python3 /home/yizhou7/mariposa/scripts/z3-bisect.py /home/yizhou7/mariposa/data/bisect_tasks/d_fvbkv_z3_clean--lib-Marshalling-GenericMarshalling.i.dfy.Impl__GenericMarshalling.__default.MarshallByteArrayInterior.txt
building z3
done building z3 3.3
running mariposa
res: 1 
 out: [[[  2   2   2   2   2   2   2   2   2   2   4   2   2   2   2   2   2
     2   2   2   2   4   2   2   2   4   2   2   2   2   2   2   2   2
     2   2   2   2   2   4   2   2   4   2   2   2   2   4   2   2   2
     2   2   2   2   2   2   2   4   4   2]
  [357 434 464 471 496 408 406 408 497 491 376 540 470 382 472 425 434
   616 407 470 466 478 469 428 465 458 576 479 455 512 436 615 419 447
   478 444 403 523 505 273 454 421 266 427 383 455 592 283 487 455 498
   416 483 523 384 389 397 347 369 343 350]]

 [[  2   4   2   2   2   2   2   2   2   2   2   2   2   2   2   2   2
     2   2   2   2   2   2   4   2   2   2   2   2   2   2   4   2   2
     4   2   2   2   4   4   2   2   2   2   4   2   2   2   2   2   4
     2   4   4   2   2   2   2   2   2   2]
  [357 320 624 481 554 447 593 579 522 552 433 399 576 475 508 444 445
   505 776 669 580 362 494 245 497 449 529 442 446 613 479 372 420 463
   363 498 418 564 409 543 712 428 462 568 460 507 441 669 535 635 338
   611 667 305 472 425 403 569 395 446 502]]

 [[  2   4   4   2   4   4   2   2   4   4   4   2   4   2   2   2   2
     2   2   2   2   2   2   2   2   4   2   2   2   2   2   4   2   2
     4   2   4   2   2   4   2   4   4   4   2   4   4   4   4   2   4
     2   2   4   2   4   2   4   2   2   4]
  [357 340 456 461 539 528 591 590 301 395 343 481 373 515 587 550 418
   482 539 562 458 506 443 409 419 448 786 765 453 493 417 334 564 532
   458 569 544 577 456 236 389 496 254 479 518 431 374 429 319 405 290
   580 580 531 420 456 507 377 642 481 538]]]
unstable
 
 err: 
done running mariposa 16.7
Bisecting: 16 revisions left to test after this (roughly 4 steps)
[0f7ff2a3d016ce6cc0dcc2654a6aa0187bc55192] swap
running python3 /home/yizhou7/mariposa/scripts/z3-bisect.py /home/yizhou7/mariposa/data/bisect_tasks/d_fvbkv_z3_clean--lib-Marshalling-GenericMarshalling.i.dfy.Impl__GenericMarshalling.__default.MarshallByteArrayInterior.txt
building z3
done building z3 3.4
running mariposa
res: 1 
 out: [[[    2     2     2     2     2     2     2     2     2     2     2
       2     2     2     2     2     2     2     2     2     2     2
       2     2     2     2     2     2     2     2     2     2     2
       2     2     2     2     2     2     2     2     2     2     2
       2     2     2     2     2     2     2     2     2     2     2
       2     2     2     2     2     2]
  [  256   298   338   370   381   294   362   317   328   333   411
     289   318   376   327   376   454   344   327   374   401   300
     304   337   297   358   343   313   245   509   346   312   397
     493   290   272   343   316   364   282   346   393   328   311
     286   338   371   463   325   354   345   329   301   300   334
     341   356   362   280   336   295]]

 [[    2     2     2     2     2     2     2     2     2     2     2
       2     2     2     2     2     2     2     2     2     2     2
       2     2     2     2     2     2     2     2     2     2     2
       2     2     2     2     2     2     2     2     2     2     2
       2     2     2     2     2     2     2     2     2     2     2
       2     2     2     2     2     2]
  [  256   329   307   322   326   299   396   340   311   370   373
     332   311   343   310   341   300   384   367   344   335   301
     308   345   324   398   314   352   379   305   338   420   374
     333   294   409   400   340   356   338   378   325   352   383
     312   334   314   364   321   367   300   328   323   344   292
     382   324   336   419   380   384]]

 [[    2     4     4     2     2     2     2     2     2     2     4
       4     2     4     2     2     2     2     2     2     2     2
       2     2     2     4     2     2     2     4     4     4     2
       2     2     2     4     2     2     2     2     2     2     4
       2     2     2     2     2     2     2     2     2     2     2
       2     2     2     2     2     4]
  [  256   290   322   377   391   437   405   443   332   399   302
     308   329   375   363   331   348   376   333   406   381   414
     325   333   344   320   398   337   333   297   358   273   328
     376   294   331   322   343   460   432   302   342   353   400
     374   338   331   298   418   437   387   359   346   354   399
     336   433   358   400   333 14947]]]
unstable
 
 err: 
done running mariposa 17.7
Bisecting: 7 revisions left to test after this (roughly 3 steps)
[d17248821ad047f889237ce20b6bdaa1465ceff9] include chronological backtracking, two-phase sat, xor inprocessing, probsat, ddfw
running python3 /home/yizhou7/mariposa/scripts/z3-bisect.py /home/yizhou7/mariposa/data/bisect_tasks/d_fvbkv_z3_clean--lib-Marshalling-GenericMarshalling.i.dfy.Impl__GenericMarshalling.__default.MarshallByteArrayInterior.txt
building z3
done building z3 3.3
running mariposa
res: 0 
 out: [[[  2   2   2   2   2   2   2   2   2   2   2   4   2   2   2   2   2
     2   2   2   2   2   2   2   2   2   2   2   2   2   2   2   2   2
     2   2   2   2   2   2   2   2   2   2   2   2   2   2   2   2   2
     2   2   2   2   2   2   2   2   2   2]
  [251 300 363 367 401 336 352 326 416 371 462 298 409 400 433 330 348
   346 275 402 467 376 382 372 397 468 459 356 442 332 410 360 360 401
   341 444 375 391 444 268 266 375 302 519 303 413 440 303 386 551 369
   402 278 424 310 457 423 384 327 313 273]]

 [[  2   2   2   2   2   2   2   2   2   2   2   2   2   2   2   2   2
     2   2   2   2   2   2   2   2   2   2   2   2   2   2   2   2   2
     2   2   2   2   2   2   2   2   2   2   2   2   2   2   2   2   2
     2   2   2   2   2   2   2   2   2   2]
  [251 312 317 323 302 407 416 322 451 450 412 400 310 334 426 428 408
   365 397 342 317 315 436 425 426 405 411 311 340 402 306 407 319 444
   322 412 339 338 419 318 312 346 414 458 343 313 313 309 407 336 341
   307 329 320 310 332 321 308 328 436 319]]

 [[  2   2   2   2   2   2   2   2   2   2   2   2   2   2   2   2   2
     2   2   2   2   2   2   2   2   2   2   2   2   2   2   2   2   2
     2   2   2   2   2   2   2   2   2   2   2   2   2   2   2   2   2
     2   2   2   2   2   2   2   2   2   2]
  [251 356 368 401 402 413 413 487 367 364 346 433 424 440 463 348 380
   427 356 437 391 483 463 347 354 425 412 499 377 398 416 375 409 452
   356 374 338 432 468 450 398 348 326 457 354 422 428 401 352 384 296
   321 413 326 349 378 447 321 347 374 412]]]
stable
 
 err: 
done running mariposa 14.1
Bisecting: 3 revisions left to test after this (roughly 2 steps)
[ec1653fdff146ff8d1b3b2281e875494f4fc3a96] Merge pull request #2345 from schedutron/master
running python3 /home/yizhou7/mariposa/scripts/z3-bisect.py /home/yizhou7/mariposa/data/bisect_tasks/d_fvbkv_z3_clean--lib-Marshalling-GenericMarshalling.i.dfy.Impl__GenericMarshalling.__default.MarshallByteArrayInterior.txt
building z3
done building z3 3.3
running mariposa
res: 0 
 out: [[[  2   2   2   2   2   2   2   2   2   2   2   2   2   4   2   2   2
     2   2   2   2   2   2   2   2   2   2   2   2   2   2   2   2   2
     2   2   2   2   2   2   2   2   2   2   2   2   2   2   2   2   2
     2   2   2   2   2   2   2   2   2   2]
  [247 334 382 390 314 387 349 348 436 478 354 363 420 317 376 330 347
   357 396 347 385 450 354 376 388 395 321 497 397 399 328 347 377 364
   336 420 389 269 477 410 303 378 297 512 257 421 439 301 492 460 383
   420 324 413 296 438 387 422 333 310 264]]

 [[  2   2   2   2   2   2   2   2   2   2   2   2   2   2   2   2   2
     2   2   2   2   2   2   2   2   2   2   2   2   2   2   2   2   2
     2   2   2   2   2   2   2   2   2   2   2   2   2   2   2   2   2
     2   2   2   2   2   2   2   2   2   2]
  [247 332 313 342 320 339 437 414 430 436 436 420 310 317 432 322 430
   457 400 340 332 428 337 401 446 400 445 313 317 404 407 331 322 360
   320 437 447 335 420 314 339 357 436 437 317 359 309 307 430 321 341
   354 331 334 311 309 320 354 406 344 344]]

 [[  2   2   2   2   2   2   2   2   2   2   2   2   2   2   2   2   2
     2   2   2   2   2   2   2   2   2   2   2   2   2   2   2   2   2
     2   2   2   2   2   2   2   2   2   2   2   2   2   2   2   2   2
     2   2   2   2   2   2   2   2   2   2]
  [247 338 373 379 420 438 453 504 367 394 367 373 438 440 407 349 400
   382 409 379 408 499 322 348 493 405 421 393 471 367 396 374 418 431
   348 358 337 448 411 442 315 361 386 459 366 431 423 346 428 369 360
   338 342 316 322 369 394 341 371 349 419]]]
stable
 
 err: 
done running mariposa 14.2
Bisecting: 1 revision left to test after this (roughly 1 step)
[f3b79087eef389011fa90eefcf64b987bed54a9d] add default tactic as option to overwrite the behavior of strategic solver factory
running python3 /home/yizhou7/mariposa/scripts/z3-bisect.py /home/yizhou7/mariposa/data/bisect_tasks/d_fvbkv_z3_clean--lib-Marshalling-GenericMarshalling.i.dfy.Impl__GenericMarshalling.__default.MarshallByteArrayInterior.txt
building z3
done building z3 3.3
running mariposa
res: 1 
 out: [[[    2     2     2     2     2     2     2     2     2     2     2
       2     2     2     2     2     2     2     2     2     2     2
       2     2     2     2     2     2     2     2     2     2     2
       2     2     2     2     2     2     2     2     2     2     2
       2     2     2     2     2     2     2     2     2     2     2
       2     2     2     2     2     2]
  [  256   352   366   326   338   310   369   307   382   328   345
     295   381   328   323   408   452   375   353   328   312   400
     309   335   300   299   347   335   244   473   329   300   444
     391   279   300   333   337   343   402   298   374   283   271
     311   351   448   361   399   321   361   367   344   292   398
     357   366   353   338   271   289]]

 [[    2     2     2     2     2     2     2     2     2     2     2
       2     2     2     2     2     2     2     2     2     2     2
       2     2     2     2     2     2     2     2     2     2     2
       2     2     2     2     2     2     2     2     2     2     2
       2     2     2     2     2     2     2     2     2     2     2
       2     2     2     2     2     2]
  [  256   334   318   334   353   295   340   323   311   375   376
     329   328   316   306   296   354   372   366   321   349   284
     331   348   309   399   334   308   417   313   355   439   344
     307   297   381   384   341   351   384   326   330   330   302
     385   308   312   369   285   384   316   308   296   349   291
     374   417   314   318   370   405]]

 [[    2     4     4     2     2     2     2     2     4     2     2
       4     2     2     4     2     2     2     2     2     2     2
       2     2     2     4     2     2     2     4     4     4     2
       2     2     4     2     2     2     2     2     2     2     2
       4     2     2     2     2     2     2     2     2     2     2
       2     2     2     2     2     4]
  [  256   287   312   378   376   426   426   484   292   353   428
     333   376   363   333   350   329   379   361   332   391   424
     327   320   381   322   368   333   344   318   288   354   339
     393   294   372   345   407   435   404   344   303   328   337
     414   335   350   310   438   410   417   329   348   359   360
     354   351   430   394   331 15166]]]
unstable
 
 err: 
done running mariposa 17.9
Bisecting: 0 revisions left to test after this (roughly 0 steps)
[1e770af1cc04f85a8d7a990ba0c9c4e433b83fa8] local sort
running python3 /home/yizhou7/mariposa/scripts/z3-bisect.py /home/yizhou7/mariposa/data/bisect_tasks/d_fvbkv_z3_clean--lib-Marshalling-GenericMarshalling.i.dfy.Impl__GenericMarshalling.__default.MarshallByteArrayInterior.txt
building z3
done building z3 3.3
running mariposa
res: 1 
 out: [[[    2     2     2     2     2     2     2     2     2     2     2
       2     2     2     2     2     2     2     2     2     2     2
       2     2     2     2     2     2     2     2     2     2     2
       2     2     2     2     2     2     2     2     2     2     2
       2     2     2     2     2     2     2     2     2     2     2
       2     2     2     2     2     2]
  [  253   341   360   298   341   346   297   307   323   325   378
     284   394   319   326   373   469   339   389   328   363   286
     324   333   316   298   310   358   265   443   332   372   303
     293   478   297   342   334   316   360   430   307   282   270
     312   335   360   444   346   323   368   371   301   302   301
     360   340   411   295   336   294]]

 [[    2     2     2     2     2     2     2     2     2     2     2
       2     2     2     2     2     2     2     2     2     2     2
       2     2     2     2     2     2     2     2     2     2     2
       2     2     2     2     2     2     2     2     2     2     2
       2     2     2     2     2     2     2     2     2     2     2
       2     2     2     2     2     2]
  [  253   329   328   328   317   342   316   326   371   371   372
     290   327   306   310   295   387   380   367   347   315   296
     284   376   309   376   313   308   305   378   377   458   361
     286   315   381   381   340   366   402   331   329   344   307
     329   406   309   405   287   390   325   296   327   310   312
     377   341   450   329   368   429]]

 [[    2     4     4     2     2     2     2     2     4     4     2
       2     2     4     2     2     2     2     2     2     2     2
       2     2     4     2     2     2     2     4     4     4     2
       2     4     2     2     2     2     2     2     2     2     2
       4     2     2     2     2     2     2     2     2     2     2
       2     2     2     2     2     4]
  [  253   303   345   380   380   416   447   443   293   287   394
     353   395   346   347   353   343   428   331   367   386   398
     327   339   293   317   366   339   316   296   353   313   339
     370   296   289   349   362   415   431   323   364   325   353
     400   347   355   439   333   400   415   328   348   358   372
     334   412   356   365   349 15072]]]
unstable
 
 err: 
done running mariposa 17.9
1e770af1cc04f85a8d7a990ba0c9c4e433b83fa8 is the first bad commit
commit 1e770af1cc04f85a8d7a990ba0c9c4e433b83fa8
Author: Nikolaj Bjorner <nbjorner@microsoft.com>
Date:   Fri Jun 14 09:29:41 2019 -0700

    local sort
    
    Signed-off-by: Nikolaj Bjorner <nbjorner@microsoft.com>

:040000 040000 0a3c7d7a39c8bafde7c0d96e40f38d5126f0b425 d2abe755e1f95482eb3e83cc96b729db2bab8fda M	src
bisect run success
git bisect start
# good: [e79542cc689d52ec4cb34ce4ae3fbe56e7a0bf70] fix #2309
git bisect good e79542cc689d52ec4cb34ce4ae3fbe56e7a0bf70
# bad: [ad55a1f1c617a7f0c3dd735c0780fc758424c7f1] Update release.yml for Azure Pipelines
git bisect bad ad55a1f1c617a7f0c3dd735c0780fc758424c7f1
# skip: [e2702f3ae88f5c48a55f4473bb5c29184c182634] fixes in assigning constraints to intervals
git bisect skip e2702f3ae88f5c48a55f4473bb5c29184c182634
# skip: [1915812f84cf41a5f232eedf2a695a54d055aa88] add a test for intervals
git bisect skip 1915812f84cf41a5f232eedf2a695a54d055aa88
# bad: [8faf35e2e0c8fce99794e71bd3b5de74b95ceb5a] fix #3735
git bisect bad 8faf35e2e0c8fce99794e71bd3b5de74b95ceb5a
# skip: [d1a5635b4ad7f8632356b380f3a9b1fc83fdb04f] better model based lemmaas
git bisect skip d1a5635b4ad7f8632356b380f3a9b1fc83fdb04f
# skip: [0a86bd14f792ef5fadb8eeb346729a612f7e1588] start on test nla
git bisect skip 0a86bd14f792ef5fadb8eeb346729a612f7e1588
# bad: [f7747d9e76bd685a02ce5c5fbda91fc356856b5e] fix parameter collection for tactic-based solvers reported in #3065
git bisect bad f7747d9e76bd685a02ce5c5fbda91fc356856b5e
# skip: [0644194fc96a853df44c37f9e4522796aa40add8] work on lemma from product to factors, and some renaming
git bisect skip 0644194fc96a853df44c37f9e4522796aa40add8
# bad: [0321312c8db1d3f0edbd23e6e48884fbb7d77d1d] Changed to get_const_interp to match Java and C# bindings
git bisect bad 0321312c8db1d3f0edbd23e6e48884fbb7d77d1d
# bad: [6e637348826f0725ba8a01c455448023ca2889e4] Merge pull request #2368 from waywardmonkeys/fix-typo
git bisect bad 6e637348826f0725ba8a01c455448023ca2889e4
# good: [9b4f327e29de8eadd112e53af5a8fb9f430fabf7] set upload mode to replace
git bisect good 9b4f327e29de8eadd112e53af5a8fb9f430fabf7
# good: [42ac3a536369a7d4a7eafa1fa15b571b146ba594] merge with csp
git bisect good 42ac3a536369a7d4a7eafa1fa15b571b146ba594
# bad: [b4290d4b3d7c021965e9ce7ee636caac0f9cac74] python regression
git bisect bad b4290d4b3d7c021965e9ce7ee636caac0f9cac74
# bad: [0f7ff2a3d016ce6cc0dcc2654a6aa0187bc55192] swap
git bisect bad 0f7ff2a3d016ce6cc0dcc2654a6aa0187bc55192
# good: [d17248821ad047f889237ce20b6bdaa1465ceff9] include chronological backtracking, two-phase sat, xor inprocessing, probsat, ddfw
git bisect good d17248821ad047f889237ce20b6bdaa1465ceff9
# good: [ec1653fdff146ff8d1b3b2281e875494f4fc3a96] Merge pull request #2345 from schedutron/master
git bisect good ec1653fdff146ff8d1b3b2281e875494f4fc3a96
# bad: [f3b79087eef389011fa90eefcf64b987bed54a9d] add default tactic as option to overwrite the behavior of strategic solver factory
git bisect bad f3b79087eef389011fa90eefcf64b987bed54a9d
# bad: [1e770af1cc04f85a8d7a990ba0c9c4e433b83fa8] local sort
git bisect bad 1e770af1cc04f85a8d7a990ba0c9c4e433b83fa8
# first bad commit: [1e770af1cc04f85a8d7a990ba0c9c4e433b83fa8] local sort
