running python3 /home/yizhou7/mariposa/scripts/z3-bisect.py /home/yizhou7/mariposa/data/bisect_tasks/d_fvbkv_z3_clean--Impl-BucketSuccessorLoopModel.i.dfy.Impl__BucketSuccessorLoopModel.__default.GetSuccessorInBucketStackResult.txt
building z3
Bisecting: 1453 revisions left to test after this (roughly 11 steps)
[1915812f84cf41a5f232eedf2a695a54d055aa88] add a test for intervals
running python3 /home/yizhou7/mariposa/scripts/z3-bisect.py /home/yizhou7/mariposa/data/bisect_tasks/d_fvbkv_z3_clean--Impl-BucketSuccessorLoopModel.i.dfy.Impl__BucketSuccessorLoopModel.__default.GetSuccessorInBucketStackResult.txt
building z3
Bisecting: 1453 revisions left to test after this (roughly 11 steps)
[8faf35e2e0c8fce99794e71bd3b5de74b95ceb5a] fix #3735
running python3 /home/yizhou7/mariposa/scripts/z3-bisect.py /home/yizhou7/mariposa/data/bisect_tasks/d_fvbkv_z3_clean--Impl-BucketSuccessorLoopModel.i.dfy.Impl__BucketSuccessorLoopModel.__default.GetSuccessorInBucketStackResult.txt
building z3
done building z3 3.3
running mariposa
res: 1 
 out: [[[    4     4     4     4     4     4     4     4     4     4     4
       4     4     4     4     4     4     4     4     4     4     4
       4     4     4     4     4     4     4     4     4     4     4
       4     4     4     4     4     4     4     4     4     4     4
       4     4     4     4     4     4     4     4     4     4     4
       4     4     4     4     4     4]
  [  543   962   966   857   883   924   846   918   801   940   798
     799   756   790   763   762   807   836   832   838   906   847
     779   790   779   938   821   889   838   716   757   906   811
     819   926   799   771   828   834   804   942   942   772   746
     898   766   763   777   791   754   997   961   806   802   898
     797   827   745   741   821   670]]

 [[    4     4     2     4     4     2     2     4     4     4     4
       4     4     4     4     4     4     2     2     4     4     4
       2     4     4     2     4     4     4     2     4     4     4
       4     4     4     2     4     4     4     4     4     4     2
       2     2     4     4     4     2     4     4     2     4     4
       2     4     4     2     4     4]
  [  543  1281  1290  1112   809  1676  1489   740  1088   972   783
    1213  1083  1564  3104   831   745  1256  1192   790   719  2522
    1844  1983  1724  1459   828   737   765  1151  1469   705   662
     963  1072   852  1391   710  1407   718  2127   825  1034  1576
    1585  2163   703   842   888  1834  2801  1178  2076  2067   975
    1250   674   891  1900  3911  1825]]

 [[    4     4     4     4     4     4     4     4     4     2     2
       4     2     4     4     4     4     4     4     4     2     4
       4     4     4     4     4     2     4     2     4     4     4
       4     4     4     2     4     4     4     4     4     4     4
       4     4     2     4     2     4     4     4     4     4     4
       2     4     2     4     4     3]
  [  543   833   858   884   909   956  1035  1054   714  1007  1106
    1091  1407   706  2559  1544  1387  2576  1069  1518  1426   914
     825  1221  1102  1248  1343   842   969   982  1382  1134   579
     791  1539   808   873  1216  3330   832  1083   933   832   951
    1234  1087   848  1034  1387   808  1106   833  1570  1279   742
     826   831  1342  6526 13123 60015]]]
unstable
 
 err: 
done running mariposa 70.1
Bisecting: 1254 revisions left to test after this (roughly 10 steps)
[d1a5635b4ad7f8632356b380f3a9b1fc83fdb04f] better model based lemmaas
running python3 /home/yizhou7/mariposa/scripts/z3-bisect.py /home/yizhou7/mariposa/data/bisect_tasks/d_fvbkv_z3_clean--Impl-BucketSuccessorLoopModel.i.dfy.Impl__BucketSuccessorLoopModel.__default.GetSuccessorInBucketStackResult.txt
building z3
Bisecting: 1254 revisions left to test after this (roughly 10 steps)
[0a86bd14f792ef5fadb8eeb346729a612f7e1588] start on test nla
running python3 /home/yizhou7/mariposa/scripts/z3-bisect.py /home/yizhou7/mariposa/data/bisect_tasks/d_fvbkv_z3_clean--Impl-BucketSuccessorLoopModel.i.dfy.Impl__BucketSuccessorLoopModel.__default.GetSuccessorInBucketStackResult.txt
building z3
Bisecting: 1254 revisions left to test after this (roughly 10 steps)
[f7747d9e76bd685a02ce5c5fbda91fc356856b5e] fix parameter collection for tactic-based solvers reported in #3065
running python3 /home/yizhou7/mariposa/scripts/z3-bisect.py /home/yizhou7/mariposa/data/bisect_tasks/d_fvbkv_z3_clean--Impl-BucketSuccessorLoopModel.i.dfy.Impl__BucketSuccessorLoopModel.__default.GetSuccessorInBucketStackResult.txt
building z3
done building z3 3.3
running mariposa
res: 1 
 out: [[[    4     4     4     4     4     4     4     4     4     4     4
       4     4     4     4     4     4     4     4     4     4     4
       4     4     4     4     4     4     4     4     4     4     4
       4     4     4     4     4     4     4     4     4     4     4
       4     4     4     4     4     4     4     4     4     4     4
       4     4     4     4     4     4]
  [  501   813   958   839   811  1027   964   789   819   948   804
     824   789   802   858   871   929   850   865   819   832   960
     816   820   820   958   972   806   779   941   814   805   827
     812   910   910   775   928   815   932   972   819   880   990
     774   792   827   910   837   834   810   888   803   781   882
     762   826   882   846   757   695]]

 [[    4     4     4     4     2     4     4     4     4     2     4
       4     2     4     4     4     4     2     4     2     4     2
       4     2     4     4     4     4     4     4     4     4     2
       4     2     4     2     4     4     4     2     4     4     4
       4     2     4     4     4     4     4     4     4     4     2
       4     4     4     4     4     3]
  [  501   803   715   806  1577   823  1021  1593  1062  1604   969
     844  2634  1638   758   760   990  1447   711  1549   963  1575
    1929  1684   769  1179  1978  3210   490   970   761   731  1458
    1292  1247  1557  1809   819   754   725  1232  1492   868  2316
     824  1243  2979   799  3466  1069   941  3058   982  6964  1224
     897   893  1679  5242 27831 60017]]

 [[    4     4     4     4     4     4     4     4     4     4     4
       4     2     4     4     4     4     4     4     2     4     4
       4     4     4     2     4     4     4     4     4     4     2
       2     4     2     4     2     4     4     4     4     4     2
       2     4     2     2     4     4     2     4     2     4     4
       4     4     4     2     4     4]
  [  501   773   810   873   852   878  1174  1361   961   904   918
     683  1285   630   864  1182  1294  2777  2095  1439   909  1283
    1100   917  1552  1002  1407   826  1171  2219  1067   882  1367
    2540  7044  1427   755   823  1278   737  1097   972  1395  1261
     999  1146  2074   979   579  1348  1279  3782  1064   959   706
     825  1232   641  1289   895 45151]]]
unstable
 
 err: 
done running mariposa 90.6
Bisecting: 1034 revisions left to test after this (roughly 10 steps)
[0644194fc96a853df44c37f9e4522796aa40add8] work on lemma from product to factors, and some renaming
running python3 /home/yizhou7/mariposa/scripts/z3-bisect.py /home/yizhou7/mariposa/data/bisect_tasks/d_fvbkv_z3_clean--Impl-BucketSuccessorLoopModel.i.dfy.Impl__BucketSuccessorLoopModel.__default.GetSuccessorInBucketStackResult.txt
building z3
Bisecting: 1034 revisions left to test after this (roughly 10 steps)
[0321312c8db1d3f0edbd23e6e48884fbb7d77d1d] Changed to get_const_interp to match Java and C# bindings
running python3 /home/yizhou7/mariposa/scripts/z3-bisect.py /home/yizhou7/mariposa/data/bisect_tasks/d_fvbkv_z3_clean--Impl-BucketSuccessorLoopModel.i.dfy.Impl__BucketSuccessorLoopModel.__default.GetSuccessorInBucketStackResult.txt
building z3
done building z3 3.2
running mariposa
res: 1 
 out: [[[    4     4     4     4     4     4     4     4     4     4     4
       4     4     4     4     4     4     4     4     4     4     4
       4     4     4     4     4     4     4     4     4     4     4
       4     4     4     2     4     4     4     4     4     4     4
       4     4     4     4     4     4     4     4     4     4     4
       2     2     2     2     4     4]
  [  500   822   795   768   773   757   785   735   991   708   772
     791   839   748   761   782   751   854   783   760   727   806
     762   760   767   757   793   734   761   737   788  1085   802
     685   756   818  1090   835   571   810   843   737   838   801
     851  1003   765   701   851   857   985   790   836   783   767
    1037  1253  1191  1250   808   764]]

 [[    4     4     2     2     2     2     4     4     4     2     4
       4     4     4     2     4     4     4     2     4     4     2
       2     4     4     4     4     4     4     2     4     2     2
       2     2     2     4     4     2     4     4     4     4     4
       4     4     2     4     4     4     4     2     2     2     2
       4     4     4     4     4     4]
  [  500  1330  1843  1215  1338  1406   880  1958   797  1362   833
    1991   874   807  1536   864  1938   872   916  1975  1695  1676
    1123  1522  1430   935  1528   801   893   948   850  1704   726
    1203  1432  1609   715  1067  1047  3028  1241  1608   741  1697
    1480   797  1641  2129   871   862   995  1842  1140  1303  1154
     727   943  2021   864  5435  5488]]

 [[    4     4     4     4     4     4     2     4     4     2     4
       2     2     4     4     4     2     2     4     4     4     4
       4     4     4     2     4     4     4     4     4     4     2
       2     4     4     2     4     2     2     4     4     4     4
       2     4     2     4     4     4     2     4     2     2     2
       4     4     2     3     3     3]
  [  500   518   798   850   836   873   998   671  1766   871   732
    1156  1769   813  1923   877  1158   700   793  2705   895  1047
    1095   908   783   897  1258  1321   731  1322   826   474  1324
    1006   937   718   755  1264  1089  1098   747  1016   935  1187
    2104  1372  1058   814   854  1295  1070   907  1321  1140  1159
     600  1053 11489 60016 60014 60013]]]
unstable
 
 err: 
done running mariposa 73.8
Bisecting: 261 revisions left to test after this (roughly 8 steps)
[6e637348826f0725ba8a01c455448023ca2889e4] Merge pull request #2368 from waywardmonkeys/fix-typo
running python3 /home/yizhou7/mariposa/scripts/z3-bisect.py /home/yizhou7/mariposa/data/bisect_tasks/d_fvbkv_z3_clean--Impl-BucketSuccessorLoopModel.i.dfy.Impl__BucketSuccessorLoopModel.__default.GetSuccessorInBucketStackResult.txt
building z3
done building z3 3.2
running mariposa
res: 1 
 out: [[[    4     4     4     4     4     4     4     4     4     4     2
       4     2     4     4     2     2     4     2     4     2     4
       4     4     4     2     4     4     4     4     4     4     4
       4     4     4     4     4     4     4     4     2     4     4
       4     4     4     4     2     4     4     4     2     4     2
       2     4     4     4     2     3]
  [  777  1261  1204  1371  1298  1797  2233  3194  1154  1227  1537
    1229  1446  1041  1793  1324  2778  1403  1592  1142  1237  2719
    1237  1210  1133  1325  1886  1347  1181  1134  1304  1775  2059
    1671  1178  2034  2666  1214  1100  1523  1243  2132  1291  1168
    1752  1132  1257  1358  1635  1269  2167  2251  2180  1053  1632
    1041  1228  1155  1012  1152 60016]]

 [[    4     2     4     4     2     4     4     4     4     2     2
       4     4     4     2     4     4     4     2     2     4     4
       2     4     2     4     4     2     4     4     4     4     4
       2     4     4     4     4     4     4     2     2     2     2
       2     4     4     4     4     4     2     4     4     2     2
       4     4     2     4     2     4]
  [  777   785  1105  1036   840  1238   840   631   751  1272  1543
     654   893  2803  1082  1094  1770  1341   869  1140  1390   916
     943   584  1246  1073   519   798   665  1038   694   861   911
     911   778  1053   693   628  1080   975   972  1223   883   877
     764  2166   813   553   688  1937   935  1246  1172   652  1328
     737   716  1102  1130  1065  1393]]

 [[    4     4     4     4     4     2     2     4     4     4     2
       2     4     2     2     4     2     4     2     2     4     4
       2     4     4     2     4     4     2     4     2     4     4
       4     4     4     4     4     2     4     4     4     4     4
       4     4     4     2     4     4     4     4     2     4     4
       2     4     2     4     2     3]
  [  777   795   854   882   927   913   981   793   794   841  1231
    1267  2852  1861   893  1079  1270   726  1217   877   807  1781
    1123  1130   926  1030   758  1123  1677   642  1181  1002  1057
     934  1446  1537   682   925  1165   668   806  1329   610  2440
     608   871   932  1627   799  1676  1116  1511  2546  1059  1128
    1074   822  1309   642  4066 60015]]]
unstable
 
 err: 
done running mariposa 100.4
Bisecting: 130 revisions left to test after this (roughly 7 steps)
[9b4f327e29de8eadd112e53af5a8fb9f430fabf7] set upload mode to replace
running python3 /home/yizhou7/mariposa/scripts/z3-bisect.py /home/yizhou7/mariposa/data/bisect_tasks/d_fvbkv_z3_clean--Impl-BucketSuccessorLoopModel.i.dfy.Impl__BucketSuccessorLoopModel.__default.GetSuccessorInBucketStackResult.txt
building z3
done building z3 3.2
running mariposa
res: 0 
 out: [[[   2    2    2    2    2    2    2    2    2    2    2    2    2    2
      2    2    2    2    2    2    2    2    2    2    2    2    2    2
      2    2    2    2    2    2    2    2    2    2    2    2    2    2
      2    2    2    2    2    2    2    2    2    2    2    2    2    2
      2    2    2    2    2]
  [ 623  959  901  885  877  916  912  929  860  897  905  892  907  892
    946  867  907  852  873  906  902  910  889  872  904  876  928  893
    926  934  868  888  890  854  915  921  896  840  875  922  921  897
    871  923  903  885  811  887  913  878  906  914  926  848  916  890
    928  893  884  750  750]]

 [[   2    2    2    2    2    2    2    2    2    2    2    2    2    2
      2    2    2    2    2    2    2    2    2    2    2    2    2    2
      2    2    2    2    2    2    2    2    2    2    2    2    2    2
      2    2    2    2    2    2    2    2    2    2    2    2    2    2
      2    2    2    2    2]
  [ 623  899  911  902  896  859  871  891  917  883  952  896  895  879
    899  912  895  891  921  848  855  856  900  918  876  913  885  855
    880  903  909  925  882  871  850  873  875  899  872  880  869  882
    927  894  917  914  911  929  875  885  899  894  890  930  906  887
    905  907  908  929  901]]

 [[   2    4    2    2    2    2    2    2    2    4    2    4    2    2
      2    2    2    4    2    2    2    2    2    2    2    2    2    2
      2    2    2    2    2    2    2    2    2    2    2    2    2    2
      2    4    2    2    2    2    2    2    2    2    2    2    2    2
      2    2    2    2    2]
  [ 623  699  871  962  931  956  966  960  925  865  922  895  931  961
    974  947  773  995  932  940  939  961  756  861  984  934  962  946
    920  842  929  914  981  905  977  986  912  878  913  918  934  951
   1029  674  873  948  899  902  906 1016  894  901  902  912  945  970
    963  930  873  880  926]]]
stable
 
 err: 
done running mariposa 30.9
Bisecting: 65 revisions left to test after this (roughly 6 steps)
[42ac3a536369a7d4a7eafa1fa15b571b146ba594] merge with csp
running python3 /home/yizhou7/mariposa/scripts/z3-bisect.py /home/yizhou7/mariposa/data/bisect_tasks/d_fvbkv_z3_clean--Impl-BucketSuccessorLoopModel.i.dfy.Impl__BucketSuccessorLoopModel.__default.GetSuccessorInBucketStackResult.txt
building z3
done building z3 3.2
running mariposa
res: 0 
 out: [[[   2    2    2    2    2    2    2    2    2    2    2    2    2    2
      2    2    2    2    2    2    2    2    2    2    2    2    2    2
      2    2    2    2    2    2    2    2    2    2    2    2    2    2
      2    2    2    2    2    2    2    2    2    2    2    2    2    2
      2    2    2    2    2]
  [ 612  921  892  904  879  921  921  893  878  879  921  927  872  895
    921  860  880  859  875  908  890  909  872  881  891  865  938  887
    919  972  888  926  907  853  912  870  912  833  877  920  908  885
    851  922  883  887  838  894  917  871  875  901  919  899  900  901
    901  866  819  753  731]]

 [[   2    2    2    2    2    2    2    2    2    2    2    2    2    2
      2    2    2    2    2    2    2    2    2    2    2    2    2    2
      2    2    2    2    2    2    2    2    2    2    2    2    2    2
      2    2    2    2    2    2    2    2    2    2    2    2    2    2
      2    2    2    2    2]
  [ 612  947  888  883  881  893  899  888  905  876  898  912  891  896
    893  889  919  908  892  881  879  871  872  908  878  894  893  869
    904  920  902  916  875  872  882  899  885  896  879  884  849  879
    884  917  901  946  892  877  874  886  935  882  910  886  922  880
    884  889  937  958  907]]

 [[   2    4    2    2    2    2    2    2    2    4    4    2    2    2
      2    2    4    2    2    2    2    2    2    2    2    2    2    2
      2    2    2    2    2    2    2    2    2    2    2    2    2    2
      2    4    2    2    2    2    2    2    2    2    2    2    2    2
      2    2    2    2    2]
  [ 612  697  887  934  962  944  946  966  923  862  910  931  937  939
   1002  977  981  771  947  924  963  991  761  851  977  962  911  953
    920  831  904  944  957  965  900  972  955  861  921  925  947  951
   1020  666  874  933  878  888  904  994  909  919  910  921  979  972
   1007  936  878  901  918]]]
stable
 
 err: 
done running mariposa 31.0
Bisecting: 32 revisions left to test after this (roughly 5 steps)
[b4290d4b3d7c021965e9ce7ee636caac0f9cac74] python regression
running python3 /home/yizhou7/mariposa/scripts/z3-bisect.py /home/yizhou7/mariposa/data/bisect_tasks/d_fvbkv_z3_clean--Impl-BucketSuccessorLoopModel.i.dfy.Impl__BucketSuccessorLoopModel.__default.GetSuccessorInBucketStackResult.txt
building z3
done building z3 3.1
running mariposa
res: 1 
 out: [[[    4     4     2     2     2     2     2     4     4     4     4
       4     2     2     4     4     2     4     4     4     2     4
       4     2     4     2     4     4     4     4     2     4     4
       4     4     4     2     4     2     4     4     4     4     2
       4     2     2     4     4     4     2     2     4     4     4
       4     2     4     2     4     4]
  [  883  1331  1464  1587  1311  1546  1431  1222  1737  1024  1364
    1181  1512  1482  1383  1037  1509  1412  1350  1126  1546  1356
    1301  1567  1132  1272  1274  1174  1519  1312  1492   890  1172
     877  1194  1090  1406  1288  1309   840  1007  1269  1300  1669
    1422  1328  1476   985  1226  1267  1423  1431  1074  1971  1275
    1267  1394  1322  1697  1141  1063]]

 [[    4     4     2     2     4     2     2     2     2     4     2
       2     4     4     4     2     4     2     4     2     4     4
       4     4     2     2     4     4     4     4     2     2     4
       4     4     2     2     2     4     4     4     2     2     4
       2     4     2     2     2     4     2     2     2     2     2
       4     2     4     4     4     3]
  [  883   491   957  1295  1058  1202  1204  1023   750  1391  1964
    1547  1839  1230   883  1243  1162  1223   814   664  1159   751
     820   843   747  2272  5136  1097   781   765  1029  1155  1212
     956  1023  1490  1221  1284   857  1504  1664  1357  1161   837
    1123  1517  1118  1328  1533   722  1266  1418   754  1208   918
    1264  1297   895  7922 27922 60017]]

 [[    4     4     2     4     2     2     2     4     4     4     4
       4     2     2     2     4     4     4     2     4     4     4
       4     4     2     4     2     2     2     4     4     4     4
       2     2     4     4     2     2     4     4     4     2     4
       4     4     4     4     2     4     4     4     2     2     4
       2     4     2     4     3     3]
  [  883   604   755   927   933   973  1100  1223   615   762   747
     565  1290  1172  1212   552  1128   722   764   572  1335   966
     695   752  1129   855  1690  1323  1556  1657   853   762  1024
    1219  1171   861  1521  1104  2073   839  1208   660   771  2131
    1349  1199   809   906  1367   863   721   779  1674  1041   887
    1017 15037 29357 35878 60015 60014]]]
unstable
 
 err: 
done running mariposa 108.1
Bisecting: 16 revisions left to test after this (roughly 4 steps)
[0f7ff2a3d016ce6cc0dcc2654a6aa0187bc55192] swap
running python3 /home/yizhou7/mariposa/scripts/z3-bisect.py /home/yizhou7/mariposa/data/bisect_tasks/d_fvbkv_z3_clean--Impl-BucketSuccessorLoopModel.i.dfy.Impl__BucketSuccessorLoopModel.__default.GetSuccessorInBucketStackResult.txt
building z3
done building z3 3.1
running mariposa
res: 1 
 out: [[[   4    4    4    4    4    4    4    4    4    4    4    4    4    4
      4    4    4    4    4    4    4    4    4    4    4    4    4    4
      4    4    4    4    4    4    4    4    4    4    4    4    4    4
      4    4    4    4    4    4    4    4    4    4    4    4    4    4
      4    4    4    4    4]
  [ 624  872  814  872  871  870  983  887  918  638  912  907  890  922
    913  891  879  860  894  922  917  874  950  873  667  875  885  875
    884  929  885  626  639  921  861  863  933  902  831  950  846  960
    909  896  868  846  640  914  664  655  858  889  861  864  857  867
    866  647  968  756  711]]

 [[   4    4    4    4    2    4    4    4    4    4    2    4    4    4
      4    4    4    4    4    4    4    4    4    4    4    4    4    2
      4    4    4    4    2    2    4    4    4    4    2    4    4    4
      4    4    4    4    4    4    4    4    4    4    4    4    4    4
      4    4    4    4    4]
  [ 624  615  546  869  933  523  529  887  554  682  884  954  549  508
    533  548  518  839  547  536  595  850  532  553  662  558  929  902
    545  844  527  528  876  893  555  906  869  544  909  525  551  528
    562  879  886  670  886  872  859  569  554  855  885  847  537  550
    946  888  882  559  952]]

 [[   4    2    4    4    4    4    4    4    4    4    4    4    4    4
      4    4    4    4    4    4    4    4    2    4    4    4    4    4
      4    4    4    4    4    4    4    4    4    4    4    4    4    4
      4    4    4    4    4    4    4    4    4    4    4    4    4    4
      4    4    4    4    4]
  [ 624  833  837  927  934  930  969  961  749  766  893  976  900  949
   1042  891  784  870  969  951  959  921  736  910  957  901  889  890
    979  890  976  922 1002  953  909  999  977  880 1048  914  911  974
    964  793  888  913  880  968  901  966  888  971  900  971  887  908
    932  868  869  871  945]]]
unstable
 
 err: 
done running mariposa 29.1
Bisecting: 7 revisions left to test after this (roughly 3 steps)
[d17248821ad047f889237ce20b6bdaa1465ceff9] include chronological backtracking, two-phase sat, xor inprocessing, probsat, ddfw
running python3 /home/yizhou7/mariposa/scripts/z3-bisect.py /home/yizhou7/mariposa/data/bisect_tasks/d_fvbkv_z3_clean--Impl-BucketSuccessorLoopModel.i.dfy.Impl__BucketSuccessorLoopModel.__default.GetSuccessorInBucketStackResult.txt
building z3
done building z3 3.1
running mariposa
res: 0 
 out: [[[   2    2    2    2    2    2    2    2    2    2    2    2    2    2
      2    2    2    2    2    2    2    2    2    2    2    2    2    2
      2    2    2    2    2    2    2    2    2    2    2    2    2    2
      2    2    2    2    2    2    2    2    2    2    2    2    2    2
      2    2    2    2    2]
  [ 612  923  894  896  872  907  962  847  895  883  932  898  901  889
    874  951  897  878  901  894  893  928  888  874  904  865  923  912
    902  929  874  889  901  839  915  925  888  838  853  893  954  917
    933  864  903  870  812  865  934  887  899  918  903  877  897  901
    895  907  875  755  800]]

 [[   2    2    2    2    2    2    2    2    2    2    2    2    2    2
      2    2    2    2    2    2    2    2    2    2    2    2    2    2
      2    2    2    2    2    2    2    2    2    2    2    2    2    2
      2    2    2    2    2    2    2    2    2    2    2    2    2    2
      2    2    2    2    2]
  [ 612  912  884  881  908  895  875  899  900  880  894  898  879  881
    911  899  887  887  911  830  881  883  875  885  898  886  881  854
    891  918  909  916  888  854  874  889  877  876  890  882  852  882
    923  890  908  930  888  886  877  868  897  878  911  922  882  875
    880  885  946  922  915]]

 [[   2    4    2    2    2    2    2    2    2    4    4    2    2    2
      2    2    2    4    2    2    2    2    2    2    2    2    2    2
      2    2    2    2    2    2    2    2    2    2    2    2    2    2
      2    4    2    2    2    2    2    2    2    2    2    2    2    2
      2    2    2    2    2]
  [ 612  693  859  951  958  962  935  960  903  877  898  922  938  934
    956  972  770  988  933  955  965  965  816  849  946  975  927  950
    982  861  920  915  965  969  905  967  922  877  902  930  952  971
   1042  645  899  946  884  888 1023  935  901  933  926  939  932  961
   1000  939  898  886  936]]]
stable
 
 err: 
done running mariposa 30.9
Bisecting: 3 revisions left to test after this (roughly 2 steps)
[ec1653fdff146ff8d1b3b2281e875494f4fc3a96] Merge pull request #2345 from schedutron/master
running python3 /home/yizhou7/mariposa/scripts/z3-bisect.py /home/yizhou7/mariposa/data/bisect_tasks/d_fvbkv_z3_clean--Impl-BucketSuccessorLoopModel.i.dfy.Impl__BucketSuccessorLoopModel.__default.GetSuccessorInBucketStackResult.txt
building z3
done building z3 3.1
running mariposa
res: 0 
 out: [[[   2    2    2    2    2    2    2    2    2    2    2    2    2    2
      2    2    2    2    2    2    2    2    2    2    2    2    2    2
      2    2    2    2    2    2    2    2    2    2    2    2    2    2
      2    2    2    2    2    2    2    2    2    2    2    2    2    2
      2    2    2    2    2]
  [ 616  941  898  907  882  902  901  919  841  914  916  928  886  923
    909  867  899  870  900  915  878  903  896  873  890  894  911  895
    882  969  875  903  912  848  934  912  911  828  857  945  906  897
    919  865  886  914  855  877  919  921  897  882  910  899  911  909
    887  871  855  734  751]]

 [[   2    2    2    2    2    2    2    2    2    2    2    2    2    2
      2    2    2    2    2    2    2    2    2    2    2    2    2    2
      2    2    2    2    2    2    2    2    2    2    2    2    2    2
      2    2    2    2    2    2    2    2    2    2    2    2    2    2
      2    2    2    2    2]
  [ 616  924  894  885  892  881  926  915  930  869  900  890  919  889
    895  940  905  917  915  869  857  872  869  905  902  904  888  852
    891  901  955  934  897  885  894  911  869  884  883  887  857  880
    902  897  922  883  923  898  858  899  939  894  898  914  907  903
    913  885  928  902  911]]

 [[   2    4    2    2    2    2    2    2    2    4    2    4    2    2
      2    2    2    2    2    4    2    2    2    2    2    2    2    2
      2    2    2    2    2    2    2    2    2    2    2    2    2    2
      2    4    2    2    2    2    2    2    2    2    2    2    2    2
      2    2    2    2    2]
  [ 616  698  874  926  968  950  984  960  912  902  907  910  925  949
    978  949  772  937  928 1010  946  977  781  837  941  937  993  907
    941  821  915  922  904  991  987  997  923  848  908  920  982 1005
    979  645  888  937  880  916  924 1006  931  887  897  912  938 1024
    973  932  885  905  935]]]
stable
 
 err: 
done running mariposa 31.0
Bisecting: 1 revision left to test after this (roughly 1 step)
[f3b79087eef389011fa90eefcf64b987bed54a9d] add default tactic as option to overwrite the behavior of strategic solver factory
running python3 /home/yizhou7/mariposa/scripts/z3-bisect.py /home/yizhou7/mariposa/data/bisect_tasks/d_fvbkv_z3_clean--Impl-BucketSuccessorLoopModel.i.dfy.Impl__BucketSuccessorLoopModel.__default.GetSuccessorInBucketStackResult.txt
building z3
done building z3 3.1
running mariposa
res: 1 
 out: [[[   4    4    4    4    4    4    4    4    4    4    4    4    4    4
      4    4    4    4    4    4    4    4    4    4    4    4    4    4
      4    4    4    4    4    4    4    4    4    4    4    4    4    4
      4    4    4    4    4    4    4    4    4    4    4    4    4    4
      4    4    4    4    4]
  [ 625  873  856  867  901  981  884  909  940  635  889  900  918  927
    929  891  939  905  879  883  938  902  866  898  643  884  847  865
    925  875  883  664  663  958  859  986  877  895  829  944  859  941
    900  938  861  853  663  935  657  853  652  865  876  905  871  878
    933  650  893  755  711]]

 [[   4    4    2    4    4    4    4    4    4    4    2    4    4    4
      4    4    4    4    4    4    4    4    4    4    4    4    4    4
      2    4    4    4    2    2    4    4    4    2    4    4    4    4
      4    4    4    4    4    4    4    4    4    4    4    4    4    4
      4    4    4    4    4]
  [ 625  580  917  889  552  532  535  901  559  681  903  940  558  521
    539  532  543  540  862  577  535  866  552  550  692  926  555  563
    903  858  538  557  889  864  556  895  864  958  548  552  599  531
    840  576  883  674  883  868  890  840  574  871  549  539  890  534
    936  593  932  905  886]]

 [[   4    2    4    4    4    4    4    4    4    4    4    4    4    4
      4    4    4    4    4    4    4    4    2    4    4    4    4    4
      4    4    4    4    4    4    4    4    4    4    4    4    4    4
      4    4    4    4    4    4    4    4    4    4    4    4    4    4
      4    4    4    4    4]
  [ 625  844  849  914  930  949  973  999  757  779  943  961  967  903
   1021  796  908  876  965  960  965  931  737  955  949  902  908  988
    945  891  954  898 1025  945  975  944  990  888 1034  925  916  964
   1005  773  947  924  885  890  975  999  923  961  906 1013  890  915
    934  873  865  861  964]]]
unstable
 
 err: 
done running mariposa 29.4
Bisecting: 0 revisions left to test after this (roughly 0 steps)
[1e770af1cc04f85a8d7a990ba0c9c4e433b83fa8] local sort
running python3 /home/yizhou7/mariposa/scripts/z3-bisect.py /home/yizhou7/mariposa/data/bisect_tasks/d_fvbkv_z3_clean--Impl-BucketSuccessorLoopModel.i.dfy.Impl__BucketSuccessorLoopModel.__default.GetSuccessorInBucketStackResult.txt
building z3
done building z3 3.1
running mariposa
res: 1 
 out: [[[   4    4    4    4    4    4    4    4    4    4    4    4    4    4
      4    4    4    4    4    4    4    4    4    4    4    4    4    4
      4    4    4    4    4    4    4    4    4    4    4    4    4    4
      4    4    4    4    4    4    4    4    4    4    4    4    4    4
      4    4    4    4    4]
  [ 625  869  885  983  868  877  875  896  907  633  875  894  881  932
    917  892  887  894  895  880  894  918  866  885  641  893  842  869
    937  880  867  635  704  913  845  963  867  867  861  963  849  922
    890  894  904  870  631  896  856  668  663  858  855  848  897  901
    861  933  657  777  726]]

 [[   4    4    2    4    4    4    4    4    4    2    4    4    4    4
      4    4    4    4    4    4    4    4    4    4    4    4    4    2
      4    4    4    4    2    2    4    4    4    4    2    4    4    4
      4    4    4    4    4    4    4    4    4    4    4    4    4    4
      4    4    4    4    4]
  [ 625  574  900  896  535  531  546  906  552  876  691  944  533  547
    514  536  520  531  855  550  556  855  533  554  688  938  565  897
    541  534  872  536  895  873  560  859  899  552  933  531  527  520
    549  842  902  670  890  857  839  554  893  874  541  558  834  545
    926  559  872  879  892]]

 [[   4    4    2    4    4    4    4    4    4    4    4    4    4    4
      4    4    4    4    4    4    4    4    2    4    4    4    4    4
      4    4    4    4    4    4    4    4    4    4    4    4    4    4
      4    4    4    4    4    4    4    4    4    4    4    4    4    4
      4    4    4    4    4]
  [ 625  817  820  924  929  963  937  922  781  769  953  882  904  973
   1002  760  947  897  978 1000  933  943  746  913  957  885  893  891
    975  921  994  903 1011  934  960  908  872  998  918 1049  896  980
    959  774  907  871  962  909  987  977  876  938  897 1005  897  917
    933  865  876  871  927]]]
unstable
 
 err: 
done running mariposa 29.0
1e770af1cc04f85a8d7a990ba0c9c4e433b83fa8 is the first bad commit
commit 1e770af1cc04f85a8d7a990ba0c9c4e433b83fa8
Author: Nikolaj Bjorner <nbjorner@microsoft.com>
Date:   Fri Jun 14 09:29:41 2019 -0700

    local sort
    
    Signed-off-by: Nikolaj Bjorner <nbjorner@microsoft.com>

:040000 040000 0a3c7d7a39c8bafde7c0d96e40f38d5126f0b425 d2abe755e1f95482eb3e83cc96b729db2bab8fda M	src
bisect run success
git bisect start
# good: [e79542cc689d52ec4cb34ce4ae3fbe56e7a0bf70] fix #2309
git bisect good e79542cc689d52ec4cb34ce4ae3fbe56e7a0bf70
# bad: [ad55a1f1c617a7f0c3dd735c0780fc758424c7f1] Update release.yml for Azure Pipelines
git bisect bad ad55a1f1c617a7f0c3dd735c0780fc758424c7f1
# skip: [e2702f3ae88f5c48a55f4473bb5c29184c182634] fixes in assigning constraints to intervals
git bisect skip e2702f3ae88f5c48a55f4473bb5c29184c182634
# skip: [1915812f84cf41a5f232eedf2a695a54d055aa88] add a test for intervals
git bisect skip 1915812f84cf41a5f232eedf2a695a54d055aa88
# bad: [8faf35e2e0c8fce99794e71bd3b5de74b95ceb5a] fix #3735
git bisect bad 8faf35e2e0c8fce99794e71bd3b5de74b95ceb5a
# skip: [d1a5635b4ad7f8632356b380f3a9b1fc83fdb04f] better model based lemmaas
git bisect skip d1a5635b4ad7f8632356b380f3a9b1fc83fdb04f
# skip: [0a86bd14f792ef5fadb8eeb346729a612f7e1588] start on test nla
git bisect skip 0a86bd14f792ef5fadb8eeb346729a612f7e1588
# bad: [f7747d9e76bd685a02ce5c5fbda91fc356856b5e] fix parameter collection for tactic-based solvers reported in #3065
git bisect bad f7747d9e76bd685a02ce5c5fbda91fc356856b5e
# skip: [0644194fc96a853df44c37f9e4522796aa40add8] work on lemma from product to factors, and some renaming
git bisect skip 0644194fc96a853df44c37f9e4522796aa40add8
# bad: [0321312c8db1d3f0edbd23e6e48884fbb7d77d1d] Changed to get_const_interp to match Java and C# bindings
git bisect bad 0321312c8db1d3f0edbd23e6e48884fbb7d77d1d
# bad: [6e637348826f0725ba8a01c455448023ca2889e4] Merge pull request #2368 from waywardmonkeys/fix-typo
git bisect bad 6e637348826f0725ba8a01c455448023ca2889e4
# good: [9b4f327e29de8eadd112e53af5a8fb9f430fabf7] set upload mode to replace
git bisect good 9b4f327e29de8eadd112e53af5a8fb9f430fabf7
# good: [42ac3a536369a7d4a7eafa1fa15b571b146ba594] merge with csp
git bisect good 42ac3a536369a7d4a7eafa1fa15b571b146ba594
# bad: [b4290d4b3d7c021965e9ce7ee636caac0f9cac74] python regression
git bisect bad b4290d4b3d7c021965e9ce7ee636caac0f9cac74
# bad: [0f7ff2a3d016ce6cc0dcc2654a6aa0187bc55192] swap
git bisect bad 0f7ff2a3d016ce6cc0dcc2654a6aa0187bc55192
# good: [d17248821ad047f889237ce20b6bdaa1465ceff9] include chronological backtracking, two-phase sat, xor inprocessing, probsat, ddfw
git bisect good d17248821ad047f889237ce20b6bdaa1465ceff9
# good: [ec1653fdff146ff8d1b3b2281e875494f4fc3a96] Merge pull request #2345 from schedutron/master
git bisect good ec1653fdff146ff8d1b3b2281e875494f4fc3a96
# bad: [f3b79087eef389011fa90eefcf64b987bed54a9d] add default tactic as option to overwrite the behavior of strategic solver factory
git bisect bad f3b79087eef389011fa90eefcf64b987bed54a9d
# bad: [1e770af1cc04f85a8d7a990ba0c9c4e433b83fa8] local sort
git bisect bad 1e770af1cc04f85a8d7a990ba0c9c4e433b83fa8
# first bad commit: [1e770af1cc04f85a8d7a990ba0c9c4e433b83fa8] local sort
