running python3 /home/yizhou7/mariposa/scripts/z3-bisect.py /home/yizhou7/mariposa/data/bisect_tasks/d_fvbkv_z3_clean--lib-Buckets-BucketWeights.i.dfy.Impl__BucketWeights.__default.WeightBucketListItemFlush.txt
building z3
Bisecting: 1453 revisions left to test after this (roughly 11 steps)
[1915812f84cf41a5f232eedf2a695a54d055aa88] add a test for intervals
running python3 /home/yizhou7/mariposa/scripts/z3-bisect.py /home/yizhou7/mariposa/data/bisect_tasks/d_fvbkv_z3_clean--lib-Buckets-BucketWeights.i.dfy.Impl__BucketWeights.__default.WeightBucketListItemFlush.txt
building z3
Bisecting: 1453 revisions left to test after this (roughly 11 steps)
[8faf35e2e0c8fce99794e71bd3b5de74b95ceb5a] fix #3735
running python3 /home/yizhou7/mariposa/scripts/z3-bisect.py /home/yizhou7/mariposa/data/bisect_tasks/d_fvbkv_z3_clean--lib-Buckets-BucketWeights.i.dfy.Impl__BucketWeights.__default.WeightBucketListItemFlush.txt
building z3
done building z3 3.5
running mariposa
res: 1 
 out: [[[  2   2   2   2   2   2   2   2   2   2   2   2   2   2   2   2   2
     2   2   2   2   2   2   2   2   2   2   2   2   2   2   2   2   2
     2   2   2   2   2   2   2   2   2   2   2   2   2   2   2   2   2
     2   2   2   2   2   2   2   2   2   2]
  [283 350 351 344 346 357 337 336 342 338 338 385 357 355 342 364 390
   345 335 370 363 339 408 368 336 355 331 377 346 345 365 334 358 344
   335 342 343 342 340 367 348 405 336 357 401 341 358 342 332 365 341
   350 362 337 347 381 357 333 325 323 315]]

 [[  2   2   2   2   4   2   2   2   2   2   4   2   2   2   4   4   2
     2   2   4   2   2   4   2   2   2   2   2   4   4   4   2   4   2
     4   2   4   2   2   2   2   2   2   4   2   4   2   2   2   4   2
     2   2   2   4   4   2   4   4   2   2]
  [283 480 496 445 380 337 395 473 364 376 348 441 348 506 310 306 424
   441 432 323 423 433 370 424 355 450 379 417 458 329 335 380 327 429
   343 428 314 473 473 452 405 451 375 388 395 317 390 427 371 436 424
   389 397 488 326 332 375 337 332 453 425]]

 [[  2   4   4   2   2   2   2   4   4   4   4   2   2   4   2   4   4
     2   2   4   2   4   2   4   4   4   4   4   2   4   4   2   4   2
     4   2   4   2   4   2   4   4   2   4   4   4   4   4   4   4   2
     4   4   4   4   2   2   2   4   2   2]
  [283 365 377 413 433 445 481 506 387 408 383 484 458 428 382 375 382
   473 449 475 513 423 477 387 366 459 383 454 513 401 462 451 448 439
   371 456 363 449 375 511 435 379 498 351 407 478 552 555 563 442 453
   393 383 505 434 533 448 532 439 418 578]]]
unstable
 
 err: 
done running mariposa 17.6
Bisecting: 1254 revisions left to test after this (roughly 10 steps)
[d1a5635b4ad7f8632356b380f3a9b1fc83fdb04f] better model based lemmaas
running python3 /home/yizhou7/mariposa/scripts/z3-bisect.py /home/yizhou7/mariposa/data/bisect_tasks/d_fvbkv_z3_clean--lib-Buckets-BucketWeights.i.dfy.Impl__BucketWeights.__default.WeightBucketListItemFlush.txt
building z3
Bisecting: 1254 revisions left to test after this (roughly 10 steps)
[0a86bd14f792ef5fadb8eeb346729a612f7e1588] start on test nla
running python3 /home/yizhou7/mariposa/scripts/z3-bisect.py /home/yizhou7/mariposa/data/bisect_tasks/d_fvbkv_z3_clean--lib-Buckets-BucketWeights.i.dfy.Impl__BucketWeights.__default.WeightBucketListItemFlush.txt
building z3
Bisecting: 1254 revisions left to test after this (roughly 10 steps)
[f7747d9e76bd685a02ce5c5fbda91fc356856b5e] fix parameter collection for tactic-based solvers reported in #3065
running python3 /home/yizhou7/mariposa/scripts/z3-bisect.py /home/yizhou7/mariposa/data/bisect_tasks/d_fvbkv_z3_clean--lib-Buckets-BucketWeights.i.dfy.Impl__BucketWeights.__default.WeightBucketListItemFlush.txt
building z3
done building z3 3.5
running mariposa
res: 1 
 out: [[[  2   2   2   2   2   2   2   2   2   2   2   2   2   2   2   2   2
     2   2   2   2   2   2   2   2   2   2   2   2   2   2   2   2   2
     2   2   2   2   2   2   2   2   2   2   2   2   2   2   2   2   2
     2   2   2   2   2   2   2   2   2   2]
  [283 345 382 340 338 332 359 339 355 345 342 361 353 340 344 358 363
   335 335 370 333 377 340 456 333 339 339 381 344 340 338 369 343 351
   360 343 343 353 360 332 366 358 360 393 340 362 343 338 337 340 376
   394 337 368 350 336 355 334 322 315 312]]

 [[  2   2   2   4   2   2   2   2   2   2   4   2   2   2   2   4   4
     2   2   4   2   4   2   2   4   2   2   2   4   2   2   4   2   4
     4   4   4   4   2   4   2   2   2   4   2   4   2   2   4   4   2
     2   2   2   4   4   2   4   4   4   2]
  [283 423 475 358 452 342 427 495 404 369 343 409 456 350 459 341 310
   429 422 333 429 381 393 384 348 352 377 420 347 463 415 464 374 410
   337 308 317 451 437 419 394 411 355 435 370 317 394 398 347 421 368
   398 461 462 325 314 352 352 340 340 436]]

 [[  2   4   2   4   2   2   2   4   4   2   4   4   4   2   4   4   4
     2   4   2   4   4   2   4   4   2   4   4   2   2   4   4   2   4
     4   2   4   2   4   2   4   4   2   4   4   4   2   4   4   2   2
     4   4   4   2   4   2   4   4   2   4]
  [283 375 390 402 423 473 468 510 372 482 420 466 496 416 490 373 378
   442 348 491 499 551 475 360 402 422 453 415 489 441 436 385 419 447
   384 427 364 456 449 470 393 527 466 348 351 453 567 568 462 558 408
   352 388 467 497 460 473 407 447 546 354]]]
unstable
 
 err: 
done running mariposa 17.5
Bisecting: 1034 revisions left to test after this (roughly 10 steps)
[0644194fc96a853df44c37f9e4522796aa40add8] work on lemma from product to factors, and some renaming
running python3 /home/yizhou7/mariposa/scripts/z3-bisect.py /home/yizhou7/mariposa/data/bisect_tasks/d_fvbkv_z3_clean--lib-Buckets-BucketWeights.i.dfy.Impl__BucketWeights.__default.WeightBucketListItemFlush.txt
building z3
Bisecting: 1034 revisions left to test after this (roughly 10 steps)
[0321312c8db1d3f0edbd23e6e48884fbb7d77d1d] Changed to get_const_interp to match Java and C# bindings
running python3 /home/yizhou7/mariposa/scripts/z3-bisect.py /home/yizhou7/mariposa/data/bisect_tasks/d_fvbkv_z3_clean--lib-Buckets-BucketWeights.i.dfy.Impl__BucketWeights.__default.WeightBucketListItemFlush.txt
building z3
done building z3 3.3
running mariposa
res: 125 
 out: [[[  2   2   2   2   2   2   2   2   2   2   2   2   2   2   2   2   2
     2   2   2   2   2   2   2   2   2   2   2   2   2   2   2   2   2
     2   2   2   2   2   2   2   2   2   2   2   2   2   2   2   2   2
     2   2   2   2   2   2   4   2   2   2]
  [303 389 375 363 376 365 380 371 373 359 425 363 413 365 433 380 358
   381 357 380 371 374 372 363 377 365 371 362 410 448 359 355 442 355
   381 367 370 446 367 360 401 364 380 396 360 411 360 393 410 370 370
   375 361 371 368 369 360 404 344 335 329]]

 [[  2   2   2   2   2   2   2   2   4   2   2   2   2   2   2   2   2
     4   2   2   2   2   2   2   2   2   2   2   2   2   2   2   2   2
     4   2   2   2   2   2   2   2   2   2   2   2   4   2   2   2   2
     2   2   2   2   2   2   2   2   2   2]
  [303 355 366 357 355 364 344 368 299 399 360 348 396 385 413 309 380
   329 378 375 368 349 348 332 361 398 312 353 352 351 374 338 387 364
   305 347 344 355 366 362 346 399 353 319 316 375 325 378 318 373 387
   366 353 354 336 357 390 341 353 388 356]]

 [[  2   2   2   2   2   2   2   2   2   2   2   2   2   2   2   2   2
     2   4   2   4   2   2   2   2   2   2   2   2   2   2   2   2   2
     2   2   2   2   2   2   4   2   2   2   2   2   2   2   2   2   2
     2   2   2   2   2   4   2   2   2   4]
  [303 354 387 362 380 397 420 475 385 377 409 441 415 480 449 370 369
   397 331 409 328 471 346 386 379 373 449 412 464 375 406 378 360 404
   353 432 352 351 396 380 336 411 445 363 329 388 378 370 408 443 369
   335 414 399 405 444 330 404 369 400 419]]]
inconclusive
 
 err: 
done running mariposa 17.1
Bisecting: 1034 revisions left to test after this (roughly 10 steps)
[771cbb31bb52ccea84b803e589433bd47a78d82d] test nla_solver
running python3 /home/yizhou7/mariposa/scripts/z3-bisect.py /home/yizhou7/mariposa/data/bisect_tasks/d_fvbkv_z3_clean--lib-Buckets-BucketWeights.i.dfy.Impl__BucketWeights.__default.WeightBucketListItemFlush.txt
building z3
Bisecting: 1034 revisions left to test after this (roughly 10 steps)
[26c34c91937e054af48145e548bb2d53bf782a99] fix #2623
running python3 /home/yizhou7/mariposa/scripts/z3-bisect.py /home/yizhou7/mariposa/data/bisect_tasks/d_fvbkv_z3_clean--lib-Buckets-BucketWeights.i.dfy.Impl__BucketWeights.__default.WeightBucketListItemFlush.txt
building z3
done building z3 3.4
running mariposa
res: 125 
 out: [[[  2   2   2   2   2   2   2   2   2   2   2   2   2   2   2   2   2
     2   2   2   2   2   2   2   2   2   2   2   2   2   2   2   2   2
     2   2   2   2   2   2   2   2   2   2   2   2   2   2   2   2   2
     2   2   2   2   2   4   2   2   2   2]
  [298 369 358 357 442 366 386 368 371 362 408 364 368 367 392 381 372
   368 361 384 365 368 390 361 368 394 377 357 394 365 358 372 368 402
   390 366 370 367 367 422 374 375 363 360 391 359 357 383 441 367 362
   371 370 402 366 418 379 359 367 329 329]]

 [[  2   2   2   2   2   2   2   2   2   4   2   2   2   2   2   2   2
     4   2   2   2   2   2   2   2   2   2   2   2   2   2   2   2   2
     2   4   2   2   2   2   2   2   2   2   2   2   4   2   2   2   2
     2   2   2   2   2   2   2   2   2   2]
  [298 376 397 360 364 361 372 348 362 299 371 349 349 365 327 384 359
   302 402 367 363 375 362 351 358 378 311 358 369 384 378 348 365 354
   364 361 353 358 335 366 370 359 356 344 342 378 362 369 315 355 406
   401 353 365 327 360 347 410 393 387 319]]

 [[  2   2   2   2   2   2   2   2   2   2   2   2   2   2   2   2   2
     2   4   4   2   2   2   2   2   2   2   2   2   2   2   2   2   2
     2   2   2   2   2   2   4   2   2   2   2   2   2   2   2   2   2
     2   2   2   2   2   4   2   2   2   4]
  [298 365 376 362 404 392 411 463 377 397 390 469 455 393 427 349 407
   365 329 344 383 470 348 395 374 371 444 452 390 372 370 393 402 444
   364 427 347 408 356 361 362 411 464 364 337 391 355 402 439 376 506
   337 410 408 397 401 333 406 369 401 421]]]
inconclusive
 
 err: 
done running mariposa 17.2
Bisecting: 1034 revisions left to test after this (roughly 10 steps)
[de56ead538b63e5795eb8e528e0cbf5edf9759b4] start using the tree for var_equivalence
running python3 /home/yizhou7/mariposa/scripts/z3-bisect.py /home/yizhou7/mariposa/data/bisect_tasks/d_fvbkv_z3_clean--lib-Buckets-BucketWeights.i.dfy.Impl__BucketWeights.__default.WeightBucketListItemFlush.txt
building z3
Bisecting: 1034 revisions left to test after this (roughly 10 steps)
[c1fa8444606fd373c052c877f6e69fa205941ba8] format
running python3 /home/yizhou7/mariposa/scripts/z3-bisect.py /home/yizhou7/mariposa/data/bisect_tasks/d_fvbkv_z3_clean--lib-Buckets-BucketWeights.i.dfy.Impl__BucketWeights.__default.WeightBucketListItemFlush.txt
building z3
done building z3 3.3
running mariposa
res: 125 
 out: [[[  2   2   2   2   2   2   2   2   2   2   2   2   2   2   2   2   2
     2   2   2   2   2   2   2   2   2   2   2   2   2   2   2   2   2
     2   2   2   2   2   2   2   2   2   2   2   2   2   2   2   2   2
     2   2   2   2   2   4   2   2   2   2]
  [302 432 368 388 383 363 363 369 391 359 377 365 356 365 358 396 362
   352 390 397 359 369 385 419 376 366 373 375 361 364 384 359 384 356
   385 363 373 368 363 389 372 377 382 397 381 365 361 374 371 365 374
   398 403 363 410 389 373 355 366 354 337]]

 [[  2   2   2   2   2   2   2   2   4   2   2   2   2   2   2   2   2
     4   2   2   2   2   2   2   2   2   2   2   2   2   2   2   2   2
     4   2   2   2   2   2   2   2   2   2   2   2   4   2   2   2   2
     2   2   2   2   2   2   2   2   2   2]
  [302 356 366 365 356 371 346 368 297 363 386 349 353 362 392 313 380
   320 392 371 367 359 371 369 313 365 364 350 354 373 371 341 355 410
   303 355 353 364 363 362 346 382 354 321 319 367 337 359 331 354 366
   380 353 359 391 382 358 346 383 322 381]]

 [[  2   2   2   2   2   2   2   2   2   2   2   2   2   2   2   2   2
     4   4   2   2   2   2   2   2   2   2   2   2   2   2   2   2   2
     2   2   2   2   2   2   2   4   2   2   2   2   2   2   2   2   2
     2   2   2   2   2   4   2   2   4   2]
  [302 356 363 386 389 403 391 437 392 381 440 403 430 436 449 349 362
   318 335 412 388 482 345 390 343 348 456 446 405 371 405 381 381 394
   354 425 336 351 447 366 406 336 466 414 327 398 371 412 355 364 440
   360 389 382 394 428 352 407 349 421 405]]]
inconclusive
 
 err: 
done running mariposa 17.1
Bisecting: 1034 revisions left to test after this (roughly 10 steps)
[d935bdb6c424e5b14e39db40e4e33bc01cfe731c] create a lemma for basic proportional case
running python3 /home/yizhou7/mariposa/scripts/z3-bisect.py /home/yizhou7/mariposa/data/bisect_tasks/d_fvbkv_z3_clean--lib-Buckets-BucketWeights.i.dfy.Impl__BucketWeights.__default.WeightBucketListItemFlush.txt
building z3
Bisecting: 1034 revisions left to test after this (roughly 10 steps)
[d4a88f1de6c5c8aed7315cce884ee23d80a40ca1] fix the nla_exp division
running python3 /home/yizhou7/mariposa/scripts/z3-bisect.py /home/yizhou7/mariposa/data/bisect_tasks/d_fvbkv_z3_clean--lib-Buckets-BucketWeights.i.dfy.Impl__BucketWeights.__default.WeightBucketListItemFlush.txt
building z3
Bisecting: 1034 revisions left to test after this (roughly 10 steps)
[064cf9e983c84ec5f089e4460aa4268e7a1e2c4f] allow gomory cut for a row with free non-basic vars
running python3 /home/yizhou7/mariposa/scripts/z3-bisect.py /home/yizhou7/mariposa/data/bisect_tasks/d_fvbkv_z3_clean--lib-Buckets-BucketWeights.i.dfy.Impl__BucketWeights.__default.WeightBucketListItemFlush.txt
building z3
Bisecting: 1034 revisions left to test after this (roughly 10 steps)
[dd827cae1cb90cbe597cd3f793b0bb2b1737f0e6] remove IS_GNU
running python3 /home/yizhou7/mariposa/scripts/z3-bisect.py /home/yizhou7/mariposa/data/bisect_tasks/d_fvbkv_z3_clean--lib-Buckets-BucketWeights.i.dfy.Impl__BucketWeights.__default.WeightBucketListItemFlush.txt
building z3
done building z3 3.4
running mariposa
res: 125 
 out: [[[  2   2   2   2   2   2   2   2   2   2   2   2   2   2   2   2   2
     2   2   2   2   2   2   2   2   2   2   2   2   2   2   2   2   2
     2   2   2   2   2   2   2   2   2   2   2   2   2   2   2   2   2
     2   2   2   2   2   4   2   2   2   2]
  [300 363 363 368 359 363 425 366 362 374 376 366 372 406 355 367 381
   361 385 362 384 363 363 384 389 377 381 360 359 401 361 409 379 366
   370 376 387 387 365 365 409 359 363 362 369 389 399 380 364 382 359
   431 380 366 367 366 369 343 345 346 338]]

 [[  2   2   2   2   2   2   2   2   4   2   2   2   2   2   2   2   2
     4   2   2   2   2   2   2   2   2   2   2   2   2   2   2   2   2
     4   2   2   2   2   2   2   2   2   2   2   2   4   2   2   2   2
     2   2   2   2   2   2   2   2   2   2]
  [300 355 367 364 353 362 369 367 296 361 356 386 349 360 324 388 386
   302 361 348 370 421 350 338 358 355 333 355 353 355 403 355 349 439
   306 355 367 356 335 341 360 354 352 357 319 360 351 353 319 347 383
   385 350 353 351 371 372 349 389 352 346]]

 [[  2   2   2   2   2   2   2   2   2   2   2   2   2   2   2   2   2
     4   2   2   4   2   2   2   2   2   2   2   2   2   2   2   2   2
     2   2   2   2   2   2   4   2   2   2   2   2   2   2   2   2   2
     2   2   2   2   2   2   4   2   4   2]
  [300 361 350 363 424 402 408 456 370 399 377 431 394 478 442 353 374
   361 395 380 331 484 348 435 349 343 437 481 410 378 355 368 409 413
   354 430 333 365 435 371 343 427 413 404 331 350 420 409 350 436 346
   338 412 393 398 418 407 336 373 417 430]]]
inconclusive
 
 err: 
done running mariposa 17.2
Bisecting: 1034 revisions left to test after this (roughly 10 steps)
[51b75a132c05ee842a0c7c75e745cb0b7808ce1c] signed char -> int, update mk_util to catch warnings on fptest, thanks to jfc
running python3 /home/yizhou7/mariposa/scripts/z3-bisect.py /home/yizhou7/mariposa/data/bisect_tasks/d_fvbkv_z3_clean--lib-Buckets-BucketWeights.i.dfy.Impl__BucketWeights.__default.WeightBucketListItemFlush.txt
building z3
Bisecting: 1034 revisions left to test after this (roughly 10 steps)
[b50f8508f25bf396f590f4395fea0d19fefb576d] rename additional build options #2709
running python3 /home/yizhou7/mariposa/scripts/z3-bisect.py /home/yizhou7/mariposa/data/bisect_tasks/d_fvbkv_z3_clean--lib-Buckets-BucketWeights.i.dfy.Impl__BucketWeights.__default.WeightBucketListItemFlush.txt
building z3
done building z3 3.4
running mariposa
res: 125 
 out: [[[  2   2   2   2   2   2   2   2   2   2   2   2   2   2   2   2   2
     2   2   2   2   2   2   2   2   2   2   2   2   2   2   2   2   2
     2   2   2   2   2   2   2   2   2   2   2   2   2   2   2   2   2
     2   2   2   2   2   4   2   2   2   2]
  [299 364 391 386 363 370 360 372 379 385 358 365 373 364 368 359 414
   414 366 362 372 386 406 405 402 367 373 353 396 364 377 395 372 367
   382 361 362 374 422 391 369 358 357 369 356 360 362 385 355 362 367
   361 385 364 369 389 372 350 347 346 329]]

 [[  2   2   2   2   2   2   2   2   2   4   2   2   2   2   2   2   2
     4   2   2   2   2   2   2   2   2   2   2   2   2   2   2   2   2
     4   2   2   2   2   2   2   2   2   2   2   2   4   2   2   2   2
     2   2   2   2   2   2   2   2   2   2]
  [299 356 362 353 388 367 350 362 362 296 361 365 357 378 362 309 373
   302 356 361 364 346 350 332 380 328 370 350 385 359 374 335 352 368
   320 365 376 374 337 344 364 356 401 325 321 393 325 379 319 351 363
   363 357 361 327 355 357 350 401 349 376]]

 [[  2   2   2   2   2   2   2   2   2   2   2   2   2   2   2   2   2
     4   2   2   4   2   2   2   2   2   2   2   2   2   2   2   2   2
     2   2   2   2   2   2   4   2   2   2   2   2   2   2   2   2   2
     2   2   2   2   2   4   2   2   4   2]
  [299 374 388 366 384 402 410 467 386 404 449 388 435 406 444 353 361
   338 387 398 366 455 352 345 422 359 434 397 444 363 381 415 395 405
   362 431 338 353 404 363 338 435 418 343 361 385 349 369 441 484 339
   384 368 395 399 393 358 401 365 424 397]]]
inconclusive
 
 err: 
done running mariposa 17.1
Bisecting: 1034 revisions left to test after this (roughly 10 steps)
[51cca37a3c7f79d1a6040046940433633f7d70a0] Update azure-pipelines.yml for Azure Pipelines
running python3 /home/yizhou7/mariposa/scripts/z3-bisect.py /home/yizhou7/mariposa/data/bisect_tasks/d_fvbkv_z3_clean--lib-Buckets-BucketWeights.i.dfy.Impl__BucketWeights.__default.WeightBucketListItemFlush.txt
building z3
done building z3 3.4
running mariposa
res: 0 
 out: [[[  2   2   2   2   2   2   2   2   2   2   2   2   2   2   2   2   2
     2   2   2   2   2   2   2   2   2   2   2   2   2   2   2   2   2
     2   2   2   2   2   2   2   2   2   2   2   2   2   2   2   2   2
     2   2   2   2   2   2   2   2   2   2]
  [274 324 329 335 359 332 342 335 328 346 333 332 337 344 339 417 333
   342 345 330 357 350 331 361 356 357 383 345 336 341 364 371 332 331
   352 333 333 349 336 340 354 332 352 351 333 358 351 362 367 334 333
   331 344 357 370 336 322 324 322 321 308]]

 [[  2   2   2   2   2   2   2   2   2   2   2   2   2   2   2   2   2
     2   2   2   2   2   2   2   2   2   2   2   2   2   2   2   2   2
     2   2   2   2   2   2   2   2   2   2   2   2   2   2   2   2   2
     2   2   2   2   2   2   2   2   2   2]
  [274 337 339 368 332 333 356 400 358 339 366 333 358 366 366 341 350
   355 332 360 339 339 340 360 364 333 333 338 362 353 336 350 330 401
   335 373 366 349 349 332 336 362 345 346 383 355 337 345 336 352 358
   355 350 349 332 358 345 338 336 387 375]]

 [[  2   2   2   2   2   2   2   2   2   2   2   2   2   2   2   2   2
     2   2   2   2   2   2   2   2   2   2   2   2   2   2   2   2   2
     2   2   2   2   2   2   2   2   2   2   2   2   2   2   2   2   2
     2   2   2   2   2   2   2   2   2   2]
  [274 373 373 372 386 377 422 408 387 374 372 394 378 384 380 378 377
   376 378 379 375 374 374 370 370 382 383 388 399 374 371 372 378 380
   381 396 374 373 370 374 375 422 385 365 390 371 375 371 373 386 365
   372 378 396 376 395 368 361 366 362 366]]]
stable
 
 err: 
done running mariposa 16.6
Bisecting: 1007 revisions left to test after this (roughly 10 steps)
[36d587e519385827d658bed4a2897689442e4936] fix the build
running python3 /home/yizhou7/mariposa/scripts/z3-bisect.py /home/yizhou7/mariposa/data/bisect_tasks/d_fvbkv_z3_clean--lib-Buckets-BucketWeights.i.dfy.Impl__BucketWeights.__default.WeightBucketListItemFlush.txt
building z3
Bisecting: 1007 revisions left to test after this (roughly 10 steps)
[ad1aaebb892ab75fd806bd34d4a8bf4378078952] proportional lemma
running python3 /home/yizhou7/mariposa/scripts/z3-bisect.py /home/yizhou7/mariposa/data/bisect_tasks/d_fvbkv_z3_clean--lib-Buckets-BucketWeights.i.dfy.Impl__BucketWeights.__default.WeightBucketListItemFlush.txt
building z3
Bisecting: 1007 revisions left to test after this (roughly 10 steps)
[11995e58f453abaf003d65a1313f00c98e89f876] clean up a trace statement
running python3 /home/yizhou7/mariposa/scripts/z3-bisect.py /home/yizhou7/mariposa/data/bisect_tasks/d_fvbkv_z3_clean--lib-Buckets-BucketWeights.i.dfy.Impl__BucketWeights.__default.WeightBucketListItemFlush.txt
building z3
Bisecting: 1007 revisions left to test after this (roughly 10 steps)
[9179deb7463c707719e2461850a78be41cad69dd] add get-interpolant command
running python3 /home/yizhou7/mariposa/scripts/z3-bisect.py /home/yizhou7/mariposa/data/bisect_tasks/d_fvbkv_z3_clean--lib-Buckets-BucketWeights.i.dfy.Impl__BucketWeights.__default.WeightBucketListItemFlush.txt
building z3
Bisecting: 1007 revisions left to test after this (roughly 10 steps)
[da805f6016a846e45c7c2c2a0560759f95fee6fa] address perf bottleneck exposed by #2552
running python3 /home/yizhou7/mariposa/scripts/z3-bisect.py /home/yizhou7/mariposa/data/bisect_tasks/d_fvbkv_z3_clean--lib-Buckets-BucketWeights.i.dfy.Impl__BucketWeights.__default.WeightBucketListItemFlush.txt
building z3
done building z3 3.3
running mariposa
res: 1 
 out: [[[  2   2   2   2   2   2   2   2   2   2   2   2   2   2   2   2   2
     2   2   2   2   2   2   2   2   2   2   2   2   2   2   2   2   2
     2   2   2   2   2   2   2   2   2   2   2   2   2   2   2   2   2
     2   2   2   2   2   4   2   2   2   2]
  [295 353 396 361 363 363 361 370 362 377 378 364 368 384 380 367 351
   378 364 357 377 378 361 361 445 367 371 381 380 361 364 357 370 356
   357 382 369 394 378 357 383 378 355 406 443 362 361 392 388 356 355
   381 377 358 360 370 341 351 342 336 339]]

 [[  2   2   2   2   2   2   2   2   2   2   2   2   2   2   2   2   2
     2   2   2   2   2   2   2   2   2   2   2   2   2   2   2   2   2
     2   2   2   2   2   2   2   2   2   2   2   2   2   2   2   2   2
     2   2   2   2   2   2   2   2   2   2]
  [295 372 328 349 357 347 306 345 370 361 368 366 352 363 352 370 374
   360 353 363 368 380 363 404 364 383 394 376 372 335 360 375 376 384
   395 362 370 319 322 355 371 396 370 328 357 385 336 349 363 342 361
   372 353 361 363 365 382 351 356 359 381]]

 [[  2   4   2   4   2   2   2   2   2   2   2   2   2   2   2   2   2
     2   4   2   4   4   2   4   2   2   2   2   2   4   2   2   2   2
     2   2   2   2   2   2   4   2   2   2   2   2   4   2   2   2   2
     2   2   2   2   4   4   4   2   2   2]
  [295 357 358 402 383 407 410 450 379 358 365 373 374 490 440 322 397
   381 336 390 324 405 380 326 346 404 450 455 444 333 367 381 448 332
   419 490 448 336 392 378 339 467 414 396 397 404 440 393 411 394 386
   418 422 385 423 325 342 332 349 406 417]]]
unstable
 
 err: 
done running mariposa 17.1
Bisecting: 202 revisions left to test after this (roughly 8 steps)
[6d244ed2aa311d07e8c8aaca9051308d0107ce03] internalize reflect
running python3 /home/yizhou7/mariposa/scripts/z3-bisect.py /home/yizhou7/mariposa/data/bisect_tasks/d_fvbkv_z3_clean--lib-Buckets-BucketWeights.i.dfy.Impl__BucketWeights.__default.WeightBucketListItemFlush.txt
building z3
done building z3 3.4
running mariposa
res: 1 
 out: [[[  2   2   2   2   2   2   2   2   2   2   2   2   2   2   2   2   2
     2   2   2   2   2   2   2   2   2   2   2   2   2   2   2   2   2
     2   2   2   2   2   2   2   2   2   2   2   2   2   2   2   2   2
     2   2   2   2   2   2   2   2   2   2]
  [281 338 368 345 343 395 407 343 341 390 345 365 377 378 347 373 337
   371 351 342 391 346 372 338 348 365 376 357 344 356 378 349 349 345
   369 382 345 361 342 342 347 346 338 344 343 339 414 344 378 349 343
   345 343 340 345 343 375 324 335 321 325]]

 [[  2   4   2   2   2   2   2   2   2   2   2   2   2   2   2   2   2
     2   2   2   2   2   2   2   2   2   4   2   4   2   2   2   2   2
     2   2   2   2   2   2   2   2   2   2   2   2   2   2   2   2   2
     2   2   2   2   2   2   2   2   2   2]
  [281 313 367 360 365 373 355 391 347 348 347 320 324 357 372 369 315
   348 348 364 346 321 379 360 363 338 303 372 294 401 334 369 306 339
   322 314 374 341 386 338 345 343 417 351 318 386 311 343 373 368 382
   328 342 351 292 319 397 402 371 377 396]]

 [[  2   4   2   2   2   2   2   2   2   2   2   2   2   2   2   2   4
     2   2   4   4   2   2   2   2   2   2   2   2   2   4   2   2   2
     2   2   2   2   2   4   2   2   2   4   2   2   2   2   2   2   2
     4   2   2   2   2   2   2   2   2   2]
  [281 304 341 388 427 406 433 470 368 416 359 358 393 376 402 400 387
   409 377 323 377 410 346 344 376 342 410 402 382 367 328 379 363 381
   400 420 392 399 351 328 341 393 356 316 374 387 415 371 349 368 369
   366 424 411 327 365 443 379 398 395 423]]]
unstable
 
 err: 
done running mariposa 16.7
Bisecting: 101 revisions left to test after this (roughly 7 steps)
[2861b10d58dcdc777d40ae4b88ff4a64cb343e69] update
running python3 /home/yizhou7/mariposa/scripts/z3-bisect.py /home/yizhou7/mariposa/data/bisect_tasks/d_fvbkv_z3_clean--lib-Buckets-BucketWeights.i.dfy.Impl__BucketWeights.__default.WeightBucketListItemFlush.txt
building z3
done building z3 3.3
running mariposa
res: 0 
 out: [[[  2   2   2   2   2   2   2   2   2   2   2   2   2   2   2   2   2
     2   2   2   2   2   2   2   2   2   2   2   2   2   2   2   2   2
     2   2   2   2   2   2   2   2   2   2   2   2   2   2   2   2   2
     2   2   2   2   2   2   2   2   2   2]
  [277 328 356 336 331 354 329 332 332 351 354 352 332 362 327 353 386
   339 361 331 336 331 351 332 337 369 330 332 406 333 333 335 353 326
   354 330 350 373 369 334 331 353 329 335 333 334 343 342 335 335 367
   336 333 348 363 330 328 344 322 331 310]]

 [[  2   2   2   2   2   2   2   2   2   2   2   2   2   2   2   2   2
     2   2   2   2   2   2   2   2   2   2   2   2   2   2   2   2   2
     2   2   2   2   2   2   2   2   2   2   2   2   2   2   2   2   2
     2   2   2   2   2   2   2   2   2   2]
  [277 356 338 362 334 341 339 338 349 356 342 335 337 335 357 333 348
   356 333 333 338 369 335 361 334 333 334 336 362 352 336 337 335 335
   374 333 335 364 334 333 335 334 363 336 332 371 360 336 374 333 369
   372 357 334 336 337 355 352 340 359 337]]

 [[  2   2   2   2   2   2   2   2   2   2   2   2   2   2   2   2   2
     2   2   2   2   2   2   2   2   2   2   2   2   2   2   2   2   2
     2   2   2   2   2   2   2   2   2   2   2   2   2   2   2   2   2
     2   2   2   2   2   2   2   2   2   2]
  [277 374 395 380 381 411 398 396 376 400 381 373 385 380 397 374 393
   376 379 386 388 401 378 371 378 388 376 377 387 362 363 400 366 413
   454 395 362 381 378 374 378 396 418 358 380 361 413 392 368 409 386
   371 383 367 370 418 366 366 378 367 362]]]
stable
 
 err: 
done running mariposa 16.6
Bisecting: 50 revisions left to test after this (roughly 6 steps)
[c21f0c2f0097aa632c015d762fc3320bf67358b1] restore most global muxes as heap-allocated to avoid crashes with hard-kills like ctrl-c
running python3 /home/yizhou7/mariposa/scripts/z3-bisect.py /home/yizhou7/mariposa/data/bisect_tasks/d_fvbkv_z3_clean--lib-Buckets-BucketWeights.i.dfy.Impl__BucketWeights.__default.WeightBucketListItemFlush.txt
building z3
done building z3 3.4
running mariposa
res: 0 
 out: [[[  2   2   2   2   2   2   2   2   2   2   2   2   2   2   2   2   2
     2   2   2   2   2   2   2   2   2   2   2   2   2   2   2   2   2
     2   2   2   2   2   2   2   2   2   2   2   2   2   2   2   2   2
     2   2   2   2   2   2   2   2   2   2]
  [274 328 333 378 346 365 388 332 339 335 350 337 335 360 344 353 330
   358 340 372 376 327 343 334 328 336 357 332 329 336 377 382 333 352
   399 333 333 335 331 340 329 326 357 388 339 327 357 362 359 334 364
   380 330 335 334 332 360 319 323 316 296]]

 [[  2   2   2   2   2   2   2   2   2   2   2   2   2   2   2   2   2
     2   2   2   2   2   2   2   2   2   2   2   2   2   2   2   2   2
     2   2   2   2   2   2   2   2   2   2   2   2   2   2   2   2   2
     2   2   2   2   2   2   2   2   2   2]
  [274 336 336 357 334 339 338 355 339 338 342 333 340 330 427 336 352
   426 335 354 337 364 341 360 336 342 333 333 367 361 349 337 342 355
   334 334 361 372 341 356 332 333 365 355 339 358 336 337 333 332 340
   337 380 334 354 342 336 371 341 371 353]]

 [[  2   2   2   2   2   2   2   2   2   2   2   2   2   2   2   2   2
     2   2   2   2   2   2   2   2   2   2   2   2   2   2   2   2   2
     2   2   2   2   2   2   2   2   2   2   2   2   2   2   2   2   2
     2   2   2   2   2   2   2   2   2   2]
  [274 399 403 388 376 381 375 393 372 373 375 387 381 399 399 371 373
   378 375 425 384 432 365 371 370 375 396 371 389 368 361 389 396 398
   387 377 355 361 388 370 389 399 386 385 372 366 370 371 370 366 383
   362 380 393 365 385 403 368 364 388 367]]]
stable
 
 err: 
done running mariposa 16.8
Bisecting: 24 revisions left to test after this (roughly 5 steps)
[2a1f8ac2d89a13d52275e952b2f1e3c2d07be5c6] revert normalizing ordering on equality as it breaks others and doesn't necessarily lead to simplification
running python3 /home/yizhou7/mariposa/scripts/z3-bisect.py /home/yizhou7/mariposa/data/bisect_tasks/d_fvbkv_z3_clean--lib-Buckets-BucketWeights.i.dfy.Impl__BucketWeights.__default.WeightBucketListItemFlush.txt
building z3
done building z3 3.4
running mariposa
res: 1 
 out: [[[  4   2   2   2   4   4   2   2   2   2   4   4   4   2   4   4   2
     2   2   2   4   2   2   2   2   2   2   4   2   4   2   2   2   2
     2   2   2   4   4   2   2   2   2   4   4   4   2   2   4   4   2
     4   4   2   2   4   2   4   2   4   4]
  [241 372 383 372 298 296 385 388 383 387 298 315 289 363 314 293 432
   400 392 371 332 371 384 369 396 397 378 292 369 296 396 386 373 377
   384 414 362 326 316 396 354 380 374 358 296 336 369 369 328 295 363
   308 308 372 370 311 376 298 359 286 277]]

 [[  4   2   2   4   2   4   2   4   4   2   2   2   4   2   2   4   4
     2   4   2   2   2   2   2   2   2   2   2   2   4   2   2   2   4
     2   2   2   2   2   4   2   2   2   4   2   4   4   2   2   2   4
     2   2   2   4   2   4   4   2   4   4]
  [241 318 375 301 334 333 299 384 298 391 368 425 346 310 382 354 338
   391 331 339 307 403 372 301 404 387 360 311 377 345 311 379 319 352
   295 374 316 343 392 357 306 351 355 350 367 380 358 308 344 374 379
   343 316 310 413 359 352 328 383 347 321]]

 [[  4   4   2   2   2   2   2   2   4   2   4   2   4   2   4   2   4
     2   4   4   4   2   4   2   2   2   2   2   4   2   2   4   4   2
     2   4   2   2   2   2   4   4   2   4   2   2   4   4   2   2   2
     4   2   2   2   4   4   2   2   4   4]
  [241 311 336 360 353 404 423 502 369 337 378 359 389 529 435 339 360
   394 451 429 337 515 362 379 367 375 391 411 408 331 340 402 355 343
   381 403 356 338 332 389 384 381 340 392 385 371 425 440 409 344 351
   403 391 403 405 346 422 397 376 371 394]]]
unstable
 
 err: 
done running mariposa 16.6
Bisecting: 12 revisions left to test after this (roughly 4 steps)
[7c9d2e0d75757ed6aa535f72c7dec70d5a527fed] pydoc test
running python3 /home/yizhou7/mariposa/scripts/z3-bisect.py /home/yizhou7/mariposa/data/bisect_tasks/d_fvbkv_z3_clean--lib-Buckets-BucketWeights.i.dfy.Impl__BucketWeights.__default.WeightBucketListItemFlush.txt
building z3
done building z3 3.4
running mariposa
res: 1 
 out: [[[  2   2   2   2   2   2   2   2   2   2   2   2   2   2   2   2   2
     2   2   2   2   2   2   2   2   2   2   2   2   2   2   2   2   2
     2   2   2   2   2   2   2   2   2   2   2   2   2   2   2   2   2
     2   2   2   2   2   2   2   2   2   2]
  [282 346 360 359 357 349 340 360 388 343 356 366 360 366 341 338 359
   348 346 346 372 339 333 346 391 362 344 345 339 360 340 344 345 377
   363 362 359 338 346 344 343 357 365 337 352 337 358 345 390 338 358
   338 342 346 343 359 331 325 320 319 316]]

 [[  2   2   2   2   2   2   2   4   4   4   2   4   4   2   2   2   4
     4   2   4   2   4   2   2   2   4   2   2   4   4   4   2   2   4
     2   2   2   4   4   4   2   2   2   2   2   2   4   2   2   4   2
     4   4   4   4   4   4   4   4   2   2]
  [282 352 358 352 354 352 345 320 287 310 355 285 289 348 369 341 320
   321 342 300 344 289 348 344 351 285 348 386 295 308 311 347 342 307
   346 374 338 289 317 287 345 364 346 350 349 346 285 340 347 290 365
   309 287 287 299 306 295 288 308 346 350]]

 [[  2   2   2   2   2   2   2   2   2   2   2   2   2   2   2   2   2
     2   2   2   2   2   2   2   2   2   2   2   2   2   2   2   2   2
     2   2   2   2   2   2   2   2   2   2   2   2   2   2   2   2   2
     2   2   2   2   2   2   2   2   2   2]
  [282 384 398 381 387 410 408 413 384 383 390 425 387 383 413 371 397
   385 392 386 403 409 380 395 404 383 393 383 401 395 377 395 394 389
   379 425 367 376 387 378 409 424 377 391 390 381 386 406 406 402 373
   374 398 392 405 399 382 372 374 377 393]]]
unstable
 
 err: 
done running mariposa 16.6
Bisecting: 5 revisions left to test after this (roughly 3 steps)
[0f7ff2a3d016ce6cc0dcc2654a6aa0187bc55192] swap
running python3 /home/yizhou7/mariposa/scripts/z3-bisect.py /home/yizhou7/mariposa/data/bisect_tasks/d_fvbkv_z3_clean--lib-Buckets-BucketWeights.i.dfy.Impl__BucketWeights.__default.WeightBucketListItemFlush.txt
building z3
done building z3 3.3
running mariposa
res: 1 
 out: [[[  2   2   2   2   2   2   2   2   2   2   2   2   2   2   2   2   2
     2   2   2   2   2   2   2   2   2   2   2   2   2   2   2   2   2
     2   2   2   2   2   2   2   2   2   2   2   2   2   2   2   2   2
     2   2   2   2   2   2   2   2   2   2]
  [282 339 343 356 342 341 340 339 367 342 343 376 339 340 391 345 400
   369 362 355 362 337 350 357 340 343 343 352 352 394 373 353 358 337
   352 336 351 378 383 341 342 379 348 340 345 361 352 346 338 386 358
   373 344 351 390 334 330 325 330 323 322]]

 [[  2   2   2   2   2   2   4   2   4   4   2   4   4   2   2   4   2
     4   2   4   4   2   2   2   2   4   2   4   4   2   2   4   2   4
     2   2   4   2   4   4   2   2   2   2   2   2   4   2   2   4   4
     4   2   4   4   4   4   4   4   2   2]
  [282 347 356 348 350 351 332 346 286 286 357 288 289 361 357 290 343
   310 342 285 291 358 388 344 341 286 379 292 290 389 358 289 348 289
   351 347 307 360 290 301 341 362 347 389 358 422 288 348 378 289 295
   291 348 290 288 286 304 288 307 380 369]]

 [[  2   2   2   2   2   2   2   2   2   2   2   2   2   2   2   2   2
     2   2   2   2   2   2   2   2   2   2   2   2   2   2   2   2   2
     2   2   2   2   2   2   2   2   2   2   2   2   2   2   2   2   2
     2   2   2   2   2   2   2   2   2   2]
  [282 378 384 382 397 385 403 410 369 386 387 389 422 392 413 360 388
   390 387 384 390 389 375 382 381 390 392 388 407 384 374 391 379 395
   389 410 365 376 384 389 410 380 381 367 376 413 413 387 413 390 373
   394 379 386 396 379 425 381 374 375 400]]]
unstable
 
 err: 
done running mariposa 16.5
Bisecting: 2 revisions left to test after this (roughly 2 steps)
[1e770af1cc04f85a8d7a990ba0c9c4e433b83fa8] local sort
running python3 /home/yizhou7/mariposa/scripts/z3-bisect.py /home/yizhou7/mariposa/data/bisect_tasks/d_fvbkv_z3_clean--lib-Buckets-BucketWeights.i.dfy.Impl__BucketWeights.__default.WeightBucketListItemFlush.txt
building z3
done building z3 3.3
running mariposa
res: 1 
 out: [[[  2   2   2   2   2   2   2   2   2   2   2   2   2   2   2   2   2
     2   2   2   2   2   2   2   2   2   2   2   2   2   2   2   2   2
     2   2   2   2   2   2   2   2   2   2   2   2   2   2   2   2   2
     2   2   2   2   2   2   2   2   2   2]
  [278 338 337 339 359 366 356 358 336 337 362 338 340 357 337 352 348
   350 346 367 335 371 371 338 352 343 341 361 342 340 348 340 339 347
   336 357 369 375 336 336 398 354 357 339 358 368 353 361 374 336 335
   346 396 344 354 345 331 333 321 319 318]]

 [[  2   2   2   2   2   2   2   4   4   4   2   4   4   2   2   4   2
     4   4   2   2   4   2   2   2   4   2   4   2   4   2   4   2   4
     2   2   4   2   4   4   2   2   2   2   2   2   4   2   4   2   4
     2   4   4   4   4   4   4   4   2   2]
  [278 363 356 354 352 349 381 326 289 305 356 286 285 352 361 309 389
   303 291 342 347 283 367 389 344 283 344 295 379 302 346 310 362 285
   364 387 287 355 287 305 339 345 366 387 362 350 284 342 287 351 292
   347 289 299 290 289 287 309 286 383 367]]

 [[  2   2   2   2   2   2   2   2   2   2   2   2   2   2   2   2   2
     2   2   2   2   2   2   2   2   2   2   2   2   2   2   2   2   2
     2   2   2   2   2   2   2   2   2   2   2   2   2   2   2   2   2
     2   2   2   2   2   2   2   2   2   2]
  [278 382 376 398 381 410 402 416 381 388 388 395 412 389 402 386 381
   385 397 401 408 393 382 381 408 389 384 396 391 382 374 389 403 387
   414 418 368 375 423 389 390 380 417 373 378 383 386 393 390 399 369
   369 375 376 424 400 401 379 377 384 392]]]
unstable
 
 err: 
done running mariposa 16.6
Bisecting: 1 revision left to test after this (roughly 1 step)
[2fd579bdd2385bbb7c448646e64d5d1310c0a4b6] Fix typo in ForAll Doc
running python3 /home/yizhou7/mariposa/scripts/z3-bisect.py /home/yizhou7/mariposa/data/bisect_tasks/d_fvbkv_z3_clean--lib-Buckets-BucketWeights.i.dfy.Impl__BucketWeights.__default.WeightBucketListItemFlush.txt
building z3
done building z3 3.3
running mariposa
res: 0 
 out: [[[  2   2   2   2   2   2   2   2   2   2   2   2   2   2   2   2   2
     2   2   2   2   2   2   2   2   2   2   2   2   2   2   2   2   2
     2   2   2   2   2   2   2   2   2   2   2   2   2   2   2   2   2
     2   2   2   2   2   2   2   2   2   2]
  [277 327 380 360 332 358 379 331 343 353 337 365 332 365 346 333 375
   337 349 337 334 363 332 326 332 399 334 414 342 329 361 336 339 341
   377 341 334 351 343 364 333 325 331 370 337 339 335 351 338 335 330
   385 361 358 351 331 341 326 308 312 305]]

 [[  2   2   2   2   2   2   2   2   2   2   2   2   2   2   2   2   2
     2   2   2   2   2   2   2   2   2   2   2   2   2   2   2   2   2
     2   2   2   2   2   2   2   2   2   2   2   2   2   2   2   2   2
     2   2   2   2   2   2   2   2   2   2]
  [277 337 369 349 347 340 341 337 337 370 354 333 336 342 364 361 342
   338 332 332 403 378 359 339 365 335 340 335 338 351 337 341 337 337
   339 385 339 364 341 338 359 336 339 338 370 373 338 335 332 354 365
   342 379 340 335 360 338 338 356 342 337]]

 [[  2   2   2   2   2   2   2   2   2   2   2   2   2   2   2   2   2
     2   2   2   2   2   2   2   2   2   2   2   2   2   2   2   2   2
     2   2   2   2   2   2   2   2   2   2   2   2   2   2   2   2   2
     2   2   2   2   2   2   2   2   2   2]
  [277 370 396 390 382 388 410 419 402 379 377 372 378 402 379 379 378
   378 374 374 397 377 372 378 374 377 382 373 400 369 365 371 374 373
   380 375 367 385 384 371 386 368 413 366 363 369 374 373 368 388 364
   369 375 376 369 370 406 366 367 378 380]]]
stable
 
 err: 
done running mariposa 16.6
Bisecting: 0 revisions left to test after this (roughly 0 steps)
[ec1653fdff146ff8d1b3b2281e875494f4fc3a96] Merge pull request #2345 from schedutron/master
running python3 /home/yizhou7/mariposa/scripts/z3-bisect.py /home/yizhou7/mariposa/data/bisect_tasks/d_fvbkv_z3_clean--lib-Buckets-BucketWeights.i.dfy.Impl__BucketWeights.__default.WeightBucketListItemFlush.txt
building z3
done building z3 3.3
running mariposa
res: 0 
 out: [[[  2   2   2   2   2   2   2   2   2   2   2   2   2   2   2   2   2
     2   2   2   2   2   2   2   2   2   2   2   2   2   2   2   2   2
     2   2   2   2   2   2   2   2   2   2   2   2   2   2   2   2   2
     2   2   2   2   2   2   2   2   2   2]
  [276 326 349 336 348 384 326 329 342 334 353 337 364 338 333 331 332
   334 369 339 362 333 349 333 330 350 334 355 329 355 333 331 331 361
   360 332 346 330 377 337 330 328 352 331 334 396 329 336 363 334 336
   334 349 327 372 333 334 322 322 313 305]]

 [[  2   2   2   2   2   2   2   2   2   2   2   2   2   2   2   2   2
     2   2   2   2   2   2   2   2   2   2   2   2   2   2   2   2   2
     2   2   2   2   2   2   2   2   2   2   2   2   2   2   2   2   2
     2   2   2   2   2   2   2   2   2   2]
  [276 334 339 338 335 384 341 341 337 334 336 340 340 339 363 374 334
   373 335 338 338 338 354 335 368 335 360 340 339 358 357 333 338 338
   339 355 337 341 336 334 334 360 362 341 340 350 358 338 337 368 366
   372 337 335 365 355 341 341 345 335 376]]

 [[  2   2   2   2   2   2   2   2   2   2   2   2   2   2   2   2   2
     2   2   2   2   2   2   2   2   2   2   2   2   2   2   2   2   2
     2   2   2   2   2   2   2   2   2   2   2   2   2   2   2   2   2
     2   2   2   2   2   2   2   2   2   2]
  [276 374 408 399 400 410 395 402 377 364 379 392 410 414 424 377 370
   378 393 377 376 379 423 391 376 381 371 376 448 368 381 393 375 396
   393 373 366 367 374 391 379 424 398 362 368 368 370 372 422 403 363
   366 367 369 411 368 373 369 371 379 389]]]
stable
 
 err: 
done running mariposa 16.6
1e770af1cc04f85a8d7a990ba0c9c4e433b83fa8 is the first bad commit
commit 1e770af1cc04f85a8d7a990ba0c9c4e433b83fa8
Author: Nikolaj Bjorner <nbjorner@microsoft.com>
Date:   Fri Jun 14 09:29:41 2019 -0700

    local sort
    
    Signed-off-by: Nikolaj Bjorner <nbjorner@microsoft.com>

:040000 040000 0a3c7d7a39c8bafde7c0d96e40f38d5126f0b425 d2abe755e1f95482eb3e83cc96b729db2bab8fda M	src
bisect run success
git bisect start
# good: [e79542cc689d52ec4cb34ce4ae3fbe56e7a0bf70] fix #2309
git bisect good e79542cc689d52ec4cb34ce4ae3fbe56e7a0bf70
# bad: [ad55a1f1c617a7f0c3dd735c0780fc758424c7f1] Update release.yml for Azure Pipelines
git bisect bad ad55a1f1c617a7f0c3dd735c0780fc758424c7f1
# skip: [e2702f3ae88f5c48a55f4473bb5c29184c182634] fixes in assigning constraints to intervals
git bisect skip e2702f3ae88f5c48a55f4473bb5c29184c182634
# skip: [1915812f84cf41a5f232eedf2a695a54d055aa88] add a test for intervals
git bisect skip 1915812f84cf41a5f232eedf2a695a54d055aa88
# bad: [8faf35e2e0c8fce99794e71bd3b5de74b95ceb5a] fix #3735
git bisect bad 8faf35e2e0c8fce99794e71bd3b5de74b95ceb5a
# skip: [d1a5635b4ad7f8632356b380f3a9b1fc83fdb04f] better model based lemmaas
git bisect skip d1a5635b4ad7f8632356b380f3a9b1fc83fdb04f
# skip: [0a86bd14f792ef5fadb8eeb346729a612f7e1588] start on test nla
git bisect skip 0a86bd14f792ef5fadb8eeb346729a612f7e1588
# bad: [f7747d9e76bd685a02ce5c5fbda91fc356856b5e] fix parameter collection for tactic-based solvers reported in #3065
git bisect bad f7747d9e76bd685a02ce5c5fbda91fc356856b5e
# skip: [0644194fc96a853df44c37f9e4522796aa40add8] work on lemma from product to factors, and some renaming
git bisect skip 0644194fc96a853df44c37f9e4522796aa40add8
# skip: [0321312c8db1d3f0edbd23e6e48884fbb7d77d1d] Changed to get_const_interp to match Java and C# bindings
git bisect skip 0321312c8db1d3f0edbd23e6e48884fbb7d77d1d
# skip: [771cbb31bb52ccea84b803e589433bd47a78d82d] test nla_solver
git bisect skip 771cbb31bb52ccea84b803e589433bd47a78d82d
# skip: [26c34c91937e054af48145e548bb2d53bf782a99] fix #2623
git bisect skip 26c34c91937e054af48145e548bb2d53bf782a99
# skip: [de56ead538b63e5795eb8e528e0cbf5edf9759b4] start using the tree for var_equivalence
git bisect skip de56ead538b63e5795eb8e528e0cbf5edf9759b4
# skip: [c1fa8444606fd373c052c877f6e69fa205941ba8] format
git bisect skip c1fa8444606fd373c052c877f6e69fa205941ba8
# skip: [d935bdb6c424e5b14e39db40e4e33bc01cfe731c] create a lemma for basic proportional case
git bisect skip d935bdb6c424e5b14e39db40e4e33bc01cfe731c
# skip: [d4a88f1de6c5c8aed7315cce884ee23d80a40ca1] fix the nla_exp division
git bisect skip d4a88f1de6c5c8aed7315cce884ee23d80a40ca1
# skip: [064cf9e983c84ec5f089e4460aa4268e7a1e2c4f] allow gomory cut for a row with free non-basic vars
git bisect skip 064cf9e983c84ec5f089e4460aa4268e7a1e2c4f
# skip: [dd827cae1cb90cbe597cd3f793b0bb2b1737f0e6] remove IS_GNU
git bisect skip dd827cae1cb90cbe597cd3f793b0bb2b1737f0e6
# skip: [51b75a132c05ee842a0c7c75e745cb0b7808ce1c] signed char -> int, update mk_util to catch warnings on fptest, thanks to jfc
git bisect skip 51b75a132c05ee842a0c7c75e745cb0b7808ce1c
# skip: [b50f8508f25bf396f590f4395fea0d19fefb576d] rename additional build options #2709
git bisect skip b50f8508f25bf396f590f4395fea0d19fefb576d
# good: [51cca37a3c7f79d1a6040046940433633f7d70a0] Update azure-pipelines.yml for Azure Pipelines
git bisect good 51cca37a3c7f79d1a6040046940433633f7d70a0
# skip: [36d587e519385827d658bed4a2897689442e4936] fix the build
git bisect skip 36d587e519385827d658bed4a2897689442e4936
# skip: [ad1aaebb892ab75fd806bd34d4a8bf4378078952] proportional lemma
git bisect skip ad1aaebb892ab75fd806bd34d4a8bf4378078952
# skip: [11995e58f453abaf003d65a1313f00c98e89f876] clean up a trace statement
git bisect skip 11995e58f453abaf003d65a1313f00c98e89f876
# skip: [9179deb7463c707719e2461850a78be41cad69dd] add get-interpolant command
git bisect skip 9179deb7463c707719e2461850a78be41cad69dd
# bad: [da805f6016a846e45c7c2c2a0560759f95fee6fa] address perf bottleneck exposed by #2552
git bisect bad da805f6016a846e45c7c2c2a0560759f95fee6fa
# bad: [6d244ed2aa311d07e8c8aaca9051308d0107ce03] internalize reflect
git bisect bad 6d244ed2aa311d07e8c8aaca9051308d0107ce03
# good: [2861b10d58dcdc777d40ae4b88ff4a64cb343e69] update
git bisect good 2861b10d58dcdc777d40ae4b88ff4a64cb343e69
# good: [c21f0c2f0097aa632c015d762fc3320bf67358b1] restore most global muxes as heap-allocated to avoid crashes with hard-kills like ctrl-c
git bisect good c21f0c2f0097aa632c015d762fc3320bf67358b1
# bad: [2a1f8ac2d89a13d52275e952b2f1e3c2d07be5c6] revert normalizing ordering on equality as it breaks others and doesn't necessarily lead to simplification
git bisect bad 2a1f8ac2d89a13d52275e952b2f1e3c2d07be5c6
# bad: [7c9d2e0d75757ed6aa535f72c7dec70d5a527fed] pydoc test
git bisect bad 7c9d2e0d75757ed6aa535f72c7dec70d5a527fed
# bad: [0f7ff2a3d016ce6cc0dcc2654a6aa0187bc55192] swap
git bisect bad 0f7ff2a3d016ce6cc0dcc2654a6aa0187bc55192
# bad: [1e770af1cc04f85a8d7a990ba0c9c4e433b83fa8] local sort
git bisect bad 1e770af1cc04f85a8d7a990ba0c9c4e433b83fa8
# good: [2fd579bdd2385bbb7c448646e64d5d1310c0a4b6] Fix typo in ForAll Doc
git bisect good 2fd579bdd2385bbb7c448646e64d5d1310c0a4b6
# good: [ec1653fdff146ff8d1b3b2281e875494f4fc3a96] Merge pull request #2345 from schedutron/master
git bisect good ec1653fdff146ff8d1b3b2281e875494f4fc3a96
# first bad commit: [1e770af1cc04f85a8d7a990ba0c9c4e433b83fa8] local sort
