running python3 /home/yizhou7/mariposa/scripts/z3-bisect.py /home/yizhou7/mariposa/data/bisect_tasks/d_fvbkv_z3_clean--lib-Buckets-PackedKV.i.dfy.CheckWellformed__DynamicPkv.__default.PKVISeq.txt
building z3
Bisecting: 1453 revisions left to test after this (roughly 11 steps)
[1915812f84cf41a5f232eedf2a695a54d055aa88] add a test for intervals
running python3 /home/yizhou7/mariposa/scripts/z3-bisect.py /home/yizhou7/mariposa/data/bisect_tasks/d_fvbkv_z3_clean--lib-Buckets-PackedKV.i.dfy.CheckWellformed__DynamicPkv.__default.PKVISeq.txt
building z3
Bisecting: 1453 revisions left to test after this (roughly 11 steps)
[8faf35e2e0c8fce99794e71bd3b5de74b95ceb5a] fix #3735
running python3 /home/yizhou7/mariposa/scripts/z3-bisect.py /home/yizhou7/mariposa/data/bisect_tasks/d_fvbkv_z3_clean--lib-Buckets-PackedKV.i.dfy.CheckWellformed__DynamicPkv.__default.PKVISeq.txt
building z3
done building z3 95.8
running mariposa
res: 1 
 out: [[[    2     2     2     2     2     2     2     2     2     2     2
       2     2     2     2     2     2     2     2     2     2     2
       2     2     2     2     2     2     2     2     2     2     2
       2     2     2     2     2     2     2     2     2     2     2
       2     2     2     2     2     2     2     2     2     2     2
       2     2     2     2     2     2]
  [  385   561   577   527   544   548   550   560   579   561   563
     550   531   542   544   519   519   535   569   550   569   555
     558   536   528   570   609   527   536   525   525   550   584
     577   589   559   536   554   536   565   602   549   610   562
     559   575   585   556   559   549   570   575   550   535   553
     543   554   530   537   530   518]]

 [[    2     2     2     2     2     2     2     2     2     2     2
       2     2     2     2     2     2     2     2     2     2     2
       2     2     2     2     2     2     2     2     2     2     2
       2     2     2     2     2     2     2     2     2     2     2
       2     2     2     2     2     2     2     2     2     2     2
       2     2     2     2     2     3]
  [  385   656   640   681   655   632   638   660   670   673   619
     616   594   607   614   597   623   603   584   663   583   679
     648   599   597   602   662   612   609   623   639   640   641
     656   573   555   556   563   578   598   559   555   543   552
     576   557   550   527   558   535   548   527   587   553   535
     551   553   530   561   592 60016]]

 [[    2     2     2     2     2     2     2     2     2     2     2
       2     2     2     2     2     2     2     2     2     2     2
       2     2     2     2     2     2     2     2     2     2     2
       2     2     2     2     2     2     2     2     2     2     2
       2     2     2     2     2     2     2     2     2     2     2
       3     3     3     3     3     3]
  [  385   516   543   553   529   607   625   600   542   518   544
     565   562   599   633   538   553   542   564   500   587   553
     555   518   571   567   574   646   547   528   619   645   695
     641   701   745   805   824   721   822   711   771   861   727
     771   795   808   901   761   820   828   838   804   864   728
   60013 60013 60029 60014 60014 60015]]]
unstable
 
 err: 
done running mariposa 122.2
Bisecting: 1254 revisions left to test after this (roughly 10 steps)
[d1a5635b4ad7f8632356b380f3a9b1fc83fdb04f] better model based lemmaas
running python3 /home/yizhou7/mariposa/scripts/z3-bisect.py /home/yizhou7/mariposa/data/bisect_tasks/d_fvbkv_z3_clean--lib-Buckets-PackedKV.i.dfy.CheckWellformed__DynamicPkv.__default.PKVISeq.txt
building z3
Bisecting: 1254 revisions left to test after this (roughly 10 steps)
[0a86bd14f792ef5fadb8eeb346729a612f7e1588] start on test nla
running python3 /home/yizhou7/mariposa/scripts/z3-bisect.py /home/yizhou7/mariposa/data/bisect_tasks/d_fvbkv_z3_clean--lib-Buckets-PackedKV.i.dfy.CheckWellformed__DynamicPkv.__default.PKVISeq.txt
building z3
Bisecting: 1254 revisions left to test after this (roughly 10 steps)
[f7747d9e76bd685a02ce5c5fbda91fc356856b5e] fix parameter collection for tactic-based solvers reported in #3065
running python3 /home/yizhou7/mariposa/scripts/z3-bisect.py /home/yizhou7/mariposa/data/bisect_tasks/d_fvbkv_z3_clean--lib-Buckets-PackedKV.i.dfy.CheckWellformed__DynamicPkv.__default.PKVISeq.txt
building z3
done building z3 95.6
running mariposa
res: 0 
 out: [[[    2     2     2     2     2     2     2     2     2     2     2
       2     2     2     2     2     2     2     2     2     2     2
       2     2     2     2     2     2     2     2     2     2     2
       2     2     2     2     2     2     2     2     2     2     2
       2     2     2     2     2     2     2     2     2     2     2
       2     2     2     2     2     2]
  [  371   547   559   548   545   552   556   560   564   560   552
     540   549   553   552   586   564   583   557   556   538   570
     568   546   540   555   558   583   547   542   548   554   540
     555   555   547   543   565   550   550   546   564   550   559
     554   548   554   584   568   554   558   551   543   554   549
     563   559   555   542   550   544]]

 [[    2     2     2     2     2     2     2     2     2     2     2
       2     2     2     2     2     2     2     2     2     2     2
       2     2     2     2     2     2     2     2     2     2     2
       2     2     2     2     2     2     2     2     2     2     2
       2     2     2     2     2     2     2     2     2     2     2
       2     2     2     2     2     3]
  [  371   543   607   564   568   576   600   620   597   581   600
     577   558   545   603   625   559   567   568   545   561   569
     538   600   557   577   617   562   572   565   570   559   577
     574   541   590   542   557   565   538   591   566   569   565
     558   583   553   556   564   568   581   548   594   553   577
     567   576   575   543   541 60014]]

 [[    2     2     2     2     2     2     2     2     2     2     2
       2     2     2     2     2     2     2     2     2     2     2
       2     2     2     2     2     2     2     2     2     2     2
       2     2     2     2     2     2     2     2     2     2     2
       2     2     2     2     2     2     2     2     2     2     2
       2     2     2     3     3     3]
  [  371   523   497   565   574   523   563   490   503   567   539
     598   636   511   561   599   583   601   609   543   597   579
     631   630   664   636   617   594   631   658   668   653   642
     627   702   647   699   653   644   725   700   641   770   657
     669   670   662   689   674   671   639   613   745   682   663
     701   723   624 60013 60016 60015]]]
stable
 
 err: 
done running mariposa 87.9
Bisecting: 220 revisions left to test after this (roughly 8 steps)
[56584922e9aa073a97ed65fe71b7364989ae9702] if it isn't used, it isn't templatized
running python3 /home/yizhou7/mariposa/scripts/z3-bisect.py /home/yizhou7/mariposa/data/bisect_tasks/d_fvbkv_z3_clean--lib-Buckets-PackedKV.i.dfy.CheckWellformed__DynamicPkv.__default.PKVISeq.txt
building z3
done building z3 84.9
running mariposa
res: 1 
 out: [[[    2     2     2     2     2     2     2     2     2     2     2
       2     2     2     2     2     2     2     2     2     2     2
       2     2     2     2     2     2     2     2     2     2     2
       2     2     2     2     2     2     2     2     2     2     2
       2     2     2     2     2     2     2     2     2     2     2
       2     2     2     2     2     2]
  [  476   684   649   650   716   666   715   680   668   686   729
     646   620   588   613   666   621   642   648   624   606   612
     622   644   630   633   617   626   660   638   604   631   597
     664   617   618   607   668   601   642   588   616   603   602
     656   614   618   612   621   625   651   604   608   675   599
     640   590   647   588   579   572]]

 [[    2     2     2     2     2     2     2     2     2     2     2
       2     2     2     2     2     2     2     2     2     2     2
       2     2     2     2     2     2     2     2     2     2     2
       2     2     2     2     2     2     2     2     2     2     2
       2     2     2     2     2     2     2     2     2     2     2
       2     3     3     3     3     3]
  [  476   669   644   651   711   908   731   931   811   719   686
     686   733   795   734   740   769   687   745   699   679   652
     655   685   692   666   664   677   672   674   622   675   708
     712   717   666   708   682   629   631   753   680   593   695
     662   648   595   649   584   630   605   615   555   627   663
     687 60036 60036 60034 60033 60048]]

 [[    2     2     2     2     2     2     2     2     2     2     2
       2     2     2     2     2     2     2     2     2     2     2
       2     2     2     3     3     2     2     3     2     2     3
       2     2     2     2     2     2     2     2     2     3     3
       2     2     2     3     2     2     2     2     2     2     2
       2     2     2     3     3     3]
  [  476   631   653   667   673   671   711   700   775   807   878
     844   793   804   805   873   772  1076   862   966   983   884
     868   943   983 60034 60030   751   781 60030   748   838 60030
     717   661   685   745   683   868   781   869  1059 60033 60030
     861   745   804 60031   865   831   809   821   763   899   802
     883   796   770 60039 60035 60035]]]
unstable
 
 err: 
done running mariposa 191.7
Bisecting: 109 revisions left to test after this (roughly 7 steps)
[61d99604202e49a5df52484f1706a4092fd21c81] fix #3461
running python3 /home/yizhou7/mariposa/scripts/z3-bisect.py /home/yizhou7/mariposa/data/bisect_tasks/d_fvbkv_z3_clean--lib-Buckets-PackedKV.i.dfy.CheckWellformed__DynamicPkv.__default.PKVISeq.txt
building z3
done building z3 59.7
running mariposa
res: 0 
 out: [[[    2     2     2     2     2     2     2     2     2     2     2
       2     2     2     2     2     2     2     2     2     2     2
       2     2     2     2     2     2     2     2     2     2     2
       2     2     2     2     2     2     2     2     2     2     2
       2     2     2     2     2     2     2     2     2     2     2
       2     2     2     2     2     2]
  [  377   560   552   547   559   556   569   566   572   559   552
     541   582   564   570   587   569   585   595   568   564   561
     576   552   560   565   578   575   560   572   563   554   538
     570   549   545   537   566   552   554   552   573   556   566
     557   549   568   562   563   556   550   549   551   552   551
     566   560   562   543   535   529]]

 [[    2     2     2     2     2     2     2     2     2     2     2
       2     2     2     2     2     2     2     2     2     2     2
       2     2     2     2     2     2     2     2     2     2     2
       2     2     2     2     2     2     2     2     2     2     2
       2     2     2     2     2     2     2     2     2     2     2
       2     2     2     2     2     3]
  [  377   600   545   574   565   597   580   582   603   571   587
     577   565   553   600   617   562   568   574   551   573   568
     536   566   556   580   589   568   570   566   576   565   581
     563   548   605   540   554   585   544   566   552   548   589
     558   599   567   580   548   551   581   575   596   565   597
     564   591   574   555   587 60015]]

 [[    2     2     2     2     2     2     2     2     2     2     2
       2     2     2     2     2     2     2     2     2     2     2
       2     2     2     2     2     2     2     2     2     2     2
       2     2     2     2     2     2     2     2     2     2     2
       2     2     2     2     2     2     2     2     2     2     2
       2     2     2     3     3     3]
  [  377   506   520   546   528   560   588   505   556   523   543
     592   588   581   521   579   597   572   536   604   590   564
     617   615   675   621   628   646   656   693   691   639   655
     708   623   655   702   664   695   637   734   750   636   656
     674   693   670   725   679   709   666   762   650   725   661
     674   729   619 60015 60016 60016]]]
stable
 
 err: 
done running mariposa 88.0
Bisecting: 54 revisions left to test after this (roughly 6 steps)
[fad08454c1955b0660ada7b7b1daf797e50e29db] remove debug code
running python3 /home/yizhou7/mariposa/scripts/z3-bisect.py /home/yizhou7/mariposa/data/bisect_tasks/d_fvbkv_z3_clean--lib-Buckets-PackedKV.i.dfy.CheckWellformed__DynamicPkv.__default.PKVISeq.txt
building z3
done building z3 32.4
running mariposa
res: 1 
 out: [[[    2     2     2     2     2     2     2     2     2     2     2
       2     2     2     2     2     2     2     2     2     2     2
       2     2     2     2     2     2     2     2     2     2     2
       2     2     2     2     2     2     2     2     2     2     2
       2     2     2     2     2     2     2     2     2     2     2
       2     2     2     2     2     2]
  [  428   613   588   566   612   601   608   582   581   634   582
     584   632   588   583   585   571   589   632   620   574   632
     568   576   577   569   575   578   585   605   588   550   562
     562   584   536   559   593   557   559   614   563   549   541
     557   557   586   562   588   548   545   541   586   540   546
     569   568   545   539   537   524]]

 [[    2     2     2     2     2     2     2     2     2     2     2
       2     2     2     2     2     2     2     2     2     2     2
       2     2     2     2     2     2     2     2     2     2     2
       2     2     2     2     2     2     2     2     2     2     2
       2     2     2     2     2     2     2     2     2     2     2
       2     2     2     3     3     3]
  [  428   599   660   639   622   647   660   672   788   726   648
     569   633   635   623   679   614   605   627   576   595   616
     591   541   537   604   548   585   554   544   599   689   675
     665   699   691   770   679   637   606   660   665   665   708
     579   552   589   600   639   579   550   574   587   594   570
     661   616   617 60033 60032 60039]]

 [[    2     2     2     2     2     2     2     2     2     2     2
       2     2     2     2     2     2     2     2     2     2     2
       2     2     2     2     2     2     2     2     2     3     3
       2     2     3     3     2     2     3     2     2     2     2
       2     2     3     2     2     2     2     2     2     2     2
       3     2     2     3     3     3]
  [  428   553   591   591   560   611   599   700   566   560   612
     696   646   669   604   667   644   735   779   663   724   807
     790   759   823   737   912   819   880   932   848 60033 60031
     725   700 60034 60029   748   747 60031   720   818   826   801
     765   781 60031   867   789   733   713   850   901   831   782
   60032   942   816 60039 60037 60035]]]
unstable
 
 err: 
done running mariposa 154.6
Bisecting: 26 revisions left to test after this (roughly 5 steps)
[145ec8f248dae5b6cff03a3d0be3e1589cdb340b] pick up log configuration consistently #3513
running python3 /home/yizhou7/mariposa/scripts/z3-bisect.py /home/yizhou7/mariposa/data/bisect_tasks/d_fvbkv_z3_clean--lib-Buckets-PackedKV.i.dfy.CheckWellformed__DynamicPkv.__default.PKVISeq.txt
building z3
done building z3 42.8
running mariposa
res: 0 
 out: [[[    2     2     2     2     2     2     2     2     2     2     2
       2     2     2     2     2     2     2     2     2     2     2
       2     2     2     2     2     2     2     2     2     2     2
       2     2     2     2     2     2     2     2     2     2     2
       2     2     2     2     2     2     2     2     2     2     2
       2     2     2     2     2     2]
  [  374   546   548   566   552   552   561   562   566   569   556
     566   561   585   566   570   560   559   576   566   556   550
     566   552   557   557   570   573   557   550   559   561   540
     568   560   548   536   574   565   582   543   551   574   553
     545   553   561   564   556   568   560   554   553   565   568
     562   555   559   562   557   544]]

 [[    2     2     2     2     2     2     2     2     2     2     2
       2     2     2     2     2     2     2     2     2     2     2
       2     2     2     2     2     2     2     2     2     2     2
       2     2     2     2     2     2     2     2     2     2     2
       2     2     2     2     2     2     2     2     2     2     2
       2     2     2     2     2     3]
  [  374   616   551   584   566   611   622   583   609   580   592
     574   569   544   594   617   556   564   588   584   568   571
     536   586   561   576   586   579   579   564   570   577   588
     560   549   602   544   555   566   546   563   556   547   567
     559   595   563   581   552   551   578   554   594   560   610
     558   583   586   545   554 60014]]

 [[    2     2     2     2     2     2     2     2     2     2     2
       2     2     2     2     2     2     2     2     2     2     2
       2     2     2     2     2     2     2     2     2     2     2
       2     2     2     2     2     2     2     2     2     2     2
       2     2     2     2     2     2     2     2     2     2     2
       2     2     2     3     3     3]
  [  374   493   524   507   582   577   569   528   497   558   556
     596   635   579   522   595   608   605   530   595   615   545
     616   654   663   607   632   615   625   694   634   685   653
     701   725   627   672   642   692   637   742   647   754   656
     671   688   637   738   676   678   638   765   626   700   679
     690   708   622 60013 60014 60017]]]
stable
 
 err: 
done running mariposa 88.1
Bisecting: 12 revisions left to test after this (roughly 4 steps)
[0229ab2811a209e49e73d79c76850e1c0fbda41c] remove debug code
running python3 /home/yizhou7/mariposa/scripts/z3-bisect.py /home/yizhou7/mariposa/data/bisect_tasks/d_fvbkv_z3_clean--lib-Buckets-PackedKV.i.dfy.CheckWellformed__DynamicPkv.__default.PKVISeq.txt
building z3
done building z3 7.9
running mariposa
res: 1 
 out: [[[    2     2     2     2     2     2     2     2     2     2     2
       2     2     2     2     2     2     2     2     2     2     2
       2     2     2     2     2     2     2     2     2     2     2
       2     2     2     2     2     2     2     2     2     2     2
       2     2     2     2     2     2     2     2     2     2     2
       2     2     2     2     2     2]
  [  423   612   586   567   608   597   604   581   577   634   574
     580   622   570   573   579   578   587   631   612   571   628
     561   572   577   567   574   577   586   613   583   541   569
     557   578   539   562   589   555   579   623   557   556   548
     563   552   605   541   587   548   544   541   583   542   542
     570   551   539   535   535   524]]

 [[    2     2     2     2     2     2     2     2     2     2     2
       2     2     2     2     2     2     2     2     2     2     2
       2     2     2     2     2     2     2     2     2     2     2
       2     2     2     2     2     2     2     2     2     2     2
       2     2     2     2     2     2     2     2     2     2     2
       2     2     2     3     3     3]
  [  423   623   654   632   616   632   654   659   778   710   631
     570   606   630   640   685   620   606   609   566   604   623
     618   536   531   605   539   583   547   537   608   682   678
     657   700   680   768   669   637   605   656   656   667   705
     576   544   584   605   638   574   550   569   580   588   563
     658   618   612 60033 60032 60037]]

 [[    2     2     2     2     2     2     2     2     2     2     2
       2     2     2     2     2     2     2     2     2     2     2
       2     2     2     2     2     2     2     2     2     3     3
       2     3     2     3     2     2     3     2     2     2     2
       2     2     3     2     2     2     2     2     2     2     2
       3     2     2     3     3     3]
  [  423   552   532   607   596   607   624   703   603   568   610
     645   720   712   611   637   674   769   680   645   717   810
     799   759   818   737   920   817   880   934   842 60034 60031
     717 60029   692 60030   756   752 60031   714   809   834   794
     755   777 60033   865   794   724   718   850   901   814   776
   60030   943   816 60039 60036 60035]]]
unstable
 
 err: 
done running mariposa 154.7
Bisecting: 6 revisions left to test after this (roughly 3 steps)
[c469ea2717b16a6741142a6526e88b078a0df5e3] do not call get_model() from assume_eqs()
running python3 /home/yizhou7/mariposa/scripts/z3-bisect.py /home/yizhou7/mariposa/data/bisect_tasks/d_fvbkv_z3_clean--lib-Buckets-PackedKV.i.dfy.CheckWellformed__DynamicPkv.__default.PKVISeq.txt
building z3
done building z3 46.0
running mariposa
res: 1 
 out: [[[    4     4     4     4     4     4     4     4     4     4     4
       4     4     4     4     4     4     4     4     4     4     4
       4     4     4     4     4     4     4     4     4     4     4
       4     4     4     4     4     4     4     4     4     4     4
       4     4     4     4     4     4     4     4     4     4     4
       4     4     4     4     4     4]
  [  391   583   589   584   608   605   589   555   554   545   626
     551   588   547   550   564   544   575   579   555   585   511
     528   557   522   518   520   527   548   572   531   551   541
     519   556   527   522   517   551   519   523   564   527   520
     529   523   560   532   563   546   522   517   519   553   526
     537   521   514   531   525   499]]

 [[    4     4     4     4     4     4     4     4     4     4     4
       4     4     4     4     4     4     4     4     4     4     4
       4     4     4     4     4     4     4     4     4     4     4
       4     4     4     4     4     4     4     4     4     4     4
       4     4     4     4     4     4     4     4     4     4     4
       4     4     4     3     3     3]
  [  391   536   534   541   562   550   564   618   581   586   570
     536   577   543   557   585   549   564   560   532   493   503
     503   466   470   540   498   542   495   497   538   566   549
     553   615   613   630   614   593   608   610   644   627   642
     608   574   566   625   608   646   562   554   566   558   556
     576   587   602 60034 60033 60034]]

 [[    4     4     4     4     4     4     4     4     4     4     4
       4     4     4     4     4     4     4     4     4     4     4
       4     4     4     4     4     4     4     4     4     4     4
       4     4     3     3     4     3     4     4     4     3     4
       4     4     4     4     4     4     4     3     4     4     4
       4     3     4     4     3     3]
  [  391   523   537   608   579   578   583   744   532   510   603
     594   601   602   541   574   582   616   641   610   656   675
     720   754   719   750   671   764   750   747   826   781   832
     766   876 60034 60031   659 60029   679   602   619 60031   632
     632   594   622   644   634   583   585 60029   673   660   622
     682 60029   679   630 60029 60038]]]
unsolvable
 
 err: 
done running mariposa 141.3
Bisecting: 2 revisions left to test after this (roughly 2 steps)
[762f265616a9e8b88b7119cbec345da1368c00a6] merge with master
running python3 /home/yizhou7/mariposa/scripts/z3-bisect.py /home/yizhou7/mariposa/data/bisect_tasks/d_fvbkv_z3_clean--lib-Buckets-PackedKV.i.dfy.CheckWellformed__DynamicPkv.__default.PKVISeq.txt
building z3
done building z3 7.4
running mariposa
res: 1 
 out: [[[    2     2     2     2     2     2     2     2     2     2     2
       2     2     2     2     2     2     2     2     2     2     2
       2     2     2     2     2     2     2     2     2     2     2
       2     2     2     2     2     2     2     2     2     2     2
       2     2     2     2     2     2     2     2     2     2     2
       2     2     2     2     2     2]
  [  428   603   601   623   645   630   647   601   600   615   547
     565   587   563   558   570   565   569   588   588   570   598
     563   570   563   555   564   571   668   588   587   555   576
     569   594   557   574   582   561   570   596   562   570   563
     580   588   598   560   599   573   563   566   595   562   576
     587   566   561   573   572   554]]

 [[    2     2     2     2     2     2     2     2     2     2     2
       2     2     2     2     2     2     2     2     2     2     2
       2     2     2     2     2     2     2     2     2     2     2
       2     2     2     2     2     2     2     2     2     2     2
       2     2     2     2     2     2     2     2     2     2     2
       2     2     2     3     3     3]
  [  428   570   615   590   587   645   608   641   687   890   676
     579   735   622   570   618   549   553   549   710   527   585
     555   568   546   602   535   555   611   528   619   793   687
     671   676   694   738   663   695   693   740   706   713   733
     758   571   642   625   652   597   607   553   552   745   550
     614   620   592 60036 60034 60037]]

 [[    2     2     2     2     2     2     2     2     2     2     2
       2     2     2     2     2     2     2     2     2     2     2
       2     2     2     2     2     2     2     2     2     2     2
       2     3     3     3     2     3     2     2     2     2     2
       2     2     3     2     2     2     3     2     2     2     2
       2     2     2     3     3     3]
  [  428   572   562   603   600   657   775   939   531   589   626
     648   667   639   567   635   638   672   679   652   737   981
     947   778   751   809   732   809  1125   827   928   813   855
     927 60036 60032 60031  1302 60030   771   668   747   766   741
     706   698 60030   785   801   715 60030   677   771   751   722
     702   721   782 60031 60038 60037]]]
unstable
 
 err: 
done running mariposa 147.5
Bisecting: 1 revision left to test after this (roughly 1 step)
[73d73e6c953dd0d63d76c1dca7f88bc04ccf4565] enhance rewriting for indexof based on #3516
running python3 /home/yizhou7/mariposa/scripts/z3-bisect.py /home/yizhou7/mariposa/data/bisect_tasks/d_fvbkv_z3_clean--lib-Buckets-PackedKV.i.dfy.CheckWellformed__DynamicPkv.__default.PKVISeq.txt
building z3
done building z3 6.9
running mariposa
res: 0 
 out: [[[    2     2     2     2     2     2     2     2     2     2     2
       2     2     2     2     2     2     2     2     2     2     2
       2     2     2     2     2     2     2     2     2     2     2
       2     2     2     2     2     2     2     2     2     2     2
       2     2     2     2     2     2     2     2     2     2     2
       2     2     2     2     2     2]
  [  374   550   549   546   547   550   581   552   566   581   553
     550   554   564   576   566   561   577   567   569   560   558
     575   558   563   553   567   564   555   553   567   545   528
     566   555   541   534   563   553   552   552   541   552   570
     581   566   558   570   572   561   549   553   549   563   560
     541   541   553   561   560   547]]

 [[    2     2     2     2     2     2     2     2     2     2     2
       2     2     2     2     2     2     2     2     2     2     2
       2     2     2     2     2     2     2     2     2     2     2
       2     2     2     2     2     2     2     2     2     2     2
       2     2     2     2     2     2     2     2     2     2     2
       2     2     2     2     2     3]
  [  374   538   596   563   567   604   579   587   595   593   592
     596   563   545   585   608   553   566   570   550   568   566
     542   569   555   591   583   566   568   558   569   559   589
     567   572   592   549   581   575   538   570   559   554   542
     564   595   565   570   547   549   587   562   603   563   588
     598   567   580   548   572 60013]]

 [[    2     2     2     2     2     2     2     2     2     2     2
       2     2     2     2     2     2     2     2     2     2     2
       2     2     2     2     2     2     2     2     2     2     2
       2     2     2     2     2     2     2     2     2     2     2
       2     2     2     2     2     2     2     2     2     2     2
       2     2     2     3     3     3]
  [  374   507   540   509   548   561   574   510   515   557   531
     592   634   537   575   615   600   589   536   606   588   539
     625   612   665   621   599   633   624   647   614   678   649
     713   618   738   646   630   688   735   641   632   753   649
     667   664   648   683   675   665   643   760   618   687   684
     668   699   622 60014 60015 60017]]]
stable
 
 err: 
done running mariposa 87.9
Bisecting: 0 revisions left to test after this (roughly 0 steps)
[cf86e6ef73bf64669ccf48cc739e8447d4982c0f] disable dubious eq adapter code causing perf hit
running python3 /home/yizhou7/mariposa/scripts/z3-bisect.py /home/yizhou7/mariposa/data/bisect_tasks/d_fvbkv_z3_clean--lib-Buckets-PackedKV.i.dfy.CheckWellformed__DynamicPkv.__default.PKVISeq.txt
building z3
done building z3 18.3
running mariposa
res: 0 
 out: [[[    2     2     2     2     2     2     2     2     2     2     2
       2     2     2     2     2     2     2     2     2     2     2
       2     2     2     2     2     2     2     2     2     2     2
       2     2     2     2     2     2     2     2     2     2     2
       2     2     2     2     2     2     2     2     2     2     2
       2     2     2     2     2     2]
  [  376   545   548   544   555   548   559   565   575   562   555
     549   567   577   571   564   591   561   597   564   559   544
     577   557   562   559   565   563   556   562   575   545   532
     557   566   578   540   554   545   555   554   540   565   555
     548   549   558   562   547   561   555   556   550   560   555
     556   554   561   555   545   540]]

 [[    2     2     2     2     2     2     2     2     2     2     2
       2     2     2     2     2     2     2     2     2     2     2
       2     2     2     2     2     2     2     2     2     2     2
       2     2     2     2     2     2     2     2     2     2     2
       2     2     2     2     2     2     2     2     2     2     2
       2     2     2     2     2     3]
  [  376   547   612   592   563   606   583   583   595   579   603
     579   559   549   601   617   561   561   574   568   562   567
     539   605   556   582   588   567   578   565   590   567   589
     566   569   615   551   569   577   543   571   567   577   549
     567   602   571   570   555   564   588   582   604   571   561
     595   577   568   539   565 60014]]

 [[    2     2     2     2     2     2     2     2     2     2     2
       2     2     2     2     2     2     2     2     2     2     2
       2     2     2     2     2     2     2     2     2     2     2
       2     2     2     2     2     2     2     2     2     2     2
       2     2     2     2     2     2     2     2     2     2     2
       2     2     2     3     3     3]
  [  376   509   560   580   527   542   557   489   543   562   565
     601   622   517   585   572   567   619   590   543   594   546
     660   616   667   625   630   616   631   651   682   651   684
     713   707   628   652   661   694   647   767   759   633   654
     678   671   637   717   682   683   637   750   623   691   670
     668   725   622 60013 60015 60015]]]
stable
 
 err: 
done running mariposa 88.0
762f265616a9e8b88b7119cbec345da1368c00a6 is the first bad commit
commit 762f265616a9e8b88b7119cbec345da1368c00a6
Author: Lev Nachmanson <levnach@hotmail.com>
Date:   Fri Feb 14 10:55:21 2020 -0800

    merge with master
    
    Signed-off-by: Lev Nachmanson <levnach@hotmail.com>

:040000 040000 71a4a67b856fcba9154dee3bf495a28910a990a3 28fbc5c0a1b5c10d5f56b8761ab92f9db596926f M	src
bisect run success
git bisect start
# good: [e79542cc689d52ec4cb34ce4ae3fbe56e7a0bf70] fix #2309
git bisect good e79542cc689d52ec4cb34ce4ae3fbe56e7a0bf70
# bad: [ad55a1f1c617a7f0c3dd735c0780fc758424c7f1] Update release.yml for Azure Pipelines
git bisect bad ad55a1f1c617a7f0c3dd735c0780fc758424c7f1
# skip: [e2702f3ae88f5c48a55f4473bb5c29184c182634] fixes in assigning constraints to intervals
git bisect skip e2702f3ae88f5c48a55f4473bb5c29184c182634
# skip: [1915812f84cf41a5f232eedf2a695a54d055aa88] add a test for intervals
git bisect skip 1915812f84cf41a5f232eedf2a695a54d055aa88
# bad: [8faf35e2e0c8fce99794e71bd3b5de74b95ceb5a] fix #3735
git bisect bad 8faf35e2e0c8fce99794e71bd3b5de74b95ceb5a
# skip: [d1a5635b4ad7f8632356b380f3a9b1fc83fdb04f] better model based lemmaas
git bisect skip d1a5635b4ad7f8632356b380f3a9b1fc83fdb04f
# skip: [0a86bd14f792ef5fadb8eeb346729a612f7e1588] start on test nla
git bisect skip 0a86bd14f792ef5fadb8eeb346729a612f7e1588
# good: [f7747d9e76bd685a02ce5c5fbda91fc356856b5e] fix parameter collection for tactic-based solvers reported in #3065
git bisect good f7747d9e76bd685a02ce5c5fbda91fc356856b5e
# bad: [56584922e9aa073a97ed65fe71b7364989ae9702] if it isn't used, it isn't templatized
git bisect bad 56584922e9aa073a97ed65fe71b7364989ae9702
# good: [61d99604202e49a5df52484f1706a4092fd21c81] fix #3461
git bisect good 61d99604202e49a5df52484f1706a4092fd21c81
# bad: [fad08454c1955b0660ada7b7b1daf797e50e29db] remove debug code
git bisect bad fad08454c1955b0660ada7b7b1daf797e50e29db
# good: [145ec8f248dae5b6cff03a3d0be3e1589cdb340b] pick up log configuration consistently #3513
git bisect good 145ec8f248dae5b6cff03a3d0be3e1589cdb340b
# bad: [0229ab2811a209e49e73d79c76850e1c0fbda41c] remove debug code
git bisect bad 0229ab2811a209e49e73d79c76850e1c0fbda41c
# bad: [c469ea2717b16a6741142a6526e88b078a0df5e3] do not call get_model() from assume_eqs()
git bisect bad c469ea2717b16a6741142a6526e88b078a0df5e3
# bad: [762f265616a9e8b88b7119cbec345da1368c00a6] merge with master
git bisect bad 762f265616a9e8b88b7119cbec345da1368c00a6
# good: [73d73e6c953dd0d63d76c1dca7f88bc04ccf4565] enhance rewriting for indexof based on #3516
git bisect good 73d73e6c953dd0d63d76c1dca7f88bc04ccf4565
# good: [cf86e6ef73bf64669ccf48cc739e8447d4982c0f] disable dubious eq adapter code causing perf hit
git bisect good cf86e6ef73bf64669ccf48cc739e8447d4982c0f
# first bad commit: [762f265616a9e8b88b7119cbec345da1368c00a6] merge with master
