running python3 /home/yizhou7/mariposa/scripts/z3-bisect.py /home/yizhou7/mariposa/data/bisect_tasks/d_fvbkv_z3_clean--Impl-IOImpl.i.dfy.Impl__IOImpl.__default.PageInIndirectionTableResp.txt
building z3
Bisecting: 1453 revisions left to test after this (roughly 11 steps)
[1915812f84cf41a5f232eedf2a695a54d055aa88] add a test for intervals
running python3 /home/yizhou7/mariposa/scripts/z3-bisect.py /home/yizhou7/mariposa/data/bisect_tasks/d_fvbkv_z3_clean--Impl-IOImpl.i.dfy.Impl__IOImpl.__default.PageInIndirectionTableResp.txt
building z3
Bisecting: 1453 revisions left to test after this (roughly 11 steps)
[8faf35e2e0c8fce99794e71bd3b5de74b95ceb5a] fix #3735
running python3 /home/yizhou7/mariposa/scripts/z3-bisect.py /home/yizhou7/mariposa/data/bisect_tasks/d_fvbkv_z3_clean--Impl-IOImpl.i.dfy.Impl__IOImpl.__default.PageInIndirectionTableResp.txt
building z3
done building z3 3.3
running mariposa
res: 0 
 out: [[[    2     2     2     2     2     2     2     2     2     2     2
       2     2     2     2     2     2     2     2     2     2     2
       2     2     2     2     2     2     2     2     2     2     2
       2     2     2     2     2     2     2     2     2     2     2
       2     2     2     2     2     2     2     2     2     2     2
       2     2     2     2     2     2]
  [40189 28535 36272 33340 50661 50686 47696 44326 49784 32492 41789
   35992 53758 36952 39240 40072 42564 34250 38931 34509 51172 36805
   37931 45524 32297 44161 29492 31324 37199 34621 34716 48826 36790
   35079 28382 35218 54226 49338 34062 27898 38024 41624 42604 37422
   53649 44656 41897 46341 39874 51749 36676 38635 26900 25426 35768
   50454 39648 36107 32346 36685 33978]]

 [[    2     2     2     2     2     2     2     3     3     2     2
       2     2     2     2     2     2     3     2     2     2     2
       2     2     2     2     2     2     2     2     2     2     2
       2     2     2     2     2     2     2     2     2     2     2
       3     2     2     3     2     2     2     2     2     2     2
       2     2     2     2     2     2]
  [40189 23345 41847 26647 36006 37631 46472 60013 60012 48227 53809
   40479 36400 42939 31300 49889 45218 60012 46815 56229 57985 37718
   33015 40774 32167 36477 44384 35890 39994 31756 42574 35164 47955
   37089 40194 33136 47070 35911 31306 32908 36188 44298 31739 31681
   60013 43495 26292 60013 30653 28703 33027 38808 33418 31459 38851
   23601 45377 47618 27927 46652 58928]]

 [[    2     2     2     2     2     2     2     2     2     2     2
       2     2     2     2     2     2     2     2     2     2     2
       2     2     2     2     2     2     2     2     2     2     2
       2     2     2     2     2     2     2     2     2     2     2
       2     3     2     2     2     2     2     2     2     2     2
       2     2     2     2     2     2]
  [40189 22091 28677 32174 34427 35670 38269 47344 37443 34157 29577
   38050 39982 45794 46253 25684 39147 36658 33721 59650 47756 32740
   45543 38848 48619 47758 32326 48322 53383 44598 31425 47640 48092
   26825 41459 30237 41198 42417 38603 41933 37720 51691 35083 42111
   36511 60012 40922 40367 30678 45332 30478 30345 44032 36739 28514
   41278 44940 29454 30027 37311 34150]]]
stable
 
 err: 
done running mariposa 1102.4
Bisecting: 198 revisions left to test after this (roughly 8 steps)
[1f23ae8aae2f84ac250c0a993995df7c2c530825] fix the test build
running python3 /home/yizhou7/mariposa/scripts/z3-bisect.py /home/yizhou7/mariposa/data/bisect_tasks/d_fvbkv_z3_clean--Impl-IOImpl.i.dfy.Impl__IOImpl.__default.PageInIndirectionTableResp.txt
building z3
done building z3 94.7
running mariposa
res: 1 
 out: [[[    2     2     2     2     2     3     2     2     2     3     2
       3     3     2     2     2     2     3     3     3     2     2
       2     3     2     2     3     3     2     3     2     2     3
       2     2     2     3     2     2     2     3     3     2     2
       2     2     2     2     2     2     2     2     2     2     2
       2     3     2     2     2     2]
  [24689 36803 36219 36538 36164 60013 36153 46158 36527 60013 36335
   60013 60013 46003 45720 36754 36285 60014 60013 60013 35905 36554
   36374 60015 36275 36735 60013 60013 57268 60014 36273 36534 60013
   57845 58000 46033 60014 36025 36669 36087 60013 60013 36118 37053
   36007 36479 35823 35812 35932 45695 35708 36990 36129 36332 35925
   35814 60014 33404 58925 58930 30250]]

 [[    2     2     2     2     2     2     2     2     2     2     2
       2     2     2     2     2     2     2     2     2     2     2
       2     2     2     2     2     2     2     2     2     2     2
       2     3     2     2     2     2     2     2     2     2     2
       2     2     2     2     3     2     2     2     2     2     2
       2     2     2     2     2     3]
  [24689 41409 40893 34853 37632 40335 53779 50856 49011 30635 35871
   40517 30863 38809 44933 31843 46708 44097 33818 33400 38406 36204
   56208 41923 44988 25920 29492 37486 36993 32317 38133 37117 32011
   36151 60014 29234 48138 31689 39555 53154 33980 43579 44347 42749
   33596 29916 35621 33875 60014 36373 22249 34798 45993 37381 37022
   49827 35331 49871 36328 40098 60015]]

 [[    2     2     2     2     2     2     2     2     2     2     2
       2     2     2     2     2     2     2     2     2     2     2
       2     2     2     2     2     2     2     2     2     2     2
       2     2     2     2     2     2     2     2     2     3     2
       2     2     2     2     2     2     2     2     2     2     2
       2     2     2     2     2     2]
  [24689 32520 32848 34437 37073 37426 48752 52672 38644 39182 41249
   42004 31351 53437 28419 24893 55647 36197 31067 29020 37926 28063
   29614 39565 29793 33523 33268 34901 32190 38226 43059 43397 35596
   50017 35389 51409 31976 35188 38495 51988 29149 44841 60015 23720
   38786 32986 27623 49859 28524 23687 31270 24920 43216 36852 38182
   41010 36186 45621 38985 44137 44039]]]
unstable
 
 err: 
done running mariposa 1115.2
Bisecting: 99 revisions left to test after this (roughly 7 steps)
[21b7dc627edfec4d80c2c74cb7e9a85151177da5] create a more precize lemma for the empty intersection case
running python3 /home/yizhou7/mariposa/scripts/z3-bisect.py /home/yizhou7/mariposa/data/bisect_tasks/d_fvbkv_z3_clean--Impl-IOImpl.i.dfy.Impl__IOImpl.__default.PageInIndirectionTableResp.txt
building z3
done building z3 94.7
running mariposa
res: 1 
 out: [[[    2     2     2     2     2     3     2     2     3     2     2
       3     3     2     2     2     2     3     3     3     2     2
       2     3     2     3     2     3     2     3     2     2     3
       2     2     3     2     2     2     3     2     3     2     2
       2     2     2     2     2     2     2     2     2     2     2
       2     3     2     2     2     2]
  [23490 36022 36165 36762 37018 60015 36623 45828 60014 37316 36628
   60013 60014 45385 45763 37433 37093 60013 60013 60013 35869 37073
   36810 60014 36310 60013 37551 60013 57455 60013 36365 36636 60015
   57662 59744 60013 45543 36256 36771 60014 37240 60013 35790 36424
   36100 36517 36130 36880 45117 35852 35477 36422 35999 36620 36256
   35744 60013 57883 32292 58876 30617]]

 [[    2     2     2     2     2     2     2     2     2     2     2
       2     2     2     2     2     2     2     2     2     2     2
       2     2     2     2     2     2     2     2     2     2     2
       2     3     2     2     2     2     2     2     2     2     2
       2     2     2     2     2     2     2     2     2     2     2
       2     2     2     2     2     3]
  [23490 40609 40025 35004 38755 51927 40503 30190 52010 48401 35695
   38925 30669 41516 46069 31702 45264 43452 33683 33974 36384 39679
   40470 56298 45368 26267 36211 29794 38238 32002 38290 38019 32297
   35828 60013 29227 48071 31655 39021 53800 33933 43340 44176 42985
   34053 29808 35585 33700 59322 35971 22617 35579 46031 37153 36740
   49138 35558 49975 36369 39864 60013]]

 [[    2     2     2     2     2     2     2     2     2     2     2
       2     2     2     2     2     2     2     2     2     2     2
       2     2     2     2     2     2     2     2     2     2     2
       2     2     2     2     2     2     2     2     2     3     2
       2     2     2     2     2     2     2     2     2     2     2
       2     2     2     2     2     2]
  [23490 32441 33328 34447 36225 36370 50460 51347 38418 40157 40695
   41263 31636 54201 28268 24352 55461 36192 30891 37690 29769 27892
   33328 29563 40445 29667 35006 33625 31822 37044 43253 35018 44149
   50666 35251 52154 32114 34933 37528 50521 29448 44746 60015 26816
   22941 32558 39035 49754 28898 23418 30953 25185 36007 37166 44646
   40865 35808 45639 40031 44941 43924]]]
unstable
 
 err: 
done running mariposa 1115.2
Bisecting: 49 revisions left to test after this (roughly 6 steps)
[b2ba45448a7a2417e6ef1b06abed20d7538201e6] fix #3798
running python3 /home/yizhou7/mariposa/scripts/z3-bisect.py /home/yizhou7/mariposa/data/bisect_tasks/d_fvbkv_z3_clean--Impl-IOImpl.i.dfy.Impl__IOImpl.__default.PageInIndirectionTableResp.txt
building z3
done building z3 86.2
running mariposa
res: 0 
 out: [[[    2     2     2     2     2     2     2     2     2     2     2
       2     2     2     2     2     2     2     2     2     2     2
       2     2     2     2     2     2     2     2     2     2     2
       2     2     2     2     2     2     2     2     2     2     2
       2     2     2     2     2     2     2     2     2     2     2
       2     2     2     2     2     2]
  [40097 27813 36226 33357 50563 51819 47096 32126 45028 47632 41693
   36406 53038 36551 39103 40452 42405 39045 34774 34140 50586 36716
   37744 45713 32503 29635 45585 30566 34633 36479 34662 49080 34181
   37780 27755 34445 54836 49131 33877 27425 37933 42841 41138 37605
   54582 44832 38950 46235 43396 50890 36922 37996 26808 24932 36058
   50835 41036 36450 31450 35696 34236]]

 [[    2     2     2     2     2     2     2     3     3     2     2
       2     2     2     2     2     2     3     2     2     2     2
       2     2     2     2     2     2     2     2     2     2     2
       2     2     2     2     2     2     2     2     2     2     3
       2     2     2     2     3     2     2     2     2     2     2
       2     2     2     2     2     2]
  [40097 23443 25893 42180 36342 37746 46357 60014 60014 48131 55045
   39431 42676 36158 31416 49618 45367 60013 46924 56733 55920 38121
   32886 40457 32450 36117 44404 36324 39965 31376 42169 35223 48501
   37320 39946 32806 46085 36976 30985 32941 36147 43466 32566 60013
   32273 42268 25786 30631 60012 29527 32232 32975 39731 30708 38424
   23638 45314 27946 48104 48041 57493]]

 [[    2     2     2     2     2     2     2     2     2     2     2
       2     2     2     2     2     2     2     2     2     2     2
       2     2     2     2     2     2     2     2     2     2     2
       2     2     2     2     2     2     2     2     2     2     2
       2     3     2     2     2     2     2     2     2     2     2
       2     2     2     2     2     2]
  [40097 21813 28405 32298 35620 36034 37290 46724 37543 34012 29841
   38428 41361 45458 45536 25238 39297 36931 33843 59255 32003 47889
   46379 47073 39039 47667 32201 48686 44236 54205 31649 47401 46596
   27163 41498 30124 41793 42268 38165 40980 38104 50922 35214 41555
   37278 60013 41385 40095 45086 30348 30424 43598 30828 37263 28615
   41335 43493 29698 30768 37224 33777]]]
stable
 
 err: 
done running mariposa 1099.2
Bisecting: 24 revisions left to test after this (roughly 5 steps)
[7fc9eb11db303c98dcf2616de23ab7a0ad79ea71] fix #3850
running python3 /home/yizhou7/mariposa/scripts/z3-bisect.py /home/yizhou7/mariposa/data/bisect_tasks/d_fvbkv_z3_clean--Impl-IOImpl.i.dfy.Impl__IOImpl.__default.PageInIndirectionTableResp.txt
building z3
done building z3 56.3
running mariposa
res: 1 
 out: [[[    2     2     2     2     2     3     2     2     3     2     2
       3     3     2     2     2     2     3     3     3     2     2
       2     3     2     2     3     3     2     3     2     2     3
       2     2     2     2     3     2     2     3     3     2     2
       2     2     2     2     2     2     2     2     2     2     2
       2     3     2     2     2     2]
  [24245 36285 35903 37036 36318 60014 45876 36153 60015 36209 36813
   60015 60014 45953 45861 36365 36695 60013 60013 60013 37127 36219
   36704 60014 37143 36519 60013 60013 58143 60015 36537 37017 60013
   58639 57840 45475 36156 60013 36842 35954 60015 60013 35683 36140
   36625 37018 35676 35823 35798 35742 45184 36554 36971 36110 36665
   36249 60013 32559 59166 58447 31152]]

 [[    2     2     2     2     2     2     2     2     2     2     2
       2     2     2     2     2     2     2     2     2     2     2
       2     2     2     2     2     2     2     2     2     2     2
       2     3     2     2     2     2     2     2     2     2     2
       2     2     2     2     3     2     2     2     2     2     2
       2     2     2     2     2     3]
  [24245 40314 41549 34731 37550 40764 51688 52136 49860 30226 35208
   40024 40043 30645 44992 31809 45854 43338 33215 34810 38337 35588
   55937 40810 45642 26265 37553 29661 37360 31960 38092 37736 32389
   35583 60014 29470 47996 32191 39294 33685 52828 42532 44519 43573
   30080 33779 35443 33233 60014 36183 22680 35420 45831 37268 36750
   49333 48959 36165 35846 40076 60014]]

 [[    2     2     2     2     2     2     2     2     2     2     2
       2     2     2     2     2     2     2     2     2     2     2
       2     2     2     2     2     2     2     2     2     2     2
       2     2     2     2     2     2     2     2     2     3     2
       2     2     2     2     2     2     2     2     2     2     2
       2     2     2     2     2     2]
  [24245 32503 32985 34317 36928 37764 48850 51406 38447 39570 41850
   41980 31276 53188 28042 24899 55419 36450 31041 29049 37670 27699
   39792 29494 34133 29725 33175 35656 31483 37680 43393 44444 34969
   49963 34999 52557 31843 35005 37196 51544 28969 46068 60014 22738
   32832 27297 38252 50686 29028 23383 31091 36505 25529 43615 37052
   40258 35625 47176 39671 44181 44364]]]
unstable
 
 err: 
done running mariposa 1114.8
Bisecting: 12 revisions left to test after this (roughly 4 steps)
[9c6722bea87aed8e94afe10654a4b568a30ae54c] fix #3791
running python3 /home/yizhou7/mariposa/scripts/z3-bisect.py /home/yizhou7/mariposa/data/bisect_tasks/d_fvbkv_z3_clean--Impl-IOImpl.i.dfy.Impl__IOImpl.__default.PageInIndirectionTableResp.txt
building z3
done building z3 20.8
running mariposa
res: 1 
 out: [[[    2     2     2     2     2     3     2     2     2     3     2
       3     3     2     2     2     2     3     3     3     2     2
       2     3     2     2     3     3     2     3     2     2     3
       2     2     2     3     2     2     2     3     3     2     2
       2     2     2     2     2     2     2     2     2     2     2
       2     3     2     2     2     2]
  [24155 36070 36444 37166 36434 60013 36431 45359 36665 60013 36270
   60013 60014 45422 45965 36201 37076 60014 60013 60013 36492 36078
   35872 60014 36582 36148 60013 60013 57882 60015 36524 36969 60015
   57891 57432 36000 60013 45707 36207 35910 60013 60015 35770 36277
   35935 35756 36024 37031 35988 36255 36001 45438 35921 36664 35761
   36163 60013 32958 59676 57907 30126]]

 [[    2     2     2     2     2     2     2     2     2     2     2
       2     2     2     2     2     2     2     2     2     2     2
       2     2     2     2     2     2     2     2     2     2     2
       2     2     3     2     2     2     2     2     2     2     2
       2     2     2     2     2     2     2     2     2     2     2
       2     2     2     2     2     3]
  [24155 41115 40023 34964 37656 51900 40679 30555 50717 49665 35624
   30711 40444 38795 46165 31638 45873 44514 33868 33415 35750 39206
   56415 45932 41702 26028 36186 29391 37067 32643 38816 38315 32118
   35812 29097 60014 46664 31842 40063 33593 54054 43514 44256 42920
   33521 29719 36546 59237 33962 36105 22429 35211 46065 37027 37170
   50220 35183 50294 35855 40706 60015]]

 [[    2     2     2     2     2     2     2     2     2     2     2
       2     2     2     2     2     2     2     2     2     2     2
       2     2     2     2     2     2     2     2     2     2     2
       2     2     2     2     2     2     2     2     2     3     2
       2     2     2     2     2     2     2     2     2     2     2
       2     2     2     2     2     2]
  [24155 32440 33767 35059 36136 36907 49252 51403 39392 40301 41062
   40514 30788 53722 28059 24194 56400 30863 36738 37057 29951 27828
   33249 29659 39737 30306 32470 35611 32246 37300 35001 43884 44236
   49575 34766 52161 32791 34791 37453 50883 29208 44566 60013 23196
   26992 38520 32872 49747 28582 23444 31626 25024 43208 37128 37695
   40398 35923 45645 39061 44425 45494]]]
unstable
 
 err: 
done running mariposa 1116.3
Bisecting: 5 revisions left to test after this (roughly 3 steps)
[29a857e258f00eaa4cfb29942e12ff5ea7e80abe] fix the build
running python3 /home/yizhou7/mariposa/scripts/z3-bisect.py /home/yizhou7/mariposa/data/bisect_tasks/d_fvbkv_z3_clean--Impl-IOImpl.i.dfy.Impl__IOImpl.__default.PageInIndirectionTableResp.txt
building z3
done building z3 5.1
running mariposa
res: 1 
 out: [[[    2     2     2     2     2     3     2     2     2     3     2
       3     3     2     2     2     2     3     3     3     2     2
       2     3     2     3     2     3     2     3     2     2     3
       2     2     2     2     3     2     2     3     3     2     2
       2     2     2     2     2     2     2     2     2     2     2
       2     3     2     2     2     2]
  [24424 36100 35900 36624 35946 60013 37084 45673 36137 60014 36822
   60013 60014 46470 45854 35856 36134 60013 60013 60014 36533 36370
   35816 60014 36838 60015 36423 60013 59747 60013 36771 36138 60013
   59346 57588 46721 36369 60014 36088 35983 60015 60013 36598 36638
   36181 35631 35738 35688 36091 46476 36587 36304 36422 36088 35820
   36028 60013 33603 58528 59619 30605]]

 [[    2     2     2     2     2     2     2     2     2     2     2
       2     2     2     2     2     2     2     2     2     2     2
       2     2     2     2     2     2     2     2     2     2     2
       2     3     2     2     2     2     2     2     2     2     2
       2     2     2     2     2     2     2     2     2     2     2
       2     2     2     2     2     3]
  [24424 40481 40324 34743 37423 51909 41380 30971 50831 49373 35560
   40052 31296 38998 44976 32138 46632 43176 34107 33329 35786 38264
   56445 40562 46587 25880 36990 30000 37025 32211 38185 38146 32548
   36228 60013 29382 46774 31544 38916 33699 54566 43420 44675 43008
   33951 29753 59852 34187 35650 36556 22286 34625 45714 37078 37045
   49608 50173 35599 35260 39946 60013]]

 [[    2     2     2     2     2     2     2     2     2     2     2
       2     2     2     2     2     2     2     2     2     2     2
       2     2     2     2     2     2     2     2     2     2     2
       2     2     2     2     2     2     2     2     2     3     2
       2     2     2     2     2     2     2     2     2     2     2
       2     2     2     2     2     2]
  [24424 33032 33813 34328 36130 36445 49198 51895 39452 39189 40989
   41200 30824 54603 28090 24367 55405 37536 31085 36963 29002 28189
   33501 29498 39569 30438 34955 33143 31698 37150 34825 44284 44408
   49485 35104 51528 32912 35646 37688 50781 28940 44794 60014 22941
   26756 32991 38802 51449 28424 23407 31172 35906 44268 25576 36979
   40652 35491 46563 39790 43905 45318]]]
unstable
 
 err: 
done running mariposa 1114.8
Bisecting: 2 revisions left to test after this (roughly 2 steps)
[e90ff4b9923b46154d3583e918bf0c06b846884f] fix the patch of real vars
running python3 /home/yizhou7/mariposa/scripts/z3-bisect.py /home/yizhou7/mariposa/data/bisect_tasks/d_fvbkv_z3_clean--Impl-IOImpl.i.dfy.Impl__IOImpl.__default.PageInIndirectionTableResp.txt
building z3
done building z3 8.2
running mariposa
res: 0 
 out: [[[    2     2     2     2     2     2     2     2     2     2     2
       2     2     2     2     2     2     2     2     2     2     2
       2     2     2     2     2     2     2     2     2     2     2
       2     2     2     2     2     2     2     2     2     2     2
       2     2     2     2     2     2     2     2     2     2     2
       2     2     2     2     2     2]
  [41219 27804 35996 33200 51665 52004 46922 44676 47930 32753 41460
   36868 53148 37350 38989 40053 41097 35197 38713 34009 51634 36824
   37449 46380 32013 29102 45354 30561 35127 36333 35056 48694 34006
   37856 28404 34593 54018 49430 33905 27392 38813 42095 41595 38185
   54134 44478 39262 42807 50786 45892 37387 38486 24889 27065 35624
   39838 50450 36266 36697 30924 34806]]

 [[    2     2     2     2     2     2     2     3     3     2     2
       2     2     2     2     2     2     2     3     2     2     2
       2     2     2     2     2     2     2     2     2     2     2
       2     2     2     2     2     2     2     2     2     2     3
       2     2     2     3     2     2     2     2     2     2     2
       2     2     2     2     2     2]
  [41219 23466 26005 41375 36280 38589 46159 60014 60014 47747 53839
   39276 35977 43421 30546 51674 45241 46378 60013 55955 56435 37081
   33877 41459 32145 36832 44676 35694 38568 31919 43084 35171 48353
   37035 40051 33394 46010 31595 36711 32677 36175 43821 32217 60012
   31647 43580 25786 60014 30854 29085 32540 39117 32638 30823 38251
   23722 46883 27425 47284 47141 59169]]

 [[    2     2     2     2     2     2     2     2     2     2     2
       2     2     2     2     2     2     2     2     2     2     2
       2     2     2     2     2     2     2     2     2     2     2
       2     2     2     2     2     2     2     2     2     2     2
       2     3     2     2     2     2     2     2     2     2     2
       2     2     2     2     2     2]
  [41219 22343 28277 32057 34724 35808 38543 46596 38317 34053 29664
   37627 40481 45016 47019 25175 39841 36519 32931 59673 31906 47876
   46550 39066 47941 47327 33279 48845 52975 43598 31078 47733 47292
   26675 42225 30169 43206 40730 37392 41632 38295 52519 35691 41715
   37458 60012 40495 40952 30707 45280 30510 42727 30344 36741 29158
   41308 44300 29385 30625 37254 33980]]]
stable
 
 err: 
done running mariposa 1101.7
Bisecting: 1 revision left to test after this (roughly 1 step)
[80994f74bf1c07d41172b76992d5a14dd2f9fff2] redirect to the new solver
running python3 /home/yizhou7/mariposa/scripts/z3-bisect.py /home/yizhou7/mariposa/data/bisect_tasks/d_fvbkv_z3_clean--Impl-IOImpl.i.dfy.Impl__IOImpl.__default.PageInIndirectionTableResp.txt
building z3
done building z3 7.2
running mariposa
res: 1 
 out: [[[    2     2     2     2     2     3     2     2     2     3     2
       3     3     2     2     2     2     3     3     3     2     2
       2     3     2     3     3     2     2     3     2     2     3
       2     2     3     2     2     2     3     2     3     2     2
       2     2     2     2     2     2     2     2     2     2     2
       2     3     2     2     2     2]
  [24237 36206 37070 36149 36092 60013 36270 45816 36432 60015 36978
   60014 60013 45528 46525 36780 37404 60015 60014 60014 35855 36537
   36575 60015 36538 60015 60013 36161 57631 60014 37200 36246 60015
   58129 59643 60015 46197 36890 36444 60013 37406 60014 35721 36013
   36580 35971 35492 36890 36078 45665 35743 36595 35647 36476 36062
   36098 60014 32358 59047 59358 30907]]

 [[    2     2     2     2     2     2     2     2     2     2     2
       2     2     2     2     2     2     2     2     2     2     2
       2     2     2     2     2     2     2     2     2     2     2
       2     3     2     2     2     2     2     2     2     2     2
       2     2     2     2     3     2     2     2     2     2     2
       2     2     2     2     2     3]
  [24237 40556 34572 41271 37606 41122 52969 51614 30140 48563 36391
   40665 31032 39569 45153 32014 43059 44955 34197 34053 38511 36538
   40541 56458 44753 26238 37111 29669 37045 31988 38417 36920 32777
   35784 60013 29588 46468 31587 38899 52822 34806 43110 45190 42705
   33382 29868 35291 33290 60015 37320 22205 34676 46723 37388 49038
   37610 36372 48998 35463 40015 60013]]

 [[    2     2     2     2     2     2     2     2     2     2     2
       2     2     2     2     2     2     2     2     2     2     2
       2     2     2     2     2     2     2     2     2     2     2
       2     2     2     2     2     2     2     2     2     3     2
       2     2     2     2     2     2     2     2     2     2     2
       2     2     2     2     2     2]
  [24237 32126 33851 35079 36373 36291 49070 52358 38330 39268 40702
   42466 30790 53676 28459 24894 56593 30811 36455 37180 28963 28111
   29283 29539 40251 33098 33260 35216 31989 37003 43192 35900 43697
   49993 35633 51611 31832 34907 38471 50636 28831 45464 60014 22871
   27053 38358 33433 50506 29022 23397 31025 25457 35982 43179 37221
   41791 35088 46849 39733 44310 44045]]]
unstable
 
 err: 
done running mariposa 1115.9
80994f74bf1c07d41172b76992d5a14dd2f9fff2 is the first bad commit
commit 80994f74bf1c07d41172b76992d5a14dd2f9fff2
Author: Lev Nachmanson <levnach@hotmail.com>
Date:   Mon Apr 6 13:49:21 2020 -0700

    redirect to the new solver
    
    Signed-off-by: Lev Nachmanson <levnach@hotmail.com>

:040000 040000 a5c01a56334596dc3dc32a22bfd66929239018dd 7a6ae662ca8928765372a5ae6a4270cc89fa4146 M	src
bisect run success
git bisect start
# good: [e79542cc689d52ec4cb34ce4ae3fbe56e7a0bf70] fix #2309
git bisect good e79542cc689d52ec4cb34ce4ae3fbe56e7a0bf70
# bad: [ad55a1f1c617a7f0c3dd735c0780fc758424c7f1] Update release.yml for Azure Pipelines
git bisect bad ad55a1f1c617a7f0c3dd735c0780fc758424c7f1
# skip: [e2702f3ae88f5c48a55f4473bb5c29184c182634] fixes in assigning constraints to intervals
git bisect skip e2702f3ae88f5c48a55f4473bb5c29184c182634
# skip: [1915812f84cf41a5f232eedf2a695a54d055aa88] add a test for intervals
git bisect skip 1915812f84cf41a5f232eedf2a695a54d055aa88
# good: [8faf35e2e0c8fce99794e71bd3b5de74b95ceb5a] fix #3735
git bisect good 8faf35e2e0c8fce99794e71bd3b5de74b95ceb5a
# bad: [1f23ae8aae2f84ac250c0a993995df7c2c530825] fix the test build
git bisect bad 1f23ae8aae2f84ac250c0a993995df7c2c530825
# bad: [21b7dc627edfec4d80c2c74cb7e9a85151177da5] create a more precize lemma for the empty intersection case
git bisect bad 21b7dc627edfec4d80c2c74cb7e9a85151177da5
# good: [b2ba45448a7a2417e6ef1b06abed20d7538201e6] fix #3798
git bisect good b2ba45448a7a2417e6ef1b06abed20d7538201e6
# bad: [7fc9eb11db303c98dcf2616de23ab7a0ad79ea71] fix #3850
git bisect bad 7fc9eb11db303c98dcf2616de23ab7a0ad79ea71
# bad: [9c6722bea87aed8e94afe10654a4b568a30ae54c] fix #3791
git bisect bad 9c6722bea87aed8e94afe10654a4b568a30ae54c
# bad: [29a857e258f00eaa4cfb29942e12ff5ea7e80abe] fix the build
git bisect bad 29a857e258f00eaa4cfb29942e12ff5ea7e80abe
# good: [e90ff4b9923b46154d3583e918bf0c06b846884f] fix the patch of real vars
git bisect good e90ff4b9923b46154d3583e918bf0c06b846884f
# bad: [80994f74bf1c07d41172b76992d5a14dd2f9fff2] redirect to the new solver
git bisect bad 80994f74bf1c07d41172b76992d5a14dd2f9fff2
# first bad commit: [80994f74bf1c07d41172b76992d5a14dd2f9fff2] redirect to the new solver
