running python3 /home/yizhou7/mariposa/scripts/z3-bisect.py /home/yizhou7/mariposa/data/bisect_tasks/d_fvbkv_z3_clean--lib-Buckets-PackedKV.i.dfy.Impl__DynamicPkv.__default.WeightBucketPkv__eq__WeightPkv.txt
building z3
Bisecting: 1453 revisions left to test after this (roughly 11 steps)
[1915812f84cf41a5f232eedf2a695a54d055aa88] add a test for intervals
running python3 /home/yizhou7/mariposa/scripts/z3-bisect.py /home/yizhou7/mariposa/data/bisect_tasks/d_fvbkv_z3_clean--lib-Buckets-PackedKV.i.dfy.Impl__DynamicPkv.__default.WeightBucketPkv__eq__WeightPkv.txt
building z3
Bisecting: 1453 revisions left to test after this (roughly 11 steps)
[8faf35e2e0c8fce99794e71bd3b5de74b95ceb5a] fix #3735
running python3 /home/yizhou7/mariposa/scripts/z3-bisect.py /home/yizhou7/mariposa/data/bisect_tasks/d_fvbkv_z3_clean--lib-Buckets-PackedKV.i.dfy.Impl__DynamicPkv.__default.WeightBucketPkv__eq__WeightPkv.txt
building z3
done building z3 3.4
running mariposa
res: 1 
 out: [[[    2     2     2     2     2     2     2     2     2     2     2
       2     2     2     2     2     2     2     2     2     2     2
       2     2     2     2     2     2     2     2     2     2     2
       2     2     2     2     2     2     2     2     2     2     2
       2     2     2     2     2     2     2     2     2     2     2
       3     3     3     3     3     3]
  [  675   877  1204  1102  1354   856  1174   995  1364  2185  1149
    1345  1028  2293   817   832   836   953  2825  1745  1921  1213
     822   761  1227  1248   816  1458  1320   959  1731   867  1041
    1673   857  1176  1131  2587   819  1143   821  1432  1541  2263
     825   907   993   902  1252  1275   976  1491  1502   996   884
   60014 60021 60014 60014 60023 60017]]

 [[    2     2     2     2     2     2     3     2     3     2     2
       2     2     2     2     2     2     2     3     3     3     3
       2     2     2     2     2     2     2     3     3     2     3
       3     3     3     2     2     2     3     2     2     3     2
       3     2     2     2     3     2     2     2     3     3     3
       2     3     3     3     3     3]
  [  675  1205  1276   780   907  1341 60021  1237 60016  1083  1524
     942   785  2386  1562  1103  1007  1205 60014 60014 60014 60017
     968  1001   708  1359  1153  1167   711 60021 60024  1080 60022
   60019 60015 60013  1016   776   805 60015  1358  1973 60014  1513
   60016  1197  1391  1265 60014  1768  1699  1127 60016 60014 60016
    1002 60023 60023 60015 60023 60027]]

 [[    2     2     2     2     2     2     2     2     2     2     2
       2     2     3     3     3     3     3     2     2     2     2
       2     2     2     2     3     3     2     2     2     2     2
       3     3     3     2     2     2     2     3     3     2     2
       2     2     3     2     2     2     2     2     3     2     2
       2     3     3     3     3     3]
  [  675   732   801   942   977  1136  1138  1014  1238  1212  1139
    1040  1119 60011 60011 60012 60014 60016  1401  1215  1297  1005
    1515   778  1534  1205 60014 60019  1098  2408  2484  1008   874
   60013 60014 60015  1728  1023  1433  1166 60015 60017   830   762
    1436  1322 60013  1383  1232  1636  1785  1616 60016   901  1169
    1271 60016 60014 60013 60013 60017]]]
unstable
 
 err: 
done running mariposa 480.1
Bisecting: 1254 revisions left to test after this (roughly 10 steps)
[d1a5635b4ad7f8632356b380f3a9b1fc83fdb04f] better model based lemmaas
running python3 /home/yizhou7/mariposa/scripts/z3-bisect.py /home/yizhou7/mariposa/data/bisect_tasks/d_fvbkv_z3_clean--lib-Buckets-PackedKV.i.dfy.Impl__DynamicPkv.__default.WeightBucketPkv__eq__WeightPkv.txt
building z3
Bisecting: 1254 revisions left to test after this (roughly 10 steps)
[0a86bd14f792ef5fadb8eeb346729a612f7e1588] start on test nla
running python3 /home/yizhou7/mariposa/scripts/z3-bisect.py /home/yizhou7/mariposa/data/bisect_tasks/d_fvbkv_z3_clean--lib-Buckets-PackedKV.i.dfy.Impl__DynamicPkv.__default.WeightBucketPkv__eq__WeightPkv.txt
building z3
Bisecting: 1254 revisions left to test after this (roughly 10 steps)
[f7747d9e76bd685a02ce5c5fbda91fc356856b5e] fix parameter collection for tactic-based solvers reported in #3065
running python3 /home/yizhou7/mariposa/scripts/z3-bisect.py /home/yizhou7/mariposa/data/bisect_tasks/d_fvbkv_z3_clean--lib-Buckets-PackedKV.i.dfy.Impl__DynamicPkv.__default.WeightBucketPkv__eq__WeightPkv.txt
building z3
done building z3 3.5
running mariposa
res: 1 
 out: [[[    2     2     2     2     2     2     2     2     2     2     2
       2     2     2     2     2     2     2     2     2     2     2
       2     2     2     2     2     2     2     2     2     2     2
       2     2     2     2     2     2     2     2     2     2     2
       2     2     2     2     2     2     2     2     2     2     2
       3     3     3     3     3     3]
  [  619  1216   958  1234   743  1665   729   830   735  1084  4439
     712   808   688   965   926   721  1146  1222   989   702   912
     658   685   656   937   692   947   877  1541  1194  1058   659
     708   712   749   934   776  1092   881   905  1346  1091  2077
     943  1431  1110   797  1231  1249  1094  1255   945  1111  1144
   60031 60014 60016 60013 60016 60028]]

 [[    2     2     2     2     2     2     2     2     2     2     2
       2     2     2     2     2     2     2     2     2     2     2
       2     2     3     2     2     2     2     3     2     3     2
       2     2     2     2     2     2     2     2     3     2     2
       2     2     3     2     3     2     2     3     3     2     2
       3     3     3     3     3     3]
  [  619  1152  1195  1396   716  1318  1005  1179  1218  1207  1298
    1102  1424   881  1663   695  1489   810   901  1591  1138 35073
    1965  1323 60021   820  1173  1399  1370 60020   929 60027  1545
    1082  1619  1621  1129  1312  1063  1644  1477 60036   932  1319
    1161   812 60014  1602 60023  1242   835 60016 60018  1140  1285
   60017 60017 60021 60028 60015 60019]]

 [[    2     2     2     2     2     2     2     2     2     2     2
       2     2     2     2     2     2     2     2     2     2     2
       2     2     3     3     3     3     2     2     2     2     2
       2     2     2     2     2     2     2     3     2     2     2
       2     2     2     3     2     3     2     3     2     3     2
       3     3     3     3     3     3]
  [  619   639   730  1928  1883   945  1549  1210  2854  1562   993
     957   856   931  1434  1131  1536   877  1427  1497 29426  1499
    1087  1068 60013 60015 60011 60015  1188  2051  1216  3267   805
    1864  1627   850  1163  1014  1200   829 60021  1519  1136  1527
     778   997 19438 60016  1229 60015  1519 60020  1234 60017  1114
   60022 60020 60024 60016 60017 60023]]]
unstable
 
 err: 
done running mariposa 373.2
Bisecting: 1034 revisions left to test after this (roughly 10 steps)
[0644194fc96a853df44c37f9e4522796aa40add8] work on lemma from product to factors, and some renaming
running python3 /home/yizhou7/mariposa/scripts/z3-bisect.py /home/yizhou7/mariposa/data/bisect_tasks/d_fvbkv_z3_clean--lib-Buckets-PackedKV.i.dfy.Impl__DynamicPkv.__default.WeightBucketPkv__eq__WeightPkv.txt
building z3
Bisecting: 1034 revisions left to test after this (roughly 10 steps)
[0321312c8db1d3f0edbd23e6e48884fbb7d77d1d] Changed to get_const_interp to match Java and C# bindings
running python3 /home/yizhou7/mariposa/scripts/z3-bisect.py /home/yizhou7/mariposa/data/bisect_tasks/d_fvbkv_z3_clean--lib-Buckets-PackedKV.i.dfy.Impl__DynamicPkv.__default.WeightBucketPkv__eq__WeightPkv.txt
building z3
done building z3 3.4
running mariposa
res: 1 
 out: [[[    2     2     2     2     2     2     2     2     2     2     2
       3     2     3     2     2     2     2     2     2     2     3
       3     2     2     3     2     3     3     2     3     3     2
       2     2     2     3     2     3     3     3     2     2     2
       2     3     2     3     3     2     2     2     3     3     3
       2     3     3     3     3     3]
  [  679  1583  1506  1235  1497  1284  2472  1441  1359  1369  1663
   60015  2062 60014  1444  1197  1385  1301   837  1853  1026 60014
   60016  1592  1329 60018  1456 60025 60023  1277 60016 60016  1268
     979  1267  1387 60016  1664 60027 60021 60024  1470  1335  1423
    1559 60017  1428 60015 60015  1356  1410  1987 60024 60015 60016
    1471 60016 60015 60014 60018 60019]]

 [[    2     2     2     2     2     2     2     2     2     2     2
       2     2     2     2     2     2     2     2     2     2     3
       2     2     3     2     2     2     3     2     2     2     2
       2     2     2     2     3     2     2     2     2     3     2
       2     3     2     2     3     3     2     2     2     2     2
       2     3     3     3     3     3]
  [  679  1768  1419   936   799   942  1206  1156   873  1525  1261
    1474  1500  1273   946  1096  7960  1680   800   728   729 60015
    1047  1528 60029  1310  1203  1619 60016  1128  1348  1411  1578
     775  1071  1256  1513 60029  1732  1115   660  1355 60030 27306
    1308 60029  1538  1171 60017 60027  1252  1133  1297  2324  1234
    1125 60017 60017 60015 60022 60017]]

 [[    2     2     2     2     2     2     2     2     2     2     2
       2     2     2     3     3     3     3     3     2     3     2
       3     2     2     2     3     3     3     2     2     3     3
       2     2     3     3     2     2     2     2     2     2     2
       2     2     2     2     2     3     2     3     3     3     3
       3     2     2     3     3     3]
  [  679   631   621   780   906   935  1011   840   917   739   988
    1037   859  1139 60019 60014 60012 60023 60027  1055 60019   709
   60017   755  1028  2301 60032 60015 60020   968  1245 60028 60015
     796   861 60014 60013  1183   907   910   979  1349  1475   854
     945  1087  1268   989   929 60022  1088 60030 60020 60025 60028
   60017  1338  1762 60037 60015 60014]]]
unstable
 
 err: 
done running mariposa 574.9
Bisecting: 261 revisions left to test after this (roughly 8 steps)
[6e637348826f0725ba8a01c455448023ca2889e4] Merge pull request #2368 from waywardmonkeys/fix-typo
running python3 /home/yizhou7/mariposa/scripts/z3-bisect.py /home/yizhou7/mariposa/data/bisect_tasks/d_fvbkv_z3_clean--lib-Buckets-PackedKV.i.dfy.Impl__DynamicPkv.__default.WeightBucketPkv__eq__WeightPkv.txt
building z3
done building z3 3.3
running mariposa
res: 1 
 out: [[[    2     2     2     2     2     2     2     2     2     2     2
       2     3     3     3     2     3     3     2     2     3     2
       2     2     2     3     2     3     2     2     2     2     2
       2     2     2     3     2     2     3     2     2     2     2
       2     2     2     2     3     2     2     2     3     2     2
       3     3     3     3     3     3]
  [  388   823  1371   679   837   639   700   624   639   878  1084
     773 60037 60020 60018  1852 60015 60027   601   786 60024   985
     626  1514   798 60030   814 60024   692   730   696  1386   889
     881   752  1217 60038   677   859 60017   761   579  1000  1094
    1135  1141  1187   600 60031   576   570   582 60031   789   890
   60022 60018 60030 60015 60033 60031]]

 [[    2     2     2     2     2     2     2     2     2     2     3
       2     2     2     2     3     3     3     2     2     2     2
       3     2     2     3     2     3     3     3     3     3     2
       2     2     2     2     2     2     2     2     2     2     2
       2     2     3     3     2     2     2     2     2     2     2
       3     3     3     3     3     3]
  [  388  1092   713  1543  1269  1076   628   834  1517   915 60036
    1014   741   915  1233 60024 60016 60025  1554   993  1024   841
   60014  1833  1817 60026   925 60031 60021 60020 60026 60023   747
    1023   957   539   881  1195  1534  1885  1168   623   675   754
     713  1469 60015 60029  1337  1029  1380  1825  1312  1275  1303
   60026 60022 60021 60015 60014 60014]]

 [[    2     2     2     2     2     2     2     2     2     2     2
       2     3     3     3     3     3     2     2     2     2     2
       2     2     3     2     3     2     2     2     2     2     3
       3     2     3     2     3     2     2     2     2     2     3
       2     2     3     2     3     2     2     2     3     2     3
       3     3     3     3     3     3]
  [  388   797   845   880  1239   705  1769  1194  1029  1522   787
    1389 60012 60018 60016 60020 60023  1092  1067  1118  1098   742
    1308  1274 60018  1239 60017  1616   954  1235  1448   907 60016
   60015  1580 60020  1247 60013   730  1971   678  1132   795 60028
    1005  1075 60022  1550 60015  1388  1341   950 60038  1482 60029
   60031 60014 60019 60029 60020 60022]]]
unstable
 
 err: 
done running mariposa 568.2
Bisecting: 130 revisions left to test after this (roughly 7 steps)
[9b4f327e29de8eadd112e53af5a8fb9f430fabf7] set upload mode to replace
running python3 /home/yizhou7/mariposa/scripts/z3-bisect.py /home/yizhou7/mariposa/data/bisect_tasks/d_fvbkv_z3_clean--lib-Buckets-PackedKV.i.dfy.Impl__DynamicPkv.__default.WeightBucketPkv__eq__WeightPkv.txt
building z3
done building z3 3.3
running mariposa
res: 0 
 out: [[[   2    2    2    2    2    2    2    2    2    2    2    2    2    2
      2    2    2    2    2    2    2    2    2    2    2    2    2    2
      2    2    2    2    2    2    2    2    2    2    2    2    2    2
      2    2    2    2    2    2    2    2    2    2    2    2    2    2
      2    2    2    2    2]
  [ 468  732  868  696 1313  968  789  854 1073  875  790  846  918  794
    696  813  862  711  824  871  708  786  782  784  582  707  833  755
    959  856  980  725  775 1098  815  669  694  782 1379  914 1003  630
    934  764 1046  801  820  946  832 1368  995 1865  936 1057  908  938
    853  809  674  717  806]]

 [[   2    2    2    2    2    2    2    2    2    2    2    2    2    2
      2    2    2    2    2    2    2    2    2    2    2    2    2    2
      2    2    2    2    2    2    2    2    2    2    2    2    2    2
      2    2    2    4    2    2    2    2    2    2    2    2    2    2
      2    2    2    2    2]
  [ 468  628  603  734  933  635  631  706  574  601  605  601  600  599
   1307  607  962  927 1169 1275 1406 1053  610  603  991  998  632  633
    994  915  726  771  583  611  608  644 1758 1331  640 1332 2328  888
   1325  588  943  745  698  610  912 1132  850  588  625 1083  605  984
    676  580  967  848 1039]]

 [[   2    2    2    2    2    2    2    2    2    2    2    2    2    2
      2    2    2    2    2    2    2    2    2    2    2    2    2    2
      2    2    2    2    2    2    2    2    2    2    2    2    2    2
      2    2    2    2    2    2    2    2    2    2    2    2    2    2
      2    2    2    2    2]
  [ 468  853  887  918  941  955 1108 1402  831  920  916  880  960  955
   1272  826  937 1000  944 1088 1158  934  859  879 1063  934 1288 1281
   1078  922  744  984  896  903 1048  915  835  967  829 1053  781 1024
    901  974  893  999  828  868  827  887  840 1052 1222  824 1289  923
    891  792  996  878 2546]]]
stable
 
 err: 
done running mariposa 33.9
Bisecting: 65 revisions left to test after this (roughly 6 steps)
[42ac3a536369a7d4a7eafa1fa15b571b146ba594] merge with csp
running python3 /home/yizhou7/mariposa/scripts/z3-bisect.py /home/yizhou7/mariposa/data/bisect_tasks/d_fvbkv_z3_clean--lib-Buckets-PackedKV.i.dfy.Impl__DynamicPkv.__default.WeightBucketPkv__eq__WeightPkv.txt
building z3
done building z3 3.3
running mariposa
res: 0 
 out: [[[   2    2    2    2    2    2    2    2    2    2    2    2    2    2
      2    2    2    2    2    2    2    2    2    2    2    2    2    2
      2    2    2    2    2    2    2    2    2    2    2    2    2    2
      2    2    2    2    2    2    2    2    2    2    2    2    2    2
      2    2    2    2    2]
  [ 470  726  858 1296  693  984  773 1065  819  838  852  921  798  807
    687  741  865  726  822  843  755  676  770  790  679  563  772  754
   1007  935  875  696  801 1075  817  678  689  787 1365  914 1006  606
    935 1060  749  817  805  987  814 1365 1014 1025  939 1865  910  916
    821  818  707  647  814]]

 [[   2    2    2    2    2    2    2    2    2    2    2    2    2    2
      2    2    2    2    2    2    2    2    2    2    2    2    2    2
      2    2    2    2    2    2    2    2    2    2    2    2    2    2
      2    2    2    4    2    2    2    2    2    2    2    2    2    2
      2    2    2    2    2]
  [ 470  628  602  911  713  637  628  716  565  603  610  604  610  623
   1332  639  968  948 1203 1188 1403  979  615  581  965 1009  632  624
   1032  919  673  775  587  610  606  643 1745 1327  630 1331 2324  880
   1333  585  931  765  704  610  948 1090  847  585  596 1063  615  682
   1013  575  944  807 1048]]

 [[   2    2    2    2    2    2    2    2    2    2    2    2    2    2
      2    2    2    2    2    2    2    2    2    2    2    2    2    2
      2    2    2    2    2    2    2    2    2    2    2    2    2    2
      2    2    2    2    2    2    2    2    2    2    2    2    2    2
      2    2    2    2    2]
  [ 470  869  939  872  950  964 1115 1368  800  911  873  934  941  967
   1252  861  976  948  932 1097 1114  925  877  879 1080  907 1292 1308
   1082  756  937  965  901  872  902 1013  809  911  820 1055  786  962
   1043  884  924  833  986  873  820  873  866 1035 1208  830 1289  887
    889  809  870  994 2470]]]
stable
 
 err: 
done running mariposa 33.8
Bisecting: 32 revisions left to test after this (roughly 5 steps)
[b4290d4b3d7c021965e9ce7ee636caac0f9cac74] python regression
running python3 /home/yizhou7/mariposa/scripts/z3-bisect.py /home/yizhou7/mariposa/data/bisect_tasks/d_fvbkv_z3_clean--lib-Buckets-PackedKV.i.dfy.Impl__DynamicPkv.__default.WeightBucketPkv__eq__WeightPkv.txt
building z3
done building z3 3.3
running mariposa
res: 1 
 out: [[[    2     2     2     2     2     2     2     2     2     2     2
       2     2     2     2     2     2     2     2     2     2     2
       2     2     2     2     2     2     2     2     2     3     3
       2     2     2     3     2     2     2     3     2     2     2
       2     2     2     2     2     3     2     2     2     2     2
       2     2     3     3     3     3]
  [  460  1244  1228  1432  1292  1400  1076  1393  1223  1334  1337
     925   914  1542  1493  1341  1535   906  1175  1578  1433  1417
    1067   874  1640  1537  1786  1764  1304  1489  1429 60020 60014
    1977  1210   872 60028  1579  1269   956 60019  1765  1557  1555
    1314  1517  1226  1065  1109 60015  1171  1385  1618  1904  1496
    1352  1445 60017 60016 60015 60015]]

 [[    2     2     2     2     2     2     2     2     2     2     2
       2     2     2     2     2     2     2     2     2     2     3
       2     2     2     2     2     3     3     2     3     2     2
       2     3     2     2     2     3     2     2     2     2     2
       2     2     2     2     2     2     2     2     2     3     2
       3     3     3     3     3     3]
  [  460  1131  1154  1088   907  1022  1107  1545  1322  1307   886
     646  1183  1087  1393  1208  1488   992  1640  1017  2064 60032
    1156   718   675  1181  1195 60019 60026   914 60031  1536  1108
    1226 60034  1190  1739  1084 60035  1262  1107  1476  1220  1919
    1155  1594  1463  1055  1371 52708  1396   878   759 60017  1326
   60027 60025 60021 60014 60023 60032]]

 [[    2     2     2     2     2     2     2     2     2     2     2
       2     2     2     2     2     2     2     2     2     3     3
       2     3     3     2     2     3     2     2     3     2     2
       2     3     2     2     2     2     2     2     2     2     2
       2     3     2     3     3     2     2     2     2     2     2
       2     3     3     3     3     3]
  [  460   851   936   938  1188  1210   762  1136  1197  1025  1245
     809   960  1230   844  1388  1429   986  1042  1374 60027 60019
     947 60030 60019  1346   743 60026  1572  1538 60027  1572  1157
     995 60030  1794  1185   975  1255  1255  1420  1437   806  2056
    1415 60017  2075 60031 60015   952  1239  1181   826  1093   993
    1154 60016 60016 60027 60028 60018]]]
unstable
 
 err: 
done running mariposa 397.6
Bisecting: 16 revisions left to test after this (roughly 4 steps)
[0f7ff2a3d016ce6cc0dcc2654a6aa0187bc55192] swap
running python3 /home/yizhou7/mariposa/scripts/z3-bisect.py /home/yizhou7/mariposa/data/bisect_tasks/d_fvbkv_z3_clean--lib-Buckets-PackedKV.i.dfy.Impl__DynamicPkv.__default.WeightBucketPkv__eq__WeightPkv.txt
building z3
done building z3 3.3
running mariposa
res: 0 
 out: [[[    2     2     2     2     2     2     2     2     2     2     2
       2     2     2     2     2     2     2     2     2     2     2
       2     2     2     2     2     2     2     2     2     2     2
       2     2     2     2     2     2     2     2     2     2     2
       2     2     2     2     2     2     2     2     2     2     2
       2     2     2     2     2     3]
  [  909   822  1089   564   810   599   757  1114   607  1048   631
     596  1043   949   979  1146  1040   617   680   976   728   763
    1141   957   996   678   745  1040   648  1086  1134  1341   750
    1039  1305   696  1229  2042   713  1420   635   696  1198  1090
     618  1532   670   660   627  1132  1063   608   670   672   653
    1659  1133   787   934  1188 60024]]

 [[    2     2     2     2     2     2     2     2     2     2     2
       2     2     2     2     2     2     2     2     2     2     2
       2     2     2     2     2     2     2     2     2     2     2
       2     2     2     2     2     2     2     2     2     2     2
       2     2     2     2     2     2     2     2     2     2     2
       2     2     2     2     2     2]
  [  909   949   738   896  1108  1013   612   624   599   608   929
     621   590   932   531   573   645  1060   966   934  1151  1030
    1251   884   970   883   785  1019  1035   729   938  1072  1233
    1161   623   839   734   691   586  1091  1054  1300  1081   676
    1111  1139   966   764  1055   976   687   806   804   991   602
    1073   881   627   798  1000   815]]

 [[    2     2     2     2     2     2     2     2     2     2     2
       2     2     2     2     2     2     2     2     2     2     2
       2     2     2     2     2     2     2     2     2     2     2
       2     2     2     2     2     2     2     2     2     2     2
       2     2     2     2     2     2     2     2     2     2     2
       2     2     2     2     2     2]
  [  909   658   928  1037  1095  1122  1160   632  1731  1033   984
    1087  1110  1419   933  1128   692  1093   960  1231   858  1056
     919  1284  1170  1391  1048  1171  1326  1218  1091   743   972
     904  1120   897   961   998  1168   902  1132  1032  1119  1147
     906  1141   952  1102  1276  1091  1033   827   796   704   748
     974   834  1268   769   962  1258]]]
stable
 
 err: 
done running mariposa 85.5
Bisecting: 7 revisions left to test after this (roughly 3 steps)
[89e8a1392c992a6c37b8c5320b9e4b9b506bd4a1] na
running python3 /home/yizhou7/mariposa/scripts/z3-bisect.py /home/yizhou7/mariposa/data/bisect_tasks/d_fvbkv_z3_clean--lib-Buckets-PackedKV.i.dfy.Impl__DynamicPkv.__default.WeightBucketPkv__eq__WeightPkv.txt
building z3
done building z3 3.3
running mariposa
res: 1 
 out: [[[    2     2     2     2     2     2     2     2     2     2     2
       2     2     2     2     2     2     2     2     2     2     2
       2     2     2     2     2     2     2     2     2     3     3
       2     2     2     3     2     2     2     3     2     2     2
       2     2     2     2     2     3     2     2     2     2     2
       2     2     3     3     3     3]
  [  456  1209  1252  1421  1292  1426  1083  1405  1227  1361  1349
     917   919  1562  1544  1491  1702   988  1280  1624  1384  1389
    1063   881  1654  1541  1790  1728  1303  1458  1415 60020 60014
    1907  1253   911 60026  1561  1259   941 60020  1728  1584  1585
    1321  1484  1244  1040  1118 60015  1187  1354  1939  1615  1466
    1304  1469 60018 60017 60016 60013]]

 [[    2     2     2     2     2     2     2     2     2     2     2
       2     2     2     2     2     2     2     2     2     2     3
       2     2     2     2     2     3     3     3     2     2     2
       2     3     2     2     2     3     2     2     2     2     2
       2     2     2     2     2     2     2     2     2     3     2
       3     3     3     3     3     3]
  [  456  1162  1164  1105   920  1022  1133  1540  1377   894  1388
     649  1189  1099  1399  1212  1475  1024  1617  1031  2097 60032
    1159   717   674  1186  1192 60018 60028 60031   912  1558  1109
    1207 60035  1170  1721  1069 60035  1255  1102  1476  1221  1895
    1167  1607  1448  1054  1384 53568  1415   942   809 60018  1316
   60026 60025 60021 60014 60023 60030]]

 [[    2     2     2     2     2     2     2     2     2     2     2
       2     2     2     2     2     2     2     2     2     3     3
       2     3     3     2     2     3     2     2     3     2     2
       3     2     2     2     2     2     2     2     2     2     2
       2     3     2     3     3     2     2     2     2     2     2
       2     3     3     3     3     3]
  [  456   817   936   945  1141  1187  1097   767  1009  1190  1233
     827  1208   961   845  1408  1422   994  1051  1353 60021 60026
     937 60030 60018  1331   754 60025  1587  1528 60028  1594  1151
   60031   967  1791  1171   986  1288  1233  1401  1425   805  2168
    1403 60016  2005 60033 60016   950  1235  1177   827  1119  1024
    1176 60016 60016 60025 60029 60019]]]
unstable
 
 err: 
done running mariposa 397.6
Bisecting: 4 revisions left to test after this (roughly 2 steps)
[1827f98851e1866187abe743afd2d80bc786412f] more fixes for mutexes in shell
running python3 /home/yizhou7/mariposa/scripts/z3-bisect.py /home/yizhou7/mariposa/data/bisect_tasks/d_fvbkv_z3_clean--lib-Buckets-PackedKV.i.dfy.Impl__DynamicPkv.__default.WeightBucketPkv__eq__WeightPkv.txt
building z3
done building z3 3.3
running mariposa
res: 0 
 out: [[[    2     2     2     2     2     2     2     2     2     2     2
       2     2     2     2     2     2     2     2     2     2     2
       2     2     2     2     2     2     2     2     2     2     2
       2     2     2     2     2     2     2     2     2     2     2
       2     2     2     2     2     2     2     2     2     2     2
       2     2     2     2     2     3]
  [  887   821  1074   546   607   823   788   611  1087  1041   659
     602  1056   988  1002  1140   609  1044   679   996   740  1166
     779   920   975   721  1044   742   636  1071  1144   753  1396
    1014  1259   693  1237  2007   738  1410   623  1208   709  1102
     613  1504   668   669   621  1126  1059   615   673   665   658
    1691   799  1160   947  1190 60025]]

 [[    2     2     2     2     2     2     2     2     2     2     2
       2     2     2     2     2     2     2     2     2     2     2
       2     2     2     2     2     2     2     2     2     2     2
       2     2     2     2     2     2     2     2     2     2     2
       2     2     2     2     2     2     2     2     2     2     2
       2     2     2     2     2     2]
  [  887   978   736   881  1114   998   596   632   603   611   924
     643   590   937   531   569   633  1083   982   887  1133   996
     884  1247   872   993   811  1037  1035   752   955  1073  1165
    1214   623   869   732   673   589  1273  1052  1103  1118  1099
     671   953  1105   714  1069   692   978   807   786   979  1100
     603   607   873  1014   797   825]]

 [[    2     2     2     2     2     2     2     2     2     2     2
       2     2     2     2     2     2     2     2     2     2     2
       2     2     2     2     2     2     2     2     2     2     2
       2     2     2     2     2     2     2     2     2     2     2
       2     2     2     2     2     2     2     2     2     2     2
       2     2     2     2     2     2]
  [  887   673   908  1077  1098  1194  1154   632  1698  1031   946
    1101  1149  1435   938  1118   689  1165   990  1215  1054   876
     935  1241  1386  1181  1009  1149  1225  1330  1113   745   988
     909  1121   904   983  1072  1192   879  1105  1090  1007  1237
     897  1137   955  1082  1290  1088  1024   838   840   677   726
    1000  1230   840   772   956  1268]]]
stable
 
 err: 
done running mariposa 85.4
Bisecting: 1 revision left to test after this (roughly 1 step)
[5177cc4a9a58df192c6a844ca13abf7e7cd3be15] change lt
running python3 /home/yizhou7/mariposa/scripts/z3-bisect.py /home/yizhou7/mariposa/data/bisect_tasks/d_fvbkv_z3_clean--lib-Buckets-PackedKV.i.dfy.Impl__DynamicPkv.__default.WeightBucketPkv__eq__WeightPkv.txt
building z3
done building z3 3.3
running mariposa
res: 1 
 out: [[[    2     2     2     2     2     2     2     2     2     2     2
       2     2     2     2     2     2     2     2     2     2     2
       2     2     2     2     2     2     2     2     2     3     3
       2     2     2     3     2     2     2     3     2     2     2
       2     2     2     2     3     2     2     2     2     2     2
       2     2     3     3     3     3]
  [  459  1275  1248  1466  1294  1437  1072  1410  1245  1345  1334
     925   921  1530  1446  1371  1533   883  1212  1537  1421  1394
    1074   879  1624  1526  1745  1723  1284  1445  1426 60020 60014
    1942  1248   909 60029  1577  1277   951 60020  1738  1567  1584
    1310  1240  1489  1057 60014  1104  1198  1367  1605  1937  1466
    1309  1441 60017 60016 60016 60013]]

 [[    2     2     2     2     2     2     2     2     2     2     2
       2     2     2     2     2     2     2     2     2     2     3
       2     2     2     2     2     3     3     3     2     2     2
       2     3     2     2     2     3     2     2     2     2     2
       2     2     2     2     2     2     2     2     2     3     2
       3     3     3     3     3     3]
  [  459  1161  1171  1111   918  1020  1111  1518  1337   890  1336
     648  1189  1099  1382  1194  1483   989  1645  1038  2072 60031
    1158   717   669  1192  1234 60019 60028 60032   929  1518  1096
    1233 60034  1167  1719  1074 60035  1256  1108  1467  1219  1908
    1172  1660  1531  1047  1376 52622  1362   927   803 60018  1359
   60026 60025 60022 60015 60021 60031]]

 [[    2     2     2     2     2     2     2     2     2     2     2
       2     2     2     2     2     2     2     2     2     3     3
       2     3     3     2     2     3     2     2     3     2     2
       3     2     2     2     2     2     2     2     2     2     2
       2     3     2     3     3     2     2     2     2     2     2
       2     3     3     3     3     3]
  [  459   819   939   962  1202  1233   759  1163  1230  1197  1029
     810   963  1216   844  1388  1421   981  1046  1325 60028 60017
     951 60028 60018  1350   747 60026  1570  1550 60029  1589  1153
   60029   978  1812  1155   971  1253  1243  1412  1417   806  2141
    1434 60017  2048 60031 60018   964  1233  1191   845  1143  1030
    1181 60017 60014 60025 60029 60018]]]
unstable
 
 err: 
done running mariposa 397.4
Bisecting: 0 revisions left to test after this (roughly 1 step)
[7c9d2e0d75757ed6aa535f72c7dec70d5a527fed] pydoc test
running python3 /home/yizhou7/mariposa/scripts/z3-bisect.py /home/yizhou7/mariposa/data/bisect_tasks/d_fvbkv_z3_clean--lib-Buckets-PackedKV.i.dfy.Impl__DynamicPkv.__default.WeightBucketPkv__eq__WeightPkv.txt
building z3
done building z3 3.3
running mariposa
res: 0 
 out: [[[    2     2     2     2     2     2     2     2     2     2     2
       2     2     2     2     2     2     2     2     2     2     2
       2     2     2     2     2     2     2     2     2     2     2
       2     2     2     2     2     2     2     2     2     2     2
       2     2     2     2     2     2     2     2     2     2     2
       2     2     2     2     2     3]
  [  893   828  1092   534   840   636   766  1115  1020   649   650
    1038   627   951   982  1175   617  1054   663   951   736  1121
     776   930   957   722   748  1082   638  1093  1116  1305   740
    1026   693  1313  1226  2064   732  1453   624   700  1184   631
    1109  1503   669   653   625  1082  1045   620   669   660   666
    1650  1135   796   937  1177 60024]]

 [[    2     2     2     2     2     2     2     2     2     2     2
       2     2     2     2     2     2     2     2     2     2     2
       2     2     2     2     2     2     2     2     2     2     2
       2     2     2     2     2     2     2     2     2     2     2
       2     2     2     2     2     2     2     2     2     2     2
       2     2     2     2     2     2]
  [  893   974   759   901  1150  1013   593   624   919   631   611
     619   592   922   544   573   679   986  1083   860  1154  1033
    1223   990   889   849   793  1035  1076   731   942  1050  1206
    1198   608   876   734   686   620  1316  1091  1107  1144  1110
     699  1096   713   961  1053   681   847   998   789   969  1079
     611   639   868   818  1020   812]]

 [[    2     2     2     2     2     2     2     2     2     2     2
       2     2     2     2     2     2     2     2     2     2     2
       2     2     2     2     2     2     2     2     2     2     2
       2     2     2     2     2     2     2     2     2     2     2
       2     2     2     2     2     2     2     2     2     2     2
       2     2     2     2     2     2]
  [  893   679   909  1062  1142  1098  1164   626  1676  1065   982
    1085  1134  1417   985  1103   698  1139   957  1223  1021   906
     936  1237  1170  1376  1009  1151  1337  1207  1100   730   992
     942   888  1108   968   980  1169   907  1095  1018  1108  1146
     896  1152   955  1088  1255  1097  1097   846   812   671   735
     961   862   788  1256   988  1227]]]
stable
 
 err: 
done running mariposa 85.5
5177cc4a9a58df192c6a844ca13abf7e7cd3be15 is the first bad commit
commit 5177cc4a9a58df192c6a844ca13abf7e7cd3be15
Author: Nikolaj Bjorner <nbjorner@microsoft.com>
Date:   Fri Jun 21 09:08:20 2019 +0200

    change lt
    
    Signed-off-by: Nikolaj Bjorner <nbjorner@microsoft.com>

:040000 040000 bba0b3898c697bc6efeb66752253b42641d4a606 dc4029a365361041d58c5e9f581973ad21a69ecd M	src
bisect run success
git bisect start
# good: [e79542cc689d52ec4cb34ce4ae3fbe56e7a0bf70] fix #2309
git bisect good e79542cc689d52ec4cb34ce4ae3fbe56e7a0bf70
# bad: [ad55a1f1c617a7f0c3dd735c0780fc758424c7f1] Update release.yml for Azure Pipelines
git bisect bad ad55a1f1c617a7f0c3dd735c0780fc758424c7f1
# skip: [e2702f3ae88f5c48a55f4473bb5c29184c182634] fixes in assigning constraints to intervals
git bisect skip e2702f3ae88f5c48a55f4473bb5c29184c182634
# skip: [1915812f84cf41a5f232eedf2a695a54d055aa88] add a test for intervals
git bisect skip 1915812f84cf41a5f232eedf2a695a54d055aa88
# bad: [8faf35e2e0c8fce99794e71bd3b5de74b95ceb5a] fix #3735
git bisect bad 8faf35e2e0c8fce99794e71bd3b5de74b95ceb5a
# skip: [d1a5635b4ad7f8632356b380f3a9b1fc83fdb04f] better model based lemmaas
git bisect skip d1a5635b4ad7f8632356b380f3a9b1fc83fdb04f
# skip: [0a86bd14f792ef5fadb8eeb346729a612f7e1588] start on test nla
git bisect skip 0a86bd14f792ef5fadb8eeb346729a612f7e1588
# bad: [f7747d9e76bd685a02ce5c5fbda91fc356856b5e] fix parameter collection for tactic-based solvers reported in #3065
git bisect bad f7747d9e76bd685a02ce5c5fbda91fc356856b5e
# skip: [0644194fc96a853df44c37f9e4522796aa40add8] work on lemma from product to factors, and some renaming
git bisect skip 0644194fc96a853df44c37f9e4522796aa40add8
# bad: [0321312c8db1d3f0edbd23e6e48884fbb7d77d1d] Changed to get_const_interp to match Java and C# bindings
git bisect bad 0321312c8db1d3f0edbd23e6e48884fbb7d77d1d
# bad: [6e637348826f0725ba8a01c455448023ca2889e4] Merge pull request #2368 from waywardmonkeys/fix-typo
git bisect bad 6e637348826f0725ba8a01c455448023ca2889e4
# good: [9b4f327e29de8eadd112e53af5a8fb9f430fabf7] set upload mode to replace
git bisect good 9b4f327e29de8eadd112e53af5a8fb9f430fabf7
# good: [42ac3a536369a7d4a7eafa1fa15b571b146ba594] merge with csp
git bisect good 42ac3a536369a7d4a7eafa1fa15b571b146ba594
# bad: [b4290d4b3d7c021965e9ce7ee636caac0f9cac74] python regression
git bisect bad b4290d4b3d7c021965e9ce7ee636caac0f9cac74
# good: [0f7ff2a3d016ce6cc0dcc2654a6aa0187bc55192] swap
git bisect good 0f7ff2a3d016ce6cc0dcc2654a6aa0187bc55192
# bad: [89e8a1392c992a6c37b8c5320b9e4b9b506bd4a1] na
git bisect bad 89e8a1392c992a6c37b8c5320b9e4b9b506bd4a1
# good: [1827f98851e1866187abe743afd2d80bc786412f] more fixes for mutexes in shell
git bisect good 1827f98851e1866187abe743afd2d80bc786412f
# bad: [5177cc4a9a58df192c6a844ca13abf7e7cd3be15] change lt
git bisect bad 5177cc4a9a58df192c6a844ca13abf7e7cd3be15
# good: [7c9d2e0d75757ed6aa535f72c7dec70d5a527fed] pydoc test
git bisect good 7c9d2e0d75757ed6aa535f72c7dec70d5a527fed
# first bad commit: [5177cc4a9a58df192c6a844ca13abf7e7cd3be15] change lt
