running python3 /home/yizhou7/mariposa/scripts/z3-bisect.py /home/yizhou7/mariposa/data/bisect_tasks/d_fvbkv_z3_clean--lib-Base-SetBijectivity.i.dfy.Impl__SetBijectivity.__default.CrossProductCardinality.txt
building z3
Bisecting: 1453 revisions left to test after this (roughly 11 steps)
[1915812f84cf41a5f232eedf2a695a54d055aa88] add a test for intervals
running python3 /home/yizhou7/mariposa/scripts/z3-bisect.py /home/yizhou7/mariposa/data/bisect_tasks/d_fvbkv_z3_clean--lib-Base-SetBijectivity.i.dfy.Impl__SetBijectivity.__default.CrossProductCardinality.txt
building z3
Bisecting: 1453 revisions left to test after this (roughly 11 steps)
[8faf35e2e0c8fce99794e71bd3b5de74b95ceb5a] fix #3735
running python3 /home/yizhou7/mariposa/scripts/z3-bisect.py /home/yizhou7/mariposa/data/bisect_tasks/d_fvbkv_z3_clean--lib-Base-SetBijectivity.i.dfy.Impl__SetBijectivity.__default.CrossProductCardinality.txt
building z3
done building z3 3.3
running mariposa
res: 1 
 out: [[[    2     2     2     2     2     2     2     2     2     2     2
       2     2     2     2     2     2     2     2     2     2     2
       2     2     2     2     2     2     2     2     2     2     2
       2     2     2     2     2     2     2     2     2     2     2
       2     2     2     2     2     2     2     2     2     2     2
       2     2     2     3     2     3]
  [ 1928  3471  3519  4555  3615  4407  2552  2263  2839  3882  4071
    3309  3000  3062  3175  3313  2938  3033  3862  3569  3552  2390
    4162  4317 34129 29603  2792  2726  2659  2657  2088  2573  2477
   27148  3146 33364  3156  2327  3206  2583  3146  2910  3770  2477
    3301  2023  2332  2632  2836  2993  3344  2472  2740  3047  3766
    3197 26503 28397 60060 29693 60338]]

 [[    2     2     2     2     2     2     2     2     2     2     2
       2     2     2     2     2     2     2     2     2     2     2
       2     2     2     2     2     2     2     2     2     2     2
       2     2     2     2     2     2     2     2     2     2     2
       2     2     2     2     2     2     2     2     2     2     2
       2     2     2     2     2     3]
  [ 1928   351  3689  4319  2820  3151  2360  3105  3394  3003  3197
    3347  2859  3325  3297  3385  2905  2369  2785  2477   295  2429
    3899  3130  3008  2653  2608  3302  2858  2531  2791  4350  4394
    4240  3355  2823  2958  3835  3412  2980  4702  2907  3500  2703
    2719  2462  2995  4405  3259  3276  2435  3325  2883  3204  2419
    3853  5323  2668  4703 26731 60090]]

 [[    2     2     2     2     2     2     2     2     2     2     2
       2     2     2     2     2     2     2     2     2     2     2
       2     2     2     2     2     2     2     2     2     2     2
       2     2     2     2     2     2     3     3     3     2     3
       2     2     3     2     2     3     2     3     3     2     3
       3     3     3     3     3     3]
  [ 1928   216  1310  1784  2245   180   174  3159  1339  3854  1442
    2192   267  2893  1745  5606   224   816   111    92   233   103
    5311  4436  2155   172 21004   236   183   801  1723   227  3633
    4768  5793  4126  2252   197  3947 60159 60186 60371  3043 60270
     164  5929 60285  2643  1479 60414   242 60375 60394   521 60268
   60232 60131 60226 60292 60166 60279]]]
unstable
 
 err: 
done running mariposa 283.8
Bisecting: 1254 revisions left to test after this (roughly 10 steps)
[d1a5635b4ad7f8632356b380f3a9b1fc83fdb04f] better model based lemmaas
running python3 /home/yizhou7/mariposa/scripts/z3-bisect.py /home/yizhou7/mariposa/data/bisect_tasks/d_fvbkv_z3_clean--lib-Base-SetBijectivity.i.dfy.Impl__SetBijectivity.__default.CrossProductCardinality.txt
building z3
Bisecting: 1254 revisions left to test after this (roughly 10 steps)
[0a86bd14f792ef5fadb8eeb346729a612f7e1588] start on test nla
running python3 /home/yizhou7/mariposa/scripts/z3-bisect.py /home/yizhou7/mariposa/data/bisect_tasks/d_fvbkv_z3_clean--lib-Base-SetBijectivity.i.dfy.Impl__SetBijectivity.__default.CrossProductCardinality.txt
building z3
Bisecting: 1254 revisions left to test after this (roughly 10 steps)
[f7747d9e76bd685a02ce5c5fbda91fc356856b5e] fix parameter collection for tactic-based solvers reported in #3065
running python3 /home/yizhou7/mariposa/scripts/z3-bisect.py /home/yizhou7/mariposa/data/bisect_tasks/d_fvbkv_z3_clean--lib-Base-SetBijectivity.i.dfy.Impl__SetBijectivity.__default.CrossProductCardinality.txt
building z3
done building z3 3.3
running mariposa
res: 1 
 out: [[[    2     2     2     2     2     2     2     2     2     2     2
       2     2     2     2     2     2     2     2     2     2     2
       2     2     2     2     2     2     2     2     2     2     2
       2     2     2     2     2     2     2     2     2     2     2
       2     2     2     2     2     2     2     2     2     2     2
       2     2     2     3     3     3]
  [ 1769  2455  2402  2972  2487  2742  2708  2670  2610  2257  3260
    3011  3100  2904  2989  2116  2800  2536  2792  2260  2016  2545
    3186  2492  2996  2730 20532  2525  2408  2892  2362  2537  2311
    2385  2073  2799  2426  2865  2384  2791 32565  2153  2375  2652
    2373  1665  2110  2729  2582  2383  2968  2524  1891  2852  2545
    2340  2615  2598 60030 60234 60235]]

 [[    2     2     2     2     2     2     2     2     2     2     2
       2     2     2     2     2     2     2     2     2     2     2
       2     2     2     2     2     2     2     2     2     2     2
       2     2     2     2     2     2     2     2     2     2     2
       2     2     2     2     2     2     2     2     2     2     2
       2     2     2     2     2     3]
  [ 1769  2653  2575   255  2313  2430  2917  3857  4008  4410  6568
    4147  4073  4088  5064  4022  3634  2938  3645  3178   357  3593
    2829  3960  2846  2708  3117  3760  2654  2882  3036  2603  3126
    2903  3391  2583  3457  8313  3630  2780  3016  2480  2993  2980
     269  2104  3021  2948  2601  3178  2603  3035  3922  2799  2615
    2643  2609  2709  2284  3896 60092]]

 [[    2     2     2     2     2     2     2     2     2     2     3
       3     3     3     3     2     2     2     2     2     2     2
       3     2     2     2     2     2     2     2     2     2     3
       2     2     2     2     2     2     3     3     3     2     3
       2     2     3     3     2     2     2     2     3     2     2
       3     3     3     3     3     3]
  [ 1769  1207  3100  3387   173  1257   170  5537  1928  3571 60224
   60234 60265 60338 60059  1348   214  1840   111   407    88   102
   60337  5623  2843   180  4919   486   139   576  1499  2690 60081
   19487 22756  2625  1312   161  3077 60062 60334 60358  2708 60256
     158  2273 60314 60173  1367 25388  2582  1384 60384   364  2697
   60378 60249 60250 60133 60211 60143]]]
unstable
 
 err: 
done running mariposa 300.4
Bisecting: 1034 revisions left to test after this (roughly 10 steps)
[0644194fc96a853df44c37f9e4522796aa40add8] work on lemma from product to factors, and some renaming
running python3 /home/yizhou7/mariposa/scripts/z3-bisect.py /home/yizhou7/mariposa/data/bisect_tasks/d_fvbkv_z3_clean--lib-Base-SetBijectivity.i.dfy.Impl__SetBijectivity.__default.CrossProductCardinality.txt
building z3
Bisecting: 1034 revisions left to test after this (roughly 10 steps)
[0321312c8db1d3f0edbd23e6e48884fbb7d77d1d] Changed to get_const_interp to match Java and C# bindings
running python3 /home/yizhou7/mariposa/scripts/z3-bisect.py /home/yizhou7/mariposa/data/bisect_tasks/d_fvbkv_z3_clean--lib-Base-SetBijectivity.i.dfy.Impl__SetBijectivity.__default.CrossProductCardinality.txt
building z3
done building z3 3.2
running mariposa
res: 1 
 out: [[[    2     2     2     2     2     2     2     2     2     2     2
       2     2     2     2     2     2     2     2     2     2     2
       2     2     2     2     2     2     2     2     2     2     2
       2     2     2     2     2     2     2     2     2     2     2
       2     2     2     2     2     2     2     2     2     2     2
       2     2     2     2     2     2]
  [ 2030  2984  2683  2435  2914  3087  2914  2563  2840  3629  3164
    3343  2828  3167  2576  2621  2707  2963  2859  3347  3042  2853
    3339  2964  2688  2779  3287  2115  2279  2731  2856  2390  2868
    3029  2933  2942  3263  2706  3414  2297  2424  3172  2495  3314
     268  2718  2762  3189  3204   255  2695  2367  2624  3036  2867
    2753  3368  3153  3260  2746  2698]]

 [[    2     2     2     2     2     2     2     2     2     2     2
       2     2     2     2     2     2     2     2     3     3     2
       2     2     2     3     2     2     2     2     2     2     2
       2     2     2     3     2     2     2     2     2     2     2
       3     2     2     3     2     2     3     2     2     2     3
       3     2     3     3     3     3]
  [ 2030  2709  4455   572   563  3759  3291  4096  3192  5568  3218
    4118 10933  3850  3624   579  3007  3073  2599 60382 60454  2838
    2748  3774   282 60439  3814  3945   460  3982  3604  2716  3362
     431  2702   273 60435  3243  2859  2776  2911  2553  2859  4353
   60284  3007  3004 60280   433  3017 60427  3192  2781  4236 60266
   60408  3588 60467 60448 60507 60280]]

 [[    2     2     2     2     2     2     3     3     3     3     3
       3     2     3     2     2     2     2     2     2     3     3
       3     2     3     2     2     2     3     2     2     2     2
       3     3     3     2     2     3     3     2     3     2     2
       2     2     2     3     2     2     3     3     3     3     2
       3     3     3     3     3     3]
  [ 2030   392   740  1569  2862  3398 60250 60412 60483 60215 60403
   60293  4581 60228  1146  5437   637 47346 54539    99 60337 60403
   60200  2573 60337   608 14710  4717 60237   332  3138  1984  3806
   60552 60202 60136  1683  4003 60357 60186  4936 60171  5188  1069
     684  2660   433 60199  1241  2694 60172 60189 60389 60423  2742
   60398 60158 60111 60343 60147 60142]]]
unstable
 
 err: 
done running mariposa 437.1
Bisecting: 261 revisions left to test after this (roughly 8 steps)
[6e637348826f0725ba8a01c455448023ca2889e4] Merge pull request #2368 from waywardmonkeys/fix-typo
running python3 /home/yizhou7/mariposa/scripts/z3-bisect.py /home/yizhou7/mariposa/data/bisect_tasks/d_fvbkv_z3_clean--lib-Base-SetBijectivity.i.dfy.Impl__SetBijectivity.__default.CrossProductCardinality.txt
building z3
done building z3 3.2
running mariposa
res: 1 
 out: [[[    3     2     2     2     2     3     3     2     2     3     2
       3     3     2     3     2     3     2     2     3     3     3
       3     3     3     3     2     2     3     3     3     3     2
       2     3     2     2     2     3     3     3     2     2     3
       3     2     3     3     3     3     3     2     3     2     3
       2     3     3     3     3     3]
  [60309  2970  2584   412  2636 60260 60283  4163   436 60340   385
   60278 60272  2581 60327   411 60281   353   344 60333 60260 60343
   60307 60314 60269 60315   430  2848 60302 60292 60306 60372  3032
    2875 60356 36286  3028  2805 60313 60284 60302   341   289 60350
   60359   399 60315 60281 60292 60313 60281   329 60280   351 60325
   16515 60270 60271 60289 60266 60265]]

 [[    3     2     2     2     2     2     2     2     2     2     2
       2     2     2     2     3     2     3     2     3     3     2
       3     3     2     2     2     2     2     2     2     2     2
       2     2     2     2     2     2     2     2     2     2     2
       2     2     3     2     2     2     2     2     2     2     2
       2     3     3     3     3     3]
  [60309  5490  5422   475  3389  5925  4585  3185  3118  4176   445
    4403  2669  2722  3505 60458   528 60387   555 60328 60201  4274
   60291 60409 19448  4632  3734   420  2744  3798  3788  2776  2733
     411  2735  3740  2905  3060  2541  3328  3897  3128  3826  3642
   17301  2846 60482  4045   444   441   419  4892  2864   414  3751
    4113 60447 60463 60309 60369 60400]]

 [[    3     2     2     2     3     3     3     3     3     2     3
       2     2     2     3     2     2     3     3     3     3     3
       2     3     2     2     2     2     2     3     3     3     3
       3     2     3     3     2     2     2     2     2     2     2
       3     3     3     3     3     2     2     3     3     2     3
       3     3     3     3     3     3]
  [60309   627  1406 52277 60167 60198 60485 60487 60496  1089 60375
    2352  2184   165 60208  4166   850 60340 60455 60502 60432 60209
     218 60213   780   435   377  2782   335 60381 60315 60203 60424
   60201   384 60393 60285   174  4493  1798    91 25735  3078 21487
   60263 60063 60351 60466 60344  1922  7052 60193 60153 55230 60258
   60408 60258 60230 60369 60270 60304]]]
unstable
 
 err: 
done running mariposa 854.9
Bisecting: 130 revisions left to test after this (roughly 7 steps)
[9b4f327e29de8eadd112e53af5a8fb9f430fabf7] set upload mode to replace
running python3 /home/yizhou7/mariposa/scripts/z3-bisect.py /home/yizhou7/mariposa/data/bisect_tasks/d_fvbkv_z3_clean--lib-Base-SetBijectivity.i.dfy.Impl__SetBijectivity.__default.CrossProductCardinality.txt
building z3
done building z3 3.1
running mariposa
res: 0 
 out: [[[  2   2   2   2   2   2   2   2   2   2   2   2   2   2   2   2   2
     2   2   2   2   2   2   2   2   2   2   2   2   2   2   2   2   2
     2   2   2   2   2   2   2   2   2   2   2   2   2   2   2   2   2
     2   2   2   2   2   2   2   2   2   2]
  [342 365 458 389 152 165 464 457 149 366 442 387 448 452 463 364 514
   153 459 469 490 386 461 386 445 464 498 443 489 156 380 445 153 461
   384 443 391 153 167 362 545 463 451 485 385 486 447 369 460 175 466
   546 458 447 459 493 446 148 362 444 358]]

 [[  2   2   2   2   2   2   2   2   2   2   2   2   2   2   2   2   2
     2   2   2   2   2   2   2   2   2   2   2   2   2   2   2   2   2
     2   2   2   2   2   2   2   2   2   2   2   2   2   2   2   2   2
     2   2   2   2   2   2   2   2   2   2]
  [342 461 502 470 478 513 524 535 542 540 536 471 476 453 512 484 519
   465 487 455 516 455 469 457 551 510 455 488 478 463 457 473 483 450
   476 457 551 509 519 451 468 454 472 453 599 456 453 483 475 456 481
   475 531 564 451 462 468 473 470 456 458]]

 [[  2   2   2   2   2   2   2   2   2   2   2   2   2   2   2   2   2
     2   2   2   2   2   2   2   2   2   2   2   2   2   2   2   2   2
     2   2   2   2   2   2   2   2   2   2   2   2   2   2   2   2   2
     2   2   2   2   2   2   2   2   2   2]
  [342 345 421 422 508 555 563 578 430 469 613 567 572 582 346 628 173
   500 308 318 459 363 487 360 183 155 345 492 469 583 323 508 460 442
   561 312 586 437 520 559 482 533 436 316 576 522 541 186 536 525 528
   586 150 505 500 581 551 516 473 576 583]]]
stable
 
 err: 
done running mariposa 13.7
Bisecting: 65 revisions left to test after this (roughly 6 steps)
[42ac3a536369a7d4a7eafa1fa15b571b146ba594] merge with csp
running python3 /home/yizhou7/mariposa/scripts/z3-bisect.py /home/yizhou7/mariposa/data/bisect_tasks/d_fvbkv_z3_clean--lib-Base-SetBijectivity.i.dfy.Impl__SetBijectivity.__default.CrossProductCardinality.txt
building z3
done building z3 3.1
running mariposa
res: 0 
 out: [[[  2   2   2   2   2   2   2   2   2   2   2   2   2   2   2   2   2
     2   2   2   2   2   2   2   2   2   2   2   2   2   2   2   2   2
     2   2   2   2   2   2   2   2   2   2   2   2   2   2   2   2   2
     2   2   2   2   2   2   2   2   2   2]
  [341 366 153 449 387 152 456 466 150 379 397 443 453 450 482 398 447
   449 151 534 467 370 382 445 455 473 466 462 467 159 375 153 443 496
   374 408 474 150 153 382 515 468 451 467 369 447 448 373 151 490 461
   536 451 448 459 451 445 381 446 142 348]]

 [[  2   2   2   2   2   2   2   2   2   2   2   2   2   2   2   2   2
     2   2   2   2   2   2   2   2   2   2   2   2   2   2   2   2   2
     2   2   2   2   2   2   2   2   2   2   2   2   2   2   2   2   2
     2   2   2   2   2   2   2   2   2   2]
  [341 454 483 476 462 537 536 516 520 539 518 477 452 452 523 462 472
   547 455 451 459 538 475 568 535 517 475 454 477 527 453 452 478 460
   470 459 518 495 517 476 473 498 450 513 453 466 456 469 475 462 492
   486 459 539 466 459 487 480 479 471 458]]

 [[  2   2   2   2   2   2   2   2   2   2   2   2   2   2   2   2   2
     2   2   2   2   2   2   2   2   2   2   2   2   2   2   2   2   2
     2   2   2   2   2   2   2   2   2   2   2   2   2   2   2   2   2
     2   2   2   2   2   2   2   2   2   2]
  [341 329 436 454 532 545 557 584 427 487 604 574 553 337 639 594 171
   307 500 454 344 355 453 360 171 182 340 487 478 321 588 492 486 423
   524 318 430 582 527 472 579 546 429 320 560 501 553 184 559 494 539
   583 517 149 582 510 514 528 494 578 637]]]
stable
 
 err: 
done running mariposa 13.7
Bisecting: 32 revisions left to test after this (roughly 5 steps)
[b4290d4b3d7c021965e9ce7ee636caac0f9cac74] python regression
running python3 /home/yizhou7/mariposa/scripts/z3-bisect.py /home/yizhou7/mariposa/data/bisect_tasks/d_fvbkv_z3_clean--lib-Base-SetBijectivity.i.dfy.Impl__SetBijectivity.__default.CrossProductCardinality.txt
building z3
done building z3 3.2
running mariposa
res: 1 
 out: [[[    2     2     2     2     2     2     2     2     2     2     2
       2     2     2     2     2     2     2     2     2     2     2
       2     2     2     2     2     2     2     2     2     2     2
       2     2     2     2     2     2     2     2     2     2     2
       2     2     2     2     2     2     2     2     2     2     2
       2     2     2     2     2     2]
  [  316   455   560   537   457   484   457   431   416   507   410
     367   376   376   461   378   343   386   423   429   386   354
     448   462   362   378   398   367   450   376  3670   374   517
     367   352   376   467   357   470   442   419   364   407   442
     544   385   453   441   396   422   389   455   454   384   392
     374   365   368   378   448   364]]

 [[    2     2     2     2     2     2     2     2     2     2     2
       2     2     2     2     2     2     2     2     2     2     2
       2     2     3     2     2     2     2     2     3     2     2
       3     2     2     2     2     2     2     2     3     2     2
       2     2     3     2     2     2     2     2     2     2     2
       2     3     3     3     3     3]
  [  316   489   465   483   416  3972   418   364  3336   500   538
     574  4415   653   543   533   582   577   592   535   522  4246
     560  3548 60408   581  2936  3681  4487   398 60184  2549 31755
   60528  6431  3864   512   580   573 18520   584 60186  2936   512
     560  4053 60494   559   600   568   589   519 20706   527  3757
    4198 60290 60194 60408 60182 60178]]

 [[    2     3     3     3     3     3     3     3     2     2     2
       3     3     3     3     3     3     2     2     3     2     3
       3     3     3     2     3     3     3     2     2     3     3
       2     3     3     2     3     2     2     3     2     3     2
       2     2     3     3     3     2     3     2     2     2     2
       3     3     3     3     3     3]
  [  316 60157 60243 60404 60482 60519 60573 60576   395  1390  1774
   60335 60402 60352 60293 60311 60196   914  1551 60361  2977 60231
   60372 60353 60215   237 60457 60340 60200 24099 31384 60502 60139
    1254 60355 60434   527 60255  3230 20692 60149  1837 60172  1280
    4222 30532 60225 60374 60391  2078 60390  3453  4178  1111  3318
   60351 60324 60248 60467 60263 60481]]]
unstable
 
 err: 
done running mariposa 493.5
Bisecting: 16 revisions left to test after this (roughly 4 steps)
[0f7ff2a3d016ce6cc0dcc2654a6aa0187bc55192] swap
running python3 /home/yizhou7/mariposa/scripts/z3-bisect.py /home/yizhou7/mariposa/data/bisect_tasks/d_fvbkv_z3_clean--lib-Base-SetBijectivity.i.dfy.Impl__SetBijectivity.__default.CrossProductCardinality.txt
building z3
done building z3 3.2
running mariposa
res: 1 
 out: [[[    3     2     2     3     2     3     3     2     3     3     2
       2     3     3     3     3     3     3     2     3     2     2
       3     3     3     3     3     3     3     2     2     3     2
       3     3     3     2     3     3     2     3     3     3     3
       3     3     3     3     2     3     3     3     3     3     2
       3     3     3     3     3     3]
  [60310  3978  3414 60392  3886 60457 60429  3948 60369 60330  3506
    3500 60317 60579 60583 60461 60407 60400  3839 60359  3400  3268
   60309 60547 60508 60516 60481 60374 60319  3587  3188 60315  2867
   60402 60521 60508  3962 60399 60371  3597 60317 60314 60523 60511
   60447 60404 60393 60323  3472 60312 60499 60495 60405 60393  3605
   60352 60305 60357 60381 60342 60304]]

 [[    3     2     3     3     3     3     3     3     3     3     3
       3     3     3     3     3     3     3     3     3     3     2
       3     3     3     3     3     3     3     3     3     2     2
       3     3     3     3     3     2     3     3     2     2     2
       3     3     2     3     3     3     3     3     3     3     3
       3     3     3     3     3     3]
  [60310  4336 60505 60620 60622 60371 60330 60459 60464 60501 60520
   60524 60442 60428 60494 60462 60559 60566 60678 60411 60369  3378
   60442 60346 60598 60619 60565 60411 60373 60444 60363  3443  4063
   60702 60714 60471 60421 60535  3683 60384 60316  3197  4030  3208
   60461 60441  3432 60494 60513 60385 60376 60390 60727 60735 60609
   60482 60416 60406 60316 60356 60402]]

 [[    3     2     3     3     3     3     3     3     3     2     3
       3     3     3     3     3     3     3     3     3     3     3
       3     3     3     3     3     3     3     3     3     2     2
       3     3     3     3     3     3     3     3     3     3     3
       3     3     3     3     3     3     3     3     3     3     3
       3     3     3     3     3     3]
  [60310  3288 60636 60639 60629 60631 60632 60635 60317  3632 60546
   60542 60551 60546 60545 60366 60319 60625 60638 60624 60634 60632
   60369 60321 60637 60635 60633 60629 60646 60352 60311  3527  3503
   60536 60533 60536 60534 60395 60356 60295 60662 60652 60650 60649
   60400 60366 60306 60559 60569 60563 60560 60358 60369 60299 60584
   60595 60595 60594 60398 60361 60347]]]
unstable
 
 err: 
done running mariposa 1409.0
Bisecting: 7 revisions left to test after this (roughly 3 steps)
[d17248821ad047f889237ce20b6bdaa1465ceff9] include chronological backtracking, two-phase sat, xor inprocessing, probsat, ddfw
running python3 /home/yizhou7/mariposa/scripts/z3-bisect.py /home/yizhou7/mariposa/data/bisect_tasks/d_fvbkv_z3_clean--lib-Base-SetBijectivity.i.dfy.Impl__SetBijectivity.__default.CrossProductCardinality.txt
building z3
done building z3 3.1
running mariposa
res: 0 
 out: [[[  2   2   2   2   2   2   2   2   2   2   2   2   2   2   2   2   2
     2   2   2   2   2   2   2   2   2   2   2   2   2   2   2   2   2
     2   2   2   2   2   2   2   2   2   2   2   2   2   2   2   2   2
     2   2   2   2   2   2   2   2   2   2]
  [340 377 460 365 159 152 449 452 149 364 372 442 464 489 444 415 151
   438 518 464 483 429 381 442 464 457 464 464 447 153 381 480 441 151
   475 400 392 151 146 376 444 540 463 484 372 465 460 364 155 463 511
   472 481 455 463 454 444 363 147 446 327]]

 [[  2   2   2   2   2   2   2   2   2   2   2   2   2   2   2   2   2
     2   2   2   2   2   2   2   2   2   2   2   2   2   2   2   2   2
     2   2   2   2   2   2   2   2   2   2   2   2   2   2   2   2   2
     2   2   2   2   2   2   2   2   2   2]
  [340 452 462 447 461 530 522 517 544 522 514 458 477 481 453 510 501
   530 452 541 450 454 454 453 539 544 470 450 486 499 459 460 453 450
   472 457 540 461 519 477 472 472 454 491 552 461 449 455 452 494 453
   480 483 518 473 449 451 500 485 449 478]]

 [[  2   2   2   2   2   2   2   2   2   2   2   2   2   2   2   2   2
     2   2   2   2   2   2   2   2   2   2   2   2   2   2   2   2   2
     2   2   2   2   2   2   2   2   2   2   2   2   2   2   2   2   2
     2   2   2   2   2   2   2   2   2   2]
  [340 332 422 435 516 552 552 557 446 470 593 553 561 584 333 659 185
   485 306 446 375 335 489 344 171 154 387 489 540 318 482 582 496 440
   552 312 446 589 529 568 504 523 317 560 441 549 555 173 533 504 545
   584 148 503 522 572 539 525 472 601 624]]]
stable
 
 err: 
done running mariposa 13.8
Bisecting: 3 revisions left to test after this (roughly 2 steps)
[ec1653fdff146ff8d1b3b2281e875494f4fc3a96] Merge pull request #2345 from schedutron/master
running python3 /home/yizhou7/mariposa/scripts/z3-bisect.py /home/yizhou7/mariposa/data/bisect_tasks/d_fvbkv_z3_clean--lib-Base-SetBijectivity.i.dfy.Impl__SetBijectivity.__default.CrossProductCardinality.txt
building z3
done building z3 3.1
running mariposa
res: 0 
 out: [[[  2   2   2   2   2   2   2   2   2   2   2   2   2   2   2   2   2
     2   2   2   2   2   2   2   2   2   2   2   2   2   2   2   2   2
     2   2   2   2   2   2   2   2   2   2   2   2   2   2   2   2   2
     2   2   2   2   2   2   2   2   2   2]
  [348 380 456 153 375 152 453 475 152 364 366 462 455 494 449 155 366
   446 477 558 482 371 370 451 445 456 472 469 482 152 385 456 470 152
   382 455 375 148 155 368 526 464 493 469 385 446 479 364 154 479 521
   458 506 446 473 446 471 387 438 145 334]]

 [[  2   2   2   2   2   2   2   2   2   2   2   2   2   2   2   2   2
     2   2   2   2   2   2   2   2   2   2   2   2   2   2   2   2   2
     2   2   2   2   2   2   2   2   2   2   2   2   2   2   2   2   2
     2   2   2   2   2   2   2   2   2   2]
  [348 460 454 480 481 552 539 519 573 517 543 519 460 474 469 488 513
   600 464 571 453 470 507 483 557 524 457 457 452 456 457 485 451 481
   460 546 455 477 537 480 480 490 449 540 507 480 452 481 473 480 464
   478 480 473 548 456 476 468 468 471 465]]

 [[  2   2   2   2   2   2   2   2   2   2   2   2   2   2   2   2   2
     2   2   2   2   2   2   2   2   2   2   2   2   2   2   2   2   2
     2   2   2   2   2   2   2   2   2   2   2   2   2   2   2   2   2
     2   2   2   2   2   2   2   2   2   2]
  [348 327 421 447 532 564 579 584 443 470 588 559 338 565 595 654 171
   481 455 324 343 318 350 487 185 155 334 509 494 500 573 333 466 445
   527 312 437 598 530 573 472 548 324 433 561 495 566 191 537 508 527
   585 150 522 504 642 490 518 453 612 616]]]
stable
 
 err: 
done running mariposa 13.8
Bisecting: 1 revision left to test after this (roughly 1 step)
[f3b79087eef389011fa90eefcf64b987bed54a9d] add default tactic as option to overwrite the behavior of strategic solver factory
running python3 /home/yizhou7/mariposa/scripts/z3-bisect.py /home/yizhou7/mariposa/data/bisect_tasks/d_fvbkv_z3_clean--lib-Base-SetBijectivity.i.dfy.Impl__SetBijectivity.__default.CrossProductCardinality.txt
building z3
done building z3 3.1
running mariposa
res: 1 
 out: [[[    3     2     2     3     2     3     2     3     3     2     3
       2     3     3     3     3     2     3     3     3     2     2
       3     3     3     3     3     3     3     2     2     3     2
       3     3     3     2     3     3     2     3     3     3     3
       3     3     3     3     2     3     3     3     3     3     2
       3     3     3     3     3     3]
  [60313  3928  3379 60370  3744 60457  3771 60404 60370  3545 60351
    3467 60318 60515 60501 60462  3817 60417 60412 60402  3389  3245
   60311 60510 60514 60518 60491 60375 60323  3437  3276 60312  3020
   60413 60458 60456  3936 60399 60367  3640 60323 60320 60581 60593
   60447 60401 60361 60332  3485 60312 60526 60511 60412 60402  3669
   60349 60304 60360 60385 60346 60304]]

 [[    3     2     3     3     3     3     3     3     3     3     3
       3     3     3     3     3     3     3     3     3     3     2
       3     3     3     3     3     3     3     3     3     2     2
       3     3     3     3     3     2     3     3     2     2     2
       3     3     3     2     3     3     3     3     3     3     3
       3     3     3     3     3     3]
  [60313  4279 60502 60614 60631 60372 60332 60441 60443 60485 60492
   60494 60441 60410 60443 60473 60573 60574 60682 60414 60369  3507
   60444 60353 60617 60625 60566 60412 60382 60459 60363  3434  4140
   60728 60724 60467 60412 60541  3598 60383 60318  3336  4072  3208
   60464 60460 60498  3467 60511 60403 60394 60392 60732 60617 60738
   60470 60425 60415 60319 60358 60406]]

 [[    3     2     3     3     3     3     3     3     3     2     3
       3     3     3     3     3     3     3     3     3     3     3
       3     3     3     3     3     3     3     3     3     2     2
       3     3     3     3     3     3     3     3     3     3     3
       3     3     3     3     3     3     3     3     3     3     3
       3     3     3     3     3     3]
  [60313  3291 60650 60652 60656 60643 60654 60651 60330  3477 60651
   60653 60654 60654 60655 60390 60337 60657 60655 60654 60651 60651
   60381 60334 60647 60655 60653 60657 60643 60364 60328  3461  3480
   60573 60581 60582 60591 60403 60371 60313 60678 60671 60670 60679
   60410 60379 60359 60579 60579 60582 60573 60374 60387 60346 60598
   60595 60583 60589 60418 60367 60370]]]
unstable
 
 err: 
done running mariposa 1409.1
Bisecting: 0 revisions left to test after this (roughly 0 steps)
[1e770af1cc04f85a8d7a990ba0c9c4e433b83fa8] local sort
running python3 /home/yizhou7/mariposa/scripts/z3-bisect.py /home/yizhou7/mariposa/data/bisect_tasks/d_fvbkv_z3_clean--lib-Base-SetBijectivity.i.dfy.Impl__SetBijectivity.__default.CrossProductCardinality.txt
building z3
done building z3 3.1
running mariposa
res: 1 
 out: [[[    3     2     2     3     2     3     3     2     3     2     3
       2     3     3     3     3     3     3     3     2     2     2
       3     3     3     3     3     3     3     2     2     3     2
       3     3     3     2     3     3     2     3     3     3     3
       3     3     3     3     2     3     3     3     3     3     2
       3     3     3     3     3     3]
  [60314  4040  3337 60366  3900 60472 60471  3929 60370  3459 60339
    3612 60317 60511 60498 60462 60422 60413 60402  3807  3351  3180
   60312 60581 60506 60513 60513 60379 60323  3519  3272 60315  3019
   60410 60531 60511  3945 60403 60366  3635 60320 60320 60605 60577
   60449 60401 60377 60341  3401 60311 60528 60487 60411 60402  3619
   60355 60302 60356 60389 60347 60305]]

 [[    3     2     3     3     3     3     3     3     3     3     3
       3     3     3     3     3     3     3     3     3     3     2
       3     3     3     3     3     3     3     3     3     2     2
       3     3     3     3     3     2     3     3     2     2     2
       3     3     2     3     3     3     3     3     3     3     3
       3     3     3     3     3     3]
  [60314  4306 60491 60623 60616 60377 60332 60445 60439 60480 60503
   60497 60425 60412 60498 60477 60567 60573 60686 60408 60374  3369
   60450 60361 60605 60623 60569 60416 60377 60453 60366  3352  3995
   60715 60728 60474 60441 60565  3645 60385 60320  3258  4137  3173
   60462 60447  3451 60521 60555 60386 60356 60394 60728 60741 60622
   60531 60426 60367 60316 60355 60405]]

 [[    3     2     3     3     3     3     3     3     3     2     3
       3     3     3     3     3     3     3     3     3     3     3
       3     3     3     3     3     3     3     3     3     2     2
       3     3     3     3     3     3     3     3     3     3     3
       3     3     3     3     3     3     3     3     3     3     3
       3     3     3     3     3     3]
  [60314  3379 60636 60644 60644 60645 60650 60651 60329  3511 60587
   60593 60589 60594 60587 60380 60337 60661 60660 60661 60662 60664
   60381 60331 60666 60654 60658 60658 60657 60363 60324  3451  3368
   60680 60682 60678 60679 60406 60373 60330 60688 60680 60689 60678
   60409 60382 60360 60582 60583 60575 60578 60416 60391 60335 60636
   60636 60632 60634 60414 60368 60364]]]
unstable
 
 err: 
done running mariposa 1409.4
1e770af1cc04f85a8d7a990ba0c9c4e433b83fa8 is the first bad commit
commit 1e770af1cc04f85a8d7a990ba0c9c4e433b83fa8
Author: Nikolaj Bjorner <nbjorner@microsoft.com>
Date:   Fri Jun 14 09:29:41 2019 -0700

    local sort
    
    Signed-off-by: Nikolaj Bjorner <nbjorner@microsoft.com>

:040000 040000 0a3c7d7a39c8bafde7c0d96e40f38d5126f0b425 d2abe755e1f95482eb3e83cc96b729db2bab8fda M	src
bisect run success
git bisect start
# good: [e79542cc689d52ec4cb34ce4ae3fbe56e7a0bf70] fix #2309
git bisect good e79542cc689d52ec4cb34ce4ae3fbe56e7a0bf70
# bad: [ad55a1f1c617a7f0c3dd735c0780fc758424c7f1] Update release.yml for Azure Pipelines
git bisect bad ad55a1f1c617a7f0c3dd735c0780fc758424c7f1
# skip: [e2702f3ae88f5c48a55f4473bb5c29184c182634] fixes in assigning constraints to intervals
git bisect skip e2702f3ae88f5c48a55f4473bb5c29184c182634
# skip: [1915812f84cf41a5f232eedf2a695a54d055aa88] add a test for intervals
git bisect skip 1915812f84cf41a5f232eedf2a695a54d055aa88
# bad: [8faf35e2e0c8fce99794e71bd3b5de74b95ceb5a] fix #3735
git bisect bad 8faf35e2e0c8fce99794e71bd3b5de74b95ceb5a
# skip: [d1a5635b4ad7f8632356b380f3a9b1fc83fdb04f] better model based lemmaas
git bisect skip d1a5635b4ad7f8632356b380f3a9b1fc83fdb04f
# skip: [0a86bd14f792ef5fadb8eeb346729a612f7e1588] start on test nla
git bisect skip 0a86bd14f792ef5fadb8eeb346729a612f7e1588
# bad: [f7747d9e76bd685a02ce5c5fbda91fc356856b5e] fix parameter collection for tactic-based solvers reported in #3065
git bisect bad f7747d9e76bd685a02ce5c5fbda91fc356856b5e
# skip: [0644194fc96a853df44c37f9e4522796aa40add8] work on lemma from product to factors, and some renaming
git bisect skip 0644194fc96a853df44c37f9e4522796aa40add8
# bad: [0321312c8db1d3f0edbd23e6e48884fbb7d77d1d] Changed to get_const_interp to match Java and C# bindings
git bisect bad 0321312c8db1d3f0edbd23e6e48884fbb7d77d1d
# bad: [6e637348826f0725ba8a01c455448023ca2889e4] Merge pull request #2368 from waywardmonkeys/fix-typo
git bisect bad 6e637348826f0725ba8a01c455448023ca2889e4
# good: [9b4f327e29de8eadd112e53af5a8fb9f430fabf7] set upload mode to replace
git bisect good 9b4f327e29de8eadd112e53af5a8fb9f430fabf7
# good: [42ac3a536369a7d4a7eafa1fa15b571b146ba594] merge with csp
git bisect good 42ac3a536369a7d4a7eafa1fa15b571b146ba594
# bad: [b4290d4b3d7c021965e9ce7ee636caac0f9cac74] python regression
git bisect bad b4290d4b3d7c021965e9ce7ee636caac0f9cac74
# bad: [0f7ff2a3d016ce6cc0dcc2654a6aa0187bc55192] swap
git bisect bad 0f7ff2a3d016ce6cc0dcc2654a6aa0187bc55192
# good: [d17248821ad047f889237ce20b6bdaa1465ceff9] include chronological backtracking, two-phase sat, xor inprocessing, probsat, ddfw
git bisect good d17248821ad047f889237ce20b6bdaa1465ceff9
# good: [ec1653fdff146ff8d1b3b2281e875494f4fc3a96] Merge pull request #2345 from schedutron/master
git bisect good ec1653fdff146ff8d1b3b2281e875494f4fc3a96
# bad: [f3b79087eef389011fa90eefcf64b987bed54a9d] add default tactic as option to overwrite the behavior of strategic solver factory
git bisect bad f3b79087eef389011fa90eefcf64b987bed54a9d
# bad: [1e770af1cc04f85a8d7a990ba0c9c4e433b83fa8] local sort
git bisect bad 1e770af1cc04f85a8d7a990ba0c9c4e433b83fa8
# first bad commit: [1e770af1cc04f85a8d7a990ba0c9c4e433b83fa8] local sort
