running python3 /home/yizhou7/mariposa/scripts/z3-bisect.py /home/yizhou7/mariposa/data/bisect_tasks/d_fvbkv_z3_clean--Betree-BetreeInv.i.dfy.Impl__BetreeInv.__default.InitImpliesInv.txt
building z3
Bisecting: 1453 revisions left to test after this (roughly 11 steps)
[1915812f84cf41a5f232eedf2a695a54d055aa88] add a test for intervals
running python3 /home/yizhou7/mariposa/scripts/z3-bisect.py /home/yizhou7/mariposa/data/bisect_tasks/d_fvbkv_z3_clean--Betree-BetreeInv.i.dfy.Impl__BetreeInv.__default.InitImpliesInv.txt
building z3
Bisecting: 1453 revisions left to test after this (roughly 11 steps)
[8faf35e2e0c8fce99794e71bd3b5de74b95ceb5a] fix #3735
running python3 /home/yizhou7/mariposa/scripts/z3-bisect.py /home/yizhou7/mariposa/data/bisect_tasks/d_fvbkv_z3_clean--Betree-BetreeInv.i.dfy.Impl__BetreeInv.__default.InitImpliesInv.txt
building z3
done building z3 3.3
running mariposa
res: 1 
 out: [[[  2   2   2   2   2   2   2   2   2   2   2   2   2   2   2   2   2
     2   2   2   2   2   2   2   2   2   2   2   2   2   2   2   2   2
     2   2   2   2   2   2   2   2   2   2   2   2   2   2   2   2   2
     2   2   2   2   2   2   2   2   2   2]
  [264 327 376 335 321 331 342 325 333 345 341 325 325 388 322 330 331
   339 328 328 377 324 331 328 327 354 333 361 338 322 331 361 353 324
   328 364 336 323 337 337 359 321 350 326 348 355 369 335 325 327 332
   340 325 326 327 331 323 318 313 316 311]]

 [[  2   4   4   2   2   4   2   2   4   4   4   4   4   4   4   4   4
     4   4   2   4   4   4   4   4   4   4   4   4   4   4   2   4   4
     4   2   4   2   4   2   4   4   4   4   4   4   4   4   4   4   4
     4   4   4   2   2   4   4   4   4   4]
  [264 335 336 333 325 338 351 370 321 357 373 329 324 335 336 333 334
   359 354 327 314 330 333 338 350 346 337 344 335 328 347 353 326 343
   332 329 307 327 342 335 318 336 329 345 325 344 334 342 367 333 325
   347 332 331 337 375 328 358 336 335 332]]

 [[  2   4   4   2   4   2   4   4   4   4   4   4   4   4   4   4   4
     4   4   4   4   4   4   4   4   4   2   4   4   4   4   4   4   4
     4   4   4   4   4   4   4   4   4   4   4   4   4   4   4   2   4
     4   4   2   4   4   4   4   4   4   2]
  [264 369 384 390 358 368 411 417 339 359 359 398 389 378 373 352 332
   342 390 383 384 387 374 359 406 429 409 388 421 352 472 362 392 376
   368 438 351 351 382 368 380 395 399 391 385 392 439 363 368 370 389
   351 394 411 390 417 408 350 398 357 387]]]
unstable
 
 err: 
done running mariposa 16.7
Bisecting: 1254 revisions left to test after this (roughly 10 steps)
[d1a5635b4ad7f8632356b380f3a9b1fc83fdb04f] better model based lemmaas
running python3 /home/yizhou7/mariposa/scripts/z3-bisect.py /home/yizhou7/mariposa/data/bisect_tasks/d_fvbkv_z3_clean--Betree-BetreeInv.i.dfy.Impl__BetreeInv.__default.InitImpliesInv.txt
building z3
Bisecting: 1254 revisions left to test after this (roughly 10 steps)
[0a86bd14f792ef5fadb8eeb346729a612f7e1588] start on test nla
running python3 /home/yizhou7/mariposa/scripts/z3-bisect.py /home/yizhou7/mariposa/data/bisect_tasks/d_fvbkv_z3_clean--Betree-BetreeInv.i.dfy.Impl__BetreeInv.__default.InitImpliesInv.txt
building z3
Bisecting: 1254 revisions left to test after this (roughly 10 steps)
[f7747d9e76bd685a02ce5c5fbda91fc356856b5e] fix parameter collection for tactic-based solvers reported in #3065
running python3 /home/yizhou7/mariposa/scripts/z3-bisect.py /home/yizhou7/mariposa/data/bisect_tasks/d_fvbkv_z3_clean--Betree-BetreeInv.i.dfy.Impl__BetreeInv.__default.InitImpliesInv.txt
building z3
done building z3 3.2
running mariposa
res: 1 
 out: [[[  2   2   2   2   2   2   2   2   2   2   2   2   2   2   2   2   2
     2   2   2   2   2   2   2   2   2   2   2   2   2   2   2   2   2
     2   2   2   2   2   2   2   2   2   2   2   2   2   2   2   2   2
     2   2   2   2   2   2   2   2   2   2]
  [258 316 326 345 320 323 321 315 328 320 319 340 317 325 319 325 322
   322 326 322 345 319 318 345 408 319 348 323 334 320 346 319 357 322
   323 321 323 334 346 336 320 356 342 323 324 319 387 319 353 319 327
   324 316 318 318 354 312 307 307 302 312]]

 [[  2   4   4   2   2   4   2   2   4   4   4   4   4   4   4   4   4
     4   4   2   4   4   4   4   4   4   4   4   4   4   4   2   4   4
     4   2   4   2   4   4   4   4   4   4   4   4   4   4   4   4   4
     4   4   4   2   2   4   4   4   4   4]
  [258 356 335 352 329 337 317 348 344 330 324 326 333 354 345 334 375
   336 332 320 326 315 334 332 340 348 336 368 374 342 318 338 324 325
   310 341 343 321 330 342 367 315 347 329 323 345 334 341 334 342 325
   353 330 361 347 350 330 364 338 334 331]]

 [[  2   4   4   2   4   2   4   4   4   4   4   4   4   4   4   4   4
     4   4   4   4   4   4   4   4   4   4   4   2   4   4   4   4   4
     4   4   4   4   4   4   4   4   4   4   4   4   4   4   2   4   4
     4   2   4   4   4   4   4   4   2   4]
  [258 336 346 358 395 381 410 416 337 382 356 384 395 375 363 347 337
   344 393 376 341 395 374 405 377 384 395 384 430 388 355 355 389 376
   361 363 375 349 352 414 371 405 443 358 364 374 426 365 344 380 388
   352 382 447 391 404 387 344 389 384 378]]]
unstable
 
 err: 
done running mariposa 16.7
Bisecting: 1034 revisions left to test after this (roughly 10 steps)
[0644194fc96a853df44c37f9e4522796aa40add8] work on lemma from product to factors, and some renaming
running python3 /home/yizhou7/mariposa/scripts/z3-bisect.py /home/yizhou7/mariposa/data/bisect_tasks/d_fvbkv_z3_clean--Betree-BetreeInv.i.dfy.Impl__BetreeInv.__default.InitImpliesInv.txt
building z3
Bisecting: 1034 revisions left to test after this (roughly 10 steps)
[0321312c8db1d3f0edbd23e6e48884fbb7d77d1d] Changed to get_const_interp to match Java and C# bindings
running python3 /home/yizhou7/mariposa/scripts/z3-bisect.py /home/yizhou7/mariposa/data/bisect_tasks/d_fvbkv_z3_clean--Betree-BetreeInv.i.dfy.Impl__BetreeInv.__default.InitImpliesInv.txt
building z3
done building z3 3.1
running mariposa
res: 1 
 out: [[[  2   4   2   4   2   2   2   2   4   4   2   4   2   2   2   2   4
     2   2   2   2   4   2   2   4   2   2   2   2   2   2   4   2   2
     2   2   2   4   4   2   2   2   4   4   4   2   2   2   2   2   2
     4   2   2   2   2   2   2   2   2   2]
  [243 299 298 298 308 346 296 292 297 321 317 327 311 302 301 299 305
   300 329 290 296 301 302 297 298 295 309 300 308 291 298 297 299 293
   293 301 320 300 304 323 318 299 307 302 302 317 311 298 296 293 382
   305 296 326 320 295 293 286 286 281 273]]

 [[  2   4   4   2   2   2   4   2   4   4   4   4   4   4   4   4   4
     4   2   4   4   4   4   4   4   4   4   4   4   4   4   2   4   4
     4   2   4   2   4   4   2   4   4   4   4   4   4   4   4   4   4
     2   4   4   2   4   4   4   4   4   4]
  [243 314 334 305 308 316 308 349 306 324 321 304 311 308 323 351 319
   325 331 288 364 306 344 332 307 298 303 307 304 347 305 335 306 313
   320 302 291 311 313 291 308 321 309 311 293 294 317 320 305 309 303
   332 310 302 301 320 308 320 309 314 330]]

 [[  2   4   2   4   4   4   4   4   4   4   4   4   4   4   4   4   4
     4   4   4   4   4   4   4   4   4   4   4   4   4   4   2   4   4
     4   4   4   4   4   4   4   4   4   4   4   4   2   4   4   4   4
     4   4   4   4   4   4   4   4   4   4]
  [243 332 358 325 340 379 323 332 325 355 330 335 337 350 362 338 318
   337 342 347 348 333 319 332 319 321 350 333 383 329 356 327 371 334
   335 352 326 354 332 351 354 347 344 329 348 340 325 336 346 354 360
   333 333 375 328 367 329 326 321 330 368]]]
unstable
 
 err: 
done running mariposa 15.9
Bisecting: 261 revisions left to test after this (roughly 8 steps)
[6e637348826f0725ba8a01c455448023ca2889e4] Merge pull request #2368 from waywardmonkeys/fix-typo
running python3 /home/yizhou7/mariposa/scripts/z3-bisect.py /home/yizhou7/mariposa/data/bisect_tasks/d_fvbkv_z3_clean--Betree-BetreeInv.i.dfy.Impl__BetreeInv.__default.InitImpliesInv.txt
building z3
done building z3 3.2
running mariposa
res: 1 
 out: [[[  4   4   4   4   4   4   4   4   4   4   4   4   4   4   4   4   4
     4   4   4   4   4   4   4   4   4   4   4   4   4   4   4   4   4
     4   4   4   4   4   4   4   4   4   4   4   4   4   4   4   4   4
     4   4   4   4   4   4   4   4   4   4]
  [238 315 317 298 295 310 296 309 292 289 342 309 296 295 320 294 290
   290 297 295 292 291 292 333 299 291 311 299 296 349 293 316 313 316
   338 296 292 292 292 298 289 293 296 316 310 293 295 296 291 290 319
   293 320 291 332 311 288 292 291 278 269]]

 [[  4   2   2   4   4   2   4   4   4   4   4   2   2   2   4   4   2
     4   4   4   4   2   4   2   4   2   4   4   4   4   4   2   4   2
     4   4   2   4   4   4   4   4   2   2   4   4   2   2   2   4   4
     4   2   4   4   4   4   4   4   4   2]
  [238 319 364 329 295 299 310 324 303 313 299 305 324 292 300 306 294
   340 298 305 285 305 296 300 302 296 301 298 329 300 307 297 298 295
   314 304 298 314 311 303 296 285 296 298 321 320 294 313 303 303 323
   309 332 289 305 303 300 298 339 297 312]]

 [[  4   4   4   4   4   4   4   4   4   4   4   4   2   4   4   4   4
     4   4   4   4   4   4   4   4   4   4   4   4   4   4   4   4   4
     4   4   4   4   4   4   4   4   4   4   4   4   2   4   4   2   4
     4   4   4   4   4   4   4   4   4   4]
  [238 323 327 331 344 327 336 330 326 331 329 331 338 358 367 332 353
   343 355 390 339 338 319 347 332 322 360 366 403 313 311 331 345 322
   338 326 336 363 372 329 342 355 383 336 332 332 329 358 323 317 318
   325 332 330 339 329 322 308 315 377 325]]]
unstable
 
 err: 
done running mariposa 15.8
Bisecting: 130 revisions left to test after this (roughly 7 steps)
[9b4f327e29de8eadd112e53af5a8fb9f430fabf7] set upload mode to replace
running python3 /home/yizhou7/mariposa/scripts/z3-bisect.py /home/yizhou7/mariposa/data/bisect_tasks/d_fvbkv_z3_clean--Betree-BetreeInv.i.dfy.Impl__BetreeInv.__default.InitImpliesInv.txt
building z3
done building z3 3.1
running mariposa
res: 0 
 out: [[[  2   2   2   2   2   2   2   2   2   2   2   2   2   2   2   2   2
     2   2   2   2   2   2   2   2   2   2   2   2   2   2   2   2   2
     2   2   2   2   2   2   2   2   2   2   2   2   2   2   2   2   2
     2   2   2   2   2   2   2   2   2   2]
  [226 314 278 281 281 299 271 366 272 286 277 333 296 279 277 300 295
   276 276 294 276 276 271 276 278 314 339 284 280 271 314 278 279 278
   278 299 275 298 293 274 276 275 275 277 277 297 278 298 273 296 301
   274 276 302 338 300 274 266 266 263 257]]

 [[  2   2   2   2   2   2   2   2   2   2   2   2   2   2   2   2   2
     2   2   2   2   2   2   2   2   2   2   2   2   2   2   2   2   2
     2   2   2   2   2   2   2   2   2   2   2   2   2   2   2   2   2
     2   2   2   2   2   2   2   2   2   2]
  [226 284 285 283 294 284 282 283 297 309 283 285 288 283 293 282 290
   314 338 280 302 282 298 314 302 281 304 322 280 283 309 283 283 283
   282 281 297 314 283 280 315 282 306 280 280 298 281 304 281 292 286
   287 282 282 300 282 283 283 280 281 280]]

 [[  2   2   2   2   2   2   2   2   2   2   2   2   2   2   2   2   2
     2   2   2   2   2   2   2   2   2   2   2   2   2   2   2   2   2
     2   2   2   2   2   2   2   2   2   2   2   2   2   2   2   2   2
     2   2   2   2   2   2   2   2   2   2]
  [226 297 308 323 323 327 346 348 304 311 304 328 311 326 319 316 308
   301 306 307 306 327 306 323 309 307 308 311 306 302 303 304 304 305
   326 331 333 300 305 302 307 323 357 299 306 302 307 303 324 330 307
   319 303 308 304 301 353 305 307 330 309]]]
stable
 
 err: 
done running mariposa 15.4
Bisecting: 65 revisions left to test after this (roughly 6 steps)
[42ac3a536369a7d4a7eafa1fa15b571b146ba594] merge with csp
running python3 /home/yizhou7/mariposa/scripts/z3-bisect.py /home/yizhou7/mariposa/data/bisect_tasks/d_fvbkv_z3_clean--Betree-BetreeInv.i.dfy.Impl__BetreeInv.__default.InitImpliesInv.txt
building z3
done building z3 83.5
running mariposa
res: 0 
 out: [[[  2   2   2   2   2   2   2   2   2   2   2   2   2   2   2   2   2
     2   2   2   2   2   2   2   2   2   2   2   2   2   2   2   2   2
     2   2   2   2   2   2   2   2   2   2   2   2   2   2   2   2   2
     2   2   2   2   2   2   2   2   2   2]
  [226 276 278 324 274 311 320 297 274 280 274 294 299 305 286 293 290
   293 288 272 276 280 274 293 306 305 278 277 284 280 300 300 289 333
   278 280 279 295 277 275 324 275 298 280 330 291 307 298 275 278 277
   289 275 280 290 277 270 270 264 264 260]]

 [[  2   2   2   2   2   2   2   2   2   2   2   2   2   2   2   2   2
     2   2   2   2   2   2   2   2   2   2   2   2   2   2   2   2   2
     2   2   2   2   2   2   2   2   2   2   2   2   2   2   2   2   2
     2   2   2   2   2   2   2   2   2   2]
  [226 285 287 294 287 308 286 342 285 288 284 298 282 282 284 298 286
   319 286 282 289 291 282 294 313 285 297 283 284 307 281 282 284 283
   298 297 297 310 304 284 284 283 286 301 320 312 283 286 283 292 284
   295 284 350 284 306 305 304 282 286 282]]

 [[  2   2   2   2   2   2   2   2   2   2   2   2   2   2   2   2   2
     2   2   2   2   2   2   2   2   2   2   2   2   2   2   2   2   2
     2   2   2   2   2   2   2   2   2   2   2   2   2   2   2   2   2
     2   2   2   2   2   2   2   2   2   2]
  [226 302 306 310 304 344 307 322 310 333 312 304 333 339 324 311 306
   304 351 354 347 324 309 304 319 311 313 301 327 303 307 302 304 327
   322 313 307 324 329 304 305 314 339 307 339 307 343 302 320 351 315
   301 358 378 316 328 302 302 332 330 306]]]
stable
 
 err: 
done running mariposa 15.5
Bisecting: 32 revisions left to test after this (roughly 5 steps)
[b4290d4b3d7c021965e9ce7ee636caac0f9cac74] python regression
running python3 /home/yizhou7/mariposa/scripts/z3-bisect.py /home/yizhou7/mariposa/data/bisect_tasks/d_fvbkv_z3_clean--Betree-BetreeInv.i.dfy.Impl__BetreeInv.__default.InitImpliesInv.txt
building z3
done building z3 73.7
running mariposa
res: 1 
 out: [[[  4   4   4   4   4   4   4   4   4   4   4   4   4   4   4   4   4
     4   4   4   4   4   4   4   4   4   4   4   4   4   4   4   4   4
     4   4   4   4   4   4   4   4   4   4   4   4   4   4   4   4   4
     4   4   4   4   4   4   4   4   4   4]
  [240 293 310 290 292 294 309 292 341 290 312 295 324 291 295 292 324
   288 300 322 297 290 290 346 306 323 337 336 297 297 292 287 294 307
   296 294 315 293 313 295 327 293 295 295 290 316 292 295 320 295 296
   296 311 309 292 319 288 288 281 266 263]]

 [[  4   4   4   4   4   4   4   2   2   4   4   4   4   4   4   4   4
     4   4   4   4   4   4   4   4   4   4   4   4   4   4   4   4   4
     4   2   4   4   4   4   4   4   4   4   4   4   4   4   4   4   4
     4   4   4   2   4   4   4   4   4   4]
  [240 321 297 334 297 307 330 296 295 303 296 295 323 310 350 296 300
   317 322 298 300 289 320 324 309 327 302 300 332 311 308 320 306 346
   310 292 315 298 328 299 308 326 332 319 317 328 310 306 312 305 317
   304 299 300 292 310 314 301 319 340 336]]

 [[  4   2   2   2   4   4   4   4   2   4   4   4   4   4   4   4   4
     4   4   4   4   4   4   4   4   4   4   4   4   2   4   4   4   2
     4   4   4   4   4   4   4   4   4   2   4   4   4   4   4   4   4
     4   2   4   2   4   2   4   4   4   4]
  [240 322 326 356 333 366 342 350 319 324 326 314 350 326 326 328 320
   325 322 322 347 345 319 347 337 343 349 342 343 329 321 304 325 381
   339 339 322 325 321 347 331 307 362 329 322 357 323 350 363 334 318
   355 348 320 319 347 320 331 327 322 345]]]
unstable
 
 err: 
done running mariposa 15.9
Bisecting: 16 revisions left to test after this (roughly 4 steps)
[0f7ff2a3d016ce6cc0dcc2654a6aa0187bc55192] swap
running python3 /home/yizhou7/mariposa/scripts/z3-bisect.py /home/yizhou7/mariposa/data/bisect_tasks/d_fvbkv_z3_clean--Betree-BetreeInv.i.dfy.Impl__BetreeInv.__default.InitImpliesInv.txt
building z3
done building z3 84.1
running mariposa
res: 1 
 out: [[[  4   4   4   4   4   4   4   4   4   4   4   4   4   4   4   4   4
     4   4   4   4   4   4   4   4   4   4   4   4   4   4   4   4   4
     4   4   4   4   4   4   4   4   4   4   4   4   4   4   4   4   4
     4   4   4   4   4   4   4   4   4   4]
  [231 335 294 292 322 291 285 294 314 330 318 330 304 293 289 290 287
   337 285 330 328 306 306 311 312 315 289 308 287 284 307 310 313 285
   308 281 311 314 348 303 302 302 283 290 288 307 319 287 287 314 289
   283 318 287 338 284 280 274 280 274 279]]

 [[  4   4   4   4   4   4   4   4   4   4   4   4   4   4   4   4   4
     4   4   4   4   4   4   4   4   4   4   4   4   4   4   4   4   4
     4   4   4   4   4   4   4   4   4   4   4   4   4   4   4   4   4
     4   4   4   4   4   4   4   4   4   4]
  [231 291 311 292 302 291 291 326 287 313 314 293 290 331 294 288 336
   290 291 291 297 302 291 311 310 289 290 287 289 323 293 290 292 290
   288 287 288 301 293 289 293 290 287 292 323 312 340 311 286 311 343
   305 294 289 290 324 314 295 290 291 306]]

 [[  4   4   4   4   4   4   4   4   4   4   4   4   4   4   4   4   4
     4   4   4   4   4   4   4   4   4   4   4   4   4   4   4   4   4
     4   4   4   4   4   4   4   4   4   4   4   4   4   4   4   4   4
     4   4   4   4   4   4   4   4   4   4]
  [231 317 316 319 319 315 369 385 316 323 322 320 333 331 318 317 339
   319 316 324 322 357 332 314 322 345 337 358 316 320 322 329 315 324
   323 347 317 316 316 321 337 322 317 317 344 314 320 320 320 370 324
   316 314 340 339 315 350 320 322 326 337]]]
unsolvable
 
 err: 
done running mariposa 15.7
Bisecting: 7 revisions left to test after this (roughly 3 steps)
[d17248821ad047f889237ce20b6bdaa1465ceff9] include chronological backtracking, two-phase sat, xor inprocessing, probsat, ddfw
running python3 /home/yizhou7/mariposa/scripts/z3-bisect.py /home/yizhou7/mariposa/data/bisect_tasks/d_fvbkv_z3_clean--Betree-BetreeInv.i.dfy.Impl__BetreeInv.__default.InitImpliesInv.txt
building z3
done building z3 84.0
running mariposa
res: 0 
 out: [[[  2   2   2   2   2   2   2   2   2   2   2   2   2   2   2   2   2
     2   2   2   2   2   2   2   2   2   2   2   2   2   2   2   2   2
     2   2   2   2   2   2   2   2   2   2   2   2   2   2   2   2   2
     2   2   2   2   2   2   2   2   2   2]
  [224 272 281 278 306 303 298 270 300 273 302 276 274 280 279 293 277
   277 277 291 272 287 281 272 295 295 302 276 277 313 271 278 303 277
   299 275 276 301 279 301 276 294 276 280 296 278 277 299 274 295 303
   313 279 274 294 273 272 268 270 258 263]]

 [[  2   2   2   2   2   2   2   2   2   2   2   2   2   2   2   2   2
     2   2   2   2   2   2   2   2   2   2   2   2   2   2   2   2   2
     2   2   2   2   2   2   2   2   2   2   2   2   2   2   2   2   2
     2   2   2   2   2   2   2   2   2   2]
  [224 283 318 283 301 308 282 326 286 301 282 284 288 286 302 303 313
   307 282 286 293 309 283 287 282 281 284 310 336 282 304 327 306 281
   306 281 312 283 303 282 303 301 307 324 325 284 283 313 282 294 288
   307 287 282 355 280 309 283 313 302 321]]

 [[  2   2   2   2   2   2   2   2   2   2   2   2   2   2   2   2   2
     2   2   2   2   2   2   2   2   2   2   2   2   2   2   2   2   2
     2   2   2   2   2   2   2   2   2   2   2   2   2   2   2   2   2
     2   2   2   2   2   2   2   2   2   2]
  [224 312 312 313 315 310 314 325 310 312 312 308 316 306 315 304 305
   303 331 306 320 330 298 307 302 358 357 346 318 306 305 306 307 302
   307 317 311 302 311 325 321 337 305 303 304 351 313 302 308 359 303
   327 326 358 314 338 339 303 309 311 305]]]
stable
 
 err: 
done running mariposa 15.5
Bisecting: 3 revisions left to test after this (roughly 2 steps)
[ec1653fdff146ff8d1b3b2281e875494f4fc3a96] Merge pull request #2345 from schedutron/master
running python3 /home/yizhou7/mariposa/scripts/z3-bisect.py /home/yizhou7/mariposa/data/bisect_tasks/d_fvbkv_z3_clean--Betree-BetreeInv.i.dfy.Impl__BetreeInv.__default.InitImpliesInv.txt
building z3
done building z3 18.4
running mariposa
res: 0 
 out: [[[  2   2   2   2   2   2   2   2   2   2   2   2   2   2   2   2   2
     2   2   2   2   2   2   2   2   2   2   2   2   2   2   2   2   2
     2   2   2   2   2   2   2   2   2   2   2   2   2   2   2   2   2
     2   2   2   2   2   2   2   2   2   2]
  [227 275 282 281 292 281 283 276 276 303 290 297 275 293 327 280 282
   281 298 281 290 278 292 276 279 283 315 290 278 340 277 284 287 278
   324 276 320 310 290 286 297 280 308 282 306 279 281 271 278 278 287
   275 295 281 275 287 273 276 278 278 232]]

 [[  2   2   2   2   2   2   2   2   2   2   2   2   2   2   2   2   2
     2   2   2   2   2   2   2   2   2   2   2   2   2   2   2   2   2
     2   2   2   2   2   2   2   2   2   2   2   2   2   2   2   2   2
     2   2   2   2   2   2   2   2   2   2]
  [227 284 307 310 284 289 313 320 286 288 305 288 285 306 299 285 283
   285 285 284 286 286 303 329 287 285 285 284 310 286 283 287 307 287
   283 286 285 316 347 304 298 287 304 283 283 314 283 308 288 286 315
   287 308 285 313 286 285 286 314 284 284]]

 [[  2   2   2   2   2   2   2   2   2   2   2   2   2   2   2   2   2
     2   2   2   2   2   2   2   2   2   2   2   2   2   2   2   2   2
     2   2   2   2   2   2   2   2   2   2   2   2   2   2   2   2   2
     2   2   2   2   2   2   2   2   2   2]
  [227 306 323 307 308 308 324 322 310 328 311 307 315 323 325 306 331
   315 305 314 307 359 328 307 309 304 323 377 367 303 300 300 328 359
   336 307 309 315 306 306 318 308 353 303 327 306 303 328 325 305 309
   306 333 306 302 311 321 312 308 322 331]]]
stable
 
 err: 
done running mariposa 15.5
Bisecting: 1 revision left to test after this (roughly 1 step)
[f3b79087eef389011fa90eefcf64b987bed54a9d] add default tactic as option to overwrite the behavior of strategic solver factory
running python3 /home/yizhou7/mariposa/scripts/z3-bisect.py /home/yizhou7/mariposa/data/bisect_tasks/d_fvbkv_z3_clean--Betree-BetreeInv.i.dfy.Impl__BetreeInv.__default.InitImpliesInv.txt
building z3
done building z3 4.5
running mariposa
res: 1 
 out: [[[  4   4   4   4   4   4   4   4   4   4   4   4   4   4   4   4   4
     4   4   4   4   4   4   4   4   4   4   4   4   4   4   4   4   4
     4   4   4   4   4   4   4   4   4   4   4   4   4   4   4   4   4
     4   4   4   4   4   4   4   4   4   4]
  [236 304 306 290 377 309 288 289 304 300 288 314 287 323 299 292 310
   302 294 285 310 284 317 301 293 293 293 351 288 291 285 319 339 289
   289 308 326 310 351 285 312 322 288 293 299 310 344 286 286 308 357
   287 294 290 313 285 282 304 308 270 258]]

 [[  4   4   4   4   4   4   4   4   4   4   4   4   4   4   4   4   4
     4   4   4   4   4   4   4   4   4   4   4   4   4   4   4   4   4
     4   4   4   4   4   4   4   4   4   4   4   4   4   4   4   4   4
     4   4   4   4   4   4   4   4   4   4]
  [236 289 355 356 292 292 318 293 291 290 299 293 291 336 319 292 290
   293 291 380 298 340 289 293 295 291 292 292 323 288 314 289 292 294
   293 289 306 290 303 320 292 308 290 296 325 330 295 293 291 299 298
   293 315 340 293 287 300 293 291 311 288]]

 [[  4   4   4   4   4   4   4   4   4   4   4   4   4   4   4   4   4
     4   4   4   4   4   4   4   4   4   4   4   4   4   4   4   4   4
     4   4   4   4   4   4   4   4   4   4   4   4   4   4   4   4   4
     4   4   4   4   4   4   4   4   4   4]
  [236 318 343 321 328 318 333 335 324 321 322 325 343 318 344 320 354
   318 318 334 335 364 315 323 331 338 330 325 317 355 325 320 317 330
   335 379 316 319 317 316 315 376 349 315 317 350 345 320 359 371 342
   316 323 318 345 318 350 323 325 320 340]]]
unsolvable
 
 err: 
done running mariposa 15.9
Bisecting: 0 revisions left to test after this (roughly 0 steps)
[1e770af1cc04f85a8d7a990ba0c9c4e433b83fa8] local sort
running python3 /home/yizhou7/mariposa/scripts/z3-bisect.py /home/yizhou7/mariposa/data/bisect_tasks/d_fvbkv_z3_clean--Betree-BetreeInv.i.dfy.Impl__BetreeInv.__default.InitImpliesInv.txt
building z3
done building z3 3.1
running mariposa
res: 1 
 out: [[[  4   4   4   4   4   4   4   4   4   4   4   4   4   4   4   4   4
     4   4   4   4   4   4   4   4   4   4   4   4   4   4   4   4   4
     4   4   4   4   4   4   4   4   4   4   4   4   4   4   4   4   4
     4   4   4   4   4   4   4   4   4   4]
  [233 331 288 295 291 369 290 284 284 309 338 293 317 304 309 308 294
   285 297 284 305 285 286 286 290 325 288 323 292 291 317 312 291 335
   308 286 291 288 302 311 304 296 321 290 291 301 297 351 295 291 289
   290 295 287 319 344 279 275 279 278 272]]

 [[  4   4   4   4   4   4   4   4   4   4   4   4   4   4   4   4   4
     4   4   4   4   4   4   4   4   4   4   4   4   4   4   4   4   4
     4   4   4   4   4   4   4   4   4   4   4   4   4   4   4   4   4
     4   4   4   4   4   4   4   4   4   4]
  [233 290 290 317 292 303 292 294 289 290 297 293 291 313 329 291 290
   290 291 290 293 356 289 292 290 295 290 337 288 288 313 310 293 292
   290 287 300 288 303 293 290 335 295 290 290 297 288 329 312 307 285
   323 331 305 336 287 295 300 305 314 285]]

 [[  4   4   4   4   4   4   4   4   4   4   4   4   4   4   4   4   4
     4   4   4   4   4   4   4   4   4   4   4   4   4   4   4   4   4
     4   4   4   4   4   4   4   4   4   4   4   4   4   4   4   4   4
     4   4   4   4   4   4   4   4   4   4]
  [233 320 316 353 320 320 321 359 316 313 315 343 360 378 326 316 317
   317 333 319 344 338 317 316 353 361 327 322 325 318 316 312 344 331
   315 323 324 316 314 344 316 357 340 325 355 314 317 353 324 332 346
   319 318 327 340 320 339 339 316 361 353]]]
unsolvable
 
 err: 
done running mariposa 15.7
1e770af1cc04f85a8d7a990ba0c9c4e433b83fa8 is the first bad commit
commit 1e770af1cc04f85a8d7a990ba0c9c4e433b83fa8
Author: Nikolaj Bjorner <nbjorner@microsoft.com>
Date:   Fri Jun 14 09:29:41 2019 -0700

    local sort
    
    Signed-off-by: Nikolaj Bjorner <nbjorner@microsoft.com>

:040000 040000 0a3c7d7a39c8bafde7c0d96e40f38d5126f0b425 d2abe755e1f95482eb3e83cc96b729db2bab8fda M	src
bisect run success
git bisect start
# good: [e79542cc689d52ec4cb34ce4ae3fbe56e7a0bf70] fix #2309
git bisect good e79542cc689d52ec4cb34ce4ae3fbe56e7a0bf70
# bad: [ad55a1f1c617a7f0c3dd735c0780fc758424c7f1] Update release.yml for Azure Pipelines
git bisect bad ad55a1f1c617a7f0c3dd735c0780fc758424c7f1
# skip: [e2702f3ae88f5c48a55f4473bb5c29184c182634] fixes in assigning constraints to intervals
git bisect skip e2702f3ae88f5c48a55f4473bb5c29184c182634
# skip: [1915812f84cf41a5f232eedf2a695a54d055aa88] add a test for intervals
git bisect skip 1915812f84cf41a5f232eedf2a695a54d055aa88
# bad: [8faf35e2e0c8fce99794e71bd3b5de74b95ceb5a] fix #3735
git bisect bad 8faf35e2e0c8fce99794e71bd3b5de74b95ceb5a
# skip: [d1a5635b4ad7f8632356b380f3a9b1fc83fdb04f] better model based lemmaas
git bisect skip d1a5635b4ad7f8632356b380f3a9b1fc83fdb04f
# skip: [0a86bd14f792ef5fadb8eeb346729a612f7e1588] start on test nla
git bisect skip 0a86bd14f792ef5fadb8eeb346729a612f7e1588
# bad: [f7747d9e76bd685a02ce5c5fbda91fc356856b5e] fix parameter collection for tactic-based solvers reported in #3065
git bisect bad f7747d9e76bd685a02ce5c5fbda91fc356856b5e
# skip: [0644194fc96a853df44c37f9e4522796aa40add8] work on lemma from product to factors, and some renaming
git bisect skip 0644194fc96a853df44c37f9e4522796aa40add8
# bad: [0321312c8db1d3f0edbd23e6e48884fbb7d77d1d] Changed to get_const_interp to match Java and C# bindings
git bisect bad 0321312c8db1d3f0edbd23e6e48884fbb7d77d1d
# bad: [6e637348826f0725ba8a01c455448023ca2889e4] Merge pull request #2368 from waywardmonkeys/fix-typo
git bisect bad 6e637348826f0725ba8a01c455448023ca2889e4
# good: [9b4f327e29de8eadd112e53af5a8fb9f430fabf7] set upload mode to replace
git bisect good 9b4f327e29de8eadd112e53af5a8fb9f430fabf7
# good: [42ac3a536369a7d4a7eafa1fa15b571b146ba594] merge with csp
git bisect good 42ac3a536369a7d4a7eafa1fa15b571b146ba594
# bad: [b4290d4b3d7c021965e9ce7ee636caac0f9cac74] python regression
git bisect bad b4290d4b3d7c021965e9ce7ee636caac0f9cac74
# bad: [0f7ff2a3d016ce6cc0dcc2654a6aa0187bc55192] swap
git bisect bad 0f7ff2a3d016ce6cc0dcc2654a6aa0187bc55192
# good: [d17248821ad047f889237ce20b6bdaa1465ceff9] include chronological backtracking, two-phase sat, xor inprocessing, probsat, ddfw
git bisect good d17248821ad047f889237ce20b6bdaa1465ceff9
# good: [ec1653fdff146ff8d1b3b2281e875494f4fc3a96] Merge pull request #2345 from schedutron/master
git bisect good ec1653fdff146ff8d1b3b2281e875494f4fc3a96
# bad: [f3b79087eef389011fa90eefcf64b987bed54a9d] add default tactic as option to overwrite the behavior of strategic solver factory
git bisect bad f3b79087eef389011fa90eefcf64b987bed54a9d
# bad: [1e770af1cc04f85a8d7a990ba0c9c4e433b83fa8] local sort
git bisect bad 1e770af1cc04f85a8d7a990ba0c9c4e433b83fa8
# first bad commit: [1e770af1cc04f85a8d7a990ba0c9c4e433b83fa8] local sort
