running python3 /home/yizhou7/mariposa/scripts/z3-bisect.py /home/yizhou7/mariposa/data/bisect_tasks/d_fvbkv_z3_clean--lib-Buckets-BucketImpl.i.dfy.Impl__BucketImpl.MutBucket.ISeqInduction.txt
building z3
Bisecting: 1453 revisions left to test after this (roughly 11 steps)
[1915812f84cf41a5f232eedf2a695a54d055aa88] add a test for intervals
running python3 /home/yizhou7/mariposa/scripts/z3-bisect.py /home/yizhou7/mariposa/data/bisect_tasks/d_fvbkv_z3_clean--lib-Buckets-BucketImpl.i.dfy.Impl__BucketImpl.MutBucket.ISeqInduction.txt
building z3
Bisecting: 1453 revisions left to test after this (roughly 11 steps)
[8faf35e2e0c8fce99794e71bd3b5de74b95ceb5a] fix #3735
running python3 /home/yizhou7/mariposa/scripts/z3-bisect.py /home/yizhou7/mariposa/data/bisect_tasks/d_fvbkv_z3_clean--lib-Buckets-BucketImpl.i.dfy.Impl__BucketImpl.MutBucket.ISeqInduction.txt
building z3
done building z3 3.3
running mariposa
res: 1 
 out: [[[    2     2     2     2     2     2     2     2     2     2     2
       2     2     2     2     2     2     2     2     2     2     2
       2     2     2     2     2     2     2     2     2     2     2
       2     2     2     2     2     2     2     2     2     2     2
       2     2     2     2     2     2     2     2     2     2     2
       2     2     3     3     3     3]
  [  825  1297  1070  1188  1273  1618  1109  1093  1294  3387  1820
    1578  1441  1236  1438  1632  4272  4216   585  1794  1329  1233
    1314  1940  1151  6579   633  1962  1830   545  1427  1276  1146
    1423   597  1821  1317  1447  1229   634  1268  3869 12758  1201
     617  1978  2975  1415   575  1522  1594  2710 28973  1982  1397
    1946 45960 60018 60033 60016 60013]]

 [[    2     2     2     2     2     2     2     2     2     2     2
       2     2     2     2     2     2     2     2     2     2     2
       2     2     2     2     2     2     2     2     2     2     2
       2     2     2     2     2     2     2     2     2     2     2
       2     2     2     2     2     2     2     2     2     2     2
       2     2     2     3     3     3]
  [  825   638  1738  1592   638   666  3048  1239  1354  1233   613
    9901  1304   614  1415   758   572  1144  5361  1370  1463   699
     548  3815   685  1502  2639   534  7342  1075   603  2272  2425
     534   529  1516   862   641   539  1289  1703   671  4036  5271
    1240   605  1826   636   724  1204   799 24039  1429   753  3541
    1228  1278  9354 60050 60019 60041]]

 [[    2     2     2     2     2     2     2     2     2     2     2
       2     2     2     2     2     2     2     2     2     2     2
       2     2     2     2     2     2     2     2     2     2     3
       3     2     3     2     2     2     2     3     2     2     3
       2     2     2     2     2     3     2     2     2     2     2
       2     3     3     3     3     3]
  [  825   543   603   622   816  1379   661   672  2249   607   867
    1069   693   869   643  1430  1586   788  8758  4075  4193   759
     825   720   628  2047 20364   709  1536   701   753  9321 60015
   60028   655 60014   709  1307  1350   640 60012   774  1010 60013
     662   647   697   624   808 60017   785 41462   779  3632   692
    1392 60031 60038 60015 60039 60036]]]
unstable
 
 err: 
done running mariposa 267.7
Bisecting: 1254 revisions left to test after this (roughly 10 steps)
[d1a5635b4ad7f8632356b380f3a9b1fc83fdb04f] better model based lemmaas
running python3 /home/yizhou7/mariposa/scripts/z3-bisect.py /home/yizhou7/mariposa/data/bisect_tasks/d_fvbkv_z3_clean--lib-Buckets-BucketImpl.i.dfy.Impl__BucketImpl.MutBucket.ISeqInduction.txt
building z3
Bisecting: 1254 revisions left to test after this (roughly 10 steps)
[0a86bd14f792ef5fadb8eeb346729a612f7e1588] start on test nla
running python3 /home/yizhou7/mariposa/scripts/z3-bisect.py /home/yizhou7/mariposa/data/bisect_tasks/d_fvbkv_z3_clean--lib-Buckets-BucketImpl.i.dfy.Impl__BucketImpl.MutBucket.ISeqInduction.txt
building z3
Bisecting: 1254 revisions left to test after this (roughly 10 steps)
[f7747d9e76bd685a02ce5c5fbda91fc356856b5e] fix parameter collection for tactic-based solvers reported in #3065
running python3 /home/yizhou7/mariposa/scripts/z3-bisect.py /home/yizhou7/mariposa/data/bisect_tasks/d_fvbkv_z3_clean--lib-Buckets-BucketImpl.i.dfy.Impl__BucketImpl.MutBucket.ISeqInduction.txt
building z3
done building z3 3.3
running mariposa
res: 1 
 out: [[[    2     2     2     2     2     2     2     2     2     2     2
       2     2     2     2     2     2     2     2     2     2     2
       2     2     2     2     2     2     2     2     2     2     2
       2     2     2     2     2     2     2     2     2     2     2
       2     2     2     2     3     2     2     2     2     2     2
       3     2     3     3     3     3]
  [  986  1275  1702   552  3851   885  2039   566  1415  1161  1134
     589   775   542   613   590   684  5454   923  2434   575  1452
    2445  1305  1294  1517  3384   555   559  1158  1346  7539   891
    1280   615  3718  1525   522  1268   516   521  1288  2999   542
    1325  2558  1202 15575 60019  2007   693  1125  5722   954  5470
   60018   898 60015 60040 60016 60015]]

 [[    2     2     2     2     2     2     2     2     2     2     2
       2     2     2     2     2     2     2     2     2     2     2
       2     2     2     3     2     2     2     2     2     2     2
       3     2     2     2     2     2     2     2     2     2     2
       2     2     2     2     2     2     2     2     2     2     2
       3     3     3     3     3     3]
  [  986  1365   595  1000   584   742  1020 11475  1250  3873   625
     987   625  5067   635  1610   588  1439  1094   640  1456  1364
     587   596  2740 60015  1431  1385   652   598   554  1264   542
   60018   552  1557  2357   594  1445   620  3398  2960   547   538
     575  3037  1253   558   589  3218   641  1043  1404  5554   760
   60019 60048 60046 60068 60045 60019]]

 [[    2     2     2     2     2     2     2     2     2     2     2
       2     2     2     2     2     2     2     2     2     2     2
       2     2     2     2     2     3     3     3     2     2     2
       2     3     2     2     2     2     2     2     3     2     2
       2     2     2     2     2     2     2     2     2     2     2
       2     3     3     3     3     3]
  [  986   627   707   705   951  1308   671  2253  1355  1794  1661
    1149   965   726  3888  2904  2680   939  7419  1316  3182   692
    7481  1768 51591   665  1108 60014 60026 60028   695   901   720
    1493 60018  3209  1774  7461  1165   708   589 60018  1048   668
     855   635   642   567  1409   655  1263  1240   972  1494  1022
    1959 60017 60019 60016 60027 60015]]]
unstable
 
 err: 
done running mariposa 282.9
Bisecting: 1034 revisions left to test after this (roughly 10 steps)
[0644194fc96a853df44c37f9e4522796aa40add8] work on lemma from product to factors, and some renaming
running python3 /home/yizhou7/mariposa/scripts/z3-bisect.py /home/yizhou7/mariposa/data/bisect_tasks/d_fvbkv_z3_clean--lib-Buckets-BucketImpl.i.dfy.Impl__BucketImpl.MutBucket.ISeqInduction.txt
building z3
Bisecting: 1034 revisions left to test after this (roughly 10 steps)
[0321312c8db1d3f0edbd23e6e48884fbb7d77d1d] Changed to get_const_interp to match Java and C# bindings
running python3 /home/yizhou7/mariposa/scripts/z3-bisect.py /home/yizhou7/mariposa/data/bisect_tasks/d_fvbkv_z3_clean--lib-Buckets-BucketImpl.i.dfy.Impl__BucketImpl.MutBucket.ISeqInduction.txt
building z3
done building z3 3.3
running mariposa
res: 1 
 out: [[[    2     2     2     2     2     2     2     2     2     2     2
       2     2     2     2     2     2     2     2     2     2     2
       2     2     2     3     3     2     2     2     2     2     2
       2     2     2     2     2     2     2     2     2     2     2
       2     2     2     2     2     3     2     2     2     2     2
       2     3     3     3     2     3]
  [  936   634   576   568  2901   960   613  2855   647   614 30715
     572   632   537   808   630  5920   616   957   593  5970   561
    1087  2386   629 60017 60017  2305   671   762 30672   806  1204
    5135  1728  1229  1321   677   591 11374  1507  4315   543   620
    1765   712   575   552   667 60018   585  4070  1321   571   568
     702 60027 60041 60017 26531 60030]]

 [[    2     2     2     2     2     2     2     2     2     2     2
       2     2     2     2     2     2     2     2     2     2     2
       2     2     2     2     2     2     2     2     2     2     2
       2     2     2     2     2     2     2     2     2     2     2
       2     2     2     2     2     2     2     2     2     2     2
       2     2     2     3     3     3]
  [  936  1578   649  1763   511  2385   617   513  1400  1195  5889
     499  3449   530   871  6992  2230   544   496   509  3163   488
    1049  3978   934  2075   479  3798   515  1024  6907  1622 12338
     506  6559 13061   514   602   787  2015  4446  1400   684  1027
    1185 46769  2082   496   822 12596   486   538   573  1038  7768
    4621  1419 25800 60016 60017 60049]]

 [[    2     2     2     2     2     2     2     2     2     2     2
       2     2     2     2     2     2     2     2     2     2     2
       2     2     2     2     2     2     2     2     3     3     3
       2     2     2     2     2     3     2     2     2     2     2
       3     2     2     3     2     2     2     2     2     2     2
       2     2     3     2     3     3]
  [  936   500   601   555  1425   534   599  1677   537   957  1114
     641  2807  5185   577  1319   550   552  4653   552   813   725
     552   554   555   667   575   787   556 18881 60014 60015 60016
     580  3200  1772   606  3528 60014   577   588   610  2393   681
   60016  2099   583 60016  1280   689   594  1918   657   618   635
     565  6522 60052 34920 60013 60017]]]
unstable
 
 err: 
done running mariposa 256.9
Bisecting: 261 revisions left to test after this (roughly 8 steps)
[6e637348826f0725ba8a01c455448023ca2889e4] Merge pull request #2368 from waywardmonkeys/fix-typo
running python3 /home/yizhou7/mariposa/scripts/z3-bisect.py /home/yizhou7/mariposa/data/bisect_tasks/d_fvbkv_z3_clean--lib-Buckets-BucketImpl.i.dfy.Impl__BucketImpl.MutBucket.ISeqInduction.txt
building z3
done building z3 3.2
running mariposa
res: 1 
 out: [[[    2     2     2     2     2     2     2     2     2     2     2
       2     2     2     2     2     2     2     2     2     2     3
       2     2     2     2     2     2     2     2     2     2     2
       2     2     2     2     2     2     3     2     2     3     2
       2     2     2     2     2     2     3     2     2     2     2
       3     3     2     3     3     3]
  [10231   879   605   909   616  1649  1185  7169  1532   797   742
     603   993   945  1920  1401  1233   639   696 46785   936 60017
    1365   852   547 59808  3843  1465  1256 13176   837   627  1497
    1485  1238   644  2069   642  1315 60018  1469  1344 60017   768
    1251   801   909   643   646   592 60019   599  1692   619   650
   60017 60036 42171 60063 60036 60016]]

 [[    2     2     2     2     2     2     2     2     2     2     2
       2     2     2     2     2     2     2     2     2     2     2
       2     2     2     2     2     2     2     2     2     2     2
       2     2     2     2     2     2     2     2     2     2     2
       2     2     2     2     2     2     2     2     2     2     2
       2     2     3     2     3     3]
  [10231  1003   594   501   502   483  1116   920   583   545   809
     484   846   580   673  1116   797  3409  1339  3020  2346  4435
     547  1239 14672  1757  2737  1491   669  2230   892   540  1836
     517  3373  1636  5430  1685  1425  1118  1268  1338  1455   656
     543   580   564  4016  2469   505  1580  6069   586  1232   500
    1533  2284 60055 29751 60015 60053]]

 [[    2     2     2     2     2     2     2     2     2     2     2
       2     2     2     2     2     2     2     2     3     3     3
       3     2     2     2     2     2     2     2     2     2     2
       2     2     2     2     2     2     2     2     3     2     2
       2     2     2     2     3     2     2     3     2     2     2
       2     2     3     3     3     3]
  [10231   506   503   505   676  2102   627  5637  7987  3842  1730
    1821   573  1068  4680   624   613  2540  5071 60015 60014 60014
   60014   590   634   552   888  1405   592  2090   627   752  1349
    1127   926  1676   908  1451   919   570  2051 60051  1036   567
    1416  1316   588  2809 60017   573   563 60050   586 28852 12049
   11674  2630 60016 60025 60020 60016]]]
unstable
 
 err: 
done running mariposa 307.9
Bisecting: 130 revisions left to test after this (roughly 7 steps)
[9b4f327e29de8eadd112e53af5a8fb9f430fabf7] set upload mode to replace
running python3 /home/yizhou7/mariposa/scripts/z3-bisect.py /home/yizhou7/mariposa/data/bisect_tasks/d_fvbkv_z3_clean--lib-Buckets-BucketImpl.i.dfy.Impl__BucketImpl.MutBucket.ISeqInduction.txt
building z3
done building z3 3.1
running mariposa
res: 0 
 out: [[[  2   2   2   2   2   2   2   2   2   2   2   2   2   2   2   2   2
     2   2   2   2   2   2   2   2   2   2   2   2   2   2   2   2   2
     2   2   2   2   2   2   2   2   2   2   2   2   2   2   2   2   2
     2   2   2   2   2   2   2   2   2   2]
  [336 432 416 419 417 412 431 414 416 419 450 432 425 421 413 417 415
   454 443 446 416 419 411 439 421 417 454 448 414 414 416 419 448 439
   462 441 419 439 417 445 439 421 434 418 433 419 475 438 435 420 436
   416 439 445 457 452 411 405 404 398 394]]

 [[  2   2   2   2   2   2   2   2   2   2   2   2   2   2   2   2   2
     2   2   2   2   2   2   2   2   2   2   2   2   2   2   2   2   2
     2   2   2   2   2   2   2   2   2   2   2   2   2   2   2   2   2
     2   2   2   2   2   2   2   2   2   2]
  [336 422 443 499 447 425 438 448 422 421 422 423 440 425 459 422 425
   452 423 428 424 454 421 421 422 428 426 421 422 437 476 418 426 442
   423 426 421 443 446 424 453 421 424 419 440 449 424 425 426 451 431
   424 449 423 423 425 422 422 421 466 441]]

 [[  2   2   2   2   2   2   2   2   2   2   2   2   2   2   2   2   2
     2   2   2   2   2   2   2   2   2   2   2   2   2   2   2   2   2
     2   2   2   2   2   2   2   2   2   2   2   2   2   2   2   2   2
     2   2   2   2   2   2   2   2   2   2]
  [336 465 468 466 495 502 509 512 470 490 474 476 476 476 502 471 483
   512 492 475 486 478 467 462 513 489 476 493 485 464 495 466 470 510
   507 523 471 469 474 479 483 471 492 473 468 484 468 478 481 472 492
   480 476 483 474 485 501 469 465 494 487]]]
stable
 
 err: 
done running mariposa 22.5
Bisecting: 65 revisions left to test after this (roughly 6 steps)
[42ac3a536369a7d4a7eafa1fa15b571b146ba594] merge with csp
running python3 /home/yizhou7/mariposa/scripts/z3-bisect.py /home/yizhou7/mariposa/data/bisect_tasks/d_fvbkv_z3_clean--lib-Buckets-BucketImpl.i.dfy.Impl__BucketImpl.MutBucket.ISeqInduction.txt
building z3
done building z3 3.2
running mariposa
res: 0 
 out: [[[  2   2   2   2   2   2   2   2   2   2   2   2   2   2   2   2   2
     2   2   2   2   2   2   2   2   2   2   2   2   2   2   2   2   2
     2   2   2   2   2   2   2   2   2   2   2   2   2   2   2   2   2
     2   2   2   2   2   2   2   2   2   2]
  [336 415 415 414 433 427 416 417 430 418 418 421 426 420 417 419 447
   415 419 449 434 417 418 437 439 411 465 419 415 437 415 437 421 417
   448 446 442 414 493 418 417 490 415 449 412 416 431 502 439 421 414
   416 418 451 436 418 408 405 400 404 394]]

 [[  2   2   2   2   2   2   2   2   2   2   2   2   2   2   2   2   2
     2   2   2   2   2   2   2   2   2   2   2   2   2   2   2   2   2
     2   2   2   2   2   2   2   2   2   2   2   2   2   2   2   2   2
     2   2   2   2   2   2   2   2   2   2]
  [336 426 457 425 424 466 464 446 420 469 471 426 428 425 469 445 424
   424 423 423 424 437 441 425 454 428 441 424 422 424 429 424 425 440
   424 447 423 425 426 425 421 445 424 426 422 444 423 424 460 440 420
   453 485 444 439 450 439 444 426 427 435]]

 [[  2   2   2   2   2   2   2   2   2   2   2   2   2   2   2   2   2
     2   2   2   2   2   2   2   2   2   2   2   2   2   2   2   2   2
     2   2   2   2   2   2   2   2   2   2   2   2   2   2   2   2   2
     2   2   2   2   2   2   2   2   2   2]
  [336 466 494 473 470 485 498 545 474 488 493 470 493 479 491 468 500
   472 467 499 506 523 467 462 471 511 500 470 517 481 474 475 516 474
   488 476 467 476 498 482 492 477 484 469 466 472 490 473 484 507 469
   474 474 484 482 486 514 474 475 469 467]]]
stable
 
 err: 
done running mariposa 22.5
Bisecting: 32 revisions left to test after this (roughly 5 steps)
[b4290d4b3d7c021965e9ce7ee636caac0f9cac74] python regression
running python3 /home/yizhou7/mariposa/scripts/z3-bisect.py /home/yizhou7/mariposa/data/bisect_tasks/d_fvbkv_z3_clean--lib-Buckets-BucketImpl.i.dfy.Impl__BucketImpl.MutBucket.ISeqInduction.txt
building z3
done building z3 3.2
running mariposa
res: 1 
 out: [[[    3     2     2     2     2     2     2     2     2     2     2
       2     2     2     2     2     2     2     2     2     2     2
       2     2     3     2     2     3     2     2     2     2     2
       2     2     3     2     2     3     2     2     2     3     2
       3     2     2     2     3     2     2     2     2     2     2
       3     3     3     3     3     3]
  [60011   549   504  4229  2500   541   555   525   568   562  1830
     581   503   513  1454   532  1477   548   499   517   505   524
     530   591 60016  1733   708 60016   497   488  1221   494   580
    1107   623 60017   559   620 60018   555   624   602 60021   506
   60015   522   534   495 60015   574  1448   541   511   508   523
   60040 60013 60016 60013 60014 60013]]

 [[    3     2     2     2     2     2     2     2     2     2     2
       2     2     2     2     2     2     2     2     2     2     3
       3     2     2     2     2     3     3     2     2     2     2
       3     2     2     3     2     2     2     2     3     2     3
       2     3     2     2     2     2     3     3     2     3     3
       2     3     3     3     3     3]
  [60011  1656   491  1186  1316  2098   502  1606  3730  3478  3516
     507 18176  1288   692  1403  3764   496   806   578   544 60017
   60016  2333  6771   571  1390 60018 60017  1073  1413   753   520
   60014   486   567 60016  1009  5475  1554  1290 60015   571 60016
    1216 60048   570   561   512  7160 60017 60026   545 60016 60016
    3334 60019 60015 60058 60043 60015]]

 [[    3     2     2     2     2     2     2     2     2     2     2
       2     2     2     2     2     2     2     2     2     2     2
       2     2     2     2     2     2     2     2     2     2     2
       2     2     2     2     2     2     2     2     2     2     2
       2     2     3     2     3     2     2     2     2     2     2
       3     3     3     3     3     3]
  [60011   483   515   511   572   948   529   985   900   551   944
    1387  4184   538   543  4192   525   544   522   515   553   864
     543   544   541  4559   498   526   566   543   997   555   760
    1376   616   540  1108   657  1296  1435  1215   594   604 28013
     549   606 60019   599 60049   648   580   581   579   580  1268
   60048 60056 60014 60017 60020 60044]]]
unstable
 
 err: 
done running mariposa 455.2
Bisecting: 16 revisions left to test after this (roughly 4 steps)
[0f7ff2a3d016ce6cc0dcc2654a6aa0187bc55192] swap
running python3 /home/yizhou7/mariposa/scripts/z3-bisect.py /home/yizhou7/mariposa/data/bisect_tasks/d_fvbkv_z3_clean--lib-Buckets-BucketImpl.i.dfy.Impl__BucketImpl.MutBucket.ISeqInduction.txt
building z3
done building z3 3.1
running mariposa
res: 0 
 out: [[[  2   2   2   2   2   2   2   2   2   2   2   2   2   2   2   2   2
     2   2   2   2   2   2   2   2   2   2   2   2   2   2   2   2   2
     2   2   2   2   2   2   2   2   2   2   2   2   2   2   2   2   2
     2   2   2   2   2   2   2   2   2   2]
  [341 421 453 470 438 434 428 421 437 424 445 428 426 444 447 424 454
   419 439 421 423 440 424 422 421 424 423 491 425 421 421 471 422 452
   444 416 421 435 424 424 446 425 447 420 442 422 426 467 419 420 422
   440 426 445 426 420 416 414 406 411 401]]

 [[  2   2   2   2   2   2   2   2   2   2   2   2   2   2   2   2   2
     2   2   2   2   2   2   2   2   2   2   2   2   2   2   2   2   2
     2   2   2   2   2   2   2   2   2   2   2   2   2   2   2   2   2
     2   2   2   2   2   2   2   2   2   2]
  [341 433 451 432 429 432 431 433 470 431 432 431 435 454 449 432 429
   432 432 430 432 431 477 427 461 435 429 434 430 451 449 438 432 434
   455 432 428 457 429 431 431 435 433 451 429 432 431 462 429 466 428
   453 464 434 432 430 432 432 480 427 431]]

 [[  2   2   2   2   2   2   2   2   2   2   2   2   2   2   2   2   2
     2   2   2   2   2   2   2   2   2   2   2   2   2   2   2   2   2
     2   2   2   2   2   2   2   2   2   2   2   2   2   2   2   2   2
     2   2   2   2   2   2   2   2   2   2]
  [341 475 484 491 479 497 493 495 472 477 504 484 491 478 486 471 480
   492 509 477 509 495 490 487 482 478 487 491 481 473 506 475 483 475
   474 541 498 485 504 478 498 512 486 497 472 544 498 482 493 527 472
   502 479 474 495 498 722 477 471 481 478]]]
stable
 
 err: 
done running mariposa 22.7
Bisecting: 7 revisions left to test after this (roughly 3 steps)
[89e8a1392c992a6c37b8c5320b9e4b9b506bd4a1] na
running python3 /home/yizhou7/mariposa/scripts/z3-bisect.py /home/yizhou7/mariposa/data/bisect_tasks/d_fvbkv_z3_clean--lib-Buckets-BucketImpl.i.dfy.Impl__BucketImpl.MutBucket.ISeqInduction.txt
building z3
done building z3 3.2
running mariposa
res: 1 
 out: [[[    3     2     2     2     2     2     2     2     2     2     2
       2     2     2     2     2     2     2     2     2     2     2
       2     2     3     2     2     3     2     2     2     2     2
       2     2     3     2     2     3     2     2     3     2     2
       3     2     2     2     3     2     2     2     2     2     2
       3     3     3     3     3     3]
  [60011   544   509  4198  2513   537   560   529   572   569  1849
     596   524   523  1478   543  1486   556   501   526   507   531
     513   596 60017  1727   712 60017   494   493  1209   495   579
    1111   625 60017   560   623 60018   576   655 60021   595   512
   60015   524   536   504 60017   576  1476   544   508   512   529
   60042 60015 60016 60013 60015 60015]]

 [[    3     2     2     2     2     2     2     2     2     2     2
       2     2     2     2     2     2     2     2     2     2     3
       3     2     2     2     2     3     3     2     2     2     2
       3     2     2     3     2     2     2     2     3     2     3
       2     3     2     2     2     2     3     3     2     3     3
       2     3     3     3     3     3]
  [60011  1659   511  1113  1304  2061   510  1603  3811  3484  3367
     505 17640  1405   692  1417  3708   491   799   543   541 60018
   60018  2372  6667   602  1377 60018 60019  1086  1436   761   531
   60015   494   589 60017  1021  5722  1562  1274 60013   582 60015
    1229 60047   576   564   521  7197 60017 60026   532 60014 60018
    3302 60019 60016 60056 60043 60014]]

 [[    3     2     2     2     2     2     2     2     2     2     2
       2     2     2     2     2     2     2     2     2     2     2
       2     2     2     2     2     2     2     2     2     2     2
       2     2     2     2     2     2     2     2     2     2     2
       2     2     3     2     3     2     2     2     2     2     2
       3     3     3     3     3     3]
  [60011   513   522   510   619   939   510   984   898   533   946
    1375  4222   540  4190   542   525   519   539   557   515   868
     545   540   547  4548   510   526   569   547   990   573   770
    1402   589   539  1101   671  1305  1444  1190   600   612 28435
     554   602 60018   603 60050   655   590   586   587   588  1256
   60050 60057 60013 60016 60021 60042]]]
unstable
 
 err: 
done running mariposa 455.2
Bisecting: 4 revisions left to test after this (roughly 2 steps)
[1827f98851e1866187abe743afd2d80bc786412f] more fixes for mutexes in shell
running python3 /home/yizhou7/mariposa/scripts/z3-bisect.py /home/yizhou7/mariposa/data/bisect_tasks/d_fvbkv_z3_clean--lib-Buckets-BucketImpl.i.dfy.Impl__BucketImpl.MutBucket.ISeqInduction.txt
building z3
done building z3 3.1
running mariposa
res: 0 
 out: [[[  2   2   2   2   2   2   2   2   2   2   2   2   2   2   2   2   2
     2   2   2   2   2   2   2   2   2   2   2   2   2   2   2   2   2
     2   2   2   2   2   2   2   2   2   2   2   2   2   2   2   2   2
     2   2   2   2   2   2   2   2   2   2]
  [341 445 424 444 434 449 424 438 445 425 417 427 438 474 425 421 469
   423 424 425 442 424 421 428 439 425 425 425 423 421 476 424 429 456
   422 419 424 423 447 426 420 451 418 425 421 424 424 443 445 443 459
   422 437 460 443 424 421 414 414 410 397]]

 [[  2   2   2   2   2   2   2   2   2   2   2   2   2   2   2   2   2
     2   2   2   2   2   2   2   2   2   2   2   2   2   2   2   2   2
     2   2   2   2   2   2   2   2   2   2   2   2   2   2   2   2   2
     2   2   2   2   2   2   2   2   2   2]
  [341 432 456 440 436 431 461 431 448 433 456 431 437 437 436 429 481
   434 430 431 435 465 445 439 431 436 430 433 433 431 497 435 437 448
   431 459 429 432 451 432 427 469 451 463 445 463 436 434 440 448 457
   453 470 432 431 435 432 456 435 491 436]]

 [[  2   2   2   2   2   2   2   2   2   2   2   2   2   2   2   2   2
     2   2   2   2   2   2   2   2   2   2   2   2   2   2   2   2   2
     2   2   2   2   2   2   2   2   2   2   2   2   2   2   2   2   2
     2   2   2   2   2   2   2   2   2   2]
  [341 478 476 505 522 505 480 483 473 489 482 489 480 488 487 504 498
   492 491 510 491 497 485 506 485 490 480 503 484 474 511 485 483 482
   499 489 491 484 501 488 488 512 513 480 478 480 478 517 480 500 480
   495 503 494 483 506 717 477 468 508 476]]]
stable
 
 err: 
done running mariposa 22.7
Bisecting: 1 revision left to test after this (roughly 1 step)
[5177cc4a9a58df192c6a844ca13abf7e7cd3be15] change lt
running python3 /home/yizhou7/mariposa/scripts/z3-bisect.py /home/yizhou7/mariposa/data/bisect_tasks/d_fvbkv_z3_clean--lib-Buckets-BucketImpl.i.dfy.Impl__BucketImpl.MutBucket.ISeqInduction.txt
building z3
done building z3 3.2
running mariposa
res: 1 
 out: [[[    3     2     2     2     2     2     2     2     2     2     2
       2     2     2     2     2     2     2     2     2     2     2
       2     2     3     2     2     3     2     2     2     2     2
       2     2     3     2     2     3     2     2     2     3     2
       3     2     2     2     3     2     2     2     2     2     2
       3     3     3     3     3     3]
  [60011   543   509  4189  2494   561   559   524   573   568  1820
     592   524   519  1493   533  1485   550   506   517   505   517
     534   595 60015  1725   715 60015   493   495  1196   494   554
    1149   622 60018   565   630 60018   556   627   590 60025   478
   60015   525   535   497 60017   569  1450   536   505   509   530
   60038 60013 60015 60013 60013 60015]]

 [[    3     2     2     2     2     2     2     2     2     2     2
       2     2     2     2     2     2     2     2     2     2     3
       3     2     2     2     2     3     3     2     2     2     3
       2     2     2     3     2     2     2     2     3     2     3
       2     3     2     2     2     2     3     3     2     3     3
       2     3     3     3     3     3]
  [60011  1682   516  1125  1266  1982   516  1579  3740  3503  3346
     508 17225  1418   682  1407  3679   490   798   574   542 60018
   60017  2269  6646   593  1365 60019 60018  1093  1437   767 60015
     523   482   571 60016  1005  5670  1570  1277 60015   585 60016
    1231 60048   575   565   512  7142 60018 60026   530 60014 60017
    3284 60019 60016 60058 60043 60015]]

 [[    3     2     2     2     2     2     2     2     2     2     2
       2     2     2     2     2     2     2     2     2     2     2
       2     2     2     2     2     2     2     2     2     2     2
       2     2     2     2     2     2     2     2     2     2     2
       2     2     3     2     3     2     2     2     2     2     2
       3     3     3     3     3     3]
  [60011   488   502   499   579   957   509   985   899   533   950
    1371  4311   537  4153   533   523   514   527   554   877   511
     539   518   544  4648   499   524   565   543  1002   578   762
    1429   591   540  1096   688  1315  1447  1126   609   617 28251
     548   601 60019   598 60048   654   582   577   598   586  1267
   60051 60057 60013 60016 60020 60043]]]
unstable
 
 err: 
done running mariposa 455.0
Bisecting: 0 revisions left to test after this (roughly 1 step)
[7c9d2e0d75757ed6aa535f72c7dec70d5a527fed] pydoc test
running python3 /home/yizhou7/mariposa/scripts/z3-bisect.py /home/yizhou7/mariposa/data/bisect_tasks/d_fvbkv_z3_clean--lib-Buckets-BucketImpl.i.dfy.Impl__BucketImpl.MutBucket.ISeqInduction.txt
building z3
done building z3 3.1
running mariposa
res: 0 
 out: [[[  2   2   2   2   2   2   2   2   2   2   2   2   2   2   2   2   2
     2   2   2   2   2   2   2   2   2   2   2   2   2   2   2   2   2
     2   2   2   2   2   2   2   2   2   2   2   2   2   2   2   2   2
     2   2   2   2   2   2   2   2   2   2]
  [341 419 422 422 454 432 423 419 429 425 438 424 428 425 435 420 427
   423 439 443 438 422 424 443 422 425 445 447 424 446 439 450 424 445
   424 469 425 423 422 456 420 426 419 439 424 426 459 446 464 474 426
   422 421 474 421 421 423 416 416 410 406]]

 [[  2   2   2   2   2   2   2   2   2   2   2   2   2   2   2   2   2
     2   2   2   2   2   2   2   2   2   2   2   2   2   2   2   2   2
     2   2   2   2   2   2   2   2   2   2   2   2   2   2   2   2   2
     2   2   2   2   2   2   2   2   2   2]
  [341 473 431 431 432 431 458 445 434 431 434 432 434 478 435 431 454
   431 435 459 433 431 435 431 451 434 430 434 430 446 456 432 434 428
   431 454 434 433 434 431 432 428 451 441 456 432 485 429 434 428 459
   454 434 460 459 432 458 432 460 451 462]]

 [[  2   2   2   2   2   2   2   2   2   2   2   2   2   2   2   2   2
     2   2   2   2   2   2   2   2   2   2   2   2   2   2   2   2   2
     2   2   2   2   2   2   2   2   2   2   2   2   2   2   2   2   2
     2   2   2   2   2   2   2   2   2   2]
  [341 471 507 494 496 516 524 538 484 478 480 480 493 485 502 469 478
   479 498 516 477 493 478 478 511 498 480 509 545 491 482 481 474 481
   509 477 481 485 481 481 492 484 493 478 477 484 477 478 482 519 490
   477 487 485 504 554 782 481 474 510 496]]]
stable
 
 err: 
done running mariposa 22.8
5177cc4a9a58df192c6a844ca13abf7e7cd3be15 is the first bad commit
commit 5177cc4a9a58df192c6a844ca13abf7e7cd3be15
Author: Nikolaj Bjorner <nbjorner@microsoft.com>
Date:   Fri Jun 21 09:08:20 2019 +0200

    change lt
    
    Signed-off-by: Nikolaj Bjorner <nbjorner@microsoft.com>

:040000 040000 bba0b3898c697bc6efeb66752253b42641d4a606 dc4029a365361041d58c5e9f581973ad21a69ecd M	src
bisect run success
git bisect start
# good: [e79542cc689d52ec4cb34ce4ae3fbe56e7a0bf70] fix #2309
git bisect good e79542cc689d52ec4cb34ce4ae3fbe56e7a0bf70
# bad: [ad55a1f1c617a7f0c3dd735c0780fc758424c7f1] Update release.yml for Azure Pipelines
git bisect bad ad55a1f1c617a7f0c3dd735c0780fc758424c7f1
# skip: [e2702f3ae88f5c48a55f4473bb5c29184c182634] fixes in assigning constraints to intervals
git bisect skip e2702f3ae88f5c48a55f4473bb5c29184c182634
# skip: [1915812f84cf41a5f232eedf2a695a54d055aa88] add a test for intervals
git bisect skip 1915812f84cf41a5f232eedf2a695a54d055aa88
# bad: [8faf35e2e0c8fce99794e71bd3b5de74b95ceb5a] fix #3735
git bisect bad 8faf35e2e0c8fce99794e71bd3b5de74b95ceb5a
# skip: [d1a5635b4ad7f8632356b380f3a9b1fc83fdb04f] better model based lemmaas
git bisect skip d1a5635b4ad7f8632356b380f3a9b1fc83fdb04f
# skip: [0a86bd14f792ef5fadb8eeb346729a612f7e1588] start on test nla
git bisect skip 0a86bd14f792ef5fadb8eeb346729a612f7e1588
# bad: [f7747d9e76bd685a02ce5c5fbda91fc356856b5e] fix parameter collection for tactic-based solvers reported in #3065
git bisect bad f7747d9e76bd685a02ce5c5fbda91fc356856b5e
# skip: [0644194fc96a853df44c37f9e4522796aa40add8] work on lemma from product to factors, and some renaming
git bisect skip 0644194fc96a853df44c37f9e4522796aa40add8
# bad: [0321312c8db1d3f0edbd23e6e48884fbb7d77d1d] Changed to get_const_interp to match Java and C# bindings
git bisect bad 0321312c8db1d3f0edbd23e6e48884fbb7d77d1d
# bad: [6e637348826f0725ba8a01c455448023ca2889e4] Merge pull request #2368 from waywardmonkeys/fix-typo
git bisect bad 6e637348826f0725ba8a01c455448023ca2889e4
# good: [9b4f327e29de8eadd112e53af5a8fb9f430fabf7] set upload mode to replace
git bisect good 9b4f327e29de8eadd112e53af5a8fb9f430fabf7
# good: [42ac3a536369a7d4a7eafa1fa15b571b146ba594] merge with csp
git bisect good 42ac3a536369a7d4a7eafa1fa15b571b146ba594
# bad: [b4290d4b3d7c021965e9ce7ee636caac0f9cac74] python regression
git bisect bad b4290d4b3d7c021965e9ce7ee636caac0f9cac74
# good: [0f7ff2a3d016ce6cc0dcc2654a6aa0187bc55192] swap
git bisect good 0f7ff2a3d016ce6cc0dcc2654a6aa0187bc55192
# bad: [89e8a1392c992a6c37b8c5320b9e4b9b506bd4a1] na
git bisect bad 89e8a1392c992a6c37b8c5320b9e4b9b506bd4a1
# good: [1827f98851e1866187abe743afd2d80bc786412f] more fixes for mutexes in shell
git bisect good 1827f98851e1866187abe743afd2d80bc786412f
# bad: [5177cc4a9a58df192c6a844ca13abf7e7cd3be15] change lt
git bisect bad 5177cc4a9a58df192c6a844ca13abf7e7cd3be15
# good: [7c9d2e0d75757ed6aa535f72c7dec70d5a527fed] pydoc test
git bisect good 7c9d2e0d75757ed6aa535f72c7dec70d5a527fed
# first bad commit: [5177cc4a9a58df192c6a844ca13abf7e7cd3be15] change lt
