running python3 /home/yizhou7/mariposa/scripts/z3-bisect.py /home/yizhou7/mariposa/data/bisect_tasks/d_fvbkv_z3_clean--Impl-NodeModel.i.dfy.Impl__NodeModel.__default.CutoffNodeAndKeepRightCorrect.txt
building z3
Bisecting: 1453 revisions left to test after this (roughly 11 steps)
[1915812f84cf41a5f232eedf2a695a54d055aa88] add a test for intervals
running python3 /home/yizhou7/mariposa/scripts/z3-bisect.py /home/yizhou7/mariposa/data/bisect_tasks/d_fvbkv_z3_clean--Impl-NodeModel.i.dfy.Impl__NodeModel.__default.CutoffNodeAndKeepRightCorrect.txt
building z3
Bisecting: 1453 revisions left to test after this (roughly 11 steps)
[8faf35e2e0c8fce99794e71bd3b5de74b95ceb5a] fix #3735
running python3 /home/yizhou7/mariposa/scripts/z3-bisect.py /home/yizhou7/mariposa/data/bisect_tasks/d_fvbkv_z3_clean--Impl-NodeModel.i.dfy.Impl__NodeModel.__default.CutoffNodeAndKeepRightCorrect.txt
building z3
done building z3 3.3
running mariposa
res: 1 
 out: [[[    2     2     2     2     2     2     2     2     2     2     2
       2     2     2     2     2     2     2     2     2     2     2
       2     2     2     2     2     2     2     2     2     2     2
       2     2     2     2     2     2     2     2     2     2     2
       2     2     2     2     2     2     2     2     2     2     2
       2     2     2     2     2     2]
  [  919  1387  1271  1275  1456  1225  1264  1329  1207  1331  1314
    1343  1205  1208  1301  1373  1346  1300  1238  1244  1301  1219
    1212  1284  1221  1225  1325  1221  1196  1235  1307  1348  1335
    1299  1333  1240  1311  1209  1296  1355  1203  1314  1233  1330
    1286  1227  1235  1363  1211  1215  1300  1297  1208  1215  1236
    1238  1194  1178  1159  1257  1173]]

 [[    2     2     2     2     2     2     2     2     2     2     2
       2     2     2     2     2     2     2     2     2     2     2
       2     2     2     2     2     2     2     2     2     2     2
       2     2     2     2     2     2     2     2     2     2     2
       2     2     2     2     2     2     2     2     2     2     2
       2     2     2     3     3     3]
  [  919  1300  1391  1375  1428  1396  1509  1292  1416  1355  1267
    1405  1262  1350  1329  1422  1265  1325  1286  1362  1347  1321
    1245  1324  1225  1320  1317  1282  1366  1242  1354  1251  1239
    1362  1349  1391  1442  1303  1392  1352  1327  1366  1374  1301
    1343  1261  1363  1319  1364  1481  1442  1289  1363  1370  1380
    1262  1307  1478 60022 60021 60023]]

 [[    2     2     2     2     2     2     2     2     2     2     2
       2     2     2     2     2     2     2     2     2     2     2
       2     2     2     2     2     2     2     2     2     2     2
       2     2     2     2     2     2     2     2     2     2     2
       2     2     2     2     2     2     2     2     3     3     2
       3     3     3     3     3     3]
  [  919  1224  1217  1379  1372  1400  1435  1382  1401  1322  1436
    1388  1703  1751  1635  1680  1883  1840  1765  1800  2014  2007
    1993  1911  1731  2015  2055  1958  2028  1934  1783  1826  2174
    1715  1703  1556  1671  1535  1580  1580  1628  1677  1674  1637
    1790  1888  2063  1794  1609  1791  1726  1777 60023 60024  1587
   60021 60023 60022 60024 60024 60023]]]
unstable
 
 err: 
done running mariposa 168.3
Bisecting: 1254 revisions left to test after this (roughly 10 steps)
[d1a5635b4ad7f8632356b380f3a9b1fc83fdb04f] better model based lemmaas
running python3 /home/yizhou7/mariposa/scripts/z3-bisect.py /home/yizhou7/mariposa/data/bisect_tasks/d_fvbkv_z3_clean--Impl-NodeModel.i.dfy.Impl__NodeModel.__default.CutoffNodeAndKeepRightCorrect.txt
building z3
Bisecting: 1254 revisions left to test after this (roughly 10 steps)
[0a86bd14f792ef5fadb8eeb346729a612f7e1588] start on test nla
running python3 /home/yizhou7/mariposa/scripts/z3-bisect.py /home/yizhou7/mariposa/data/bisect_tasks/d_fvbkv_z3_clean--Impl-NodeModel.i.dfy.Impl__NodeModel.__default.CutoffNodeAndKeepRightCorrect.txt
building z3
Bisecting: 1254 revisions left to test after this (roughly 10 steps)
[f7747d9e76bd685a02ce5c5fbda91fc356856b5e] fix parameter collection for tactic-based solvers reported in #3065
running python3 /home/yizhou7/mariposa/scripts/z3-bisect.py /home/yizhou7/mariposa/data/bisect_tasks/d_fvbkv_z3_clean--Impl-NodeModel.i.dfy.Impl__NodeModel.__default.CutoffNodeAndKeepRightCorrect.txt
building z3
done building z3 3.3
running mariposa
res: 1 
 out: [[[    2     2     2     2     2     2     2     2     2     2     2
       2     2     2     2     2     2     2     2     2     2     2
       2     2     2     2     2     2     2     2     2     2     2
       2     2     2     2     2     2     2     2     2     2     2
       2     2     2     2     2     2     2     2     2     2     2
       2     2     2     2     2     2]
  [  905  1332  1298  1275  1319  1383  1296  1337  1351  1299  1299
    1306  1293  1269  1353  1276  1240  1309  1282  1283  1221  1247
    1163  1308  1250  1243  1216  1276  1244  1238  1186  1212  1220
    1189  1209  1201  1228  1199  1234  1190  1216  1215  1228  1192
    1238  1224  1230  1157  1211  1203  1195  1225  1160  1206  1211
    1194  1193  1206  1252  1201  1190]]

 [[    2     2     2     2     2     2     2     2     2     2     2
       2     2     2     2     2     2     2     2     2     2     2
       2     2     2     2     2     2     2     2     2     2     2
       2     2     2     2     2     2     2     2     2     2     2
       2     2     2     2     2     2     2     2     2     2     2
       2     2     2     3     3     3]
  [  905  1458  1455  1528  1565  1419  1445  1393  1548  1519  1518
    1510  1234  1311  1413  1359  1188  1265  1203  1298  1393  1469
    1399  1414  1438  1413  1401  1356  1313  1407  1344  1374  1317
    1321  1430  1318  1305  1290  1314  1450  1307  1444  1356  1337
    1349  1375  1288  1305  1332  1260  1378  1368  1244  1254  1276
    1325  1342  1260 60021 60022 60023]]

 [[    2     2     2     2     2     2     2     2     2     2     2
       2     2     2     2     2     2     2     2     2     2     2
       2     2     2     2     3     3     2     3     2     2     3
       2     2     2     2     2     2     2     2     2     2     2
       3     2     2     2     2     3     2     2     2     2     2
       2     2     3     3     3     3]
  [  905  1341  1291  1289  1397  1408  1448  1306  1366  1480  1538
    1436  1800  1532  1652  1865  1838  1876  1750  2005  1967  2077
    2058  1933  2037  2253 60021 60022  1700 60021  1695  1665 60020
    1772  1596  1647  1529  1618  1548  1529  1524  1626  1643  1643
   60022  1681  1584  1549  1764 60020  1627  1637  1439  1630  1710
    1605  1630 60025 60024 60023 60025]]]
unstable
 
 err: 
done running mariposa 201.6
Bisecting: 1034 revisions left to test after this (roughly 10 steps)
[0644194fc96a853df44c37f9e4522796aa40add8] work on lemma from product to factors, and some renaming
running python3 /home/yizhou7/mariposa/scripts/z3-bisect.py /home/yizhou7/mariposa/data/bisect_tasks/d_fvbkv_z3_clean--Impl-NodeModel.i.dfy.Impl__NodeModel.__default.CutoffNodeAndKeepRightCorrect.txt
building z3
Bisecting: 1034 revisions left to test after this (roughly 10 steps)
[0321312c8db1d3f0edbd23e6e48884fbb7d77d1d] Changed to get_const_interp to match Java and C# bindings
running python3 /home/yizhou7/mariposa/scripts/z3-bisect.py /home/yizhou7/mariposa/data/bisect_tasks/d_fvbkv_z3_clean--Impl-NodeModel.i.dfy.Impl__NodeModel.__default.CutoffNodeAndKeepRightCorrect.txt
building z3
done building z3 3.2
running mariposa
res: 1 
 out: [[[    2     2     2     2     2     2     2     2     2     2     2
       2     2     2     2     2     2     2     2     2     2     2
       2     2     2     2     2     2     2     2     2     2     2
       2     2     2     2     2     2     2     2     2     2     2
       2     2     2     2     2     2     2     2     2     2     2
       2     2     2     2     2     2]
  [  851  1128  1166  1191  1126  1185  1124  1161  1124  1127  1118
    1231  1212  1184  1218  1119  1160  1185  1157  1122  1125  1190
    1143  1243  1140  1125  1134  1123  1123  1122  1124  1117  1135
    1210  1125  1125  1247  1155  1181  1162  1130  1131  1122  1173
    1118  1182  1120  1183  1145  1187  1144  1118  1113  1148  1094
    1153  1091  1088  1080  1076  1077]]

 [[    2     2     2     2     2     2     2     2     2     2     2
       2     2     2     2     2     2     2     2     2     2     2
       2     2     2     2     2     2     2     2     2     2     2
       2     2     2     2     2     2     2     2     2     2     2
       2     2     3     2     2     2     2     2     2     2     2
       3     2     2     3     3     3]
  [  851  1349  1486  1342  1248  1189  1316  1253  1354  1268  1303
    1293  1300  1211  1209  1212  1214  1270  1411  1356  1311  1346
    1275  1469  1421  1374  1334  1288  1189  1289  1274  1315  1187
    1170  1218  1237  1225  1140  1306  1231  1241  1236  1383  1397
    1424  1366 60023  1287  1304  1407  1448  1253  1350  1266  1280
   60023  1261  1276 60026 60026 60023]]

 [[    2     2     2     2     2     2     2     2     2     2     2
       2     2     2     2     2     2     2     2     2     2     2
       3     3     2     2     3     2     2     2     3     2     2
       2     2     2     3     2     2     2     2     2     2     3
       3     2     2     2     2     2     2     2     2     2     2
       2     2     3     3     3     3]
  [  851  1195  1195  1214  1305  1312  1521  1558  1543  1520  1671
    1550  1633  1642  1628  1783  1700  1795  1747  1890  1729  2005
   60021 60024  1493  1417 60021  1474  1416  1489 60023  1485  1469
    1329  1346  1449 60020  1530  1371  1423  1438  1479  1461 60023
   60023  1593  1704  1768  1590  1627  1725  1581  1669  1614  1677
    1738  1601 60024 60024 60021 60026]]]
unstable
 
 err: 
done running mariposa 207.8
Bisecting: 261 revisions left to test after this (roughly 8 steps)
[6e637348826f0725ba8a01c455448023ca2889e4] Merge pull request #2368 from waywardmonkeys/fix-typo
running python3 /home/yizhou7/mariposa/scripts/z3-bisect.py /home/yizhou7/mariposa/data/bisect_tasks/d_fvbkv_z3_clean--Impl-NodeModel.i.dfy.Impl__NodeModel.__default.CutoffNodeAndKeepRightCorrect.txt
building z3
done building z3 3.2
running mariposa
res: 1 
 out: [[[    2     2     2     2     2     2     2     2     2     2     2
       2     2     2     2     2     2     2     2     2     2     2
       2     2     2     2     2     2     2     2     2     2     2
       2     2     2     2     2     2     2     2     2     2     2
       2     2     2     2     2     2     2     2     2     2     2
       2     2     2     2     2     2]
  [  804  1137  1266  1126  1163  1225  1093  1163  1181  1086  1198
    1172  1098  1099  1088  1150  1162  1133  1164  1181  1085  1147
    1160  1184  1092  1158  1184  1081  1100  1196  1083  1087  1149
    1167  1101  1178  1143  1102  1084  1092  1142  1163  1090  1176
    1196  1129  1201  1085  1111  1107  1214  1155  1090  1096  1090
    1085  1095  1087  1094  1155  1081]]

 [[    2     2     2     2     2     2     2     2     2     2     2
       2     2     2     2     2     2     2     2     2     2     2
       2     2     2     2     2     2     2     2     2     2     2
       2     2     2     2     2     2     2     2     2     2     2
       2     2     2     2     2     2     2     2     2     2     2
       2     2     2     2     3     3]
  [  804  1299  1240  1304  1420  1252  1281  1294  1338  1221  1123
    1201  1229  1124  1208  1139  1147  1260  1203  1275  1190  1239
    1122  1207  1139  1185  1253  1170  1259  1279  1193  1130  1220
    1173  1149  1135  1200  1186  1194  1209  1173  1232  1244  1155
    1133  1217  1262  1366  1238  1175  1224  1167  1171  1341  1146
    1177  1165  1248  1168 60024 60021]]

 [[    2     2     2     2     2     2     2     2     2     2     2
       2     2     2     2     2     2     2     2     2     2     2
       2     2     2     2     2     2     2     2     2     2     2
       2     2     2     2     2     2     2     2     2     2     2
       2     2     2     2     2     3     3     2     3     2     3
       2     3     3     3     3     3]
  [  804  1217  1154  1190  1167  1269  1482  1525  1546  1590  1583
    1567  1589  1489  1576  1677  1652  1453  1524  1621  1727  1658
    1720  1596  1481  1560  1611  1556  1614  1498  1444  1468  1436
    1436  1383  1387  1538  1480  1422  1447  1612  1623  1648  1516
    1580  1516  1537  1598  1607 60027 60027  1606 60024  1796 60024
    1667 60024 60023 60025 60029 60024]]]
unstable
 
 err: 
done running mariposa 169.8
Bisecting: 130 revisions left to test after this (roughly 7 steps)
[9b4f327e29de8eadd112e53af5a8fb9f430fabf7] set upload mode to replace
running python3 /home/yizhou7/mariposa/scripts/z3-bisect.py /home/yizhou7/mariposa/data/bisect_tasks/d_fvbkv_z3_clean--Impl-NodeModel.i.dfy.Impl__NodeModel.__default.CutoffNodeAndKeepRightCorrect.txt
building z3
done building z3 3.1
running mariposa
res: 0 
 out: [[[   2    2    2    2    2    2    2    2    2    2    2    2    2    2
      2    2    2    2    2    2    2    2    2    2    2    2    2    2
      2    2    2    2    2    2    2    2    2    2    2    2    2    2
      2    2    2    2    2    2    2    2    2    2    2    2    2    2
      2    2    2    2    2]
  [ 809 1004 1094  961 1086 1070 1058  985 1053 1098 1058 1046  985 1086
   1053 1000 1038  973 1009 1004  956 1046  987 1018 1123 1041  978 1052
   1056  964  991  988  994 1000  988  961  964  960 1063  997 1039  997
    963 1018 1009 1055 1001 1045 1104  990 1038 1046 1047  969  991 1013
   1035 1027  929  950  873]]

 [[   2    2    2    2    2    2    2    2    2    2    2    2    2    2
      2    2    2    2    2    2    2    2    2    2    2    2    2    2
      2    2    2    2    2    2    2    2    2    2    2    2    2    2
      2    2    2    2    2    2    2    2    2    2    2    2    2    2
      2    2    2    2    2]
  [ 809 1007 1006 1009  999  997  987 1000 1004 1026 1000 1003  998  989
    994 1001 1060  996 1003 1005  995  997  999 1010 1036 1000  993  998
    995 1020 1008 1009 1024 1000 1041  998  994 1023 1031 1012 1003 1002
    990 1001 1028  997 1002 1004 1000  990 1011 1010 1034 1001  997 1008
    991 1006 1008 1003  996]]

 [[   2    2    2    2    2    2    2    2    2    2    2    2    2    2
      2    2    2    2    2    2    2    2    2    2    2    2    2    2
      2    2    2    2    2    2    2    2    2    2    2    2    2    2
      2    2    2    2    2    2    2    2    2    2    2    2    2    2
      2    2    2    2    2]
  [ 809 1203 1178 1177 1244 1213 1199 1254 1115 1154 1148 1163 1153 1146
   1175 1152 1123 1121 1195 1150 1225 1289 1131 1149 1231 1145 1310 1251
   1241 1117 1135 1144 1203 1183 1285 1147 1107 1167 1245 1141 1210 1251
   1298 1114 1126 1183 1124 1227 1134 1143 1132 1194 1137 1210 1289 1238
   1273 1157 1132 1162 1149]]]
stable
 
 err: 
done running mariposa 51.8
Bisecting: 65 revisions left to test after this (roughly 6 steps)
[42ac3a536369a7d4a7eafa1fa15b571b146ba594] merge with csp
running python3 /home/yizhou7/mariposa/scripts/z3-bisect.py /home/yizhou7/mariposa/data/bisect_tasks/d_fvbkv_z3_clean--Impl-NodeModel.i.dfy.Impl__NodeModel.__default.CutoffNodeAndKeepRightCorrect.txt
building z3
done building z3 3.1
running mariposa
res: 0 
 out: [[[   2    2    2    2    2    2    2    2    2    2    2    2    2    2
      2    2    2    2    2    2    2    2    2    2    2    2    2    2
      2    2    2    2    2    2    2    2    2    2    2    2    2    2
      2    2    2    2    2    2    2    2    2    2    2    2    2    2
      2    2    2    2    2]
  [ 800 1068 1015  961 1017 1074 1095  991 1064 1077 1046  992 1024 1102
   1011 1040  989  958  987 1010  982 1051  991 1081  997  966 1030 1040
    965 1076 1011 1011  991 1027  955  980  960  961 1087 1002  995 1006
    983  970 1009 1097  965 1023 1096  984 1005 1052 1066  964  981  985
   1028 1027  926  932  872]]

 [[   2    2    2    2    2    2    2    2    2    2    2    2    2    2
      2    2    2    2    2    2    2    2    2    2    2    2    2    2
      2    2    2    2    2    2    2    2    2    2    2    2    2    2
      2    2    2    2    2    2    2    2    2    2    2    2    2    2
      2    2    2    2    2]
  [ 800 1006 1015 1040  998  996  990  989 1016 1009 1039  997  997  997
    999 1007 1004 1031  999  997  989 1005 1007 1032 1002  992 1002  991
   1002 1025 1001 1056  998 1001  987  998 1033 1029 1026 1000 1018 1020
   1001 1002 1047 1003 1004 1016 1013 1010 1009 1011 1007  998 1000  999
   1005 1019 1005 1023 1005]]

 [[   2    2    2    2    2    2    2    2    2    2    2    2    2    2
      2    2    2    2    2    2    2    2    2    2    2    2    2    2
      2    2    2    2    2    2    2    2    2    2    2    2    2    2
      2    2    2    2    2    2    2    2    2    2    2    2    2    2
      2    2    2    2    2]
  [ 800 1156 1170 1171 1165 1215 1234 1259 1122 1119 1152 1161 1138 1164
   1160 1177 1147 1167 1201 1144 1244 1268 1143 1165 1145 1302 1304 1263
   1253 1099 1141 1204 1162 1205 1246 1173 1104 1157 1221 1246 1193 1322
   1277 1115 1114 1128 1168 1214 1158 1145 1121 1195 1137 1223 1252 1294
   1258 1152 1124 1161 1134]]]
stable
 
 err: 
done running mariposa 52.0
Bisecting: 32 revisions left to test after this (roughly 5 steps)
[b4290d4b3d7c021965e9ce7ee636caac0f9cac74] python regression
running python3 /home/yizhou7/mariposa/scripts/z3-bisect.py /home/yizhou7/mariposa/data/bisect_tasks/d_fvbkv_z3_clean--Impl-NodeModel.i.dfy.Impl__NodeModel.__default.CutoffNodeAndKeepRightCorrect.txt
building z3
done building z3 3.2
running mariposa
res: 0 
 out: [[[   2    2    2    2    2    2    2    2    2    2    2    2    2    2
      2    2    2    2    2    2    2    2    2    2    2    2    2    2
      2    2    2    2    2    2    2    2    2    2    2    2    2    2
      2    2    2    2    2    2    2    2    2    2    2    2    2    2
      2    2    2    2    2]
  [ 808  978  975 1075  980  981 1106 1020 1093  977 1025 1084  983  989
    977  974  982 1057  977 1046 1043 1060  984  977  975  970 1007 1084
    974  976 1104 1037 1087 1074  989  978  978  977  968  977 1071 1039
    975  974  976  967 1060  974 1031  974 1049 1002  977 1063  985  979
   1045  958 1023  945  900]]

 [[   2    2    2    2    2    2    2    2    2    2    2    2    2    2
      2    2    2    2    2    2    2    2    2    2    2    2    2    2
      2    2    2    2    2    2    2    2    2    2    2    2    2    2
      2    2    2    2    2    2    2    2    2    2    2    2    2    2
      2    2    2    2    2]
  [ 808 1024 1075 1031  978  988 1036  990 1000  992 1035 1042 1094 1034
   1003 1095 1106 1167 1016 1027 1086 1028 1089 1029 1109  983 1018 1085
   1010 1043  997 1045 1048  977  989 1049 1011 1076 1097 1095 1076 1075
   1065 1112 1037 1021 1061 1069 1087 1055 1063 1008 1110 1007  995 1013
   1098  993 1001 1067 1069]]

 [[   2    2    2    2    2    2    2    2    2    2    2    2    2    2
      2    2    2    2    2    2    2    2    2    2    2    2    2    2
      2    2    2    2    2    2    2    2    2    2    2    2    2    2
      2    2    2    2    2    2    2    2    2    2    2    2    2    2
      2    2    2    2    2]
  [ 808 1237 1153 1158 1186 1245 1272 1272 1125 1176 1170 1233 1148 1149
   1243 1271 1273 1188 1181 1236 1203 1337 1180 1155 1140 1187 1217 1219
   1280 1201 1235 1233 1153 1153 1225 1295 1247 1252 1138 1345 1228 1180
   1157 1226 1160 1211 1280 1228 1242 1167 1138 1179 1158 1227 1223 1212
   1244 1139 1236 1304 1254]]]
stable
 
 err: 
done running mariposa 52.4
Bisecting: 16 revisions left to test after this (roughly 4 steps)
[60c504f4ef64eaf085b1fec2773704cd1102c611] make a few helpers static
running python3 /home/yizhou7/mariposa/scripts/z3-bisect.py /home/yizhou7/mariposa/data/bisect_tasks/d_fvbkv_z3_clean--Impl-NodeModel.i.dfy.Impl__NodeModel.__default.CutoffNodeAndKeepRightCorrect.txt
building z3
done building z3 3.2
running mariposa
res: 0 
 out: [[[   2    2    2    2    2    2    2    2    2    2    2    2    2    2
      2    2    2    2    2    2    2    2    2    2    2    2    2    2
      2    2    2    2    2    2    2    2    2    2    2    2    2    2
      2    2    2    2    2    2    2    2    2    2    2    2    2    2
      2    2    2    2    2]
  [ 801  977  987 1007 1081  976 1077  977 1002 1097 1050 1087 1023  994
    986  976  988 1066 1004 1046 1070 1065  989  992  987  977  981 1111
    977  978 1109 1051 1120 1091 1028  978  973 1002  981  982 1046 1066
    985  970  970 1021 1020  980 1038  985 1055  984  978  986 1058  991
   1029  961 1024  939  915]]

 [[   2    2    2    2    2    2    2    2    2    2    2    2    2    2
      2    2    2    2    2    2    2    2    2    2    2    2    2    2
      2    2    2    2    2    2    2    2    2    2    2    2    2    2
      2    2    2    2    2    2    2    2    2    2    2    2    2    2
      2    2    2    2    2]
  [ 801 1011 1026 1076  985 1000 1003 1008  975  983  988 1013 1031 1024
   1118 1090 1082 1178 1010 1024 1106 1058 1120 1019 1080  974 1090 1007
   1010 1040 1004  994 1050  984  979 1097  993 1096 1071 1083 1097 1067
   1064 1115 1034 1015 1063 1080 1055 1051 1058 1119 1050 1030 1000 1017
    994 1110 1045 1017 1071]]

 [[   2    2    2    2    2    2    2    2    2    2    2    2    2    2
      2    2    2    2    2    2    2    2    2    2    2    2    2    2
      2    2    2    2    2    2    2    2    2    2    2    2    2    2
      2    2    2    2    2    2    2    2    2    2    2    2    2    2
      2    2    2    2    2]
  [ 801 1179 1140 1140 1192 1234 1258 1269 1124 1158 1166 1145 1227 1149
   1193 1267 1188 1281 1174 1234 1202 1336 1200 1160 1147 1213 1297 1213
   1228 1194 1238 1238 1211 1177 1155 1281 1248 1312 1147 1239 1207 1287
   1157 1240 1177 1216 1175 1264 1224 1267 1117 1238 1167 1238 1201 1234
   1244 1132 1248 1294 1257]]]
stable
 
 err: 
done running mariposa 52.3
Bisecting: 8 revisions left to test after this (roughly 3 steps)
[8e2ad4e461a4469d345a7b93b17f6acb23e64d38] #2379 and #2380
running python3 /home/yizhou7/mariposa/scripts/z3-bisect.py /home/yizhou7/mariposa/data/bisect_tasks/d_fvbkv_z3_clean--Impl-NodeModel.i.dfy.Impl__NodeModel.__default.CutoffNodeAndKeepRightCorrect.txt
building z3
done building z3 3.2
running mariposa
res: 1 
 out: [[[    2     2     2     2     2     2     2     2     2     2     2
       2     2     2     2     2     2     2     2     2     2     2
       2     2     2     2     2     2     2     2     2     2     2
       2     2     2     2     2     2     2     2     2     2     2
       2     2     2     2     2     2     2     2     2     2     2
       2     2     2     2     2     2]
  [  788  1145  1251  1115  1158  1220  1084  1144  1178  1082  1156
    1158  1088  1071  1080  1140  1146  1153  1122  1166  1081  1138
    1184  1145  1081  1163  1179  1080  1076  1190  1096  1100  1143
    1164  1153  1086  1135  1085  1099  1083  1150  1149  1177  1078
    1162  1151  1208  1089  1087  1099  1204  1086  1152  1098  1073
    1082  1077  1079  1099  1135  1072]]

 [[    2     2     2     2     2     2     2     2     2     2     2
       2     2     2     2     2     2     2     2     2     2     2
       2     2     2     2     2     2     2     2     2     2     2
       2     2     2     2     2     2     2     2     2     2     2
       2     2     2     2     2     2     2     2     2     2     2
       2     2     2     2     3     3]
  [  788  1279  1252  1307  1407  1253  1275  1284  1311  1206  1129
    1199  1223  1125  1138  1213  1144  1254  1199  1278  1218  1208
    1104  1197  1142  1186  1244  1240  1155  1274  1175  1132  1188
    1169  1140  1127  1185  1155  1200  1186  1158  1251  1232  1144
    1143  1201  1272  1361  1254  1184  1216  1161  1159  1310  1152
    1175  1151  1242  1157 60024 60023]]

 [[    2     2     2     2     2     2     2     2     2     2     2
       2     2     2     2     2     2     2     2     2     2     2
       2     2     2     2     2     2     2     2     2     2     2
       2     2     2     2     2     2     2     2     2     2     2
       2     2     2     2     2     3     3     2     3     2     3
       2     3     3     3     3     3]
  [  788  1178  1122  1167  1210  1242  1467  1508  1577  1579  1565
    1581  1473  1584  1623  1691  1679  1448  1534  1677  1556  1617
    1648  1536  1426  1508  1503  1569  1616  1487  1487  1483  1456
    1445  1359  1380  1529  1471  1386  1439  1609  1605  1630  1478
    1565  1512  1534  1610  1593 60026 60027  1617 60024  1774 60024
    1700 60024 60022 60025 60028 60024]]]
unstable
 
 err: 
done running mariposa 169.6
Bisecting: 3 revisions left to test after this (roughly 2 steps)
[e0dc05c97edc559ae0d5ce841120bb55ad8e479b] Fixed final alignment step of fp.rem. Fixes #2369 and does not break #2289.
running python3 /home/yizhou7/mariposa/scripts/z3-bisect.py /home/yizhou7/mariposa/data/bisect_tasks/d_fvbkv_z3_clean--Impl-NodeModel.i.dfy.Impl__NodeModel.__default.CutoffNodeAndKeepRightCorrect.txt
building z3
done building z3 3.2
running mariposa
res: 1 
 out: [[[    2     2     2     2     2     2     2     2     2     2     2
       2     2     2     2     2     2     2     2     2     2     2
       2     2     2     2     2     2     2     2     2     2     2
       2     2     2     2     2     2     2     2     2     2     2
       2     2     2     2     2     2     2     2     2     2     2
       2     2     2     2     2     2]
  [  798  1178  1250  1115  1176  1247  1088  1146  1206  1087  1153
    1080  1159  1097  1088  1146  1161  1150  1122  1162  1091  1156
    1171  1148  1110  1147  1074  1217  1084  1182  1087  1081  1157
    1167  1171  1087  1155  1084  1085  1078  1176  1152  1173  1094
    1162  1119  1199  1090  1092  1087  1195  1079  1163  1082  1088
    1126  1113  1087  1086  1146  1069]]

 [[    2     2     2     2     2     2     2     2     2     2     2
       2     2     2     2     2     2     2     2     2     2     2
       2     2     2     2     2     2     2     2     2     2     2
       2     2     2     2     2     2     2     2     2     2     2
       2     2     2     2     2     2     2     2     2     2     2
       2     2     2     2     3     3]
  [  798  1279  1224  1296  1401  1240  1277  1309  1325  1204  1210
    1127  1201  1111  1134  1235  1175  1267  1199  1275  1187  1209
    1111  1112  1211  1182  1241  1222  1186  1268  1176  1153  1200
    1179  1139  1141  1184  1161  1204  1180  1159  1239  1248  1154
    1129  1216  1233  1370  1227  1193  1234  1153  1163  1305  1148
    1171  1160  1219  1163 60025 60022]]

 [[    2     2     2     2     2     2     2     2     2     2     2
       2     2     2     2     2     2     2     2     2     2     2
       2     2     2     2     2     2     2     2     2     2     2
       2     2     2     2     2     2     2     2     2     2     2
       2     2     2     2     2     3     3     2     3     2     3
       2     3     3     3     3     3]
  [  798  1126  1167  1165  1233  1235  1564  1534  1514  1579  1589
    1472  1576  1571  1622  1696  1505  1441  1651  1640  1598  1652
    1654  1563  1485  1577  1632  1578  1595  1493  1414  1460  1412
    1430  1365  1367  1523  1463  1391  1442  1620  1635  1634  1498
    1565  1515  1553  1602  1607 60027 60023  1620 60025  1768 60022
    1673 60025 60023 60025 60030 60025]]]
unstable
 
 err: 
done running mariposa 169.8
Bisecting: 1 revision left to test after this (roughly 1 step)
[1202554dbcaa67b18e507206ee6f0e6f2a5c95d5] Merge branch 'master' of https://github.com/z3prover/z3
running python3 /home/yizhou7/mariposa/scripts/z3-bisect.py /home/yizhou7/mariposa/data/bisect_tasks/d_fvbkv_z3_clean--Impl-NodeModel.i.dfy.Impl__NodeModel.__default.CutoffNodeAndKeepRightCorrect.txt
building z3
done building z3 3.2
running mariposa
res: 1 
 out: [[[    2     2     2     2     2     2     2     2     2     2     2
       2     2     2     2     2     2     2     2     2     2     2
       2     2     2     2     2     2     2     2     2     2     2
       2     2     2     2     2     2     2     2     2     2     2
       2     2     2     2     2     2     2     2     2     2     2
       2     2     2     2     2     2]
  [  795  1147  1262  1123  1167  1252  1109  1174  1194  1095  1172
    1167  1098  1079  1083  1156  1157  1159  1134  1178  1125  1154
    1184  1161  1083  1155  1195  1085  1087  1191  1089  1106  1152
    1180  1152  1093  1141  1111  1091  1104  1150  1163  1107  1191
    1174  1155  1208  1110  1114  1086  1192  1171  1090  1087  1092
    1095  1089  1090  1106  1143  1078]]

 [[    2     2     2     2     2     2     2     2     2     2     2
       2     2     2     2     2     2     2     2     2     2     2
       2     2     2     2     2     2     2     2     2     2     2
       2     2     2     2     2     2     2     2     2     2     2
       2     2     2     2     2     2     2     2     2     2     2
       2     2     2     2     3     3]
  [  795  1285  1239  1307  1427  1251  1290  1294  1316  1224  1211
    1125  1212  1121  1138  1215  1157  1268  1209  1281  1204  1207
    1113  1206  1117  1186  1255  1256  1190  1281  1184  1197  1145
    1178  1155  1137  1188  1173  1219  1197  1169  1238  1252  1165
    1142  1209  1264  1372  1236  1183  1229  1165  1168  1342  1161
    1199  1170  1231  1169 60024 60021]]

 [[    2     2     2     2     2     2     2     2     2     2     2
       2     2     2     2     2     2     2     2     2     2     2
       2     2     2     2     2     2     2     2     2     2     2
       2     2     2     2     2     2     2     2     2     2     2
       2     2     2     2     2     3     3     2     3     2     3
       2     3     3     3     3     3]
  [  795  1163  1164  1164  1255  1252  1508  1566  1554  1588  1642
    1464  1583  1573  1705  1596  1508  1475  1681  1656  1641  1588
    1622  1526  1480  1560  1588  1569  1613  1492  1435  1441  1436
    1447  1368  1382  1538  1477  1417  1430  1603  1629  1620  1519
    1574  1519  1538  1620  1596 60024 60026  1611 60026  1773 60022
    1665 60025 60022 60024 60028 60026]]]
unstable
 
 err: 
done running mariposa 169.7
Bisecting: 0 revisions left to test after this (roughly 0 steps)
[db87f2aab055ab189a6c47cd9e2c4216fc65cf3f] separate rewriter used by smt context from asserted formulas to avoid term substitution, exposed by #2370
running python3 /home/yizhou7/mariposa/scripts/z3-bisect.py /home/yizhou7/mariposa/data/bisect_tasks/d_fvbkv_z3_clean--Impl-NodeModel.i.dfy.Impl__NodeModel.__default.CutoffNodeAndKeepRightCorrect.txt
building z3
done building z3 3.2
running mariposa
res: 1 
 out: [[[    2     2     2     2     2     2     2     2     2     2     2
       2     2     2     2     2     2     2     2     2     2     2
       2     2     2     2     2     2     2     2     2     2     2
       2     2     2     2     2     2     2     2     2     2     2
       2     2     2     2     2     2     2     2     2     2     2
       2     2     2     2     2     2]
  [  797  1152  1254  1123  1166  1228  1092  1162  1199  1087  1165
    1163  1089  1115  1090  1153  1154  1156  1145  1182  1089  1149
    1179  1160  1097  1153  1209  1082  1103  1205  1087  1084  1155
    1192  1157  1097  1139  1093  1085  1088  1160  1166  1180  1112
    1167  1135  1211  1087  1089  1099  1184  1167  1101  1095  1089
    1084  1090  1096  1094  1149  1088]]

 [[    2     2     2     2     2     2     2     2     2     2     2
       2     2     2     2     2     2     2     2     2     2     2
       2     2     2     2     2     2     2     2     2     2     2
       2     2     2     2     2     2     2     2     2     2     2
       2     2     2     2     2     2     2     2     2     2     2
       2     2     2     2     3     3]
  [  797  1309  1231  1305  1424  1253  1299  1283  1328  1219  1209
    1130  1220  1129  1146  1220  1156  1271  1217  1276  1184  1205
    1118  1133  1204  1183  1262  1183  1237  1291  1184  1154  1193
    1184  1152  1140  1191  1171  1228  1200  1167  1252  1243  1147
    1131  1218  1281  1370  1231  1180  1224  1176  1160  1325  1153
    1161  1165  1230  1170 60025 60020]]

 [[    2     2     2     2     2     2     2     2     2     2     2
       2     2     2     2     2     2     2     2     2     2     2
       2     2     2     2     2     2     2     2     2     2     2
       2     2     2     2     2     2     2     2     2     2     2
       2     2     2     2     2     3     3     2     3     2     3
       2     3     3     3     3     3]
  [  797  1173  1143  1177  1231  1242  1513  1576  1537  1551  1599
    1580  1471  1572  1671  1600  1535  1646  1450  1623  1689  1741
    1735  1664  1502  1558  1556  1563  1597  1493  1481  1494  1445
    1434  1369  1384  1526  1492  1424  1430  1594  1605  1652  1520
    1570  1514  1536  1595  1581 60026 60026  1624 60025  1763 60022
    1658 60023 60022 60024 60029 60026]]]
unstable
 
 err: 
done running mariposa 169.8
db87f2aab055ab189a6c47cd9e2c4216fc65cf3f is the first bad commit
commit db87f2aab055ab189a6c47cd9e2c4216fc65cf3f
Author: Nikolaj Bjorner <nbjorner@microsoft.com>
Date:   Tue Jul 2 15:28:21 2019 +0700

    separate rewriter used by smt context from asserted formulas to avoid term substitution, exposed by #2370
    
    Signed-off-by: Nikolaj Bjorner <nbjorner@microsoft.com>

:040000 040000 819e1ce22f0089b6fabca7f13f02066824344ef2 7866ce641fecbe281407e9aa6978a8efeee8e3eb M	src
bisect run success
git bisect start
# good: [e79542cc689d52ec4cb34ce4ae3fbe56e7a0bf70] fix #2309
git bisect good e79542cc689d52ec4cb34ce4ae3fbe56e7a0bf70
# bad: [ad55a1f1c617a7f0c3dd735c0780fc758424c7f1] Update release.yml for Azure Pipelines
git bisect bad ad55a1f1c617a7f0c3dd735c0780fc758424c7f1
# skip: [e2702f3ae88f5c48a55f4473bb5c29184c182634] fixes in assigning constraints to intervals
git bisect skip e2702f3ae88f5c48a55f4473bb5c29184c182634
# skip: [1915812f84cf41a5f232eedf2a695a54d055aa88] add a test for intervals
git bisect skip 1915812f84cf41a5f232eedf2a695a54d055aa88
# bad: [8faf35e2e0c8fce99794e71bd3b5de74b95ceb5a] fix #3735
git bisect bad 8faf35e2e0c8fce99794e71bd3b5de74b95ceb5a
# skip: [d1a5635b4ad7f8632356b380f3a9b1fc83fdb04f] better model based lemmaas
git bisect skip d1a5635b4ad7f8632356b380f3a9b1fc83fdb04f
# skip: [0a86bd14f792ef5fadb8eeb346729a612f7e1588] start on test nla
git bisect skip 0a86bd14f792ef5fadb8eeb346729a612f7e1588
# bad: [f7747d9e76bd685a02ce5c5fbda91fc356856b5e] fix parameter collection for tactic-based solvers reported in #3065
git bisect bad f7747d9e76bd685a02ce5c5fbda91fc356856b5e
# skip: [0644194fc96a853df44c37f9e4522796aa40add8] work on lemma from product to factors, and some renaming
git bisect skip 0644194fc96a853df44c37f9e4522796aa40add8
# bad: [0321312c8db1d3f0edbd23e6e48884fbb7d77d1d] Changed to get_const_interp to match Java and C# bindings
git bisect bad 0321312c8db1d3f0edbd23e6e48884fbb7d77d1d
# bad: [6e637348826f0725ba8a01c455448023ca2889e4] Merge pull request #2368 from waywardmonkeys/fix-typo
git bisect bad 6e637348826f0725ba8a01c455448023ca2889e4
# good: [9b4f327e29de8eadd112e53af5a8fb9f430fabf7] set upload mode to replace
git bisect good 9b4f327e29de8eadd112e53af5a8fb9f430fabf7
# good: [42ac3a536369a7d4a7eafa1fa15b571b146ba594] merge with csp
git bisect good 42ac3a536369a7d4a7eafa1fa15b571b146ba594
# good: [b4290d4b3d7c021965e9ce7ee636caac0f9cac74] python regression
git bisect good b4290d4b3d7c021965e9ce7ee636caac0f9cac74
# good: [60c504f4ef64eaf085b1fec2773704cd1102c611] make a few helpers static
git bisect good 60c504f4ef64eaf085b1fec2773704cd1102c611
# bad: [8e2ad4e461a4469d345a7b93b17f6acb23e64d38] #2379 and #2380
git bisect bad 8e2ad4e461a4469d345a7b93b17f6acb23e64d38
# bad: [e0dc05c97edc559ae0d5ce841120bb55ad8e479b] Fixed final alignment step of fp.rem. Fixes #2369 and does not break #2289.
git bisect bad e0dc05c97edc559ae0d5ce841120bb55ad8e479b
# bad: [1202554dbcaa67b18e507206ee6f0e6f2a5c95d5] Merge branch 'master' of https://github.com/z3prover/z3
git bisect bad 1202554dbcaa67b18e507206ee6f0e6f2a5c95d5
# bad: [db87f2aab055ab189a6c47cd9e2c4216fc65cf3f] separate rewriter used by smt context from asserted formulas to avoid term substitution, exposed by #2370
git bisect bad db87f2aab055ab189a6c47cd9e2c4216fc65cf3f
# first bad commit: [db87f2aab055ab189a6c47cd9e2c4216fc65cf3f] separate rewriter used by smt context from asserted formulas to avoid term substitution, exposed by #2370
