running python3 /home/yizhou7/mariposa/scripts/z3-bisect.py /home/yizhou7/mariposa/data/bisect_tasks/d_fvbkv_z3_clean--lib-Buckets-PackedKVMarshalling.i.dfy.Impl__PackedKVMarshalling.__default.ComputeWF.txt
building z3
Bisecting: 1453 revisions left to test after this (roughly 11 steps)
[1915812f84cf41a5f232eedf2a695a54d055aa88] add a test for intervals
running python3 /home/yizhou7/mariposa/scripts/z3-bisect.py /home/yizhou7/mariposa/data/bisect_tasks/d_fvbkv_z3_clean--lib-Buckets-PackedKVMarshalling.i.dfy.Impl__PackedKVMarshalling.__default.ComputeWF.txt
building z3
Bisecting: 1453 revisions left to test after this (roughly 11 steps)
[8faf35e2e0c8fce99794e71bd3b5de74b95ceb5a] fix #3735
running python3 /home/yizhou7/mariposa/scripts/z3-bisect.py /home/yizhou7/mariposa/data/bisect_tasks/d_fvbkv_z3_clean--lib-Buckets-PackedKVMarshalling.i.dfy.Impl__PackedKVMarshalling.__default.ComputeWF.txt
building z3
done building z3 3.5
running mariposa
res: 1 
 out: [[[    3     2     2     2     2     2     2     2     2     2     2
       2     2     2     2     2     2     2     2     2     2     2
       2     2     2     2     2     2     2     2     3     2     2
       2     3     3     2     2     2     2     2     3     2     2
       2     2     2     2     3     2     3     2     2     3     2
       3     3     3     3     3     3]
  [60010   516   532   507   491   495   481   501  3647   502  3494
     486   480   489   493   512   536   576   549   546   557   508
     495  4851   518   527   522   521   514   502 60029   508   513
     519 60018 60025  5159   487   483   491   506 60017   506   510
     528   536   554   572 60030   525 60015   519   511 60017   539
   60015 60017 60017 60018 60018 60014]]

 [[    3     2     2     2     2     2     2     2     2     2     2
       2     2     2     2     2     2     2     2     2     2     2
       2     2     2     2     2     3     2     3     2     2     2
       2     2     2     2     2     3     2     2     2     2     2
       3     2     2     2     2     2     2     3     2     2     2
       3     3     3     3     3     3]
  [60010   525 16030   543   528 19610 10953   551   496   502   524
    1454  2996   520   507   507   500   495   488   512   502   506
     509   509   509 13456   510 60015   545 60016   526   547   522
     516   505   516   539   523 60016   516   542   515   534   535
   60014   502   533   517   522   498   536 60028   497   527   523
   60018 60017 60015 60017 60019 60023]]

 [[    3     2     2     2     2     2     2     2     2     2     2
       2     2     2     2     2     2     2     2     2     2     2
       2     2     2     2     2     2     2     2     2     2     2
       2     2     2     2     2     2     2     2     3     3     3
       2     3     2     2     2     2     2     2     2     2     2
       3     3     2     3     3     3]
  [60010   416   434   461   469   474   455   443   428   482   480
     438   453   526   535   558   572   619   555   576   595   622
     614   671   595   601   592   714   663 22248   660   681   614
     670   669   671   597   611   600   589   597 60015 60016 60013
     610 60012   528   589   580   568   627   636   633   629   640
   60018 60028 16329 60025 60030 60024]]]
unstable
 
 err: 
done running mariposa 404.6
Bisecting: 1254 revisions left to test after this (roughly 10 steps)
[d1a5635b4ad7f8632356b380f3a9b1fc83fdb04f] better model based lemmaas
running python3 /home/yizhou7/mariposa/scripts/z3-bisect.py /home/yizhou7/mariposa/data/bisect_tasks/d_fvbkv_z3_clean--lib-Buckets-PackedKVMarshalling.i.dfy.Impl__PackedKVMarshalling.__default.ComputeWF.txt
building z3
Bisecting: 1254 revisions left to test after this (roughly 10 steps)
[0a86bd14f792ef5fadb8eeb346729a612f7e1588] start on test nla
running python3 /home/yizhou7/mariposa/scripts/z3-bisect.py /home/yizhou7/mariposa/data/bisect_tasks/d_fvbkv_z3_clean--lib-Buckets-PackedKVMarshalling.i.dfy.Impl__PackedKVMarshalling.__default.ComputeWF.txt
building z3
Bisecting: 1254 revisions left to test after this (roughly 10 steps)
[f7747d9e76bd685a02ce5c5fbda91fc356856b5e] fix parameter collection for tactic-based solvers reported in #3065
running python3 /home/yizhou7/mariposa/scripts/z3-bisect.py /home/yizhou7/mariposa/data/bisect_tasks/d_fvbkv_z3_clean--lib-Buckets-PackedKVMarshalling.i.dfy.Impl__PackedKVMarshalling.__default.ComputeWF.txt
building z3
done building z3 3.5
running mariposa
res: 1 
 out: [[[    2     2     2     2     2     2     2     2     2     2     2
       2     2     2     2     2     2     2     2     2     2     2
       2     2     2     2     2     2     2     2     2     2     2
       2     2     2     2     2     2     2     2     2     2     3
       2     2     3     2     2     2     2     2     2     2     2
       3     3     2     3     3     3]
  [  318   520   520   508   521   527   521   524   497   469   502
     517   501   517   513   508   506   517   495   515   517   516
     557   500   508   525  3778   552   553   559   555   552   560
     539   554   546   538   559  3868   524   535   536   516 60016
     534   544 60016   493   513   509   506   511   508  6611   501
   60016 60015   483 60015 60017 60014]]

 [[    2     2     2     2     2     2     2     2     2     2     2
       2     2     2     2     2     2     2     2     2     2     2
       2     2     3     2     2     2     2     2     2     2     2
       2     2     2     2     2     2     2     2     3     3     2
       2     2     2     3     2     3     3     2     2     2     2
       2     3     2     3     3     3]
  [  318   534   524   501   510   508   523   515   490   523   483
     491   485   516   499   496   482   488   487   504   500   515
     491   527 60014   535   519   518   568   563   559   545   574
     533   542   540   552   557   558   553   561 60023 60014   531
     509   519   538 60015   552 60013 60029   538   514   525   522
     498 60017 14027 60014 60018 60016]]

 [[    2     2     2     2     2     2     2     2     2     2     2
       2     2     2     2     2     2     2     2     2     2     2
       2     2     2     2     2     2     2     2     2     2     2
       2     2     2     2     2     2     2     2     2     2     2
       2     2     2     2     2     2     2     2     2     2     2
       3     3     3     3     3     3]
  [  318   406   415   421   480   490   487   455   448   465   424
     471   468   440   435   461   495   483   453   515   526   478
     499   491   530   503   486   548   479   573   549   520   564
     488   530   572   554   585   543   525   562   562   531   585
     588   595   566   571  5946   604   606   685   629   649   646
   60013 60024 60013 60013 60022 60014]]]
unstable
 
 err: 
done running mariposa 249.0
Bisecting: 1034 revisions left to test after this (roughly 10 steps)
[0644194fc96a853df44c37f9e4522796aa40add8] work on lemma from product to factors, and some renaming
running python3 /home/yizhou7/mariposa/scripts/z3-bisect.py /home/yizhou7/mariposa/data/bisect_tasks/d_fvbkv_z3_clean--lib-Buckets-PackedKVMarshalling.i.dfy.Impl__PackedKVMarshalling.__default.ComputeWF.txt
building z3
Bisecting: 1034 revisions left to test after this (roughly 10 steps)
[0321312c8db1d3f0edbd23e6e48884fbb7d77d1d] Changed to get_const_interp to match Java and C# bindings
running python3 /home/yizhou7/mariposa/scripts/z3-bisect.py /home/yizhou7/mariposa/data/bisect_tasks/d_fvbkv_z3_clean--lib-Buckets-PackedKVMarshalling.i.dfy.Impl__PackedKVMarshalling.__default.ComputeWF.txt
building z3
done building z3 3.4
running mariposa
res: 1 
 out: [[[    2     2     2     2     2     2     2     2     2     2     2
       2     2     2     2     2     2     2     3     2     3     2
       2     3     2     2     2     2     2     2     2     2     2
       2     2     2     2     3     3     2     3     2     2     2
       2     3     2     2     2     2     2     3     2     3     2
       2     3     3     3     3     3]
  [  295   497   471   459   482   556   487   493  3704   522   504
     562   485   510   519   512   490   476 60019   462 60017   459
     471 60017   480   443   441   462   452  3008   444   461   437
     481   449   473   481 60015 60029   494 60017   509   509   524
     508 60017   495   494   497   494   644 60019   510 60016   468
     458 60016 60026 60013 60014 60012]]

 [[    2     2     2     2     2     2     2     2     2     2     2
       2     2     2     2     2     2     2     2     2     3     2
       2     2     2     2     2     2     2     2     2     2     2
       2     2     2     2     2     3     2     2     2     2     2
       2     2     2     2     2     2     3     2     2     3     2
       3     3     3     3     3     3]
  [  295   479   494   489   499   494   522   513   499   521 14362
     552   491   512   485   497   465   467   510   498 60012   460
     474   459   465   461   461   474   500   470   490   524   494
     522   502   489   493   505 60014   487   493   507   493   506
     510   531   534   516   540   535 60017   515   519 60015   498
   60013 60015 60019 60017 60015 60015]]

 [[    2     2     2     2     2     2     2     2     2     2     2
       2     2     2     2     2     2     2     2     2     2     2
       2     2     2     2     2     2     2     2     2     2     2
       2     2     2     2     3     2     3     2     2     2     3
       2     2     2     3     3     2     2     2     3     2     2
       2     3     3     3     3     3]
  [  295   393   391   424   391   396   436   399   402   393   416
     417   435   390   396   392   430   426   421   424   442   428
     450   419   426   427   417   430   434   437   454   464   472
     539   560   593   619 60011   582 60014   539   535   541 60012
     545   531   543 60012 60014   490   509   502 60015   505  3708
     514 60022 60018 60016 60015 60013]]]
unstable
 
 err: 
done running mariposa 336.4
Bisecting: 261 revisions left to test after this (roughly 8 steps)
[6e637348826f0725ba8a01c455448023ca2889e4] Merge pull request #2368 from waywardmonkeys/fix-typo
running python3 /home/yizhou7/mariposa/scripts/z3-bisect.py /home/yizhou7/mariposa/data/bisect_tasks/d_fvbkv_z3_clean--lib-Buckets-PackedKVMarshalling.i.dfy.Impl__PackedKVMarshalling.__default.ComputeWF.txt
building z3
done building z3 3.3
running mariposa
res: 1 
 out: [[[    2     2     2     2     2     2     2     2     2     2     2
       2     2     2     2     2     2     2     2     2     2     2
       2     2     2     2     2     2     2     2     2     2     2
       2     2     2     2     2     2     2     2     2     2     3
       2     2     2     2     3     2     2     2     2     2     2
       3     3     3     3     3     3]
  [  292   482   495   504   536   509   523   504   517   519   516
     526   515   504   515   504   475   473   465   468   476   458
     467   467   453   467   474   501   478   466   511   441   447
     471   480   483   452   437   450   489   493   486   514 60024
     530   518   523   532 60016   488   510   505   503   485   476
   60016 60016 60014 60013 60016 60018]]

 [[    2     2     2     2     2     2     2     2     2     2     2
       2     2     2     2     2     2     2     2     2     2     2
       2     2     2     2     2     2     2     2     3     2     2
       2     2     2     2     2     3     2     3     2     2     2
       2     2     3     2     2     2     2     2     2     2     2
       3     3     3     3     3     3]
  [  292   428   433   469   460   454   493   475   475   460   490
     488   522   533   503   494   535   496   507   654   506   511
     519   496   500   496   504   501   452   449 60014   458   454
     467   448   446   451   453 60018   440 60021   455   446   419
     427   473 60014   485  2723   422   454   443   461   457   475
   60016 60018 60015 60012 60015 60014]]

 [[    2     2     2     2     2     2     2     2     2     2     2
       2     2     2     2     2     2     2     2     2     2     2
       2     2     2     2     2     2     2     2     2     2     2
       2     2     3     3     2     2     2     2     3     2     2
       2     2     3     2     2     3     2     2     2     2     2
       2     2     3     3     3     3]
  [  292   384   375   392   391   431   406   428   435   469   432
     443   432   444   461   451   444   443   481   470   469   457
     460   475   482   488   519   559   531 10242   578   587   599
     607   572 60022 60014   505   521   524   533 60012   506   507
     514   511 60021   498   523 60013   513   476   490   526   491
     487   497 60013 60018 60016 60013]]]
unstable
 
 err: 
done running mariposa 270.6
Bisecting: 130 revisions left to test after this (roughly 7 steps)
[9b4f327e29de8eadd112e53af5a8fb9f430fabf7] set upload mode to replace
running python3 /home/yizhou7/mariposa/scripts/z3-bisect.py /home/yizhou7/mariposa/data/bisect_tasks/d_fvbkv_z3_clean--lib-Buckets-PackedKVMarshalling.i.dfy.Impl__PackedKVMarshalling.__default.ComputeWF.txt
building z3
done building z3 3.3
running mariposa
res: 0 
 out: [[[  2   2   2   2   2   2   2   2   2   2   2   2   2   2   2   2   2
     2   2   2   2   2   2   2   2   2   2   2   2   2   2   2   2   2
     2   2   2   2   2   2   2   2   2   2   2   2   2   2   2   2   2
     2   2   2   2   2   2   2   2   2   2]
  [289 341 379 343 345 348 358 334 346 344 371 357 405 348 342 344 385
   354 346 342 346 368 346 350 365 340 340 347 346 350 343 355 351 345
   347 343 361 373 341 347 367 365 343 345 364 367 352 368 345 343 346
   365 375 341 362 369 355 333 331 328 347]]

 [[  2   2   2   2   2   2   2   2   2   2   2   2   2   2   2   2   2
     2   2   2   2   2   2   2   2   2   2   2   2   2   2   2   2   2
     2   2   2   2   2   2   2   2   2   2   2   2   2   2   2   2   2
     2   2   2   2   2   2   2   2   2   2]
  [289 357 370 351 354 350 349 395 365 347 366 351 349 391 365 351 349
   351 349 351 349 350 351 378 355 350 348 351 348 351 365 373 351 362
   350 350 348 370 353 350 352 368 351 350 352 348 384 380 365 373 352
   347 381 348 379 356 349 371 360 350 383]]

 [[  2   2   2   2   2   2   2   2   2   2   2   2   2   2   2   2   2
     2   2   2   2   2   2   2   2   2   2   2   2   2   2   2   2   2
     2   2   2   2   2   2   2   2   2   2   2   2   2   2   2   2   2
     2   2   2   2   2   2   2   2   2   2]
  [289 392 393 384 388 389 390 391 399 400 389 404 415 421 438 380 381
   385 411 391 387 395 394 375 384 409 391 426 405 378 375 383 403 454
   402 452 380 377 402 390 384 420 404 381 386 381 412 396 378 406 383
   378 386 403 405 379 428 383 427 379 402]]]
stable
 
 err: 
done running mariposa 18.3
Bisecting: 65 revisions left to test after this (roughly 6 steps)
[42ac3a536369a7d4a7eafa1fa15b571b146ba594] merge with csp
running python3 /home/yizhou7/mariposa/scripts/z3-bisect.py /home/yizhou7/mariposa/data/bisect_tasks/d_fvbkv_z3_clean--lib-Buckets-PackedKVMarshalling.i.dfy.Impl__PackedKVMarshalling.__default.ComputeWF.txt
building z3
done building z3 3.3
running mariposa
res: 0 
 out: [[[  2   2   2   2   2   2   2   2   2   2   2   2   2   2   2   2   2
     2   2   2   2   2   2   2   2   2   2   2   2   2   2   2   2   2
     2   2   2   2   2   2   2   2   2   2   2   2   2   2   2   2   2
     2   2   2   2   2   2   2   2   2   2]
  [293 345 365 345 365 348 348 340 344 370 384 344 376 390 345 346 388
   349 357 347 389 369 347 358 343 349 343 350 349 351 344 366 357 344
   371 343 345 368 357 349 344 349 345 376 349 379 348 373 367 369 349
   351 344 370 344 371 337 377 335 331 361]]

 [[  2   2   2   2   2   2   2   2   2   2   2   2   2   2   2   2   2
     2   2   2   2   2   2   2   2   2   2   2   2   2   2   2   2   2
     2   2   2   2   2   2   2   2   2   2   2   2   2   2   2   2   2
     2   2   2   2   2   2   2   2   2   2]
  [293 350 349 378 351 350 372 375 352 370 353 353 375 355 349 380 398
   371 371 351 347 352 402 395 355 355 382 353 350 373 360 359 351 352
   386 352 346 349 398 354 350 377 353 374 350 369 351 350 371 372 351
   348 377 356 353 355 355 351 381 373 352]]

 [[  2   2   2   2   2   2   2   2   2   2   2   2   2   2   2   2   2
     2   2   2   2   2   2   2   2   2   2   2   2   2   2   2   2   2
     2   2   2   2   2   2   2   2   2   2   2   2   2   2   2   2   2
     2   2   2   2   2   2   2   2   2   2]
  [293 395 401 412 389 384 407 409 380 384 405 386 411 406 390 381 383
   383 389 406 414 435 380 384 401 385 387 388 394 383 376 413 391 395
   386 380 395 382 389 386 406 388 384 407 399 396 385 417 390 408 384
   382 389 407 400 391 428 379 396 387 427]]]
stable
 
 err: 
done running mariposa 18.5
Bisecting: 32 revisions left to test after this (roughly 5 steps)
[b4290d4b3d7c021965e9ce7ee636caac0f9cac74] python regression
running python3 /home/yizhou7/mariposa/scripts/z3-bisect.py /home/yizhou7/mariposa/data/bisect_tasks/d_fvbkv_z3_clean--lib-Buckets-PackedKVMarshalling.i.dfy.Impl__PackedKVMarshalling.__default.ComputeWF.txt
building z3
done building z3 3.3
running mariposa
res: 1 
 out: [[[    3     2     2     2     2     2     2     2     2     2     2
       2     2     2     2     2     2     2     2     2     2     2
       2     2     2     2     2     2     2     2     2     2     2
       2     2     2     2     2     3     2     2     2     2     2
       2     2     2     2     2     2     2     3     2     2     2
       2     2     3     3     3     3]
  [60012   484   495   496   484   484   501   469   472   491   488
     490   482   474   495   486   501   500   514   518   529  4342
     497   499   507   498   500   502   462   474   465   479   474
     483   469   472   471  5600 60017   463   453   459   458   464
     456   448   454   475   463   484   490 60017   495   482   475
     475   490 60024 60015 60021 60020]]

 [[    3     2     2     2     2     2     2     2     2     2     2
       2     2     2     2     2     2     2     2     2     2     3
       3     3     3     2     2     2     2     2     2     2     2
       2     3     2     3     2     3     2     2     2     2     3
       3     2     2     2     2     2     2     3     2     3     2
       2     2     3     3     3     3]
  [60012   448   459   452   437   421   415   414   409   406   408
     465   518   536   515   528   476   493   502   478   462 60014
   60012 60012 60015   453   435   446   478   491   478   499   492
     488 60023   510 60015   489 60015   468   484   477   469 60013
   60021   465   469   463   451   467   469 60014   474 60016   467
     476   471 60016 60018 60015 60020]]

 [[    3     2     2     2     2     2     2     2     2     2     2
       2     2     2     2     2     2     2     2     2     2     2
       2     2     2     2     2     2     2     2     2     2     2
       3     3     2     3     2     3     2     2     3     3     2
       2     2     2     2     2     2     2     2     2     2     2
       2     2     2     3     3     3]
  [60012   403   387   432   396   418   409   402   433   419   476
     438   421   447   452   434   454   461   498   447   456   470
     497   492   499   488   486   475   510   526   571   575   598
   60013 60018   571 60012  2964 60015   576   562 60015 60012   524
     575   454   442   444   443   440   452   497   506   484   485
     510   496   475 60022 60030 60012]]]
unstable
 
 err: 
done running mariposa 377.7
Bisecting: 16 revisions left to test after this (roughly 4 steps)
[0f7ff2a3d016ce6cc0dcc2654a6aa0187bc55192] swap
running python3 /home/yizhou7/mariposa/scripts/z3-bisect.py /home/yizhou7/mariposa/data/bisect_tasks/d_fvbkv_z3_clean--lib-Buckets-PackedKVMarshalling.i.dfy.Impl__PackedKVMarshalling.__default.ComputeWF.txt
building z3
done building z3 3.4
running mariposa
res: 0 
 out: [[[  2   2   2   2   2   2   2   2   2   2   2   2   2   2   2   2   2
     2   2   2   2   2   2   2   2   2   2   2   2   2   2   2   2   2
     2   2   2   2   2   2   2   2   2   2   2   2   2   2   2   2   2
     2   2   2   2   2   2   2   2   2   2]
  [279 332 359 333 340 337 348 395 358 331 341 356 340 341 329 336 330
   372 343 358 339 334 335 363 339 337 338 337 336 358 374 335 340 339
   337 354 335 342 337 336 335 349 337 343 337 336 354 346 339 335 354
   374 338 340 354 339 336 325 323 317 321]]

 [[  2   2   2   2   2   2   2   2   2   2   2   2   2   2   2   2   2
     2   2   2   2   2   2   2   2   2   2   2   2   2   2   2   2   2
     2   2   2   2   2   2   2   2   2   2   2   2   2   2   2   2   2
     2   2   2   2   2   2   2   2   2   2]
  [279 358 374 342 340 370 343 338 340 357 344 359 339 346 355 339 337
   344 365 339 340 342 338 354 341 355 342 361 359 343 340 345 345 354
   343 337 339 344 339 340 354 343 359 341 341 342 346 341 341 363 355
   359 336 337 344 361 342 336 359 337 341]]

 [[  2   2   2   2   2   2   2   2   2   2   2   2   2   2   2   2   2
     2   2   2   2   2   2   2   2   2   2   2   2   2   2   2   2   2
     2   2   2   2   2   2   2   2   2   2   2   2   2   2   2   2   2
     2   2   2   2   2   2   2   2   2   2]
  [279 369 426 396 412 431 390 401 373 405 394 398 403 407 394 374 378
   401 372 394 386 415 373 378 393 412 394 405 412 370 367 392 371 374
   392 446 376 371 375 380 374 438 446 374 374 392 404 381 397 379 380
   375 384 376 414 400 381 372 396 370 377]]]
stable
 
 err: 
done running mariposa 18.2
Bisecting: 7 revisions left to test after this (roughly 3 steps)
[89e8a1392c992a6c37b8c5320b9e4b9b506bd4a1] na
running python3 /home/yizhou7/mariposa/scripts/z3-bisect.py /home/yizhou7/mariposa/data/bisect_tasks/d_fvbkv_z3_clean--lib-Buckets-PackedKVMarshalling.i.dfy.Impl__PackedKVMarshalling.__default.ComputeWF.txt
building z3
done building z3 3.4
running mariposa
res: 1 
 out: [[[    3     2     2     2     2     2     2     2     2     2     2
       2     2     2     2     2     2     2     2     2     2     2
       2     2     2     2     2     2     2     2     2     2     2
       2     2     2     2     2     3     2     2     2     2     2
       2     2     2     2     2     2     2     3     2     2     2
       2     2     3     3     3     3]
  [60011   483   503   494   491   495   506   474   479   491   488
     491   479   483   501   496   511   519   535   526   540  4126
     498   495   507   497   500   505   500   518   508   514   511
     528   514   511  5808   504 60018   470   466   468   463   493
     473   465   486   489   499   499   510 60015   521   505   502
     506   516 60017 60017 60022 60019]]

 [[    3     2     2     2     2     2     2     2     2     2     2
       2     2     2     2     2     2     2     2     2     2     3
       3     3     3     2     2     2     2     2     2     2     2
       2     3     2     3     2     3     2     2     2     2     3
       3     2     2     2     2     2     2     3     2     3     2
       2     2     3     3     3     3]
  [60011   479   475   470   459   450   438   427   417   412   413
     472   519   530   517   531   482   495   486   466   448 60015
   60014 60012 60015   432   442   439   457   480   477   496   495
     501 60025   515 60016   469 60015   491   489   461   453 60014
   60021   456   475   475   481   459   464 60014   487 60016   464
     472   467 60015 60019 60016 60022]]

 [[    3     2     2     2     2     2     2     2     2     2     2
       2     2     2     2     2     2     2     2     2     2     2
       2     2     2     2     2     2     2     2     2     2     2
       3     3     2     3     2     3     2     2     3     2     3
       2     2     2     2     2     2     2     2     2     2     2
       2     2     2     3     3     3]
  [60011   382   388   392   443   408   423   442   422   419   459
     427   433   431   443   456   440   453   465   464   449   468
     485   491   505   482   500   479   507   539   581   579   611
   60019 60012   535 60013  2788 60014   555   540 60021   534 60012
     528   537   525   578   541   530   517   534   521   538   543
     543   537   529 60017 60033 60014]]]
unstable
 
 err: 
done running mariposa 378.1
Bisecting: 4 revisions left to test after this (roughly 2 steps)
[1827f98851e1866187abe743afd2d80bc786412f] more fixes for mutexes in shell
running python3 /home/yizhou7/mariposa/scripts/z3-bisect.py /home/yizhou7/mariposa/data/bisect_tasks/d_fvbkv_z3_clean--lib-Buckets-PackedKVMarshalling.i.dfy.Impl__PackedKVMarshalling.__default.ComputeWF.txt
building z3
done building z3 3.3
running mariposa
res: 0 
 out: [[[  2   2   2   2   2   2   2   2   2   2   2   2   2   2   2   2   2
     2   2   2   2   2   2   2   2   2   2   2   2   2   2   2   2   2
     2   2   2   2   2   2   2   2   2   2   2   2   2   2   2   2   2
     2   2   2   2   2   2   2   2   2   2]
  [278 339 334 334 355 328 356 353 335 351 330 366 358 333 377 332 356
   385 340 336 334 353 353 339 335 353 351 353 337 331 342 355 339 353
   355 331 330 337 360 353 357 353 331 338 338 338 333 335 351 332 397
   390 337 357 334 336 328 323 322 320 320]]

 [[  2   2   2   2   2   2   2   2   2   2   2   2   2   2   2   2   2
     2   2   2   2   2   2   2   2   2   2   2   2   2   2   2   2   2
     2   2   2   2   2   2   2   2   2   2   2   2   2   2   2   2   2
     2   2   2   2   2   2   2   2   2   2]
  [278 337 341 342 337 343 339 333 376 340 341 342 365 336 338 338 369
   389 340 358 369 361 338 340 360 348 367 386 347 343 368 344 342 352
   334 386 377 369 367 342 340 339 374 345 352 353 341 337 340 336 366
   351 338 339 347 336 340 336 397 338 369]]

 [[  2   2   2   2   2   2   2   2   2   2   2   2   2   2   2   2   2
     2   2   2   2   2   2   2   2   2   2   2   2   2   2   2   2   2
     2   2   2   2   2   2   2   2   2   2   2   2   2   2   2   2   2
     2   2   2   2   2   2   2   2   2   2]
  [278 375 368 375 389 416 393 432 373 368 372 379 395 399 388 370 370
   374 373 414 399 382 390 370 381 392 392 369 406 367 368 406 377 414
   372 402 370 376 410 404 378 376 374 374 388 393 370 394 396 370 374
   371 376 391 417 404 376 400 403 407 417]]]
stable
 
 err: 
done running mariposa 18.1
Bisecting: 1 revision left to test after this (roughly 1 step)
[5177cc4a9a58df192c6a844ca13abf7e7cd3be15] change lt
running python3 /home/yizhou7/mariposa/scripts/z3-bisect.py /home/yizhou7/mariposa/data/bisect_tasks/d_fvbkv_z3_clean--lib-Buckets-PackedKVMarshalling.i.dfy.Impl__PackedKVMarshalling.__default.ComputeWF.txt
building z3
done building z3 3.3
running mariposa
res: 1 
 out: [[[    3     2     2     2     2     2     2     2     2     2     2
       2     2     2     2     2     2     2     2     2     2     2
       2     2     2     2     2     2     2     2     2     2     2
       2     2     2     2     2     3     2     2     2     2     2
       2     2     2     2     2     2     2     2     3     2     2
       2     2     3     3     3     3]
  [60011   493   496   496   499   493   511   479   473   498   489
     491   484   480   501   488   512   508   518   519   520  4269
     497   522   520   501   501   508   510   513   503   518   509
     515   511   506  5639   508 60017   472   466   473   465   476
     475   463   487   479   504   497   513   526 60016   512   500
     503   520 60016 60017 60020 60022]]

 [[    3     2     2     2     2     2     2     2     2     2     2
       2     2     2     2     2     2     2     2     2     2     3
       3     3     2     3     2     2     2     2     2     2     2
       2     3     2     3     2     3     2     2     2     2     3
       3     2     2     2     2     2     2     3     2     3     2
       2     2     3     3     3     3]
  [60011   496   492   491   501   426   422   401   402   414   415
     460   502   531   513   523   468   497   476   474   461 60015
   60012 60013   439 60014   443   450   481   491   475   495   494
     493 60023   513 60015   499 60015   487   478   489   473 60015
   60021   461   462   476   451   465   464 60014   493 60018   477
     481   486 60017 60017 60016 60020]]

 [[    3     2     2     2     2     2     2     2     2     2     2
       2     2     2     2     2     2     2     2     2     2     2
       2     2     2     2     2     2     2     2     2     2     2
       3     3     2     3     2     3     2     2     3     3     2
       2     2     2     2     2     2     2     2     2     2     2
       2     2     2     3     3     3]
  [60011   381   387   393   399   411   404   425   437   432   456
     433   447   481   441   469   434   472   456   474   487   476
     478   493   502   507   492   510   503   522   568   565   600
   60017 60011   559 60013  2856 60014   554   573 60020 60013   537
     535   548   534   523   549   540   527   517   527   573   533
     539   556   545 60016 60032 60013]]]
unstable
 
 err: 
done running mariposa 378.1
Bisecting: 0 revisions left to test after this (roughly 1 step)
[7c9d2e0d75757ed6aa535f72c7dec70d5a527fed] pydoc test
running python3 /home/yizhou7/mariposa/scripts/z3-bisect.py /home/yizhou7/mariposa/data/bisect_tasks/d_fvbkv_z3_clean--lib-Buckets-PackedKVMarshalling.i.dfy.Impl__PackedKVMarshalling.__default.ComputeWF.txt
building z3
done building z3 3.3
running mariposa
res: 0 
 out: [[[  2   2   2   2   2   2   2   2   2   2   2   2   2   2   2   2   2
     2   2   2   2   2   2   2   2   2   2   2   2   2   2   2   2   2
     2   2   2   2   2   2   2   2   2   2   2   2   2   2   2   2   2
     2   2   2   2   2   2   2   2   2   2]
  [282 337 337 356 369 334 353 335 331 337 328 329 396 338 358 335 347
   358 334 342 339 356 361 338 358 361 352 338 332 332 362 353 356 340
   339 330 338 336 395 335 355 353 333 336 339 383 367 338 333 372 337
   335 347 346 339 340 346 327 340 317 315]]

 [[  2   2   2   2   2   2   2   2   2   2   2   2   2   2   2   2   2
     2   2   2   2   2   2   2   2   2   2   2   2   2   2   2   2   2
     2   2   2   2   2   2   2   2   2   2   2   2   2   2   2   2   2
     2   2   2   2   2   2   2   2   2   2]
  [282 338 338 400 337 384 358 341 339 340 367 342 338 338 357 352 337
   339 338 337 344 362 349 339 340 342 339 344 356 364 338 371 343 341
   338 351 339 343 340 342 366 348 342 350 338 368 343 338 357 344 353
   336 336 359 346 342 360 353 337 343 337]]

 [[  2   2   2   2   2   2   2   2   2   2   2   2   2   2   2   2   2
     2   2   2   2   2   2   2   2   2   2   2   2   2   2   2   2   2
     2   2   2   2   2   2   2   2   2   2   2   2   2   2   2   2   2
     2   2   2   2   2   2   2   2   2   2]
  [282 377 378 378 369 382 376 391 376 373 373 383 372 386 372 373 370
   370 372 387 401 434 371 371 373 401 373 411 399 364 368 377 389 386
   397 396 369 378 391 410 377 417 416 370 372 369 400 406 402 395 374
   370 388 451 389 425 383 388 374 399 394]]]
stable
 
 err: 
done running mariposa 18.1
5177cc4a9a58df192c6a844ca13abf7e7cd3be15 is the first bad commit
commit 5177cc4a9a58df192c6a844ca13abf7e7cd3be15
Author: Nikolaj Bjorner <nbjorner@microsoft.com>
Date:   Fri Jun 21 09:08:20 2019 +0200

    change lt
    
    Signed-off-by: Nikolaj Bjorner <nbjorner@microsoft.com>

:040000 040000 bba0b3898c697bc6efeb66752253b42641d4a606 dc4029a365361041d58c5e9f581973ad21a69ecd M	src
bisect run success
git bisect start
# good: [e79542cc689d52ec4cb34ce4ae3fbe56e7a0bf70] fix #2309
git bisect good e79542cc689d52ec4cb34ce4ae3fbe56e7a0bf70
# bad: [ad55a1f1c617a7f0c3dd735c0780fc758424c7f1] Update release.yml for Azure Pipelines
git bisect bad ad55a1f1c617a7f0c3dd735c0780fc758424c7f1
# skip: [e2702f3ae88f5c48a55f4473bb5c29184c182634] fixes in assigning constraints to intervals
git bisect skip e2702f3ae88f5c48a55f4473bb5c29184c182634
# skip: [1915812f84cf41a5f232eedf2a695a54d055aa88] add a test for intervals
git bisect skip 1915812f84cf41a5f232eedf2a695a54d055aa88
# bad: [8faf35e2e0c8fce99794e71bd3b5de74b95ceb5a] fix #3735
git bisect bad 8faf35e2e0c8fce99794e71bd3b5de74b95ceb5a
# skip: [d1a5635b4ad7f8632356b380f3a9b1fc83fdb04f] better model based lemmaas
git bisect skip d1a5635b4ad7f8632356b380f3a9b1fc83fdb04f
# skip: [0a86bd14f792ef5fadb8eeb346729a612f7e1588] start on test nla
git bisect skip 0a86bd14f792ef5fadb8eeb346729a612f7e1588
# bad: [f7747d9e76bd685a02ce5c5fbda91fc356856b5e] fix parameter collection for tactic-based solvers reported in #3065
git bisect bad f7747d9e76bd685a02ce5c5fbda91fc356856b5e
# skip: [0644194fc96a853df44c37f9e4522796aa40add8] work on lemma from product to factors, and some renaming
git bisect skip 0644194fc96a853df44c37f9e4522796aa40add8
# bad: [0321312c8db1d3f0edbd23e6e48884fbb7d77d1d] Changed to get_const_interp to match Java and C# bindings
git bisect bad 0321312c8db1d3f0edbd23e6e48884fbb7d77d1d
# bad: [6e637348826f0725ba8a01c455448023ca2889e4] Merge pull request #2368 from waywardmonkeys/fix-typo
git bisect bad 6e637348826f0725ba8a01c455448023ca2889e4
# good: [9b4f327e29de8eadd112e53af5a8fb9f430fabf7] set upload mode to replace
git bisect good 9b4f327e29de8eadd112e53af5a8fb9f430fabf7
# good: [42ac3a536369a7d4a7eafa1fa15b571b146ba594] merge with csp
git bisect good 42ac3a536369a7d4a7eafa1fa15b571b146ba594
# bad: [b4290d4b3d7c021965e9ce7ee636caac0f9cac74] python regression
git bisect bad b4290d4b3d7c021965e9ce7ee636caac0f9cac74
# good: [0f7ff2a3d016ce6cc0dcc2654a6aa0187bc55192] swap
git bisect good 0f7ff2a3d016ce6cc0dcc2654a6aa0187bc55192
# bad: [89e8a1392c992a6c37b8c5320b9e4b9b506bd4a1] na
git bisect bad 89e8a1392c992a6c37b8c5320b9e4b9b506bd4a1
# good: [1827f98851e1866187abe743afd2d80bc786412f] more fixes for mutexes in shell
git bisect good 1827f98851e1866187abe743afd2d80bc786412f
# bad: [5177cc4a9a58df192c6a844ca13abf7e7cd3be15] change lt
git bisect bad 5177cc4a9a58df192c6a844ca13abf7e7cd3be15
# good: [7c9d2e0d75757ed6aa535f72c7dec70d5a527fed] pydoc test
git bisect good 7c9d2e0d75757ed6aa535f72c7dec70d5a527fed
# first bad commit: [5177cc4a9a58df192c6a844ca13abf7e7cd3be15] change lt
