running python3 /home/yizhou7/mariposa/scripts/z3-bisect.py /home/yizhou7/mariposa/data/bisect_tasks/d_fvbkv_z3_clean--lib-Buckets-PackedKV.i.dfy.Impl__DynamicPkv.__default.IMessagesSlice.txt
building z3
Bisecting: 1453 revisions left to test after this (roughly 11 steps)
[1915812f84cf41a5f232eedf2a695a54d055aa88] add a test for intervals
running python3 /home/yizhou7/mariposa/scripts/z3-bisect.py /home/yizhou7/mariposa/data/bisect_tasks/d_fvbkv_z3_clean--lib-Buckets-PackedKV.i.dfy.Impl__DynamicPkv.__default.IMessagesSlice.txt
building z3
Bisecting: 1453 revisions left to test after this (roughly 11 steps)
[8faf35e2e0c8fce99794e71bd3b5de74b95ceb5a] fix #3735
running python3 /home/yizhou7/mariposa/scripts/z3-bisect.py /home/yizhou7/mariposa/data/bisect_tasks/d_fvbkv_z3_clean--lib-Buckets-PackedKV.i.dfy.Impl__DynamicPkv.__default.IMessagesSlice.txt
building z3
done building z3 3.5
running mariposa
res: 1 
 out: [[[    2     2     2     2     2     2     2     2     2     2     2
       2     2     2     2     2     2     2     2     2     2     2
       2     2     2     2     2     2     2     2     2     2     2
       2     2     3     2     2     3     2     2     2     3     2
       2     2     2     2     2     2     2     2     2     2     3
       2     2     2     3     3     3]
  [  547  1055   980   812   782   881   922   756   891   982  1105
     893   885   894   856   856   778  1122   832  1072   966   929
     940   970   904  1159   915  1128   878   954  1009   893  1006
     995  1223 60017   953   901 60022   912   914   838 60018   770
     954   854   766   879   854   902   793   802   922   885 60023
     810   790  1023 60022 60019 60027]]

 [[    2     2     2     2     2     2     2     2     2     2     2
       2     2     2     2     2     2     2     2     2     2     2
       2     2     2     2     2     2     2     2     2     2     2
       2     2     2     2     2     2     2     2     2     2     2
       2     2     2     2     2     2     2     2     2     2     2
       2     2     2     3     3     3]
  [  547  1025   888   898   894   978   920   958   964  1049   855
     765   757   861  1006   991   827   872   905   928   696   906
     819   938   976   787   839  1856   864   835   970   797   807
    1039  1065   923   898   931   840   927  1012   842   950   925
     674   869   742   917   916   799   956   856   923  1004   894
     980  1099  1108 60027 60027 60024]]

 [[    2     2     2     2     2     2     2     2     2     2     2
       2     2     2     2     2     2     2     2     2     2     2
       2     2     2     2     2     2     2     2     2     2     2
       2     2     2     2     2     2     2     2     2     2     2
       2     2     2     2     2     2     2     2     2     2     2
       3     3     3     3     3     3]
  [  547   735   858   843   875  1044   786   965  1019  1085  1047
     905   957  1015   992  1003   907  1132   879   926   936  1015
     988  1143  2703   975   918  1062  1145  1145  1081  1094  1072
    1162  1041  1247  1096  1189   948   915  1370  1155  1094   926
     963   851  1126   907   999  1093  1121   933   940  1044  1155
   60016 60027 60024 60026 60014 60025]]]
unstable
 
 err: 
done running mariposa 209.3
Bisecting: 1254 revisions left to test after this (roughly 10 steps)
[d1a5635b4ad7f8632356b380f3a9b1fc83fdb04f] better model based lemmaas
running python3 /home/yizhou7/mariposa/scripts/z3-bisect.py /home/yizhou7/mariposa/data/bisect_tasks/d_fvbkv_z3_clean--lib-Buckets-PackedKV.i.dfy.Impl__DynamicPkv.__default.IMessagesSlice.txt
building z3
Bisecting: 1254 revisions left to test after this (roughly 10 steps)
[0a86bd14f792ef5fadb8eeb346729a612f7e1588] start on test nla
running python3 /home/yizhou7/mariposa/scripts/z3-bisect.py /home/yizhou7/mariposa/data/bisect_tasks/d_fvbkv_z3_clean--lib-Buckets-PackedKV.i.dfy.Impl__DynamicPkv.__default.IMessagesSlice.txt
building z3
Bisecting: 1254 revisions left to test after this (roughly 10 steps)
[f7747d9e76bd685a02ce5c5fbda91fc356856b5e] fix parameter collection for tactic-based solvers reported in #3065
running python3 /home/yizhou7/mariposa/scripts/z3-bisect.py /home/yizhou7/mariposa/data/bisect_tasks/d_fvbkv_z3_clean--lib-Buckets-PackedKV.i.dfy.Impl__DynamicPkv.__default.IMessagesSlice.txt
building z3
done building z3 3.5
running mariposa
res: 1 
 out: [[[    2     2     2     2     2     2     2     2     2     2     2
       2     2     2     2     2     2     2     2     2     2     2
       2     2     2     2     2     2     2     2     2     2     2
       2     2     2     2     2     2     2     2     2     2     2
       2     2     2     2     2     2     2     2     2     2     2
       2     2     2     3     3     3]
  [  492   656   631   730   695   649   672   703   698   582   734
     769   751   649   635   688   610   727   761   746   757   698
     708   664   823   901   728   852   763   680   894   793   807
     879   708   657   630   716   732   895   778   806   943   856
     910   993   955   963   916   905   829   923   798   717   785
     803   700   799 60019 60028 60027]]

 [[    2     2     2     2     2     2     2     2     2     2     2
       2     2     2     2     2     2     2     2     2     2     2
       2     2     2     2     2     2     2     2     2     2     2
       2     2     2     2     2     2     2     2     2     2     2
       2     2     2     2     2     2     2     2     2     2     2
       2     2     2     2     2     3]
  [  492   737   746   839   670   934   909   848   912  1003   762
     991   980   882   783   826   962   932   862   877   781   938
     828   808  1001   733   956   807   987   939   948   890   930
     684   891   980   826   906   704   825   796   825   870   872
     796   800   777   831   880   858   936   769   772   855   884
     897   800   760   848   761 60018]]

 [[    2     2     2     2     2     2     2     2     2     2     2
       2     2     2     2     2     2     2     2     2     2     2
       2     2     2     2     2     2     2     2     2     2     2
       2     2     2     2     2     2     2     2     2     2     2
       2     2     2     2     2     3     3     2     2     2     3
       2     3     3     3     3     3]
  [  492   729   755   739   794   812   875   891   639   795   802
     851   960   856   796  2131   880  1064   892  1019   888   970
     997  1004   947   867   971   989  1195  1084   965   945  1104
    1067  1255  1006  1290  1046  1048  1084  1460   913  1025   979
    1171  1001  1110  1050  1075 60031 60024   937   802   710 60028
     875 60024 60026 60025 60028 60031]]]
unstable
 
 err: 
done running mariposa 158.7
Bisecting: 1034 revisions left to test after this (roughly 10 steps)
[0644194fc96a853df44c37f9e4522796aa40add8] work on lemma from product to factors, and some renaming
running python3 /home/yizhou7/mariposa/scripts/z3-bisect.py /home/yizhou7/mariposa/data/bisect_tasks/d_fvbkv_z3_clean--lib-Buckets-PackedKV.i.dfy.Impl__DynamicPkv.__default.IMessagesSlice.txt
building z3
Bisecting: 1034 revisions left to test after this (roughly 10 steps)
[0321312c8db1d3f0edbd23e6e48884fbb7d77d1d] Changed to get_const_interp to match Java and C# bindings
running python3 /home/yizhou7/mariposa/scripts/z3-bisect.py /home/yizhou7/mariposa/data/bisect_tasks/d_fvbkv_z3_clean--lib-Buckets-PackedKV.i.dfy.Impl__DynamicPkv.__default.IMessagesSlice.txt
building z3
done building z3 3.4
running mariposa
res: 1 
 out: [[[    2     2     2     2     2     2     2     2     2     2     2
       2     2     2     2     2     2     2     2     2     2     2
       2     2     2     2     2     2     2     2     2     2     2
       2     2     2     2     2     2     2     2     2     2     2
       2     2     2     2     2     2     2     2     2     2     2
       2     2     3     3     3     3]
  [  498   622   700   730   776   754   664   693   730   830   723
     734   720   638   672   736   840   682   613   693   646   697
     680   704   695   607   700   715   785   808   767   767   823
     861   778   693   691   744   685   730   905   718   880   783
     976   874   743   839   860   799   810   723   771   753   942
     768   982 60031 60017 60031 60030]]

 [[    2     2     2     2     2     2     2     2     2     2     2
       2     2     2     2     2     2     2     2     2     2     2
       2     2     2     2     2     2     2     3     3     3     3
       2     2     2     2     3     2     2     2     2     2     2
       2     2     2     2     2     3     2     2     2     2     2
       3     3     3     3     3     3]
  [  498   914   885   661   862  1986   848   799   699   833   790
     861   821   833   914   772   959   795   804  1114  1002   798
     963   776   825  1071   832   872   944 60027 60032 60030 60019
     994   794  1085  1063 60029   864   954   949   912  1189   837
     859   819   941   942  1137 60032  3766  1181   931   961   937
   60033 60027 60031 60027 60029 60034]]

 [[    2     2     2     2     2     2     2     2     2     2     2
       2     2     2     2     2     2     2     2     2     2     2
       2     2     2     2     2     2     2     2     2     2     2
       2     2     2     2     2     2     2     2     2     2     2
       2     2     3     3     2     2     2     2     3     2     2
       2     3     3     3     3     3]
  [  498   586   565   661   677   680   705   851   609   715   617
     663   743   730   663   809   715   703  1036   832   935   811
    1011  1147  1012   959   889   909  1446   862  1100  1164  1054
     999  1027  1025  1058   983   998   937  1020  1030  1044  1012
     921   992 60027 60026   822   910   832   835 60029  1084   781
     895 60024 60023 60023 60026 60039]]]
unstable
 
 err: 
done running mariposa 271.9
Bisecting: 261 revisions left to test after this (roughly 8 steps)
[6e637348826f0725ba8a01c455448023ca2889e4] Merge pull request #2368 from waywardmonkeys/fix-typo
running python3 /home/yizhou7/mariposa/scripts/z3-bisect.py /home/yizhou7/mariposa/data/bisect_tasks/d_fvbkv_z3_clean--lib-Buckets-PackedKV.i.dfy.Impl__DynamicPkv.__default.IMessagesSlice.txt
building z3
done building z3 3.4
running mariposa
res: 1 
 out: [[[    2     2     2     2     2     2     2     2     2     2     2
       2     2     2     2     2     2     2     2     2     2     2
       2     2     2     2     2     2     2     2     2     2     2
       2     2     2     2     2     2     2     2     2     2     2
       2     2     2     2     2     2     2     2     2     2     2
       2     2     2     3     3     3]
  [  404   657   646   593   728   770   602   594   610   612   592
     601   650   688   653   623   691   623   574   576   707   681
     609   626   673   598   599   617   600   756   683   697   833
     710   801   734   745   750   798   826   722   830   752   707
     848   809   732  1018   944   775   707   691   812   724   783
     812   710   659 60030 60017 60020]]

 [[    2     2     2     2     2     2     2     2     2     2     2
       2     2     2     2     2     2     2     2     2     2     2
       2     2     2     2     2     2     2     2     2     2     2
       2     2     2     2     2     2     3     3     2     2     3
       3     2     2     2     2     2     2     2     2     2     2
       3     2     2     3     3     3]
  [  404   773   959   886   924  1071  1022  1005   946   810   785
     712   724   680   839  1031   803   790   798   866   705   847
     593   652   769   742   773   761   891   869   699   916   930
     878   999   910   932   822  1999 60034 60033   721   792 60030
   60021   643   743   620   659   698   598   658   745   732   628
   60025   698   686 60024 60029 60034]]

 [[    2     2     2     2     2     2     2     2     2     2     2
       2     2     2     2     2     2     2     2     2     2     2
       2     2     2     2     2     2     2     2     2     2     2
       2     2     2     2     2     2     2     2     2     2     2
       2     2     2     2     2     2     2     2     2     2     2
       3     3     3     3     3     3]
  [  404   584   680   707   737   740   753   821   624   613   755
     760   772   569   684   625   794   857   777   754   768   959
    1051   747   855   926   757   808   968  1034  1010   882   863
    1007   905   822   996   934   831   905   874  1051   852  1178
     950  1146   917  1086  1142  1097  1027  1160   973   937  1137
   60026 60025 60017 60026 60025 60026]]]
unstable
 
 err: 
done running mariposa 204.4
Bisecting: 130 revisions left to test after this (roughly 7 steps)
[9b4f327e29de8eadd112e53af5a8fb9f430fabf7] set upload mode to replace
running python3 /home/yizhou7/mariposa/scripts/z3-bisect.py /home/yizhou7/mariposa/data/bisect_tasks/d_fvbkv_z3_clean--lib-Buckets-PackedKV.i.dfy.Impl__DynamicPkv.__default.IMessagesSlice.txt
building z3
done building z3 3.3
running mariposa
res: 0 
 out: [[[  2   2   2   2   2   2   2   2   2   2   2   2   2   2   2   2   2
     2   2   2   2   2   2   2   2   2   2   2   2   2   2   2   2   2
     2   2   2   2   2   2   2   2   2   2   2   2   2   2   2   2   2
     2   2   2   2   2   2   2   2   2   2]
  [449 582 572 584 555 564 634 557 594 606 546 573 597 655 530 564 598
   540 548 632 588 542 601 725 564 570 613 659 579 638 554 648 591 554
   586 582 586 535 552 563 554 564 561 598 562 556 621 591 629 563 539
   602 610 627 604 607 559 567 586 541 588]]

 [[  2   2   2   2   2   2   2   2   2   2   2   2   2   2   2   2   2
     2   2   2   2   2   2   2   2   2   2   2   2   2   2   2   2   2
     2   2   2   2   2   2   2   2   2   2   2   2   2   2   2   2   2
     2   2   2   2   2   2   2   2   2   2]
  [449 600 581 602 568 571 583 580 589 596 595 574 583 605 560 614 584
   612 573 581 656 578 588 587 604 563 580 584 657 570 566 583 560 576
   572 552 558 599 551 547 564 577 556 596 562 652 588 546 580 677 586
   588 581 622 587 591 589 610 565 614 575]]

 [[  2   2   2   2   2   2   2   2   2   2   2   2   2   2   2   2   2
     2   2   2   2   2   2   2   2   2   2   2   2   2   2   2   2   2
     2   2   2   2   2   2   2   2   2   2   2   2   2   2   2   2   2
     2   2   2   2   2   2   2   2   2   2]
  [449 600 595 635 636 648 694 714 612 586 607 638 656 634 704 569 596
   649 597 657 599 592 607 606 637 649 604 661 611 609 583 629 636 604
   593 720 632 688 623 592 616 641 618 616 625 579 622 593 557 738 623
   571 640 639 616 627 627 570 589 565 623]]]
stable
 
 err: 
done running mariposa 25.6
Bisecting: 65 revisions left to test after this (roughly 6 steps)
[42ac3a536369a7d4a7eafa1fa15b571b146ba594] merge with csp
running python3 /home/yizhou7/mariposa/scripts/z3-bisect.py /home/yizhou7/mariposa/data/bisect_tasks/d_fvbkv_z3_clean--lib-Buckets-PackedKV.i.dfy.Impl__DynamicPkv.__default.IMessagesSlice.txt
building z3
done building z3 3.3
running mariposa
res: 0 
 out: [[[  2   2   2   2   2   2   2   2   2   2   2   2   2   2   2   2   2
     2   2   2   2   2   2   2   2   2   2   2   2   2   2   2   2   2
     2   2   2   2   2   2   2   2   2   2   2   2   2   2   2   2   2
     2   2   2   2   2   2   2   2   2   2]
  [451 584 573 540 618 619 563 592 572 616 538 657 584 588 557 578 574
   533 564 545 655 559 625 558 681 585 592 678 579 615 545 630 602 561
   566 564 538 560 544 557 599 539 562 591 589 614 583 641 584 524 558
   643 578 582 579 633 557 571 592 555 583]]

 [[  2   2   2   2   2   2   2   2   2   2   2   2   2   2   2   2   2
     2   2   2   2   2   2   2   2   2   2   2   2   2   2   2   2   2
     2   2   2   2   2   2   2   2   2   2   2   2   2   2   2   2   2
     2   2   2   2   2   2   2   2   2   2]
  [451 573 575 618 557 555 569 586 570 599 596 557 575 591 600 567 586
   579 564 579 624 576 570 579 596 555 568 555 572 644 569 601 553 565
   581 550 577 588 547 553 547 586 563 582 564 576 572 571 542 640 579
   582 602 614 576 562 601 567 581 570 561]]

 [[  2   2   2   2   2   2   2   2   2   2   2   2   2   2   2   2   2
     2   2   2   2   2   2   2   2   2   2   2   2   2   2   2   2   2
     2   2   2   2   2   2   2   2   2   2   2   2   2   2   2   2   2
     2   2   2   2   2   2   2   2   2   2]
  [451 602 586 657 636 629 632 721 611 593 585 651 655 637 699 575 584
   576 673 579 649 616 608 598 637 651 639 659 623 595 570 625 613 620
   588 702 673 624 639 624 610 645 617 610 615 570 617 586 552 712 579
   597 614 608 613 608 666 563 542 570 622]]]
stable
 
 err: 
done running mariposa 25.3
Bisecting: 32 revisions left to test after this (roughly 5 steps)
[b4290d4b3d7c021965e9ce7ee636caac0f9cac74] python regression
running python3 /home/yizhou7/mariposa/scripts/z3-bisect.py /home/yizhou7/mariposa/data/bisect_tasks/d_fvbkv_z3_clean--lib-Buckets-PackedKV.i.dfy.Impl__DynamicPkv.__default.IMessagesSlice.txt
building z3
done building z3 3.3
running mariposa
res: 1 
 out: [[[    2     2     2     2     2     2     2     2     2     2     2
       2     2     2     2     2     2     2     2     2     2     2
       2     2     2     2     2     2     2     2     2     2     2
       2     2     2     2     2     2     2     2     2     2     2
       2     2     2     2     2     2     2     2     2     2     2
       2     2     3     3     3     3]
  [  521   865   730   771   754   829   679   725   691   812   748
     661   773   782   691   610   610   624   616   622   619   782
     687   622   672   635   735   710   792   659   688   810   650
     823   710   629   661   638   678   621   665   604   633   722
     858   884   657   822   729   802   699   737   681   723   699
     651   665 60028 60027 60018 60035]]

 [[    2     2     2     2     2     2     2     2     2     2     2
       2     2     2     2     2     2     2     2     2     3     2
       2     2     2     2     2     2     2     2     2     2     2
       2     2     2     2     2     2     2     2     2     2     2
       2     2     2     2     2     2     2     2     2     2     2
       2     3     3     3     3     3]
  [  521   819   841   753   811  1009   800   941   947   782   976
     964   873   948   748   926   878   946   853   799 60026   800
     785   756   914  1228   925   827  1004   800   908   926   889
     773   791   760   827   871   919   788   870   854   851  1053
     820   873   822   831  1080  1014   968   782   876  1138   925
     778 60034 60030 60031 60032 60028]]

 [[    2     2     2     2     2     2     2     2     2     2     2
       2     2     2     2     2     2     2     2     2     2     2
       2     2     2     2     2     2     2     2     2     2     2
       2     2     2     2     2     2     2     2     2     2     2
       2     2     2     2     2     2     2     2     2     2     2
       3     3     3     3     3     3]
  [  521   671   721   779   733   818   861   813   604   708   738
     806   824   871   617   798   973   928   815   938  1019  1006
    1081   911   833   829   895   933   959  1062  1158   822   857
     932  1187  1026   803  1000  1197  8955   985  1110   894  1043
    2165  1046   911  1003   877   948   893   891  1056   840  1125
   60027 60027 60024 60026 60026 60023]]]
unstable
 
 err: 
done running mariposa 208.2
Bisecting: 16 revisions left to test after this (roughly 4 steps)
[0f7ff2a3d016ce6cc0dcc2654a6aa0187bc55192] swap
running python3 /home/yizhou7/mariposa/scripts/z3-bisect.py /home/yizhou7/mariposa/data/bisect_tasks/d_fvbkv_z3_clean--lib-Buckets-PackedKV.i.dfy.Impl__DynamicPkv.__default.IMessagesSlice.txt
building z3
done building z3 3.3
running mariposa
res: 0 
 out: [[[  2   2   2   2   2   2   2   2   2   2   2   2   2   2   2   2   2
     2   2   2   2   2   2   2   2   2   2   2   2   2   2   2   2   2
     2   2   2   2   2   2   2   2   2   2   2   2   2   2   2   2   2
     2   2   2   2   2   2   2   2   2   2]
  [470 631 670 638 587 629 680 596 567 575 626 667 574 584 576 591 596
   647 546 707 580 557 623 577 581 672 596 609 572 661 604 562 680 649
   667 586 686 573 634 595 525 651 575 585 642 730 604 608 622 646 585
   659 583 592 585 619 690 607 534 635 511]]

 [[  2   2   2   2   2   2   2   2   2   2   2   2   2   2   2   2   2
     2   2   2   2   2   2   2   2   2   2   2   2   2   2   2   2   2
     2   2   2   2   2   2   2   2   2   2   2   2   2   2   2   2   2
     2   2   2   2   2   2   2   2   2   2]
  [470 643 615 606 688 635 657 655 655 645 614 626 625 577 667 624 626
   616 580 559 580 600 656 695 695 612 712 564 752 572 563 693 574 628
   598 593 665 696 615 586 585 546 650 614 663 663 583 653 794 614 747
   640 672 615 621 618 677 651 606 650 667]]

 [[  2   2   2   2   2   2   2   2   2   2   2   2   2   2   2   2   2
     2   2   2   2   2   2   2   2   2   2   2   2   2   2   2   2   2
     2   2   2   2   2   2   2   2   2   2   2   2   2   2   2   2   2
     2   2   2   2   2   2   2   2   2   2]
  [470 605 617 650 629 715 784 749 597 618 673 627 601 625 703 604 578
   721 603 592 786 641 617 576 629 627 731 671 707 589 595 645 681 688
   683 678 533 602 609 662 758 676 679 660 703 688 651 684 701 662 544
   613 618 618 627 658 676 743 632 577 739]]]
stable
 
 err: 
done running mariposa 26.6
Bisecting: 7 revisions left to test after this (roughly 3 steps)
[89e8a1392c992a6c37b8c5320b9e4b9b506bd4a1] na
running python3 /home/yizhou7/mariposa/scripts/z3-bisect.py /home/yizhou7/mariposa/data/bisect_tasks/d_fvbkv_z3_clean--lib-Buckets-PackedKV.i.dfy.Impl__DynamicPkv.__default.IMessagesSlice.txt
building z3
done building z3 3.4
running mariposa
res: 1 
 out: [[[    2     2     2     2     2     2     2     2     2     2     2
       2     2     2     2     2     2     2     2     2     2     2
       2     2     2     2     2     2     2     2     2     2     2
       2     2     2     2     2     2     2     2     2     2     2
       2     2     2     2     2     2     2     2     2     2     2
       2     2     3     3     3     3]
  [  514   859   727   759   754   814   672   724   687   809   774
     657   791   776   688   609   611   624   617   627   615   781
     676   621   675   637   737   710   792   660   696   867   655
     819   707   620   662   634   671   620   662   599   637   720
     848   892   659   827   730   798   701   738   677   724   734
     649   677 60029 60027 60017 60035]]

 [[    2     2     2     2     2     2     2     2     2     2     2
       2     2     2     2     2     2     2     2     2     2     3
       2     2     2     2     2     2     2     2     2     2     2
       2     2     2     2     2     2     2     2     2     2     2
       2     2     2     2     2     2     2     2     2     2     2
       2     3     3     3     3     3]
  [  514   825   833   759   792   979   790   940   935   783   985
     957   871   925   719   895   863   978   853   812   806 60027
     790   716   918   882  1220   804   893   801  1011   935   795
     772   880   755   844   879   910   787   866   846   841   971
     820   889   857   829  1051  1008   922   769   877  1095   877
     758 60034 60029 60031 60029 60032]]

 [[    2     2     2     2     2     2     2     2     2     2     2
       2     2     2     2     2     2     2     2     2     2     2
       2     2     2     2     2     2     2     2     2     2     2
       2     2     2     2     2     2     2     2     2     2     2
       2     2     2     2     2     2     2     2     2     2     2
       3     3     3     3     3     3]
  [  514   681   693   739   791   835   802   849   601   738   757
     834   815   623   963   905   809   964   835   943  1041   996
    1091   909   853   849   914   931   967  1066  1170   813   858
     940  1223  1032   802  1020  1191  8985   991   890  1118  1047
    2209  1054   910  1005   898   964   870   883  1075   835  1157
   60027 60029 60023 60027 60025 60022]]]
unstable
 
 err: 
done running mariposa 208.1
Bisecting: 4 revisions left to test after this (roughly 2 steps)
[1827f98851e1866187abe743afd2d80bc786412f] more fixes for mutexes in shell
running python3 /home/yizhou7/mariposa/scripts/z3-bisect.py /home/yizhou7/mariposa/data/bisect_tasks/d_fvbkv_z3_clean--lib-Buckets-PackedKV.i.dfy.Impl__DynamicPkv.__default.IMessagesSlice.txt
building z3
done building z3 3.3
running mariposa
res: 0 
 out: [[[  2   2   2   2   2   2   2   2   2   2   2   2   2   2   2   2   2
     2   2   2   2   2   2   2   2   2   2   2   2   2   2   2   2   2
     2   2   2   2   2   2   2   2   2   2   2   2   2   2   2   2   2
     2   2   2   2   2   2   2   2   2   2]
  [474 646 630 627 627 629 653 614 531 607 649 562 668 594 623 572 587
   644 530 584 579 730 618 553 535 631 611 637 570 641 619 556 673 646
   620 663 675 560 616 589 645 564 557 677 608 674 585 609 620 636 659
   591 606 580 618 586 698 618 555 652 525]]

 [[  2   2   2   2   2   2   2   2   2   2   2   2   2   2   2   2   2
     2   2   2   2   2   2   2   2   2   2   2   2   2   2   2   2   2
     2   2   2   2   2   2   2   2   2   2   2   2   2   2   2   2   2
     2   2   2   2   2   2   2   2   2   2]
  [474 604 611 693 650 688 640 646 657 603 683 628 617 575 665 622 663
   646 578 590 560 620 633 647 695 673 633 748 560 572 620 647 579 623
   594 580 669 636 700 611 572 527 653 637 673 691 637 595 584 787 762
   639 666 630 630 618 676 614 646 671 667]]

 [[  2   2   2   2   2   2   2   2   2   2   2   2   2   2   2   2   2
     2   2   2   2   2   2   2   2   2   2   2   2   2   2   2   2   2
     2   2   2   2   2   2   2   2   2   2   2   2   2   2   2   2   2
     2   2   2   2   2   2   2   2   2   2]
  [474 592 602 628 644 709 770 722 602 670 626 646 618 606 603 593 632
   709 604 585 619 770 557 591 627 659 643 725 667 596 587 642 681 642
   694 684 521 613 629 655 714 696 757 660 719 663 645 673 699 712 573
   597 618 613 667 624 616 763 638 571 757]]]
stable
 
 err: 
done running mariposa 26.5
Bisecting: 1 revision left to test after this (roughly 1 step)
[5177cc4a9a58df192c6a844ca13abf7e7cd3be15] change lt
running python3 /home/yizhou7/mariposa/scripts/z3-bisect.py /home/yizhou7/mariposa/data/bisect_tasks/d_fvbkv_z3_clean--lib-Buckets-PackedKV.i.dfy.Impl__DynamicPkv.__default.IMessagesSlice.txt
building z3
done building z3 3.3
running mariposa
res: 1 
 out: [[[    2     2     2     2     2     2     2     2     2     2     2
       2     2     2     2     2     2     2     2     2     2     2
       2     2     2     2     2     2     2     2     2     2     2
       2     2     2     2     2     2     2     2     2     2     2
       2     2     2     2     2     2     2     2     2     2     2
       2     2     3     3     3     3]
  [  522   855   742   776   759   844   675   723   698   812   763
     656   784   778   695   614   613   625   626   624   624   790
     682   625   714   633   738   712   793   657   696   821   662
     820   721   620   671   634   681   623   664   602   627   721
     861   878   667   831   725   788   707   735   675   722   703
     647   664 60029 60027 60017 60035]]

 [[    2     2     2     2     2     2     2     2     2     2     2
       2     2     2     2     2     2     2     2     2     3     2
       2     2     2     2     2     2     2     2     2     2     2
       2     2     2     2     2     2     2     2     2     2     2
       2     2     2     2     2     2     2     2     2     2     2
       2     3     3     3     3     3]
  [  522   815   839   751   801   987   800   952   936   787  1013
     957   874   921   722   909   860   863   980   798 60027   799
     784   722   902  1191   914   818   891   996   807   917   772
     796   893   741   816   916   892   756   882   856   824   980
     817   890   803   858  1041  1021   951   772   899  1134   898
     761 60034 60031 60030 60032 60031]]

 [[    2     2     2     2     2     2     2     2     2     2     2
       2     2     2     2     2     2     2     2     2     2     2
       2     2     2     2     2     2     2     2     2     2     2
       2     2     2     2     2     2     2     2     2     2     2
       2     2     2     2     2     2     2     2     2     2     2
       3     3     3     3     3     3]
  [  522   698   754   707   760   795   872   850   643   732   747
     805   846   807   647   913  1003   965   807   990   953   994
    1112   912   845   838   929   972   967  1088  1175   837   868
     946  1217  1043   811  8425  1009  1180   969  1157   899  1052
    2125  1048   930  1012   882   947   862   886  1055   820  1136
   60027 60027 60025 60028 60027 60022]]]
unstable
 
 err: 
done running mariposa 208.2
Bisecting: 0 revisions left to test after this (roughly 1 step)
[7c9d2e0d75757ed6aa535f72c7dec70d5a527fed] pydoc test
running python3 /home/yizhou7/mariposa/scripts/z3-bisect.py /home/yizhou7/mariposa/data/bisect_tasks/d_fvbkv_z3_clean--lib-Buckets-PackedKV.i.dfy.Impl__DynamicPkv.__default.IMessagesSlice.txt
building z3
done building z3 3.3
running mariposa
res: 0 
 out: [[[  2   2   2   2   2   2   2   2   2   2   2   2   2   2   2   2   2
     2   2   2   2   2   2   2   2   2   2   2   2   2   2   2   2   2
     2   2   2   2   2   2   2   2   2   2   2   2   2   2   2   2   2
     2   2   2   2   2   2   2   2   2   2]
  [472 662 634 641 606 603 628 544 577 593 617 557 683 582 577 595 626
   645 532 616 688 567 619 598 550 635 618 613 571 634 602 564 675 643
   632 593 669 619 596 594 523 632 574 614 660 682 600 600 612 611 585
   656 604 626 579 626 681 607 629 541 520]]

 [[  2   2   2   2   2   2   2   2   2   2   2   2   2   2   2   2   2
     2   2   2   2   2   2   2   2   2   2   2   2   2   2   2   2   2
     2   2   2   2   2   2   2   2   2   2   2   2   2   2   2   2   2
     2   2   2   2   2   2   2   2   2   2]
  [472 611 649 622 635 696 683 662 607 666 658 632 604 572 683 634 629
   642 584 584 554 605 638 654 720 591 720 744 565 577 547 648 571 636
   582 600 687 689 643 622 549 580 649 609 692 695 585 654 592 827 746
   667 679 617 631 649 661 670 636 654 686]]

 [[  2   2   2   2   2   2   2   2   2   2   2   2   2   2   2   2   2
     2   2   2   2   2   2   2   2   2   2   2   2   2   2   2   2   2
     2   2   2   2   2   2   2   2   2   2   2   2   2   2   2   2   2
     2   2   2   2   2   2   2   2   2   2]
  [472 591 614 659 633 715 753 742 596 630 684 673 663 617 604 601 581
   615 599 770 613 761 589 630 622 626 587 739 708 587 596 650 679 641
   696 650 520 599 603 705 745 659 703 665 711 653 635 727 656 727 573
   625 641 610 621 645 655 632 783 579 792]]]
stable
 
 err: 
done running mariposa 26.5
5177cc4a9a58df192c6a844ca13abf7e7cd3be15 is the first bad commit
commit 5177cc4a9a58df192c6a844ca13abf7e7cd3be15
Author: Nikolaj Bjorner <nbjorner@microsoft.com>
Date:   Fri Jun 21 09:08:20 2019 +0200

    change lt
    
    Signed-off-by: Nikolaj Bjorner <nbjorner@microsoft.com>

:040000 040000 bba0b3898c697bc6efeb66752253b42641d4a606 dc4029a365361041d58c5e9f581973ad21a69ecd M	src
bisect run success
git bisect start
# good: [e79542cc689d52ec4cb34ce4ae3fbe56e7a0bf70] fix #2309
git bisect good e79542cc689d52ec4cb34ce4ae3fbe56e7a0bf70
# bad: [ad55a1f1c617a7f0c3dd735c0780fc758424c7f1] Update release.yml for Azure Pipelines
git bisect bad ad55a1f1c617a7f0c3dd735c0780fc758424c7f1
# skip: [e2702f3ae88f5c48a55f4473bb5c29184c182634] fixes in assigning constraints to intervals
git bisect skip e2702f3ae88f5c48a55f4473bb5c29184c182634
# skip: [1915812f84cf41a5f232eedf2a695a54d055aa88] add a test for intervals
git bisect skip 1915812f84cf41a5f232eedf2a695a54d055aa88
# bad: [8faf35e2e0c8fce99794e71bd3b5de74b95ceb5a] fix #3735
git bisect bad 8faf35e2e0c8fce99794e71bd3b5de74b95ceb5a
# skip: [d1a5635b4ad7f8632356b380f3a9b1fc83fdb04f] better model based lemmaas
git bisect skip d1a5635b4ad7f8632356b380f3a9b1fc83fdb04f
# skip: [0a86bd14f792ef5fadb8eeb346729a612f7e1588] start on test nla
git bisect skip 0a86bd14f792ef5fadb8eeb346729a612f7e1588
# bad: [f7747d9e76bd685a02ce5c5fbda91fc356856b5e] fix parameter collection for tactic-based solvers reported in #3065
git bisect bad f7747d9e76bd685a02ce5c5fbda91fc356856b5e
# skip: [0644194fc96a853df44c37f9e4522796aa40add8] work on lemma from product to factors, and some renaming
git bisect skip 0644194fc96a853df44c37f9e4522796aa40add8
# bad: [0321312c8db1d3f0edbd23e6e48884fbb7d77d1d] Changed to get_const_interp to match Java and C# bindings
git bisect bad 0321312c8db1d3f0edbd23e6e48884fbb7d77d1d
# bad: [6e637348826f0725ba8a01c455448023ca2889e4] Merge pull request #2368 from waywardmonkeys/fix-typo
git bisect bad 6e637348826f0725ba8a01c455448023ca2889e4
# good: [9b4f327e29de8eadd112e53af5a8fb9f430fabf7] set upload mode to replace
git bisect good 9b4f327e29de8eadd112e53af5a8fb9f430fabf7
# good: [42ac3a536369a7d4a7eafa1fa15b571b146ba594] merge with csp
git bisect good 42ac3a536369a7d4a7eafa1fa15b571b146ba594
# bad: [b4290d4b3d7c021965e9ce7ee636caac0f9cac74] python regression
git bisect bad b4290d4b3d7c021965e9ce7ee636caac0f9cac74
# good: [0f7ff2a3d016ce6cc0dcc2654a6aa0187bc55192] swap
git bisect good 0f7ff2a3d016ce6cc0dcc2654a6aa0187bc55192
# bad: [89e8a1392c992a6c37b8c5320b9e4b9b506bd4a1] na
git bisect bad 89e8a1392c992a6c37b8c5320b9e4b9b506bd4a1
# good: [1827f98851e1866187abe743afd2d80bc786412f] more fixes for mutexes in shell
git bisect good 1827f98851e1866187abe743afd2d80bc786412f
# bad: [5177cc4a9a58df192c6a844ca13abf7e7cd3be15] change lt
git bisect bad 5177cc4a9a58df192c6a844ca13abf7e7cd3be15
# good: [7c9d2e0d75757ed6aa535f72c7dec70d5a527fed] pydoc test
git bisect good 7c9d2e0d75757ed6aa535f72c7dec70d5a527fed
# first bad commit: [5177cc4a9a58df192c6a844ca13abf7e7cd3be15] change lt
