running python3 /home/yizhou7/mariposa/scripts/z3-bisect.py /home/yizhou7/mariposa/data/bisect_tasks/d_fvbkv_z3_clean--Impl-IndirectionTableModel.i.dfy.Impl__IndirectionTableModel.__default.LemmaRemoveRefStuff.txt
building z3
Bisecting: 1453 revisions left to test after this (roughly 11 steps)
[1915812f84cf41a5f232eedf2a695a54d055aa88] add a test for intervals
running python3 /home/yizhou7/mariposa/scripts/z3-bisect.py /home/yizhou7/mariposa/data/bisect_tasks/d_fvbkv_z3_clean--Impl-IndirectionTableModel.i.dfy.Impl__IndirectionTableModel.__default.LemmaRemoveRefStuff.txt
building z3
Bisecting: 1453 revisions left to test after this (roughly 11 steps)
[8faf35e2e0c8fce99794e71bd3b5de74b95ceb5a] fix #3735
running python3 /home/yizhou7/mariposa/scripts/z3-bisect.py /home/yizhou7/mariposa/data/bisect_tasks/d_fvbkv_z3_clean--Impl-IndirectionTableModel.i.dfy.Impl__IndirectionTableModel.__default.LemmaRemoveRefStuff.txt
building z3
done building z3 3.3
running mariposa
res: 1 
 out: [[[    2     2     2     2     2     2     2     2     2     2     2
       2     2     2     2     2     2     2     2     2     2     2
       2     2     2     2     2     2     2     2     2     2     2
       2     2     2     2     2     2     2     2     2     2     2
       2     2     2     2     2     2     2     2     2     2     2
       2     2     2     2     2     2]
  [16447  2391  6081  6319  3962  4809  9874 13034  6541  4290  6676
    3063  4042  8537  4945 18661 11113  7841 12509  6920  2313  7947
    5849 36477 12990  7431  5190 14796  5089  6646  5696  5000  9741
   16492  4332  5903  9516  4724 13030 10869  5181  4838  4766 13416
    4862  2256  8871  5616  2005 12077  2736  5150  8745  4011  5591
   13439  7327  7459 13724 14794 14527]]

 [[    2     2     3     2     2     3     2     2     2     2     3
       2     2     3     2     2     2     2     3     3     2     2
       3     2     2     2     2     2     3     3     3     3     2
       2     2     2     3     2     2     2     2     2     2     2
       2     3     2     3     2     2     2     3     2     2     2
       2     2     3     3     3     3]
  [16447  5024 60017  7951  7409 60019  7874  2657  9266  4316 60015
    4361 22437 60018 13413  3502 10672  3860 60015 60019  8670  3646
   60020  5074  1941  9723  4053  5114 60016 60021 60019 60017  5199
    7125 10624  5308 60016  2552  4131  8273  4341 10549  2501 41274
   31778 60016  4371 60018  1866 11139 10871 60018  4903 14516  3516
    2978 12552 60016 60020 60017 60018]]

 [[    2     2     2     2     2     2     2     2     2     3     3
       3     2     2     3     3     3     2     2     2     2     2
       2     2     2     2     2     2     2     2     2     3     3
       2     2     2     2     2     2     2     2     2     2     2
       2     2     2     2     3     2     2     3     3     2     2
       3     3     3     3     3     3]
  [16447  2342  3121  5542  2763  3944 11921 13071 17982 60018 60016
   60021  2979 19372 60018 60017 60016  9493 16778  9175  2030 29420
   27052  6258  7401 47636  6960 25688 53665 12911  2595 60015 60018
    7970  6219  8131  8325  6268 15903 31953  7205  8903  5557  2824
    4953  5710  6167  4278 60017 10345 22524 60021 60015 49378  3938
   60018 60018 60015 60017 60017 60017]]]
unstable
 
 err: 
done running mariposa 551.0
Bisecting: 1254 revisions left to test after this (roughly 10 steps)
[d1a5635b4ad7f8632356b380f3a9b1fc83fdb04f] better model based lemmaas
running python3 /home/yizhou7/mariposa/scripts/z3-bisect.py /home/yizhou7/mariposa/data/bisect_tasks/d_fvbkv_z3_clean--Impl-IndirectionTableModel.i.dfy.Impl__IndirectionTableModel.__default.LemmaRemoveRefStuff.txt
building z3
Bisecting: 1254 revisions left to test after this (roughly 10 steps)
[0a86bd14f792ef5fadb8eeb346729a612f7e1588] start on test nla
running python3 /home/yizhou7/mariposa/scripts/z3-bisect.py /home/yizhou7/mariposa/data/bisect_tasks/d_fvbkv_z3_clean--Impl-IndirectionTableModel.i.dfy.Impl__IndirectionTableModel.__default.LemmaRemoveRefStuff.txt
building z3
Bisecting: 1254 revisions left to test after this (roughly 10 steps)
[f7747d9e76bd685a02ce5c5fbda91fc356856b5e] fix parameter collection for tactic-based solvers reported in #3065
running python3 /home/yizhou7/mariposa/scripts/z3-bisect.py /home/yizhou7/mariposa/data/bisect_tasks/d_fvbkv_z3_clean--Impl-IndirectionTableModel.i.dfy.Impl__IndirectionTableModel.__default.LemmaRemoveRefStuff.txt
building z3
done building z3 3.3
running mariposa
res: 1 
 out: [[[    2     2     2     2     2     2     2     2     2     2     2
       2     2     2     2     2     2     2     2     2     2     2
       2     2     2     2     2     2     2     2     2     2     2
       2     2     2     2     2     2     2     2     2     2     2
       2     2     2     2     2     2     2     2     2     2     2
       2     2     2     2     2     2]
  [ 8770  3723  3896  8334  3447  3275  7889  3732  5389  6255  2994
    6096  2974  3184  6360  5531  2372  3794  2948  8479  4357  7130
    3431  2469  6242  4496  3037  2347  6828  6198  3502  3962  4868
    5104  3351  2987  4431  4776  3746  4255  3150  4005  6272  3780
    5446  5822  5454  2700  4342  3898  2451  4812  5781  3291 10887
    7182  2371  7300  5137  7535 11824]]

 [[    2     2     2     2     2     2     3     2     3     2     2
       2     2     2     2     3     3     3     2     2     2     2
       2     2     2     2     2     2     3     2     2     2     2
       2     2     2     3     3     2     2     2     2     2     2
       2     2     3     3     2     2     2     3     2     2     2
       3     3     3     3     3     3]
  [ 8770  4388  6767 10443  6032  6793 60018 13755 60015  4407  3269
    6313  5951 19125  4450 60017 60020 60017 11418 13393  4916 28309
    3874 21211 32748 16224  3909  3599 60021  2902 10137  3192  6840
   13941 32017  3760 60020 60018  2006  6537 13325  9816 26787  4976
   28393  6015 60016 60018 12641 35381 13681 60016  4580  1602  3733
   60019 60015 60018 60016 60018 60018]]

 [[    2     2     2     2     2     2     3     3     3     3     3
       2     3     2     2     2     2     2     2     2     2     3
       2     2     2     2     2     2     2     3     3     2     2
       2     2     2     2     2     2     2     2     3     2     2
       2     3     2     2     2     2     2     3     3     3     3
       3     3     2     3     3     3]
  [ 8770  4941  2945  2383 25696 13560 60013 60019 60012 60014 60013
    4709 60017 19228  9052 21594  3134  3985 26482  8575  2307 60016
   10996  2983  8340  5575  5669 14416  2618 60018 60016  7175  4641
    5411  8740 14022  8415  1912  6601  6011  9133 60015  9353  2665
   12449 60016  8528  2028  2740 35651  3232 60018 60017 60013 60015
   60015 60015  8920 60021 60019 60017]]]
unstable
 
 err: 
done running mariposa 511.4
Bisecting: 1034 revisions left to test after this (roughly 10 steps)
[0644194fc96a853df44c37f9e4522796aa40add8] work on lemma from product to factors, and some renaming
running python3 /home/yizhou7/mariposa/scripts/z3-bisect.py /home/yizhou7/mariposa/data/bisect_tasks/d_fvbkv_z3_clean--Impl-IndirectionTableModel.i.dfy.Impl__IndirectionTableModel.__default.LemmaRemoveRefStuff.txt
building z3
Bisecting: 1034 revisions left to test after this (roughly 10 steps)
[0321312c8db1d3f0edbd23e6e48884fbb7d77d1d] Changed to get_const_interp to match Java and C# bindings
running python3 /home/yizhou7/mariposa/scripts/z3-bisect.py /home/yizhou7/mariposa/data/bisect_tasks/d_fvbkv_z3_clean--Impl-IndirectionTableModel.i.dfy.Impl__IndirectionTableModel.__default.LemmaRemoveRefStuff.txt
building z3
done building z3 3.2
running mariposa
res: 0 
 out: [[[    2     2     2     2     2     2     2     2     2     2     2
       2     2     2     2     2     2     2     2     2     2     2
       2     2     2     2     2     2     2     2     2     2     2
       2     2     2     2     2     2     2     2     2     2     2
       2     2     2     2     2     2     2     2     2     2     2
       2     2     2     2     2     2]
  [ 2422  2442  2444  3493  1976  3218  3401  3733  3188  5179  1601
    1700  2256  3597  2001  4412  3804  3946  3622  2324  1540  4983
    2174  3160  2504  2181  2586  2646  2751  2312  3617  3833  4573
    1682  1980  6232  4416  2507  3729  2771  3873  3998  1537  1824
    2291  1605  1676  2267  4729  2020  3440  3413  3672  3926  1696
    3917  2575  4311  2288  3897  4708]]

 [[    2     2     2     2     2     2     2     2     2     2     2
       2     2     2     2     2     2     2     2     2     2     2
       2     2     2     2     2     2     2     2     2     2     2
       2     2     2     2     2     2     2     2     2     2     2
       2     2     2     2     2     2     2     2     2     2     2
       2     2     2     2     2     2]
  [ 2422  1919  1543  1455  2124  2817  5209  4943  7703  9542  6865
    6012  9969  1390 11019  1671  9786  4474  1301  3010  1545  1594
    1620  4268  3376  1943  2050 27635  6787  1904  1424 14612  1880
    1697  4313 20481  1712  1585  1939  2361  2763  5442  4088  3184
    1375  2366  3307  1527  5268 14896  6612  2768  3817 10856  7916
    2399  1479 10692  5045  9837 16697]]

 [[    2     2     2     2     2     2     2     2     2     2     2
       2     2     2     2     2     2     2     2     2     2     2
       2     2     2     2     2     2     2     2     2     2     2
       2     2     2     2     2     2     2     2     2     2     2
       2     2     2     2     2     2     2     2     2     2     2
       2     2     2     2     2     2]
  [ 2422  1722  1897  1931  3138  1626  4351  1878  2493  1526  5406
    1692  8030  3602  3782  3627  4725  3190  4948  2559  1641  3111
    1596  4182  1926  1573  2183  3350  2449  1747  5208  2396  2841
    1518  3132  1789  2375  1400  3029  2417  2038  1691  3480  5554
    1884  2290  1525  3947  9952  3312  1994  2166  1906  1923  1663
    4011  5347  3076  2699  3581  7058]]]
stable
 
 err: 
done running mariposa 121.5
Bisecting: 771 revisions left to test after this (roughly 10 steps)
[c9e989ae853667faaa04c98e128e48130e05b07f] fix build of lp_tst
running python3 /home/yizhou7/mariposa/scripts/z3-bisect.py /home/yizhou7/mariposa/data/bisect_tasks/d_fvbkv_z3_clean--Impl-IndirectionTableModel.i.dfy.Impl__IndirectionTableModel.__default.LemmaRemoveRefStuff.txt
building z3
Bisecting: 771 revisions left to test after this (roughly 10 steps)
[73662ad60d26755b7cd4c65c88766298125ee6a5] fix #3016
running python3 /home/yizhou7/mariposa/scripts/z3-bisect.py /home/yizhou7/mariposa/data/bisect_tasks/d_fvbkv_z3_clean--Impl-IndirectionTableModel.i.dfy.Impl__IndirectionTableModel.__default.LemmaRemoveRefStuff.txt
building z3
done building z3 64.8
running mariposa
res: 1 
 out: [[[    2     2     2     2     2     2     2     2     2     2     2
       2     2     2     2     2     2     2     2     2     2     2
       2     2     2     2     2     2     2     2     2     2     2
       2     2     2     2     2     2     2     2     2     2     2
       2     2     2     2     2     2     2     2     2     2     2
       2     2     2     2     2     2]
  [ 8598  3696  3917  8193  3365  3313  7820  3685  5269  6222  2992
    6097  3063  3165  6449  5703  3862  2437  2941  8471  7142  3447
    4349  4538  2478  6232  3003  6681  2312  3454  6146  3939  4961
    5066  3391  3051  4727  4388  4152  3748  3175  4071  6225  3721
    5458  5749  5453  2704  4356  3819  2488  4846  5818  3314 10739
    7108  2362  7207  5149  7849 11686]]

 [[    2     2     2     2     2     2     3     2     3     2     2
       2     2     2     2     3     3     3     2     2     2     2
       2     2     2     2     2     2     3     2     2     2     2
       2     2     2     3     3     2     2     2     2     2     2
       2     2     3     3     2     2     2     3     2     2     2
       3     3     3     3     3     3]
  [ 8598  4475 10208  6715  6000  6791 60019 13799 60016  4500  3305
    5977  6375 18897  4447 60017 60017 60018 11486 13433  4915 28515
    3871 21366 33560 16027  3916  3584 60021 10189  2927  3181  6850
   14205  3797 32700 60019 60017  1984  6487 13615  9836 27055  5066
   27872  6084 60018 60018 12379 36079 13697 60018  4649  1588  3727
   60019 60016 60018 60018 60017 60020]]

 [[    2     2     2     2     2     2     3     3     3     3     3
       2     3     2     2     2     2     2     2     2     2     3
       2     2     2     2     2     2     2     3     3     2     2
       2     2     2     2     2     2     2     2     3     2     2
       2     3     2     2     2     2     2     3     3     3     3
       3     2     3     3     3     3]
  [ 8598  4993  2934  2355 25593 13302 60014 60017 60013 60012 60014
    4814 60017 18792  9190 21453  3196  3965 27101  8539  2299 60017
   11228  8276  2973  5561  5737 14433  2619 60016 60017  7126  4580
    5380  8918 13989  8555  1884  6670  5905  9281 60015  9440  2709
   12454 60016  2083  8521  2746 36070  3269 60016 60016 60014 60018
   60014  9105 60016 60022 60019 60016]]]
unstable
 
 err: 
done running mariposa 511.9
Bisecting: 685 revisions left to test after this (roughly 10 steps)
[403743cb30a07a99ef035f647993229b2960d9d6] switch to constraint based sign lemma
running python3 /home/yizhou7/mariposa/scripts/z3-bisect.py /home/yizhou7/mariposa/data/bisect_tasks/d_fvbkv_z3_clean--Impl-IndirectionTableModel.i.dfy.Impl__IndirectionTableModel.__default.LemmaRemoveRefStuff.txt
building z3
Bisecting: 685 revisions left to test after this (roughly 10 steps)
[130995a3db793cefb402d85431fa66b0fa8165ab] print terms as monomials
running python3 /home/yizhou7/mariposa/scripts/z3-bisect.py /home/yizhou7/mariposa/data/bisect_tasks/d_fvbkv_z3_clean--Impl-IndirectionTableModel.i.dfy.Impl__IndirectionTableModel.__default.LemmaRemoveRefStuff.txt
building z3
Bisecting: 685 revisions left to test after this (roughly 10 steps)
[bfc30440ac040d58fa05d76612fd766f512c0c5a] update nightly
running python3 /home/yizhou7/mariposa/scripts/z3-bisect.py /home/yizhou7/mariposa/data/bisect_tasks/d_fvbkv_z3_clean--Impl-IndirectionTableModel.i.dfy.Impl__IndirectionTableModel.__default.LemmaRemoveRefStuff.txt
building z3
done building z3 76.3
running mariposa
res: 0 
 out: [[[    2     2     2     2     2     2     2     2     2     2     2
       2     2     2     2     2     2     2     2     2     2     2
       2     2     2     2     2     2     2     2     2     2     2
       2     2     2     2     2     2     2     2     2     2     2
       2     2     2     2     2     2     2     2     2     2     2
       2     2     2     2     2     2]
  [ 2436  2433  2480  3475  1968  3216  3468  3785  3179  5112  1697
    1586  2293  3602  1948  4448  3837  3925  2358  3644  1525  4876
    3142  2181  2523  2217  2606  2659  2827  2358  3523  3782  4531
    1716  1992  6269  3602  2502  4451  3804  2720  1540  4069  1802
    2305  1657  1590  2271  4677  1991  3462  3389  3673  3886  1714
    3934  2582  4313  2297  3898  4611]]

 [[    2     2     2     2     2     2     2     2     2     2     2
       2     2     2     2     2     2     2     2     2     2     2
       2     2     2     2     2     2     2     2     2     2     2
       2     2     2     2     2     2     2     2     2     2     2
       2     2     2     2     2     2     2     2     2     2     2
       2     2     2     2     2     2]
  [ 2436  1928  1534  1440  2115  2786  5184  4958  7782  9630  6769
    5985  9816  1383 11050  1661  4452  9786  1324  2996  1527  1589
    1611  4278  3352  1940  2057  6845 28087  1884 14568  1845  1411
    1676  4283 20553  1729  1566  1928  2360  2806  5361  4120  3238
    2311  1395  3295  1518  5328 15034  6629  2809  3808 11088  7925
    2432  1477 10490  5062  9690 16505]]

 [[    2     2     2     2     2     2     2     2     2     2     2
       2     2     2     2     2     2     2     2     2     2     2
       2     2     2     2     2     2     2     2     2     2     2
       2     2     2     2     2     2     2     2     2     2     2
       2     2     2     2     2     2     2     2     2     2     2
       2     2     2     2     2     2]
  [ 2436  1723  1899  1905  3096  1622  1871  4276  2483  1543  5390
    1667  8089  3612  3739  3622  3176  4789  4958  2538  1670  3080
    1596  4136  1913  1566  2163  3318  2472  1734  5238  2409  2787
    1527  3186  1804  2415  1453  3042  2087  2460  1688  3470  5578
    1869  2274  1534  3916  9814  3282  1992  2150  1926  1931  1670
    3950  3100  5348  2718  3558  7022]]]
stable
 
 err: 
done running mariposa 121.7
Bisecting: 644 revisions left to test after this (roughly 9 steps)
[754656212d592947af3994df09d668aeca2000b7] allow more sign lemmas
running python3 /home/yizhou7/mariposa/scripts/z3-bisect.py /home/yizhou7/mariposa/data/bisect_tasks/d_fvbkv_z3_clean--Impl-IndirectionTableModel.i.dfy.Impl__IndirectionTableModel.__default.LemmaRemoveRefStuff.txt
building z3
Bisecting: 644 revisions left to test after this (roughly 9 steps)
[4a94abe7d7f3996cbdfac69e08836b3233f8efce] Update nightly.yaml
running python3 /home/yizhou7/mariposa/scripts/z3-bisect.py /home/yizhou7/mariposa/data/bisect_tasks/d_fvbkv_z3_clean--Impl-IndirectionTableModel.i.dfy.Impl__IndirectionTableModel.__default.LemmaRemoveRefStuff.txt
building z3
done building z3 83.7
running mariposa
res: 0 
 out: [[[    2     2     2     2     2     2     2     2     2     2     2
       2     2     2     2     2     2     2     2     2     2     2
       2     2     2     2     2     2     2     2     2     2     2
       2     2     2     2     2     2     2     2     2     2     2
       2     2     2     2     2     2     2     2     2     2     2
       2     2     2     2     2     2]
  [ 2739  3928  3936  4557  5731  4779  4589  3934  2888  3175  5603
    3242  4015  3123  3321  5353  4214  4329  2590  5941  3211  3595
    4154  4023  6512  4000  6904  6371  2407  3597  4332  3009  3074
    2447  2117  3057  2593  4230  3573  3681  3576  3444  4828  5113
    2295  4344  5167  3487  5059  2855  5670  5775  2725  2886  3442
    5111  3463  6199  7158  5420  2840]]

 [[    2     2     2     2     2     2     2     2     2     2     2
       2     2     2     2     2     2     2     2     2     2     2
       2     2     2     2     2     2     2     2     2     2     2
       2     2     2     2     2     2     2     2     2     2     2
       2     2     2     2     2     2     2     2     2     2     2
       2     2     2     2     2     2]
  [ 2739  1726  1943  6030  1597  5539  8876  6286  7246 10266  4988
    4754  2589  1616  1453  6992  4757  1948  1259  4314  7323  2489
    1508  2940  5422  8169  5405  2492  1973 11818  2040  1693  5087
    3047  7421  1312  3837  2039  3782  2092  4330  1510  3449  4277
    7848  1792  2371  5806  8205  1821 16191  1712 11764 10928 13974
    5470  3620  6495  1686  2367 13427]]

 [[    2     2     2     2     2     2     2     2     2     2     2
       2     2     2     2     2     2     2     2     2     2     2
       2     2     2     2     2     2     2     2     2     2     2
       2     2     2     2     2     2     2     2     2     2     2
       2     2     2     2     2     2     2     2     2     2     2
       2     2     2     2     2     2]
  [ 2739  1683  1744  2465  2489  3582  3871  3854  1748  3313  2273
    4614  1815  4219  1887  1797  2696  2016  5960  8094  1449  1816
    1616  3395  3269  1890  1917  3127  1467  1460  1721  1749  4456
    3400 10524  2492  2511  4263  2254  1998 13256  3979  5312  4539
    2054  1602  1375  5429  1452  1908  1528  1692  1942 10700  2126
    1472  4476  5114  1771  1516  6256]]]
stable
 
 err: 
done running mariposa 129.4
Bisecting: 530 revisions left to test after this (roughly 9 steps)
[40cc8c31e5a623136156065c4fe98a1bb43cd514] generate simple_sign_lemma
running python3 /home/yizhou7/mariposa/scripts/z3-bisect.py /home/yizhou7/mariposa/data/bisect_tasks/d_fvbkv_z3_clean--Impl-IndirectionTableModel.i.dfy.Impl__IndirectionTableModel.__default.LemmaRemoveRefStuff.txt
building z3
Bisecting: 530 revisions left to test after this (roughly 9 steps)
[2b5e8e965257d234562b9cf32bee580b96588370] change in a comment
running python3 /home/yizhou7/mariposa/scripts/z3-bisect.py /home/yizhou7/mariposa/data/bisect_tasks/d_fvbkv_z3_clean--Impl-IndirectionTableModel.i.dfy.Impl__IndirectionTableModel.__default.LemmaRemoveRefStuff.txt
building z3
Bisecting: 530 revisions left to test after this (roughly 9 steps)
[882dd06df93514ae17066688e63104f453f33588] small changes
running python3 /home/yizhou7/mariposa/scripts/z3-bisect.py /home/yizhou7/mariposa/data/bisect_tasks/d_fvbkv_z3_clean--Impl-IndirectionTableModel.i.dfy.Impl__IndirectionTableModel.__default.LemmaRemoveRefStuff.txt
building z3
Bisecting: 530 revisions left to test after this (roughly 9 steps)
[33cbd29ed0e0ef9224a79b035617404a1b604b5c] mv util/lp to math/lp
running python3 /home/yizhou7/mariposa/scripts/z3-bisect.py /home/yizhou7/mariposa/data/bisect_tasks/d_fvbkv_z3_clean--Impl-IndirectionTableModel.i.dfy.Impl__IndirectionTableModel.__default.LemmaRemoveRefStuff.txt
building z3
Bisecting: 530 revisions left to test after this (roughly 9 steps)
[b43a0e184ce158b4457b2bb989deb686813a53ac] introduce rooted monomial table
running python3 /home/yizhou7/mariposa/scripts/z3-bisect.py /home/yizhou7/mariposa/data/bisect_tasks/d_fvbkv_z3_clean--Impl-IndirectionTableModel.i.dfy.Impl__IndirectionTableModel.__default.LemmaRemoveRefStuff.txt
building z3
Bisecting: 530 revisions left to test after this (roughly 9 steps)
[d3bd55d0cfb2cfccf55a57d9c0c4532406a0874c] remove m_mons_to_rehash, fix a bug in emonomials::after_merge_eh(), generate order and tangent lemmas on any monomial
running python3 /home/yizhou7/mariposa/scripts/z3-bisect.py /home/yizhou7/mariposa/data/bisect_tasks/d_fvbkv_z3_clean--Impl-IndirectionTableModel.i.dfy.Impl__IndirectionTableModel.__default.LemmaRemoveRefStuff.txt
building z3
Bisecting: 530 revisions left to test after this (roughly 9 steps)
[5e40d64a8272c1d0ef0945751fb76966f5dd36a1] port Grobner
running python3 /home/yizhou7/mariposa/scripts/z3-bisect.py /home/yizhou7/mariposa/data/bisect_tasks/d_fvbkv_z3_clean--Impl-IndirectionTableModel.i.dfy.Impl__IndirectionTableModel.__default.LemmaRemoveRefStuff.txt
building z3
Bisecting: 530 revisions left to test after this (roughly 9 steps)
[0146259ea402a8bf3996f1ca0d2d37ed69fddd35] z3str3: fix control flow and return paths in regex model construction
running python3 /home/yizhou7/mariposa/scripts/z3-bisect.py /home/yizhou7/mariposa/data/bisect_tasks/d_fvbkv_z3_clean--Impl-IndirectionTableModel.i.dfy.Impl__IndirectionTableModel.__default.LemmaRemoveRefStuff.txt
building z3
done building z3 6.4
running mariposa
res: 1 
 out: [[[    2     2     2     2     2     2     2     2     2     2     2
       2     2     2     2     2     2     2     2     2     2     2
       2     2     2     2     2     2     2     2     2     2     2
       2     2     2     2     2     2     2     2     2     2     2
       2     2     2     2     2     2     2     2     2     2     2
       2     2     2     2     2     2]
  [ 8821  3676  3919  8328  3422  3297  7761  3723  5288  6196  3018
    6030  3052  3164  6402  5575  3834  2410  2968  8628  3440  7110
    4374  2412  6189  4520  3008  3469  6832  2338  6154  3918  4893
    5071  3413  3017  4788  4508  3756  4183  3172  4021  6202  3729
    5486  5742  5482  2716  4359  3875  2465  4839  5798  3284 10755
    7064  2345  7174  5169  7448 12010]]

 [[    2     2     2     2     2     2     3     2     3     2     2
       2     2     2     2     3     3     3     2     2     2     2
       2     2     2     2     2     2     3     2     2     2     2
       2     2     2     3     3     2     2     2     2     2     2
       2     2     3     3     2     2     2     3     2     2     2
       3     3     3     3     3     3]
  [ 8821  4524 10365  6845  6713  5949 60017 13853 60016  4498  3346
    6385  6089 18713  4431 60017 60017 60016 11436 13377  4914 28427
    3900 21358 33306 16051  3944  3587 60020 10109  2896  3176  6838
   14223  3825 32233 60019 60018  2043  6589 13424  9952 27107 27785
    5053  6024 60017 60019 12340 35521 13517 60018  4633  1597  3782
   60018 60016 60018 60017 60018 60021]]

 [[    2     2     2     2     2     2     3     3     3     3     3
       2     3     2     2     2     2     2     2     2     2     3
       2     2     2     2     2     2     2     3     3     2     2
       2     2     2     2     2     2     2     2     3     2     2
       2     3     2     2     2     2     2     3     3     3     3
       3     2     3     3     3     3]
  [ 8821  5020  2970  2363 25532 13223 60013 60014 60017 60013 60014
    4712 60017 18783  8986 21504  3139  3978 27167  8646  2326 60018
   11003  8418  2983  5621  5744 14422  2573 60017 60018  7144  4618
    8776  5386 14238  8436  1891  6589  5917  9426 60014  9355  2699
   12362 60018  2062  8669  2760 35625  3240 60016 60016 60014 60017
   60014  9062 60013 60021 60019 60015]]]
unstable
 
 err: 
done running mariposa 511.9
Bisecting: 523 revisions left to test after this (roughly 9 steps)
[50d3e67e6187cbffd2e4c1df3206633ad0bb5c61] adding commments
running python3 /home/yizhou7/mariposa/scripts/z3-bisect.py /home/yizhou7/mariposa/data/bisect_tasks/d_fvbkv_z3_clean--Impl-IndirectionTableModel.i.dfy.Impl__IndirectionTableModel.__default.LemmaRemoveRefStuff.txt
building z3
Bisecting: 523 revisions left to test after this (roughly 9 steps)
[3f9229a6989a405264f8ce4b623a8fefe3843e4f] stop keying monomials by abs values
running python3 /home/yizhou7/mariposa/scripts/z3-bisect.py /home/yizhou7/mariposa/data/bisect_tasks/d_fvbkv_z3_clean--Impl-IndirectionTableModel.i.dfy.Impl__IndirectionTableModel.__default.LemmaRemoveRefStuff.txt
building z3
Bisecting: 523 revisions left to test after this (roughly 9 steps)
[ee62f83131c3ead740729aac99ea48de797fdb06] fix #2892
running python3 /home/yizhou7/mariposa/scripts/z3-bisect.py /home/yizhou7/mariposa/data/bisect_tasks/d_fvbkv_z3_clean--Impl-IndirectionTableModel.i.dfy.Impl__IndirectionTableModel.__default.LemmaRemoveRefStuff.txt
building z3
done building z3 9.2
running mariposa
res: 1 
 out: [[[    2     2     2     2     2     2     2     2     2     2     2
       2     2     2     2     2     2     2     2     2     2     2
       2     2     2     2     2     3     2     2     2     2     2
       2     2     2     2     2     2     2     2     2     2     2
       2     2     2     2     2     2     2     2     2     2     2
       2     2     2     2     2     2]
  [10326  6119  6134 16570  5602 13945 20943 12853 13991  6302 21034
   18591 14961  8150  4007  9000 28513  6419 12928  7597  8709  8409
   13915  8534  6270 20996 28153 60016  6307  4951 22132  6561  2794
    4445  7017 29248 11740 58154  7918  5904 18382  3001 12310 31632
    7583 16832 13723 13042  7396 42684 38668 16455 39167 13991  9156
   24960  5627 27494  6683 49665 33867]]

 [[    2     2     2     2     2     2     2     2     2     2     2
       2     2     2     2     3     2     3     2     3     2     2
       2     2     2     2     2     3     3     3     2     3     3
       2     2     2     3     2     2     2     2     3     2     2
       2     2     2     2     3     2     2     2     3     2     2
       2     2     2     3     3     3]
  [10326  2209  4811  7047  5413  3149 16175 12844  3294 26539  9392
    6819 22300  1687  1501 60017  8197 60018  1817 60017  5418  5639
   31002 24145  4926  7152 12355 60020 60018 60020  6373 60018 60020
   21160  5074 23080 60018  8044 13604  6338  2571 60016  8237 20587
    6649  6208  4183 50733 60021  3070 13580  3801 60017  6972  2828
   16630  6817 22272 60016 60018 60017]]

 [[    2     2     2     2     2     2     2     2     2     3     3
       3     3     2     2     2     2     3     3     2     3     2
       2     3     2     3     2     3     2     2     3     2     2
       2     2     3     2     2     2     2     2     2     2     2
       3     2     2     3     2     3     2     2     2     2     2
       2     2     2     3     3     3]
  [10326  1718  2562 18254 24996  8513  5168  1727 43941 60015 60017
   60017 60018  3778  2339 12423  2961 60019 60018  3475 60017  1808
    8625 60018  2242 60016  2042 60014  1706  8658 60016  2584  2020
    4027 23188 60018  4562  2014  4437  2653  8571 15787  6487  4249
   60018  8201 12416 60018 18970 60018 29357  3607  2040  4385  2426
   20566  2819  5673 60018 60022 60017]]]
unstable
 
 err: 
done running mariposa 594.6
Bisecting: 75 revisions left to test after this (roughly 6 steps)
[f70696d8e7c795eb551ef9fa210b8d2ac9d3be0e] reduce contention #2842
running python3 /home/yizhou7/mariposa/scripts/z3-bisect.py /home/yizhou7/mariposa/data/bisect_tasks/d_fvbkv_z3_clean--Impl-IndirectionTableModel.i.dfy.Impl__IndirectionTableModel.__default.LemmaRemoveRefStuff.txt
building z3
Bisecting: 75 revisions left to test after this (roughly 6 steps)
[06fb36d6488ad26011921151e96e5b25cf8bf575] add comments, rename config to more descriptive names
running python3 /home/yizhou7/mariposa/scripts/z3-bisect.py /home/yizhou7/mariposa/data/bisect_tasks/d_fvbkv_z3_clean--Impl-IndirectionTableModel.i.dfy.Impl__IndirectionTableModel.__default.LemmaRemoveRefStuff.txt
building z3
done building z3 91.1
running mariposa
res: 0 
 out: [[[    2     2     2     2     2     2     2     2     2     2     2
       2     2     2     2     2     2     2     2     2     2     2
       2     2     2     2     2     2     2     2     2     2     2
       2     2     2     2     2     2     2     2     2     2     2
       2     2     2     2     2     2     2     2     2     2     2
       2     2     2     2     2     2]
  [ 2691  3798  3901  4549  5857  4759  4623  3832  2864  5493  3137
    3252  4031  3056  3286  5217  4183  4350  5880  2583  3230  4059
    3608  4005  3949  6474  6364  6839  2408  3583  4303  3024  3014
    2423  2083  3068  2579  4196  3609  3625  3484  3420  4786  5166
    2257  5009  4315  3462  5080  2833  5687  5696  2690  2855  3363
    5106  3383  6087  7195  5374  2780]]

 [[    2     2     2     2     2     2     2     2     2     2     2
       2     2     2     2     2     2     2     2     2     2     2
       2     2     2     2     2     2     2     2     2     2     2
       2     2     2     2     2     2     2     2     2     2     2
       2     2     2     2     2     2     2     2     2     2     2
       2     2     2     2     2     2]
  [ 2691  1718  1928  5961  1563  5511  8710  6196  7271 10105  4900
    4738  2545  1573  1412  6938  4698  1905  1240  4260  7501  2455
    1478  2870  5388  8132  5382  2459  1962 11735  2028  5044  1678
    3014  7311  1260  3798  2012  3732  2060  4236  1481  3340  4243
    7846  1801  2394  8087  5732  1804 16300  1674 11724 10778 13926
    3483  5476  6470  1635  2327 13359]]

 [[    2     2     2     2     2     2     2     2     2     2     2
       2     2     2     2     2     2     2     2     2     2     2
       2     2     2     2     2     2     2     2     2     2     2
       2     2     2     2     2     2     2     2     2     2     2
       2     2     2     2     2     2     2     2     2     2     2
       2     2     2     2     2     2]
  [ 2691  1611  1756  2431  2433  3584  3825  3857  1720  3274  2265
    4645  1773  4148  1869  1780  2674  1966  5998  8055  1445  1825
    1626  3382  3166  1859  1927  1437  3156  1461  1728  1734  4389
    3314 10466  2447  4292  2463  2212  1959 13256  3975  5261  4440
    2023  1606  1348  5452  1887  1431  1506  1641  1953  2120 10807
    1463  4274  5114  1742  1496  6228]]]
stable
 
 err: 
done running mariposa 128.5
Bisecting: 20 revisions left to test after this (roughly 4 steps)
[05da2508bfecfdf6fdfb5bcac821b19a753df01c] fix #2873
running python3 /home/yizhou7/mariposa/scripts/z3-bisect.py /home/yizhou7/mariposa/data/bisect_tasks/d_fvbkv_z3_clean--Impl-IndirectionTableModel.i.dfy.Impl__IndirectionTableModel.__default.LemmaRemoveRefStuff.txt
building z3
done building z3 78.8
running mariposa
res: 0 
 out: [[[    2     2     2     2     2     2     2     2     2     2     2
       2     2     2     2     2     2     2     2     2     2     2
       2     2     2     2     2     2     2     2     2     2     2
       2     2     2     2     2     2     2     2     2     2     2
       2     2     2     2     2     2     2     2     2     2     2
       2     2     2     2     2     2]
  [ 2702  3852  3919  4530  5828  4716  4572  3827  2869  3106  5503
    3240  4017  3101  3279  5312  4293  4191  5892  2547  3177  4032
    3628  4067  6474  4016  6868  6311  2407  3605  4222  2982  2994
    2443  2134  3067  2590  4189  3613  3642  3536  3408  4821  5113
    2321  5027  4328  3427  5082  2825  5725  5735  2724  2877  3429
    5080  3430  6128  7000  5418  2800]]

 [[    2     2     2     2     2     2     2     2     2     2     2
       2     2     2     2     2     2     2     2     2     2     2
       2     2     2     2     2     2     2     2     2     2     2
       2     2     2     2     2     2     2     2     2     2     2
       2     2     2     2     2     2     2     2     2     2     2
       2     2     2     2     2     2]
  [ 2702  1685  1914  6107  1586  5541  6227  7201  8842 10108  4739
    4978  1582  2566  1434  7012  4684  1939  1245  4248  7303  2492
    1488  2879  5403  8024  5449  2461  1943 11713  2030  1674  5101
    2997  7403  1249  3745  2036  3810  2057  4323  1503  3341  4219
    7870  1781  2371  8132  5667  1772 16219  1695 11704 10900 13912
    5425  3562  6524  1622  2365 13536]]

 [[    2     2     2     2     2     2     2     2     2     2     2
       2     2     2     2     2     2     2     2     2     2     2
       2     2     2     2     2     2     2     2     2     2     2
       2     2     2     2     2     2     2     2     2     2     2
       2     2     2     2     2     2     2     2     2     2     2
       2     2     2     2     2     2]
  [ 2702  1634  1735  2401  2429  3593  3903  3829  1730  3276  2275
    4598  1783  4225  1873  1764  2667  1960  5949  8172  1462  1823
    1615  3438  3171  1854  1928  3124  1430  1442  1713  1712  4472
    3323 10416  2459  2458  4248  2205  1994 13554  4027  5223  4422
    2015  1610  1372  5424  1872  1443  1506  1643  1966 10511  2123
    1446  4287  5144  1772  1493  6254]]]
stable
 
 err: 
done running mariposa 128.7
Bisecting: 9 revisions left to test after this (roughly 3 steps)
[a3b715b963235fb0f034fe14241089eae0641dec] Fix EOF detection when char is unsigned.
running python3 /home/yizhou7/mariposa/scripts/z3-bisect.py /home/yizhou7/mariposa/data/bisect_tasks/d_fvbkv_z3_clean--Impl-IndirectionTableModel.i.dfy.Impl__IndirectionTableModel.__default.LemmaRemoveRefStuff.txt
building z3
done building z3 76.2
running mariposa
res: 0 
 out: [[[    2     2     2     2     2     2     2     2     2     2     2
       2     2     2     2     2     2     2     2     2     2     2
       2     2     2     2     2     2     2     2     2     2     2
       2     2     2     2     2     2     2     2     2     2     2
       2     2     2     2     2     2     2     2     2     2     2
       2     2     2     2     2     2]
  [ 2740  3848  3917  4625  5708  4767  4587  3841  2860  5611  3122
    3224  4071  3072  3289  5194  4334  4243  2603  5872  3160  3523
    4103  4044  6425  4023  6880  6334  3623  2428  4285  2967  3017
    2422  2117  3057  2599  4229  3540  3640  3527  3419  4762  5223
    2262  5095  4378  3444  5136  2804  5627  5750  2765  2849  3337
    5159  6164  3404  7045  5359  2858]]

 [[    2     2     2     2     2     2     2     2     2     2     2
       2     2     2     2     2     2     2     2     2     2     2
       2     2     2     2     2     2     2     2     2     2     2
       2     2     2     2     2     2     2     2     2     2     2
       2     2     2     2     2     2     2     2     2     2     2
       2     2     2     2     2     2]
  [ 2740  1750  1921  6033  1573  5442  8786  6284  7233 10151  4922
    4755  2579  1601  1431  6885  4706  1924  1243  4309  7448  2441
    1500  2884  5500  8071  5358  2452  1950 11719  2002  1673  5171
    3018  7220  1258  3724  2016  3752  2092  4250  1473  3340  4226
    7884  1836  2361  5752  8295  1779 16207  1709 11675 13757 10871
    3537  5410  6501  1644  2319 13455]]

 [[    2     2     2     2     2     2     2     2     2     2     2
       2     2     2     2     2     2     2     2     2     2     2
       2     2     2     2     2     2     2     2     2     2     2
       2     2     2     2     2     2     2     2     2     2     2
       2     2     2     2     2     2     2     2     2     2     2
       2     2     2     2     2     2]
  [ 2740  1595  1737  2463  2414  3588  3868  3898  1719  3242  2288
    4586  1767  4161  1757  1884  2694  1979  5964  8026  1454  1806
    1608  3390  3184  1851  1914  3165  1437  1433  1706  1725  4416
    3396 10691  2461  4241  2444  2250  1971 13150  3946  5230  4507
    1596  2040  1334  5470  1866  1453  1500  1674  1984  2108 10619
    1493  4351  5125  1741  1464  6212]]]
stable
 
 err: 
done running mariposa 128.7
Bisecting: 4 revisions left to test after this (roughly 2 steps)
[3774d6d405761781432b00226024a07c96008e9a] fix #2890
running python3 /home/yizhou7/mariposa/scripts/z3-bisect.py /home/yizhou7/mariposa/data/bisect_tasks/d_fvbkv_z3_clean--Impl-IndirectionTableModel.i.dfy.Impl__IndirectionTableModel.__default.LemmaRemoveRefStuff.txt
building z3
done building z3 21.7
running mariposa
res: 1 
 out: [[[    2     2     2     2     2     2     2     2     2     2     2
       2     2     2     2     2     2     2     2     2     2     2
       2     2     2     2     3     2     2     2     2     2     2
       2     2     2     2     2     2     2     2     2     2     2
       2     2     2     2     2     2     2     2     2     2     2
       2     2     2     2     2     2]
  [10430  6044  6031 16461  5572 13849 20891 12716 13853  6308 21052
   18319 14860  8195  4004 28288  8981  6329 13026  7607  8684  8451
   13567  8453  6226 21096 60016 28712  6300 22025  4977  6542  2780
    4533  7062 28756 11727 58088  7962  5915 18296  3049 12121  7450
   32374 16914 13096 13760  7442 42787 38088 16358  9010 13948 39748
   24890  5697  6582 27983 50241 33364]]

 [[    2     2     2     2     2     2     2     2     2     2     2
       2     2     2     2     3     2     3     2     3     2     2
       2     2     2     2     2     3     3     3     2     3     3
       2     2     2     3     2     2     2     2     3     2     2
       2     2     2     2     2     3     2     2     2     3     2
       2     2     2     3     3     3]
  [10430  2153  4912  6962  5334  3147 16329 12986  3333 26801  6798
   22214  9460  1672  1509 60018  8213 60017  1816 60017  5475  5711
   30756 24140  4913  7137 12517 60020 60019 60018  6378 60019 60019
   21099  5170 23140 60018  8238 13889  6450  2613 60017  8412 20585
    6663  6182 49591  4106  3018 60021 13839  3838  6953 60016  2787
   16451  6773 22609 60017 60019 60017]]

 [[    2     2     2     2     2     2     2     2     2     3     3
       3     3     2     2     2     2     3     3     2     3     2
       2     3     2     2     3     3     2     2     3     2     2
       2     2     2     3     2     2     2     2     2     2     2
       3     2     2     3     3     2     2     2     2     2     2
       2     2     2     3     3     3]
  [10430  1756  2550 18414 25127  8718  5302  1738 43353 60015 60017
   60014 60017  3795  2339 12711  3013 60017 60017  3470 60016  1800
    8657 60017  2260  2039 60017 60014  1714  8689 60016  2612  2012
    4050 22647  4541 60016  4509  2067  2715  8551 15499  6614  4271
   60018  8226 12365 60017 60017 18883 28945  3596  2006  4402  2409
   20646  2835  5587 60018 60021 60016]]]
unstable
 
 err: 
done running mariposa 593.8
Bisecting: 2 revisions left to test after this (roughly 1 step)
[5497022f5c15f87e1d552970291a4beffadfe8dd] fix #2877
running python3 /home/yizhou7/mariposa/scripts/z3-bisect.py /home/yizhou7/mariposa/data/bisect_tasks/d_fvbkv_z3_clean--Impl-IndirectionTableModel.i.dfy.Impl__IndirectionTableModel.__default.LemmaRemoveRefStuff.txt
building z3
done building z3 18.4
running mariposa
res: 0 
 out: [[[    2     2     2     2     2     2     2     2     2     2     2
       2     2     2     2     2     2     2     2     2     2     2
       2     2     2     2     2     2     2     2     2     2     2
       2     2     2     2     2     2     2     2     2     2     2
       2     2     2     2     2     2     2     2     2     2     2
       2     2     2     2     2     2]
  [ 2777  3878  3912  4543  5777  4715  4582  2858  3894  3143  5512
    3226  4027  3120  5233  3272  4323  4203  6023  2554  3226  3562
    4142  4084  6524  4006  6846  6331  3590  2417  4238  3003  2431
    3015  2115  3051  2621  4188  3543  3534  3693  3473  4797  5077
    2276  4300  5039  3439  5029  2804  5709  5849  2719  2896  3379
    5057  3418  6111  7118  5329  2805]]

 [[    2     2     2     2     2     2     2     2     2     2     2
       2     2     2     2     2     2     2     2     2     2     2
       2     2     2     2     2     2     2     2     2     2     2
       2     2     2     2     2     2     2     2     2     2     2
       2     2     2     2     2     2     2     2     2     2     2
       2     2     2     2     2     2]
  [ 2777  1714  1926  1598  6167  5428  6193  8943  7227 10117  4858
    5000  1588  2546  1458  6851  4728  1931  1246  4281  7270  2486
    2900  1481  5389  8191  5432  2471  1989 11638  2004  1683  5065
    2978  7255  1244  3768  2007  3748  2037  4254  1472  3367  4238
    8006  1820  2377  8089  5789  1769 16229  1700 11718 13876 11022
    3551  5416  6534  1684  2361 13302]]

 [[    2     2     2     2     2     2     2     2     2     2     2
       2     2     2     2     2     2     2     2     2     2     2
       2     2     2     2     2     2     2     2     2     2     2
       2     2     2     2     2     2     2     2     2     2     2
       2     2     2     2     2     2     2     2     2     2     2
       2     2     2     2     2     2]
  [ 2777  1610  1726  2430  2448  3634  3808  3904  1716  3260  2304
    4650  1788  4144  1877  1759  2722  1984  5967  8032  1458  1844
    1611  3437  3194  1862  1919  1438  3181  1447  1716  1702  4405
   10371  3348  2455  2447  2211  4288  1972 13495  4012  5216  4510
    2023  1605  1359  5436  1897  1450  1548  1667  1920 10501  2134
    1435  4290  5146  1481  1775  6219]]]
stable
 
 err: 
done running mariposa 128.9
Bisecting: 0 revisions left to test after this (roughly 1 step)
[c8c088e80d9bc84c1c4688277c48ed1a98c4833f] fix #2891
running python3 /home/yizhou7/mariposa/scripts/z3-bisect.py /home/yizhou7/mariposa/data/bisect_tasks/d_fvbkv_z3_clean--Impl-IndirectionTableModel.i.dfy.Impl__IndirectionTableModel.__default.LemmaRemoveRefStuff.txt
building z3
done building z3 3.2
running mariposa
res: 0 
 out: [[[    2     2     2     2     2     2     2     2     2     2     2
       2     2     2     2     2     2     2     2     2     2     2
       2     2     2     2     2     2     2     2     2     2     2
       2     2     2     2     2     2     2     2     2     2     2
       2     2     2     2     2     2     2     2     2     2     2
       2     2     2     2     2     2]
  [ 2745  3901  3936  4601  5713  4729  4616  2868  3898  3158  5497
    3185  4045  3129  3281  4207  5224  4392  5901  2572  3239  3556
    4104  4018  6491  4013  6355  7018  2412  3613  4260  2993  2966
    2438  2149  3068  2586  4254  3605  3698  3517  3490  4782  5116
    2317  4414  5083  3441  5072  2851  5692  5751  2716  2866  3458
    5138  3377  6217  7050  5381  2842]]

 [[    2     2     2     2     2     2     2     2     2     2     2
       2     2     2     2     2     2     2     2     2     2     2
       2     2     2     2     2     2     2     2     2     2     2
       2     2     2     2     2     2     2     2     2     2     2
       2     2     2     2     2     2     2     2     2     2     2
       2     2     2     2     2     2]
  [ 2745  1729  1932  6053  1598  5454  6223  9032  7204 10003  4987
    4805  1577  2559  1449  6889  4685  1925  1242  4288  7430  2448
    2887  1486  5452  8110  5366  2487  1968 11619  2018  5116  1665
    3007  7403  1258  3712  2046  3761  2049  4293  1474  3398  4211
    7851  1801  2355  8099  5630  1777 16539  1682 11824 10929 14041
    5464  3557  6585  1665  2381 13415]]

 [[    2     2     2     2     2     2     2     2     2     2     2
       2     2     2     2     2     2     2     2     2     2     2
       2     2     2     2     2     2     2     2     2     2     2
       2     2     2     2     2     2     2     2     2     2     2
       2     2     2     2     2     2     2     2     2     2     2
       2     2     2     2     2     2]
  [ 2745  1587  1768  2391  2437  3592  3823  3910  1745  3245  2299
    4626  1778  4152  1906  1772  2743  1977  5952  8013  1441  1806
    1622  3429  3195  1863  1887  3125  1438  1444  1696  1726  4443
    3350 10381  2447  4281  2434  2226  2003 13252  4035  5202  4432
    1613  2033  1336  5434  1884  1416  1511  1677  1912 10605  2144
    1459  4341  5194  1773  1492  6319]]]
stable
 
 err: 
done running mariposa 128.9
3774d6d405761781432b00226024a07c96008e9a is the first bad commit
commit 3774d6d405761781432b00226024a07c96008e9a
Author: Nikolaj Bjorner <nbjorner@microsoft.com>
Date:   Sun Jan 26 17:59:52 2020 -0800

    fix #2890
    
    Signed-off-by: Nikolaj Bjorner <nbjorner@microsoft.com>

:040000 040000 ef324e98e70629ff244c84547dd98543cb8ebe5c d50645635c9cb05635ef9139d5e02aec09bc348e M	src
bisect run success
git bisect start
# good: [e79542cc689d52ec4cb34ce4ae3fbe56e7a0bf70] fix #2309
git bisect good e79542cc689d52ec4cb34ce4ae3fbe56e7a0bf70
# bad: [ad55a1f1c617a7f0c3dd735c0780fc758424c7f1] Update release.yml for Azure Pipelines
git bisect bad ad55a1f1c617a7f0c3dd735c0780fc758424c7f1
# skip: [e2702f3ae88f5c48a55f4473bb5c29184c182634] fixes in assigning constraints to intervals
git bisect skip e2702f3ae88f5c48a55f4473bb5c29184c182634
# skip: [1915812f84cf41a5f232eedf2a695a54d055aa88] add a test for intervals
git bisect skip 1915812f84cf41a5f232eedf2a695a54d055aa88
# bad: [8faf35e2e0c8fce99794e71bd3b5de74b95ceb5a] fix #3735
git bisect bad 8faf35e2e0c8fce99794e71bd3b5de74b95ceb5a
# skip: [d1a5635b4ad7f8632356b380f3a9b1fc83fdb04f] better model based lemmaas
git bisect skip d1a5635b4ad7f8632356b380f3a9b1fc83fdb04f
# skip: [0a86bd14f792ef5fadb8eeb346729a612f7e1588] start on test nla
git bisect skip 0a86bd14f792ef5fadb8eeb346729a612f7e1588
# bad: [f7747d9e76bd685a02ce5c5fbda91fc356856b5e] fix parameter collection for tactic-based solvers reported in #3065
git bisect bad f7747d9e76bd685a02ce5c5fbda91fc356856b5e
# skip: [0644194fc96a853df44c37f9e4522796aa40add8] work on lemma from product to factors, and some renaming
git bisect skip 0644194fc96a853df44c37f9e4522796aa40add8
# good: [0321312c8db1d3f0edbd23e6e48884fbb7d77d1d] Changed to get_const_interp to match Java and C# bindings
git bisect good 0321312c8db1d3f0edbd23e6e48884fbb7d77d1d
# skip: [c9e989ae853667faaa04c98e128e48130e05b07f] fix build of lp_tst
git bisect skip c9e989ae853667faaa04c98e128e48130e05b07f
# bad: [73662ad60d26755b7cd4c65c88766298125ee6a5] fix #3016
git bisect bad 73662ad60d26755b7cd4c65c88766298125ee6a5
# skip: [403743cb30a07a99ef035f647993229b2960d9d6] switch to constraint based sign lemma
git bisect skip 403743cb30a07a99ef035f647993229b2960d9d6
# skip: [130995a3db793cefb402d85431fa66b0fa8165ab] print terms as monomials
git bisect skip 130995a3db793cefb402d85431fa66b0fa8165ab
# good: [bfc30440ac040d58fa05d76612fd766f512c0c5a] update nightly
git bisect good bfc30440ac040d58fa05d76612fd766f512c0c5a
# skip: [754656212d592947af3994df09d668aeca2000b7] allow more sign lemmas
git bisect skip 754656212d592947af3994df09d668aeca2000b7
# good: [4a94abe7d7f3996cbdfac69e08836b3233f8efce] Update nightly.yaml
git bisect good 4a94abe7d7f3996cbdfac69e08836b3233f8efce
# skip: [40cc8c31e5a623136156065c4fe98a1bb43cd514] generate simple_sign_lemma
git bisect skip 40cc8c31e5a623136156065c4fe98a1bb43cd514
# skip: [2b5e8e965257d234562b9cf32bee580b96588370] change in a comment
git bisect skip 2b5e8e965257d234562b9cf32bee580b96588370
# skip: [882dd06df93514ae17066688e63104f453f33588] small changes
git bisect skip 882dd06df93514ae17066688e63104f453f33588
# skip: [33cbd29ed0e0ef9224a79b035617404a1b604b5c] mv util/lp to math/lp
git bisect skip 33cbd29ed0e0ef9224a79b035617404a1b604b5c
# skip: [b43a0e184ce158b4457b2bb989deb686813a53ac] introduce rooted monomial table
git bisect skip b43a0e184ce158b4457b2bb989deb686813a53ac
# skip: [d3bd55d0cfb2cfccf55a57d9c0c4532406a0874c] remove m_mons_to_rehash, fix a bug in emonomials::after_merge_eh(), generate order and tangent lemmas on any monomial
git bisect skip d3bd55d0cfb2cfccf55a57d9c0c4532406a0874c
# skip: [5e40d64a8272c1d0ef0945751fb76966f5dd36a1] port Grobner
git bisect skip 5e40d64a8272c1d0ef0945751fb76966f5dd36a1
# bad: [0146259ea402a8bf3996f1ca0d2d37ed69fddd35] z3str3: fix control flow and return paths in regex model construction
git bisect bad 0146259ea402a8bf3996f1ca0d2d37ed69fddd35
# skip: [50d3e67e6187cbffd2e4c1df3206633ad0bb5c61] adding commments
git bisect skip 50d3e67e6187cbffd2e4c1df3206633ad0bb5c61
# skip: [3f9229a6989a405264f8ce4b623a8fefe3843e4f] stop keying monomials by abs values
git bisect skip 3f9229a6989a405264f8ce4b623a8fefe3843e4f
# bad: [ee62f83131c3ead740729aac99ea48de797fdb06] fix #2892
git bisect bad ee62f83131c3ead740729aac99ea48de797fdb06
# skip: [f70696d8e7c795eb551ef9fa210b8d2ac9d3be0e] reduce contention #2842
git bisect skip f70696d8e7c795eb551ef9fa210b8d2ac9d3be0e
# good: [06fb36d6488ad26011921151e96e5b25cf8bf575] add comments, rename config to more descriptive names
git bisect good 06fb36d6488ad26011921151e96e5b25cf8bf575
# good: [05da2508bfecfdf6fdfb5bcac821b19a753df01c] fix #2873
git bisect good 05da2508bfecfdf6fdfb5bcac821b19a753df01c
# good: [a3b715b963235fb0f034fe14241089eae0641dec] Fix EOF detection when char is unsigned.
git bisect good a3b715b963235fb0f034fe14241089eae0641dec
# bad: [3774d6d405761781432b00226024a07c96008e9a] fix #2890
git bisect bad 3774d6d405761781432b00226024a07c96008e9a
# good: [5497022f5c15f87e1d552970291a4beffadfe8dd] fix #2877
git bisect good 5497022f5c15f87e1d552970291a4beffadfe8dd
# good: [c8c088e80d9bc84c1c4688277c48ed1a98c4833f] fix #2891
git bisect good c8c088e80d9bc84c1c4688277c48ed1a98c4833f
# first bad commit: [3774d6d405761781432b00226024a07c96008e9a] fix #2890
