running python3 /home/yizhou7/mariposa/scripts/z3-bisect.py /home/yizhou7/mariposa/data/bisect_tasks/d_fvbkv_z3_clean--lib-Base-total_order_impl.i.dfy.Impl__Total__Order__Impl.__default.ArrayLargestLtePlus1.txt
building z3
Bisecting: 1453 revisions left to test after this (roughly 11 steps)
[1915812f84cf41a5f232eedf2a695a54d055aa88] add a test for intervals
running python3 /home/yizhou7/mariposa/scripts/z3-bisect.py /home/yizhou7/mariposa/data/bisect_tasks/d_fvbkv_z3_clean--lib-Base-total_order_impl.i.dfy.Impl__Total__Order__Impl.__default.ArrayLargestLtePlus1.txt
building z3
Bisecting: 1453 revisions left to test after this (roughly 11 steps)
[8faf35e2e0c8fce99794e71bd3b5de74b95ceb5a] fix #3735
running python3 /home/yizhou7/mariposa/scripts/z3-bisect.py /home/yizhou7/mariposa/data/bisect_tasks/d_fvbkv_z3_clean--lib-Base-total_order_impl.i.dfy.Impl__Total__Order__Impl.__default.ArrayLargestLtePlus1.txt
building z3
done building z3 3.3
running mariposa
res: 1 
 out: [[[  2   2   2   2   2   2   2   2   2   2   2   2   2   2   2   2   2
     2   2   2   2   2   2   2   2   2   2   2   2   2   2   2   2   2
     2   2   2   2   2   2   2   2   2   2   2   2   2   2   2   2   2
     4   2   2   2   2   2   2   2   2   2]
  [116 155 165 184 138 141 182 180 175 152 178 148 150 163 162 167 169
   140 140 140 146 172 149 156 217 143 162 185 139 171 142 180 178 147
   203 163 140 139 139 168 142 144 145 141 137 173 156 144 144 146 142
   142 143 159 156 160 137 139 129 134 130]]

 [[  2   2   2   2   4   2   2   2   2   2   2   2   2   2   2   2   2
     2   2   2   2   2   2   2   2   2   2   2   2   2   2   2   2   2
     2   2   4   2   2   2   2   2   2   2   2   2   4   2   2   2   2
     2   4   2   2   2   2   2   2   2   2]
  [116 156 175 146 134 144 164 149 151 143 188 141 140 141 176 163 142
   141 170 176 162 171 148 160 155 144 140 185 138 147 140 140 139 170
   166 164 174 140 143 157 161 168 151 141 160 143 136 170 162 151 178
   160 141 147 165 147 146 144 137 152 186]]

 [[  2   2   2   2   4   4   2   2   2   2   2   2   4   2   2   4   2
     4   2   2   2   2   2   2   2   4   2   2   2   2   4   2   2   2
     2   2   2   2   4   2   2   2   2   2   2   2   2   2   2   2   2
     2   2   2   2   2   2   2   2   2   2]
  [116 144 148 152 146 147 177 189 147 180 172 147 164 148 173 151 154
   155 158 165 166 215 147 168 151 150 190 176 229 146 165 180 187 190
   185 152 152 148 140 159 163 188 151 175 154 173 187 188 150 171 153
   154 174 200 170 150 175 185 171 182 154]]]
unstable
 
 err: 
done running mariposa 7.9
Bisecting: 1254 revisions left to test after this (roughly 10 steps)
[d1a5635b4ad7f8632356b380f3a9b1fc83fdb04f] better model based lemmaas
running python3 /home/yizhou7/mariposa/scripts/z3-bisect.py /home/yizhou7/mariposa/data/bisect_tasks/d_fvbkv_z3_clean--lib-Base-total_order_impl.i.dfy.Impl__Total__Order__Impl.__default.ArrayLargestLtePlus1.txt
building z3
Bisecting: 1254 revisions left to test after this (roughly 10 steps)
[0a86bd14f792ef5fadb8eeb346729a612f7e1588] start on test nla
running python3 /home/yizhou7/mariposa/scripts/z3-bisect.py /home/yizhou7/mariposa/data/bisect_tasks/d_fvbkv_z3_clean--lib-Base-total_order_impl.i.dfy.Impl__Total__Order__Impl.__default.ArrayLargestLtePlus1.txt
building z3
Bisecting: 1254 revisions left to test after this (roughly 10 steps)
[f7747d9e76bd685a02ce5c5fbda91fc356856b5e] fix parameter collection for tactic-based solvers reported in #3065
running python3 /home/yizhou7/mariposa/scripts/z3-bisect.py /home/yizhou7/mariposa/data/bisect_tasks/d_fvbkv_z3_clean--lib-Base-total_order_impl.i.dfy.Impl__Total__Order__Impl.__default.ArrayLargestLtePlus1.txt
building z3
done building z3 3.3
running mariposa
res: 1 
 out: [[[  2   2   2   2   2   2   2   2   2   2   2   2   2   2   2   2   2
     2   2   2   2   2   2   2   2   2   2   2   2   2   2   2   2   2
     2   2   2   2   2   2   2   2   2   2   2   2   2   2   2   2   2
     4   2   2   2   2   2   2   2   2   2]
  [116 141 163 145 152 176 141 147 187 144 137 144 188 150 163 139 160
   145 164 157 179 137 148 139 168 145 139 196 139 155 141 154 142 159
   154 174 172 170 174 147 141 148 158 144 140 147 139 163 155 196 149
   142 140 145 185 160 156 137 141 133 133]]

 [[  2   2   2   2   2   2   4   2   2   2   2   2   2   2   2   2   2
     2   2   2   2   2   2   2   2   2   2   2   2   2   2   2   2   2
     2   4   2   2   2   2   2   2   2   2   2   2   2   2   4   2   2
     2   4   2   2   2   2   2   2   2   2]
  [116 172 147 143 140 145 137 166 137 141 152 141 148 157 168 143 153
   173 144 143 178 150 163 194 176 145 170 137 138 152 138 141 138 141
   164 139 174 141 187 142 163 168 149 184 163 142 140 152 158 147 166
   192 140 143 139 154 143 144 155 141 162]]

 [[  2   2   2   4   2   2   4   2   2   2   2   2   4   2   2   2   2
     2   4   4   2   2   2   4   2   2   2   2   2   2   4   2   2   2
     2   2   2   2   2   4   2   2   2   2   2   2   2   2   2   2   2
     2   2   2   2   2   2   2   2   2   2]
  [116 150 153 150 162 164 150 150 152 144 147 177 177 166 179 147 149
   151 158 178 158 157 149 142 168 156 164 170 193 147 150 149 164 155
   153 154 165 193 146 179 166 170 152 156 153 168 145 147 152 183 152
   172 154 170 189 193 157 162 174 179 186]]]
unstable
 
 err: 
done running mariposa 7.9
Bisecting: 1034 revisions left to test after this (roughly 10 steps)
[0644194fc96a853df44c37f9e4522796aa40add8] work on lemma from product to factors, and some renaming
running python3 /home/yizhou7/mariposa/scripts/z3-bisect.py /home/yizhou7/mariposa/data/bisect_tasks/d_fvbkv_z3_clean--lib-Base-total_order_impl.i.dfy.Impl__Total__Order__Impl.__default.ArrayLargestLtePlus1.txt
building z3
Bisecting: 1034 revisions left to test after this (roughly 10 steps)
[0321312c8db1d3f0edbd23e6e48884fbb7d77d1d] Changed to get_const_interp to match Java and C# bindings
running python3 /home/yizhou7/mariposa/scripts/z3-bisect.py /home/yizhou7/mariposa/data/bisect_tasks/d_fvbkv_z3_clean--lib-Base-total_order_impl.i.dfy.Impl__Total__Order__Impl.__default.ArrayLargestLtePlus1.txt
building z3
done building z3 3.2
running mariposa
res: 1 
 out: [[[  2   2   2   2   2   2   2   2   2   2   2   2   2   2   2   2   2
     2   2   2   2   2   2   2   2   2   2   2   2   4   2   2   2   2
     2   2   2   2   2   2   2   2   2   2   2   2   2   2   2   2   2
     2   2   2   2   2   2   2   2   2   2]
  [112 176 191 188 141 134 132 133 160 133 131 129 132 161 133 128 154
   154 149 129 139 209 203 137 200 138 166 140 154 155 132 161 142 130
   171 136 163 136 132 131 130 181 158 132 152 146 147 127 131 191 131
   198 163 132 145 138 129 129 138 125 137]]

 [[  2   2   2   2   2   2   4   2   2   2   2   2   2   2   2   2   4
     2   2   2   2   2   2   2   2   2   2   2   2   2   2   2   2   2
     2   4   2   2   2   2   2   2   2   2   2   2   2   2   2   2   2
     2   4   4   2   2   2   2   2   2   4]
  [112 167 179 175 135 134 133 204 132 186 134 152 161 170 132 141 153
   163 156 170 153 141 194 138 155 181 142 134 149 138 135 132 171 131
   132 132 159 133 157 134 135 197 134 156 136 129 134 132 153 140 152
   138 134 132 160 153 136 134 131 147 160]]

 [[  2   2   2   4   2   2   2   2   2   2   2   2   2   2   2   2   2
     4   2   2   2   2   2   4   2   2   2   2   2   2   2   4   2   2
     2   4   4   2   2   2   4   2   2   2   2   2   2   2   2   2   2
     2   2   2   2   2   2   4   2   2   2]
  [112 140 140 143 149 159 140 183 138 144 149 177 160 179 192 162 160
   136 141 167 199 180 143 136 159 144 173 163 149 140 141 142 193 168
   177 141 202 155 149 180 164 161 137 141 146 153 186 153 140 184 139
   154 164 138 156 141 142 187 179 154 163]]]
unstable
 
 err: 
done running mariposa 7.8
Bisecting: 261 revisions left to test after this (roughly 8 steps)
[6e637348826f0725ba8a01c455448023ca2889e4] Merge pull request #2368 from waywardmonkeys/fix-typo
running python3 /home/yizhou7/mariposa/scripts/z3-bisect.py /home/yizhou7/mariposa/data/bisect_tasks/d_fvbkv_z3_clean--lib-Base-total_order_impl.i.dfy.Impl__Total__Order__Impl.__default.ArrayLargestLtePlus1.txt
building z3
done building z3 3.1
running mariposa
res: 1 
 out: [[[  2   2   2   2   2   2   2   2   2   2   2   2   2   2   2   2   2
     2   2   2   2   2   2   2   2   2   2   4   2   2   2   2   2   2
     2   2   2   2   2   2   2   2   2   2   2   2   2   2   2   2   2
     2   2   2   2   2   2   2   2   2   2]
  [117 139 133 133 141 143 132 176 144 171 130 135 148 139 147 145 161
   141 140 134 137 170 134 167 128 166 175 155 151 159 137 131 148 131
   160 168 128 175 143 135 128 129 144 131 133 176 165 152 137 129 146
   146 128 180 125 173 137 149 155 126 121]]

 [[  2   4   4   2   2   2   2   2   2   2   2   2   2   2   2   2   4
     2   2   2   2   2   2   2   2   2   2   2   2   2   2   2   2   2
     2   2   2   2   2   2   2   2   2   2   2   2   2   2   2   2   2
     2   2   2   2   2   2   2   2   2   2]
  [117 132 135 134 143 128 169 134 141 132 132 135 139 157 156 132 130
   155 131 131 130 152 132 127 134 135 131 191 128 152 132 133 135 128
   132 180 166 129 150 136 129 164 125 137 150 136 158 142 128 135 133
   127 132 146 155 131 156 132 130 138 156]]

 [[  2   2   4   2   2   2   2   2   4   2   2   2   2   2   2   2   2
     2   4   2   2   2   2   2   2   2   2   2   2   4   2   2   2   2
     2   2   4   2   2   2   2   2   2   2   2   2   2   2   2   2   2
     4   2   2   2   2   2   2   2   2   4]
  [117 134 135 136 141 164 149 190 132 144 158 149 147 138 158 179 137
   159 138 152 170 156 137 140 140 158 167 141 145 137 139 157 178 153
   160 142 156 140 200 135 184 144 209 141 143 153 137 137 175 182 138
   130 170 169 144 136 172 151 140 139 132]]]
unstable
 
 err: 
done running mariposa 7.7
Bisecting: 130 revisions left to test after this (roughly 7 steps)
[9b4f327e29de8eadd112e53af5a8fb9f430fabf7] set upload mode to replace
running python3 /home/yizhou7/mariposa/scripts/z3-bisect.py /home/yizhou7/mariposa/data/bisect_tasks/d_fvbkv_z3_clean--lib-Base-total_order_impl.i.dfy.Impl__Total__Order__Impl.__default.ArrayLargestLtePlus1.txt
building z3
done building z3 3.1
running mariposa
res: 0 
 out: [[[  2   2   2   2   2   2   2   2   2   2   2   2   2   2   2   2   2
     2   2   2   2   2   2   2   2   2   2   2   2   2   2   2   2   2
     2   2   2   2   2   2   2   2   2   2   2   2   2   2   2   2   2
     2   2   2   2   2   2   2   2   2   2]
  [105 125 126 123 143 126 120 126 128 138 168 179 125 131 134 147 132
   141 140 128 124 130 180 129 176 142 126 140 164 125 126 123 125 127
   155 138 139 142 135 126 147 146 160 145 124 161 125 157 128 142 157
   142 140 129 125 120 139 167 129 144 137]]

 [[  2   2   2   2   2   2   2   2   2   2   2   2   2   2   2   2   2
     2   2   2   2   2   2   2   2   2   2   2   2   2   2   2   2   2
     2   2   2   2   2   2   2   2   2   2   2   2   2   2   2   2   2
     2   2   2   2   2   2   2   2   2   2]
  [105 128 143 140 128 140 152 144 144 127 126 179 126 172 126 127 176
   126 126 126 159 172 125 128 146 168 147 128 139 124 126 178 168 150
   156 171 141 127 127 147 128 127 129 128 144 168 128 130 126 165 138
   126 126 128 127 136 128 128 151 144 138]]

 [[  2   2   2   2   2   2   2   2   2   2   2   2   2   2   2   2   2
     2   2   2   2   2   4   2   2   2   2   2   2   2   2   2   4   2
     2   2   2   2   2   2   2   2   2   2   2   2   2   2   2   2   2
     2   2   2   2   2   2   2   2   2   2]
  [105 131 147 129 158 145 139 164 137 151 150 151 148 196 179 137 131
   135 136 173 144 172 142 133 143 146 144 188 167 135 132 141 135 183
   141 146 140 142 139 136 136 133 158 161 141 137 157 132 133 141 133
   154 152 133 187 184 137 134 133 139 172]]]
stable
 
 err: 
done running mariposa 7.5
Bisecting: 65 revisions left to test after this (roughly 6 steps)
[42ac3a536369a7d4a7eafa1fa15b571b146ba594] merge with csp
running python3 /home/yizhou7/mariposa/scripts/z3-bisect.py /home/yizhou7/mariposa/data/bisect_tasks/d_fvbkv_z3_clean--lib-Base-total_order_impl.i.dfy.Impl__Total__Order__Impl.__default.ArrayLargestLtePlus1.txt
building z3
done building z3 3.1
running mariposa
res: 0 
 out: [[[  2   2   2   2   2   2   2   2   2   2   2   2   2   2   2   2   2
     2   2   2   2   2   2   2   2   2   2   2   2   2   2   2   2   2
     2   2   2   2   2   2   2   2   2   2   2   2   2   2   2   2   2
     2   2   2   2   2   2   2   2   2   2]
  [106 124 133 143 144 157 128 127 147 126 160 155 155 123 164 126 141
   143 148 132 128 160 163 147 124 125 134 153 124 150 147 159 148 164
   124 134 127 129 146 175 161 135 149 132 131 127 125 136 130 122 166
   130 144 178 138 125 125 122 120 121 123]]

 [[  2   2   2   2   2   2   2   2   2   2   2   2   2   2   2   2   2
     2   2   2   2   2   2   2   2   2   2   2   2   2   2   2   2   2
     2   2   2   2   2   2   2   2   2   2   2   2   2   2   2   2   2
     2   2   2   2   2   2   2   2   2   2]
  [106 150 135 143 128 130 128 126 153 169 127 127 128 127 148 129 128
   132 127 126 166 133 128 132 127 127 128 129 128 147 128 130 128 127
   128 147 163 127 154 151 126 152 129 126 189 127 146 126 129 146 127
   127 131 127 133 138 129 128 133 147 180]]

 [[  2   2   2   2   2   2   2   2   2   2   2   2   2   2   2   2   2
     2   2   2   2   2   4   2   2   2   2   2   2   2   2   2   4   2
     2   2   2   2   2   2   2   2   2   2   2   2   2   2   2   2   2
     2   2   2   2   2   2   2   2   2   2]
  [106 129 133 132 152 154 153 155 133 134 135 136 172 165 161 138 146
   152 169 154 131 173 148 135 136 166 147 149 145 137 144 148 136 137
   159 189 134 151 141 135 161 160 133 167 141 152 137 134 135 132 167
   135 155 149 136 138 135 157 158 175 156]]]
stable
 
 err: 
done running mariposa 7.5
Bisecting: 32 revisions left to test after this (roughly 5 steps)
[b4290d4b3d7c021965e9ce7ee636caac0f9cac74] python regression
running python3 /home/yizhou7/mariposa/scripts/z3-bisect.py /home/yizhou7/mariposa/data/bisect_tasks/d_fvbkv_z3_clean--lib-Base-total_order_impl.i.dfy.Impl__Total__Order__Impl.__default.ArrayLargestLtePlus1.txt
building z3
done building z3 3.2
running mariposa
res: 1 
 out: [[[  4   2   2   2   4   2   4   2   2   2   2   2   4   2   2   2   4
     4   2   2   2   2   2   2   2   2   4   4   2   4   2   2   2   4
     4   2   2   2   2   2   2   2   2   2   4   4   2   2   2   4   2
     2   2   2   2   2   2   2   2   2   4]
  [106 173 133 128 186 159 125 130 129 152 141 166 131 132 152 129 157
   141 163 131 168 164 130 178 133 176 128 135 131 132 164 127 146 153
   154 150 132 164 132 158 152 143 147 135 122 148 146 133 152 130 161
   147 139 130 170 135 144 127 127 127 120]]

 [[  4   2   4   2   2   2   2   2   2   2   2   4   2   2   2   4   4
     2   4   4   2   4   2   4   2   2   2   4   2   2   4   4   2   2
     2   4   2   4   2   2   2   4   4   2   4   4   2   4   2   2   2
     2   2   4   4   2   2   2   2   2   2]
  [106 173 129 137 132 150 158 155 142 142 133 138 143 132 176 132 148
   147 129 130 131 128 159 202 158 133 148 201 139 167 132 125 142 155
   153 134 131 138 138 139 160 154 167 165 141 133 139 131 132 136 134
   172 133 130 158 156 158 166 162 158 140]]

 [[  4   2   2   2   2   4   4   2   4   4   2   4   4   2   2   2   2
     2   2   2   2   4   2   2   2   4   2   2   2   2   2   2   2   2
     2   2   2   4   4   4   2   2   2   2   4   2   4   2   2   2   2
     2   2   2   2   2   2   4   2   2   2]
  [106 138 134 144 155 156 152 149 142 134 146 135 137 156 152 134 136
   170 182 145 147 165 140 143 165 142 141 194 219 137 140 146 170 185
   148 144 140 138 145 167 144 140 154 139 137 140 152 141 163 137 156
   143 139 144 191 170 170 135 158 135 157]]]
unstable
 
 err: 
done running mariposa 7.6
Bisecting: 16 revisions left to test after this (roughly 4 steps)
[0f7ff2a3d016ce6cc0dcc2654a6aa0187bc55192] swap
running python3 /home/yizhou7/mariposa/scripts/z3-bisect.py /home/yizhou7/mariposa/data/bisect_tasks/d_fvbkv_z3_clean--lib-Base-total_order_impl.i.dfy.Impl__Total__Order__Impl.__default.ArrayLargestLtePlus1.txt
building z3
done building z3 3.1
running mariposa
res: 1 
 out: [[[  2   2   2   2   2   2   2   2   2   2   2   2   2   2   2   2   2
     2   2   2   2   2   2   2   2   2   2   2   2   2   2   2   2   2
     2   2   2   2   2   2   2   4   2   2   2   2   2   2   2   2   2
     2   2   2   2   2   2   2   2   2   2]
  [107 135 130 126 151 140 162 130 129 134 156 130 126 151 130 132 159
   132 136 128 148 151 144 128 141 144 152 154 143 141 159 124 166 133
   130 125 150 156 142 141 134 136 126 126 177 131 148 142 152 135 129
   127 132 182 127 141 149 144 122 122 120]]

 [[  2   2   2   2   2   2   2   2   2   2   2   2   2   2   4   2   2
     2   4   4   2   2   2   2   2   2   2   2   2   2   2   2   2   2
     2   2   2   2   4   2   4   2   2   2   2   2   2   2   4   2   2
     2   2   2   2   2   2   2   2   2   2]
  [107 133 131 137 126 127 133 140 137 175 127 159 146 126 148 147 189
   172 127 155 170 154 157 133 173 134 168 136 128 187 157 127 126 145
   130 131 139 139 127 127 128 170 153 133 130 127 168 157 170 134 145
   127 150 153 153 131 135 127 146 128 155]]

 [[  2   2   2   2   2   2   2   2   4   2   2   2   2   2   2   2   2
     2   2   2   2   2   2   2   2   2   2   2   2   2   2   2   2   2
     2   2   2   2   2   2   2   2   2   2   2   2   2   2   2   2   2
     2   2   2   2   2   2   2   2   2   2]
  [107 131 139 153 157 156 137 145 134 140 137 135 132 165 165 136 143
   149 152 183 136 163 136 155 142 164 152 144 149 134 144 132 146 149
   156 158 160 133 142 194 134 162 191 132 152 142 142 178 196 135 162
   133 149 145 158 153 132 129 192 146 138]]]
unstable
 
 err: 
done running mariposa 7.6
Bisecting: 7 revisions left to test after this (roughly 3 steps)
[d17248821ad047f889237ce20b6bdaa1465ceff9] include chronological backtracking, two-phase sat, xor inprocessing, probsat, ddfw
running python3 /home/yizhou7/mariposa/scripts/z3-bisect.py /home/yizhou7/mariposa/data/bisect_tasks/d_fvbkv_z3_clean--lib-Base-total_order_impl.i.dfy.Impl__Total__Order__Impl.__default.ArrayLargestLtePlus1.txt
building z3
done building z3 3.1
running mariposa
res: 0 
 out: [[[  2   2   2   2   2   2   2   2   2   2   2   2   2   2   2   2   2
     2   2   2   2   2   2   2   2   2   2   2   2   2   2   2   2   2
     2   2   2   2   2   2   2   2   2   2   2   2   2   2   2   2   2
     2   2   2   2   2   2   2   2   2   2]
  [105 122 140 149 124 131 126 139 164 127 123 126 126 126 142 178 175
   122 125 132 161 179 167 125 125 125 125 137 158 125 151 122 124 141
   183 124 129 124 134 173 125 141 125 123 145 147 124 161 123 124 129
   130 158 171 125 120 156 170 145 129 119]]

 [[  2   2   2   2   2   2   2   2   2   2   2   2   2   2   2   2   2
     2   2   2   2   2   2   2   2   2   2   2   2   2   2   2   2   2
     2   2   2   2   2   2   2   2   2   2   2   2   2   2   2   2   2
     2   2   2   2   2   2   2   2   2   2]
  [105 128 149 126 127 127 127 133 153 135 128 126 126 141 185 126 125
   147 162 141 167 134 125 189 145 126 126 148 145 155 126 128 150 125
   147 186 156 141 135 128 126 137 144 181 199 149 166 165 133 129 144
   127 127 127 126 127 138 127 127 166 129]]

 [[  2   2   2   2   2   2   2   2   2   2   2   2   2   2   2   2   2
     2   2   2   2   2   4   2   2   2   2   2   2   2   2   2   2   2
     4   2   2   2   2   2   2   2   2   2   2   2   2   2   2   2   2
     2   2   2   2   2   2   2   2   2   2]
  [105 133 134 138 143 148 137 151 138 148 135 162 152 174 150 132 150
   137 144 176 154 165 148 138 134 170 136 148 173 148 141 169 146 142
   174 188 132 164 159 133 133 166 164 134 136 144 137 132 133 150 145
   161 134 133 136 164 138 145 146 135 168]]]
stable
 
 err: 
done running mariposa 7.5
Bisecting: 3 revisions left to test after this (roughly 2 steps)
[ec1653fdff146ff8d1b3b2281e875494f4fc3a96] Merge pull request #2345 from schedutron/master
running python3 /home/yizhou7/mariposa/scripts/z3-bisect.py /home/yizhou7/mariposa/data/bisect_tasks/d_fvbkv_z3_clean--lib-Base-total_order_impl.i.dfy.Impl__Total__Order__Impl.__default.ArrayLargestLtePlus1.txt
building z3
done building z3 3.1
running mariposa
res: 0 
 out: [[[  2   2   2   2   2   2   2   2   2   2   2   2   2   2   2   2   2
     2   2   2   2   2   2   2   2   2   2   2   2   2   2   2   2   2
     2   2   2   2   2   2   2   2   2   2   2   2   2   2   2   2   2
     2   2   2   2   2   2   2   2   2   2]
  [105 132 127 125 189 125 142 127 147 153 124 134 147 142 126 142 181
   154 151 127 128 142 129 124 151 123 153 148 132 157 127 123 127 125
   159 138 127 127 172 182 123 126 178 133 170 124 125 126 126 143 123
   139 138 124 183 132 163 120 118 120 119]]

 [[  2   2   2   2   2   2   2   2   2   2   2   2   2   2   2   2   2
     2   2   2   2   2   2   2   2   2   2   2   2   2   2   2   2   2
     2   2   2   2   2   2   2   2   2   2   2   2   2   2   2   2   2
     2   2   2   2   2   2   2   2   2   2]
  [105 127 148 129 190 178 128 183 136 180 140 153 129 129 127 129 140
   177 126 129 147 126 156 127 127 151 147 128 128 154 133 128 131 126
   168 127 129 144 127 141 128 147 131 148 139 138 128 138 133 171 157
   129 129 126 129 129 151 128 167 185 180]]

 [[  2   2   2   2   2   2   2   2   2   2   2   2   2   2   2   2   2
     2   2   2   2   2   4   2   2   2   2   2   2   2   2   2   2   4
     2   2   2   2   2   2   2   2   2   2   2   2   2   2   2   2   2
     2   2   2   2   2   2   2   2   2   2]
  [105 131 132 135 159 157 135 136 136 151 136 149 140 144 146 135 144
   136 157 139 170 134 133 153 167 150 136 139 157 133 155 172 157 164
   164 139 139 139 144 145 189 148 170 149 138 160 133 159 152 154 154
   135 174 133 157 190 137 140 133 139 175]]]
stable
 
 err: 
done running mariposa 7.5
Bisecting: 1 revision left to test after this (roughly 1 step)
[f3b79087eef389011fa90eefcf64b987bed54a9d] add default tactic as option to overwrite the behavior of strategic solver factory
running python3 /home/yizhou7/mariposa/scripts/z3-bisect.py /home/yizhou7/mariposa/data/bisect_tasks/d_fvbkv_z3_clean--lib-Base-total_order_impl.i.dfy.Impl__Total__Order__Impl.__default.ArrayLargestLtePlus1.txt
building z3
done building z3 3.1
running mariposa
res: 1 
 out: [[[  2   2   2   2   2   2   2   2   2   2   2   2   2   2   2   2   2
     2   2   2   2   2   2   2   2   2   2   2   2   2   2   2   2   2
     2   2   2   2   2   2   4   2   2   2   2   2   2   2   2   2   2
     2   2   2   2   2   2   2   2   2   2]
  [107 128 163 127 129 126 128 143 131 161 148 140 131 155 128 134 131
   158 156 126 176 136 154 148 128 149 132 139 126 126 180 142 151 130
   154 161 170 128 126 144 124 147 128 133 125 169 168 153 164 137 128
   127 135 158 129 126 127 146 123 121 119]]

 [[  2   2   2   2   2   2   2   2   2   2   2   2   2   4   2   2   2
     2   4   2   4   2   2   2   2   2   2   2   2   2   2   2   2   2
     2   2   2   2   4   2   4   2   2   2   2   2   2   4   2   2   2
     2   2   2   2   2   2   2   2   2   2]
  [107 129 131 126 185 128 152 134 135 134 126 137 127 126 183 135 166
   139 162 129 159 173 127 150 135 132 148 179 179 131 149 139 129 171
   178 131 132 154 179 179 160 129 133 130 132 129 136 132 138 181 129
   178 158 140 129 130 133 160 129 129 134]]

 [[  2   2   2   2   2   2   2   2   2   4   2   2   2   2   2   2   2
     2   2   2   2   2   2   2   2   2   2   2   2   2   2   2   2   2
     2   2   2   2   2   2   2   2   2   2   2   2   2   2   2   2   2
     2   2   2   2   2   2   2   2   2   2]
  [107 138 140 135 142 143 179 163 135 149 141 148 137 143 136 135 143
   134 160 138 134 180 134 140 133 153 162 132 155 132 136 133 138 144
   144 179 139 160 133 201 171 170 213 136 137 185 132 174 137 138 169
   174 169 134 147 143 141 135 160 135 136]]]
unstable
 
 err: 
done running mariposa 7.7
Bisecting: 0 revisions left to test after this (roughly 0 steps)
[1e770af1cc04f85a8d7a990ba0c9c4e433b83fa8] local sort
running python3 /home/yizhou7/mariposa/scripts/z3-bisect.py /home/yizhou7/mariposa/data/bisect_tasks/d_fvbkv_z3_clean--lib-Base-total_order_impl.i.dfy.Impl__Total__Order__Impl.__default.ArrayLargestLtePlus1.txt
building z3
done building z3 3.1
running mariposa
res: 1 
 out: [[[  2   2   2   2   2   2   2   2   2   2   2   2   2   2   2   2   2
     2   2   2   2   2   2   2   2   2   2   2   2   2   2   2   2   2
     2   2   2   2   2   2   2   4   2   2   2   2   2   2   2   2   2
     2   2   2   2   2   2   2   2   2   2]
  [108 132 135 129 137 173 128 129 166 126 150 130 130 125 180 183 131
   139 126 132 148 150 147 132 172 165 125 125 131 131 163 126 163 132
   136 133 146 124 158 136 164 124 126 127 124 161 128 156 137 156 161
   193 133 126 184 144 126 124 122 122 120]]

 [[  2   2   2   2   2   2   2   2   2   2   2   2   2   2   4   2   2
     2   4   2   4   2   2   2   2   2   2   2   2   2   2   2   2   2
     2   4   2   2   2   2   4   2   2   2   2   2   2   2   4   2   2
     2   2   2   2   2   2   2   2   2   2]
  [108 131 172 129 128 131 150 165 134 154 166 132 127 126 157 126 133
   138 127 129 154 134 167 138 134 134 184 134 128 145 129 163 129 130
   136 125 167 176 159 130 162 150 128 139 129 163 133 174 130 131 153
   147 177 130 127 177 152 139 129 130 137]]

 [[  2   2   2   2   2   2   2   2   4   2   2   2   2   2   2   2   2
     2   2   2   2   2   2   2   2   2   2   2   2   2   2   2   2   2
     2   2   2   2   2   2   2   2   2   2   2   2   2   2   2   2   2
     2   2   2   2   2   2   2   2   2   2]
  [108 146 142 131 160 141 153 162 132 131 139 132 163 135 159 136 143
   145 140 149 150 140 134 137 147 132 170 154 164 131 133 136 157 139
   161 165 139 144 159 160 144 154 164 147 137 148 156 167 168 137 149
   141 132 166 183 156 178 133 154 137 158]]]
unstable
 
 err: 
done running mariposa 7.5
1e770af1cc04f85a8d7a990ba0c9c4e433b83fa8 is the first bad commit
commit 1e770af1cc04f85a8d7a990ba0c9c4e433b83fa8
Author: Nikolaj Bjorner <nbjorner@microsoft.com>
Date:   Fri Jun 14 09:29:41 2019 -0700

    local sort
    
    Signed-off-by: Nikolaj Bjorner <nbjorner@microsoft.com>

:040000 040000 0a3c7d7a39c8bafde7c0d96e40f38d5126f0b425 d2abe755e1f95482eb3e83cc96b729db2bab8fda M	src
bisect run success
git bisect start
# good: [e79542cc689d52ec4cb34ce4ae3fbe56e7a0bf70] fix #2309
git bisect good e79542cc689d52ec4cb34ce4ae3fbe56e7a0bf70
# bad: [ad55a1f1c617a7f0c3dd735c0780fc758424c7f1] Update release.yml for Azure Pipelines
git bisect bad ad55a1f1c617a7f0c3dd735c0780fc758424c7f1
# skip: [e2702f3ae88f5c48a55f4473bb5c29184c182634] fixes in assigning constraints to intervals
git bisect skip e2702f3ae88f5c48a55f4473bb5c29184c182634
# skip: [1915812f84cf41a5f232eedf2a695a54d055aa88] add a test for intervals
git bisect skip 1915812f84cf41a5f232eedf2a695a54d055aa88
# bad: [8faf35e2e0c8fce99794e71bd3b5de74b95ceb5a] fix #3735
git bisect bad 8faf35e2e0c8fce99794e71bd3b5de74b95ceb5a
# skip: [d1a5635b4ad7f8632356b380f3a9b1fc83fdb04f] better model based lemmaas
git bisect skip d1a5635b4ad7f8632356b380f3a9b1fc83fdb04f
# skip: [0a86bd14f792ef5fadb8eeb346729a612f7e1588] start on test nla
git bisect skip 0a86bd14f792ef5fadb8eeb346729a612f7e1588
# bad: [f7747d9e76bd685a02ce5c5fbda91fc356856b5e] fix parameter collection for tactic-based solvers reported in #3065
git bisect bad f7747d9e76bd685a02ce5c5fbda91fc356856b5e
# skip: [0644194fc96a853df44c37f9e4522796aa40add8] work on lemma from product to factors, and some renaming
git bisect skip 0644194fc96a853df44c37f9e4522796aa40add8
# bad: [0321312c8db1d3f0edbd23e6e48884fbb7d77d1d] Changed to get_const_interp to match Java and C# bindings
git bisect bad 0321312c8db1d3f0edbd23e6e48884fbb7d77d1d
# bad: [6e637348826f0725ba8a01c455448023ca2889e4] Merge pull request #2368 from waywardmonkeys/fix-typo
git bisect bad 6e637348826f0725ba8a01c455448023ca2889e4
# good: [9b4f327e29de8eadd112e53af5a8fb9f430fabf7] set upload mode to replace
git bisect good 9b4f327e29de8eadd112e53af5a8fb9f430fabf7
# good: [42ac3a536369a7d4a7eafa1fa15b571b146ba594] merge with csp
git bisect good 42ac3a536369a7d4a7eafa1fa15b571b146ba594
# bad: [b4290d4b3d7c021965e9ce7ee636caac0f9cac74] python regression
git bisect bad b4290d4b3d7c021965e9ce7ee636caac0f9cac74
# bad: [0f7ff2a3d016ce6cc0dcc2654a6aa0187bc55192] swap
git bisect bad 0f7ff2a3d016ce6cc0dcc2654a6aa0187bc55192
# good: [d17248821ad047f889237ce20b6bdaa1465ceff9] include chronological backtracking, two-phase sat, xor inprocessing, probsat, ddfw
git bisect good d17248821ad047f889237ce20b6bdaa1465ceff9
# good: [ec1653fdff146ff8d1b3b2281e875494f4fc3a96] Merge pull request #2345 from schedutron/master
git bisect good ec1653fdff146ff8d1b3b2281e875494f4fc3a96
# bad: [f3b79087eef389011fa90eefcf64b987bed54a9d] add default tactic as option to overwrite the behavior of strategic solver factory
git bisect bad f3b79087eef389011fa90eefcf64b987bed54a9d
# bad: [1e770af1cc04f85a8d7a990ba0c9c4e433b83fa8] local sort
git bisect bad 1e770af1cc04f85a8d7a990ba0c9c4e433b83fa8
# first bad commit: [1e770af1cc04f85a8d7a990ba0c9c4e433b83fa8] local sort
