running python3 /home/yizhou7/mariposa/scripts/z3-bisect.py /home/yizhou7/mariposa/data/bisect_tasks/d_fvbkv_z3_clean--lib-Buckets-PackedKV.i.dfy.Impl__DynamicPkv.__default.PSAPopFrontWeight.txt
building z3
Bisecting: 1453 revisions left to test after this (roughly 11 steps)
[1915812f84cf41a5f232eedf2a695a54d055aa88] add a test for intervals
running python3 /home/yizhou7/mariposa/scripts/z3-bisect.py /home/yizhou7/mariposa/data/bisect_tasks/d_fvbkv_z3_clean--lib-Buckets-PackedKV.i.dfy.Impl__DynamicPkv.__default.PSAPopFrontWeight.txt
building z3
Bisecting: 1453 revisions left to test after this (roughly 11 steps)
[8faf35e2e0c8fce99794e71bd3b5de74b95ceb5a] fix #3735
running python3 /home/yizhou7/mariposa/scripts/z3-bisect.py /home/yizhou7/mariposa/data/bisect_tasks/d_fvbkv_z3_clean--lib-Buckets-PackedKV.i.dfy.Impl__DynamicPkv.__default.PSAPopFrontWeight.txt
building z3
done building z3 3.5
running mariposa
res: 1 
 out: [[[    2     2     2     2     2     2     2     2     2     2     2
       2     2     2     2     2     2     3     2     3     2     2
       2     2     2     3     2     2     2     2     3     2     2
       2     3     3     3     3     3     3     3     3     3     2
       2     3     3     3     3     2     2     2     2     3     2
       2     3     3     3     3     3]
  [  425   759   806   643   691   842   794   816   711   763   861
     669   805   728  3286   694   752 60017   955 60015   803   645
     708   684   744 60014   848   637   904  1044 60015   686   722
     880 60016 60018 60021 60017 60014 60015 60023 60024 60023   818
     865 60025 60016 60018 60021   758   730   749   759 60017   702
    6876 60020 60016 60013 60016 60016]]

 [[    2     2     2     2     2     2     3     2     2     3     2
       2     2     3     2     2     3     2     3     2     2     2
       3     3     3     2     3     2     2     2     3     2     2
       2     3     2     2     2     3     3     2     2     2     2
       3     3     2     3     2     2     2     3     3     2     3
       2     3     3     3     3     3]
  [  425   690   726  1093   661   729 60021   961   722 60016   801
     813   758 60016   766   718 60017   749 60016   699   665   710
   60016 60015 60016   687 60014   779   669   727 60022   759   685
     714 60019   825   792   811 60015 60018  1478   663   919   735
   60021 60017   685 60014   779   842 14271 60014 60015   711 60014
     678 60026 60015 60015 60016 60016]]

 [[    2     2     2     2     2     2     2     2     2     2     2
       2     2     2     2     2     2     2     2     2     3     3
       3     3     2     2     2     2     2     3     3     2     2
       2     3     2     2     2     2     2     2     2     2     2
       2     3     3     3     2     3     2     2     3     2     2
       3     3     3     3     3     3]
  [  425   593   643   679   664   706   797   869   879   855   909
     779   977  1059   793   809   891   839   877   936 60012 60011
   60012 60011   857   838   802   757   852 60020 60020   856   834
     944 60013  1064   883   778  1018   815   919   970   920   969
   21746 60015 60020 60015   772 60016   823   944 60015   778   838
   60012 60015 60023 60016 60016 60021]]]
unstable
 
 err: 
done running mariposa 622.2
Bisecting: 1254 revisions left to test after this (roughly 10 steps)
[d1a5635b4ad7f8632356b380f3a9b1fc83fdb04f] better model based lemmaas
running python3 /home/yizhou7/mariposa/scripts/z3-bisect.py /home/yizhou7/mariposa/data/bisect_tasks/d_fvbkv_z3_clean--lib-Buckets-PackedKV.i.dfy.Impl__DynamicPkv.__default.PSAPopFrontWeight.txt
building z3
Bisecting: 1254 revisions left to test after this (roughly 10 steps)
[0a86bd14f792ef5fadb8eeb346729a612f7e1588] start on test nla
running python3 /home/yizhou7/mariposa/scripts/z3-bisect.py /home/yizhou7/mariposa/data/bisect_tasks/d_fvbkv_z3_clean--lib-Buckets-PackedKV.i.dfy.Impl__DynamicPkv.__default.PSAPopFrontWeight.txt
building z3
Bisecting: 1254 revisions left to test after this (roughly 10 steps)
[f7747d9e76bd685a02ce5c5fbda91fc356856b5e] fix parameter collection for tactic-based solvers reported in #3065
running python3 /home/yizhou7/mariposa/scripts/z3-bisect.py /home/yizhou7/mariposa/data/bisect_tasks/d_fvbkv_z3_clean--lib-Buckets-PackedKV.i.dfy.Impl__DynamicPkv.__default.PSAPopFrontWeight.txt
building z3
done building z3 3.5
running mariposa
res: 1 
 out: [[[    2     2     2     2     2     2     2     2     2     2     2
       3     2     3     2     3     3     2     2     2     3     3
       2     2     2     2     3     2     3     3     3     2     2
       2     2     2     2     2     2     2     2     2     2     2
       3     3     3     2     2     2     3     2     3     2     3
       3     3     3     3     3     3]
  [  397   632   847   649   706   735   785   735   700   704   745
   60015   669 60014   643 60014 60017   633   781   621 60014 60022
     602   822   637   610 60015   623 60017 60017 60024  1149   627
     693   758   735   698   666   825   670   675   668   634   734
   60019 60016 60020   753   727   660 60015   622 60015   675 60014
   60017 60024 60015 60014 60014 60026]]

 [[    2     2     2     2     2     2     2     2     2     2     2
       3     3     2     3     2     2     3     3     2     2     2
       2     2     2     2     2     2     3     2     2     2     2
       2     2     2     2     2     2     3     2     2     3     2
       2     2     3     2     2     3     2     2     2     2     2
       3     3     3     3     3     3]
  [  397   654   634   684  1194   756   648   731   782   774   856
   60016 60020   769 60024   767   684 60016 60015   652   996   671
     784   912   662   703   797   731 60022   761   722   727   794
   23286   724   752   713   722   707 60026   697   738 60024   709
     705   675 60015   657   636 60015   679   750   771   674   766
   60018 60017 60018 60017 60018 60024]]

 [[    2     2     2     2     2     2     2     2     2     2     2
       2     2     2     2     2     2     2     2     2     2     2
       2     3     3     3     3     2     3     3     2     3     2
       2     2     2     2     2     2     2     2     2     3     3
       3     2     3     2     2     2     2     2     2     2     2
       2     2     3     3     3     3]
  [  397   516   626   607   670   633   731   754   555   589   639
     586   580   594   612   652   706   781   825   756   822   757
     825 60019 60011 60019 60013   863 60013 60018   911 60020   908
     852   890   990   875   820   804   741   986  3462 60018 60015
   60015   764 60015   835   707   712   697   702   698   782   705
     737   689 60024 60014 60016 60017]]]
unstable
 
 err: 
done running mariposa 506.0
Bisecting: 1034 revisions left to test after this (roughly 10 steps)
[0644194fc96a853df44c37f9e4522796aa40add8] work on lemma from product to factors, and some renaming
running python3 /home/yizhou7/mariposa/scripts/z3-bisect.py /home/yizhou7/mariposa/data/bisect_tasks/d_fvbkv_z3_clean--lib-Buckets-PackedKV.i.dfy.Impl__DynamicPkv.__default.PSAPopFrontWeight.txt
building z3
Bisecting: 1034 revisions left to test after this (roughly 10 steps)
[0321312c8db1d3f0edbd23e6e48884fbb7d77d1d] Changed to get_const_interp to match Java and C# bindings
running python3 /home/yizhou7/mariposa/scripts/z3-bisect.py /home/yizhou7/mariposa/data/bisect_tasks/d_fvbkv_z3_clean--lib-Buckets-PackedKV.i.dfy.Impl__DynamicPkv.__default.PSAPopFrontWeight.txt
building z3
done building z3 3.4
running mariposa
res: 1 
 out: [[[    3     2     2     2     2     2     2     2     2     2     2
       2     2     3     2     2     2     2     2     3     3     3
       2     2     2     2     2     3     2     2     3     2     3
       3     2     2     3     3     2     3     3     2     2     2
       3     2     2     3     2     2     2     3     2     3     3
       3     3     3     3     3     3]
  [60024   605   755   719   745   740   605   612   678   695   636
     801   655 60030   724   962   726   748   656 60024 60026 60026
     596  1237   677   564   718 60016   584   596 60026   837 60027
   60028   686   688 60030 60025   663 60017 60024   609   704   687
   60024   646   731 60024   619   740  6354 60020   820 60018 60026
   60015 60016 60023 60023 60024 60027]]

 [[    3     2     2     2     2     2     2     2     2     2     2
       3     3     3     2     2     3     2     3     3     2     3
       2     3     2     2     2     3     2     3     2     3     2
       3     2     2     2     2     2     2     2     3     3     3
       3     2     2     2     2     3     2     3     2     2     2
       3     3     3     3     3     3]
  [60024   567   555   716   575   604   668   720   585  1690   703
   60020 60015 60022   683   673 60014   656 60015 60022   602 60023
     765 60015   643   603   643 60015   609 60020   578 60022   672
   60020   770   726   719   736   674 41575   655 60016 60015 60017
   60021   671   602   634   669 60015   656 60015   825   734   659
   60019 60018 60023 60016 60023 60021]]

 [[    3     2     2     3     3     3     3     3     3     3     2
       3     3     3     3     3     3     2     3     2     2     2
       2     2     3     3     3     3     2     2     2     3     3
       2     2     2     2     2     3     2     3     3     2     3
       3     3     2     2     2     2     2     3     2     2     2
       2     2     2     3     3     3]
  [60024   536   536 60016 60015 60024 60027 60017 60019 60013   643
   60022 60016 60022 60014 60014 60017   641 60012   627   659   799
     830   871 60014 60015 60026 60013   677   689   801 60013 60017
     658   642   632   605   821 60016   930 60015 60014   750 60012
   60015 60011   569   609   624   582   626 60014   656   674   650
     607   579   657 60019 60013 60021]]]
unstable
 
 err: 
done running mariposa 773.4
Bisecting: 261 revisions left to test after this (roughly 8 steps)
[6e637348826f0725ba8a01c455448023ca2889e4] Merge pull request #2368 from waywardmonkeys/fix-typo
running python3 /home/yizhou7/mariposa/scripts/z3-bisect.py /home/yizhou7/mariposa/data/bisect_tasks/d_fvbkv_z3_clean--lib-Buckets-PackedKV.i.dfy.Impl__DynamicPkv.__default.PSAPopFrontWeight.txt
building z3
done building z3 3.3
running mariposa
res: 1 
 out: [[[    3     2     2     2     2     2     2     2     2     2     2
       2     2     2     2     2     2     2     2     2     2     2
       2     2     2     2     2     2     2     2     2     2     2
       2     2     2     2     2     3     2     2     2     3     3
       2     2     2     2     3     2     3     2     3     3     2
       2     3     3     3     3     3]
  [60027   785   619   667   671   653   630   699   940   688   625
     686   555   603   592   654   575   589  1647   704   848   747
    8158   683   653   743   627   632   716   715   674   718   724
     698   647   691   770   779 60028 47392   662   673 60013 60018
     701   598   617   694 60025   635 60015  6261 60019 60015   603
   40754 60026 60025 60016 60016 60027]]

 [[    3     2     2     2     2     2     2     2     2     2     2
       2     2     3     2     2     3     2     2     3     2     2
       3     3     2     3     2     2     2     2     2     2     2
       2     3     2     2     2     2     3     3     2     3     2
       2     3     2     3     3     2     2     3     2     2     2
       3     3     3     3     3     3]
  [60027   655   595   661   621   642  3231   662   861   547   758
     598   639 60022   717   661 60026   639   611 60014   533   634
   60020 60021   658 60018   599   694   570   534   674   780   680
    4766 60014   629   669   706   707 60014 60022   627 60013   639
     570 60013   592 60014 60020   647   794 60029   636   665   652
   60016 60018 60014 60012 60015 60015]]

 [[    3     2     2     2     2     2     2     2     2     2     2
       2     2     3     3     3     3     3     2     2     2     2
       2     2     3     2     3     3     3     3     2     3     2
       3     2     2     2     3     2     2     3     3     3     3
       2     2     3     3     3     2     2     2     3     2     3
       3     3     3     3     3     3]
  [60027   536   527   587   545   674   848   763   761 18227   789
     797   769 60015 60011 60022 60020 60017   666   681   656   672
     718   810 60020   800 60016 60016 60015 60023   661 60028   806
   60016   724   710   627 60023   753   676 60017 60018 60017 60022
     862   787 60015 60022 60020   783   785   711 60015  1211 60018
   60025 60014 60014 60022 60015 60016]]]
unstable
 
 err: 
done running mariposa 641.4
Bisecting: 130 revisions left to test after this (roughly 7 steps)
[9b4f327e29de8eadd112e53af5a8fb9f430fabf7] set upload mode to replace
running python3 /home/yizhou7/mariposa/scripts/z3-bisect.py /home/yizhou7/mariposa/data/bisect_tasks/d_fvbkv_z3_clean--lib-Buckets-PackedKV.i.dfy.Impl__DynamicPkv.__default.PSAPopFrontWeight.txt
building z3
done building z3 3.4
running mariposa
res: 0 
 out: [[[  2   2   2   2   2   2   2   2   2   2   2   2   4   2   2   2   2
     2   2   2   2   2   2   2   2   2   2   2   2   2   2   2   2   2
     2   2   2   2   2   2   2   2   2   2   2   2   2   2   2   2   2
     2   2   2   2   2   2   2   2   2   2]
  [392 489 487 484 467 495 537 472 480 563 497 495 509 478 493 523 472
   533 465 456 478 459 475 479 449 548 465 512 553 472 470 506 483 527
   483 492 499 486 506 507 562 472 469 538 483 489 541 449 497 505 503
   494 534 544 482 508 464 457 477 505 525]]

 [[  2   2   2   2   2   2   2   2   2   2   2   2   2   2   2   2   2
     2   2   2   2   2   2   2   2   2   2   2   2   2   2   2   2   2
     2   2   2   2   2   2   2   2   2   2   2   2   2   2   2   2   2
     2   2   2   2   2   2   2   2   2   2]
  [392 508 491 679 502 474 482 495 523 530 477 480 469 505 513 506 503
   475 494 469 531 543 500 531 477 484 480 476 482 502 477 480 509 481
   613 497 482 503 625 470 484 478 522 518 503 625 500 505 472 493 477
   468 488 477 472 502 473 473 508 631 521]]

 [[  2   2   2   2   2   2   2   2   2   2   2   2   2   2   2   2   2
     2   2   2   2   2   2   2   2   2   2   2   2   2   2   2   2   2
     2   2   2   2   2   2   2   2   2   2   2   2   2   2   2   2   2
     2   2   2   2   2   2   2   2   2   2]
  [392 523 534 560 562 546 555 616 540 568 557 543 593 613 561 545 574
   581 562 617 615 631 587 524 554 544 591 566 688 529 594 596 535 530
   598 555 543 630 640 598 583 651 550 536 520 559 553 665 595 586 518
   607 628 592 537 577 531 517 650 523 515]]]
stable
 
 err: 
done running mariposa 23.5
Bisecting: 65 revisions left to test after this (roughly 6 steps)
[42ac3a536369a7d4a7eafa1fa15b571b146ba594] merge with csp
running python3 /home/yizhou7/mariposa/scripts/z3-bisect.py /home/yizhou7/mariposa/data/bisect_tasks/d_fvbkv_z3_clean--lib-Buckets-PackedKV.i.dfy.Impl__DynamicPkv.__default.PSAPopFrontWeight.txt
building z3
done building z3 3.3
running mariposa
res: 0 
 out: [[[  2   2   2   2   2   2   2   2   2   2   2   2   4   2   2   2   2
     2   2   2   2   2   2   2   2   2   2   2   2   2   2   2   2   2
     2   2   2   2   2   2   2   2   2   2   2   2   2   2   2   2   2
     2   2   2   2   2   2   2   2   2   2]
  [393 477 486 472 459 480 521 493 530 486 480 510 509 480 474 470 514
   527 461 469 457 462 509 504 533 457 465 478 535 458 490 503 475 496
   495 490 450 486 500 470 488 564 465 485 540 536 498 447 529 489 478
   506 533 494 477 501 484 454 479 481 494]]

 [[  2   2   2   2   2   2   2   2   2   2   2   2   2   2   2   2   2
     2   2   2   2   2   2   2   2   2   2   2   2   2   2   2   2   2
     2   2   2   2   2   2   2   2   2   2   2   2   2   2   2   2   2
     2   2   2   2   2   2   2   2   2   2]
  [393 500 619 494 517 465 464 472 505 502 488 475 474 466 472 498 480
   516 476 473 468 496 501 482 498 473 492 491 473 478 475 483 512 478
   480 639 476 481 618 489 476 469 494 559 500 615 498 501 467 493 512
   474 477 480 467 486 499 481 614 478 509]]

 [[  2   2   2   2   2   2   2   2   2   2   2   2   2   2   2   2   2
     2   2   2   2   2   2   2   2   2   2   2   2   2   2   2   2   2
     2   2   2   2   2   2   2   2   2   2   2   2   2   2   2   2   2
     2   2   2   2   2   2   2   2   2   2]
  [393 515 525 546 544 551 569 644 540 543 566 579 588 554 610 544 548
   528 571 576 610 625 610 538 547 550 552 557 702 575 604 533 566 588
   551 522 616 541 565 606 660 651 533 529 553 558 554 634 638 578 521
   585 602 592 535 530 567 514 636 524 522]]]
stable
 
 err: 
done running mariposa 23.3
Bisecting: 32 revisions left to test after this (roughly 5 steps)
[b4290d4b3d7c021965e9ce7ee636caac0f9cac74] python regression
running python3 /home/yizhou7/mariposa/scripts/z3-bisect.py /home/yizhou7/mariposa/data/bisect_tasks/d_fvbkv_z3_clean--lib-Buckets-PackedKV.i.dfy.Impl__DynamicPkv.__default.PSAPopFrontWeight.txt
building z3
done building z3 3.3
running mariposa
res: 1 
 out: [[[    3     2     2     2     3     2     3     2     2     3     3
       2     3     3     3     2     3     2     2     2     3     2
       3     3     3     3     3     3     3     2     3     2     3
       2     3     2     2     3     2     2     3     3     2     2
       2     2     3     3     2     2     3     2     3     2     2
       3     3     3     3     3     3]
  [60019   712   580   645 60018 25152 60016 46984   572 60017 60022
     601 60037 60019 60034   665 60021   684   679   666 60026   654
   60021 60025 60019 60033 60026 60026 60028   587 60024   614 60016
     511 60020   536   677 60024   779   719 60021 60023   656 17266
     633   810 60016 60026   579   598 60021   591 60021   701   626
   60020 60030 60025 60026 60020 60016]]

 [[    3     2     2     2     2     2     2     2     2     3     2
       3     3     2     2     3     3     2     2     2     2     2
       2     2     3     3     3     2     2     2     3     2     2
       3     3     2     2     2     2     2     2     2     3     2
       3     2     3     2     2     3     3     3     3     2     2
       3     3     3     3     3     3]
  [60019   729   650  1578   721   645   646   668   602 60023   606
   60017 60026   680   706 60017 60021   739   686   697   716   763
     750   678 60026 60019 60021   633   563   724 60031   602   737
   60017 60023   609   676   636   739   597   945   764 60017 23864
   60019   651 60024   612   643 60016 60019 60025 60018   670   698
   60021 60023 60016 60023 60026 60021]]

 [[    3     2     2     2     2     2     2     2     2     2     2
       3     3     3     2     3     3     3     2     3     2     2
       2     2     2     2     2     2     2     3     3     3     3
       3     3     3     2     2     2     3     3     3     3     3
       3     2     2     2     3     2     3     3     3     2     2
       3     3     3     3     3     3]
  [60019   539   632   640   703   715   725  1764   735   646   754
   60016 60011 60034   640 60018 60020 60013   755 60021   721   732
     666   771   794   738   742   736   709 60025 60020 60020 60022
   60017 60013 60017   709   740   792 60016 60024 60020 60018 60021
   60015   700   722   746 60014   722 60024 60025 60025   645   646
   60015 60017 60028 60025 60018 60016]]]
unstable
 
 err: 
done running mariposa 852.5
Bisecting: 16 revisions left to test after this (roughly 4 steps)
[0f7ff2a3d016ce6cc0dcc2654a6aa0187bc55192] swap
running python3 /home/yizhou7/mariposa/scripts/z3-bisect.py /home/yizhou7/mariposa/data/bisect_tasks/d_fvbkv_z3_clean--lib-Buckets-PackedKV.i.dfy.Impl__DynamicPkv.__default.PSAPopFrontWeight.txt
building z3
done building z3 3.3
running mariposa
res: 0 
 out: [[[  2   2   2   2   2   2   2   2   2   2   2   2   2   2   2   2   2
     2   2   2   2   2   2   2   2   2   2   2   2   2   2   2   2   2
     2   2   2   2   2   2   2   2   2   2   2   2   2   2   2   2   2
     2   2   2   2   2   2   2   2   2   2]
  [424 481 537 487 501 557 659 487 641 519 707 549 537 521 477 500 549
   510 546 509 482 502 519 531 548 606 488 565 539 494 507 550 588 546
   559 513 544 519 527 508 560 458 494 531 510 487 479 476 490 490 531
   486 568 538 538 557 486 509 465 427 498]]

 [[  2   2   2   2   2   2   2   2   2   2   2   2   2   2   2   2   2
     2   2   2   2   2   2   2   2   2   2   2   2   2   2   2   2   2
     2   2   2   2   2   2   2   2   2   2   2   2   2   2   2   2   2
     2   2   2   2   2   2   2   2   2   2]
  [424 533 514 607 543 495 487 536 519 507 587 505 510 501 522 625 531
   630 529 492 495 492 505 525 536 495 483 528 504 579 497 606 501 530
   476 496 563 577 526 621 505 508 524 495 492 494 503 479 536 609 535
   541 486 518 511 525 551 530 574 531 537]]

 [[  2   2   2   2   2   2   2   2   2   2   2   2   2   2   2   2   2
     2   2   2   2   2   2   2   2   2   2   2   2   2   2   2   2   2
     2   2   2   2   2   2   2   2   2   2   2   2   2   2   2   2   2
     2   2   2   2   2   2   2   2   2   2]
  [424 525 572 603 556 605 622 640 538 530 597 553 573 615 576 543 603
   600 545 625 649 650 564 534 634 645 560 550 673 543 586 560 555 605
   564 533 543 516 590 645 687 665 603 585 573 566 576 616 608 628 636
   682 530 605 598 719 572 557 610 622 600]]]
stable
 
 err: 
done running mariposa 24.4
Bisecting: 7 revisions left to test after this (roughly 3 steps)
[89e8a1392c992a6c37b8c5320b9e4b9b506bd4a1] na
running python3 /home/yizhou7/mariposa/scripts/z3-bisect.py /home/yizhou7/mariposa/data/bisect_tasks/d_fvbkv_z3_clean--lib-Buckets-PackedKV.i.dfy.Impl__DynamicPkv.__default.PSAPopFrontWeight.txt
building z3
done building z3 3.4
running mariposa
res: 1 
 out: [[[    3     2     2     2     3     2     3     2     2     3     3
       2     3     3     3     2     3     2     2     2     3     2
       3     3     3     3     3     3     3     2     2     3     3
       2     3     2     2     3     2     2     3     3     2     2
       2     2     3     3     2     2     3     2     3     2     2
       3     3     3     3     3     3]
  [60020   733   580   649 60018 24960 60014 46747   569 60017 60022
     592 60035 60020 60033   668 60021   685   683   663 60027   652
   60019 60026 60019 60032 60025 60025 60027   571   625 60025 60016
     519 60018   563   668 60023   781   719 60022 60024   655 16346
     614   798 60017 60028   581   597 60020   588 60022   698   638
   60021 60031 60022 60026 60019 60016]]

 [[    3     2     2     2     2     2     2     2     2     3     2
       3     3     2     2     3     3     2     2     2     2     2
       2     2     3     3     2     3     2     2     3     2     2
       3     3     2     2     2     2     2     2     2     3     2
       3     2     3     2     2     3     3     3     3     2     2
       3     3     3     3     3     3]
  [60020   736   650  1588   710   646   657   651   585 60024   594
   60017 60024   706   714 60018 60023   751   668   703   713   758
     748   677 60026 60020   612 60021   560   705 60033   603   760
   60017 60024   606   679   629   732   600   941   761 60016 23809
   60019   644 60024   601   637 60015 60020 60026 60019   681   710
   60022 60024 60015 60023 60026 60023]]

 [[    3     2     2     2     2     2     2     2     2     2     2
       3     3     3     2     3     3     3     2     3     2     2
       2     2     2     2     2     2     2     3     3     3     3
       3     3     3     2     2     2     3     3     3     3     3
       3     2     2     2     3     2     3     3     3     2     2
       3     3     3     3     3     3]
  [60020   550   639   607   712   716   728  1778   625   733   754
   60028 60016 60013   644 60018 60020 60012   750 60022   713   719
     638   781   744   805   760   743   713 60025 60020 60020 60022
   60018 60015 60017   707   741   780 60017 60023 60021 60020 60022
   60016   699   713   738 60016   726 60022 60025 60025   658   632
   60015 60016 60028 60025 60016 60015]]]
unstable
 
 err: 
done running mariposa 852.3
Bisecting: 4 revisions left to test after this (roughly 2 steps)
[1827f98851e1866187abe743afd2d80bc786412f] more fixes for mutexes in shell
running python3 /home/yizhou7/mariposa/scripts/z3-bisect.py /home/yizhou7/mariposa/data/bisect_tasks/d_fvbkv_z3_clean--lib-Buckets-PackedKV.i.dfy.Impl__DynamicPkv.__default.PSAPopFrontWeight.txt
building z3
done building z3 3.3
running mariposa
res: 0 
 out: [[[  2   2   2   2   2   2   2   2   2   2   2   2   2   2   2   2   2
     2   2   2   2   2   2   2   2   2   2   2   2   2   2   2   2   2
     2   2   2   2   2   2   2   2   2   2   2   2   2   2   2   2   2
     2   2   2   2   2   2   2   2   2   2]
  [418 478 514 513 492 518 665 500 533 637 670 537 559 483 476 506 520
   548 515 483 510 505 504 548 607 548 492 583 494 519 532 518 567 536
   563 522 545 502 530 489 540 454 487 508 517 478 480 475 496 492 491
   518 507 557 535 534 508 469 475 432 503]]

 [[  2   2   2   2   2   2   2   2   2   2   2   2   2   2   2   2   2
     2   2   2   2   2   2   2   2   2   2   2   2   2   2   2   2   2
     2   2   2   2   2   2   2   2   2   2   2   2   2   2   2   2   2
     2   2   2   2   2   2   2   2   2   2]
  [418 548 605 577 537 489 495 501 522 505 589 503 504 506 559 636 524
   615 530 505 502 486 524 533 539 496 487 496 485 565 502 589 504 494
   564 481 539 593 548 501 590 510 507 495 499 529 490 487 589 540 554
   509 489 518 524 531 523 541 573 535 552]]

 [[  2   2   2   2   2   2   2   2   2   2   2   2   2   2   2   2   2
     2   2   2   2   2   2   2   2   2   2   2   2   2   2   2   2   2
     2   2   2   2   2   2   2   2   2   2   2   2   2   2   2   2   2
     2   2   2   2   2   2   2   2   2   2]
  [418 590 564 594 557 606 630 645 544 544 579 551 623 545 579 604 539
   611 543 650 623 671 553 564 627 537 647 588 645 568 586 541 544 600
   560 539 555 583 592 683 629 592 649 539 603 576 578 620 590 623 649
   538 636 705 609 620 589 556 642 624 600]]]
stable
 
 err: 
done running mariposa 24.3
Bisecting: 1 revision left to test after this (roughly 1 step)
[5177cc4a9a58df192c6a844ca13abf7e7cd3be15] change lt
running python3 /home/yizhou7/mariposa/scripts/z3-bisect.py /home/yizhou7/mariposa/data/bisect_tasks/d_fvbkv_z3_clean--lib-Buckets-PackedKV.i.dfy.Impl__DynamicPkv.__default.PSAPopFrontWeight.txt
building z3
done building z3 3.3
running mariposa
res: 1 
 out: [[[    3     2     2     2     3     2     3     2     2     3     3
       2     3     3     3     2     3     2     2     2     3     2
       3     3     3     3     3     3     3     2     3     2     3
       2     3     2     2     3     2     2     3     3     2     2
       2     2     3     3     2     2     3     2     3     2     2
       3     3     3     3     3     3]
  [60020   730   599   644 60019 24509 60015 46847   577 60016 60022
     599 60035 60019 60034   663 60022   675   714   667 60025   648
   60021 60026 60017 60035 60026 60025 60029   591 60024   615 60016
     518 60018   539   671 60024   777   716 60022 60023   645 15351
     630   832 60016 60026   577   608 60021   586 60021   690   627
   60019 60030 60024 60027 60019 60018]]

 [[    3     2     2     2     2     2     2     2     3     2     2
       3     3     2     2     3     3     2     2     2     2     2
       2     2     3     3     3     2     2     2     3     2     2
       3     3     2     2     2     2     2     2     2     3     2
       3     2     3     2     2     3     3     3     3     2     2
       3     3     3     3     3     3]
  [60020   732   649  1553   705   642   667   660 60023   600   586
   60016 60025   700   718 60016 60021   751   677   701   721   765
     754   682 60026 60019 60020   626   559   712 60032   611   775
   60017 60023   607   686   632   736   600   950   795 60016 23921
   60021   649 60024   604   638 60017 60020 60027 60019   676   716
   60022 60022 60016 60021 60027 60022]]

 [[    3     2     2     2     2     2     2     2     2     2     2
       3     3     3     2     3     3     3     3     2     2     2
       2     2     2     2     2     2     2     3     3     3     3
       3     3     3     2     2     2     3     3     3     3     3
       3     2     2     2     3     2     3     3     3     2     2
       3     3     3     3     3     3]
  [60020   568   656   698   700   716  1714   723   733   633   748
   60013 60016 60026   648 60020 60019 60013 60020   756   731   738
     645   788   807   741   735   750   726 60026 60021 60020 60022
   60017 60015 60017   703   739   785 60018 60027 60019 60018 60020
   60017   690   714   743 60016   727 60022 60025 60026   650   639
   60015 60015 60029 60026 60017 60015]]]
unstable
 
 err: 
done running mariposa 852.5
Bisecting: 0 revisions left to test after this (roughly 1 step)
[7c9d2e0d75757ed6aa535f72c7dec70d5a527fed] pydoc test
running python3 /home/yizhou7/mariposa/scripts/z3-bisect.py /home/yizhou7/mariposa/data/bisect_tasks/d_fvbkv_z3_clean--lib-Buckets-PackedKV.i.dfy.Impl__DynamicPkv.__default.PSAPopFrontWeight.txt
building z3
done building z3 3.3
running mariposa
res: 0 
 out: [[[  2   2   2   2   2   2   2   2   2   2   2   2   2   2   2   2   2
     2   2   2   2   2   2   2   2   2   2   2   2   2   2   2   2   2
     2   2   2   2   2   2   2   2   2   2   2   2   2   2   2   2   2
     2   2   2   2   2   2   2   2   2   2]
  [418 478 487 532 489 541 656 487 526 650 675 513 484 537 486 501 537
   541 533 472 482 504 520 532 613 569 490 509 514 497 505 565 543 554
   562 524 510 499 526 536 558 453 512 510 494 519 524 478 518 499 479
   483 571 510 568 536 482 510 475 430 496]]

 [[  2   2   2   2   2   2   2   2   2   2   2   2   2   2   2   2   2
     2   2   2   2   2   2   2   2   2   2   2   2   2   2   2   2   2
     2   2   2   2   2   2   2   2   2   2   2   2   2   2   2   2   2
     2   2   2   2   2   2   2   2   2   2]
  [418 568 602 518 537 507 492 497 523 518 606 507 508 505 522 635 616
   533 486 528 504 511 508 543 561 485 517 496 472 572 526 558 496 514
   541 475 518 528 581 499 530 606 504 523 522 498 492 505 586 538 537
   507 505 524 485 553 523 549 549 513 556]]

 [[  2   2   2   2   2   2   2   2   2   2   2   2   2   2   2   2   2
     2   2   2   2   2   2   2   2   2   2   2   2   2   2   2   2   2
     2   2   2   2   2   2   2   2   2   2   2   2   2   2   2   2   2
     2   2   2   2   2   2   2   2   2   2]
  [418 531 559 593 567 589 646 650 542 550 580 549 600 563 590 537 624
   545 624 635 600 690 553 578 571 624 566 554 645 591 563 565 534 556
   586 534 514 589 582 673 625 599 620 596 556 545 580 626 589 612 644
   699 607 614 571 601 588 556 606 659 631]]]
stable
 
 err: 
done running mariposa 24.3
5177cc4a9a58df192c6a844ca13abf7e7cd3be15 is the first bad commit
commit 5177cc4a9a58df192c6a844ca13abf7e7cd3be15
Author: Nikolaj Bjorner <nbjorner@microsoft.com>
Date:   Fri Jun 21 09:08:20 2019 +0200

    change lt
    
    Signed-off-by: Nikolaj Bjorner <nbjorner@microsoft.com>

:040000 040000 bba0b3898c697bc6efeb66752253b42641d4a606 dc4029a365361041d58c5e9f581973ad21a69ecd M	src
bisect run success
git bisect start
# good: [e79542cc689d52ec4cb34ce4ae3fbe56e7a0bf70] fix #2309
git bisect good e79542cc689d52ec4cb34ce4ae3fbe56e7a0bf70
# bad: [ad55a1f1c617a7f0c3dd735c0780fc758424c7f1] Update release.yml for Azure Pipelines
git bisect bad ad55a1f1c617a7f0c3dd735c0780fc758424c7f1
# skip: [e2702f3ae88f5c48a55f4473bb5c29184c182634] fixes in assigning constraints to intervals
git bisect skip e2702f3ae88f5c48a55f4473bb5c29184c182634
# skip: [1915812f84cf41a5f232eedf2a695a54d055aa88] add a test for intervals
git bisect skip 1915812f84cf41a5f232eedf2a695a54d055aa88
# bad: [8faf35e2e0c8fce99794e71bd3b5de74b95ceb5a] fix #3735
git bisect bad 8faf35e2e0c8fce99794e71bd3b5de74b95ceb5a
# skip: [d1a5635b4ad7f8632356b380f3a9b1fc83fdb04f] better model based lemmaas
git bisect skip d1a5635b4ad7f8632356b380f3a9b1fc83fdb04f
# skip: [0a86bd14f792ef5fadb8eeb346729a612f7e1588] start on test nla
git bisect skip 0a86bd14f792ef5fadb8eeb346729a612f7e1588
# bad: [f7747d9e76bd685a02ce5c5fbda91fc356856b5e] fix parameter collection for tactic-based solvers reported in #3065
git bisect bad f7747d9e76bd685a02ce5c5fbda91fc356856b5e
# skip: [0644194fc96a853df44c37f9e4522796aa40add8] work on lemma from product to factors, and some renaming
git bisect skip 0644194fc96a853df44c37f9e4522796aa40add8
# bad: [0321312c8db1d3f0edbd23e6e48884fbb7d77d1d] Changed to get_const_interp to match Java and C# bindings
git bisect bad 0321312c8db1d3f0edbd23e6e48884fbb7d77d1d
# bad: [6e637348826f0725ba8a01c455448023ca2889e4] Merge pull request #2368 from waywardmonkeys/fix-typo
git bisect bad 6e637348826f0725ba8a01c455448023ca2889e4
# good: [9b4f327e29de8eadd112e53af5a8fb9f430fabf7] set upload mode to replace
git bisect good 9b4f327e29de8eadd112e53af5a8fb9f430fabf7
# good: [42ac3a536369a7d4a7eafa1fa15b571b146ba594] merge with csp
git bisect good 42ac3a536369a7d4a7eafa1fa15b571b146ba594
# bad: [b4290d4b3d7c021965e9ce7ee636caac0f9cac74] python regression
git bisect bad b4290d4b3d7c021965e9ce7ee636caac0f9cac74
# good: [0f7ff2a3d016ce6cc0dcc2654a6aa0187bc55192] swap
git bisect good 0f7ff2a3d016ce6cc0dcc2654a6aa0187bc55192
# bad: [89e8a1392c992a6c37b8c5320b9e4b9b506bd4a1] na
git bisect bad 89e8a1392c992a6c37b8c5320b9e4b9b506bd4a1
# good: [1827f98851e1866187abe743afd2d80bc786412f] more fixes for mutexes in shell
git bisect good 1827f98851e1866187abe743afd2d80bc786412f
# bad: [5177cc4a9a58df192c6a844ca13abf7e7cd3be15] change lt
git bisect bad 5177cc4a9a58df192c6a844ca13abf7e7cd3be15
# good: [7c9d2e0d75757ed6aa535f72c7dec70d5a527fed] pydoc test
git bisect good 7c9d2e0d75757ed6aa535f72c7dec70d5a527fed
# first bad commit: [5177cc4a9a58df192c6a844ca13abf7e7cd3be15] change lt
