running python3 /home/yizhou7/mariposa/scripts/z3-bisect.py /home/yizhou7/mariposa/data/bisect_tasks/d_fvbkv_z3_clean--lib-Buckets-PackedKV.i.dfy.CheckWellformed__PackedKV.__default.psaSeq__Messages.txt
building z3
Bisecting: 1453 revisions left to test after this (roughly 11 steps)
[1915812f84cf41a5f232eedf2a695a54d055aa88] add a test for intervals
running python3 /home/yizhou7/mariposa/scripts/z3-bisect.py /home/yizhou7/mariposa/data/bisect_tasks/d_fvbkv_z3_clean--lib-Buckets-PackedKV.i.dfy.CheckWellformed__PackedKV.__default.psaSeq__Messages.txt
building z3
Bisecting: 1453 revisions left to test after this (roughly 11 steps)
[8faf35e2e0c8fce99794e71bd3b5de74b95ceb5a] fix #3735
running python3 /home/yizhou7/mariposa/scripts/z3-bisect.py /home/yizhou7/mariposa/data/bisect_tasks/d_fvbkv_z3_clean--lib-Buckets-PackedKV.i.dfy.CheckWellformed__PackedKV.__default.psaSeq__Messages.txt
building z3
done building z3 3.5
running mariposa
res: 1 
 out: [[[    2     2     2     2     2     2     2     2     2     2     2
       2     2     2     2     2     2     2     2     2     2     2
       2     2     2     2     2     2     2     2     2     2     2
       2     2     2     2     3     2     3     3     2     2     2
       2     2     2     3     2     2     2     2     2     2     2
       3     3     3     3     3     3]
  [  289   438   415   406   408   438   450   450   448   450   461
     470   457   452   438   432   450   448   454   458   465   463
     472   461   458   447   449   469   461   461   460   432   424
     431   425   427   429 60017   439 60034 60032   425   410   406
     429   425   450 60031   467   430   423   434   432   424   412
   60030 60014 60013 60036 60034 60013]]

 [[    2     2     2     2     2     2     2     2     2     2     2
       2     2     2     2     2     2     2     2     2     2     2
       2     2     2     2     2     2     2     2     2     2     2
       2     2     2     2     2     2     2     2     3     2     2
       3     2     2     2     2     2     2     2     2     3     2
       3     3     3     3     3     3]
  [  289   452   468   471   456   441   437   434   436   441   436
     407   412   407   413   412   412   425   397   397   397   397
     424  1348   410   407   396   422   403   406   395   403   404
     397   429   429   455   470   453   455   459 60035   451   459
   60032   464   452   457   454   443   452   468   470 60039   441
   60031 60029 60030 60017 60018 60016]]

 [[    2     2     2     2     2     2     2     2     2     2     2
       2     2     2     2     2     2     2     2     2     2     2
       2     2     2     2     2     2     2     2     2     2     2
       3     3     3     2     2     3     2     3     2     2     3
       2     2     2     2     2     2     2     2     2     2     2
       3     2     3     3     3     3]
  [  289   401   377   419   419   424   455   380   416   418   420
     456   465   480   429   528   493   528   507   577   578   546
     562   612   592   545   600   587   515   589   563   580   586
   60031 60013 60030   536   479 60020   538 60015   535   484 60027
     490   504  1579   537   587   562   533   565   584   592   529
   60016 51787 60031 60037 60015 60015]]]
unstable
 
 err: 
done running mariposa 316.4
Bisecting: 1254 revisions left to test after this (roughly 10 steps)
[d1a5635b4ad7f8632356b380f3a9b1fc83fdb04f] better model based lemmaas
running python3 /home/yizhou7/mariposa/scripts/z3-bisect.py /home/yizhou7/mariposa/data/bisect_tasks/d_fvbkv_z3_clean--lib-Buckets-PackedKV.i.dfy.CheckWellformed__PackedKV.__default.psaSeq__Messages.txt
building z3
Bisecting: 1254 revisions left to test after this (roughly 10 steps)
[0a86bd14f792ef5fadb8eeb346729a612f7e1588] start on test nla
running python3 /home/yizhou7/mariposa/scripts/z3-bisect.py /home/yizhou7/mariposa/data/bisect_tasks/d_fvbkv_z3_clean--lib-Buckets-PackedKV.i.dfy.CheckWellformed__PackedKV.__default.psaSeq__Messages.txt
building z3
Bisecting: 1254 revisions left to test after this (roughly 10 steps)
[f7747d9e76bd685a02ce5c5fbda91fc356856b5e] fix parameter collection for tactic-based solvers reported in #3065
running python3 /home/yizhou7/mariposa/scripts/z3-bisect.py /home/yizhou7/mariposa/data/bisect_tasks/d_fvbkv_z3_clean--lib-Buckets-PackedKV.i.dfy.CheckWellformed__PackedKV.__default.psaSeq__Messages.txt
building z3
done building z3 3.5
running mariposa
res: 1 
 out: [[[    2     2     2     2     2     2     2     2     2     2     2
       2     2     2     2     2     2     2     2     3     2     2
       2     2     2     2     2     2     2     2     2     3     2
       2     2     2     2     2     2     2     2     3     2     2
       2     2     2     2     2     2     2     2     2     2     3
       3     3     3     3     3     3]
  [  280   460   434   451   493   463   453   470   472   450   446
     428   441   437   428   423   431   414   416 60014   409   391
     401   395   393   390   396   390   388   396   396 60027   397
     409   406   392   423   425   414   423   446 60027   447   448
     449   457   471   475   467   468   470   465   477   471 60029
   60030 60026 60025 60021 60025 60015]]

 [[    2     2     2     2     2     2     2     2     2     2     2
       2     2     2     2     2     2     2     2     2     2     3
       2     2     2     2     2     3     2     2     2     2     2
       3     2     2     2     2     2     2     2     3     3     2
       2     2     3     2     3     2     2     2     2     2     3
       2     3     3     3     3     3]
  [  280   452   457   464   454   463   472   473  1661   475   403
     406   380   381   382   380   426   381   408   416   429 60024
     447   432   420   462   455 60023   443   454   464   462   473
   60029   466   464   471   461   447   456   465 60014 60030   423
     437   430 60021   425 60025   402   399   410   415   415 60024
     417 60029 60017 60015 60015 60016]]

 [[    2     2     2     2     2     2     2     2     2     2     2
       2     2     2     2     2     2     2     2     2     2     2
       2     2     2     2     2     2     2     3     3     2     3
       2     3     2     2     3     2     2     2     2     3     2
       2     2     2     2     2     2     2     2     2     2     2
       2     3     3     3     3     3]
  [  280   379   401   386   406   422   445   371   413   437   414
     427   419   443   417   490   436   494   543   479   548   587
     554   625   608   541   595   599   540 60027 60012   521 60009
     520 60017   532   620 60026   462   509   492   494 60017   455
     497   463   500   534   553   595   563   606   543   546   566
     519 60029 60022 60025 60026 60025]]]
unstable
 
 err: 
done running mariposa 327.1
Bisecting: 1034 revisions left to test after this (roughly 10 steps)
[0644194fc96a853df44c37f9e4522796aa40add8] work on lemma from product to factors, and some renaming
running python3 /home/yizhou7/mariposa/scripts/z3-bisect.py /home/yizhou7/mariposa/data/bisect_tasks/d_fvbkv_z3_clean--lib-Buckets-PackedKV.i.dfy.CheckWellformed__PackedKV.__default.psaSeq__Messages.txt
building z3
Bisecting: 1034 revisions left to test after this (roughly 10 steps)
[0321312c8db1d3f0edbd23e6e48884fbb7d77d1d] Changed to get_const_interp to match Java and C# bindings
running python3 /home/yizhou7/mariposa/scripts/z3-bisect.py /home/yizhou7/mariposa/data/bisect_tasks/d_fvbkv_z3_clean--lib-Buckets-PackedKV.i.dfy.CheckWellformed__PackedKV.__default.psaSeq__Messages.txt
building z3
done building z3 3.4
running mariposa
res: 1 
 out: [[[    2     2     2     2     2     2     2     2     2     2     2
       2     2     2     2     2     2     2     2     2     2     2
       2     2     2     2     2     2     2     2     2     2     2
       2     2     2     2     2     2     2     2     2     2     2
       2     2     2     2     2     2     2     2     2     2     3
       3     3     3     3     3     3]
  [  258   435   412   416   408   422   424   421   411   405   405
     404   420   395   398   396   400   398   387   399   380   358
     381   355   388   354   353   353   357   407   352   350   368
     373   376   383   393   380   373   388   394   400   403  4825
     392   396   413   414   420   428   425   431   436   431 60031
   60033 60027 60013 60023 60016 60016]]

 [[    2     2     2     2     2     2     2     2     2     2     2
       2     2     2     2     2     2     2     2     2     2     2
       2     2     2     2     2     2     2     2     2     2     2
       2     2     2     2     2     2     2     2     2     2     2
       2     2     2     2     2     2     2     2     2     2     2
       2     3     3     3     3     3]
  [  258   391   395   383   416   414   404   400   415   407   399
     395   412   391   399   400   432   391   387   409   405   396
     421   416   417   410   411   401   413   414   410   406   405
     429   420   434   444   447   448   440   439   460   453   462
     443   423   424   444   449   441   450   446   438   453   441
     438 60028 60026 60025 60013 60014]]

 [[    2     2     2     2     2     2     2     2     2     2     2
       2     2     2     2     2     2     2     2     2     2     2
       2     3     2     3     3     3     3     2     2     2     2
       2     2     2     3     2     2     2     2     2     2     2
       2     2     3     2     2     2     2     2     3     3     2
       3     3     3     3     3     3]
  [  258   355   348   379   360   351   371   378   365   357   354
     376   370   378   409   473   471   469   473   486   487   491
     511 60025   459 60015 60019 60022 60019   412   410   416   418
     410   425   417 60018   442   440   444   444   431   451   446
     442   458 60015   473   475   488  9590   550 60016 60026   415
   60023 60017 60021 60024 60019 60031]]]
unstable
 
 err: 
done running mariposa 269.4
Bisecting: 261 revisions left to test after this (roughly 8 steps)
[6e637348826f0725ba8a01c455448023ca2889e4] Merge pull request #2368 from waywardmonkeys/fix-typo
running python3 /home/yizhou7/mariposa/scripts/z3-bisect.py /home/yizhou7/mariposa/data/bisect_tasks/d_fvbkv_z3_clean--lib-Buckets-PackedKV.i.dfy.CheckWellformed__PackedKV.__default.psaSeq__Messages.txt
building z3
done building z3 3.4
running mariposa
res: 1 
 out: [[[    2     2     2     2     2     2     2     2     2     2     2
       2     2     2     2     2     2     2     2     2     2     2
       2     2     2     2     2     2     2     2     2     2     2
       2     2     2     2     2     2     2     2     2     2     2
       2     2     2     2     2     2     2     2     2     2     2
       2     2     2     2     2     3]
  [  252   420   419   419   417   413   424   423   416   407   407
     414   426   425   429   426   429   426   425   422   426   417
     398   397   416   412   419   412   405   405   398   407   403
     385   389   404   401   390   403   394   405   397   403   403
     397  6584   390   387   388   372   386   369   366   365   372
     367   366   364   368   371 60015]]

 [[    2     2     2     2     2     2     2     2     2     2     2
       2     2     2     2     2     2     2     2     2     2     2
       2     2     2     2     2     2     2     2     2     2     2
       2     2     2     2     2     2     2     2     2     2     2
       2     2     2     2     2     2     2     2     2     2     2
       2     2     3     3     3     3]
  [  252   350   348   345   357   370   375   377   382   522   380
     376   373   380   386   382   384   385   381   382   378   385
     385   386   386   387   386   386   380   383   381   383   386
     391   394   398   401   402   407   400   403   401   396   413
     403   409   398   407   430   399   402   405   389   414   405
     407 17836 60024 60019 60024 60015]]

 [[    2     2     2     2     2     2     2     2     2     2     2
       2     2     2     2     2     2     2     2     2     2     2
       2     2     2     2     2     2     2     2     2     3     3
       3     2     2     3     2     2     2     3     2     2     2
       2     2     2     2     2     2     3     2     2     2     2
       2     2     2     3     3     3]
  [  252   362   340   337   374   337   364   368   333   339   341
     371   357   339   337   358   338   353   372   349   348   345
     355   346   361   376   387   437   467   462   472 60013 60019
   60024   420   419 60012   400   387   433 60020   379   365   375
     384   364   367   366   369   374 60013   375   353   353   382
     377   377   394 60021 60026 60016]]]
unstable
 
 err: 
done running mariposa 187.7
Bisecting: 130 revisions left to test after this (roughly 7 steps)
[9b4f327e29de8eadd112e53af5a8fb9f430fabf7] set upload mode to replace
running python3 /home/yizhou7/mariposa/scripts/z3-bisect.py /home/yizhou7/mariposa/data/bisect_tasks/d_fvbkv_z3_clean--lib-Buckets-PackedKV.i.dfy.CheckWellformed__PackedKV.__default.psaSeq__Messages.txt
building z3
done building z3 3.3
running mariposa
res: 0 
 out: [[[  2   2   2   2   2   2   2   2   2   2   2   2   2   2   2   2   2
     2   2   2   2   2   2   2   2   2   2   2   2   2   2   2   2   2
     2   2   2   2   2   2   2   2   2   2   2   2   2   2   2   2   2
     2   2   2   2   2   2   2   2   2   2]
  [249 294 293 293 324 296 322 306 293 292 316 294 297 298 293 296 325
   292 339 314 295 297 292 298 293 297 294 350 293 316 299 316 320 293
   327 297 296 292 299 316 322 297 317 294 299 319 343 327 294 295 294
   291 322 308 293 292 290 285 284 281 279]]

 [[  2   2   2   2   2   2   2   2   2   2   2   2   2   2   2   2   2
     2   2   2   2   2   2   2   2   2   2   2   2   2   2   2   2   2
     2   2   2   2   2   2   2   2   2   2   2   2   2   2   2   2   2
     2   2   2   2   2   2   2   2   2   2]
  [249 298 300 363 299 301 320 300 298 318 301 300 300 298 359 316 317
   329 298 301 325 317 299 297 298 300 297 348 313 300 297 301 301 299
   298 355 297 298 298 303 322 299 301 330 297 302 300 299 340 312 296
   318 302 301 302 299 300 300 348 300 299]]

 [[  2   2   2   2   2   2   2   2   2   2   2   2   2   2   2   2   2
     2   2   2   2   2   2   2   2   2   2   2   2   2   2   2   2   2
     2   2   2   2   2   2   2   2   2   2   2   2   2   2   2   2   2
     2   2   2   2   2   2   2   2   2   2]
  [249 328 362 327 331 355 351 366 332 332 363 332 344 350 376 331 331
   330 334 333 331 376 331 327 339 333 326 364 334 331 353 327 339 373
   370 369 327 330 396 353 344 327 372 332 347 343 355 329 349 326 331
   331 371 369 352 353 329 331 330 332 354]]]
stable
 
 err: 
done running mariposa 16.7
Bisecting: 65 revisions left to test after this (roughly 6 steps)
[42ac3a536369a7d4a7eafa1fa15b571b146ba594] merge with csp
running python3 /home/yizhou7/mariposa/scripts/z3-bisect.py /home/yizhou7/mariposa/data/bisect_tasks/d_fvbkv_z3_clean--lib-Buckets-PackedKV.i.dfy.CheckWellformed__PackedKV.__default.psaSeq__Messages.txt
building z3
done building z3 3.3
running mariposa
res: 0 
 out: [[[  2   2   2   2   2   2   2   2   2   2   2   2   2   2   2   2   2
     2   2   2   2   2   2   2   2   2   2   2   2   2   2   2   2   2
     2   2   2   2   2   2   2   2   2   2   2   2   2   2   2   2   2
     2   2   2   2   2   2   2   2   2   2]
  [247 293 291 291 354 314 323 292 291 290 317 291 325 291 292 292 290
   293 300 294 302 319 290 293 291 337 328 312 292 293 314 299 300 294
   374 294 294 290 295 321 300 292 295 307 317 315 292 290 308 291 314
   292 293 290 299 329 290 284 279 275 274]]

 [[  2   2   2   2   2   2   2   2   2   2   2   2   2   2   2   2   2
     2   2   2   2   2   2   2   2   2   2   2   2   2   2   2   2   2
     2   2   2   2   2   2   2   2   2   2   2   2   2   2   2   2   2
     2   2   2   2   2   2   2   2   2   2]
  [247 296 299 329 300 298 299 339 314 296 323 296 303 319 297 337 295
   296 298 338 307 316 327 297 320 300 298 315 296 298 296 320 298 305
   322 297 294 322 295 302 315 296 298 298 296 311 319 299 296 317 296
   333 335 298 297 296 333 311 297 298 337]]

 [[  2   2   2   2   2   2   2   2   2   2   2   2   2   2   2   2   2
     2   2   2   2   2   2   2   2   2   2   2   2   2   2   2   2   2
     2   2   2   2   2   2   2   2   2   2   2   2   2   2   2   2   2
     2   2   2   2   2   2   2   2   2   2]
  [247 344 351 329 328 329 333 364 351 330 330 327 351 368 352 331 329
   330 329 341 344 336 344 326 327 329 328 372 329 333 323 354 325 353
   328 331 323 326 344 409 349 380 368 351 355 354 364 325 351 346 329
   350 343 346 329 342 329 347 332 349 383]]]
stable
 
 err: 
done running mariposa 16.6
Bisecting: 32 revisions left to test after this (roughly 5 steps)
[b4290d4b3d7c021965e9ce7ee636caac0f9cac74] python regression
running python3 /home/yizhou7/mariposa/scripts/z3-bisect.py /home/yizhou7/mariposa/data/bisect_tasks/d_fvbkv_z3_clean--lib-Buckets-PackedKV.i.dfy.CheckWellformed__PackedKV.__default.psaSeq__Messages.txt
building z3
done building z3 3.3
running mariposa
res: 1 
 out: [[[    2     2     2     2     2     2     2     2     2     2     2
       2     2     2     2     2     2     2     2     2     2     2
       2     2     2     2     2     2     2     2     2     2     2
       2     2     2     2     2     2     2     2     2     2     2
       2     2     2     2     2     2     2     2     2     2     2
       2     2     2     2     3     3]
  [  255   386   385   387   392   371   367   371   362   360   363
     355   353   351   357   349   357   353   354   371   358   366
     352   371   352   361   355   359   357   365   370   367   371
     390   382   395   388   393   394   389   390   391   390   391
     390   383   379   374   375   364   369   368   397   397   401
     403   397   401   393 60027 60027]]

 [[    2     2     2     2     2     2     2     2     2     2     2
       2     2     2     2     2     2     2     2     2     2     2
       2     2     2     2     2     2     2     2     2     2     2
       2     2     2     2     2     2     2     2     2     2     2
       2     2     2     2     2     2     2     2     2     3     2
       3     3     3     3     3     3]
  [  255   337   345   356   338   353   340   346   350   343   350
     347   351   345   344   352   356   371   365   366   366   372
     375   377   381   383   377   370   372   418   434   426   442
     431   449   431   432   429   424   425   429   430   419   427
     422   419   417   405   414   419   410   409   411 60015   407
   60015 60013 60019 60032 60024 60029]]

 [[    2     2     2     2     2     2     2     2     2     2     2
       2     2     2     2     2     2     2     2     2     2     2
       2     2     2     2     2     3     2     3     3     2     2
       3     2     2     2     2     2     2     2     2     2     3
       2     2     2     2     2     2     2     2     2     2     2
       2     2     2     3     3     3]
  [  255   347   336   342   337   367   350   350   364   361   378
     396   390   446  1718   484   467   475   497   501   503   497
     514   508   513   503 47164 60024   432 60013 60020   394   390
   60022   389   384   374   373   378   378   382   377   379 60018
     377   370   371   364   376   374   374   368   373   378   369
     375   395   380 60027 60032 60014]]]
unstable
 
 err: 
done running mariposa 200.9
Bisecting: 16 revisions left to test after this (roughly 4 steps)
[0f7ff2a3d016ce6cc0dcc2654a6aa0187bc55192] swap
running python3 /home/yizhou7/mariposa/scripts/z3-bisect.py /home/yizhou7/mariposa/data/bisect_tasks/d_fvbkv_z3_clean--lib-Buckets-PackedKV.i.dfy.CheckWellformed__PackedKV.__default.psaSeq__Messages.txt
building z3
done building z3 3.3
running mariposa
res: 0 
 out: [[[  2   2   2   2   2   2   2   2   2   2   2   2   2   2   2   2   2
     2   2   2   2   2   2   2   2   2   2   2   2   2   2   2   2   2
     2   2   2   2   2   2   2   2   2   2   2   2   2   2   2   2   2
     2   2   2   2   2   2   2   2   2   2]
  [252 297 299 337 304 340 340 296 316 300 298 297 318 299 297 326 322
   326 342 337 354 319 307 326 298 296 310 336 295 332 329 298 344 298
   301 300 299 301 336 297 302 301 298 298 298 301 339 302 316 310 300
   305 302 300 325 300 295 291 286 283 282]]

 [[  2   2   2   2   2   2   2   2   2   2   2   2   2   2   2   2   2
     2   2   2   2   2   2   2   2   2   2   2   2   2   2   2   2   2
     2   2   2   2   2   2   2   2   2   2   2   2   2   2   2   2   2
     2   2   2   2   2   2   2   2   2   2]
  [252 305 344 307 306 327 309 340 329 325 303 304 325 331 336 300 313
   335 306 307 308 331 304 305 331 327 304 322 326 307 331 348 306 307
   304 303 378 332 351 315 308 309 306 317 304 326 307 305 306 334 305
   337 305 305 306 321 304 323 327 305 304]]

 [[  2   2   2   2   2   2   2   2   2   2   2   2   2   2   2   2   2
     2   2   2   2   2   2   2   2   2   2   2   2   2   2   2   2   2
     2   2   2   2   2   2   2   2   2   2   2   2   2   2   2   2   2
     2   2   2   2   2   2   2   2   2   2]
  [252 344 354 340 329 333 344 361 335 338 335 331 377 385 343 346 333
   338 339 368 364 387 347 335 344 341 349 367 348 338 339 340 333 354
   328 333 333 349 346 337 331 358 381 332 368 361 335 334 358 358 356
   334 332 348 333 358 362 336 332 333 354]]]
stable
 
 err: 
done running mariposa 16.9
Bisecting: 7 revisions left to test after this (roughly 3 steps)
[89e8a1392c992a6c37b8c5320b9e4b9b506bd4a1] na
running python3 /home/yizhou7/mariposa/scripts/z3-bisect.py /home/yizhou7/mariposa/data/bisect_tasks/d_fvbkv_z3_clean--lib-Buckets-PackedKV.i.dfy.CheckWellformed__PackedKV.__default.psaSeq__Messages.txt
building z3
done building z3 3.3
running mariposa
res: 1 
 out: [[[    2     2     2     2     2     2     2     2     2     2     2
       2     2     2     2     2     2     2     2     2     2     2
       2     2     2     2     2     2     2     2     2     2     2
       2     2     2     2     2     2     2     2     2     2     2
       2     2     2     2     2     2     2     2     2     2     2
       2     2     2     2     3     3]
  [  253   379   391   385   392   379   373   373   374   357   362
     359   352   358   355   353   354   356   354   356   356   357
     361   353   358   355   353   358   360   372   366   372   373
     394   384   401   391   409   389   391   377   380   394   389
     390   392   386   380   372   365   366   384   396   399   398
     405   400   400   395 60030 60028]]

 [[    2     2     2     2     2     2     2     2     2     2     2
       2     2     2     2     2     2     2     2     2     2     2
       2     2     2     2     2     2     2     2     2     2     2
       2     2     2     2     2     2     2     2     2     2     2
       2     2     2     2     2     2     2     2     2     2     3
       3     3     3     3     3     3]
  [  253   339   343   339   339   350   342   341   344   346   346
     380   351   345   357   348   357   368   366   363   360   360
     377   374   377   377   373   369   366   386   418   435   442
     426   442   430   428   430   415   433   430   427   429   423
     412   424   427   426   403   427   406   409   413   406 60015
   60014 60016 60019 60031 60024 60030]]

 [[    2     2     2     2     2     2     2     2     2     2     2
       2     2     2     2     2     2     2     2     2     2     2
       2     2     2     2     2     3     2     3     3     2     2
       3     2     2     2     2     2     2     2     2     2     3
       2     2     2     2     2     2     2     2     2     2     2
       2     2     2     3     3     3]
  [  253   333   356   338   353   377   349   349   386   385   381
     391   393   451  1747   504   472   477   501   503   504   497
     514   514   516   509 47164 60025   433 60015 60021   409   388
   60022   394   381   377   375   378   380   383   377   378 60017
     382   369   393   378   387   376   374   368   377   371   369
     401   373   379 60027 60032 60015]]]
unstable
 
 err: 
done running mariposa 201.0
Bisecting: 4 revisions left to test after this (roughly 2 steps)
[1827f98851e1866187abe743afd2d80bc786412f] more fixes for mutexes in shell
running python3 /home/yizhou7/mariposa/scripts/z3-bisect.py /home/yizhou7/mariposa/data/bisect_tasks/d_fvbkv_z3_clean--lib-Buckets-PackedKV.i.dfy.CheckWellformed__PackedKV.__default.psaSeq__Messages.txt
building z3
done building z3 3.3
running mariposa
res: 0 
 out: [[[  2   2   2   2   2   2   2   2   2   2   2   2   2   2   2   2   2
     2   2   2   2   2   2   2   2   2   2   2   2   2   2   2   2   2
     2   2   2   2   2   2   2   2   2   2   2   2   2   2   2   2   2
     2   2   2   2   2   2   2   2   2   2]
  [254 300 329 299 302 298 300 323 297 297 330 328 300 300 306 296 323
   299 312 300 386 301 298 300 297 326 299 300 297 297 352 302 323 315
   298 301 323 299 301 298 315 299 319 297 330 298 298 358 304 298 337
   339 370 299 296 330 297 286 284 284 285]]

 [[  2   2   2   2   2   2   2   2   2   2   2   2   2   2   2   2   2
     2   2   2   2   2   2   2   2   2   2   2   2   2   2   2   2   2
     2   2   2   2   2   2   2   2   2   2   2   2   2   2   2   2   2
     2   2   2   2   2   2   2   2   2   2]
  [254 306 305 306 336 305 339 308 304 303 305 305 306 326 319 304 304
   303 309 305 329 327 303 335 328 306 303 327 314 311 303 352 306 306
   328 305 325 307 323 306 308 326 304 324 336 305 305 310 309 353 328
   304 304 304 310 305 302 305 302 379 304]]

 [[  2   2   2   2   2   2   2   2   2   2   2   2   2   2   2   2   2
     2   2   2   2   2   2   2   2   2   2   2   2   2   2   2   2   2
     2   2   2   2   2   2   2   2   2   2   2   2   2   2   2   2   2
     2   2   2   2   2   2   2   2   2   2]
  [254 335 339 333 340 340 336 355 329 341 340 332 353 335 378 334 338
   344 342 348 337 334 333 334 355 335 349 350 361 340 336 360 328 371
   368 351 349 352 360 333 353 352 335 335 360 335 339 342 377 348 337
   337 334 336 355 358 335 335 336 335 376]]]
stable
 
 err: 
done running mariposa 16.7
Bisecting: 1 revision left to test after this (roughly 1 step)
[5177cc4a9a58df192c6a844ca13abf7e7cd3be15] change lt
running python3 /home/yizhou7/mariposa/scripts/z3-bisect.py /home/yizhou7/mariposa/data/bisect_tasks/d_fvbkv_z3_clean--lib-Buckets-PackedKV.i.dfy.CheckWellformed__PackedKV.__default.psaSeq__Messages.txt
building z3
done building z3 3.3
running mariposa
res: 1 
 out: [[[    2     2     2     2     2     2     2     2     2     2     2
       2     2     2     2     2     2     2     2     2     2     2
       2     2     2     2     2     2     2     2     2     2     2
       2     2     2     2     2     2     2     2     2     2     2
       2     2     2     2     2     2     2     2     2     2     2
       2     2     2     2     3     3]
  [  258   383   388   391   389   371   373   369   361   359   374
     384   376   355   353   350   375   367   353   356   374   377
     354   354   356   398   355   355   363   370   368   372   376
     396   388   395   394   393   389   394   391   393   426   396
     392   387   388   367   363   370   371   394   400   399   400
     401   400   400   395 60029 60026]]

 [[    2     2     2     2     2     2     2     2     2     2     2
       2     2     2     2     2     2     2     2     2     2     2
       2     2     2     2     2     2     2     2     2     2     2
       2     2     2     2     2     2     2     2     2     2     2
       2     2     2     2     2     2     2     2     2     2     3
       3     3     3     3     3     3]
  [  258   340   342   343   367   353   340   346   347   353   374
     348   353   347   343   356   364   375   370   369   376   374
     383   381   382   384   361   375   375   416   428   431   439
     427   433   427   423   429   412   431   430   429   422   425
     432   421   447   422   405   427   406   405   404   416 60015
   60014 60014 60019 60031 60027 60028]]

 [[    2     2     2     2     2     2     2     2     2     2     2
       2     2     2     2     2     2     2     2     2     2     2
       2     2     2     2     2     3     2     3     3     2     3
       2     2     2     2     2     2     2     2     2     3     2
       2     2     2     2     2     2     2     2     2     2     2
       2     2     2     3     3     3]
  [  258   354   354   339   336   344   352   356   363   369   380
     379   370   441  1722   490   473   476   501   505   502   504
     514   503   512   508 47108 60025   433 60014 60021   412 60021
     389   387   401   377   378   382   379   383   379 60017   377
     378   372   369   363   388   387   392   370   373   374   392
     377   374   384 60026 60030 60013]]]
unstable
 
 err: 
done running mariposa 201.0
Bisecting: 0 revisions left to test after this (roughly 1 step)
[7c9d2e0d75757ed6aa535f72c7dec70d5a527fed] pydoc test
running python3 /home/yizhou7/mariposa/scripts/z3-bisect.py /home/yizhou7/mariposa/data/bisect_tasks/d_fvbkv_z3_clean--lib-Buckets-PackedKV.i.dfy.CheckWellformed__PackedKV.__default.psaSeq__Messages.txt
building z3
done building z3 3.3
running mariposa
res: 0 
 out: [[[  2   2   2   2   2   2   2   2   2   2   2   2   2   2   2   2   2
     2   2   2   2   2   2   2   2   2   2   2   2   2   2   2   2   2
     2   2   2   2   2   2   2   2   2   2   2   2   2   2   2   2   2
     2   2   2   2   2   2   2   2   2   2]
  [251 299 299 299 344 298 301 298 298 309 299 316 314 329 298 301 300
   317 296 297 299 298 297 321 296 314 297 296 299 299 295 324 320 323
   315 301 300 298 321 295 302 324 298 316 299 319 314 299 329 298 322
   315 309 318 311 324 294 293 310 287 276]]

 [[  2   2   2   2   2   2   2   2   2   2   2   2   2   2   2   2   2
     2   2   2   2   2   2   2   2   2   2   2   2   2   2   2   2   2
     2   2   2   2   2   2   2   2   2   2   2   2   2   2   2   2   2
     2   2   2   2   2   2   2   2   2   2]
  [251 320 304 359 304 308 325 306 302 301 302 304 306 311 325 301 305
   304 309 302 354 304 325 305 303 310 305 305 305 303 328 351 307 304
   302 326 308 368 304 308 305 310 305 304 343 320 303 305 309 338 304
   303 305 304 305 313 304 303 305 347 323]]

 [[  2   2   2   2   2   2   2   2   2   2   2   2   2   2   2   2   2
     2   2   2   2   2   2   2   2   2   2   2   2   2   2   2   2   2
     2   2   2   2   2   2   2   2   2   2   2   2   2   2   2   2   2
     2   2   2   2   2   2   2   2   2   2]
  [251 337 349 334 331 333 345 352 333 340 338 337 336 359 375 333 332
   334 370 341 371 335 331 335 335 335 333 335 359 339 363 335 337 339
   329 370 348 336 335 348 361 399 358 336 334 356 335 363 354 348 340
   339 334 337 364 382 352 341 334 353 380]]]
stable
 
 err: 
done running mariposa 16.7
5177cc4a9a58df192c6a844ca13abf7e7cd3be15 is the first bad commit
commit 5177cc4a9a58df192c6a844ca13abf7e7cd3be15
Author: Nikolaj Bjorner <nbjorner@microsoft.com>
Date:   Fri Jun 21 09:08:20 2019 +0200

    change lt
    
    Signed-off-by: Nikolaj Bjorner <nbjorner@microsoft.com>

:040000 040000 bba0b3898c697bc6efeb66752253b42641d4a606 dc4029a365361041d58c5e9f581973ad21a69ecd M	src
bisect run success
git bisect start
# good: [e79542cc689d52ec4cb34ce4ae3fbe56e7a0bf70] fix #2309
git bisect good e79542cc689d52ec4cb34ce4ae3fbe56e7a0bf70
# bad: [ad55a1f1c617a7f0c3dd735c0780fc758424c7f1] Update release.yml for Azure Pipelines
git bisect bad ad55a1f1c617a7f0c3dd735c0780fc758424c7f1
# skip: [e2702f3ae88f5c48a55f4473bb5c29184c182634] fixes in assigning constraints to intervals
git bisect skip e2702f3ae88f5c48a55f4473bb5c29184c182634
# skip: [1915812f84cf41a5f232eedf2a695a54d055aa88] add a test for intervals
git bisect skip 1915812f84cf41a5f232eedf2a695a54d055aa88
# bad: [8faf35e2e0c8fce99794e71bd3b5de74b95ceb5a] fix #3735
git bisect bad 8faf35e2e0c8fce99794e71bd3b5de74b95ceb5a
# skip: [d1a5635b4ad7f8632356b380f3a9b1fc83fdb04f] better model based lemmaas
git bisect skip d1a5635b4ad7f8632356b380f3a9b1fc83fdb04f
# skip: [0a86bd14f792ef5fadb8eeb346729a612f7e1588] start on test nla
git bisect skip 0a86bd14f792ef5fadb8eeb346729a612f7e1588
# bad: [f7747d9e76bd685a02ce5c5fbda91fc356856b5e] fix parameter collection for tactic-based solvers reported in #3065
git bisect bad f7747d9e76bd685a02ce5c5fbda91fc356856b5e
# skip: [0644194fc96a853df44c37f9e4522796aa40add8] work on lemma from product to factors, and some renaming
git bisect skip 0644194fc96a853df44c37f9e4522796aa40add8
# bad: [0321312c8db1d3f0edbd23e6e48884fbb7d77d1d] Changed to get_const_interp to match Java and C# bindings
git bisect bad 0321312c8db1d3f0edbd23e6e48884fbb7d77d1d
# bad: [6e637348826f0725ba8a01c455448023ca2889e4] Merge pull request #2368 from waywardmonkeys/fix-typo
git bisect bad 6e637348826f0725ba8a01c455448023ca2889e4
# good: [9b4f327e29de8eadd112e53af5a8fb9f430fabf7] set upload mode to replace
git bisect good 9b4f327e29de8eadd112e53af5a8fb9f430fabf7
# good: [42ac3a536369a7d4a7eafa1fa15b571b146ba594] merge with csp
git bisect good 42ac3a536369a7d4a7eafa1fa15b571b146ba594
# bad: [b4290d4b3d7c021965e9ce7ee636caac0f9cac74] python regression
git bisect bad b4290d4b3d7c021965e9ce7ee636caac0f9cac74
# good: [0f7ff2a3d016ce6cc0dcc2654a6aa0187bc55192] swap
git bisect good 0f7ff2a3d016ce6cc0dcc2654a6aa0187bc55192
# bad: [89e8a1392c992a6c37b8c5320b9e4b9b506bd4a1] na
git bisect bad 89e8a1392c992a6c37b8c5320b9e4b9b506bd4a1
# good: [1827f98851e1866187abe743afd2d80bc786412f] more fixes for mutexes in shell
git bisect good 1827f98851e1866187abe743afd2d80bc786412f
# bad: [5177cc4a9a58df192c6a844ca13abf7e7cd3be15] change lt
git bisect bad 5177cc4a9a58df192c6a844ca13abf7e7cd3be15
# good: [7c9d2e0d75757ed6aa535f72c7dec70d5a527fed] pydoc test
git bisect good 7c9d2e0d75757ed6aa535f72c7dec70d5a527fed
# first bad commit: [5177cc4a9a58df192c6a844ca13abf7e7cd3be15] change lt
