running python3 /home/yizhou7/mariposa/scripts/z3-bisect.py /home/yizhou7/mariposa/data/bisect_tasks/d_fvbkv_z3_clean--ByteBlockCacheSystem-Marshalling.i.dfy.CheckWellformed__Marshalling.__default.valToBuckets.txt
building z3
Bisecting: 1453 revisions left to test after this (roughly 11 steps)
[1915812f84cf41a5f232eedf2a695a54d055aa88] add a test for intervals
running python3 /home/yizhou7/mariposa/scripts/z3-bisect.py /home/yizhou7/mariposa/data/bisect_tasks/d_fvbkv_z3_clean--ByteBlockCacheSystem-Marshalling.i.dfy.CheckWellformed__Marshalling.__default.valToBuckets.txt
building z3
Bisecting: 1453 revisions left to test after this (roughly 11 steps)
[8faf35e2e0c8fce99794e71bd3b5de74b95ceb5a] fix #3735
running python3 /home/yizhou7/mariposa/scripts/z3-bisect.py /home/yizhou7/mariposa/data/bisect_tasks/d_fvbkv_z3_clean--ByteBlockCacheSystem-Marshalling.i.dfy.CheckWellformed__Marshalling.__default.valToBuckets.txt
building z3
done building z3 3.3
running mariposa
res: 1 
 out: [[[    2     2     2     2     2     2     2     2     2     2     3
       2     3     2     3     2     2     2     3     2     2     2
       2     2     2     2     2     2     3     2     3     3     2
       2     2     2     2     2     2     2     2     2     2     2
       2     2     2     2     2     2     2     2     2     2     2
       3     3     3     3     3     3]
  [  725  1284  1435  1639  1536  1932  1682  1621  1341  1510 60017
    1656 60018  1606 60018  1452  1616  1455 60016  1434  1446  1365
    1506  2333  1530  1470  1539  1368 60016  1578 60015 60016  1529
    7195  1431  1226  1377  1686  1425  1607  1353  1368  1355  1486
    1531  1501  1676  1681  1571  1467  1491  1475  1556  1578  2254
   60018 60015 60017 60014 60014 60014]]

 [[    2     2     2     2     2     2     2     2     2     2     2
       2     3     2     3     3     3     2     2     2     2     2
       2     2     2     2     3     3     3     2     3     2     2
       2     2     2     3     3     2     2     2     3     2     2
       2     2     2     2     2     2     2     2     2     3     2
       2     3     3     3     3     3]
  [  725  1327  1528  1693  1762  1364  1336  1534  1201  1276  1112
    1441 60015  1218 60016 60017 60016  1334  1283  1370  1497  1525
    1503  1434  1457  1621 60018 60017 60017  1265 60017  1378  1683
    1555  1525  1566 60014 60016  1423  1472  1454 60017  1438  1462
    1719  1458  1824 13988  1530  1409  1525  1526  1363 60017  1932
    1516 60016 60019 60018 60016 60015]]

 [[    2     2     2     2     2     2     2     2     2     2     2
       2     2     2     2     2     2     2     2     2     2     2
       2     2     2     3     2     2     3     3     3     2     2
       2     2     3     2     3     3     2     2     2     2     2
       2     2     2     2     2     2     2     2     2     2     2
       2     2     2     3     3     3]
  [  725  1112  1147  1167  1217  1278  1342  1180  1252  1268  1356
    3969  1235  1471  2871  1697  5007  1408  1512  4025  1197  1461
    1570  1547  1444 60014  1574  1685 60015 60014 60014  1515  1430
    1455  1547 60015  1498 60014 60014  1151  1213  1109  1252  1163
    1199  1172  1326  1413  1309  1329  1309  1235  1568  1448  1475
    1583  2005  1784 60017 60014 60013]]]
unstable
 
 err: 
done running mariposa 419.5
Bisecting: 1254 revisions left to test after this (roughly 10 steps)
[d1a5635b4ad7f8632356b380f3a9b1fc83fdb04f] better model based lemmaas
running python3 /home/yizhou7/mariposa/scripts/z3-bisect.py /home/yizhou7/mariposa/data/bisect_tasks/d_fvbkv_z3_clean--ByteBlockCacheSystem-Marshalling.i.dfy.CheckWellformed__Marshalling.__default.valToBuckets.txt
building z3
Bisecting: 1254 revisions left to test after this (roughly 10 steps)
[0a86bd14f792ef5fadb8eeb346729a612f7e1588] start on test nla
running python3 /home/yizhou7/mariposa/scripts/z3-bisect.py /home/yizhou7/mariposa/data/bisect_tasks/d_fvbkv_z3_clean--ByteBlockCacheSystem-Marshalling.i.dfy.CheckWellformed__Marshalling.__default.valToBuckets.txt
building z3
Bisecting: 1254 revisions left to test after this (roughly 10 steps)
[f7747d9e76bd685a02ce5c5fbda91fc356856b5e] fix parameter collection for tactic-based solvers reported in #3065
running python3 /home/yizhou7/mariposa/scripts/z3-bisect.py /home/yizhou7/mariposa/data/bisect_tasks/d_fvbkv_z3_clean--ByteBlockCacheSystem-Marshalling.i.dfy.CheckWellformed__Marshalling.__default.valToBuckets.txt
building z3
done building z3 3.3
running mariposa
res: 1 
 out: [[[    2     2     2     2     2     2     2     2     2     2     2
       2     2     2     2     2     2     2     2     2     2     2
       2     2     2     2     2     2     2     2     2     2     2
       2     2     2     2     2     2     2     2     2     2     2
       2     2     2     3     2     2     2     2     2     2     2
       2     3     3     3     3     3]
  [  754  1597  1508  1879  1636  1754  1521  1521  1686  1522  1570
    1628  1447  1566  1470  1539  1431  1558  1576  1683  1266  2268
    1478  1327  1429  1520  1386  3135  1444  1253  1582  1323  1392
    1558  1179  1363  1285  1496  1487  1520  1436  1277  1298  1583
    1445  1378  1371 60016  1510  1372  1418  1459  1284  1497  1590
    1412 60021 60017 60016 60018 60019]]

 [[    2     2     2     2     2     2     2     2     2     2     3
       2     3     3     2     3     3     2     2     3     2     3
       3     3     2     2     3     2     2     2     2     2     3
       2     2     2     3     2     2     2     3     3     2     2
       3     3     2     2     2     2     3     2     2     3     2
       3     2     3     3     3     3]
  [  754  1333  1293  1482  1666  1533  1492  1211  1288  1397 60016
    1517 60015 60014  1240 60017 60014  1490  1459 60018  1523 60015
   60014 60014  1387  1382 60014  1383  1562  1348  1453  1960 60016
    1688  1706  2281 60016  1419  1568  1364 60017 60015  1603  1228
   60014 60014  1235  1283  1230  1285 60021  1481  1442 60016  1636
   60019 46029 60014 60015 60017 60015]]

 [[    2     2     2     2     2     2     2     2     2     2     2
       2     2     2     2     2     2     2     2     2     2     2
       2     2     2     3     2     3     2     2     3     2     3
       2     3     2     2     2     2     2     2     3     2     2
       3     2     2     2     2     2     3     2     3     3     2
       3     3     3     3     3     3]
  [  754  1169  1099  1153  1217  1229  1348  1159  1221  1359  1326
    1259  1443  4011  2447  1508  1766  6289  1800  1582  2295  6393
    1860  1924  1802 60013  1650 60014  1645  1543 60012  1576 60015
    1666 60013  1414  1367  1488  1756  1567  1626 60028  1946  1764
   60017  1775  1625  5346  1630  2003 60017  1820 60015 60014  1556
   60015 60027 60015 60017 60017 60016]]]
unstable
 
 err: 
done running mariposa 472.9
Bisecting: 1034 revisions left to test after this (roughly 10 steps)
[0644194fc96a853df44c37f9e4522796aa40add8] work on lemma from product to factors, and some renaming
running python3 /home/yizhou7/mariposa/scripts/z3-bisect.py /home/yizhou7/mariposa/data/bisect_tasks/d_fvbkv_z3_clean--ByteBlockCacheSystem-Marshalling.i.dfy.CheckWellformed__Marshalling.__default.valToBuckets.txt
building z3
Bisecting: 1034 revisions left to test after this (roughly 10 steps)
[0321312c8db1d3f0edbd23e6e48884fbb7d77d1d] Changed to get_const_interp to match Java and C# bindings
running python3 /home/yizhou7/mariposa/scripts/z3-bisect.py /home/yizhou7/mariposa/data/bisect_tasks/d_fvbkv_z3_clean--ByteBlockCacheSystem-Marshalling.i.dfy.CheckWellformed__Marshalling.__default.valToBuckets.txt
building z3
done building z3 3.2
running mariposa
res: 1 
 out: [[[    2     2     2     2     2     2     2     2     2     2     2
       2     2     2     2     2     2     2     2     2     2     2
       2     2     2     2     2     2     2     2     2     3     2
       2     2     2     2     2     2     2     2     2     3     2
       2     2     2     2     3     2     2     2     2     2     3
       2     3     3     3     3     3]
  [  870  1779  1555  1639  1880  1713  1788  1565  1685  1817  1580
    1509  1723  1665  1547  1552  1574  1807  1513  1551  2156  1539
    1427  1600  1539  1480  1460  1482  1500  1516  1515 60016  1532
    1489  1559  1561  1418  1662  1704  1642  1807  1746 60017  1675
    1500  1524  1587  1715 60018  1561  1594  1826  1598  1614 60016
    1412 60017 60015 60016 60014 60017]]

 [[    2     2     2     2     2     2     2     2     2     2     2
       2     2     2     3     3     2     2     3     2     3     3
       3     3     2     2     2     2     2     2     2     2     2
       2     3     2     2     2     2     2     2     2     2     2
       2     3     2     2     3     3     3     2     2     2     3
       2     3     3     3     3     3]
  [  870  1879  1532  1484  1423  1431  1299  1348  1130  1386  1256
    1733  1519  1684 60019 60022  1435  1712 60016  1885 60016 60018
   60018 60015  1361  1163 11640  1251  1315  1386  2189  1718  1625
    1441 60017  1420  1632  1395  1345  1752  1442  1640  1718  1392
    1471 60019  1267 11879 60017 60016 60016  1674  1457  1716 60016
    1407 60018 60018 60016 60017 60018]]

 [[    2     2     2     2     2     2     2     2     2     2     2
       2     2     2     3     3     3     3     2     2     2     2
       2     2     2     3     2     2     2     2     2     2     3
       2     2     2     2     2     2     2     3     2     2     2
       2     2     2     2     2     2     2     2     2     2     2
       2     3     3     3     3     3]
  [  870  1068  1263  1345  1395  1333  1513  3303  1470  1710  1758
    1791  2030  1732 60017 60012 60021 60015  1407  1605  1702  1297
    1334  1584  1353 60020  1514  1557  1236  1454  1214  1391 60014
    1288  1741  1392  1344  1358  1266  1444 60015  1479  1530  1501
    1599  1740  1531  1586  1724  1488  1847  1434  1423  1461  2419
    1606 60016 60015 60013 60014 60016]]]
unstable
 
 err: 
done running mariposa 411.0
Bisecting: 261 revisions left to test after this (roughly 8 steps)
[6e637348826f0725ba8a01c455448023ca2889e4] Merge pull request #2368 from waywardmonkeys/fix-typo
running python3 /home/yizhou7/mariposa/scripts/z3-bisect.py /home/yizhou7/mariposa/data/bisect_tasks/d_fvbkv_z3_clean--ByteBlockCacheSystem-Marshalling.i.dfy.CheckWellformed__Marshalling.__default.valToBuckets.txt
building z3
done building z3 3.1
running mariposa
res: 1 
 out: [[[    2     2     2     2     2     2     2     2     2     2     2
       2     2     2     2     3     2     2     3     3     2     2
       2     2     2     3     3     2     3     3     2     2     3
       2     2     2     3     3     3     2     2     2     2     2
       2     3     3     2     2     2     2     2     3     3     2
       2     2     3     3     3     3]
  [  900  1816  1416  1788  1760  1481  1489  1577  1442  1342  1508
    1493  1476  1367  3796 60017  1602  1299 60018 60016  1639 26811
    1836  1430  1694 60017 60016  1345 60015 60017  1384  1575 60016
    1356  1310  1481 60018 60015 60015  1517  1671  1656 25396  1632
    1511 60018 60015  1356  1435  1535  1935  1640 60016 60014  1419
    1305  1326 60015 60015 60016 60024]]

 [[    2     2     2     2     2     2     2     2     2     2     2
       2     2     2     2     2     2     2     2     2     2     2
       2     3     2     2     2     2     2     2     2     2     3
       2     2     3     2     3     2     2     2     2     3     2
       3     2     2     2     2     2     2     3     2     2     2
       3     3     3     3     3     3]
  [  900  1460  1873  1419  1417  1840  4534  1262  1501  1834  1523
    1549  1947  1245  1252  1528  1582  1333  1423  1395  1614  1444
    1267 60019 37339  1494 10130  1194  1675  1630  1477  1309 60017
    1726  1225 60015  2401 60019  1544  1362  1534  1168 60019  1324
   60020  1279  2787  1211  1344  1159  1454 60017  1762  1332  1798
   60015 60016 60018 60016 60018 60016]]

 [[    2     2     2     2     2     2     2     2     2     2     2
       2     2     2     2     2     2     2     2     2     2     2
       2     2     2     2     2     2     3     2     3     3     2
       2     2     3     2     2     2     2     2     2     3     3
       2     2     2     2     2     2     2     2     2     2     2
       2     2     3     3     3     3]
  [  900   957  1089  1063  1060  1049  1124  1044  1066  1215  1175
    1139  1335  1044  1163  1214  1413  1633  3296  1472  1670  1641
    1639 29288  1474  1689  1463  1613 60015  1759 60013 60014  1455
    1534  1392 60014  1422  1544  1528  1340  1329  1324 60016 60014
    1382  1239  1623  1215  1346  1294  1308  1564  5246  1531  1445
    2621  1409 60016 60016 60019 60016]]]
unstable
 
 err: 
done running mariposa 465.1
Bisecting: 130 revisions left to test after this (roughly 7 steps)
[9b4f327e29de8eadd112e53af5a8fb9f430fabf7] set upload mode to replace
running python3 /home/yizhou7/mariposa/scripts/z3-bisect.py /home/yizhou7/mariposa/data/bisect_tasks/d_fvbkv_z3_clean--ByteBlockCacheSystem-Marshalling.i.dfy.CheckWellformed__Marshalling.__default.valToBuckets.txt
building z3
done building z3 3.1
running mariposa
res: 0 
 out: [[[   2    2    2    2    2    2    2    2    2    2    2    2    2    2
      2    2    2    2    2    2    2    2    2    2    2    2    2    2
      2    2    2    2    2    2    2    2    2    2    2    2    2    2
      2    2    2    2    2    2    2    2    2    2    2    2    2    2
      2    2    2    2    2]
  [ 856 1159 1279 1181 1184 1240 1188 1177 1196 1213 1204 1148 1171 1214
   1150 1162 1169 1172 1188 1126 1152 1109 1118 1157 1185 1141 1199 1289
   1105 1204 1238 1159 1160 1162 1116 1101 1132 1120 1241 1143 1157 1151
   1147 1152 1162 1201 1197 1185 1138 1106 1090 1229 1214 1216 1200 1231
   1138 1088 1060 1101 1021]]

 [[   2    2    2    2    2    2    2    2    2    2    2    2    2    2
      2    2    2    2    2    2    2    2    2    2    2    2    2    2
      2    2    2    2    2    2    2    2    2    2    2    2    2    2
      2    2    2    2    2    2    2    2    2    2    2    2    2    2
      2    2    2    2    2]
  [ 856 1167 1200 1268 1197 1146 1200 1232 1285 1193 1159 1092 1216 1167
   1265 1180 1181 1232 1074 1128 1166 1231 1201 1232 1174 1183 1134 1159
   1196 1185 1187 1175 1160 1313 1121 1172 1192 1195 1224 1113 1160 1102
   1191 1187 1151 1265 1090 1113 1160 1182 1123 1169 1103 1149 1173 1204
   1203 1181 1261 1184 1158]]

 [[   2    2    2    2    2    2    2    2    2    2    2    2    2    2
      2    2    2    2    2    2    2    2    2    2    2    2    2    2
      2    2    2    2    2    2    2    2    2    2    2    2    2    2
      2    2    2    2    2    2    2    2    2    2    2    2    2    2
      2    2    2    2    2]
  [ 856 1314 1277 1328 1339 1343 1370 1444 1369 1305 1292 1330 1366 1388
   1329 1309 1332 1347 1348 1444 1334 1376 1290 1329 1254 1375 1317 1313
   1297 1289 1256 1384 1327 1310 1338 1354 1302 1345 1330 1326 1311 1413
   1401 1285 1312 1362 1271 1277 1427 1394 1196 1264 1341 1272 1290 1394
   1387 1332 1212 1330 1289]]]
stable
 
 err: 
done running mariposa 48.8
Bisecting: 65 revisions left to test after this (roughly 6 steps)
[42ac3a536369a7d4a7eafa1fa15b571b146ba594] merge with csp
running python3 /home/yizhou7/mariposa/scripts/z3-bisect.py /home/yizhou7/mariposa/data/bisect_tasks/d_fvbkv_z3_clean--ByteBlockCacheSystem-Marshalling.i.dfy.CheckWellformed__Marshalling.__default.valToBuckets.txt
building z3
done building z3 3.1
running mariposa
res: 0 
 out: [[[   2    2    2    2    2    2    2    2    2    2    2    2    2    2
      2    2    2    2    2    2    2    2    2    2    2    2    2    2
      2    2    2    2    2    2    2    2    2    2    2    2    2    2
      2    2    2    2    2    2    2    2    2    2    2    2    2    2
      2    2    2    2    2]
  [ 874 1192 1275 1164 1214 1181 1233 1189 1142 1211 1190 1172 1157 1208
   1189 1177 1172 1149 1185 1117 1151 1138 1124 1148 1170 1197 1114 1282
   1125 1194 1212 1142 1180 1166 1108 1134 1146 1112 1251 1147 1145 1123
   1166 1174 1169 1164 1213 1212 1131 1099 1123 1226 1209 1225 1203 1212
   1134 1109 1122 1056  986]]

 [[   2    2    2    2    2    2    2    2    2    2    2    2    2    2
      2    2    2    2    2    2    2    2    2    2    2    2    2    2
      2    2    2    2    2    2    2    2    2    2    2    2    2    2
      2    2    2    2    2    2    2    2    2    2    2    2    2    2
      2    2    2    2    2]
  [ 874 1170 1201 1265 1194 1159 1173 1196 1258 1219 1180 1202 1101 1136
   1264 1171 1174 1239 1091 1156 1156 1201 1207 1197 1153 1187 1178 1150
   1168 1202 1183 1174 1173 1253 1101 1156 1205 1172 1175 1109 1151 1133
   1181 1192 1137 1234 1089 1124 1170 1177 1133 1188 1102 1166 1142 1200
   1172 1165 1280 1149 1179]]

 [[   2    2    2    2    2    2    2    2    2    2    2    2    2    2
      2    2    2    2    2    2    2    2    2    2    2    2    2    2
      2    2    2    2    2    2    2    2    2    2    2    2    2    2
      2    2    2    2    2    2    2    2    2    2    2    2    2    2
      2    2    2    2    2]
  [ 874 1253 1329 1323 1334 1325 1375 1444 1357 1350 1299 1321 1392 1330
   1296 1301 1307 1335 1384 1322 1453 1388 1266 1254 1333 1305 1316 1312
   1334 1253 1253 1374 1312 1328 1332 1311 1320 1316 1310 1341 1280 1410
   1420 1286 1307 1341 1245 1382 1425 1305 1199 1275 1292 1276 1273 1406
   1391 1324 1236 1292 1280]]]
stable
 
 err: 
done running mariposa 48.7
Bisecting: 32 revisions left to test after this (roughly 5 steps)
[b4290d4b3d7c021965e9ce7ee636caac0f9cac74] python regression
running python3 /home/yizhou7/mariposa/scripts/z3-bisect.py /home/yizhou7/mariposa/data/bisect_tasks/d_fvbkv_z3_clean--ByteBlockCacheSystem-Marshalling.i.dfy.CheckWellformed__Marshalling.__default.valToBuckets.txt
building z3
done building z3 3.1
running mariposa
res: 1 
 out: [[[    3     2     2     2     2     2     2     2     2     2     2
       2     2     2     2     2     2     2     2     2     2     2
       2     2     2     2     2     2     2     2     2     2     2
       2     2     2     2     2     2     2     2     2     2     2
       2     2     2     3     2     2     2     2     3     3     2
       2     3     3     3     3     3]
  [60011  1573  1398  1541  1447  1350  1416  1378  1578  1413  1779
    1426  1480  1582  1453  1456  1718  1646  1575  1499  1410  1405
    1432  1362  1423  1377  1548  1617  1336  1419  1746  1432  1543
    1436  1485  1319  1559  1670  1447  1497  1504  1559  1504  1564
    1377  1659  1461 60020  1696  1272  1325  1602 60017 60020  1335
    6442 60018 60019 60019 60034 60018]]

 [[    3     2     2     2     2     2     2     2     2     2     2
       2     2     2     2     2     2     2     2     2     2     2
       2     2     2     2     2     2     2     2     2     2     2
       2     2     2     3     2     3     2     3     3     3     2
       3     2     3     2     2     3     2     2     2     3     2
       2     3     3     3     3     3]
  [60011  1891  1473  1366  1356  1470  1484  1440  1329  1392  1449
    1573  1484  1334  1305  1248  1350  1479  1214  1901  1570  1832
    1396  1347  1365  1343  1445  1275  1298  1617  1363  1522  1251
    1439  1339  1500 60017  1365 60021  1431 60017 60018 60026  1299
   60022  1708 60028  1615  1463 60033  1853  1480  1263 60017  1259
    1244 60020 60021 60017 60017 60019]]

 [[    3     2     2     2     2     2     2     2     2     2     2
       2     2     2     2     2     2     2     2     2     2     2
       2     2     2     2     2     2     2     3     3     2     2
       2     2     3     2     3     2     3     2     2     3     2
       2     2     2     2     2     2     2     2     2     2     2
       2     2     3     3     3     3]
  [60011   978  1031  1130  1216  1254  1057  1141  1399  1209  1446
    1256  1440  1418  1514  1514  1637  1325  1371  1635  1264  1290
    1623  1328  1406  1496  1757  1722  1998 60022 60015  1638  1645
    1337  1487 60014  1489 60016  1412 60016  1402  1423 60018  1523
    1484  1614  1729  1481  1485  1553  1626  1631  1780  1666  1504
    1663  1596 60016 60017 60025 60017]]]
unstable
 
 err: 
done running mariposa 416.8
Bisecting: 16 revisions left to test after this (roughly 4 steps)
[0f7ff2a3d016ce6cc0dcc2654a6aa0187bc55192] swap
running python3 /home/yizhou7/mariposa/scripts/z3-bisect.py /home/yizhou7/mariposa/data/bisect_tasks/d_fvbkv_z3_clean--ByteBlockCacheSystem-Marshalling.i.dfy.CheckWellformed__Marshalling.__default.valToBuckets.txt
building z3
done building z3 3.1
running mariposa
res: 0 
 out: [[[   2    2    2    2    2    2    2    2    2    2    2    2    2    2
      2    2    2    2    2    2    2    2    2    2    2    2    2    2
      2    2    2    2    2    2    2    2    2    2    2    2    2    2
      2    2    2    2    2    2    2    2    2    2    2    2    2    2
      2    2    2    2    2]
  [ 607  772  805  786  795  780  775  787  809  778  793  769  779  823
    767  773  828  827  793  822  781  771  787  778  795  830  800  822
    763  771  813  814  809  790  822  762  798  789  819  785  805  837
    807  781  826  781  832  844  822  773  859  793  803  805  781  818
    753  734  738  730  732]]

 [[   2    2    2    2    2    2    2    2    2    2    2    2    2    2
      2    2    2    2    2    2    2    2    2    2    2    2    2    2
      2    2    2    2    2    2    2    2    2    2    2    2    2    2
      2    2    2    2    2    2    2    2    2    2    2    2    2    2
      2    2    2    2    2]
  [ 607  838  821  830  824  868  870  841  798  809  866  792  820  781
    855  792  829  816  813  829  789  804  844  892  797  826  808  799
    819  801  796  834  785  806  875  795  790  834  850  802  793  814
    870  797  834  827  818  813  826  810  789  806  816  829  829  790
    846  840  852  790  788]]

 [[   2    2    2    2    2    2    2    2    2    2    2    2    2    2
      2    2    2    2    2    2    2    2    2    2    2    2    2    2
      2    2    2    2    2    2    2    2    2    2    2    2    2    2
      2    2    2    2    2    2    2    2    2    2    2    2    2    2
      2    2    2    2    2]
  [ 607  945  948  978  924  927  957  959  955  962  977  915  935  949
    979  930  971  970  937  907  947 1009  905  906  927  949  930  931
    932  913  870  936  972  957  951  951  913  905  944  902  906  967
    959  871  918  890  935  944  926  970  892  931  884  916  945  938
    923  843  877  880  872]]]
stable
 
 err: 
done running mariposa 38.6
Bisecting: 7 revisions left to test after this (roughly 3 steps)
[89e8a1392c992a6c37b8c5320b9e4b9b506bd4a1] na
running python3 /home/yizhou7/mariposa/scripts/z3-bisect.py /home/yizhou7/mariposa/data/bisect_tasks/d_fvbkv_z3_clean--ByteBlockCacheSystem-Marshalling.i.dfy.CheckWellformed__Marshalling.__default.valToBuckets.txt
building z3
done building z3 3.1
running mariposa
res: 1 
 out: [[[    3     2     2     2     2     2     2     2     2     2     2
       2     2     2     2     2     2     2     2     2     2     2
       2     2     2     2     2     2     2     2     2     2     2
       2     2     2     2     2     2     2     2     2     2     2
       2     2     2     3     2     2     2     2     3     3     2
       2     3     3     3     3     3]
  [60011  1604  1423  1533  1429  1361  1416  1372  1570  1396  1753
    1424  1488  1576  1447  1462  1731  1652  1607  1559  1457  1377
    1436  1382  1434  1398  1527  1640  1361  1436  1751  1453  1583
    1411  1474  1355  1588  1694  1456  1511  1515  1572  1528  1564
    1378  1651  1482 60020  1675  1281  1333  1627 60017 60019  1371
    6434 60018 60019 60018 60032 60018]]

 [[    3     2     2     2     2     2     2     2     2     2     2
       2     2     2     2     2     2     2     2     2     2     2
       2     2     2     2     2     2     2     2     2     2     2
       2     2     2     3     2     3     2     3     3     3     2
       3     2     3     2     2     3     2     2     2     3     2
       2     3     3     3     3     3]
  [60011  1917  1484  1394  1374  1511  1478  1459  1376  1422  1466
    1586  1484  1347  1308  1248  1345  1489  1215  1879  1589  1819
    1403  1396  1380  1321  1415  1322  1362  1703  1320  1512  1230
    1443  1352  1532 60017  1388 60020  1452 60016 60018 60025  1294
   60020  1725 60031  1599  1464 60034  1831  1478  1290 60016  1240
    1262 60020 60020 60019 60017 60018]]

 [[    3     2     2     2     2     2     2     2     2     2     2
       2     2     2     2     2     2     2     2     2     2     2
       2     2     2     2     2     2     2     3     3     2     2
       2     2     3     2     3     2     3     2     2     3     2
       2     2     2     2     2     2     2     2     2     2     2
       2     2     3     3     3     3]
  [60011  1047   990  1150  1193  1247  1105  1137  1421  1220  1422
    1287  1441  1409  1536  1524  1338  1671  1384  1629  1298  1319
    1657  1349  1427  1505  1782  1745  2064 60018 60022  1664  1691
    1334  1508 60014  1478 60017  1431 60016  1394  1416 60019  1572
    1486  1644  1773  1485  1473  1562  1650  1618  1736  1664  1482
    1660  1600 60016 60017 60025 60017]]]
unstable
 
 err: 
done running mariposa 417.2
Bisecting: 4 revisions left to test after this (roughly 2 steps)
[1827f98851e1866187abe743afd2d80bc786412f] more fixes for mutexes in shell
running python3 /home/yizhou7/mariposa/scripts/z3-bisect.py /home/yizhou7/mariposa/data/bisect_tasks/d_fvbkv_z3_clean--ByteBlockCacheSystem-Marshalling.i.dfy.CheckWellformed__Marshalling.__default.valToBuckets.txt
building z3
done building z3 3.2
running mariposa
res: 0 
 out: [[[   2    2    2    2    2    2    2    2    2    2    2    2    2    2
      2    2    2    2    2    2    2    2    2    2    2    2    2    2
      2    2    2    2    2    2    2    2    2    2    2    2    2    2
      2    2    2    2    2    2    2    2    2    2    2    2    2    2
      2    2    2    2    2]
  [ 612  772  779  767  793  774  774  760  841  754  806  767  790  837
    759  771  826  829  774  829  775  780  756  798  814  788  842  807
    770  803  816  805  814  818  783  756  801  823  803  791  798  856
    900  765  838  792  816  849  821  801  811  827  773  787  776  807
    764  734  743  730  727]]

 [[   2    2    2    2    2    2    2    2    2    2    2    2    2    2
      2    2    2    2    2    2    2    2    2    2    2    2    2    2
      2    2    2    2    2    2    2    2    2    2    2    2    2    2
      2    2    2    2    2    2    2    2    2    2    2    2    2    2
      2    2    2    2    2]
  [ 612  870  815  810  831  881  874  845  802  807  883  803  796  867
    786  797  827  832  816  838  805  818  843  848  815  821  804  796
    863  833  807  803  778  800  838  805  804  864  846  794  780  862
    803  833  843  822  808  801  800  799  796  823  836  828  825  783
    800  840  790  803  788]]

 [[   2    2    2    2    2    2    2    2    2    2    2    2    2    2
      2    2    2    2    2    2    2    2    2    2    2    2    2    2
      2    2    2    2    2    2    2    2    2    2    2    2    2    2
      2    2    2    2    2    2    2    2    2    2    2    2    2    2
      2    2    2    2    2]
  [ 612  972  963  938  925  945  956  922  972  977  971  914  931  944
    960  919  926  987  971  928  956 1006  941  921  932  933  946  974
    911  940  897  993  934  925  935  987  927  915  979  926  951  946
    965  901  936  909  931  968  930  996  902  891  940  930  924  922
    952  842  883  892  887]]]
stable
 
 err: 
done running mariposa 38.7
Bisecting: 1 revision left to test after this (roughly 1 step)
[5177cc4a9a58df192c6a844ca13abf7e7cd3be15] change lt
running python3 /home/yizhou7/mariposa/scripts/z3-bisect.py /home/yizhou7/mariposa/data/bisect_tasks/d_fvbkv_z3_clean--ByteBlockCacheSystem-Marshalling.i.dfy.CheckWellformed__Marshalling.__default.valToBuckets.txt
building z3
done building z3 3.1
running mariposa
res: 1 
 out: [[[    3     2     2     2     2     2     2     2     2     2     2
       2     2     2     2     2     2     2     2     2     2     2
       2     2     2     2     2     2     2     2     2     2     2
       2     2     2     2     2     2     2     2     2     2     2
       2     2     2     3     2     2     2     2     3     3     2
       2     3     3     3     3     3]
  [60011  1582  1411  1538  1447  1357  1421  1398  1553  1754  1392
    1418  1481  1601  1449  1447  1709  1651  1603  1533  1441  1384
    1448  1364  1432  1361  1516  1622  1356  1425  1776  1475  1568
    1403  1443  1357  1584  1689  1443  1511  1520  1548  1514  1568
    1413  1672  1476 60019  1672  1305  1325  1621 60016 60019  1454
    6596 60019 60019 60019 60032 60018]]

 [[    3     2     2     2     2     2     2     2     2     2     2
       2     2     2     2     2     2     2     2     2     2     2
       2     2     2     2     2     2     2     2     2     2     2
       2     2     2     3     2     3     2     3     3     3     2
       3     2     3     2     2     3     2     2     2     3     2
       2     3     3     3     3     3]
  [60011  1923  1502  1381  1369  1493  1457  1467  1385  1415  1471
    1587  1493  1365  1321  1278  1390  1514  1231  1930  1591  1840
    1408  1361  1370  1324  1438  1323  1338  1652  1315  1507  1245
    1421  1355  1510 60017  1331 60020  1430 60016 60017 60024  1330
   60020  1709 60030  1599  1478 60032  1870  1459  1293 60016  1272
    1251 60022 60021 60018 60016 60019]]

 [[    3     2     2     2     2     2     2     2     2     2     2
       2     2     2     2     2     2     2     2     2     2     2
       2     2     2     2     2     2     2     3     3     2     2
       2     2     3     2     3     2     3     2     2     3     2
       2     2     2     2     2     2     2     2     2     2     2
       2     2     3     3     3     3]
  [60011  1012  1040  1208  1148  1251  1097  1130  1225  1430  1462
    1265  1444  1402  1540  1521  1617  1335  1388  1627  1279  1312
    1638  1344  1435  1501  1781  1737  2037 60024 60016  1668  1693
    1319  1495 60015  1490 60016  1420 60016  1405  1426 60019  1565
    1480  1639  1804  1516  1494  1544  1660  1639  1724  1664  1476
    1641  1604 60016 60018 60025 60018]]]
unstable
 
 err: 
done running mariposa 417.1
Bisecting: 0 revisions left to test after this (roughly 1 step)
[7c9d2e0d75757ed6aa535f72c7dec70d5a527fed] pydoc test
running python3 /home/yizhou7/mariposa/scripts/z3-bisect.py /home/yizhou7/mariposa/data/bisect_tasks/d_fvbkv_z3_clean--ByteBlockCacheSystem-Marshalling.i.dfy.CheckWellformed__Marshalling.__default.valToBuckets.txt
building z3
done building z3 3.2
running mariposa
res: 0 
 out: [[[  2   2   2   2   2   2   2   2   2   2   2   2   2   2   2   2   2
     2   2   2   2   2   2   2   2   2   2   2   2   2   2   2   2   2
     2   2   2   2   2   2   2   2   2   2   2   2   2   2   2   2   2
     2   2   2   2   2   2   2   2   2   2]
  [612 797 782 802 796 783 812 771 762 841 789 782 843 802 771 786 834
   832 782 775 839 802 782 780 812 799 779 822 768 782 820 781 811 869
   782 758 844 835 791 787 776 808 828 791 828 794 810 845 847 799 823
   828 815 781 787 823 758 738 754 742 751]]

 [[  2   2   2   2   2   2   2   2   2   2   2   2   2   2   2   2   2
     2   2   2   2   2   2   2   2   2   2   2   2   2   2   2   2   2
     2   2   2   2   2   2   2   2   2   2   2   2   2   2   2   2   2
     2   2   2   2   2   2   2   2   2   2]
  [612 834 809 844 837 843 869 841 793 852 840 810 794 851 798 814 827
   840 832 848 794 800 836 856 835 834 817 815 819 793 804 839 783 854
   806 796 798 845 843 798 808 838 822 797 852 810 821 831 811 806 788
   850 833 846 832 800 810 831 810 791 806]]

 [[  2   2   2   2   2   2   2   2   2   2   2   2   2   2   2   2   2
     2   2   2   2   2   2   2   2   2   2   2   2   2   2   2   2   2
     2   2   2   2   2   2   2   2   2   2   2   2   2   2   2   2   2
     2   2   2   2   2   2   2   2   2   2]
  [612 929 913 931 939 978 948 947 960 939 968 916 911 941 953 892 977
   910 894 970 982 964 908 884 901 919 942 940 909 901 880 948 925 927
   944 931 903 909 896 923 936 932 961 891 869 881 947 922 961 904 924
   912 872 903 933 928 932 859 871 902 871]]]
stable
 
 err: 
done running mariposa 38.5
5177cc4a9a58df192c6a844ca13abf7e7cd3be15 is the first bad commit
commit 5177cc4a9a58df192c6a844ca13abf7e7cd3be15
Author: Nikolaj Bjorner <nbjorner@microsoft.com>
Date:   Fri Jun 21 09:08:20 2019 +0200

    change lt
    
    Signed-off-by: Nikolaj Bjorner <nbjorner@microsoft.com>

:040000 040000 bba0b3898c697bc6efeb66752253b42641d4a606 dc4029a365361041d58c5e9f581973ad21a69ecd M	src
bisect run success
git bisect start
# good: [e79542cc689d52ec4cb34ce4ae3fbe56e7a0bf70] fix #2309
git bisect good e79542cc689d52ec4cb34ce4ae3fbe56e7a0bf70
# bad: [ad55a1f1c617a7f0c3dd735c0780fc758424c7f1] Update release.yml for Azure Pipelines
git bisect bad ad55a1f1c617a7f0c3dd735c0780fc758424c7f1
# skip: [e2702f3ae88f5c48a55f4473bb5c29184c182634] fixes in assigning constraints to intervals
git bisect skip e2702f3ae88f5c48a55f4473bb5c29184c182634
# skip: [1915812f84cf41a5f232eedf2a695a54d055aa88] add a test for intervals
git bisect skip 1915812f84cf41a5f232eedf2a695a54d055aa88
# bad: [8faf35e2e0c8fce99794e71bd3b5de74b95ceb5a] fix #3735
git bisect bad 8faf35e2e0c8fce99794e71bd3b5de74b95ceb5a
# skip: [d1a5635b4ad7f8632356b380f3a9b1fc83fdb04f] better model based lemmaas
git bisect skip d1a5635b4ad7f8632356b380f3a9b1fc83fdb04f
# skip: [0a86bd14f792ef5fadb8eeb346729a612f7e1588] start on test nla
git bisect skip 0a86bd14f792ef5fadb8eeb346729a612f7e1588
# bad: [f7747d9e76bd685a02ce5c5fbda91fc356856b5e] fix parameter collection for tactic-based solvers reported in #3065
git bisect bad f7747d9e76bd685a02ce5c5fbda91fc356856b5e
# skip: [0644194fc96a853df44c37f9e4522796aa40add8] work on lemma from product to factors, and some renaming
git bisect skip 0644194fc96a853df44c37f9e4522796aa40add8
# bad: [0321312c8db1d3f0edbd23e6e48884fbb7d77d1d] Changed to get_const_interp to match Java and C# bindings
git bisect bad 0321312c8db1d3f0edbd23e6e48884fbb7d77d1d
# bad: [6e637348826f0725ba8a01c455448023ca2889e4] Merge pull request #2368 from waywardmonkeys/fix-typo
git bisect bad 6e637348826f0725ba8a01c455448023ca2889e4
# good: [9b4f327e29de8eadd112e53af5a8fb9f430fabf7] set upload mode to replace
git bisect good 9b4f327e29de8eadd112e53af5a8fb9f430fabf7
# good: [42ac3a536369a7d4a7eafa1fa15b571b146ba594] merge with csp
git bisect good 42ac3a536369a7d4a7eafa1fa15b571b146ba594
# bad: [b4290d4b3d7c021965e9ce7ee636caac0f9cac74] python regression
git bisect bad b4290d4b3d7c021965e9ce7ee636caac0f9cac74
# good: [0f7ff2a3d016ce6cc0dcc2654a6aa0187bc55192] swap
git bisect good 0f7ff2a3d016ce6cc0dcc2654a6aa0187bc55192
# bad: [89e8a1392c992a6c37b8c5320b9e4b9b506bd4a1] na
git bisect bad 89e8a1392c992a6c37b8c5320b9e4b9b506bd4a1
# good: [1827f98851e1866187abe743afd2d80bc786412f] more fixes for mutexes in shell
git bisect good 1827f98851e1866187abe743afd2d80bc786412f
# bad: [5177cc4a9a58df192c6a844ca13abf7e7cd3be15] change lt
git bisect bad 5177cc4a9a58df192c6a844ca13abf7e7cd3be15
# good: [7c9d2e0d75757ed6aa535f72c7dec70d5a527fed] pydoc test
git bisect good 7c9d2e0d75757ed6aa535f72c7dec70d5a527fed
# first bad commit: [5177cc4a9a58df192c6a844ca13abf7e7cd3be15] change lt
