running python3 /home/yizhou7/mariposa/scripts/z3-bisect.py /home/yizhou7/mariposa/data/bisect_tasks/d_fvbkv_z3_clean--lib-Math-mul.i.dfy.Impl__Math____mul__i.__default.lemma__mul__nonnegative__forall.txt
building z3
Bisecting: 1453 revisions left to test after this (roughly 11 steps)
[1915812f84cf41a5f232eedf2a695a54d055aa88] add a test for intervals
running python3 /home/yizhou7/mariposa/scripts/z3-bisect.py /home/yizhou7/mariposa/data/bisect_tasks/d_fvbkv_z3_clean--lib-Math-mul.i.dfy.Impl__Math____mul__i.__default.lemma__mul__nonnegative__forall.txt
building z3
Bisecting: 1453 revisions left to test after this (roughly 11 steps)
[8faf35e2e0c8fce99794e71bd3b5de74b95ceb5a] fix #3735
running python3 /home/yizhou7/mariposa/scripts/z3-bisect.py /home/yizhou7/mariposa/data/bisect_tasks/d_fvbkv_z3_clean--lib-Math-mul.i.dfy.Impl__Math____mul__i.__default.lemma__mul__nonnegative__forall.txt
building z3
done building z3 3.4
running mariposa
res: 1 
 out: [[[    3     3     3     3     3     3     3     3     3     3     3
       3     3     3     3     3     3     3     3     3     3     3
       3     3     3     3     3     3     3     3     3     3     3
       3     3     3     3     3     3     3     3     3     3     3
       3     3     3     3     3     3     3     3     3     3     3
       3     3     3     3     3     3]
  [60015 60017 60017 60017 60020 60020 60016 60015 60021 60023 60018
   60020 60019 60018 60015 60017 60017 60020 60017 60016 60014 60017
   60018 60018 60018 60020 60019 60018 60015 60019 60022 60017 60019
   60019 60019 60017 60016 60017 60021 60016 60017 60015 60016 60020
   60020 60017 60016 60021 60016 60017 60015 60018 60018 60018 60021
   60016 60017 60018 60021 60021 60019]]

 [[    3     2     2     2     2     2     2     2     2     2     2
       2     2     2     2     3     2     3     2     2     2     2
       2     2     2     3     2     3     3     2     2     3     2
       2     2     2     2     2     2     2     3     3     3     2
       2     2     2     3     2     2     3     2     3     3     2
       3     3     3     3     3     3]
  [60015    54    55    55    56    59    61    56    55    53    51
      62    56    58    70 60016    57 60015    54    73    69    55
      69    55    55 60014    56 60018 60018    56    59 60016    53
      55    51    56    76    87    62    87 60019 60015 60016    56
      54    55    79 60016    55    55 60015    56 60015 60016    58
   60016 60017 60019 60015 60016 60016]]

 [[    3     2     2     2     2     2     2     3     3     3     3
       3     3     2     2     2     2     2     2     3     2     2
       2     2     2     2     3     3     2     2     3     3     2
       2     2     2     2     3     2     2     2     2     3     2
       3     2     2     2     2     2     3     2     2     3     3
       3     2     3     3     3     3]
  [60015    52    53    53    84    52    56 60015 60015 60019 60020
   60017 60018    85    54    55    57    57    57 60021    55    55
      55    87    81    63 60023 60020    61    62 60018 60017    59
      59    60    61    80 60019    59    73    73    57 60025    92
   60016    55    78    63    65    69 60023    64    64 60019 60020
   60021    61 60019 60018 60019 60020]]]
unstable
 
 err: 
done running mariposa 963.0
Bisecting: 1254 revisions left to test after this (roughly 10 steps)
[d1a5635b4ad7f8632356b380f3a9b1fc83fdb04f] better model based lemmaas
running python3 /home/yizhou7/mariposa/scripts/z3-bisect.py /home/yizhou7/mariposa/data/bisect_tasks/d_fvbkv_z3_clean--lib-Math-mul.i.dfy.Impl__Math____mul__i.__default.lemma__mul__nonnegative__forall.txt
building z3
Bisecting: 1254 revisions left to test after this (roughly 10 steps)
[0a86bd14f792ef5fadb8eeb346729a612f7e1588] start on test nla
running python3 /home/yizhou7/mariposa/scripts/z3-bisect.py /home/yizhou7/mariposa/data/bisect_tasks/d_fvbkv_z3_clean--lib-Math-mul.i.dfy.Impl__Math____mul__i.__default.lemma__mul__nonnegative__forall.txt
building z3
Bisecting: 1254 revisions left to test after this (roughly 10 steps)
[f7747d9e76bd685a02ce5c5fbda91fc356856b5e] fix parameter collection for tactic-based solvers reported in #3065
running python3 /home/yizhou7/mariposa/scripts/z3-bisect.py /home/yizhou7/mariposa/data/bisect_tasks/d_fvbkv_z3_clean--lib-Math-mul.i.dfy.Impl__Math____mul__i.__default.lemma__mul__nonnegative__forall.txt
building z3
done building z3 3.5
running mariposa
res: 1 
 out: [[[    3     3     3     3     3     3     3     3     3     3     3
       3     3     3     3     3     3     3     3     3     3     3
       3     3     3     3     3     3     3     3     3     3     3
       3     3     3     3     3     3     3     3     3     3     3
       3     3     3     3     3     3     3     3     3     3     3
       3     3     3     3     3     3]
  [60015 60017 60017 60018 60021 60017 60022 60018 60019 60021 60018
   60020 60019 60021 60016 60017 60017 60017 60017 60015 60016 60016
   60016 60017 60021 60019 60015 60019 60016 60016 60020 60017 60019
   60019 60019 60018 60016 60018 60020 60017 60017 60015 60017 60019
   60021 60016 60016 60016 60016 60017 60016 60017 60018 60017 60019
   60016 60016 60018 60021 60021 60020]]

 [[    3     2     2     2     2     2     2     2     2     2     2
       2     2     2     2     3     2     2     3     2     2     2
       2     2     2     3     3     2     2     2     3     3     2
       2     2     2     2     2     2     2     3     3     3     2
       2     2     2     3     2     2     3     2     3     3     2
       3     3     3     3     3     3]
  [60015    58    56    57    58    58    57    55    75    66    53
      53    54    82    64 60016    56    55 60018    74    53    53
      55    55    54 60014 60014    54    54    56 60019 60019    54
      72    55    84    70    78    63    81 60017 60015 60015    55
      56    55    57 60018    55    56 60015    56 60017 60017    79
   60020 60016 60015 60016 60014 60019]]

 [[    3     2     2     2     2     2     2     3     3     3     3
       2     3     3     2     2     2     2     3     2     2     2
       2     2     2     2     3     3     3     2     2     3     2
       2     2     2     2     3     2     2     2     2     3     3
       2     2     2     2     2     2     3     2     2     3     3
       3     2     3     3     3     3]
  [60015    51    54    84    84    54    59 60015 60020 60016 60019
      59 60017 60017    54    69    65    56 60018    58    55    56
      78    56    57    64 60024 60020 60016    62    61 60019    60
      69    62    62    62 60015    58    58    60    59 60026 60016
      83    57    58    60    60    67 60021    64    63 60020 60018
   60019    59 60018 60018 60017 60020]]]
unstable
 
 err: 
done running mariposa 963.0
Bisecting: 1034 revisions left to test after this (roughly 10 steps)
[0644194fc96a853df44c37f9e4522796aa40add8] work on lemma from product to factors, and some renaming
running python3 /home/yizhou7/mariposa/scripts/z3-bisect.py /home/yizhou7/mariposa/data/bisect_tasks/d_fvbkv_z3_clean--lib-Math-mul.i.dfy.Impl__Math____mul__i.__default.lemma__mul__nonnegative__forall.txt
building z3
Bisecting: 1034 revisions left to test after this (roughly 10 steps)
[0321312c8db1d3f0edbd23e6e48884fbb7d77d1d] Changed to get_const_interp to match Java and C# bindings
running python3 /home/yizhou7/mariposa/scripts/z3-bisect.py /home/yizhou7/mariposa/data/bisect_tasks/d_fvbkv_z3_clean--lib-Math-mul.i.dfy.Impl__Math____mul__i.__default.lemma__mul__nonnegative__forall.txt
building z3
done building z3 3.4
running mariposa
res: 0 
 out: [[[ 2  2  2  2  2  2  2  2  2  2  2  2  2  2  2  2  2  2  2  2  2  2  2
    2  2  2  2  2  2  2  2  2  2  2  2  2  2  2  2  2  2  2  2  2  2  2
    2  2  2  2  2  2  2  2  2  2  2  2  2  2  2]
  [41 48 63 57 47 49 57 63 57 56 65 54 57 49 52 58 47 68 47 47 50 53 55
   68 58 52 52 65 47 47 67 51 46 49 47 68 47 69 47 45 46 52 48 47 46 49
   72 66 47 72 71 63 47 76 46 65 46 45 58 46 45]]

 [[ 2  2  2  2  2  2  2  2  2  2  2  2  2  2  2  2  2  2  2  2  2  2  2
    2  2  2  2  2  2  2  2  2  2  2  2  2  2  2  2  2  2  2  2  2  2  2
    2  2  2  2  2  2  2  2  2  2  2  2  2  2  2]
  [41 48 55 50 48 47 71 65 52 48 47 46 56 48 49 59 49 59 48 48 47 69 50
   51 47 57 47 54 56 54 48 49 65 54 49 65 47 48 65 47 46 65 49 49 47 48
   51 47 49 49 47 50 53 48 48 51 64 74 67 47 69]]

 [[ 2  2  2  2  2  2  2  2  2  2  2  2  2  2  2  2  2  2  2  2  2  2  2
    2  2  2  2  2  2  2  2  2  2  2  2  2  2  2  2  2  2  2  2  2  2  2
    2  2  2  2  2  2  2  2  2  2  2  2  2  2  2]
  [41 49 49 49 48 57 78 78 48 66 54 65 50 58 57 62 49 49 51 73 72 67 68
   50 52 51 52 52 53 51 56 50 59 53 70 50 51 58 52 57 50 68 60 53 54 50
   74 72 50 78 49 73 71 60 66 71 75 55 67 52 49]]]
stable
 
 err: 
done running mariposa 3.5
Bisecting: 771 revisions left to test after this (roughly 10 steps)
[c9e989ae853667faaa04c98e128e48130e05b07f] fix build of lp_tst
running python3 /home/yizhou7/mariposa/scripts/z3-bisect.py /home/yizhou7/mariposa/data/bisect_tasks/d_fvbkv_z3_clean--lib-Math-mul.i.dfy.Impl__Math____mul__i.__default.lemma__mul__nonnegative__forall.txt
building z3
Bisecting: 771 revisions left to test after this (roughly 10 steps)
[73662ad60d26755b7cd4c65c88766298125ee6a5] fix #3016
running python3 /home/yizhou7/mariposa/scripts/z3-bisect.py /home/yizhou7/mariposa/data/bisect_tasks/d_fvbkv_z3_clean--lib-Math-mul.i.dfy.Impl__Math____mul__i.__default.lemma__mul__nonnegative__forall.txt
building z3
done building z3 3.5
running mariposa
res: 1 
 out: [[[    3     3     3     3     3     3     3     3     3     3     3
       3     3     3     3     3     3     3     3     3     3     3
       3     3     3     3     3     3     3     3     3     3     3
       3     3     3     3     3     3     3     3     3     3     3
       3     3     3     3     3     3     3     3     3     3     3
       3     3     3     3     3     3]
  [60016 60018 60017 60016 60020 60019 60016 60016 60022 60022 60017
   60020 60019 60017 60017 60019 60018 60018 60016 60016 60018 60016
   60018 60018 60020 60020 60016 60018 60016 60018 60020 60017 60018
   60018 60019 60017 60016 60018 60021 60016 60018 60015 60017 60020
   60020 60018 60016 60016 60020 60017 60016 60017 60018 60018 60019
   60016 60015 60018 60022 60021 60018]]

 [[    3     2     2     2     2     2     2     2     2     2     2
       2     2     2     2     3     2     3     2     2     2     2
       2     2     2     3     3     2     2     2     3     3     2
       2     2     2     2     2     2     2     3     3     3     2
       2     2     2     3     2     2     3     2     3     3     2
       3     3     3     3     3     3]
  [60016    72    54    63    57    60    58    57    55    72    52
      52    53    68    64 60015    55 60014    53    54    81    80
      80    53    53 60015 60014    55    56    55 60015 60016    56
      59    53    80    55    56    60    63 60016 60019 60015    56
      55    56    55 60015    55    56 60015    58 60015 60019    60
   60016 60020 60018 60015 60018 60015]]

 [[    3     2     2     2     2     2     2     3     3     3     3
       3     2     3     2     2     2     2     3     2     2     2
       2     2     2     2     3     3     2     3     2     3     2
       2     2     2     2     3     2     2     2     2     3     2
       3     2     2     2     2     2     3     2     2     3     3
       3     3     2     3     3     3]
  [60016    51    52    60    83    56    59 60015 60015 60019 60020
   60017    59 60025    56    70    55    56 60018    69    57    57
      55    58    63    66 60023 60021    61 60018    72 60015    67
      61    60    74    60 60015    58    60    59    58 60019    65
   60015    54    58    65    63    69 60020    62    62 60021 60024
   60020 60018    58 60018 60018 60020]]]
unstable
 
 err: 
done running mariposa 963.0
Bisecting: 685 revisions left to test after this (roughly 10 steps)
[403743cb30a07a99ef035f647993229b2960d9d6] switch to constraint based sign lemma
running python3 /home/yizhou7/mariposa/scripts/z3-bisect.py /home/yizhou7/mariposa/data/bisect_tasks/d_fvbkv_z3_clean--lib-Math-mul.i.dfy.Impl__Math____mul__i.__default.lemma__mul__nonnegative__forall.txt
building z3
Bisecting: 685 revisions left to test after this (roughly 10 steps)
[130995a3db793cefb402d85431fa66b0fa8165ab] print terms as monomials
running python3 /home/yizhou7/mariposa/scripts/z3-bisect.py /home/yizhou7/mariposa/data/bisect_tasks/d_fvbkv_z3_clean--lib-Math-mul.i.dfy.Impl__Math____mul__i.__default.lemma__mul__nonnegative__forall.txt
building z3
Bisecting: 685 revisions left to test after this (roughly 10 steps)
[bfc30440ac040d58fa05d76612fd766f512c0c5a] update nightly
running python3 /home/yizhou7/mariposa/scripts/z3-bisect.py /home/yizhou7/mariposa/data/bisect_tasks/d_fvbkv_z3_clean--lib-Math-mul.i.dfy.Impl__Math____mul__i.__default.lemma__mul__nonnegative__forall.txt
building z3
done building z3 3.4
running mariposa
res: 0 
 out: [[[ 2  2  2  2  2  2  2  2  2  2  2  2  2  2  2  2  2  2  2  2  2  2  2
    2  2  2  2  2  2  2  2  2  2  2  2  2  2  2  2  2  2  2  2  2  2  2
    2  2  2  2  2  2  2  2  2  2  2  2  2  2  2]
  [41 54 54 46 45 67 70 46 70 72 50 73 72 47 55 52 51 56 56 66 59 47 49
   58 46 49 66 47 63 48 45 48 47 71 54 46 46 73 63 48 65 45 47 52 48 47
   61 70 51 46 46 73 56 47 46 74 72 46 45 65 64]]

 [[ 2  2  2  2  2  2  2  2  2  2  2  2  2  2  2  2  2  2  2  2  2  2  2
    2  2  2  2  2  2  2  2  2  2  2  2  2  2  2  2  2  2  2  2  2  2  2
    2  2  2  2  2  2  2  2  2  2  2  2  2  2  2]
  [41 48 51 48 51 50 49 75 49 58 49 50 47 46 60 49 48 50 48 50 68 68 59
   55 49 60 60 60 50 47 56 50 56 47 68 75 48 55 58 51 72 53 59 49 48 63
   49 48 59 57 68 55 59 76 48 48 47 73 47 63 52]]

 [[ 2  2  2  2  2  2  2  2  2  2  2  2  2  2  2  2  2  2  2  2  2  2  2
    2  2  2  2  2  2  2  2  2  2  2  2  2  2  2  2  2  2  2  2  2  2  2
    2  2  2  2  2  2  2  2  2  2  2  2  2  2  2]
  [41 49 50 51 49 49 53 53 66 66 47 75 78 68 75 52 50 49 54 47 55 52 53
   61 73 50 50 70 70 67 72 69 54 69 68 57 52 58 49 49 50 61 76 52 48 58
   57 74 70 50 49 49 63 53 63 51 47 50 51 67 67]]]
stable
 
 err: 
done running mariposa 3.5
Bisecting: 644 revisions left to test after this (roughly 9 steps)
[754656212d592947af3994df09d668aeca2000b7] allow more sign lemmas
running python3 /home/yizhou7/mariposa/scripts/z3-bisect.py /home/yizhou7/mariposa/data/bisect_tasks/d_fvbkv_z3_clean--lib-Math-mul.i.dfy.Impl__Math____mul__i.__default.lemma__mul__nonnegative__forall.txt
building z3
Bisecting: 644 revisions left to test after this (roughly 9 steps)
[4a94abe7d7f3996cbdfac69e08836b3233f8efce] Update nightly.yaml
running python3 /home/yizhou7/mariposa/scripts/z3-bisect.py /home/yizhou7/mariposa/data/bisect_tasks/d_fvbkv_z3_clean--lib-Math-mul.i.dfy.Impl__Math____mul__i.__default.lemma__mul__nonnegative__forall.txt
building z3
done building z3 3.4
running mariposa
res: 0 
 out: [[[ 2  2  2  2  2  2  2  2  2  2  2  2  2  2  2  2  2  2  2  2  2  2  2
    2  2  2  2  2  2  2  2  2  2  2  2  2  2  2  2  2  2  2  2  2  2  2
    2  2  2  2  2  2  2  2  2  2  2  2  2  2  2]
  [40 45 45 49 50 48 62 48 51 46 58 56 49 58 61 47 70 45 59 61 51 54 59
   50 46 47 59 49 53 49 49 55 48 65 62 48 50 61 68 52 69 46 70 50 46 54
   49 71 48 46 45 47 56 68 47 46 45 44 45 69 48]]

 [[ 2  2  2  2  2  2  2  2  2  2  2  2  2  2  2  2  2  2  2  2  2  2  2
    2  2  2  2  2  2  2  2  2  2  2  2  2  2  2  2  2  2  2  2  2  2  2
    2  2  2  2  2  2  2  2  2  2  2  2  2  2  2]
  [40 64 52 52 70 48 48 71 49 49 49 50 47 72 74 65 72 57 48 48 72 47 67
   66 58 51 75 50 49 66 48 53 52 76 52 49 47 73 71 56 47 49 62 49 48 48
   64 50 48 49 71 47 48 49 60 46 49 61 48 48 69]]

 [[ 2  2  2  2  2  2  2  2  2  2  2  2  2  2  2  2  2  2  2  2  2  2  2
    2  2  2  2  2  2  2  2  2  2  2  2  2  2  2  2  2  2  2  2  2  2  2
    2  2  2  2  2  2  2  2  2  2  2  2  2  2  2]
  [40 48 49 48 50 59 75 75 49 69 49 71 49 68 70 69 49 64 51 51 51 49 50
   49 75 61 69 64 50 76 49 50 50 65 52 62 59 62 58 65 72 72 50 68 51 56
   49 51 75 50 47 55 68 61 50 65 54 49 74 74 75]]]
stable
 
 err: 
done running mariposa 3.5
Bisecting: 530 revisions left to test after this (roughly 9 steps)
[40cc8c31e5a623136156065c4fe98a1bb43cd514] generate simple_sign_lemma
running python3 /home/yizhou7/mariposa/scripts/z3-bisect.py /home/yizhou7/mariposa/data/bisect_tasks/d_fvbkv_z3_clean--lib-Math-mul.i.dfy.Impl__Math____mul__i.__default.lemma__mul__nonnegative__forall.txt
building z3
Bisecting: 530 revisions left to test after this (roughly 9 steps)
[2b5e8e965257d234562b9cf32bee580b96588370] change in a comment
running python3 /home/yizhou7/mariposa/scripts/z3-bisect.py /home/yizhou7/mariposa/data/bisect_tasks/d_fvbkv_z3_clean--lib-Math-mul.i.dfy.Impl__Math____mul__i.__default.lemma__mul__nonnegative__forall.txt
building z3
Bisecting: 530 revisions left to test after this (roughly 9 steps)
[882dd06df93514ae17066688e63104f453f33588] small changes
running python3 /home/yizhou7/mariposa/scripts/z3-bisect.py /home/yizhou7/mariposa/data/bisect_tasks/d_fvbkv_z3_clean--lib-Math-mul.i.dfy.Impl__Math____mul__i.__default.lemma__mul__nonnegative__forall.txt
building z3
Bisecting: 530 revisions left to test after this (roughly 9 steps)
[33cbd29ed0e0ef9224a79b035617404a1b604b5c] mv util/lp to math/lp
running python3 /home/yizhou7/mariposa/scripts/z3-bisect.py /home/yizhou7/mariposa/data/bisect_tasks/d_fvbkv_z3_clean--lib-Math-mul.i.dfy.Impl__Math____mul__i.__default.lemma__mul__nonnegative__forall.txt
building z3
Bisecting: 530 revisions left to test after this (roughly 9 steps)
[b43a0e184ce158b4457b2bb989deb686813a53ac] introduce rooted monomial table
running python3 /home/yizhou7/mariposa/scripts/z3-bisect.py /home/yizhou7/mariposa/data/bisect_tasks/d_fvbkv_z3_clean--lib-Math-mul.i.dfy.Impl__Math____mul__i.__default.lemma__mul__nonnegative__forall.txt
building z3
Bisecting: 530 revisions left to test after this (roughly 9 steps)
[d3bd55d0cfb2cfccf55a57d9c0c4532406a0874c] remove m_mons_to_rehash, fix a bug in emonomials::after_merge_eh(), generate order and tangent lemmas on any monomial
running python3 /home/yizhou7/mariposa/scripts/z3-bisect.py /home/yizhou7/mariposa/data/bisect_tasks/d_fvbkv_z3_clean--lib-Math-mul.i.dfy.Impl__Math____mul__i.__default.lemma__mul__nonnegative__forall.txt
building z3
Bisecting: 530 revisions left to test after this (roughly 9 steps)
[5e40d64a8272c1d0ef0945751fb76966f5dd36a1] port Grobner
running python3 /home/yizhou7/mariposa/scripts/z3-bisect.py /home/yizhou7/mariposa/data/bisect_tasks/d_fvbkv_z3_clean--lib-Math-mul.i.dfy.Impl__Math____mul__i.__default.lemma__mul__nonnegative__forall.txt
building z3
Bisecting: 530 revisions left to test after this (roughly 9 steps)
[0146259ea402a8bf3996f1ca0d2d37ed69fddd35] z3str3: fix control flow and return paths in regex model construction
running python3 /home/yizhou7/mariposa/scripts/z3-bisect.py /home/yizhou7/mariposa/data/bisect_tasks/d_fvbkv_z3_clean--lib-Math-mul.i.dfy.Impl__Math____mul__i.__default.lemma__mul__nonnegative__forall.txt
building z3
done building z3 3.4
running mariposa
res: 1 
 out: [[[    3     3     3     3     3     3     3     3     3     3     3
       3     3     3     3     3     3     3     3     3     3     3
       3     3     3     3     3     3     3     3     3     3     3
       3     3     3     3     3     3     3     3     3     3     3
       3     3     3     3     3     3     3     3     3     3     3
       3     3     3     3     3     3]
  [60015 60017 60018 60016 60020 60019 60017 60015 60021 60021 60018
   60020 60021 60016 60017 60018 60017 60018 60016 60016 60014 60016
   60017 60017 60016 60021 60019 60015 60016 60018 60020 60017 60017
   60020 60018 60018 60017 60019 60021 60016 60017 60015 60015 60022
   60021 60017 60016 60016 60015 60016 60019 60019 60018 60016 60019
   60015 60014 60015 60020 60021 60019]]

 [[    3     2     2     2     2     2     2     2     2     2     2
       2     2     2     2     3     2     3     2     2     2     2
       2     2     2     3     2     3     3     2     2     3     2
       2     2     2     2     2     2     2     3     3     3     2
       2     2     2     2     3     2     3     2     3     3     2
       3     3     3     3     3     3]
  [60015    56    55    56    57    55    55    55    55    53    53
      62    73    86    61 60017    54 60015    54    54    54    55
      55    54    74 60014    56 60017 60017    54    55 60015    53
      52    54    67    57    60    84    65 60017 60015 60019    57
      54    56    56    55 60016    56 60017    59 60017 60020    61
   60018 60020 60015 60015 60020 60017]]

 [[    3     2     2     2     2     2     2     3     3     3     2
       3     3     3     2     2     2     2     2     3     2     2
       2     2     2     2     3     3     2     3     2     3     2
       2     2     2     2     2     3     2     2     2     3     2
       3     2     2     2     2     2     3     2     2     3     3
       3     2     3     3     3     3]
  [60015    52    52    80    62    68    58 60016 60016 60025    59
   60018 60025 60022    60    55    57    64    57 60017    55    53
      60    85    58    64 60024 60020    62 60019    61 60014    59
      70    59    61    61    60 60015    60    59    60 60020    59
   60017    56    58    59    63    65 60021    62    64 60022 60019
   60022    59 60018 60015 60015 60021]]]
unstable
 
 err: 
done running mariposa 963.0
Bisecting: 523 revisions left to test after this (roughly 9 steps)
[50d3e67e6187cbffd2e4c1df3206633ad0bb5c61] adding commments
running python3 /home/yizhou7/mariposa/scripts/z3-bisect.py /home/yizhou7/mariposa/data/bisect_tasks/d_fvbkv_z3_clean--lib-Math-mul.i.dfy.Impl__Math____mul__i.__default.lemma__mul__nonnegative__forall.txt
building z3
Bisecting: 523 revisions left to test after this (roughly 9 steps)
[3f9229a6989a405264f8ce4b623a8fefe3843e4f] stop keying monomials by abs values
running python3 /home/yizhou7/mariposa/scripts/z3-bisect.py /home/yizhou7/mariposa/data/bisect_tasks/d_fvbkv_z3_clean--lib-Math-mul.i.dfy.Impl__Math____mul__i.__default.lemma__mul__nonnegative__forall.txt
building z3
Bisecting: 523 revisions left to test after this (roughly 9 steps)
[ee62f83131c3ead740729aac99ea48de797fdb06] fix #2892
running python3 /home/yizhou7/mariposa/scripts/z3-bisect.py /home/yizhou7/mariposa/data/bisect_tasks/d_fvbkv_z3_clean--lib-Math-mul.i.dfy.Impl__Math____mul__i.__default.lemma__mul__nonnegative__forall.txt
building z3
done building z3 3.4
running mariposa
res: 0 
 out: [[[ 2  2  2  2  2  2  2  2  2  2  2  2  2  2  2  2  2  2  2  2  2  2  2
    2  2  2  2  2  2  2  2  2  2  2  2  2  2  2  2  2  2  2  2  2  2  2
    2  2  2  2  2  2  2  2  2  2  2  2  2  2  2]
  [40 45 50 48 53 44 44 52 69 66 46 50 46 49 58 46 45 45 48 44 50 45 54
   49 45 69 56 47 65 52 57 63 58 47 45 46 63 69 60 46 45 54 44 68 55 46
   64 55 69 45 64 53 54 46 51 51 44 45 67 58 43]]

 [[ 2  2  2  2  2  2  2  2  2  2  2  2  2  2  2  2  2  2  2  2  2  2  2
    2  2  2  2  2  2  2  2  2  2  2  2  2  2  2  2  2  2  2  2  2  2  2
    2  2  2  2  2  2  2  2  2  2  2  2  2  2  2]
  [40 47 46 70 47 54 51 53 48 46 66 61 58 47 62 60 60 45 48 52 47 48 46
   64 46 47 62 72 49 48 72 71 47 71 58 46 48 46 45 44 71 62 47 48 46 46
   46 64 71 67 67 51 66 65 75 72 47 47 45 61 45]]

 [[ 2  2  2  2  2  2  2  2  2  2  2  2  2  2  2  2  2  2  2  2  2  2  2
    2  2  2  2  2  2  2  2  2  2  2  2  2  2  2  2  2  2  2  2  2  2  2
    2  2  2  2  2  2  2  2  2  2  2  2  2  2  2]
  [40 64 48 48 47 47 47 64 46 47 45 54 66 73 49 47 49 57 48 72 51 67 54
   61 50 75 47 71 70 49 48 68 49 53 56 53 52 49 49 49 68 72 69 49 66 66
   55 47 47 52 67 70 60 72 64 64 71 71 57 73 48]]]
stable
 
 err: 
done running mariposa 3.5
Bisecting: 447 revisions left to test after this (roughly 9 steps)
[5cc3812aa93346ae6fd8fdc263a476b60c680492] fixes in nla_expr comparison and in cross_nested related to common factors
running python3 /home/yizhou7/mariposa/scripts/z3-bisect.py /home/yizhou7/mariposa/data/bisect_tasks/d_fvbkv_z3_clean--lib-Math-mul.i.dfy.Impl__Math____mul__i.__default.lemma__mul__nonnegative__forall.txt
building z3
Bisecting: 447 revisions left to test after this (roughly 9 steps)
[f84a06b4c5d3028050ef1e7a2fa792453e463a4c] starting the horner heuristic
running python3 /home/yizhou7/mariposa/scripts/z3-bisect.py /home/yizhou7/mariposa/data/bisect_tasks/d_fvbkv_z3_clean--lib-Math-mul.i.dfy.Impl__Math____mul__i.__default.lemma__mul__nonnegative__forall.txt
building z3
Bisecting: 447 revisions left to test after this (roughly 9 steps)
[b5364b787cb76d002b129489caa73f8fb782a428] set level2var for m_pdd_manager of pdd_grobner
running python3 /home/yizhou7/mariposa/scripts/z3-bisect.py /home/yizhou7/mariposa/data/bisect_tasks/d_fvbkv_z3_clean--lib-Math-mul.i.dfy.Impl__Math____mul__i.__default.lemma__mul__nonnegative__forall.txt
building z3
Bisecting: 447 revisions left to test after this (roughly 9 steps)
[8d05894db716eae90408037b9dca2d4836f1afdc] cleanup and some changes in TRACE statements
running python3 /home/yizhou7/mariposa/scripts/z3-bisect.py /home/yizhou7/mariposa/data/bisect_tasks/d_fvbkv_z3_clean--lib-Math-mul.i.dfy.Impl__Math____mul__i.__default.lemma__mul__nonnegative__forall.txt
building z3
Bisecting: 447 revisions left to test after this (roughly 9 steps)
[3441f565b231f3ad0a9db958add658771f95f41d] before changes is basic_sign_lemma
running python3 /home/yizhou7/mariposa/scripts/z3-bisect.py /home/yizhou7/mariposa/data/bisect_tasks/d_fvbkv_z3_clean--lib-Math-mul.i.dfy.Impl__Math____mul__i.__default.lemma__mul__nonnegative__forall.txt
building z3
Bisecting: 447 revisions left to test after this (roughly 9 steps)
[b9483d0aff074924abf074b4828d58a262c097bc] improve tracing
running python3 /home/yizhou7/mariposa/scripts/z3-bisect.py /home/yizhou7/mariposa/data/bisect_tasks/d_fvbkv_z3_clean--lib-Math-mul.i.dfy.Impl__Math____mul__i.__default.lemma__mul__nonnegative__forall.txt
building z3
Bisecting: 447 revisions left to test after this (roughly 9 steps)
[d08f8a251218cc04ca6411247e6d0c89df17b195] fix test_basic_lemma_for_mon_zero_from_monomial_to_factors
running python3 /home/yizhou7/mariposa/scripts/z3-bisect.py /home/yizhou7/mariposa/data/bisect_tasks/d_fvbkv_z3_clean--lib-Math-mul.i.dfy.Impl__Math____mul__i.__default.lemma__mul__nonnegative__forall.txt
building z3
Bisecting: 447 revisions left to test after this (roughly 9 steps)
[bab5c2f0784268036140fea11e99584b912abaa5] add some testing to cross nested expessions
running python3 /home/yizhou7/mariposa/scripts/z3-bisect.py /home/yizhou7/mariposa/data/bisect_tasks/d_fvbkv_z3_clean--lib-Math-mul.i.dfy.Impl__Math____mul__i.__default.lemma__mul__nonnegative__forall.txt
building z3
Bisecting: 447 revisions left to test after this (roughly 9 steps)
[882b8ee63b37e0f26f7c0aeab01433f19f6b6e81] NB's review
running python3 /home/yizhou7/mariposa/scripts/z3-bisect.py /home/yizhou7/mariposa/data/bisect_tasks/d_fvbkv_z3_clean--lib-Math-mul.i.dfy.Impl__Math____mul__i.__default.lemma__mul__nonnegative__forall.txt
building z3
Bisecting: 447 revisions left to test after this (roughly 9 steps)
[24d70abfd8dbf15fc29735511d01a02789945ea3] persist
running python3 /home/yizhou7/mariposa/scripts/z3-bisect.py /home/yizhou7/mariposa/data/bisect_tasks/d_fvbkv_z3_clean--lib-Math-mul.i.dfy.Impl__Math____mul__i.__default.lemma__mul__nonnegative__forall.txt
building z3
Bisecting: 447 revisions left to test after this (roughly 9 steps)
[e6d134b9fa3ead23d052074d390da624b50e924b] a stronger zero lemma when the signs are known
running python3 /home/yizhou7/mariposa/scripts/z3-bisect.py /home/yizhou7/mariposa/data/bisect_tasks/d_fvbkv_z3_clean--lib-Math-mul.i.dfy.Impl__Math____mul__i.__default.lemma__mul__nonnegative__forall.txt
building z3
Bisecting: 447 revisions left to test after this (roughly 9 steps)
[46f8159926c1edc43985a95831c1fabe4a049ba3] memory management in cross_nested is broken
running python3 /home/yizhou7/mariposa/scripts/z3-bisect.py /home/yizhou7/mariposa/data/bisect_tasks/d_fvbkv_z3_clean--lib-Math-mul.i.dfy.Impl__Math____mul__i.__default.lemma__mul__nonnegative__forall.txt
building z3
Bisecting: 447 revisions left to test after this (roughly 9 steps)
[f5c8ead995a1b448d8f57011fd80e221a07a4380] port Grobner
running python3 /home/yizhou7/mariposa/scripts/z3-bisect.py /home/yizhou7/mariposa/data/bisect_tasks/d_fvbkv_z3_clean--lib-Math-mul.i.dfy.Impl__Math____mul__i.__default.lemma__mul__nonnegative__forall.txt
building z3
Bisecting: 447 revisions left to test after this (roughly 9 steps)
[8ed865e447fab4b7aa6d465c3253acb185f124f3] add compare() to nla_expr
running python3 /home/yizhou7/mariposa/scripts/z3-bisect.py /home/yizhou7/mariposa/data/bisect_tasks/d_fvbkv_z3_clean--lib-Math-mul.i.dfy.Impl__Math____mul__i.__default.lemma__mul__nonnegative__forall.txt
building z3
Bisecting: 447 revisions left to test after this (roughly 9 steps)
[8744d987a3dbd9db8f7bf634922b1688a867d46a] port Grobner: address memory issues
running python3 /home/yizhou7/mariposa/scripts/z3-bisect.py /home/yizhou7/mariposa/data/bisect_tasks/d_fvbkv_z3_clean--lib-Math-mul.i.dfy.Impl__Math____mul__i.__default.lemma__mul__nonnegative__forall.txt
building z3
Bisecting: 447 revisions left to test after this (roughly 9 steps)
[13715260626946275632bfdb21e025b9f6470f94] fix build break
running python3 /home/yizhou7/mariposa/scripts/z3-bisect.py /home/yizhou7/mariposa/data/bisect_tasks/d_fvbkv_z3_clean--lib-Math-mul.i.dfy.Impl__Math____mul__i.__default.lemma__mul__nonnegative__forall.txt
building z3
done building z3 3.5
running mariposa
res: 1 
 out: [[[    3     3     3     3     3     3     3     3     3     3     3
       3     3     3     3     3     3     3     3     3     3     3
       3     3     3     3     3     3     3     3     3     3     3
       3     3     3     3     3     3     3     3     3     3     3
       3     3     3     3     3     3     3     3     3     3     3
       3     3     3     3     3     3]
  [60015 60016 60018 60016 60021 60019 60020 60018 60019 60021 60018
   60020 60019 60016 60016 60016 60017 60017 60018 60015 60016 60016
   60016 60019 60020 60019 60016 60018 60016 60016 60021 60017 60018
   60019 60019 60019 60016 60017 60020 60018 60018 60015 60016 60022
   60020 60016 60017 60015 60015 60017 60017 60018 60016 60018 60020
   60015 60017 60018 60021 60023 60020]]

 [[    3     2     2     2     2     2     2     2     2     2     2
       2     2     2     2     3     2     2     3     2     2     2
       2     2     2     3     2     3     3     2     2     3     2
       2     2     2     2     2     2     2     3     3     3     2
       2     2     2     2     3     2     3     2     3     3     2
       3     3     3     3     3     3]
  [60015    56    56    56    65    58    58    56    53    55    87
      57    52    61    62 60017    56    54 60017    71    54    88
      54    56    55 60014    56 60016 60015    53    54 60015    54
      54    56    54    57    85    95    64 60015 60015 60014    55
      55    54    54    55 60024    55 60016    56 60016 60016    64
   60017 60015 60017 60016 60019 60020]]

 [[    3     2     2     2     2     2     2     3     3     3     3
       3     3     2     2     2     2     2     2     3     2     2
       2     2     2     2     3     3     2     3     2     3     2
       2     2     2     2     3     2     2     2     2     2     3
       3     2     2     2     2     2     3     2     2     3     3
       3     2     3     3     3     3]
  [60015    51    52    51    77    64    60 60017 60017 60021 60019
   60018 60017    70    57    55    57    55    71 60017    55    57
      57    60    62    66 60027 60020    60 60017    75 60015    59
      61    59    62    75 60015    58    59    73    56    58 60021
   60017    76    59    61    63    63 60022    63    63 60019 60018
   60017    57 60017 60015 60016 60019]]]
unstable
 
 err: 
done running mariposa 963.0
Bisecting: 441 revisions left to test after this (roughly 9 steps)
[ca5666cabdda8b90581add3dbaad7c170c12c2fc] add diagnostics for registering vars in lar_solver
running python3 /home/yizhou7/mariposa/scripts/z3-bisect.py /home/yizhou7/mariposa/data/bisect_tasks/d_fvbkv_z3_clean--lib-Math-mul.i.dfy.Impl__Math____mul__i.__default.lemma__mul__nonnegative__forall.txt
building z3
Bisecting: 441 revisions left to test after this (roughly 9 steps)
[6cd495979d34ddedf5a970d6d9b6415bd831028f] fix the test build
running python3 /home/yizhou7/mariposa/scripts/z3-bisect.py /home/yizhou7/mariposa/data/bisect_tasks/d_fvbkv_z3_clean--lib-Math-mul.i.dfy.Impl__Math____mul__i.__default.lemma__mul__nonnegative__forall.txt
building z3
Bisecting: 441 revisions left to test after this (roughly 9 steps)
[0e86c567ccce4a1ac0825288c47e7cfe9bf000bb] prepare the mixed case
running python3 /home/yizhou7/mariposa/scripts/z3-bisect.py /home/yizhou7/mariposa/data/bisect_tasks/d_fvbkv_z3_clean--lib-Math-mul.i.dfy.Impl__Math____mul__i.__default.lemma__mul__nonnegative__forall.txt
building z3
Bisecting: 441 revisions left to test after this (roughly 9 steps)
[81a9edae7ec30dc16755505b6a54be382ef04fcd] simplify more aggressively in horner scheme, imlement is_linear
running python3 /home/yizhou7/mariposa/scripts/z3-bisect.py /home/yizhou7/mariposa/data/bisect_tasks/d_fvbkv_z3_clean--lib-Math-mul.i.dfy.Impl__Math____mul__i.__default.lemma__mul__nonnegative__forall.txt
building z3
Bisecting: 441 revisions left to test after this (roughly 9 steps)
[254a40535eddf100b956535ffb375d81b9a38c78] call order_lemma_on_ac_and_bd
running python3 /home/yizhou7/mariposa/scripts/z3-bisect.py /home/yizhou7/mariposa/data/bisect_tasks/d_fvbkv_z3_clean--lib-Math-mul.i.dfy.Impl__Math____mul__i.__default.lemma__mul__nonnegative__forall.txt
building z3
Bisecting: 441 revisions left to test after this (roughly 9 steps)
[9266ab7ed19763f8500033b607d246840b1aebaf] rewrite horner scheme on top of nex_expr as a pointer
running python3 /home/yizhou7/mariposa/scripts/z3-bisect.py /home/yizhou7/mariposa/data/bisect_tasks/d_fvbkv_z3_clean--lib-Math-mul.i.dfy.Impl__Math____mul__i.__default.lemma__mul__nonnegative__forall.txt
building z3
Bisecting: 441 revisions left to test after this (roughly 9 steps)
[70612fb1092f9dc172bc4e405ac9417e36b82145] more tests and fixes in order lemma
running python3 /home/yizhou7/mariposa/scripts/z3-bisect.py /home/yizhou7/mariposa/data/bisect_tasks/d_fvbkv_z3_clean--lib-Math-mul.i.dfy.Impl__Math____mul__i.__default.lemma__mul__nonnegative__forall.txt
building z3
Bisecting: 441 revisions left to test after this (roughly 9 steps)
[e46de3bc3d87d97db90232cf8a257327c45642f3] fixes in horner's heuristic
running python3 /home/yizhou7/mariposa/scripts/z3-bisect.py /home/yizhou7/mariposa/data/bisect_tasks/d_fvbkv_z3_clean--lib-Math-mul.i.dfy.Impl__Math____mul__i.__default.lemma__mul__nonnegative__forall.txt
building z3
Bisecting: 441 revisions left to test after this (roughly 9 steps)
[3192db64a12974c0a623bbc65906a7c525210913] Nikolaj's changes is mk_eq
running python3 /home/yizhou7/mariposa/scripts/z3-bisect.py /home/yizhou7/mariposa/data/bisect_tasks/d_fvbkv_z3_clean--lib-Math-mul.i.dfy.Impl__Math____mul__i.__default.lemma__mul__nonnegative__forall.txt
building z3
Bisecting: 441 revisions left to test after this (roughly 9 steps)
[82115e69acba3ba68fbdd6e952eced76a3e28eaa] filter rows for horner's scheme earlier
running python3 /home/yizhou7/mariposa/scripts/z3-bisect.py /home/yizhou7/mariposa/data/bisect_tasks/d_fvbkv_z3_clean--lib-Math-mul.i.dfy.Impl__Math____mul__i.__default.lemma__mul__nonnegative__forall.txt
building z3
Bisecting: 441 revisions left to test after this (roughly 9 steps)
[4f2eb0b4eb43086555ba16f07e0eb73daa4cf59b] remove an unused field
running python3 /home/yizhou7/mariposa/scripts/z3-bisect.py /home/yizhou7/mariposa/data/bisect_tasks/d_fvbkv_z3_clean--lib-Math-mul.i.dfy.Impl__Math____mul__i.__default.lemma__mul__nonnegative__forall.txt
building z3
Bisecting: 441 revisions left to test after this (roughly 9 steps)
[86a086b698bac936b68ca728665a77ead58b5305] toward horner lemma
running python3 /home/yizhou7/mariposa/scripts/z3-bisect.py /home/yizhou7/mariposa/data/bisect_tasks/d_fvbkv_z3_clean--lib-Math-mul.i.dfy.Impl__Math____mul__i.__default.lemma__mul__nonnegative__forall.txt
building z3
Bisecting: 441 revisions left to test after this (roughly 9 steps)
[0535e24dd1e710480889ed4af37f9fa898a8af37] consolidate parameters, add comment (#102)
running python3 /home/yizhou7/mariposa/scripts/z3-bisect.py /home/yizhou7/mariposa/data/bisect_tasks/d_fvbkv_z3_clean--lib-Math-mul.i.dfy.Impl__Math____mul__i.__default.lemma__mul__nonnegative__forall.txt
building z3
Bisecting: 441 revisions left to test after this (roughly 9 steps)
[2181c982e89109e8fd551a77f9a946972786ecf1] progress with horner's heuristic
running python3 /home/yizhou7/mariposa/scripts/z3-bisect.py /home/yizhou7/mariposa/data/bisect_tasks/d_fvbkv_z3_clean--lib-Math-mul.i.dfy.Impl__Math____mul__i.__default.lemma__mul__nonnegative__forall.txt
building z3
Bisecting: 441 revisions left to test after this (roughly 9 steps)
[d06182d1991d28a06f158b4d11cb55a1c4129cef] split between derived and model based lemma generation
running python3 /home/yizhou7/mariposa/scripts/z3-bisect.py /home/yizhou7/mariposa/data/bisect_tasks/d_fvbkv_z3_clean--lib-Math-mul.i.dfy.Impl__Math____mul__i.__default.lemma__mul__nonnegative__forall.txt
building z3
Bisecting: 441 revisions left to test after this (roughly 9 steps)
[13a93e24460a0e412a641e4f0138ccaca0244533] debug horner
running python3 /home/yizhou7/mariposa/scripts/z3-bisect.py /home/yizhou7/mariposa/data/bisect_tasks/d_fvbkv_z3_clean--lib-Math-mul.i.dfy.Impl__Math____mul__i.__default.lemma__mul__nonnegative__forall.txt
building z3
Bisecting: 441 revisions left to test after this (roughly 9 steps)
[63e62ec1bbf80a067d4623c9f63254b15e41cc63] stronger lemmas to avoid branching
running python3 /home/yizhou7/mariposa/scripts/z3-bisect.py /home/yizhou7/mariposa/data/bisect_tasks/d_fvbkv_z3_clean--lib-Math-mul.i.dfy.Impl__Math____mul__i.__default.lemma__mul__nonnegative__forall.txt
building z3
Bisecting: 441 revisions left to test after this (roughly 9 steps)
[9cba261a9c50d4bb3dce647b8edea76d447a97c1] simplify and order nla_expr
running python3 /home/yizhou7/mariposa/scripts/z3-bisect.py /home/yizhou7/mariposa/data/bisect_tasks/d_fvbkv_z3_clean--lib-Math-mul.i.dfy.Impl__Math____mul__i.__default.lemma__mul__nonnegative__forall.txt
building z3
Bisecting: 441 revisions left to test after this (roughly 9 steps)
[4a87ca8b924ae7f5cc7e52d1addf432b5ec8e276] remove m_lc field from equation
running python3 /home/yizhou7/mariposa/scripts/z3-bisect.py /home/yizhou7/mariposa/data/bisect_tasks/d_fvbkv_z3_clean--lib-Math-mul.i.dfy.Impl__Math____mul__i.__default.lemma__mul__nonnegative__forall.txt
building z3
Bisecting: 441 revisions left to test after this (roughly 9 steps)
[92769469df0d6fe7f59dd4186a4e737d5383ce2b] work on horner - does not compile
running python3 /home/yizhou7/mariposa/scripts/z3-bisect.py /home/yizhou7/mariposa/data/bisect_tasks/d_fvbkv_z3_clean--lib-Math-mul.i.dfy.Impl__Math____mul__i.__default.lemma__mul__nonnegative__forall.txt
building z3
Bisecting: 441 revisions left to test after this (roughly 9 steps)
[1810d7e77d00d63e8d7a6ec1ec2680b2c57deb2f] cleanup mostly, more asserts in tangent lemma
running python3 /home/yizhou7/mariposa/scripts/z3-bisect.py /home/yizhou7/mariposa/data/bisect_tasks/d_fvbkv_z3_clean--lib-Math-mul.i.dfy.Impl__Math____mul__i.__default.lemma__mul__nonnegative__forall.txt
building z3
Bisecting: 441 revisions left to test after this (roughly 9 steps)
[e2514a2b19088b29a26a5e93183fb7d3a6d76c36] make nla_solver the default
running python3 /home/yizhou7/mariposa/scripts/z3-bisect.py /home/yizhou7/mariposa/data/bisect_tasks/d_fvbkv_z3_clean--lib-Math-mul.i.dfy.Impl__Math____mul__i.__default.lemma__mul__nonnegative__forall.txt
building z3
done building z3 3.5
running mariposa
res: 0 
 out: [[[ 2  2  2  2  2  2  2  2  2  2  2  2  2  2  2  2  2  2  2  2  2  2  2
    2  2  2  2  2  2  2  2  2  2  2  2  2  2  2  2  2  2  2  2  2  2  2
    2  2  2  2  2  2  2  2  2  2  2  2  2  2  2]
  [44 51 51 49 66 62 51 66 64 64 52 53 71 68 62 71 52 50 52 50 58 75 51
   55 67 69 55 51 50 53 70 51 53 72 50 62 73 56 56 52 54 57 52 66 52 61
   51 76 68 67 56 51 50 50 51 50 69 61 57 64 62]]

 [[ 2  2  2  2  2  2  2  2  2  2  2  2  2  2  2  2  2  2  2  2  2  2  2
    2  2  2  2  2  2  2  2  2  2  2  2  2  2  2  2  2  2  2  2  2  2  2
    2  2  2  2  2  2  2  2  2  2  2  2  2  2  2]
  [44 50 52 53 81 66 50 74 52 51 51 51 52 77 59 51 60 52 76 52 77 78 53
   82 56 68 52 73 52 51 52 52 57 73 75 70 68 52 66 52 51 61 52 51 70 51
   72 81 52 55 53 54 77 65 52 51 71 53 51 68 51]]

 [[ 2  2  2  2  2  2  2  2  2  2  2  2  2  2  2  2  2  2  2  2  2  2  2
    2  2  2  2  2  2  2  2  2  2  2  2  2  2  2  2  2  2  2  2  2  2  2
    2  2  2  2  2  2  2  2  2  2  2  2  2  2  2]
  [44 53 53 56 80 80 86 85 53 65 66 62 65 72 81 51 71 71 59 54 55 52 61
   57 54 55 64 56 66 54 56 75 54 57 55 76 57 56 54 82 54 72 60 77 54 72
   67 52 61 64 53 54 79 54 53 54 54 70 54 78 53]]]
stable
 
 err: 
done running mariposa 3.6
Bisecting: 2 revisions left to test after this (roughly 1 step)
[26eb23c05b382ea9f687700e9f6f0a6ec26a178a] move lp_params to smt_params_helper
running python3 /home/yizhou7/mariposa/scripts/z3-bisect.py /home/yizhou7/mariposa/data/bisect_tasks/d_fvbkv_z3_clean--lib-Math-mul.i.dfy.Impl__Math____mul__i.__default.lemma__mul__nonnegative__forall.txt
building z3
done building z3 3.5
running mariposa
res: 0 
 out: [[[ 2  2  2  2  2  2  2  2  2  2  2  2  2  2  2  2  2  2  2  2  2  2  2
    2  2  2  2  2  2  2  2  2  2  2  2  2  2  2  2  2  2  2  2  2  2  2
    2  2  2  2  2  2  2  2  2  2  2  2  2  2  2]
  [44 54 50 52 66 67 60 50 78 70 52 76 51 77 78 62 52 63 51 51 54 58 51
   57 55 52 52 75 57 59 62 52 54 50 51 77 71 68 70 52 67 50 52 51 73 72
   50 61 49 61 77 74 73 61 67 61 50 49 72 71 50]]

 [[ 2  2  2  2  2  2  2  2  2  2  2  2  2  2  2  2  2  2  2  2  2  2  2
    2  2  2  2  2  2  2  2  2  2  2  2  2  2  2  2  2  2  2  2  2  2  2
    2  2  2  2  2  2  2  2  2  2  2  2  2  2  2]
  [44 63 58 53 57 70 53 52 50 59 52 56 51 80 80 53 56 80 52 53 76 64 53
   52 77 52 52 52 67 54 68 75 51 81 53 54 83 79 53 51 56 53 63 51 58 52
   66 66 77 65 63 51 53 54 54 51 78 71 58 53 53]]

 [[ 2  2  2  2  2  2  2  2  2  2  2  2  2  2  2  2  2  2  2  2  2  2  2
    2  2  2  2  2  2  2  2  2  2  2  2  2  2  2  2  2  2  2  2  2  2  2
    2  2  2  2  2  2  2  2  2  2  2  2  2  2  2]
  [44 53 52 53 53 53 53 54 54 54 53 51 71 55 76 53 52 57 54 68 69 56 53
   53 62 67 81 62 73 76 77 52 60 76 70 56 57 53 65 55 79 53 76 53 66 72
   74 61 73 57 60 53 80 82 81 63 75 54 68 54 80]]]
stable
 
 err: 
done running mariposa 3.7
Bisecting: 0 revisions left to test after this (roughly 1 step)
[ad55f61580eec586dd7aa8a60b98df992659508f] roll back the defaults of invoking the nla_solver
running python3 /home/yizhou7/mariposa/scripts/z3-bisect.py /home/yizhou7/mariposa/data/bisect_tasks/d_fvbkv_z3_clean--lib-Math-mul.i.dfy.Impl__Math____mul__i.__default.lemma__mul__nonnegative__forall.txt
building z3
Bisecting: 0 revisions left to test after this (roughly 1 step)
[f1abc71c3543ed1daa36aa892dc8156e08402e6f] fix #2962
running python3 /home/yizhou7/mariposa/scripts/z3-bisect.py /home/yizhou7/mariposa/data/bisect_tasks/d_fvbkv_z3_clean--lib-Math-mul.i.dfy.Impl__Math____mul__i.__default.lemma__mul__nonnegative__forall.txt
building z3
done building z3 3.5
running mariposa
res: 0 
 out: [[[ 2  2  2  2  2  2  2  2  2  2  2  2  2  2  2  2  2  2  2  2  2  2  2
    2  2  2  2  2  2  2  2  2  2  2  2  2  2  2  2  2  2  2  2  2  2  2
    2  2  2  2  2  2  2  2  2  2  2  2  2  2  2]
  [44 74 61 76 72 50 67 66 51 63 51 61 56 72 54 52 50 54 78 54 50 64 51
   58 66 54 68 50 49 69 51 66 66 48 49 65 61 55 51 51 50 52 54 53 61 51
   49 69 49 72 59 77 75 63 53 63 50 68 50 49 48]]

 [[ 2  2  2  2  2  2  2  2  2  2  2  2  2  2  2  2  2  2  2  2  2  2  2
    2  2  2  2  2  2  2  2  2  2  2  2  2  2  2  2  2  2  2  2  2  2  2
    2  2  2  2  2  2  2  2  2  2  2  2  2  2  2]
  [44 53 68 68 65 53 66 51 53 53 51 82 80 81 78 51 72 50 64 50 80 79 53
   67 60 66 53 53 67 68 58 53 50 52 62 52 75 51 51 66 61 68 64 51 66 63
   61 75 61 61 61 54 51 68 68 52 51 66 53 51 74]]

 [[ 2  2  2  2  2  2  2  2  2  2  2  2  2  2  2  2  2  2  2  2  2  2  2
    2  2  2  2  2  2  2  2  2  2  2  2  2  2  2  2  2  2  2  2  2  2  2
    2  2  2  2  2  2  2  2  2  2  2  2  2  2  2]
  [44 53 53 65 56 84 83 67 54 53 73 52 73 84 84 54 55 54 80 56 56 80 66
   56 55 55 58 80 82 53 67 60 55 57 54 58 83 59 82 83 82 54 85 85 57 55
   69 66 61 55 52 81 82 54 70 54 68 55 72 61 62]]]
stable
 
 err: 
done running mariposa 3.6
There are only 'skip'ped commits left to test.
The first bad commit could be any of:
ad55f61580eec586dd7aa8a60b98df992659508f
13715260626946275632bfdb21e025b9f6470f94
We cannot bisect more!
git bisect start
# good: [e79542cc689d52ec4cb34ce4ae3fbe56e7a0bf70] fix #2309
git bisect good e79542cc689d52ec4cb34ce4ae3fbe56e7a0bf70
# bad: [ad55a1f1c617a7f0c3dd735c0780fc758424c7f1] Update release.yml for Azure Pipelines
git bisect bad ad55a1f1c617a7f0c3dd735c0780fc758424c7f1
# skip: [e2702f3ae88f5c48a55f4473bb5c29184c182634] fixes in assigning constraints to intervals
git bisect skip e2702f3ae88f5c48a55f4473bb5c29184c182634
# skip: [1915812f84cf41a5f232eedf2a695a54d055aa88] add a test for intervals
git bisect skip 1915812f84cf41a5f232eedf2a695a54d055aa88
# bad: [8faf35e2e0c8fce99794e71bd3b5de74b95ceb5a] fix #3735
git bisect bad 8faf35e2e0c8fce99794e71bd3b5de74b95ceb5a
# skip: [d1a5635b4ad7f8632356b380f3a9b1fc83fdb04f] better model based lemmaas
git bisect skip d1a5635b4ad7f8632356b380f3a9b1fc83fdb04f
# skip: [0a86bd14f792ef5fadb8eeb346729a612f7e1588] start on test nla
git bisect skip 0a86bd14f792ef5fadb8eeb346729a612f7e1588
# bad: [f7747d9e76bd685a02ce5c5fbda91fc356856b5e] fix parameter collection for tactic-based solvers reported in #3065
git bisect bad f7747d9e76bd685a02ce5c5fbda91fc356856b5e
# skip: [0644194fc96a853df44c37f9e4522796aa40add8] work on lemma from product to factors, and some renaming
git bisect skip 0644194fc96a853df44c37f9e4522796aa40add8
# good: [0321312c8db1d3f0edbd23e6e48884fbb7d77d1d] Changed to get_const_interp to match Java and C# bindings
git bisect good 0321312c8db1d3f0edbd23e6e48884fbb7d77d1d
# skip: [c9e989ae853667faaa04c98e128e48130e05b07f] fix build of lp_tst
git bisect skip c9e989ae853667faaa04c98e128e48130e05b07f
# bad: [73662ad60d26755b7cd4c65c88766298125ee6a5] fix #3016
git bisect bad 73662ad60d26755b7cd4c65c88766298125ee6a5
# skip: [403743cb30a07a99ef035f647993229b2960d9d6] switch to constraint based sign lemma
git bisect skip 403743cb30a07a99ef035f647993229b2960d9d6
# skip: [130995a3db793cefb402d85431fa66b0fa8165ab] print terms as monomials
git bisect skip 130995a3db793cefb402d85431fa66b0fa8165ab
# good: [bfc30440ac040d58fa05d76612fd766f512c0c5a] update nightly
git bisect good bfc30440ac040d58fa05d76612fd766f512c0c5a
# skip: [754656212d592947af3994df09d668aeca2000b7] allow more sign lemmas
git bisect skip 754656212d592947af3994df09d668aeca2000b7
# good: [4a94abe7d7f3996cbdfac69e08836b3233f8efce] Update nightly.yaml
git bisect good 4a94abe7d7f3996cbdfac69e08836b3233f8efce
# skip: [40cc8c31e5a623136156065c4fe98a1bb43cd514] generate simple_sign_lemma
git bisect skip 40cc8c31e5a623136156065c4fe98a1bb43cd514
# skip: [2b5e8e965257d234562b9cf32bee580b96588370] change in a comment
git bisect skip 2b5e8e965257d234562b9cf32bee580b96588370
# skip: [882dd06df93514ae17066688e63104f453f33588] small changes
git bisect skip 882dd06df93514ae17066688e63104f453f33588
# skip: [33cbd29ed0e0ef9224a79b035617404a1b604b5c] mv util/lp to math/lp
git bisect skip 33cbd29ed0e0ef9224a79b035617404a1b604b5c
# skip: [b43a0e184ce158b4457b2bb989deb686813a53ac] introduce rooted monomial table
git bisect skip b43a0e184ce158b4457b2bb989deb686813a53ac
# skip: [d3bd55d0cfb2cfccf55a57d9c0c4532406a0874c] remove m_mons_to_rehash, fix a bug in emonomials::after_merge_eh(), generate order and tangent lemmas on any monomial
git bisect skip d3bd55d0cfb2cfccf55a57d9c0c4532406a0874c
# skip: [5e40d64a8272c1d0ef0945751fb76966f5dd36a1] port Grobner
git bisect skip 5e40d64a8272c1d0ef0945751fb76966f5dd36a1
# bad: [0146259ea402a8bf3996f1ca0d2d37ed69fddd35] z3str3: fix control flow and return paths in regex model construction
git bisect bad 0146259ea402a8bf3996f1ca0d2d37ed69fddd35
# skip: [50d3e67e6187cbffd2e4c1df3206633ad0bb5c61] adding commments
git bisect skip 50d3e67e6187cbffd2e4c1df3206633ad0bb5c61
# skip: [3f9229a6989a405264f8ce4b623a8fefe3843e4f] stop keying monomials by abs values
git bisect skip 3f9229a6989a405264f8ce4b623a8fefe3843e4f
# good: [ee62f83131c3ead740729aac99ea48de797fdb06] fix #2892
git bisect good ee62f83131c3ead740729aac99ea48de797fdb06
# skip: [5cc3812aa93346ae6fd8fdc263a476b60c680492] fixes in nla_expr comparison and in cross_nested related to common factors
git bisect skip 5cc3812aa93346ae6fd8fdc263a476b60c680492
# skip: [f84a06b4c5d3028050ef1e7a2fa792453e463a4c] starting the horner heuristic
git bisect skip f84a06b4c5d3028050ef1e7a2fa792453e463a4c
# skip: [b5364b787cb76d002b129489caa73f8fb782a428] set level2var for m_pdd_manager of pdd_grobner
git bisect skip b5364b787cb76d002b129489caa73f8fb782a428
# skip: [8d05894db716eae90408037b9dca2d4836f1afdc] cleanup and some changes in TRACE statements
git bisect skip 8d05894db716eae90408037b9dca2d4836f1afdc
# skip: [3441f565b231f3ad0a9db958add658771f95f41d] before changes is basic_sign_lemma
git bisect skip 3441f565b231f3ad0a9db958add658771f95f41d
# skip: [b9483d0aff074924abf074b4828d58a262c097bc] improve tracing
git bisect skip b9483d0aff074924abf074b4828d58a262c097bc
# skip: [d08f8a251218cc04ca6411247e6d0c89df17b195] fix test_basic_lemma_for_mon_zero_from_monomial_to_factors
git bisect skip d08f8a251218cc04ca6411247e6d0c89df17b195
# skip: [bab5c2f0784268036140fea11e99584b912abaa5] add some testing to cross nested expessions
git bisect skip bab5c2f0784268036140fea11e99584b912abaa5
# skip: [882b8ee63b37e0f26f7c0aeab01433f19f6b6e81] NB's review
git bisect skip 882b8ee63b37e0f26f7c0aeab01433f19f6b6e81
# skip: [24d70abfd8dbf15fc29735511d01a02789945ea3] persist
git bisect skip 24d70abfd8dbf15fc29735511d01a02789945ea3
# skip: [e6d134b9fa3ead23d052074d390da624b50e924b] a stronger zero lemma when the signs are known
git bisect skip e6d134b9fa3ead23d052074d390da624b50e924b
# skip: [46f8159926c1edc43985a95831c1fabe4a049ba3] memory management in cross_nested is broken
git bisect skip 46f8159926c1edc43985a95831c1fabe4a049ba3
# skip: [f5c8ead995a1b448d8f57011fd80e221a07a4380] port Grobner
git bisect skip f5c8ead995a1b448d8f57011fd80e221a07a4380
# skip: [8ed865e447fab4b7aa6d465c3253acb185f124f3] add compare() to nla_expr
git bisect skip 8ed865e447fab4b7aa6d465c3253acb185f124f3
# skip: [8744d987a3dbd9db8f7bf634922b1688a867d46a] port Grobner: address memory issues
git bisect skip 8744d987a3dbd9db8f7bf634922b1688a867d46a
# bad: [13715260626946275632bfdb21e025b9f6470f94] fix build break
git bisect bad 13715260626946275632bfdb21e025b9f6470f94
# skip: [ca5666cabdda8b90581add3dbaad7c170c12c2fc] add diagnostics for registering vars in lar_solver
git bisect skip ca5666cabdda8b90581add3dbaad7c170c12c2fc
# skip: [6cd495979d34ddedf5a970d6d9b6415bd831028f] fix the test build
git bisect skip 6cd495979d34ddedf5a970d6d9b6415bd831028f
# skip: [0e86c567ccce4a1ac0825288c47e7cfe9bf000bb] prepare the mixed case
git bisect skip 0e86c567ccce4a1ac0825288c47e7cfe9bf000bb
# skip: [81a9edae7ec30dc16755505b6a54be382ef04fcd] simplify more aggressively in horner scheme, imlement is_linear
git bisect skip 81a9edae7ec30dc16755505b6a54be382ef04fcd
# skip: [254a40535eddf100b956535ffb375d81b9a38c78] call order_lemma_on_ac_and_bd
git bisect skip 254a40535eddf100b956535ffb375d81b9a38c78
# skip: [9266ab7ed19763f8500033b607d246840b1aebaf] rewrite horner scheme on top of nex_expr as a pointer
git bisect skip 9266ab7ed19763f8500033b607d246840b1aebaf
# skip: [70612fb1092f9dc172bc4e405ac9417e36b82145] more tests and fixes in order lemma
git bisect skip 70612fb1092f9dc172bc4e405ac9417e36b82145
# skip: [e46de3bc3d87d97db90232cf8a257327c45642f3] fixes in horner's heuristic
git bisect skip e46de3bc3d87d97db90232cf8a257327c45642f3
# skip: [3192db64a12974c0a623bbc65906a7c525210913] Nikolaj's changes is mk_eq
git bisect skip 3192db64a12974c0a623bbc65906a7c525210913
# skip: [82115e69acba3ba68fbdd6e952eced76a3e28eaa] filter rows for horner's scheme earlier
git bisect skip 82115e69acba3ba68fbdd6e952eced76a3e28eaa
# skip: [4f2eb0b4eb43086555ba16f07e0eb73daa4cf59b] remove an unused field
git bisect skip 4f2eb0b4eb43086555ba16f07e0eb73daa4cf59b
# skip: [86a086b698bac936b68ca728665a77ead58b5305] toward horner lemma
git bisect skip 86a086b698bac936b68ca728665a77ead58b5305
# skip: [0535e24dd1e710480889ed4af37f9fa898a8af37] consolidate parameters, add comment (#102)
git bisect skip 0535e24dd1e710480889ed4af37f9fa898a8af37
# skip: [2181c982e89109e8fd551a77f9a946972786ecf1] progress with horner's heuristic
git bisect skip 2181c982e89109e8fd551a77f9a946972786ecf1
# skip: [d06182d1991d28a06f158b4d11cb55a1c4129cef] split between derived and model based lemma generation
git bisect skip d06182d1991d28a06f158b4d11cb55a1c4129cef
# skip: [13a93e24460a0e412a641e4f0138ccaca0244533] debug horner
git bisect skip 13a93e24460a0e412a641e4f0138ccaca0244533
# skip: [63e62ec1bbf80a067d4623c9f63254b15e41cc63] stronger lemmas to avoid branching
git bisect skip 63e62ec1bbf80a067d4623c9f63254b15e41cc63
# skip: [9cba261a9c50d4bb3dce647b8edea76d447a97c1] simplify and order nla_expr
git bisect skip 9cba261a9c50d4bb3dce647b8edea76d447a97c1
# skip: [4a87ca8b924ae7f5cc7e52d1addf432b5ec8e276] remove m_lc field from equation
git bisect skip 4a87ca8b924ae7f5cc7e52d1addf432b5ec8e276
# skip: [92769469df0d6fe7f59dd4186a4e737d5383ce2b] work on horner - does not compile
git bisect skip 92769469df0d6fe7f59dd4186a4e737d5383ce2b
# skip: [1810d7e77d00d63e8d7a6ec1ec2680b2c57deb2f] cleanup mostly, more asserts in tangent lemma
git bisect skip 1810d7e77d00d63e8d7a6ec1ec2680b2c57deb2f
# good: [e2514a2b19088b29a26a5e93183fb7d3a6d76c36] make nla_solver the default
git bisect good e2514a2b19088b29a26a5e93183fb7d3a6d76c36
# good: [26eb23c05b382ea9f687700e9f6f0a6ec26a178a] move lp_params to smt_params_helper
git bisect good 26eb23c05b382ea9f687700e9f6f0a6ec26a178a
# skip: [ad55f61580eec586dd7aa8a60b98df992659508f] roll back the defaults of invoking the nla_solver
git bisect skip ad55f61580eec586dd7aa8a60b98df992659508f
# good: [f1abc71c3543ed1daa36aa892dc8156e08402e6f] fix #2962
git bisect good f1abc71c3543ed1daa36aa892dc8156e08402e6f
# only skipped commits left to test
# possible first bad commit: [13715260626946275632bfdb21e025b9f6470f94] fix build break
# possible first bad commit: [ad55f61580eec586dd7aa8a60b98df992659508f] roll back the defaults of invoking the nla_solver
