running python3 /home/yizhou7/mariposa/scripts/z3-bisect.py /home/yizhou7/mariposa/data/bisect_tasks/d_fvbkv_z3_clean--lib-Buckets-BucketsLib.i.dfy.Impl__BucketsLib.__default.WFSplitBucketListRight.txt
building z3
Bisecting: 1453 revisions left to test after this (roughly 11 steps)
[1915812f84cf41a5f232eedf2a695a54d055aa88] add a test for intervals
running python3 /home/yizhou7/mariposa/scripts/z3-bisect.py /home/yizhou7/mariposa/data/bisect_tasks/d_fvbkv_z3_clean--lib-Buckets-BucketsLib.i.dfy.Impl__BucketsLib.__default.WFSplitBucketListRight.txt
building z3
Bisecting: 1453 revisions left to test after this (roughly 11 steps)
[8faf35e2e0c8fce99794e71bd3b5de74b95ceb5a] fix #3735
running python3 /home/yizhou7/mariposa/scripts/z3-bisect.py /home/yizhou7/mariposa/data/bisect_tasks/d_fvbkv_z3_clean--lib-Buckets-BucketsLib.i.dfy.Impl__BucketsLib.__default.WFSplitBucketListRight.txt
building z3
done building z3 3.5
running mariposa
res: 1 
 out: [[[    2     2     2     2     2     2     2     2     2     2     2
       2     2     2     2     2     2     2     2     2     2     2
       2     2     2     2     2     2     2     2     2     2     2
       2     2     2     2     2     2     2     2     2     2     2
       2     2     2     2     2     2     2     2     2     2     2
       2     2     2     2     2     2]
  [  233   306   297   329   300   294   301   365   294   297   299
     301   296   304   338   300   332   301   329   302   316   294
     302   304   328   298   297   292   297   317   302   297   318
     298   303   328   298   322   297   300   298   299   298   308
     321   311   299   314   299   295   310   359   301   296   299
     300   304   299   286   268   261]]

 [[    2     2     2     2     2     2     2     2     2     2     2
       2     2     2     2     2     2     2     2     2     2     2
       2     2     2     2     2     2     2     2     2     2     2
       2     2     2     2     2     2     2     2     2     2     2
       2     2     2     2     2     2     2     2     2     2     2
       2     2     2     2     2     2]
  [  233   322   344   339   317   318   315   320   317   318   336
     338   321   318   347   322   319   323   320   327   334   312
     314   316   321   315   318   313   317   306   305   301   303
     346   301   305   302   333   301   318   356   307   335   294
     331   301   313   303   305   299   321   302   353   308   306
     305   301   317   319   316   328]]

 [[    2     2     2     2     2     2     2     2     2     2     2
       2     2     2     2     2     2     3     3     3     3     2
       2     3     3     2     2     2     2     2     2     2     2
       2     3     2     2     2     2     3     3     3     2     3
       2     2     3     2     2     2     2     2     2     2     2
       2     2     2     3     3     3]
  [  233   297   299   302   332   334   341   321   335   340   399
     412   465   478   479   482   441 60029 60022 60022 60023   380
     333 60021 60021   360   333   371   413   450   425   475   441
     435 60025   429   428   465   482 60026 60025 60027   352 60035
     374   335 60022   335   335   341   331   331   368   365   366
     369   378   358 60024 60021 60033]]]
unstable
 
 err: 
done running mariposa 183.0
Bisecting: 1254 revisions left to test after this (roughly 10 steps)
[d1a5635b4ad7f8632356b380f3a9b1fc83fdb04f] better model based lemmaas
running python3 /home/yizhou7/mariposa/scripts/z3-bisect.py /home/yizhou7/mariposa/data/bisect_tasks/d_fvbkv_z3_clean--lib-Buckets-BucketsLib.i.dfy.Impl__BucketsLib.__default.WFSplitBucketListRight.txt
building z3
Bisecting: 1254 revisions left to test after this (roughly 10 steps)
[0a86bd14f792ef5fadb8eeb346729a612f7e1588] start on test nla
running python3 /home/yizhou7/mariposa/scripts/z3-bisect.py /home/yizhou7/mariposa/data/bisect_tasks/d_fvbkv_z3_clean--lib-Buckets-BucketsLib.i.dfy.Impl__BucketsLib.__default.WFSplitBucketListRight.txt
building z3
Bisecting: 1254 revisions left to test after this (roughly 10 steps)
[f7747d9e76bd685a02ce5c5fbda91fc356856b5e] fix parameter collection for tactic-based solvers reported in #3065
running python3 /home/yizhou7/mariposa/scripts/z3-bisect.py /home/yizhou7/mariposa/data/bisect_tasks/d_fvbkv_z3_clean--lib-Buckets-BucketsLib.i.dfy.Impl__BucketsLib.__default.WFSplitBucketListRight.txt
building z3
done building z3 3.5
running mariposa
res: 1 
 out: [[[    2     2     2     2     2     2     2     2     2     2     2
       2     2     2     2     2     2     2     2     2     2     2
       2     2     2     2     2     2     2     2     2     2     2
       2     2     2     2     2     2     2     2     2     2     2
       2     2     2     2     2     2     2     2     2     2     2
       2     2     2     2     2     2]
  [  230   321   297   316   295   294   313   292   297   297   332
     294   294   289   342   302   310   296   292   337   299   295
     301   294   295   361   296   355   301   292   295   290   291
     317   294   315   308   272   267   276   320   273   275   278
     269   290   298   279   296   281   294   279   343   283   279
     301   283   276   282   274   267]]

 [[    2     2     2     2     2     2     2     2     2     2     2
       2     2     2     2     2     2     2     2     2     2     2
       2     2     2     2     2     2     2     2     2     2     2
       2     2     2     2     2     2     2     2     2     2     2
       2     2     2     2     2     2     2     2     2     2     2
       2     2     2     2     2     2]
  [  230   322   327   331   319   313   319   338   337   314   318
     349   338   314   317   311   342   335   307   304   334   302
     368   306   304   299   326   322   322   302   303   300   325
     299   301   304   313   303   321   333   307   308   303   302
     319   320   303   307   306   301   302   302   307   335   303
     303   302   301   301   301   307]]

 [[    2     2     2     2     2     2     2     2     2     2     2
       2     2     2     2     2     2     3     3     3     3     2
       3     2     3     2     2     2     2     2     2     2     2
       2     2     2     2     3     2     3     3     2     3     2
       3     2     2     2     2     2     2     2     2     2     2
       2     2     3     3     3     3]
  [  230   294   291   292   326   357   368   300   333   355   409
     399   473   471   477   474   437 60030 60022 60025 60021   377
   60023   355 60030   358   328   364   380   358   440   396   415
     451   416   418   468 60028   478 60028 60038   350 60029   380
   60025   330   333   347   343   335   336   366   374   383   403
     397   368 60026 60025 60022 60036]]]
unstable
 
 err: 
done running mariposa 183.0
Bisecting: 1034 revisions left to test after this (roughly 10 steps)
[0644194fc96a853df44c37f9e4522796aa40add8] work on lemma from product to factors, and some renaming
running python3 /home/yizhou7/mariposa/scripts/z3-bisect.py /home/yizhou7/mariposa/data/bisect_tasks/d_fvbkv_z3_clean--lib-Buckets-BucketsLib.i.dfy.Impl__BucketsLib.__default.WFSplitBucketListRight.txt
building z3
Bisecting: 1034 revisions left to test after this (roughly 10 steps)
[0321312c8db1d3f0edbd23e6e48884fbb7d77d1d] Changed to get_const_interp to match Java and C# bindings
running python3 /home/yizhou7/mariposa/scripts/z3-bisect.py /home/yizhou7/mariposa/data/bisect_tasks/d_fvbkv_z3_clean--lib-Buckets-BucketsLib.i.dfy.Impl__BucketsLib.__default.WFSplitBucketListRight.txt
building z3
done building z3 3.3
running mariposa
res: 1 
 out: [[[    2     2     2     2     2     2     2     2     2     2     2
       2     2     2     2     2     2     2     2     2     2     2
       2     2     2     2     2     2     2     2     2     2     2
       2     2     2     2     2     2     2     2     2     2     2
       2     2     2     2     2     2     2     2     2     2     2
       2     2     2     2     2     2]
  [  214   346   344   338   337   345   340   339   357   339   338
     339   341   347   349   338   335   375   342   343   339   343
     338   340   341   339   343   333   344   330   340   332   332
     329   336   336   334   333   346   341   342   347   342   333
     349   344   336   343   325   350   319   293   293   300   287
     295   299   301   301   302   291]]

 [[    2     2     2     2     2     2     2     2     2     2     2
       2     2     2     2     2     2     2     2     2     2     2
       2     2     2     2     2     2     2     2     2     2     2
       2     2     2     2     2     2     2     2     2     2     2
       2     2     2     2     2     2     2     2     2     2     2
       2     2     2     2     2     2]
  [  214   343   342   351   345   355   347   357   348   340   341
     350   339   338   340   342   337   354   340   352   350   339
     340   345   343   338   338   343   337   340   348   341   381
     347   340   343   343   343   364   344   339   340   352   345
     341   343   353   354   347   345   348   350   346   361   344
     341   343   348   360   350   351]]

 [[    2     2     2     2     2     2     2     2     2     2     2
       2     2     2     2     2     2     2     2     2     2     2
       2     2     3     3     2     3     3     2     2     3     2
       2     2     2     2     3     2     3     3     3     3     3
       3     3     2     2     2     2     2     2     2     2     2
       2     3     3     3     3     3]
  [  214   287   304   309   298   291   305   282   286   284   306
     297   298   311   304   361   348   382   394   413   417   419
     419   416 60032 60024   335 60025 60027   332   315 60020   311
     355   346   304   299 60022   310 60030 60031 60030 60023 60021
   60023 60022   305   346   319   298   323   348   345   332   371
     347 60029 60029 60028 60024 60026]]]
unstable
 
 err: 
done running mariposa 184.8
Bisecting: 261 revisions left to test after this (roughly 8 steps)
[6e637348826f0725ba8a01c455448023ca2889e4] Merge pull request #2368 from waywardmonkeys/fix-typo
running python3 /home/yizhou7/mariposa/scripts/z3-bisect.py /home/yizhou7/mariposa/data/bisect_tasks/d_fvbkv_z3_clean--lib-Buckets-BucketsLib.i.dfy.Impl__BucketsLib.__default.WFSplitBucketListRight.txt
building z3
done building z3 3.3
running mariposa
res: 1 
 out: [[[    2     2     2     2     2     2     2     2     2     2     2
       2     2     2     2     2     2     2     2     2     2     2
       2     2     2     2     2     2     2     2     2     2     2
       2     2     2     2     2     2     2     2     2     2     2
       2     2     2     2     2     2     2     2     2     2     2
       2     2     2     2     2     2]
  [  204   261   259   278   255   281   254   276   257   257   254
     256   272   254   271   255   280   258   255   304   306   255
     256   259   284   254   250   258   272   241   246   293   271
     256   266   243   265   243   243   259   252   242   247   246
     245   273   262   264   247   245   287   249   264   262   241
     247   262   238   239   226   231]]

 [[    2     2     2     2     2     2     2     2     2     2     2
       2     2     2     2     2     2     2     2     2     2     2
       2     2     2     2     2     2     2     2     2     2     2
       2     2     2     2     2     2     2     2     2     2     2
       2     2     2     2     2     2     2     2     2     2     2
       2     2     2     2     2     2]
  [  204   268   260   278   260   269   265   267   263   263   273
     292   258   264   266   264   261   263   268   319   263   291
     266   263   290   267   259   262   300   281   262   301   283
     261   298   267   262   264   259   262   260   292   295   279
     268   261   269   263   262   293   264   263   325   290   262
     261   270   267   272   264   276]]

 [[    2     2     2     2     2     2     2     2     2     2     2
       2     2     2     2     2     2     2     2     2     3     3
       3     3     3     2     2     2     2     2     2     2     2
       3     2     3     2     2     2     3     3     2     3     2
       2     3     2     3     2     2     2     2     2     2     2
       2     2     2     2     3     3]
  [  204   278   272   311   339   346   352   338   382   384   386
     390   404   405   407   412   405   411   410   411 60030 60024
   60028 60024 60025   299   304   324   302   312   306   312   324
   60025   389 60032   409   413   415 60031 60023   328 60029   331
     320 60025   306 60024   309   325   289   294   298   298   318
     297   305   322   301 60022 60034]]]
unstable
 
 err: 
done running mariposa 134.2
Bisecting: 130 revisions left to test after this (roughly 7 steps)
[9b4f327e29de8eadd112e53af5a8fb9f430fabf7] set upload mode to replace
running python3 /home/yizhou7/mariposa/scripts/z3-bisect.py /home/yizhou7/mariposa/data/bisect_tasks/d_fvbkv_z3_clean--lib-Buckets-BucketsLib.i.dfy.Impl__BucketsLib.__default.WFSplitBucketListRight.txt
building z3
done building z3 3.4
running mariposa
res: 0 
 out: [[[  2   2   2   2   2   2   2   2   2   2   2   2   2   2   2   2   2
     2   2   2   2   2   2   2   2   2   2   2   2   2   2   2   2   2
     2   2   2   2   2   2   2   2   2   2   2   2   2   2   2   2   2
     2   2   2   2   2   2   2   2   2   2]
  [203 277 244 242 258 286 300 236 255 236 267 237 278 237 262 239 245
   256 253 245 260 237 238 248 239 305 248 239 238 246 265 235 248 257
   275 238 242 243 236 240 245 269 268 249 294 238 261 244 264 252 246
   251 237 240 293 235 235 271 230 231 219]]

 [[  2   2   2   2   2   2   2   2   2   2   2   2   2   2   2   2   2
     2   2   2   2   2   2   2   2   2   2   2   2   2   2   2   2   2
     2   2   2   2   2   2   2   2   2   2   2   2   2   2   2   2   2
     2   2   2   2   2   2   2   2   2   2]
  [203 271 244 242 246 242 264 267 244 282 243 244 243 243 284 243 242
   243 242 250 241 243 249 243 257 245 251 303 241 239 277 254 245 242
   241 273 243 242 241 243 240 260 241 242 259 258 244 247 244 266 243
   241 273 273 270 253 242 272 267 263 240]]

 [[  2   2   2   2   2   2   2   2   2   2   2   2   2   2   2   2   2
     2   2   2   2   2   2   2   2   2   2   2   2   2   2   2   2   2
     2   2   2   2   2   2   2   2   2   2   2   2   2   2   2   2   2
     2   2   2   2   2   2   2   2   2   2]
  [203 264 270 270 266 295 270 298 264 269 264 269 265 274 274 287 269
   266 269 265 278 301 262 276 287 268 265 296 295 302 266 282 264 274
   306 282 263 263 287 272 297 264 283 264 281 264 293 263 307 298 265
   262 265 263 288 263 295 266 267 287 281]]]
stable
 
 err: 
done running mariposa 13.7
Bisecting: 65 revisions left to test after this (roughly 6 steps)
[42ac3a536369a7d4a7eafa1fa15b571b146ba594] merge with csp
running python3 /home/yizhou7/mariposa/scripts/z3-bisect.py /home/yizhou7/mariposa/data/bisect_tasks/d_fvbkv_z3_clean--lib-Buckets-BucketsLib.i.dfy.Impl__BucketsLib.__default.WFSplitBucketListRight.txt
building z3
done building z3 3.4
running mariposa
res: 0 
 out: [[[  2   2   2   2   2   2   2   2   2   2   2   2   2   2   2   2   2
     2   2   2   2   2   2   2   2   2   2   2   2   2   2   2   2   2
     2   2   2   2   2   2   2   2   2   2   2   2   2   2   2   2   2
     2   2   2   2   2   2   2   2   2   2]
  [201 257 239 267 240 251 239 236 253 251 247 240 239 235 235 238 270
   255 239 243 239 236 279 246 237 263 237 274 238 263 255 239 283 238
   237 258 236 236 240 274 238 237 240 258 246 282 261 238 264 239 247
   255 240 239 254 237 259 261 230 228 220]]

 [[  2   2   2   2   2   2   2   2   2   2   2   2   2   2   2   2   2
     2   2   2   2   2   2   2   2   2   2   2   2   2   2   2   2   2
     2   2   2   2   2   2   2   2   2   2   2   2   2   2   2   2   2
     2   2   2   2   2   2   2   2   2   2]
  [201 243 266 256 243 243 252 243 249 256 254 248 245 268 244 245 290
   244 242 242 244 247 241 243 274 244 242 243 244 243 241 271 244 241
   247 295 243 265 259 245 247 265 243 242 272 252 245 246 260 247 242
   244 244 264 278 243 249 267 260 262 276]]

 [[  2   2   2   2   2   2   2   2   2   2   2   2   2   2   2   2   2
     2   2   2   2   2   2   2   2   2   2   2   2   2   2   2   2   2
     2   2   2   2   2   2   2   2   2   2   2   2   2   2   2   2   2
     2   2   2   2   2   2   2   2   2   2]
  [201 266 270 266 271 269 286 305 274 268 267 263 305 266 300 266 264
   286 294 295 332 312 264 268 288 280 265 280 281 264 284 283 291 265
   269 289 263 261 311 299 294 286 285 264 266 264 278 268 300 270 269
   263 264 293 290 276 285 268 293 292 264]]]
stable
 
 err: 
done running mariposa 13.7
Bisecting: 32 revisions left to test after this (roughly 5 steps)
[b4290d4b3d7c021965e9ce7ee636caac0f9cac74] python regression
running python3 /home/yizhou7/mariposa/scripts/z3-bisect.py /home/yizhou7/mariposa/data/bisect_tasks/d_fvbkv_z3_clean--lib-Buckets-BucketsLib.i.dfy.Impl__BucketsLib.__default.WFSplitBucketListRight.txt
building z3
done building z3 3.3
running mariposa
res: 1 
 out: [[[    2     2     2     2     2     2     2     2     2     2     2
       2     2     2     2     2     2     2     2     2     2     2
       2     2     2     2     2     2     2     2     2     2     2
       2     2     3     2     3     2     2     3     2     2     2
       2     2     2     2     2     2     2     3     2     2     2
       3     3     3     3     3     3]
  [  208   287   283   294   297   312   289   300   328   322   333
     349   349   348   350   349   354   303   298   295   301   303
     297   316   295   308   296   299   293   298   300   306   319
     341   334 60034   346 60027   334   323 60028   323   318   332
     323   359   353   348   344   337   336 60030   326   327   339
   60035 60031 60029 60029 60027 60027]]

 [[    2     2     2     2     2     2     2     2     2     2     2
       2     2     2     2     2     2     2     2     2     2     2
       2     2     2     2     2     2     2     2     2     2     2
       2     2     2     2     2     2     2     2     2     2     2
       2     2     2     2     2     2     2     2     2     2     2
       2     2     2     2     2     2]
  [  208   330   332   333   327   328   342   325   327   330   329
     324   328   346   327   323   333   331   326   328   328   327
     327   324   336   353   323   346   339   316   314   328   318
     312   313   318   319   319   324   320   320   317   323   323
     322   345   319   312   325   318   319   314   320   313   318
     330   312   315   311   313   295]]

 [[    2     2     2     2     2     2     2     2     2     2     2
       2     2     2     2     2     2     2     2     2     2     2
       2     2     2     2     2     2     3     3     2     3     2
       2     3     2     2     3     3     2     2     2     2     2
       2     2     2     2     2     2     2     2     2     2     2
       2     2     3     3     3     3]
  [  208   275   271   289   269   274   315   279   286   278   306
     312   281   280   285   312   354   348   390   408   361   353
     381   412   399   412   403   411 60031 60026   325 60024   321
     321 60026   335   336 60022 60023   335   325   339   330   357
     337   359   388   373   362   373   367   379   380   388   389
     380   378 60029 60037 60030 60026]]]
unstable
 
 err: 
done running mariposa 204.8
Bisecting: 16 revisions left to test after this (roughly 4 steps)
[0f7ff2a3d016ce6cc0dcc2654a6aa0187bc55192] swap
running python3 /home/yizhou7/mariposa/scripts/z3-bisect.py /home/yizhou7/mariposa/data/bisect_tasks/d_fvbkv_z3_clean--lib-Buckets-BucketsLib.i.dfy.Impl__BucketsLib.__default.WFSplitBucketListRight.txt
building z3
done building z3 3.4
running mariposa
res: 0 
 out: [[[  2   2   2   2   2   2   2   2   2   2   2   2   2   2   2   2   2
     2   2   2   2   2   2   2   2   2   2   2   2   2   2   2   2   2
     2   2   2   2   2   2   2   2   2   2   2   2   2   2   2   2   2
     2   2   2   2   2   2   2   2   2   2]
  [206 243 256 254 252 245 263 248 271 266 245 269 244 243 269 243 244
   266 245 247 245 273 252 263 274 259 249 245 246 245 271 267 243 252
   269 262 247 250 262 251 268 244 243 244 240 279 256 266 267 251 245
   257 257 248 245 244 242 239 238 233 233]]

 [[  2   2   2   2   2   2   2   2   2   2   2   2   2   2   2   2   2
     2   2   2   2   2   2   2   2   2   2   2   2   2   2   2   2   2
     2   2   2   2   2   2   2   2   2   2   2   2   2   2   2   2   2
     2   2   2   2   2   2   2   2   2   2]
  [206 258 280 251 251 269 251 257 248 248 250 248 267 250 251 260 251
   248 250 249 249 270 252 283 252 251 249 279 252 251 250 265 250 252
   250 261 259 250 250 247 255 254 298 250 259 248 248 248 251 280 253
   252 269 252 247 248 249 298 271 253 248]]

 [[  2   2   2   2   2   2   2   2   2   2   2   2   2   2   2   2   2
     2   2   2   2   2   2   2   2   2   2   2   2   2   2   2   2   2
     2   2   2   2   2   2   2   2   2   2   2   2   2   2   2   2   2
     2   2   2   2   2   2   2   2   2   2]
  [206 273 286 281 273 309 303 292 272 293 275 288 274 274 316 271 277
   290 287 307 291 296 277 273 311 297 334 280 325 280 284 272 289 291
   346 306 277 283 280 281 320 278 292 274 274 293 280 296 281 295 270
   278 275 315 288 275 275 275 275 274 279]]]
stable
 
 err: 
done running mariposa 13.8
Bisecting: 7 revisions left to test after this (roughly 3 steps)
[89e8a1392c992a6c37b8c5320b9e4b9b506bd4a1] na
running python3 /home/yizhou7/mariposa/scripts/z3-bisect.py /home/yizhou7/mariposa/data/bisect_tasks/d_fvbkv_z3_clean--lib-Buckets-BucketsLib.i.dfy.Impl__BucketsLib.__default.WFSplitBucketListRight.txt
building z3
done building z3 3.4
running mariposa
res: 1 
 out: [[[    2     2     2     2     2     2     2     2     2     2     2
       2     2     2     2     2     2     2     2     2     2     2
       2     2     2     2     2     2     2     2     2     2     2
       2     2     3     2     3     2     2     3     2     2     2
       2     2     2     2     2     2     3     2     2     2     2
       3     3     3     3     3     3]
  [  207   289   297   289   298   297   297   316   318   323   338
     356   350   351   354   352   358   304   303   298   303   301
     307   302   300   313   301   317   296   300   302   311   319
     345   337 60033   348 60031   331   326 60029   321   319   329
     328   351   356   351   344   342 60031   331   332   328   340
   60035 60031 60030 60027 60027 60027]]

 [[    2     2     2     2     2     2     2     2     2     2     2
       2     2     2     2     2     2     2     2     2     2     2
       2     2     2     2     2     2     2     2     2     2     2
       2     2     2     2     2     2     2     2     2     2     2
       2     2     2     2     2     2     2     2     2     2     2
       2     2     2     2     2     2]
  [  207   330   332   327   328   328   327   325   322   344   327
     324   329   326   326   327   330   324   325   340   332   327
     324   347   328   327   343   327   324   324   328   354   317
     312   326   314   321   318   317   323   316   353   320   317
     323   316   330   321   317   318   314   337   321   357   322
     323   312   312   317   310   292]]

 [[    2     2     2     2     2     2     2     2     2     2     2
       2     2     2     2     2     2     2     2     2     2     2
       2     2     2     2     2     2     3     3     3     2     2
       2     3     3     2     2     3     2     2     2     2     2
       2     2     2     2     2     2     2     2     2     2     2
       2     2     3     3     3     3]
  [  207   271   280   278   297   291   289   276   278   305   308
     327   281   284   280   280   344   346   381   370   354   358
     383   403   400   412   403   412 60030 60026 60025   326   323
     326 60026 60023   334   332 60024   331   336   328   336   338
     337   364   367   380   364   363   369   384   404   388   393
     384   380 60027 60037 60031 60025]]]
unstable
 
 err: 
done running mariposa 204.7
Bisecting: 4 revisions left to test after this (roughly 2 steps)
[1827f98851e1866187abe743afd2d80bc786412f] more fixes for mutexes in shell
running python3 /home/yizhou7/mariposa/scripts/z3-bisect.py /home/yizhou7/mariposa/data/bisect_tasks/d_fvbkv_z3_clean--lib-Buckets-BucketsLib.i.dfy.Impl__BucketsLib.__default.WFSplitBucketListRight.txt
building z3
done building z3 3.4
running mariposa
res: 0 
 out: [[[  2   2   2   2   2   2   2   2   2   2   2   2   2   2   2   2   2
     2   2   2   2   2   2   2   2   2   2   2   2   2   2   2   2   2
     2   2   2   2   2   2   2   2   2   2   2   2   2   2   2   2   2
     2   2   2   2   2   2   2   2   2   2]
  [205 255 258 256 246 280 246 287 246 240 244 271 268 259 255 242 257
   249 246 263 249 250 259 244 251 255 257 245 264 255 261 243 267 266
   243 245 244 253 254 241 267 274 241 239 242 267 319 272 258 243 245
   241 254 242 250 250 234 248 261 237 254]]

 [[  2   2   2   2   2   2   2   2   2   2   2   2   2   2   2   2   2
     2   2   2   2   2   2   2   2   2   2   2   2   2   2   2   2   2
     2   2   2   2   2   2   2   2   2   2   2   2   2   2   2   2   2
     2   2   2   2   2   2   2   2   2   2]
  [205 275 250 249 248 251 249 253 248 274 247 252 253 249 250 253 275
   289 249 265 272 262 255 246 303 249 257 251 260 248 265 256 250 270
   247 276 245 259 255 248 249 279 257 287 246 246 255 250 251 247 263
   248 251 252 247 252 247 247 247 250 275]]

 [[  2   2   2   2   2   2   2   2   2   2   2   2   2   2   2   2   2
     2   2   2   2   2   2   2   2   2   2   2   2   2   2   2   2   2
     2   2   2   2   2   2   2   2   2   2   2   2   2   2   2   2   2
     2   2   2   2   2   2   2   2   2   2]
  [205 274 274 289 280 315 320 283 273 279 275 291 281 294 283 271 270
   286 316 272 306 292 277 274 307 298 304 276 298 282 272 285 318 280
   276 299 270 273 322 276 286 292 289 280 275 310 286 301 325 271 277
   277 269 287 319 279 288 275 272 271 307]]]
stable
 
 err: 
done running mariposa 13.8
Bisecting: 1 revision left to test after this (roughly 1 step)
[5177cc4a9a58df192c6a844ca13abf7e7cd3be15] change lt
running python3 /home/yizhou7/mariposa/scripts/z3-bisect.py /home/yizhou7/mariposa/data/bisect_tasks/d_fvbkv_z3_clean--lib-Buckets-BucketsLib.i.dfy.Impl__BucketsLib.__default.WFSplitBucketListRight.txt
building z3
done building z3 3.4
running mariposa
res: 1 
 out: [[[    2     2     2     2     2     2     2     2     2     2     2
       2     2     2     2     2     2     2     2     2     2     2
       2     2     2     2     2     2     2     2     2     2     2
       2     2     3     2     3     2     3     2     2     2     2
       2     2     2     2     2     2     3     2     2     2     2
       3     3     3     3     3     3]
  [  207   317   316   315   332   327   299   291   315   322   334
     351   347   351   352   351   355   309   304   298   303   305
     303   304   300   299   299   304   298   298   301   309   314
     345   339 60034   344 60029   339 60027   325   322   321   336
     329   362   351   351   344   342 60031   347   329   326   340
   60035 60031 60030 60031 60027 60028]]

 [[    2     2     2     2     2     2     2     2     2     2     2
       2     2     2     2     2     2     2     2     2     2     2
       2     2     2     2     2     2     2     2     2     2     2
       2     2     2     2     2     2     2     2     2     2     2
       2     2     2     2     2     2     2     2     2     2     2
       2     2     2     2     2     2]
  [  207   331   331   332   328   381   327   328   333   331   336
     328   331   328   330   324   329   329   343   324   329   327
     328   327   331   330   325   343   318   308   311   313   316
     317   315   316   323   346   319   319   323   321   320   319
     323   321   319   324   319   319   321   349   320   322   318
     321   326   320   316   343   320]]

 [[    2     2     2     2     2     2     2     2     2     2     2
       2     2     2     2     2     2     2     2     2     2     2
       2     2     2     2     2     2     3     3     3     2     2
       2     3     2     3     2     3     2     2     2     2     2
       2     2     2     2     2     2     2     2     2     2     2
       2     2     3     3     3     3]
  [  207   275   275   276   283   277   281   286   284   283   285
     278   284   282   285   289   342   346   346   386   358   358
     375   407   404   414   409   415 60030 60026 60026   329   320
     338 60027   339 60022   336 60023   361   330   330   333   350
     333   359   402   377   363   365   364   382   379   394   396
     383   376 60027 60035 60032 60027]]]
unstable
 
 err: 
done running mariposa 205.0
Bisecting: 0 revisions left to test after this (roughly 1 step)
[7c9d2e0d75757ed6aa535f72c7dec70d5a527fed] pydoc test
running python3 /home/yizhou7/mariposa/scripts/z3-bisect.py /home/yizhou7/mariposa/data/bisect_tasks/d_fvbkv_z3_clean--lib-Buckets-BucketsLib.i.dfy.Impl__BucketsLib.__default.WFSplitBucketListRight.txt
building z3
done building z3 3.4
running mariposa
res: 0 
 out: [[[  2   2   2   2   2   2   2   2   2   2   2   2   2   2   2   2   2
     2   2   2   2   2   2   2   2   2   2   2   2   2   2   2   2   2
     2   2   2   2   2   2   2   2   2   2   2   2   2   2   2   2   2
     2   2   2   2   2   2   2   2   2   2]
  [204 246 250 243 275 244 272 240 304 303 244 271 242 285 264 266 245
   265 242 266 268 245 265 266 253 283 267 245 252 269 251 264 270 245
   244 271 245 253 243 269 291 271 246 244 281 242 246 273 244 261 245
   246 255 254 269 243 240 241 240 239 230]]

 [[  2   2   2   2   2   2   2   2   2   2   2   2   2   2   2   2   2
     2   2   2   2   2   2   2   2   2   2   2   2   2   2   2   2   2
     2   2   2   2   2   2   2   2   2   2   2   2   2   2   2   2   2
     2   2   2   2   2   2   2   2   2   2]
  [204 249 269 282 246 258 251 269 248 247 251 248 307 249 249 311 251
   250 251 248 247 267 247 268 247 251 247 276 249 250 274 248 251 251
   249 248 272 280 288 248 269 247 248 250 275 263 271 250 256 248 273
   271 250 250 249 251 246 265 251 298 303]]

 [[  2   2   2   2   2   2   2   2   2   2   2   2   2   2   2   2   2
     2   2   2   2   2   2   2   2   2   2   2   2   2   2   2   2   2
     2   2   2   2   2   2   2   2   2   2   2   2   2   2   2   2   2
     2   2   2   2   2   2   2   2   2   2]
  [204 271 282 290 276 296 281 280 270 271 267 289 288 351 372 303 279
   319 272 278 288 327 266 295 270 276 303 298 317 298 274 275 275 319
   274 315 272 296 288 271 301 278 291 300 274 274 296 276 279 278 276
   275 276 313 295 272 284 272 286 273 270]]]
stable
 
 err: 
done running mariposa 13.9
5177cc4a9a58df192c6a844ca13abf7e7cd3be15 is the first bad commit
commit 5177cc4a9a58df192c6a844ca13abf7e7cd3be15
Author: Nikolaj Bjorner <nbjorner@microsoft.com>
Date:   Fri Jun 21 09:08:20 2019 +0200

    change lt
    
    Signed-off-by: Nikolaj Bjorner <nbjorner@microsoft.com>

:040000 040000 bba0b3898c697bc6efeb66752253b42641d4a606 dc4029a365361041d58c5e9f581973ad21a69ecd M	src
bisect run success
git bisect start
# good: [e79542cc689d52ec4cb34ce4ae3fbe56e7a0bf70] fix #2309
git bisect good e79542cc689d52ec4cb34ce4ae3fbe56e7a0bf70
# bad: [ad55a1f1c617a7f0c3dd735c0780fc758424c7f1] Update release.yml for Azure Pipelines
git bisect bad ad55a1f1c617a7f0c3dd735c0780fc758424c7f1
# skip: [e2702f3ae88f5c48a55f4473bb5c29184c182634] fixes in assigning constraints to intervals
git bisect skip e2702f3ae88f5c48a55f4473bb5c29184c182634
# skip: [1915812f84cf41a5f232eedf2a695a54d055aa88] add a test for intervals
git bisect skip 1915812f84cf41a5f232eedf2a695a54d055aa88
# bad: [8faf35e2e0c8fce99794e71bd3b5de74b95ceb5a] fix #3735
git bisect bad 8faf35e2e0c8fce99794e71bd3b5de74b95ceb5a
# skip: [d1a5635b4ad7f8632356b380f3a9b1fc83fdb04f] better model based lemmaas
git bisect skip d1a5635b4ad7f8632356b380f3a9b1fc83fdb04f
# skip: [0a86bd14f792ef5fadb8eeb346729a612f7e1588] start on test nla
git bisect skip 0a86bd14f792ef5fadb8eeb346729a612f7e1588
# bad: [f7747d9e76bd685a02ce5c5fbda91fc356856b5e] fix parameter collection for tactic-based solvers reported in #3065
git bisect bad f7747d9e76bd685a02ce5c5fbda91fc356856b5e
# skip: [0644194fc96a853df44c37f9e4522796aa40add8] work on lemma from product to factors, and some renaming
git bisect skip 0644194fc96a853df44c37f9e4522796aa40add8
# bad: [0321312c8db1d3f0edbd23e6e48884fbb7d77d1d] Changed to get_const_interp to match Java and C# bindings
git bisect bad 0321312c8db1d3f0edbd23e6e48884fbb7d77d1d
# bad: [6e637348826f0725ba8a01c455448023ca2889e4] Merge pull request #2368 from waywardmonkeys/fix-typo
git bisect bad 6e637348826f0725ba8a01c455448023ca2889e4
# good: [9b4f327e29de8eadd112e53af5a8fb9f430fabf7] set upload mode to replace
git bisect good 9b4f327e29de8eadd112e53af5a8fb9f430fabf7
# good: [42ac3a536369a7d4a7eafa1fa15b571b146ba594] merge with csp
git bisect good 42ac3a536369a7d4a7eafa1fa15b571b146ba594
# bad: [b4290d4b3d7c021965e9ce7ee636caac0f9cac74] python regression
git bisect bad b4290d4b3d7c021965e9ce7ee636caac0f9cac74
# good: [0f7ff2a3d016ce6cc0dcc2654a6aa0187bc55192] swap
git bisect good 0f7ff2a3d016ce6cc0dcc2654a6aa0187bc55192
# bad: [89e8a1392c992a6c37b8c5320b9e4b9b506bd4a1] na
git bisect bad 89e8a1392c992a6c37b8c5320b9e4b9b506bd4a1
# good: [1827f98851e1866187abe743afd2d80bc786412f] more fixes for mutexes in shell
git bisect good 1827f98851e1866187abe743afd2d80bc786412f
# bad: [5177cc4a9a58df192c6a844ca13abf7e7cd3be15] change lt
git bisect bad 5177cc4a9a58df192c6a844ca13abf7e7cd3be15
# good: [7c9d2e0d75757ed6aa535f72c7dec70d5a527fed] pydoc test
git bisect good 7c9d2e0d75757ed6aa535f72c7dec70d5a527fed
# first bad commit: [5177cc4a9a58df192c6a844ca13abf7e7cd3be15] change lt
