running python3 /home/yizhou7/mariposa/scripts/z3-bisect.py /home/yizhou7/mariposa/data/bisect_tasks/d_fvbkv_z3_clean--lib-Buckets-PackedKV.i.dfy.Impl__DynamicPkv.DynamicPkv.AppendPkv.txt
building z3
Bisecting: 1453 revisions left to test after this (roughly 11 steps)
[1915812f84cf41a5f232eedf2a695a54d055aa88] add a test for intervals
running python3 /home/yizhou7/mariposa/scripts/z3-bisect.py /home/yizhou7/mariposa/data/bisect_tasks/d_fvbkv_z3_clean--lib-Buckets-PackedKV.i.dfy.Impl__DynamicPkv.DynamicPkv.AppendPkv.txt
building z3
Bisecting: 1453 revisions left to test after this (roughly 11 steps)
[8faf35e2e0c8fce99794e71bd3b5de74b95ceb5a] fix #3735
running python3 /home/yizhou7/mariposa/scripts/z3-bisect.py /home/yizhou7/mariposa/data/bisect_tasks/d_fvbkv_z3_clean--lib-Buckets-PackedKV.i.dfy.Impl__DynamicPkv.DynamicPkv.AppendPkv.txt
building z3
done building z3 3.5
running mariposa
res: 1 
 out: [[[    3     2     2     3     3     3     3     3     3     3     3
       3     3     3     3     3     3     2     3     2     3     3
       3     2     3     2     2     3     2     2     3     3     2
       3     3     3     3     3     3     3     3     3     3     3
       2     2     3     2     2     3     2     3     3     3     2
       2     3     3     2     3     3]
  [60012 23173 28420 60020 60018 60017 60014 60019 60022 60017 60016
   60016 60023 60015 60025 60016 60016 28408 60016 31412 60017 60017
   60015 21905 60015 25796 34187 60024 26612 30088 60016 60015 47300
   60017 60015 60016 60014 60015 60015 60025 60015 60018 60013 60014
   29033 17475 60015 23128 31497 60024 34551 60016 60017 60016 14063
   27479 60016 60015 25728 60015 60016]]

 [[    3     2     2     2     3     3     2     3     3     3     3
       3     2     3     3     3     3     3     2     2     3     3
       3     3     3     2     3     2     2     3     2     3     3
       2     2     3     3     3     3     2     2     3     3     3
       3     3     3     3     3     2     3     3     3     2     2
       3     3     3     3     3     3]
  [60012 30353 22538 28799 60015 60026 26391 60017 60015 60016 60017
   60016 29326 60018 60027 60019 60016 60025 24663 28835 60017 60016
   60017 60018 60016 23872 60020 31542 30904 60018 31741 60018 60015
   28620 30456 60014 60016 60015 60017 20020 17759 60017 60017 60017
   60019 60026 60015 60018 60016 18006 60017 60020 60019 42803 19647
   60018 60021 60015 60018 60016 60020]]

 [[    3     2     4     2     2     3     3     3     3     2     2
       3     2     3     2     2     2     3     3     3     2     3
       3     3     3     3     2     3     2     3     3     3     2
       2     3     3     3     3     3     4     3     3     2     3
       2     3     3     3     2     2     2     4     3     3     3
       2     3     3     3     3     3]
  [60012 21755 24298 24802 25794 60014 60017 60016 60013 25517 17196
   60018 24112 60015 11556 33358 27006 60017 60015 60021 25665 60017
   60016 60021 60015 60023 21875 60017 16455 60016 60017 60018 29500
   18149 60017 60026 60013 60015 60017 26237 60018 60015 12036 60017
   21458 60016 60016 60015 33809 25524 28720 27294 60017 60017 60017
   29005 60018 60018 60014 60014 60017]]]
unstable
 
 err: 
done running mariposa 1369.5
Bisecting: 1254 revisions left to test after this (roughly 10 steps)
[d1a5635b4ad7f8632356b380f3a9b1fc83fdb04f] better model based lemmaas
running python3 /home/yizhou7/mariposa/scripts/z3-bisect.py /home/yizhou7/mariposa/data/bisect_tasks/d_fvbkv_z3_clean--lib-Buckets-PackedKV.i.dfy.Impl__DynamicPkv.DynamicPkv.AppendPkv.txt
building z3
Bisecting: 1254 revisions left to test after this (roughly 10 steps)
[0a86bd14f792ef5fadb8eeb346729a612f7e1588] start on test nla
running python3 /home/yizhou7/mariposa/scripts/z3-bisect.py /home/yizhou7/mariposa/data/bisect_tasks/d_fvbkv_z3_clean--lib-Buckets-PackedKV.i.dfy.Impl__DynamicPkv.DynamicPkv.AppendPkv.txt
building z3
Bisecting: 1254 revisions left to test after this (roughly 10 steps)
[f7747d9e76bd685a02ce5c5fbda91fc356856b5e] fix parameter collection for tactic-based solvers reported in #3065
running python3 /home/yizhou7/mariposa/scripts/z3-bisect.py /home/yizhou7/mariposa/data/bisect_tasks/d_fvbkv_z3_clean--lib-Buckets-PackedKV.i.dfy.Impl__DynamicPkv.DynamicPkv.AppendPkv.txt
building z3
done building z3 3.5
running mariposa
res: 1 
 out: [[[    2     2     2     2     2     3     3     2     3     3     3
       2     4     3     3     3     3     3     3     3     3     3
       2     3     3     2     2     2     2     2     3     3     3
       2     3     3     2     3     2     3     2     3     3     2
       3     3     3     2     3     4     2     2     3     3     2
       3     3     2     3     3     3]
  [13734 26350 29122 26334 27717 60023 60015 26170 60017 60017 60020
   27914 22763 60017 60021 60018 60018 60021 60016 60016 60015 60019
   22708 60017 60017 14910 20737 16549 18400 11108 60021 60018 60015
   19109 60016 60015 20304 60014 22885 60025 29061 60016 60015 33470
   60017 60015 60014 18257 60015 24109 25888 28833 60015 60017 21185
   60017 60015 28189 60016 60013 60013]]

 [[    2     2     2     2     2     3     3     3     2     3     3
       3     2     3     3     2     3     2     2     3     3     2
       3     3     2     3     3     3     3     3     3     3     2
       2     3     3     2     3     3     3     2     3     3     2
       3     3     3     3     3     2     3     2     3     3     3
       3     3     2     3     3     3]
  [13734 21333 11388 37409 22250 60014 60016 60016 16044 60016 60018
   60016 32443 60017 60018 25262 60016 18356 37455 60017 60017 23567
   60019 60018 26618 60020 60019 60024 60019 60017 60016 60018 17138
   32536 60020 60020 32881 60018 60016 60015 25962 60014 60017 40246
   60017 60020 60014 60016 60017 16353 60017 24936 60019 60016 60019
   60016 60016 27239 60017 60017 60015]]

 [[    2     4     2     2     3     3     3     3     3     2     2
       3     2     3     3     3     3     2     3     3     3     2
       3     2     2     3     3     2     2     2     3     3     3
       2     3     3     2     3     2     3     3     2     2     2
       2     3     2     2     2     2     3     2     3     3     2
       2     3     3     3     3     3]
  [13734 25056 28503 21450 60014 60013 60012 60015 60017 11741 13682
   60019 30374 60017 60014 60016 60033 14833 60028 60016 60015 12534
   60020 33448 12516 60016 60018 12604 27767 23763 60015 60027 60015
   30132 60031 60016 19061 60016 22940 60016 60015 27912 13959 41716
   24531 60015 25027 18294 32440 26236 60015 36076 60018 60015 23969
   17797 60014 60026 60020 60016 60014]]]
unstable
 
 err: 
done running mariposa 1229.9
Bisecting: 1034 revisions left to test after this (roughly 10 steps)
[0644194fc96a853df44c37f9e4522796aa40add8] work on lemma from product to factors, and some renaming
running python3 /home/yizhou7/mariposa/scripts/z3-bisect.py /home/yizhou7/mariposa/data/bisect_tasks/d_fvbkv_z3_clean--lib-Buckets-PackedKV.i.dfy.Impl__DynamicPkv.DynamicPkv.AppendPkv.txt
building z3
Bisecting: 1034 revisions left to test after this (roughly 10 steps)
[0321312c8db1d3f0edbd23e6e48884fbb7d77d1d] Changed to get_const_interp to match Java and C# bindings
running python3 /home/yizhou7/mariposa/scripts/z3-bisect.py /home/yizhou7/mariposa/data/bisect_tasks/d_fvbkv_z3_clean--lib-Buckets-PackedKV.i.dfy.Impl__DynamicPkv.DynamicPkv.AppendPkv.txt
building z3
done building z3 3.4
running mariposa
res: 1 
 out: [[[    3     2     3     3     3     2     2     3     3     3     3
       3     3     3     3     3     3     3     3     3     3     3
       3     2     3     3     3     3     3     3     2     3     3
       3     3     3     3     3     3     3     2     2     3     3
       3     3     3     2     3     3     3     3     3     2     2
       2     3     3     3     3     3]
  [60011 13626 60028 60016 60027  9095 11580 60029 60021 60018 60019
   60019 60016 60030 60017 60015 60014 60016 60016 60022 60015 60017
   60020 16795 60015 60020 60018 60020 60020 60024 13847 60019 60014
   60017 60016 60017 60029 60023 60014 60014 14098 18241 60023 60015
   60019 60040 60031 13835 60029 60027 60016 60017 60015 16500 19547
   13195 60024 60018 60016 60017 60015]]

 [[    3     2     2     2     3     3     3     3     3     3     3
       3     3     2     3     2     2     3     3     3     3     2
       3     3     3     3     3     3     3     3     3     3     3
       3     3     3     3     2     3     2     3     3     3     2
       3     3     3     3     2     3     3     3     2     3     3
       3     2     3     3     3     3]
  [60011 11998 11846  8000 60018 60018 60017 60020 60015 60019 60021
   60016 60015 16964 60017 35979 12694 60021 60020 60015 60017 16367
   60015 60016 60017 60018 60018 60026 60027 60014 60019 60017 60022
   60018 60017 60027 60014 12375 60019 14748 60020 60017 60023 22304
   60031 60019 60015 60014 25451 60023 60018 60018 30172 60016 60022
   60014 26089 60019 60016 60016 60021]]

 [[    3     2     2     3     3     3     3     3     3     2     2
       3     2     3     3     3     3     3     3     2     2     2
       3     2     3     3     2     3     3     2     3     3     3
       3     3     3     3     2     3     3     2     3     2     2
       3     3     3     2     3     3     3     3     3     2     3
       3     3     3     3     3     3]
  [60011 14015 11666 60014 60020 60014 60015 60018 60016 19342 25822
   60020 26975 60014 60015 60018 60013 60020 60016 26217 41445 18800
   60016 11915 60017 60018  9394 60021 60019 28510 60017 60016 60015
   60016 60024 60018 60013 28860 60018 60022 22312 60017 15983 25119
   60016 60023 60023 16972 60014 60018 60017 60018 60017 26224 60023
   60020 60017 60026 60018 60015 60020]]]
unstable
 
 err: 
done running mariposa 1396.9
Bisecting: 261 revisions left to test after this (roughly 8 steps)
[6e637348826f0725ba8a01c455448023ca2889e4] Merge pull request #2368 from waywardmonkeys/fix-typo
running python3 /home/yizhou7/mariposa/scripts/z3-bisect.py /home/yizhou7/mariposa/data/bisect_tasks/d_fvbkv_z3_clean--lib-Buckets-PackedKV.i.dfy.Impl__DynamicPkv.DynamicPkv.AppendPkv.txt
building z3
done building z3 3.3
running mariposa
res: 1 
 out: [[[    2     3     3     3     3     3     3     3     3     3     2
       3     3     3     3     3     4     3     2     3     2     2
       3     2     3     3     3     2     2     3     3     3     2
       3     3     3     2     3     3     3     3     3     3     3
       3     3     3     3     3     2     4     2     2     3     3
       2     3     3     3     3     3]
  [13786 60020 60019 60018 60027 60023 60018 60015 60015 60021 25336
   60018 60019 60018 60020 60015 21335 60018 30752 60025 21428 29029
   60016 26396 60019 60014 60016 23118 29210 60020 60024 60021 21005
   60016 60015 60015 30357 60020 60017 60015 60017 60015 60019 60018
   60015 60016 60019 60015 60022 24338 20856 26305 24480 60020 60023
   28346 60017 60014 60016 60015 60016]]

 [[    2     3     3     3     3     3     3     3     2     3     3
       3     2     3     3     3     3     2     3     3     3     3
       3     3     3     3     3     2     3     3     3     3     3
       2     3     3     3     3     3     3     2     2     2     2
       3     2     3     3     3     3     3     3     3     3     4
       3     3     3     3     3     3]
  [13786 60016 60017 60021 60020 60015 60018 60022 14030 60029 60019
   60017 39149 60020 60017 60015 60021 19988 60036 60019 60017 60015
   60022 60017 60016 60019 60016 23303 60020 60029 60017 60016 60017
   17875 60017 60019 60017 60017 60021 60017 13417 15122 40099 37489
   60016 31972 60017 60017 60017 60017 60021 60016 60019 60016 16532
   60022 60028 60021 60017 60019 60019]]

 [[    2     2     2     2     3     3     3     3     3     2     3
       3     3     3     3     3     3     3     3     2     3     3
       3     3     2     3     3     2     3     3     3     3     3
       3     3     4     3     3     3     3     3     3     3     3
       3     3     3     3     3     3     3     3     3     2     3
       3     3     3     3     3     3]
  [13786 16521 29867 32162 60013 60014 60021 60013 60022 29111 60018
   60023 60017 60015 60013 60015 60016 60023 60021 25993 60019 60016
   60021 60014 28273 60015 60020 20005 60015 60014 60016 60020 60028
   60014 60019 20225 60017 60017 60014 60024 60020 60016 60022 60018
   60023 60021 60024 60019 60016 60017 60027 60019 60025 13942 60017
   60023 60020 60016 60015 60018 60017]]]
unstable
 
 err: 
done running mariposa 1418.0
Bisecting: 130 revisions left to test after this (roughly 7 steps)
[9b4f327e29de8eadd112e53af5a8fb9f430fabf7] set upload mode to replace
running python3 /home/yizhou7/mariposa/scripts/z3-bisect.py /home/yizhou7/mariposa/data/bisect_tasks/d_fvbkv_z3_clean--lib-Buckets-PackedKV.i.dfy.Impl__DynamicPkv.DynamicPkv.AppendPkv.txt
building z3
done building z3 3.3
running mariposa
res: 0 
 out: [[[    2     2     2     2     2     2     2     2     2     2     2
       2     2     2     2     2     2     2     2     2     2     2
       2     2     2     2     2     2     4     2     2     2     2
       2     2     4     2     2     2     2     2     2     2     2
       2     2     2     2     2     2     2     2     2     2     2
       2     2     2     2     2     2]
  [ 5304  5460  7170  9507  7438  9964  9330 10471  8824  7987  7985
    7291 10121 10527  8164  6154  7398  8262  8722  8245  9195  8270
    8416  7625  8053  9504  8747  7497  5722  8391  7088  9443  9031
    9652  7481  5848  7711  8068  9331  8704  7986  8568  9534  8539
   11411  8293  8031  8667  6977  9009  7620  9029  7740  8670  7163
   10459  8771  7944  8702  7687  7641]]

 [[    2     2     2     2     2     2     2     2     2     2     2
       2     2     2     2     2     2     2     2     2     2     2
       2     2     2     2     2     2     2     2     2     2     2
       2     2     2     2     2     2     2     2     2     2     2
       2     2     2     2     2     2     2     2     2     2     2
       2     2     2     2     2     2]
  [ 5304  9183  8131  8835  9937 11837  9849 10379  9417  9291 10646
    9174  9986  9822  9286  8719  8567  9360  9043  9781  9382  9242
   14294 11593 11697  8980  9291  9348  8835 10168  8117  8819  8631
    8630  9375  8984  8608  7905  8517  8788  8835  7820  8121  8259
    8132  8710  8584  9714  9594  7677 10355  8584  7670  9002  8299
    8057  8368  9719  8987  9212 10756]]

 [[    2     2     2     2     2     2     2     2     2     2     2
       2     2     2     2     4     2     2     2     2     2     2
       2     2     2     2     2     2     2     2     2     2     2
       2     2     2     2     2     2     4     2     2     2     2
       2     4     2     2     2     2     2     2     2     2     2
       2     2     2     2     2     3]
  [ 5304  8013  8099  8385  9316  9668 10771 11297  8227  7358  9006
    8606  7067  7655 11792  7062  7975  9145  8865  8211  9543  9658
    7030  7855  8470  9575  9454  8474  6544  8864  9200 10241  9147
    8583 10027  8710  8714 10401  8304  8910  8824  6875  9129  8296
    9388  7166  7774  8863  7483  7572 12095  7347  6625  8675  7431
    8403  9144  7637  7533  7859 60017]]]
stable
 
 err: 
done running mariposa 248.9
Bisecting: 65 revisions left to test after this (roughly 6 steps)
[42ac3a536369a7d4a7eafa1fa15b571b146ba594] merge with csp
running python3 /home/yizhou7/mariposa/scripts/z3-bisect.py /home/yizhou7/mariposa/data/bisect_tasks/d_fvbkv_z3_clean--lib-Buckets-PackedKV.i.dfy.Impl__DynamicPkv.DynamicPkv.AppendPkv.txt
building z3
done building z3 3.3
running mariposa
res: 0 
 out: [[[    2     2     2     2     2     2     2     2     2     2     2
       2     2     2     2     2     2     2     2     2     2     2
       2     2     2     2     2     2     4     2     2     2     2
       2     2     4     2     2     2     2     2     2     2     2
       2     2     2     2     2     2     2     2     2     2     2
       2     2     2     2     2     2]
  [ 5317  5485  7346  7599  9322  9930  9288 10440  8936  7913  7232
    8119 10150 10646  6101  8122  7505  8549  8366  8405  9243  8359
    8143  7622  8085  9481  8727  7591  5680  8439  7073  9407  8878
    7384  9735  5826  7691  8132  9460  8696  7868  8463  8552  9577
   11392  8479  7953  8746  7034  8988  7550  9020  7619  8809  7298
   10636  8643  8819  7849  7733  7472]]

 [[    2     2     2     2     2     2     2     2     2     2     2
       2     2     2     2     2     2     2     2     2     2     2
       2     2     2     2     2     2     2     2     2     2     2
       2     2     2     2     2     2     2     2     2     2     2
       2     2     2     2     2     2     2     2     2     2     2
       2     2     2     2     2     2]
  [ 5317  9155  8059  8756 11459  9868  9778 10336  9248  9350  9188
   10625  9725  9785  9090  8534  8523  9484  8773  9672  9302  9056
   13953 11815 11497  9118  9493  9563  8954 10229  8976  8131  8468
    8628  8942  9342  7821  8813  8508  8606  8040  7769  8940  8115
    8489  8595  8678 10269  9663  9502  7799  8545  7647  8309  8356
    9053  8206  9655  8874  9180 10569]]

 [[    2     2     2     2     2     2     2     2     2     2     2
       2     2     2     2     4     2     2     2     2     2     2
       2     2     2     2     2     2     2     2     2     2     2
       2     2     2     2     2     2     4     2     2     2     2
       2     4     2     2     2     2     2     2     2     2     2
       2     2     2     2     2     3]
  [ 5317  7985  8200  8279  9523  9807 10636 11097  8208  8576  8888
    7466  7531  7054 11858  6959  7937  9110  8989  8117  9531  9571
    7052  7731  8404  9741  9418  8335  6614  8946  9310 10114  8598
    9133 10009  8648  8825 10295  6900  8879  8287  8792  9111  8373
    9412  7190  7907  8790  7254 12006  7583  7242  6720  8757  7523
    8221  9043  7608  7430  7923 60017]]]
stable
 
 err: 
done running mariposa 248.7
Bisecting: 32 revisions left to test after this (roughly 5 steps)
[b4290d4b3d7c021965e9ce7ee636caac0f9cac74] python regression
running python3 /home/yizhou7/mariposa/scripts/z3-bisect.py /home/yizhou7/mariposa/data/bisect_tasks/d_fvbkv_z3_clean--lib-Buckets-PackedKV.i.dfy.Impl__DynamicPkv.DynamicPkv.AppendPkv.txt
building z3
done building z3 3.3
running mariposa
res: 1 
 out: [[[    3     3     3     3     3     3     3     3     3     3     3
       3     3     2     2     3     3     3     3     3     3     2
       3     2     3     3     3     3     3     3     3     3     3
       2     3     3     3     3     3     3     2     3     3     3
       3     3     3     3     2     3     3     3     2     3     3
       3     3     3     3     3     3]
  [60024 60016 60023 60017 60017 60017 60016 60017 60018 60017 60023
   60020 60038 23465 30326 60052 60016 60018 60016 60024 60020 22904
   60033 15804 60016 60019 60020 60017 60022 60017 60019 60017 60016
   17333 60032 60020 60016 60020 60017 60030 19834 60040 60019 60016
   60015 60028 60017 60017 11707 60017 60025 60021 15253 60019 60017
   60017 60019 60017 60016 60016 60035]]

 [[    3     3     3     4     3     3     3     3     2     3     3
       3     3     3     3     3     3     3     3     3     2     3
       3     3     2     2     2     2     3     3     3     3     2
       2     3     2     3     3     3     2     3     2     2     2
       3     3     2     3     2     3     3     3     3     3     3
       3     3     3     3     3     3]
  [60024 60019 60016 17684 60014 60016 60017 60031 19524 60023 60021
   60016 60021 60018 60019 60027 60026 60019 60017 60022 22751 60025
   60025 60019 27742 18700 26362 17218 60019 60016 60015 60014 14653
   35329 60017 35910 60031 60017 60018 12249 60021 21242 14960 16692
   60029 60028 10816 60030 15100 60020 60021 60037 60017 60023 60024
   60016 60017 60029 60018 60031 60024]]

 [[    3     3     3     3     3     3     3     3     2     2     2
       2     3     3     3     3     3     3     2     2     3     3
       3     3     3     3     3     4     3     3     3     2     3
       2     3     3     3     2     3     2     3     3     2     3
       3     3     3     3     3     3     2     3     3     3     3
       2     3     3     2     3     3]
  [60024 60020 60012 60015 60012 60011 60022 60024 13072 13312 17404
   40021 60024 60014 60016 60019 60014 60016 15363 30134 60016 60019
   60021 60020 60027 60025 60022 25414 60015 60016 60015 37676 60023
   29579 60016 60037 60015 27501 60017 32622 60018 60023 42098 60023
   60017 60018 60017 60018 60016 60018 29282 60015 60018 60017 60023
   13926 60020 60024 46034 60017 60019]]]
unstable
 
 err: 
done running mariposa 1434.5
Bisecting: 16 revisions left to test after this (roughly 4 steps)
[0f7ff2a3d016ce6cc0dcc2654a6aa0187bc55192] swap
running python3 /home/yizhou7/mariposa/scripts/z3-bisect.py /home/yizhou7/mariposa/data/bisect_tasks/d_fvbkv_z3_clean--lib-Buckets-PackedKV.i.dfy.Impl__DynamicPkv.DynamicPkv.AppendPkv.txt
building z3
done building z3 3.4
running mariposa
res: 125 
 out: [[[    2     2     2     2     2     2     2     2     2     2     2
       2     2     2     2     2     2     2     2     2     2     2
       2     2     2     2     2     2     2     2     2     2     2
       2     2     2     2     2     2     2     2     2     2     2
       2     2     2     2     2     4     2     2     2     2     2
       2     2     2     2     2     2]
  [ 6436 10464  9722 11620 12618 11592 11085 15923  9205 12085 12798
   11813 12668 12142 16367  9592 11564 10063 11882 10395 10542 18022
   13200 12026 12450 11161 10569 11820 10168 10895 10758 11699 12717
   11063  9772  9695 15216 10213 13225 11624  9324  8268 11586  9127
    9722 12508 11988 17749 10056 10860 10129  9429  8952 11122 15475
   10082 12255 10652 10599 10587 11997]]

 [[    2     2     2     2     2     2     2     2     2     2     2
       2     2     2     2     2     2     2     4     2     2     2
       2     2     2     2     2     2     2     2     2     2     2
       2     2     2     2     2     2     2     2     2     4     2
       2     2     2     2     2     2     2     2     2     2     2
       2     2     2     2     2     2]
  [ 6436 10013 10097 12405  9591 11444  9246 10856 10496 13650 11216
   10121 13658  9720 11980 10371 14535 13650  9528 12307 12410 12131
    9218 10390 11091  9741 14931 12641 10736 12233 11268  9562 11688
   14809 11385 11420 10109 13086  9842 11397 10303 12769  7682 12883
   10121 12368  9810 10733 11869 17263  8915 11958 12245  9590 10417
   10062 10043  9509 13812  9128 10762]]

 [[    2     2     2     2     2     2     2     2     2     2     2
       2     2     2     2     2     2     2     2     2     4     2
       2     2     2     2     2     2     2     2     2     2     2
       2     2     2     2     2     2     2     2     2     2     2
       2     2     2     2     2     2     2     2     2     2     2
       2     2     2     2     2     2]
  [ 6436  8387  9898  9936 10372 10423 11214 13073 11487 10002 10100
    9452 12054  9690 12928  9296 10363  9947 13327 10027 14168 12961
    9207  9180  9574 13813  9914 10128 11569  9198  9025 11234 11202
   14318 11046 10699 11570 10698  8901  9646 11450 16003 13539  9381
   10346 11422 12115 15578 10338 10835 10926 12655 11166 17136 15022
   12136 12887 12513 13506 12886 12104]]]
inconclusive
 
 err: 
done running mariposa 315.3
Bisecting: 16 revisions left to test after this (roughly 4 steps)
[2fd579bdd2385bbb7c448646e64d5d1310c0a4b6] Fix typo in ForAll Doc
running python3 /home/yizhou7/mariposa/scripts/z3-bisect.py /home/yizhou7/mariposa/data/bisect_tasks/d_fvbkv_z3_clean--lib-Buckets-PackedKV.i.dfy.Impl__DynamicPkv.DynamicPkv.AppendPkv.txt
building z3
done building z3 3.3
running mariposa
res: 0 
 out: [[[    2     2     2     2     2     2     2     2     2     2     2
       2     2     2     2     2     2     2     2     2     2     2
       2     2     2     2     2     2     4     2     2     2     2
       2     2     4     2     2     2     2     2     2     2     2
       2     2     2     2     2     2     2     2     2     2     2
       2     2     2     2     2     2]
  [ 5277  5490  7174  7450  9393  9900  9194 10493  7919  8846  7890
    7238 10060 10535  6200  8134  7440  8625  8269  8146  9167  8243
    8386  7585  8010  9702  8516  7488  5829  7073  8383  9448  8906
    9517  7373  5834  7855  8057  9290  8805  7798  8473 11260  8590
    9624  8216  8050  8626  7065  8948  7579  9026  7574  8767  7253
   10453  8591  8733  7805  7813  7640]]

 [[    2     2     2     2     2     2     2     2     2     2     2
       2     2     2     2     2     2     2     2     2     2     2
       2     2     2     2     2     2     2     2     2     2     2
       2     2     2     2     2     2     2     2     2     2     2
       2     2     2     2     2     2     2     2     2     2     2
       2     2     2     2     2     2]
  [ 5277  9140  8089  8851  9978 11651  9881 10416  9349  9128 10634
    9495  9901  9895  9101  8511  8679  9569  8816  9883  9414 14055
    9378 11577 11356  9005  9065  8891  9306 10339  8843  8108  8505
    8523  8905  9459  8661  7707  8485  8750  8003  8805  7861  8269
    8172  8597  8623  9676 10323  9600  7621  8509  7616  8926  8346
    8434  8159  9606  8750  9174 10696]]

 [[    2     2     2     2     2     2     2     2     2     2     2
       2     2     2     2     4     2     2     2     2     2     2
       2     2     2     2     2     2     2     2     2     2     2
       2     2     2     2     2     2     4     2     2     2     2
       2     4     2     2     2     2     2     2     2     2     2
       2     2     2     2     2     3]
  [ 5277  8016  8114  8329  9363  9705 10745 11078  8281  8481  7466
    8805  7054  7518 11847  6945  8074  9066  8819  8082  9469  9500
    7071  7649  8368  9539  9596  8323  6573  8953  9234  9997  8572
    9093  9970  8656  8792 10247  8227  8941  6996  8777  8197  9225
    9299  7303  7783  8755 11886  7389  7549  7381  6588  8664  7441
    8074  9149  7458  7774  7892 60015]]]
stable
 
 err: 
done running mariposa 247.8
Bisecting: 10 revisions left to test after this (roughly 4 steps)
[7c9d2e0d75757ed6aa535f72c7dec70d5a527fed] pydoc test
running python3 /home/yizhou7/mariposa/scripts/z3-bisect.py /home/yizhou7/mariposa/data/bisect_tasks/d_fvbkv_z3_clean--lib-Buckets-PackedKV.i.dfy.Impl__DynamicPkv.DynamicPkv.AppendPkv.txt
building z3
done building z3 3.3
running mariposa
res: 125 
 out: [[[    2     2     2     2     2     2     2     2     2     2     2
       2     2     2     2     2     2     2     2     2     2     2
       2     2     2     2     2     2     2     2     2     2     2
       2     2     2     2     2     2     2     2     2     2     2
       2     2     2     2     2     4     2     2     2     2     2
       2     2     2     2     2     2]
  [ 6328 10698  9657 11673 12607 11154 11460 16004  9195 12217 12658
   12072 12629 12206 15993  9634 11500 10182 11891 10483 10725 18141
   13222 11915 12471 10841 10585 11931 10166 10820 10944 11717 12816
   11145  9611  9742 15263 10349 13210 11682  9388  8291 11475  8961
    9738 11923 12695 17815 10153 10997  9867  9504  8932 11283 15439
   10229 10613 12300 10557 10513 11943]]

 [[    2     2     2     2     2     2     2     2     2     2     2
       2     2     2     2     2     2     2     4     2     2     2
       2     2     2     2     2     2     2     2     2     2     2
       2     2     2     2     2     2     2     2     4     2     2
       2     2     2     2     2     2     2     2     2     2     2
       2     2     2     2     2     2]
  [ 6328 10054 10068 12197  9598 11396  9225 11021 10577 13686 10925
    9690 13780 10111 12046 10418 14851 13626  9613 12239 12399  9113
   12090 10168 11131  9705 15324 12662 10570 12155 11351  9557 11651
   14843 11430 11583 13185 10162  9652 11420 10405  7738 12660 12673
   10044 12727  9767 10702 11971 17224  8938 11987 12389  9579 10453
   10019  9796  9672 13835  9203 10645]]

 [[    2     2     2     2     2     2     2     2     2     2     2
       2     2     2     2     2     2     2     2     2     4     2
       2     2     2     2     2     2     2     2     2     2     2
       2     2     2     2     2     2     2     2     2     2     2
       2     2     2     2     2     2     2     2     2     2     2
       2     2     2     2     2     2]
  [ 6328  8371  9701 10170 10402 10404 11387 12993  9903 11388 10108
    9640 12044  9600 12977  9287 10404 10167 13442 10076 14212 12881
    9350  9255  9641 13626  9950 10206 11377  9216  9121 11416 11328
   14072 11324 10470 11505 10751  8836  9673 11534 13434 15795  9584
   10325 11548 15344 12180 10777 10264 10995 12938 11054 16872 15090
   12303 12711 12509 13840 12862 12155]]]
inconclusive
 
 err: 
done running mariposa 315.2
Bisecting: 10 revisions left to test after this (roughly 4 steps)
[1827f98851e1866187abe743afd2d80bc786412f] more fixes for mutexes in shell
running python3 /home/yizhou7/mariposa/scripts/z3-bisect.py /home/yizhou7/mariposa/data/bisect_tasks/d_fvbkv_z3_clean--lib-Buckets-PackedKV.i.dfy.Impl__DynamicPkv.DynamicPkv.AppendPkv.txt
building z3
done building z3 3.3
running mariposa
res: 125 
 out: [[[    2     2     2     2     2     2     2     2     2     2     2
       2     2     2     2     2     2     2     2     2     2     2
       2     2     2     2     2     2     2     2     2     2     2
       2     2     2     2     2     2     2     2     2     2     2
       2     2     2     2     2     4     2     2     2     2     2
       2     2     2     2     2     2]
  [ 6459 10480  9776 11610 12584 11448 11249 16022 12031  9183 12930
   12019 12597 12111 16114  9604 11468 10161 12146 10436 10513 13265
   18247 11877 12497 11132 10605 11690 10189 10931 10747 12864 11870
   11167  9609  9779 14972 13168 10405 11768  9383  8147 11502  8989
    9768 12722 11932 18025 10140 10801  9840  9671  9051 11214 15396
   10092 12419 10561 10531 10540 11694]]

 [[    2     2     2     2     2     2     2     2     2     2     2
       2     2     2     2     2     2     2     4     2     2     2
       2     2     2     2     2     2     2     2     2     2     2
       2     2     2     2     2     2     2     2     4     2     2
       2     2     2     2     2     2     2     2     2     2     2
       2     2     2     2     2     2]
  [ 6459 10042 10021 12416  9559 11412  9253 10944 10658 13912 10984
   13561 10061  9677 11998 10498 14584 13983  9550 12395 12262  9124
   12077 10203 11091  9898 15045 12752 10543 12095 11283  9770 11833
   14629 11572 11453 13077  9938  9889 11537 10236  7715 12895 12579
   10052 12455  9826 10768 11918  8923 17627 11939 12127  9564 10397
   10059  9566 10030 13842  9188 10788]]

 [[    2     2     2     2     2     2     2     2     2     2     2
       2     2     2     2     2     2     2     2     2     4     2
       2     2     2     2     2     2     2     2     2     2     2
       2     2     2     2     2     2     2     2     2     2     2
       2     2     2     2     2     2     2     2     2     2     2
       2     2     2     2     2     2]
  [ 6459  8278  9894 10195 10394 10434 11251 12942 11503  9913 10064
    9552  9534 12359 12738  9356 10556 10023 10081 13420 14125 12943
    9226  9290  9771  9961 13648 10159 11453  9461  9074 11267 11129
   14213 11102 10675 10676  8898 11735  9687 11552 15792 13513  9406
   10419 11373 15200 12353 10180 10993 10976 12778 11184 16955 15023
   12839 12155 12461 13733 12955 12205]]]
inconclusive
 
 err: 
done running mariposa 315.8
Bisecting: 10 revisions left to test after this (roughly 4 steps)
[333b32b0d2c829e771f2e9c9d632f00632220b44] disable adding redundant ite clauses as lemma. Add as non-redundant
running python3 /home/yizhou7/mariposa/scripts/z3-bisect.py /home/yizhou7/mariposa/data/bisect_tasks/d_fvbkv_z3_clean--lib-Buckets-PackedKV.i.dfy.Impl__DynamicPkv.DynamicPkv.AppendPkv.txt
building z3
done building z3 3.3
running mariposa
res: 1 
 out: [[[    3     3     3     3     3     3     3     3     3     3     3
       3     3     2     2     3     3     3     3     3     3     2
       3     2     3     3     3     3     3     3     3     3     3
       2     3     3     3     3     3     3     2     3     3     3
       3     3     3     3     2     3     3     3     2     3     3
       3     3     3     3     3     3]
  [60024 60016 60023 60016 60017 60017 60018 60016 60017 60016 60022
   60019 60036 23564 30662 60050 60016 60017 60016 60024 60018 22944
   60031 16158 60016 60018 60020 60017 60023 60017 60021 60017 60017
   17473 60032 60019 60017 60020 60018 60030 19900 60036 60017 60016
   60015 60031 60017 60017 11842 60015 60025 60021 14922 60018 60017
   60017 60019 60016 60017 60016 60033]]

 [[    3     3     3     4     3     3     3     3     2     3     3
       3     3     3     3     3     3     3     3     3     2     3
       3     3     2     2     2     2     3     3     3     3     2
       2     3     2     3     3     3     2     3     2     2     2
       3     3     2     3     2     3     3     3     3     3     3
       3     3     3     3     3     3]
  [60024 60020 60017 17843 60015 60016 60015 60030 19322 60021 60020
   60017 60021 60021 60021 60027 60028 60017 60017 60021 22888 60025
   60024 60020 28036 19020 26331 17438 60018 60018 60014 60015 14594
   35022 60016 36365 60031 60017 60017 12319 60023 21116 15390 16363
   60030 60028 10799 60028 15209 60018 60021 60037 60018 60022 60023
   60018 60017 60031 60016 60030 60023]]

 [[    3     3     3     3     3     3     3     3     2     2     2
       2     3     3     3     3     3     3     2     2     3     3
       3     3     3     3     3     4     3     3     3     2     3
       2     3     3     3     2     3     2     3     3     2     3
       3     3     3     3     3     3     2     3     3     3     3
       2     3     3     2     3     3]
  [60024 60021 60013 60013 60013 60013 60018 60026 13137 13233 17307
   39836 60015 60023 60014 60015 60015 60017 15320 31158 60018 60019
   60019 60021 60028 60024 60023 25274 60016 60016 60015 37455 60023
   29996 60016 60037 60015 27326 60019 32650 60018 60023 42546 60022
   60018 60017 60016 60018 60016 60017 28806 60015 60017 60018 60024
   13869 60021 60025 47036 60016 60019]]]
unstable
 
 err: 
done running mariposa 1434.6
Bisecting: 9 revisions left to test after this (roughly 3 steps)
[e603bc1ea1ba2b710372dd01dddba705a0e5cb96] remove suport for VS 2013
running python3 /home/yizhou7/mariposa/scripts/z3-bisect.py /home/yizhou7/mariposa/data/bisect_tasks/d_fvbkv_z3_clean--lib-Buckets-PackedKV.i.dfy.Impl__DynamicPkv.DynamicPkv.AppendPkv.txt
building z3
done building z3 3.3
running mariposa
res: 125 
 out: [[[    2     2     2     2     2     2     2     2     2     2     2
       2     2     2     2     2     2     2     2     2     2     2
       2     2     2     2     2     2     2     2     2     2     2
       2     2     2     2     2     2     2     2     2     2     2
       2     2     2     2     2     4     2     2     2     2     2
       2     2     2     2     2     2]
  [ 6310 10509  9530 12567 11890 11491 11113 16294 12040  9326 12781
   11771 12525 12110 16085  9829  9982 11691 12026 10472 10490 17962
   13301 12054 12331 10970 10601 11897 10252 10910 10809 12670 11579
   11185  9803  9747 15306 13151 10146 11750  9355  8312 11498  9027
    9779 12447 11891 17791 10288 10811 10043  9415  8982 11135 15485
   10110 10716 12501 10651 10499 11912]]

 [[    2     2     2     2     2     2     2     2     2     2     2
       2     2     2     2     2     2     2     4     2     2     2
       2     2     2     2     2     2     2     2     2     2     2
       2     2     2     2     2     2     2     2     2     4     2
       2     2     2     2     2     2     2     2     2     2     2
       2     2     2     2     2     2]
  [ 6310 10147 10104 12215  9708  9267 11391 10862 10454 13694 10932
    9745 10299 13634 11992 10368 14461 13732  9596 12224 12222  9139
   12382 10260 11124  9739 15180 12556 10596 12144 11456  9546 11841
   14638 11469 11426 10012 13108  9658 11641 10274 12762  7785 12589
   10000 12758  9790 10713 11980 17260  8939 11980 12170  9517 10376
   10025 10012  9572 14130  9118 10682]]

 [[    2     2     2     2     2     2     2     2     2     2     2
       2     2     2     2     2     2     2     2     2     4     2
       2     2     2     2     2     2     2     2     2     2     2
       2     2     2     2     2     2     2     2     2     2     2
       2     2     2     2     2     2     2     2     2     2     2
       2     2     2     2     2     2]
  [ 6310  8334  9733 10000 10330 10580 11342 12873 11459 10104 10131
    9488  9675 12155 12625  9291 10297 10011  9986 13381 14533 12832
    9163  9103  9743 13658  9944 10407 11490  9201  9027 11277 11167
   14245 11170 10667 11661 10771  9064  9666 11324 13547 15850  9317
   10364 11575 12089 15328 10185 10846 11128 12984 10901 17061 15125
   12219 12701 12736 13820 12608 12137]]]
inconclusive
 
 err: 
done running mariposa 315.1
Bisecting: 9 revisions left to test after this (roughly 3 steps)
[017680898aa57c4d9c36ccf2df20aa3befbc5ecb] update doctest
running python3 /home/yizhou7/mariposa/scripts/z3-bisect.py /home/yizhou7/mariposa/data/bisect_tasks/d_fvbkv_z3_clean--lib-Buckets-PackedKV.i.dfy.Impl__DynamicPkv.DynamicPkv.AppendPkv.txt
building z3
done building z3 3.3
running mariposa
res: 1 
 out: [[[    3     3     3     3     3     3     3     3     3     3     3
       3     3     2     2     3     3     3     3     3     3     2
       3     2     3     3     3     3     3     3     3     3     3
       2     3     3     3     3     3     3     2     3     3     3
       3     3     3     3     2     3     3     3     2     3     3
       3     3     3     3     3     3]
  [60024 60016 60023 60015 60016 60016 60016 60017 60017 60015 60022
   60019 60037 23497 30888 60049 60017 60017 60015 60025 60018 23528
   60033 15931 60016 60020 60021 60018 60023 60018 60020 60016 60018
   17381 60032 60020 60016 60019 60017 60029 20124 60038 60019 60016
   60015 60030 60017 60018 11890 60017 60024 60021 15060 60019 60018
   60017 60022 60016 60017 60015 60035]]

 [[    3     3     3     4     3     3     3     3     2     3     3
       3     3     3     3     3     3     3     3     3     2     3
       3     3     2     2     2     2     3     3     3     3     2
       2     3     2     3     3     3     2     3     2     2     2
       3     3     2     3     2     3     3     3     3     3     3
       3     3     3     3     3     3]
  [60024 60019 60018 17677 60015 60016 60016 60031 19426 60022 60020
   60016 60023 60018 60020 60029 60026 60017 60018 60022 23086 60025
   60024 60019 27912 19348 26576 17436 60017 60017 60015 60015 14746
   35448 60017 36237 60029 60016 60018 12431 60022 21326 15308 16169
   60030 60028 10704 60030 15311 60020 60022 60037 60018 60023 60022
   60017 60016 60029 60018 60030 60022]]

 [[    3     3     3     3     3     3     3     3     2     2     2
       2     3     3     3     3     3     3     2     2     3     3
       3     3     3     3     3     4     3     3     3     2     3
       2     3     3     3     2     3     2     3     3     2     3
       3     3     3     3     3     3     2     3     3     3     3
       2     3     3     2     3     3]
  [60024 60025 60021 60013 60024 60012 60013 60017 13192 13217 17697
   39858 60015 60026 60019 60018 60013 60016 15098 30796 60017 60019
   60021 60020 60027 60023 60024 25484 60015 60016 60017 37549 60022
   29787 60016 60037 60015 27496 60017 32622 60019 60023 42528 60021
   60018 60018 60018 60019 60016 60017 28743 60015 60018 60016 60023
   13954 60022 60023 46248 60018 60018]]]
unstable
 
 err: 
done running mariposa 1435.3
Bisecting: 7 revisions left to test after this (roughly 3 steps)
[88d51d33770bc74cff91d6c0d7ea784cb80d3a50] fix python doc regression
running python3 /home/yizhou7/mariposa/scripts/z3-bisect.py /home/yizhou7/mariposa/data/bisect_tasks/d_fvbkv_z3_clean--lib-Buckets-PackedKV.i.dfy.Impl__DynamicPkv.DynamicPkv.AppendPkv.txt
building z3
done building z3 3.4
running mariposa
res: 125 
 out: [[[    2     2     2     2     2     2     2     2     2     2     2
       2     2     2     2     2     2     2     2     2     2     2
       2     2     2     2     2     2     2     2     2     2     2
       2     2     2     2     2     2     2     2     2     2     2
       2     2     2     2     2     4     2     2     2     2     2
       2     2     2     2     2     2]
  [ 6511 10544  9755 11639 12590 11464 11268 15913  9214 12120 12986
   11800 12719 12147 16114  9613 11527  9985 12211 10408 10526 13424
   11948 18016 12428 11131 10630 11621 10120 10897 10842 12817 11892
   11173  9610  9768 14902 10157 13188 11814  9428  8075 11709  9116
    9705 12453 11927 17762 10108 10786  9914  9638  8970 11159 15626
   12454 10102 10517 10453 10370 11683]]

 [[    2     2     2     2     2     2     2     2     2     2     2
       2     2     2     2     2     2     2     4     2     2     2
       2     2     2     2     2     2     2     2     2     2     2
       2     2     2     2     2     2     2     2     4     2     2
       2     2     2     2     2     2     2     2     2     2     2
       2     2     2     2     2     2]
  [ 6511 10253 10170 12183  9584 11451  9265 10890 10706 10943 13733
    9827 10152 13816 12051 10405 14840 13518  9594 12324 12296  9140
   12064 10197 11135  9810 15292 12747 10638 12053 11405  9612 11611
   14584 11596 11565 13126  9920  9691 11378 10226  7668 13017 12618
   10156 12485  9908 10623 11686 17316  9120 12000 12301  9612 10410
   10057  9828  9714 13749  9135 10737]]

 [[    2     2     2     2     2     2     2     2     2     2     2
       2     2     2     2     2     2     2     2     2     4     2
       2     2     2     2     2     2     2     2     2     2     2
       2     2     2     2     2     2     2     2     2     2     2
       2     2     2     2     2     2     2     2     2     2     2
       2     2     2     2     2     2]
  [ 6511  8348  9940  9956 10359 10538 11337 12942  9883 11508 10337
    9531 12051  9655 12686  9361 10337 10206 10057 13389 14228 12714
    9304  9276  9583  9927 13725 10142 11301  9209  9123 11291 11166
   14301 11267 10446 11595 10744  8850  9792 11386 13540 16093  9426
   10274 11368 15290 12314 10881 10171 10928 12933 10942 17181 15251
   12114 12751 12522 13584 12658 12066]]]
inconclusive
 
 err: 
done running mariposa 315.6
Bisecting: 7 revisions left to test after this (roughly 3 steps)
[f3b79087eef389011fa90eefcf64b987bed54a9d] add default tactic as option to overwrite the behavior of strategic solver factory
running python3 /home/yizhou7/mariposa/scripts/z3-bisect.py /home/yizhou7/mariposa/data/bisect_tasks/d_fvbkv_z3_clean--lib-Buckets-PackedKV.i.dfy.Impl__DynamicPkv.DynamicPkv.AppendPkv.txt
building z3
done building z3 4.6
running mariposa
res: 125 
 out: [[[    2     2     2     2     2     2     2     2     2     2     2
       2     2     2     2     2     2     2     2     2     2     2
       2     2     2     2     2     2     2     2     2     2     2
       2     2     2     2     2     2     2     2     2     2     2
       2     2     2     2     2     4     2     2     2     2     2
       2     2     2     2     2     2]
  [ 6293 10568  9638 11712 12574 11432 11418 15884 12237  9273 12868
   11840 12879 12142 15978  9601 11594 10050 11967 10412 10461 13306
   11928 18375 12545 10965 10639 11720 10081 10968 11016 12635 11861
   11255  9592  9923 14975 13176 10209 11750  9509  8077 11508  9041
    9967 12654 11923 17889 10185 10763  9915  9479  8984 11176 15854
   10255 12464 10616 10543 10250 11906]]

 [[    2     2     2     2     2     2     2     2     2     2     2
       2     2     2     2     2     2     2     4     2     2     2
       2     2     2     2     2     2     2     2     2     2     2
       2     2     2     2     2     2     2     2     4     2     2
       2     2     2     2     2     2     2     2     2     2     2
       2     2     2     2     2     2]
  [ 6293 10107 10104 12266  9526 11496  9359 11236 10543 13644 11003
   13544 10169  9826 11963 10360 14613 13679  9788 12274 12180  9310
   12016 10157 11298 10001 14971 12563 10557 12298 11228  9580 11994
   11461 14715 11582  9910 13065  9860 11651 10236  7706 12764 12721
   10105 12445  9845 10668 11771  8943 17664 12068 12165  9623 10475
   10112  9848 13781  9702  9128 10707]]

 [[    2     2     2     2     2     2     2     2     2     2     2
       2     2     2     2     2     2     2     2     2     4     2
       2     2     2     2     2     2     2     2     2     2     2
       2     2     2     2     2     2     2     2     2     2     2
       2     2     2     2     2     2     2     2     2     2     2
       2     2     2     2     2     2]
  [ 6293  8321  9809  9938 10480 10558 11377 12979  9903 11455 10178
    9506  9553 12363 12741  9484 10337  9974 10038 13551 14425 12914
    9182  9134  9675  9867 13848 10340 11434  9245  9047 11276 14269
   11431 10998 10693 10723 11634  8909  9734 11690 13533 15856  9348
   10410 11409 15515 12445 10223 10893 11039 12716 11104 16981 15108
   12248 12811 12570 13514 12844 12454]]]
inconclusive
 
 err: 
done running mariposa 315.8
Bisecting: 7 revisions left to test after this (roughly 3 steps)
[3985cfa33c86f47a34797579c166eb2a9a1dc846] ensure parameters are passed to local search
running python3 /home/yizhou7/mariposa/scripts/z3-bisect.py /home/yizhou7/mariposa/data/bisect_tasks/d_fvbkv_z3_clean--lib-Buckets-PackedKV.i.dfy.Impl__DynamicPkv.DynamicPkv.AppendPkv.txt
building z3
done building z3 3.3
running mariposa
res: 125 
 out: [[[    2     2     2     2     2     2     2     2     2     2     2
       2     2     2     2     2     2     2     2     2     2     2
       2     2     2     2     2     2     2     2     2     2     2
       2     2     2     2     2     2     2     2     2     2     2
       2     2     2     2     2     4     2     2     2     2     2
       2     2     2     2     2     2]
  [ 6404 10441  9569 11656 12609 11267 11494 16209 12001  9360 12729
   11831 12495 12241 16228  9660 11494 10023 12225 10533 10722 17915
   13325 11910 12297 11004 10681 11716 10112 10712 11193 12620 11652
   11212  9704  9642 14997 10192 13500 11679  9458 11474  8152  9028
   11953  9876 12737 17655 10096 10782  9974  9573  8900 11149 15467
   10195 10712 12387 10727 10820 11945]]

 [[    2     2     2     2     2     2     2     2     2     2     2
       2     2     2     2     2     2     2     4     2     2     2
       2     2     2     2     2     2     2     2     2     2     2
       2     2     2     2     2     2     2     2     2     4     2
       2     2     2     2     2     2     2     2     2     2     2
       2     2     2     2     2     2]
  [ 6404 10024 10071 12169  9659  9256 11529 11114 10546 13671 10938
   13536  9707 10244 12276 10402 14572 13491  9592 12185 12356  9250
   12133 10180 11184  9673 15168 12788 10628 12057 11355  9565 11695
   14880 11394 11532  9972 13031  9937 11433 10216 12955  7679 12553
    9995 12540  9991 10836 11731 17252  8945 11934 12124  9699 10498
    9844 10089  9552 13825  9339 10713]]

 [[    2     2     2     2     2     2     2     2     2     2     2
       2     2     2     2     2     2     2     2     2     4     2
       2     2     2     2     2     2     2     2     2     2     2
       2     2     2     2     2     2     2     2     2     2     2
       2     2     2     2     2     2     2     2     2     2     2
       2     2     2     2     2     2]
  [ 6404  8320  9720 10208 10342 10497 11235 13078  9944 11394 10075
    9483  9644 12393 12729  9230 10341  9946 10140 13467 14156 12890
    9158  9123  9690  9947 13948 10289 11305  9238  9120 11252 14167
   11381 11133 10497 11532 10775  8839  9802 11399 13453 16131  9488
   10398 11405 15335 12040 10393 10856 10937 12880 10938 17017 15133
   12278 13013 12520 13720 12655 12123]]]
inconclusive
 
 err: 
done running mariposa 315.1
Bisecting: 7 revisions left to test after this (roughly 3 steps)
[b1dbea328a714feb3cbacf141cd5e4c7683587e9] remove unreferenced
running python3 /home/yizhou7/mariposa/scripts/z3-bisect.py /home/yizhou7/mariposa/data/bisect_tasks/d_fvbkv_z3_clean--lib-Buckets-PackedKV.i.dfy.Impl__DynamicPkv.DynamicPkv.AppendPkv.txt
building z3
done building z3 3.3
running mariposa
res: 1 
 out: [[[    3     3     3     3     3     3     3     3     3     3     3
       3     3     2     3     2     3     3     3     3     3     2
       2     3     3     3     3     3     3     3     3     3     3
       2     3     3     3     3     3     3     2     3     3     3
       3     3     3     3     2     3     3     3     2     3     3
       3     3     3     3     3     3]
  [60024 60017 60022 60014 60017 60015 60016 60017 60017 60017 60022
   60019 60037 23286 60049 38577 60017 60017 60017 60025 60020 22777
   16024 60030 60014 60018 60020 60018 60023 60018 60018 60015 60016
   17270 60033 60021 60017 60020 60015 60029 19319 60039 60018 60017
   60015 60028 60016 60017 11239 60015 60025 60021 14979 60019 60016
   60018 60020 60014 60016 60017 60036]]

 [[    3     3     3     4     3     3     3     3     2     3     3
       3     3     3     3     3     3     3     3     3     2     3
       3     3     2     2     2     2     3     3     3     3     2
       2     3     2     3     3     3     2     3     2     2     2
       3     3     2     3     2     3     3     3     3     3     3
       3     3     3     3     3     3]
  [60024 60019 60018 17407 60014 60016 60016 60031 19447 60022 60021
   60016 60023 60018 60020 60029 60027 60017 60017 60020 22713 60025
   60024 60019 27824 18967 26751 17112 60019 60016 60014 60015 15021
   35561 60016 36420 60031 60019 60018 12460 60021 21188 14823 16508
   60029 60028 10969 60030 15218 60019 60021 60038 60016 60023 60024
   60018 60017 60029 60018 60031 60024]]

 [[    3     3     3     3     3     3     3     3     2     2     2
       2     3     3     3     3     3     3     2     2     3     3
       3     3     3     3     3     4     3     3     3     2     3
       2     3     3     3     2     3     2     3     3     2     3
       3     3     3     3     3     3     2     3     3     3     3
       2     3     3     2     3     3]
  [60024 60023 60021 60017 60012 60013 60016 60025 13056 13038 17275
   40131 60016 60026 60013 60016 60015 60017 15529 30936 60017 60019
   60019 60021 60028 60023 60024 25521 60015 60016 60015 37664 60023
   29541 60018 60035 60015 27596 60018 32604 60018 60023 43286 60022
   60019 60017 60017 60020 60015 60018 29276 60015 60019 60017 60022
   13745 60020 60024 46955 60017 60017]]]
unstable
 
 err: 
done running mariposa 1441.9
Bisecting: 6 revisions left to test after this (roughly 3 steps)
[262acc0556d0890c06dc2828c1fe62838ac3cd4f] guard insertion into enode vector @Nils-Becker, produces overflow during heavy quantifier instantiation
running python3 /home/yizhou7/mariposa/scripts/z3-bisect.py /home/yizhou7/mariposa/data/bisect_tasks/d_fvbkv_z3_clean--lib-Buckets-PackedKV.i.dfy.Impl__DynamicPkv.DynamicPkv.AppendPkv.txt
building z3
done building z3 3.3
running mariposa
res: 125 
 out: [[[    2     2     2     2     2     2     2     2     2     2     2
       2     2     2     2     2     2     2     2     2     2     2
       2     2     2     2     2     2     2     2     2     2     2
       2     2     2     2     2     2     2     2     2     2     2
       2     2     2     2     2     4     2     2     2     2     2
       2     2     2     2     2     2]
  [ 6339  9619 10410 11684 12681 11429 11331 16347  9184 12045 12752
   11880 12792 16116 12249  9821 10009 11473 11981 10581 10573 18271
   12224 13256 12369 10934 10572 11700 10159 11015 10880 11656 12915
   11274  9731  9688 14864 10385 13279 11837  9411  8132 11513  9010
    9822 12034 12719 17675 10294 10894  9951  9421  9149 11166 15373
   12662 10146 10612 10475 10690 11872]]

 [[    2     2     2     2     2     2     2     2     2     2     2
       2     2     2     2     2     2     2     4     2     2     2
       2     2     2     2     2     2     2     2     2     2     2
       2     2     2     2     2     2     2     2     4     2     2
       2     2     2     2     2     2     2     2     2     2     2
       2     2     2     2     2     2]
  [ 6339 10122 10093 12300  9584 11375  9449 10806 10513 13837 11043
   10124 13609  9965 12032 10358 14566 13687  9729 12178 12254  9111
   12368 10319  9754 11144 14989 12618 10825 12201 11273  9742 11675
   14606 11694 11490 13235  9964  9767 11609 10172  7701 13015 12584
   10043 12502  9961 10719 12035 17411  9010 11926 12060  9668 10617
    9905 10129  9574 13860 10611  9237]]

 [[    2     2     2     2     2     2     2     2     2     2     2
       2     2     2     2     2     2     2     2     2     4     2
       2     2     2     2     2     2     2     2     2     2     2
       2     2     2     2     2     2     2     2     2     2     2
       2     2     2     2     2     2     2     2     2     2     2
       2     2     2     2     2     2]
  [ 6339  8413  9764 10004 10406 10391 11488 13015 10018 11504 10140
    9506 12069  9752 12754  9244 10430  9976 10065 13493 14232 12861
    9169  9262  9633 14017  9974 10201 11337  9372  9041 11262 11247
   14177 11101 10539 11847 10889  8969  9670 11347 13509 15851  9345
   10477 11503 12203 15633 10231 10795 12756 11119 11179 16989 15219
   12197 12803 12669 13511 12956 12093]]]
inconclusive
 
 err: 
done running mariposa 315.7
Bisecting: 6 revisions left to test after this (roughly 3 steps)
[1e770af1cc04f85a8d7a990ba0c9c4e433b83fa8] local sort
running python3 /home/yizhou7/mariposa/scripts/z3-bisect.py /home/yizhou7/mariposa/data/bisect_tasks/d_fvbkv_z3_clean--lib-Buckets-PackedKV.i.dfy.Impl__DynamicPkv.DynamicPkv.AppendPkv.txt
building z3
done building z3 3.4
running mariposa
res: 125 
 out: [[[    2     2     2     2     2     2     2     2     2     2     2
       2     2     2     2     2     2     2     2     2     2     2
       2     2     2     2     2     2     2     2     2     2     2
       2     2     2     2     2     2     2     2     2     2     2
       2     2     2     2     2     4     2     2     2     2     2
       2     2     2     2     2     2]
  [ 6481 10634  9557 11901 12837 11175 11482 15858 12047  9433 12845
   11793 12608 12373 16205  9602 10072 11489 12037 10659 10759 18055
   13264 11969 12321 11001 10745 12001 10122 10951 10869 12577 11591
   11436  9657  9672 15175 13232 10184 11618  9410  8089 11643  9072
    9828 12681 11921 17862 10380 10842  9862  9551  8898 11345 15428
   10131 10694 12474 10584 10604 12145]]

 [[    2     2     2     2     2     2     2     2     2     2     2
       2     2     2     2     2     2     2     4     2     2     2
       2     2     2     2     2     2     2     2     2     2     2
       2     2     2     2     2     2     2     2     2     4     2
       2     2     2     2     2     2     2     2     2     2     2
       2     2     2     2     2     2]
  [ 6481 10047 10093 12531  9645 11412  9239 11074 10464 13714 11031
    9736 10337 13532 12225 10361 14580 13610  9565 12159 12523  9084
   12284 10188 11285 10020 15121 12508 10725 12094 11313  9647 11982
   14606 11427 11545 10039 13071  9722 11644 10486 12709  7746 12508
   10051 12457  9937 10667 12002  8953 17400 11998 12143  9485 10603
   10062  9925  9524 13994 10621  9090]]

 [[    2     2     2     2     2     2     2     2     2     2     2
       2     2     2     2     2     2     2     2     2     4     2
       2     2     2     2     2     2     2     2     2     2     2
       2     2     2     2     2     2     2     2     2     2     2
       2     2     2     2     2     2     2     2     2     2     2
       2     2     2     2     2     2]
  [ 6481  8379  9986 10096 10448 10576 11228 12895 11547 10085 10212
    9514  9482 12278 12748  9323 10293  9961 10192 13724 14228 12895
    9179  9051  9790 13721  9918 10164 11632  9337  9224 14231 11258
   11131 11124 10783 11698  8874 10832  9667 11413 13538 15788  9339
   10374 11572 15388 12363 10205 10844 11095 12686 10943 17049 15276
   12200 13034 12678 13517 12731 12153]]]
inconclusive
 
 err: 
done running mariposa 315.9
Bisecting: 6 revisions left to test after this (roughly 3 steps)
[b1893f2a58b44106c32c05ea64d4fe6552d763dd] fix build issue for debug mode
running python3 /home/yizhou7/mariposa/scripts/z3-bisect.py /home/yizhou7/mariposa/data/bisect_tasks/d_fvbkv_z3_clean--lib-Buckets-PackedKV.i.dfy.Impl__DynamicPkv.DynamicPkv.AppendPkv.txt
building z3
done building z3 3.3
running mariposa
res: 125 
 out: [[[    2     2     2     2     2     2     2     2     2     2     2
       2     2     2     2     2     2     2     2     2     2     2
       2     2     2     2     2     2     2     2     2     2     2
       2     2     2     2     2     2     2     2     2     2     2
       2     2     2     2     2     4     2     2     2     2     2
       2     2     2     2     2     2]
  [ 6399 10421  9617 11831 12707 11109 11407 15899 12111  9233 12773
   12012 12492 12279 16265  9810 11462  9997 11970 10475 10629 18040
   13312 12141 12369 10852 10540 11854 10965 10325 10778 12658 11539
   11144  9721  9875 15143 13269 10120 11806  9320  8156 11509  9199
    9703 12489 11867 17720 10241 10854 10106  9471  9050 11075 15325
   10075 12288 10581 10640 10533 11730]]

 [[    2     2     2     2     2     2     2     2     2     2     2
       2     2     2     2     2     2     2     4     2     2     2
       2     2     2     2     2     2     2     2     2     2     2
       2     2     2     2     2     2     2     2     4     2     2
       2     2     2     2     2     2     2     2     2     2     2
       2     2     2     2     2     2]
  [ 6399 10101 10067 12206  9628  9263 11669 10876 10541 13602 11133
   10130 13615  9923 12085 10519 14464 13629  9615 12199 12409  9131
   12208 10218 11139  9739 15173 12465 10733 12211 11462  9663 11709
   14570 11404 11446 13147 10168  9753 11452 10410  7714 12787 12533
   10010 12753  9842 10689 11998 17306  9132 12039 12128  9477 10383
   10113  9987  9571 13790  9127 10871]]

 [[    2     2     2     2     2     2     2     2     2     2     2
       2     2     2     2     2     2     2     2     2     4     2
       2     2     2     2     2     2     2     2     2     2     2
       2     2     2     2     2     2     2     2     2     2     2
       2     2     2     2     2     2     2     2     2     2     2
       2     2     2     2     2     2]
  [ 6399  8373  9661 10226 10365 10460 11205 12919  9836 11462 10265
    9463  9522 12059 12960  9289 10287 10097 13498 10254 14279 12838
    9153  9239  9660 13613 10145 10201 11376  9343  9105 14134 11296
   11148 11328 10466 11707  8913 10778  9855 11365 13489 15769 10405
    9548 11443 15259 12290 10221 10859 11008 12677 10867 17337 15089
   12181 12725 12536 13784 12624 12298]]]
inconclusive
 
 err: 
done running mariposa 315.2
Bisecting: 6 revisions left to test after this (roughly 3 steps)
[5177cc4a9a58df192c6a844ca13abf7e7cd3be15] change lt
running python3 /home/yizhou7/mariposa/scripts/z3-bisect.py /home/yizhou7/mariposa/data/bisect_tasks/d_fvbkv_z3_clean--lib-Buckets-PackedKV.i.dfy.Impl__DynamicPkv.DynamicPkv.AppendPkv.txt
building z3
done building z3 3.3
running mariposa
res: 1 
 out: [[[    3     3     3     3     3     3     3     3     3     3     3
       3     3     2     2     3     3     3     3     3     3     2
       3     2     3     3     3     3     3     3     3     3     3
       2     3     3     3     3     3     3     2     3     3     3
       3     3     3     3     2     3     3     3     2     3     3
       3     3     3     3     3     3]
  [60024 60017 60025 60016 60016 60016 60016 60016 60019 60016 60024
   60020 60037 23561 31516 60048 60016 60017 60016 60025 60019 23117
   60031 15590 60016 60019 60021 60018 60024 60017 60019 60018 60017
   17376 60031 60020 60015 60020 60017 60030 19795 60038 60017 60015
   60017 60029 60018 60017 11572 60017 60024 60020 14962 60019 60016
   60017 60020 60015 60017 60016 60035]]

 [[    3     3     3     4     3     3     3     3     2     3     3
       3     3     3     3     3     3     3     3     3     2     3
       3     3     2     2     2     2     3     3     3     3     2
       2     3     2     3     3     3     2     3     2     2     2
       3     3     2     3     2     3     3     3     3     3     3
       3     3     3     3     3     3]
  [60024 60018 60019 17534 60014 60016 60015 60032 19198 60021 60021
   60015 60022 60018 60019 60032 60025 60017 60017 60020 22811 60025
   60024 60018 27946 18885 26744 17516 60019 60016 60016 60014 14790
   35193 60016 36324 60031 60017 60017 12484 60021 21452 15528 15898
   60029 60028 10764 60029 15174 60020 60021 60040 60017 60024 60019
   60018 60016 60031 60017 60031 60022]]

 [[    3     3     3     3     3     3     3     3     2     2     2
       2     3     3     3     3     3     3     2     2     3     3
       3     3     3     3     3     4     3     3     3     2     3
       2     3     3     3     2     3     2     3     3     2     3
       3     3     3     3     3     3     2     3     3     3     3
       2     3     3     2     3     3]
  [60024 60013 60020 60027 60013 60021 60013 60013 13083 13051 17085
   39701 60026 60018 60014 60015 60014 60015 15280 30515 60017 60018
   60019 60020 60027 60024 60022 25326 60015 60016 60017 37358 60024
   29909 60015 60037 60014 27530 60018 32416 60018 60025 42608 60022
   60018 60017 60018 60019 60017 60019 29319 60016 60017 60017 60021
   14049 60022 60024 46073 60017 60017]]]
unstable
 
 err: 
done running mariposa 1435.7
Bisecting: 5 revisions left to test after this (roughly 3 steps)
[ec1653fdff146ff8d1b3b2281e875494f4fc3a96] Merge pull request #2345 from schedutron/master
running python3 /home/yizhou7/mariposa/scripts/z3-bisect.py /home/yizhou7/mariposa/data/bisect_tasks/d_fvbkv_z3_clean--lib-Buckets-PackedKV.i.dfy.Impl__DynamicPkv.DynamicPkv.AppendPkv.txt
building z3
done building z3 3.4
running mariposa
res: 0 
 out: [[[    2     2     2     2     2     2     2     2     2     2     2
       2     2     2     2     2     2     2     2     2     2     2
       2     2     2     2     2     2     4     2     2     2     2
       2     2     4     2     2     2     2     2     2     2     2
       2     2     2     2     2     2     2     2     2     2     2
       2     2     2     2     2     2]
  [ 5324  5486  7209  9176  7507  9969  9426 10329  7845  8027  8846
    7194 10102 10545  6239  8091  7514  8265  8479  8198  9194  8360
    8153  7696  8019  9593  8540  7554  5680  8343  7216  9393  8865
    9575  7437  5844  7699  7957  9294  8688  7971  8537  8569  9696
   11199  8245  7939  8749  6972  8950  7501  7594  9004  8765  7199
   10600  8634  8703  7686  7821  7685]]

 [[    2     2     2     2     2     2     2     2     2     2     2
       2     2     2     2     2     2     2     2     2     2     2
       2     2     2     2     2     2     2     2     2     2     2
       2     2     2     2     2     2     2     2     2     2     2
       2     2     2     2     2     2     2     2     2     2     2
       2     2     2     2     2     2]
  [ 5324  9116  8129  8968 11542  9937  9631 10390  9329  9332 10719
    9277  9838  9812  9122  8597  8602  9274  8719  9652  9163  9130
   14013 11602 11579  9080  9288  9450  8872 10181  8805  8151  8598
    8733  8951  9355  7680  8657  8462  8647  7995  7836  8771  8186
    8448  8631  8565 10215  9411  9765  7632  8444  7695  8233  8340
    9009  8025  9574  8939  9108 10579]]

 [[    2     2     2     2     2     2     2     2     2     2     2
       2     2     2     2     4     2     2     2     2     2     2
       2     2     2     2     2     2     2     2     2     2     2
       2     2     2     2     2     4     2     2     2     2     2
       2     4     2     2     2     2     2     2     2     2     2
       2     2     2     2     2     3]
  [ 5324  7944  8135  8361  9283  9600 10715 11174  8368  7326  8832
    8612  7560  7161 11614  6884  7924  9089  8949  8271  9511  9353
    6983  7672  8403  9544  9568  8529  6506  9227  8844 10037  9084
    8672  9776  8732  8682 10429  8836  6886  8301  8756  8169  9173
    9410  7189  7874  8772  7326  7649 11880  7196  6545  8691  7478
    8150  9003  7603  7487  7734 60017]]]
stable
 
 err: 
done running mariposa 247.9
There are only 'skip'ped commits left to test.
The first bad commit could be any of:
3985cfa33c86f47a34797579c166eb2a9a1dc846
88d51d33770bc74cff91d6c0d7ea784cb80d3a50
0f7ff2a3d016ce6cc0dcc2654a6aa0187bc55192
e603bc1ea1ba2b710372dd01dddba705a0e5cb96
1827f98851e1866187abe743afd2d80bc786412f
262acc0556d0890c06dc2828c1fe62838ac3cd4f
b1893f2a58b44106c32c05ea64d4fe6552d763dd
f3b79087eef389011fa90eefcf64b987bed54a9d
1e770af1cc04f85a8d7a990ba0c9c4e433b83fa8
7c9d2e0d75757ed6aa535f72c7dec70d5a527fed
5177cc4a9a58df192c6a844ca13abf7e7cd3be15
We cannot bisect more!
git bisect start
# good: [e79542cc689d52ec4cb34ce4ae3fbe56e7a0bf70] fix #2309
git bisect good e79542cc689d52ec4cb34ce4ae3fbe56e7a0bf70
# bad: [ad55a1f1c617a7f0c3dd735c0780fc758424c7f1] Update release.yml for Azure Pipelines
git bisect bad ad55a1f1c617a7f0c3dd735c0780fc758424c7f1
# skip: [e2702f3ae88f5c48a55f4473bb5c29184c182634] fixes in assigning constraints to intervals
git bisect skip e2702f3ae88f5c48a55f4473bb5c29184c182634
# skip: [1915812f84cf41a5f232eedf2a695a54d055aa88] add a test for intervals
git bisect skip 1915812f84cf41a5f232eedf2a695a54d055aa88
# bad: [8faf35e2e0c8fce99794e71bd3b5de74b95ceb5a] fix #3735
git bisect bad 8faf35e2e0c8fce99794e71bd3b5de74b95ceb5a
# skip: [d1a5635b4ad7f8632356b380f3a9b1fc83fdb04f] better model based lemmaas
git bisect skip d1a5635b4ad7f8632356b380f3a9b1fc83fdb04f
# skip: [0a86bd14f792ef5fadb8eeb346729a612f7e1588] start on test nla
git bisect skip 0a86bd14f792ef5fadb8eeb346729a612f7e1588
# bad: [f7747d9e76bd685a02ce5c5fbda91fc356856b5e] fix parameter collection for tactic-based solvers reported in #3065
git bisect bad f7747d9e76bd685a02ce5c5fbda91fc356856b5e
# skip: [0644194fc96a853df44c37f9e4522796aa40add8] work on lemma from product to factors, and some renaming
git bisect skip 0644194fc96a853df44c37f9e4522796aa40add8
# bad: [0321312c8db1d3f0edbd23e6e48884fbb7d77d1d] Changed to get_const_interp to match Java and C# bindings
git bisect bad 0321312c8db1d3f0edbd23e6e48884fbb7d77d1d
# bad: [6e637348826f0725ba8a01c455448023ca2889e4] Merge pull request #2368 from waywardmonkeys/fix-typo
git bisect bad 6e637348826f0725ba8a01c455448023ca2889e4
# good: [9b4f327e29de8eadd112e53af5a8fb9f430fabf7] set upload mode to replace
git bisect good 9b4f327e29de8eadd112e53af5a8fb9f430fabf7
# good: [42ac3a536369a7d4a7eafa1fa15b571b146ba594] merge with csp
git bisect good 42ac3a536369a7d4a7eafa1fa15b571b146ba594
# bad: [b4290d4b3d7c021965e9ce7ee636caac0f9cac74] python regression
git bisect bad b4290d4b3d7c021965e9ce7ee636caac0f9cac74
# skip: [0f7ff2a3d016ce6cc0dcc2654a6aa0187bc55192] swap
git bisect skip 0f7ff2a3d016ce6cc0dcc2654a6aa0187bc55192
# good: [2fd579bdd2385bbb7c448646e64d5d1310c0a4b6] Fix typo in ForAll Doc
git bisect good 2fd579bdd2385bbb7c448646e64d5d1310c0a4b6
# skip: [7c9d2e0d75757ed6aa535f72c7dec70d5a527fed] pydoc test
git bisect skip 7c9d2e0d75757ed6aa535f72c7dec70d5a527fed
# skip: [1827f98851e1866187abe743afd2d80bc786412f] more fixes for mutexes in shell
git bisect skip 1827f98851e1866187abe743afd2d80bc786412f
# bad: [333b32b0d2c829e771f2e9c9d632f00632220b44] disable adding redundant ite clauses as lemma. Add as non-redundant
git bisect bad 333b32b0d2c829e771f2e9c9d632f00632220b44
# skip: [e603bc1ea1ba2b710372dd01dddba705a0e5cb96] remove suport for VS 2013
git bisect skip e603bc1ea1ba2b710372dd01dddba705a0e5cb96
# bad: [017680898aa57c4d9c36ccf2df20aa3befbc5ecb] update doctest
git bisect bad 017680898aa57c4d9c36ccf2df20aa3befbc5ecb
# skip: [88d51d33770bc74cff91d6c0d7ea784cb80d3a50] fix python doc regression
git bisect skip 88d51d33770bc74cff91d6c0d7ea784cb80d3a50
# skip: [f3b79087eef389011fa90eefcf64b987bed54a9d] add default tactic as option to overwrite the behavior of strategic solver factory
git bisect skip f3b79087eef389011fa90eefcf64b987bed54a9d
# skip: [3985cfa33c86f47a34797579c166eb2a9a1dc846] ensure parameters are passed to local search
git bisect skip 3985cfa33c86f47a34797579c166eb2a9a1dc846
# bad: [b1dbea328a714feb3cbacf141cd5e4c7683587e9] remove unreferenced
git bisect bad b1dbea328a714feb3cbacf141cd5e4c7683587e9
# skip: [262acc0556d0890c06dc2828c1fe62838ac3cd4f] guard insertion into enode vector @Nils-Becker, produces overflow during heavy quantifier instantiation
git bisect skip 262acc0556d0890c06dc2828c1fe62838ac3cd4f
# skip: [1e770af1cc04f85a8d7a990ba0c9c4e433b83fa8] local sort
git bisect skip 1e770af1cc04f85a8d7a990ba0c9c4e433b83fa8
# skip: [b1893f2a58b44106c32c05ea64d4fe6552d763dd] fix build issue for debug mode
git bisect skip b1893f2a58b44106c32c05ea64d4fe6552d763dd
# bad: [5177cc4a9a58df192c6a844ca13abf7e7cd3be15] change lt
git bisect bad 5177cc4a9a58df192c6a844ca13abf7e7cd3be15
# good: [ec1653fdff146ff8d1b3b2281e875494f4fc3a96] Merge pull request #2345 from schedutron/master
git bisect good ec1653fdff146ff8d1b3b2281e875494f4fc3a96
# only skipped commits left to test
# possible first bad commit: [5177cc4a9a58df192c6a844ca13abf7e7cd3be15] change lt
# possible first bad commit: [7c9d2e0d75757ed6aa535f72c7dec70d5a527fed] pydoc test
# possible first bad commit: [b1893f2a58b44106c32c05ea64d4fe6552d763dd] fix build issue for debug mode
# possible first bad commit: [1827f98851e1866187abe743afd2d80bc786412f] more fixes for mutexes in shell
# possible first bad commit: [e603bc1ea1ba2b710372dd01dddba705a0e5cb96] remove suport for VS 2013
# possible first bad commit: [88d51d33770bc74cff91d6c0d7ea784cb80d3a50] fix python doc regression
# possible first bad commit: [3985cfa33c86f47a34797579c166eb2a9a1dc846] ensure parameters are passed to local search
# possible first bad commit: [0f7ff2a3d016ce6cc0dcc2654a6aa0187bc55192] swap
# possible first bad commit: [262acc0556d0890c06dc2828c1fe62838ac3cd4f] guard insertion into enode vector @Nils-Becker, produces overflow during heavy quantifier instantiation
# possible first bad commit: [f3b79087eef389011fa90eefcf64b987bed54a9d] add default tactic as option to overwrite the behavior of strategic solver factory
# possible first bad commit: [1e770af1cc04f85a8d7a990ba0c9c4e433b83fa8] local sort
