running python3 /home/yizhou7/mariposa/scripts/z3-bisect.py /home/yizhou7/mariposa/data/bisect_tasks/d_fvbkv_z3_clean--lib-Buckets-PackedKV.i.dfy.Impl__PackedKV.__default.Imaps.txt
building z3
Bisecting: 1453 revisions left to test after this (roughly 11 steps)
[1915812f84cf41a5f232eedf2a695a54d055aa88] add a test for intervals
running python3 /home/yizhou7/mariposa/scripts/z3-bisect.py /home/yizhou7/mariposa/data/bisect_tasks/d_fvbkv_z3_clean--lib-Buckets-PackedKV.i.dfy.Impl__PackedKV.__default.Imaps.txt
building z3
Bisecting: 1453 revisions left to test after this (roughly 11 steps)
[8faf35e2e0c8fce99794e71bd3b5de74b95ceb5a] fix #3735
running python3 /home/yizhou7/mariposa/scripts/z3-bisect.py /home/yizhou7/mariposa/data/bisect_tasks/d_fvbkv_z3_clean--lib-Buckets-PackedKV.i.dfy.Impl__PackedKV.__default.Imaps.txt
building z3
done building z3 3.4
running mariposa
res: 1 
 out: [[[    3     2     2     2     2     2     2     2     3     2     2
       3     2     3     3     3     2     2     3     3     3     2
       2     3     2     2     3     3     3     2     3     3     3
       3     2     3     3     3     2     2     3     3     3     3
       3     3     2     2     3     3     2     2     3     3     3
       3     3     3     3     3     3]
  [60027  1533  3170  1423  1929   996  1278  2504 60017  1396  1893
   60037   800 60017 60030 60035  2189  1112 60021 60016 60021  1256
    2007 60015  1453  1461 60036 60014 60017  1906 60015 60015 60042
   60039  2114 60014 60016 60032  1314  1047 60015 60036 60041 60025
   60034 60016  2053  1124 60020 60034  2046  1013 60015 60069 60040
   60018 60033 60015 60016 60030 60016]]

 [[    3     2     3     2     3     2     3     2     2     2     3
       3     2     3     3     2     2     2     3     2     2     3
       3     3     2     2     2     3     2     3     2     2     2
       2     2     2     2     2     3     2     2     2     2     2
       2     2     2     3     3     2     2     2     2     2     2
       3     3     3     3     3     3]
  [60027  1464 60016  1429 60022  1647 60016  1736  1493  3143 60017
   60027  1749 60014 60025  1186   951  1560 60025  1883  3067 60026
   60031 60030 50097   990  1113 60019  2124 60027  2209  2595   865
    1643  2313  1742  1347  1679 60040  1173  1394  1031  1335  1679
    1020  1164  1696 60035 60018  4643  1469  1765  1842  1579  1171
   60021 60018 60016 60030 60031 60016]]

 [[    3     2     2     2     2     2     2     2     2     2     2
       3     3     3     2     3     2     3     2     2     2     2
       2     3     2     2     2     2     2     3     2     2     2
       2     3     2     3     3     3     3     2     3     2     2
       2     3     3     3     3     3     2     2     2     3     2
       3     3     3     3     3     3]
  [60027  1018  1237  1435  1418  1278  1559  1540 11431  1449  1208
   60020 60021 60024  1260 60024   967 60028  1066  1141  1050  1329
    1817 60017  1759  2135  2070  1595  2539 60017  1884  1073  1278
    1332 60014  2042 60013 60016 60014 60027  1838 60030  2212  2046
    1619 60017 60033 60016 60017 60017  1127  1507  1594 60015  1349
   60031 60031 60031 60030 60026 60025]]]
unstable
 
 err: 
done running mariposa 827.6
Bisecting: 1254 revisions left to test after this (roughly 10 steps)
[d1a5635b4ad7f8632356b380f3a9b1fc83fdb04f] better model based lemmaas
running python3 /home/yizhou7/mariposa/scripts/z3-bisect.py /home/yizhou7/mariposa/data/bisect_tasks/d_fvbkv_z3_clean--lib-Buckets-PackedKV.i.dfy.Impl__PackedKV.__default.Imaps.txt
building z3
Bisecting: 1254 revisions left to test after this (roughly 10 steps)
[0a86bd14f792ef5fadb8eeb346729a612f7e1588] start on test nla
running python3 /home/yizhou7/mariposa/scripts/z3-bisect.py /home/yizhou7/mariposa/data/bisect_tasks/d_fvbkv_z3_clean--lib-Buckets-PackedKV.i.dfy.Impl__PackedKV.__default.Imaps.txt
building z3
Bisecting: 1254 revisions left to test after this (roughly 10 steps)
[f7747d9e76bd685a02ce5c5fbda91fc356856b5e] fix parameter collection for tactic-based solvers reported in #3065
running python3 /home/yizhou7/mariposa/scripts/z3-bisect.py /home/yizhou7/mariposa/data/bisect_tasks/d_fvbkv_z3_clean--lib-Buckets-PackedKV.i.dfy.Impl__PackedKV.__default.Imaps.txt
building z3
done building z3 3.5
running mariposa
res: 1 
 out: [[[    3     2     2     2     2     2     3     3     2     3     2
       2     2     2     2     3     2     3     3     3     2     2
       3     2     3     3     2     3     3     2     3     3     3
       2     3     3     3     2     3     3     3     3     2     3
       3     3     2     2     2     3     2     2     3     2     3
       3     3     3     3     3     3]
  [60035  2877  1739  1551  1314  2225 60021 60020  1609 60019  2217
    1205  4889  2952  1203 60017  1475 60031 60017 60032  1809  1499
   60017  1571 60034 60024  1650 60016 60018  2012 60017 60033 60018
    1854 60031 60032 60027  1086 60030 60017 60020 60016  1768 60033
   60015 60014  1381  1398  1174 60019  1962  1204 60034  1249 60033
   60032 60035 60021 60016 60021 60021]]

 [[    3     2     2     2     2     2     2     2     2     2     2
       2     2     2     2     3     2     2     2     2     2     2
       3     3     3     3     2     2     2     2     3     2     2
       2     3     2     2     2     2     2     3     3     3     3
       3     2     3     3     2     2     2     2     2     3     2
       3     3     3     3     3     3]
  [60035  1361  1401  1277  2295  1540  1254  5239  1131  1469  1035
    1941  1978  2434  1452 60016  1380  1315  2018  2392  1767  5059
   60038 60019 60026 60021  1074   922  1375  1470 60025  2806   956
    1262 60027  1441  1417  1689  1522  1298 60018 60020 60034 60032
   60033  1198 60017 60029  1968  1247  1366  9003  1803 60019  1399
   60031 60027 60017 60019 60028 60024]]

 [[    3     2     2     2     2     2     2     3     3     3     3
       3     2     2     3     3     2     2     2     2     2     2
       2     3     3     3     3     2     2     2     2     2     2
       3     3     2     2     2     3     2     2     3     3     2
       2     3     2     3     2     3     3     2     2     3     2
       3     3     3     3     3     3]
  [60035   835  1057  1275  1719  1492  1412 60017 60023 60029 60022
   60025  1239  1315 60027 60016  2085  1832  1709  1521  1346  3718
    1344 60024 60017 60029 60029  1296  1455  1509  1662   947  1203
   60029 60015  2614  1391  1460 60015  1471  1193 60023 60030  1776
    2627 60015  1031 60016  1899 60017 60018  1426  1306 60015  1695
   60031 60027 60016 60017 60030 60025]]]
unstable
 
 err: 
done running mariposa 820.1
Bisecting: 1034 revisions left to test after this (roughly 10 steps)
[0644194fc96a853df44c37f9e4522796aa40add8] work on lemma from product to factors, and some renaming
running python3 /home/yizhou7/mariposa/scripts/z3-bisect.py /home/yizhou7/mariposa/data/bisect_tasks/d_fvbkv_z3_clean--lib-Buckets-PackedKV.i.dfy.Impl__PackedKV.__default.Imaps.txt
building z3
Bisecting: 1034 revisions left to test after this (roughly 10 steps)
[0321312c8db1d3f0edbd23e6e48884fbb7d77d1d] Changed to get_const_interp to match Java and C# bindings
running python3 /home/yizhou7/mariposa/scripts/z3-bisect.py /home/yizhou7/mariposa/data/bisect_tasks/d_fvbkv_z3_clean--lib-Buckets-PackedKV.i.dfy.Impl__PackedKV.__default.Imaps.txt
building z3
done building z3 3.4
running mariposa
res: 1 
 out: [[[    3     2     2     2     2     3     3     3     2     3     3
       3     3     2     2     2     2     2     2     2     2     3
       3     3     2     2     3     3     3     2     3     2     3
       2     3     3     2     2     3     2     2     3     2     2
       2     3     2     3     2     3     3     2     3     2     2
       3     3     3     3     3     3]
  [60010  2045  1836  1076  1531 60029 60023 60015  1023 60034 60017
   60027 60032  1047  1290  3233  1211   919 11213  1894 45945 60017
   60017 60035  3971  7940 60029 60019 60038  1546 60035  1004 60017
    1088 60018 60030  1183  2030 60027  1330  1303 60029  1536  1225
    1533 60016 16921 60039  1202 60018 60032  1016 60027  1362  2047
   60030 60028 60018 60023 60032 60016]]

 [[    3     2     2     2     2     3     3     2     3     3     2
       3     3     3     2     2     2     3     3     3     2     2
       3     3     3     3     2     2     3     2     2     3     2
       3     3     2     3     3     2     3     2     3     2     2
       3     2     3     3     3     2     3     3     2     3     3
       3     3     3     3     3     3]
  [60010  1824  1038  1707  1491 60032 60034  1189 60032 60019  3497
   60028 60032 60015  1698  2706  1701 60032 60019 60030  1243  1850
   60020 60022 60034 60033  1178  1960 60028  1318  1089 60028  1643
   60027 60015  1359 60051 60030  2223 60017  1782 60034  1222  1145
   60017  1180 60024 60014 60015  1437 60020 60019 17891 60020 60018
   60029 60015 60031 60022 60033 60029]]

 [[    3     2     2     2     2     2     2     2     2     2     3
       3     3     3     2     2     3     2     2     3     3     2
       2     3     3     3     2     3     3     2     3     2     2
       2     2     2     3     3     3     3     3     3     3     2
       3     3     3     3     2     3     3     2     2     3     3
       3     3     3     3     3     3]
  [60010   929   933  1288  1396  1846  1443  2014  1359  2148 60026
   60029 60030 60018   902  1064 60013  1638  1587 60031 60027  4287
    1394 60016 60013 60013  1532 60031 60023  1315 60019  2779  1296
    1685  1762  1517 60024 60030 60023 60027 60029 60028 60025  1242
   60033 60021 60033 60028  1181 60016 60015  1363  1512 60021 60032
   60020 60029 60017 60035 60018 60015]]]
unstable
 
 err: 
done running mariposa 982.7
Bisecting: 261 revisions left to test after this (roughly 8 steps)
[6e637348826f0725ba8a01c455448023ca2889e4] Merge pull request #2368 from waywardmonkeys/fix-typo
running python3 /home/yizhou7/mariposa/scripts/z3-bisect.py /home/yizhou7/mariposa/data/bisect_tasks/d_fvbkv_z3_clean--lib-Buckets-PackedKV.i.dfy.Impl__PackedKV.__default.Imaps.txt
building z3
done building z3 3.4
running mariposa
res: 1 
 out: [[[    2     2     2     2     2     2     3     3     3     3     3
       2     3     2     2     3     3     2     3     3     2     2
       3     2     2     2     2     2     3     2     3     2     3
       3     2     2     3     3     2     2     3     3     2     2
       3     3     3     3     2     3     3     3     2     3     2
       3     3     3     3     3     3]
  [  522  1795  1518  1036  1442  1777 60040 60034 60017 60028 60027
    1619 60033  2436   975 60015 60016  1208 60032 60017  3376  1557
   60027  1070   870   964  1574  1924 60029   953 60019 25782 60037
   60040  1099  1747 60029 60028   912   838 60031 60020  1743  1873
   60036 60036 60018 60030  1729 60032 60029 60029  1200 60037  1088
   60020 60030 60018 60030 60020 60031]]

 [[    2     2     2     2     3     3     3     2     2     3     3
       2     3     3     3     3     3     3     3     3     3     2
       3     3     2     3     2     2     3     3     3     3     2
       3     2     2     3     2     3     3     2     3     3     2
       2     2     3     2     3     3     3     2     2     2     3
       3     3     3     3     3     3]
  [  522  1130  1208  1044 60020 60027 60028  2831  3206 60027 60015
    1360 60026 60019 60016 60034 60017 60019 60036 60026 60015  1165
   60015 60031  1386 60034 49027  1585 60032 60018 60020 60036  1232
   60033  1527  1932 60030  1698 60016 60032  2089 60030 60016  1083
    1552  1216 60015  1579 60019 60036 60038  1227  1127  1553 60022
   60019 60017 60033 60032 60018 60022]]

 [[    2     2     3     3     3     3     3     3     3     2     2
       2     2     2     3     3     3     3     2     2     3     3
       2     2     2     3     2     2     2     3     3     2     3
       2     2     3     3     3     2     2     3     2     2     3
       3     2     3     2     3     3     2     3     2     2     3
       2     2     3     3     3     3]
  [  522  1212 60027 60018 60013 60032 60034 60027 60017  1621  2764
    1128  1676  1915 60018 60027 60025 60032  1174  1312 60027 60017
    2278   766  1051 60018  1385  2209  1256 60021 60031  1128 60026
    1516  1645 60029 60028 60016  1692  3623 60018  1221  2101 60023
   60026  1005 60021  1350 60030 60030  2872 60015  1397  1326 60017
     789  1960 60035 60026 60031 60031]]]
unstable
 
 err: 
done running mariposa 934.0
Bisecting: 130 revisions left to test after this (roughly 7 steps)
[9b4f327e29de8eadd112e53af5a8fb9f430fabf7] set upload mode to replace
running python3 /home/yizhou7/mariposa/scripts/z3-bisect.py /home/yizhou7/mariposa/data/bisect_tasks/d_fvbkv_z3_clean--lib-Buckets-PackedKV.i.dfy.Impl__PackedKV.__default.Imaps.txt
building z3
done building z3 3.3
running mariposa
res: 0 
 out: [[[   2    2    2    2    2    2    2    2    2    2    2    2    2    2
      2    2    2    2    2    2    2    2    2    2    2    2    2    2
      2    2    2    2    2    2    2    2    2    2    2    2    2    2
      2    2    2    2    2    2    2    2    2    2    2    2    2    2
      2    2    2    2    2]
  [ 957  854 1167  774 1074 1162  927  912 1041 1203 1068 1370  870  786
    640  732 1300 1234 1055 1103 1265  876  728 1049  914 1386 1442 1304
   1146  742  788 1105  784  825  808 1281  878 1033  691  660  779  686
   1394 1006  859 1444 1197 1275 1084  843 1733  924  737  845  989  750
    888  745  810 1148  910]]

 [[   2    2    2    2    2    2    2    2    2    2    2    2    2    2
      2    2    2    2    2    2    2    2    2    2    2    2    2    2
      2    2    2    2    2    2    2    2    2    2    2    2    2    2
      2    2    2    2    2    2    2    2    2    2    2    2    2    2
      2    2    2    2    2]
  [ 957 1398 1242 1230 1467 1243 1239 1410 1071 1382 1205 1377 1452 1361
   1688 1313 1371 1204 1500 1246 1083 1283 1330 1329 1344 1224 1201 1297
   1275 1346 1396 1499 1238 1407 1002 1026 1254 1315 1032 1482 1461 1393
   1305 1292 1492 1246 1398 1320 1128 1316 1268 1240 1048 1114 1280 1481
   1476 1327 1326 1458 1367]]

 [[   2    2    2    2    2    2    2    2    2    2    2    2    2    2
      2    2    2    2    2    2    2    2    2    2    2    2    2    2
      2    2    2    2    2    2    2    2    2    2    2    2    2    2
      2    2    2    2    2    2    2    2    2    2    2    2    2    2
      2    2    2    2    2]
  [ 957  773  765  779  954 1200 1259 1341  792  818 1148  755 1004  716
    823  897  914  777  850  814  829  871  723  763  879  862 1095 1024
   1578 1069  752 1248 1278 1228 1381  947  860 1081 1307  965  821 1023
    833  839  922  869 1006  865 1707 1207  999 1416  946  897  748  983
    788 1053 1664 1215 1408]]]
stable
 
 err: 
done running mariposa 38.2
Bisecting: 65 revisions left to test after this (roughly 6 steps)
[42ac3a536369a7d4a7eafa1fa15b571b146ba594] merge with csp
running python3 /home/yizhou7/mariposa/scripts/z3-bisect.py /home/yizhou7/mariposa/data/bisect_tasks/d_fvbkv_z3_clean--lib-Buckets-PackedKV.i.dfy.Impl__PackedKV.__default.Imaps.txt
building z3
done building z3 3.4
running mariposa
res: 0 
 out: [[[   2    2    2    2    2    2    2    2    2    2    2    2    2    2
      2    2    2    2    2    2    2    2    2    2    2    2    2    2
      2    2    2    2    2    2    2    2    2    2    2    2    2    2
      2    2    2    2    2    2    2    2    2    2    2    2    2    2
      2    2    2    2    2]
  [ 933  861  758 1085 1188 1136  972 1173  918 1054 1085 1313  894  759
    650 1321 1197  729 1032 1260 1071  872  724 1048  906 1412 1289 1436
   1132  806  739 1083  839  835  786 1307  902 1050  690  648  762 1357
    686 1042  860 1152 1244 1461 1087  831 1663 1001  739  832  980  751
    877  750  831 1181  937]]

 [[   2    2    2    2    2    2    2    2    2    2    2    2    2    2
      2    2    2    2    2    2    2    2    2    2    2    2    2    2
      2    2    2    2    2    2    2    2    2    2    2    2    2    2
      2    2    2    2    2    2    2    2    2    2    2    2    2    2
      2    2    2    2    2]
  [ 933 1338 1230 1262 1519 1234 1236 1362 1077 1373 1207 1360 1446 1348
   1714 1286 1383 1198 1492 1264 1302 1277 1087 1271 1342 1255 1211 1275
   1358 1288 1414 1497 1259 1395 1025 1011 1273 1280  981 1471 1434 1536
   1299 1330 1524 1196 1399 1125 1235 1295 1274 1278 1029 1110 1277 1422
   1537 1302 1327 1466 1293]]

 [[   2    2    2    2    2    2    2    2    2    2    2    2    2    2
      2    2    2    2    2    2    2    2    2    2    2    2    2    2
      2    2    2    2    2    2    2    2    2    2    2    2    2    2
      2    2    2    2    2    2    2    2    2    2    2    2    2    2
      2    2    2    2    2]
  [ 933  745  758  769  946 1201 1279 1294  778  810 1005 1160  760  715
    780  897  918  764  804  820  878  836  683  788  849  856 1077 1018
   1601 1088 1237  754 1246 1278 1383  943  860 1084 1300  960  789 1041
    776  828  959  989  869  883 1718 1211 1392 1008  866  949  741  963
    798 1121 1665 1207 1396]]]
stable
 
 err: 
done running mariposa 37.9
Bisecting: 32 revisions left to test after this (roughly 5 steps)
[b4290d4b3d7c021965e9ce7ee636caac0f9cac74] python regression
running python3 /home/yizhou7/mariposa/scripts/z3-bisect.py /home/yizhou7/mariposa/data/bisect_tasks/d_fvbkv_z3_clean--lib-Buckets-PackedKV.i.dfy.Impl__PackedKV.__default.Imaps.txt
building z3
done building z3 3.3
running mariposa
res: 1 
 out: [[[    2     2     2     2     3     3     3     2     2     3     2
       2     2     3     2     2     2     2     2     2     3     3
       2     2     3     3     2     3     2     3     2     3     3
       3     2     3     3     2     2     3     3     2     3     3
       3     3     3     3     2     3     2     3     2     3     2
       3     3     3     3     3     3]
  [  558  1455  1123  1285 60027 60024 60020  1228  1366 60025  1418
    2006  2305 60024  1741  1630  2697  1196  2030  3883 60031 60016
    2152  1853 60024 60017  1901 60029  1531 60016  1720 60019 60017
   60018  1306 60025 60021  1726  2239 60034 60028  2404 60035 60039
   60033 60025 60028 60018  4511 60028 13798 60017  2505 60033  1405
   60021 60029 60026 60025 60026 60037]]

 [[    2     2     3     3     3     3     3     3     2     3     2
       3     2     3     2     3     3     3     3     3     3     3
       3     3     2     2     3     3     3     3     2     3     3
       2     2     2     3     2     2     3     3     2     2     3
       3     3     3     3     3     3     2     3     2     2     3
       2     3     3     3     3     3]
  [  558  1140 60017 60022 60017 60025 60029 60017  1385 60016  1412
   60029  1201 60017  1347 60016 60028 60037 60015 60018 60025 60024
   60014 60034  1278 11545 60027 60016 60016 60017  1354 60025 60024
    1639  1509  2274 60017  1797  1078 60031 60032  1839  2125 60029
   60033 60020 60034 60036 60021 60032  1269 60028  1152  1330 60029
    1042 60020 60029 60035 60018 60036]]

 [[    2     2     2     2     2     2     2     2     3     3     3
       3     2     2     3     2     3     2     3     2     2     2
       3     3     3     2     3     2     3     3     3     2     2
       2     3     3     3     3     2     3     4     3     3     2
       2     3     3     3     2     3     2     3     2     3     2
       2     2     3     3     3     3]
  [  558   737  1195  1220  1224  1753  1448  2032 60016 60015 60023
   60028  1343  1579 60018  1408 60023  1201 60024  1175  1681  1489
   60030 60028 60013  1372 60016  1531 60026 60020 60028  1327  1446
    1552 60029 60030 60027 60024  1906 60017  1906 60030 60018  2026
    1866 60039 60016 60017  1323 60030  1799 60016  1829 60027  2404
    2033  1318 60031 60026 60027 60030]]]
unstable
 
 err: 
done running mariposa 952.1
Bisecting: 16 revisions left to test after this (roughly 4 steps)
[0f7ff2a3d016ce6cc0dcc2654a6aa0187bc55192] swap
running python3 /home/yizhou7/mariposa/scripts/z3-bisect.py /home/yizhou7/mariposa/data/bisect_tasks/d_fvbkv_z3_clean--lib-Buckets-PackedKV.i.dfy.Impl__PackedKV.__default.Imaps.txt
building z3
done building z3 3.3
running mariposa
res: 0 
 out: [[[   2    2    2    2    2    2    2    2    2    2    2    2    2    2
      2    2    2    2    2    2    2    2    2    2    2    2    2    2
      2    2    2    2    2    2    2    2    2    2    2    2    2    2
      2    2    2    2    2    2    2    2    2    2    2    2    2    2
      2    2    2    2    2]
  [ 850  824 1389 1491  905  929 1028  990 1294 1032  805  790  782 1126
    876  995 1289  679  964 1076 1369 1272 1210  743 1126 1021  974  944
   1262 1360  963  774  664 1159  834 1279 1240 1405 1066 1009 1104 1129
    965 1074 1048 1369 1219  883 1306  922 1565 1187 1601 1194 1054 1551
   1179  991 1083  972 1243]]

 [[   2    2    2    2    2    2    2    2    2    2    2    2    2    2
      2    2    2    2    2    2    2    2    2    2    2    2    2    2
      2    2    2    2    2    2    2    2    2    2    2    2    2    2
      2    2    2    2    2    2    2    2    2    2    2    2    2    2
      2    2    2    2    2]
  [ 850  764  902  734 1136  973 1296 1099  778  951 1821 1247 1045 1018
   1031  939  857 1146 1313 1275 1098  764  772 1504  876  895  748 1064
   1647 1005 1068 1505 1192  749  997  970 1151  818  818 2049  861  743
   2097 1347  916  686  680 1943  714 1274 1192 1131  819  840  939  929
    793 1068 1282 1044 1333]]

 [[   2    2    2    2    2    2    2    2    2    2    2    2    2    2
      2    2    2    2    2    2    2    2    2    2    2    2    2    2
      2    2    2    2    2    2    2    2    2    2    2    2    2    2
      2    2    2    2    2    2    2    2    2    2    2    2    2    2
      2    2    2    2    2]
  [ 850  939  972  976 1114 1095 1366 1562 1006  973  917 1280  895 1340
   1243  703 1118 1138  900  914 1078  936 1335 1036 1236  905 1106 1065
   1280  856  921 1123 1457 1458 1479  939 1171  806 1832  926 1411 1058
    997 1077 1173 1242 1517 1391  821 1584  933  975  801 1189  971 1303
   1059 1109 1418 1680 1763]]]
stable
 
 err: 
done running mariposa 38.0
Bisecting: 7 revisions left to test after this (roughly 3 steps)
[89e8a1392c992a6c37b8c5320b9e4b9b506bd4a1] na
running python3 /home/yizhou7/mariposa/scripts/z3-bisect.py /home/yizhou7/mariposa/data/bisect_tasks/d_fvbkv_z3_clean--lib-Buckets-PackedKV.i.dfy.Impl__PackedKV.__default.Imaps.txt
building z3
done building z3 3.3
running mariposa
res: 1 
 out: [[[    2     2     2     2     3     3     2     3     3     2     2
       2     2     3     2     2     2     2     2     2     3     2
       3     2     3     3     2     3     2     3     2     3     3
       3     2     3     3     2     2     3     3     2     3     3
       3     3     3     3     2     3     2     3     2     3     2
       3     3     3     3     3     3]
  [  544  1473  1126  1285 60026 60024  1222 60020 60025  1403  1468
    2013  2339 60024  1725  1676  2717  1213  2048  3944 60031  2137
   60015  1817 60022 60015  1888 60030  1524 60018  1736 60019 60017
   60017  1309 60024 60021  1717  2171 60035 60031  2428 60036 60040
   60030 60030 60027 60019  4437 60025 14269 60017  2489 60031  1404
   60021 60031 60029 60023 60025 60036]]

 [[    2     2     3     3     3     3     3     3     2     3     2
       3     2     3     2     3     3     3     3     3     3     3
       3     3     2     2     3     3     3     3     2     3     3
       2     2     2     3     2     2     3     3     2     2     3
       3     3     3     3     3     3     2     3     2     2     3
       2     3     3     3     3     3]
  [  544  1128 60017 60023 60015 60028 60029 60016  1387 60016  1457
   60027  1195 60017  1377 60015 60031 60037 60014 60018 60025 60025
   60015 60033  1239 11006 60027 60016 60015 60019  1293 60025 60025
    1597  1481  2275 60017  1712  1085 60030 60031  1851  2141 60031
   60034 60020 60032 60037 60021 60032  1268 60027  1163  1343 60027
    1035 60020 60029 60036 60017 60036]]

 [[    2     2     2     2     2     2     2     2     3     3     3
       3     2     2     3     2     2     3     3     2     2     2
       3     3     3     2     3     2     3     3     3     2     2
       2     3     3     3     3     2     3     4     3     3     2
       2     3     3     3     2     3     2     3     2     3     2
       2     2     3     3     3     3]
  [  544   757  1133  1205  1263  1650  1509  2076 60018 60016 60022
   60029  1327  1521 60017  1331  1155 60019 60024  1182  1693  1520
   60028 60026 60013  1367 60014  1552 60026 60018 60030  1331  1447
    1566 60029 60029 60026 60026  1908 60017  1913 60029 60017  2045
    1895 60037 60016 60017  1319 60029  1746 60016  1882 60027  2389
    2012  1312 60031 60027 60029 60031]]]
unstable
 
 err: 
done running mariposa 951.7
Bisecting: 4 revisions left to test after this (roughly 2 steps)
[1827f98851e1866187abe743afd2d80bc786412f] more fixes for mutexes in shell
running python3 /home/yizhou7/mariposa/scripts/z3-bisect.py /home/yizhou7/mariposa/data/bisect_tasks/d_fvbkv_z3_clean--lib-Buckets-PackedKV.i.dfy.Impl__PackedKV.__default.Imaps.txt
building z3
done building z3 3.3
running mariposa
res: 0 
 out: [[[   2    2    2    2    2    2    2    2    2    2    2    2    2    2
      2    2    2    2    2    2    2    2    2    2    2    2    2    2
      2    2    2    2    2    2    2    2    2    2    2    2    2    2
      2    2    2    2    2    2    2    2    2    2    2    2    2    2
      2    2    2    2    2]
  [ 849  810 1353 1501  939  885 1277 1009  980 1033  808  771  776  987
   1194  859 1290  691 1064  962 1357 1277 1196  729 1087  981  991 1217
   1359  960  965  785  672 1136  854 1237 1218 1418 1060  994 1108  958
   1138 1065 1070 1379 1225  846  939 1311 1187 1598 1582 1204 1559 1192
   1054  983 1114  993 1241]]

 [[   2    2    2    2    2    2    2    2    2    2    2    2    2    2
      2    2    2    2    2    2    2    2    2    2    2    2    2    2
      2    2    2    2    2    2    2    2    2    2    2    2    2    2
      2    2    2    2    2    2    2    2    2    2    2    2    2    2
      2    2    2    2    2]
  [ 849  776  905  735 1145  964 1310 1097  932 1814  777 1242 1058  987
   1002  985 1123  878 1319 1257 1105  763  778 1528  901  901  739 1063
   1035 1622 1093 1526 1200  749  998 1142  989  825  843 2069  743  851
   2107 1298  920  709 1995  732  720 1236 1151 1152  810  804  950  897
    828 1054 1323 1279 1048]]

 [[   2    2    2    2    2    2    2    2    2    2    2    2    2    2
      2    2    2    2    2    2    2    2    2    2    2    2    2    2
      2    2    2    2    2    2    2    2    2    2    2    2    2    2
      2    2    2    2    2    2    2    2    2    2    2    2    2    2
      2    2    2    2    2]
  [ 849  888  965  987 1033 1104 1357 1568  902 1018  997 1310 1290  911
   1229  721 1119 1144  893  880 1075 1000 1340 1013 1238  882 1104 1081
   1260  873  903 1134 1456 1449 1497  948 1190  832 1750  917 1426 1096
   1003 1058 1179 1278 1477 1410  835 1566  910  949  806 1176  951 1335
   1079 1097 1435 1668 1769]]]
stable
 
 err: 
done running mariposa 37.9
Bisecting: 1 revision left to test after this (roughly 1 step)
[5177cc4a9a58df192c6a844ca13abf7e7cd3be15] change lt
running python3 /home/yizhou7/mariposa/scripts/z3-bisect.py /home/yizhou7/mariposa/data/bisect_tasks/d_fvbkv_z3_clean--lib-Buckets-PackedKV.i.dfy.Impl__PackedKV.__default.Imaps.txt
building z3
done building z3 3.3
running mariposa
res: 1 
 out: [[[    2     2     2     2     3     3     3     2     3     2     2
       2     2     3     2     2     2     2     2     2     3     2
       3     2     3     3     2     3     2     3     2     3     3
       3     2     3     3     2     2     3     3     2     3     3
       3     3     3     3     2     3     2     3     2     3     2
       3     3     3     3     3     3]
  [  547  1468  1104  1276 60027 60025 60021  1230 60024  1413  1428
    2002  2338 60023  1726  1676  2747  1225  2084  3900 60031  2113
   60017  1856 60023 60015  1891 60030  1511 60018  1716 60017 60018
   60019  1301 60024 60022  1741  2192 60034 60030  2430 60034 60040
   60033 60029 60026 60018  4431 60026 13964 60017  2475 60031  1395
   60022 60029 60029 60022 60024 60037]]

 [[    2     2     3     3     3     3     3     3     2     3     2
       3     2     3     2     3     3     3     3     3     3     3
       3     3     2     2     3     3     3     3     2     3     3
       2     2     2     3     2     2     3     3     2     2     3
       3     3     3     3     3     3     2     3     2     2     3
       2     3     3     3     3     3]
  [  547  1149 60016 60027 60016 60024 60030 60015  1363 60016  1465
   60027  1209 60018  1376 60015 60029 60035 60014 60020 60028 60022
   60014 60030  1242 11508 60027 60016 60016 60017  1297 60025 60024
    1639  1481  2268 60017  1775  1075 60029 60031  1847  2137 60032
   60034 60018 60032 60035 60020 60030  1236 60027  1147  1341 60028
    1056 60021 60029 60035 60017 60037]]

 [[    2     2     2     2     2     2     2     2     3     3     3
       3     2     2     3     2     3     2     3     2     2     2
       3     3     3     2     3     2     3     3     3     2     2
       2     3     3     3     3     2     3     4     3     3     2
       2     3     3     3     2     3     2     3     2     3     2
       2     2     3     3     3     3]
  [  547   728  1126  1208  1210  1682  1466  2014 60018 60014 60023
   60029  1351  1617 60018  1296 60020  1133 60025  1175  1698  1493
   60030 60027 60012  1397 60014  1513 60026 60020 60028  1333  1437
    1569 60031 60029 60027 60024  1902 60018  1926 60030 60017  2069
    1884 60037 60016 60017  1295 60030  1750 60016  1883 60027  2405
    1304  2029 60031 60033 60024 60031]]]
unstable
 
 err: 
done running mariposa 952.3
Bisecting: 0 revisions left to test after this (roughly 1 step)
[7c9d2e0d75757ed6aa535f72c7dec70d5a527fed] pydoc test
running python3 /home/yizhou7/mariposa/scripts/z3-bisect.py /home/yizhou7/mariposa/data/bisect_tasks/d_fvbkv_z3_clean--lib-Buckets-PackedKV.i.dfy.Impl__PackedKV.__default.Imaps.txt
building z3
done building z3 3.3
running mariposa
res: 0 
 out: [[[   2    2    2    2    2    2    2    2    2    2    2    2    2    2
      2    2    2    2    2    2    2    2    2    2    2    2    2    2
      2    2    2    2    2    2    2    2    2    2    2    2    2    2
      2    2    2    2    2    2    2    2    2    2    2    2    2    2
      2    2    2    2    2]
  [ 862  802 1388 1474  903  881 1275 1042  984 1070  843  777 1116  802
    985  862 1268  689 1080  951 1375 1265 1238  782 1079  982  968 1229
    954 1381 1000  800  671 1145  841 1240 1222 1394 1045 1030 1090  980
   1153 1076 1054 1358 1206  888  932 1569 1185 1332 1601 1210  983 1066
   1509 1193 1116 1002 1232]]

 [[   2    2    2    2    2    2    2    2    2    2    2    2    2    2
      2    2    2    2    2    2    2    2    2    2    2    2    2    2
      2    2    2    2    2    2    2    2    2    2    2    2    2    2
      2    2    2    2    2    2    2    2    2    2    2    2    2    2
      2    2    2    2    2]
  [ 862  771  900  724 1129  985 1323 1119  923 1819  772 1246 1033 1023
   1021  940  857 1133 1305 1314  759 1113  781 1519  894  950  741 1038
   1018 1628 1113 1522 1219  752 1122 1027  842 1003  818 2059  848  751
   2082  904 1326  689  725  691 1976 1255 1172 1130  807  836  937  909
    807 1084 1353 1253 1042]]

 [[   2    2    2    2    2    2    2    2    2    2    2    2    2    2
      2    2    2    2    2    2    2    2    2    2    2    2    2    2
      2    2    2    2    2    2    2    2    2    2    2    2    2    2
      2    2    2    2    2    2    2    2    2    2    2    2    2    2
      2    2    2    2    2]
  [ 862  907  962  986 1045 1104 1404 1559 1019  895 1019 1340 1286  916
   1234  755 1132 1162  873  881 1097  953 1016 1331  904 1258 1120 1056
   1293  851  893 1167 1410 1468 1521  941 1201  827  919 1782 1377 1073
    986 1061 1247 1168 1551 1421  818 1602  973  910 1170  827  929 1319
   1094 1097 1430 1666 1758]]]
stable
 
 err: 
done running mariposa 38.1
5177cc4a9a58df192c6a844ca13abf7e7cd3be15 is the first bad commit
commit 5177cc4a9a58df192c6a844ca13abf7e7cd3be15
Author: Nikolaj Bjorner <nbjorner@microsoft.com>
Date:   Fri Jun 21 09:08:20 2019 +0200

    change lt
    
    Signed-off-by: Nikolaj Bjorner <nbjorner@microsoft.com>

:040000 040000 bba0b3898c697bc6efeb66752253b42641d4a606 dc4029a365361041d58c5e9f581973ad21a69ecd M	src
bisect run success
git bisect start
# good: [e79542cc689d52ec4cb34ce4ae3fbe56e7a0bf70] fix #2309
git bisect good e79542cc689d52ec4cb34ce4ae3fbe56e7a0bf70
# bad: [ad55a1f1c617a7f0c3dd735c0780fc758424c7f1] Update release.yml for Azure Pipelines
git bisect bad ad55a1f1c617a7f0c3dd735c0780fc758424c7f1
# skip: [e2702f3ae88f5c48a55f4473bb5c29184c182634] fixes in assigning constraints to intervals
git bisect skip e2702f3ae88f5c48a55f4473bb5c29184c182634
# skip: [1915812f84cf41a5f232eedf2a695a54d055aa88] add a test for intervals
git bisect skip 1915812f84cf41a5f232eedf2a695a54d055aa88
# bad: [8faf35e2e0c8fce99794e71bd3b5de74b95ceb5a] fix #3735
git bisect bad 8faf35e2e0c8fce99794e71bd3b5de74b95ceb5a
# skip: [d1a5635b4ad7f8632356b380f3a9b1fc83fdb04f] better model based lemmaas
git bisect skip d1a5635b4ad7f8632356b380f3a9b1fc83fdb04f
# skip: [0a86bd14f792ef5fadb8eeb346729a612f7e1588] start on test nla
git bisect skip 0a86bd14f792ef5fadb8eeb346729a612f7e1588
# bad: [f7747d9e76bd685a02ce5c5fbda91fc356856b5e] fix parameter collection for tactic-based solvers reported in #3065
git bisect bad f7747d9e76bd685a02ce5c5fbda91fc356856b5e
# skip: [0644194fc96a853df44c37f9e4522796aa40add8] work on lemma from product to factors, and some renaming
git bisect skip 0644194fc96a853df44c37f9e4522796aa40add8
# bad: [0321312c8db1d3f0edbd23e6e48884fbb7d77d1d] Changed to get_const_interp to match Java and C# bindings
git bisect bad 0321312c8db1d3f0edbd23e6e48884fbb7d77d1d
# bad: [6e637348826f0725ba8a01c455448023ca2889e4] Merge pull request #2368 from waywardmonkeys/fix-typo
git bisect bad 6e637348826f0725ba8a01c455448023ca2889e4
# good: [9b4f327e29de8eadd112e53af5a8fb9f430fabf7] set upload mode to replace
git bisect good 9b4f327e29de8eadd112e53af5a8fb9f430fabf7
# good: [42ac3a536369a7d4a7eafa1fa15b571b146ba594] merge with csp
git bisect good 42ac3a536369a7d4a7eafa1fa15b571b146ba594
# bad: [b4290d4b3d7c021965e9ce7ee636caac0f9cac74] python regression
git bisect bad b4290d4b3d7c021965e9ce7ee636caac0f9cac74
# good: [0f7ff2a3d016ce6cc0dcc2654a6aa0187bc55192] swap
git bisect good 0f7ff2a3d016ce6cc0dcc2654a6aa0187bc55192
# bad: [89e8a1392c992a6c37b8c5320b9e4b9b506bd4a1] na
git bisect bad 89e8a1392c992a6c37b8c5320b9e4b9b506bd4a1
# good: [1827f98851e1866187abe743afd2d80bc786412f] more fixes for mutexes in shell
git bisect good 1827f98851e1866187abe743afd2d80bc786412f
# bad: [5177cc4a9a58df192c6a844ca13abf7e7cd3be15] change lt
git bisect bad 5177cc4a9a58df192c6a844ca13abf7e7cd3be15
# good: [7c9d2e0d75757ed6aa535f72c7dec70d5a527fed] pydoc test
git bisect good 7c9d2e0d75757ed6aa535f72c7dec70d5a527fed
# first bad commit: [5177cc4a9a58df192c6a844ca13abf7e7cd3be15] change lt
