running python3 /home/yizhou7/mariposa/scripts/z3-bisect.py /home/yizhou7/mariposa/data/bisect_tasks/d_komodo_z3_clean--verified-attest.gen.dfyImpl___module.__default.va__lemma__svc__returning__attest__inner.txt
building z3
Bisecting: 1453 revisions left to test after this (roughly 11 steps)
[1915812f84cf41a5f232eedf2a695a54d055aa88] add a test for intervals
running python3 /home/yizhou7/mariposa/scripts/z3-bisect.py /home/yizhou7/mariposa/data/bisect_tasks/d_komodo_z3_clean--verified-attest.gen.dfyImpl___module.__default.va__lemma__svc__returning__attest__inner.txt
building z3
Bisecting: 1453 revisions left to test after this (roughly 11 steps)
[8faf35e2e0c8fce99794e71bd3b5de74b95ceb5a] fix #3735
running python3 /home/yizhou7/mariposa/scripts/z3-bisect.py /home/yizhou7/mariposa/data/bisect_tasks/d_komodo_z3_clean--verified-attest.gen.dfyImpl___module.__default.va__lemma__svc__returning__attest__inner.txt
building z3
done building z3 3.2
running mariposa
res: 1 
 out: [[[    2     2     2     2     2     2     3     2     2     2     2
       2     2     2     2     2     2     2     2     2     2     2
       2     2     2     2     2     2     2     2     2     2     2
       2     2     2     2     2     2     2     2     2     2     2
       2     2     2     2     2     2     2     2     2     2     2
       2     2     2     2     2     2]
  [28971 35567 49186 31969 35005 33322 60022 29919 36303 44882 33712
   33545 38132 43121 32078 37883 29147 45574 32365 28726 32618 32208
   32923 37310 33569 34262 43179 30741 39148 41152 53763 30788 50323
   37917 52667 30759 32936 36518 28874 34922 32823 31040 30663 53005
   45738 40238 38128 35812 28157 29275 36192 43139 42895 38172 40912
   48197 42398 35477 28179 33535 34549]]

 [[    2     2     2     2     2     2     3     2     2     2     2
       2     2     2     2     2     2     2     2     2     2     2
       2     2     2     2     2     2     2     2     2     2     2
       2     2     2     2     3     2     3     2     3     2     3
       2     3     2     2     2     2     2     3     2     2     2
       2     2     2     2     3     2]
  [28971 37158 46689 41441 33965 55316 60022 50892 33630 43308 35983
   49502 38574 34349 50956 59148 49700 34831 59053 32244 26325 38610
   29740 37124 46746 36043 40847 34088 35371 21903 36776 47450 31352
   35897 58178 46633 45449 60023 34871 60023 29900 60023 45325 60026
   34181 60027 58404 32220 33896 41130 46906 60024 36300 29177 51809
   31196 46736 51796 46671 60024 38560]]

 [[    2     2     2     3     3     3     3     3     2     2     2
       3     2     2     3     2     3     3     2     3     3     3
       2     3     3     3     3     3     3     2     2     2     2
       3     3     2     2     2     2     2     3     3     2     3
       2     2     2     3     3     2     2     3     3     2     2
       2     3     2     3     2     3]
  [28971 53860 55645 60022 60030 60026 60027 60024 36558 42455 49294
   60028 55281 55323 60022 47113 60027 60025 51335 60023 60025 60022
   37571 60028 60026 60028 60027 60025 60026 39520 35157 47236 55589
   60026 60026 33840 56132 38318 35342 36934 60025 60021 49717 60029
   38452 37148 53908 60025 60027 54779 53368 60020 60021 42469 50607
   45351 60024 48396 60026 50393 60025]]]
unstable
 
 err: 
done running mariposa 1219.4
Bisecting: 1254 revisions left to test after this (roughly 10 steps)
[d1a5635b4ad7f8632356b380f3a9b1fc83fdb04f] better model based lemmaas
running python3 /home/yizhou7/mariposa/scripts/z3-bisect.py /home/yizhou7/mariposa/data/bisect_tasks/d_komodo_z3_clean--verified-attest.gen.dfyImpl___module.__default.va__lemma__svc__returning__attest__inner.txt
building z3
Bisecting: 1254 revisions left to test after this (roughly 10 steps)
[0a86bd14f792ef5fadb8eeb346729a612f7e1588] start on test nla
running python3 /home/yizhou7/mariposa/scripts/z3-bisect.py /home/yizhou7/mariposa/data/bisect_tasks/d_komodo_z3_clean--verified-attest.gen.dfyImpl___module.__default.va__lemma__svc__returning__attest__inner.txt
building z3
Bisecting: 1254 revisions left to test after this (roughly 10 steps)
[f7747d9e76bd685a02ce5c5fbda91fc356856b5e] fix parameter collection for tactic-based solvers reported in #3065
running python3 /home/yizhou7/mariposa/scripts/z3-bisect.py /home/yizhou7/mariposa/data/bisect_tasks/d_komodo_z3_clean--verified-attest.gen.dfyImpl___module.__default.va__lemma__svc__returning__attest__inner.txt
building z3
done building z3 3.2
running mariposa
res: 1 
 out: [[[    2     2     2     2     2     2     2     2     2     2     2
       2     2     2     2     2     2     2     2     2     2     2
       2     2     2     2     2     2     2     2     2     2     2
       2     2     2     2     2     2     2     2     2     2     2
       2     2     2     2     2     2     2     2     2     2     2
       2     2     2     2     2     2]
  [20748 26958 30221 29032 35350 30489 34443 45327 37562 41523 46834
   31624 33003 36180 40892 41243 47513 44383 35973 42891 36088 32879
   39499 34398 35760 37323 32232 35949 38162 33160 46642 39108 43158
   45528 43223 38958 34955 38348 42160 51179 38639 38519 36976 51473
   35707 35173 42324 34983 36566 34887 34718 35769 43867 33117 28939
   47658 40229 29509 33322 43000 43121]]

 [[    2     2     2     2     2     3     2     2     2     2     2
       2     2     3     2     2     2     3     2     2     2     2
       3     2     3     2     2     2     2     2     2     2     3
       2     2     2     2     2     2     3     2     2     2     2
       2     2     2     2     2     2     2     2     2     2     2
       3     2     2     2     2     2]
  [20748 46052 28969 36702 40404 60022 46368 21041 42535 49278 35750
   34104 48886 60021 40661 33382 46474 60024 29574 35270 53027 25790
   60024 38664 60030 35872 35285 32412 44259 25416 43131 44635 60024
   40260 34336 35033 45871 56521 32548 60021 56783 33637 43299 36071
   32557 56810 43188 52659 40158 35127 54704 51312 50229 44452 35115
   60025 30244 35304 36418 36477 41534]]

 [[    2     2     2     2     2     3     3     3     2     2     2
       2     2     3     3     2     3     2     3     2     2     3
       2     3     3     2     2     2     2     2     2     3     3
       3     3     3     3     2     2     2     2     2     2     2
       2     2     2     2     3     3     2     3     2     2     2
       2     3     3     3     2     2]
  [20748 40695 53838 58077 59746 60023 60023 60024 37102 37710 49032
   43072 53045 60023 60022 34873 60026 37469 60022 51031 50925 60021
   48399 60024 60025 46574 38173 37919 50829 58760 37952 60022 60023
   60025 60024 60021 60023 46354 38243 50932 38855 42085 38642 44802
   51993 39011 44292 37525 60024 60026 44951 60024 42011 59163 58722
   49778 60027 60025 60022 46219 54988]]]
unstable
 
 err: 
done running mariposa 1193.0
Bisecting: 1034 revisions left to test after this (roughly 10 steps)
[0644194fc96a853df44c37f9e4522796aa40add8] work on lemma from product to factors, and some renaming
running python3 /home/yizhou7/mariposa/scripts/z3-bisect.py /home/yizhou7/mariposa/data/bisect_tasks/d_komodo_z3_clean--verified-attest.gen.dfyImpl___module.__default.va__lemma__svc__returning__attest__inner.txt
building z3
Bisecting: 1034 revisions left to test after this (roughly 10 steps)
[0321312c8db1d3f0edbd23e6e48884fbb7d77d1d] Changed to get_const_interp to match Java and C# bindings
running python3 /home/yizhou7/mariposa/scripts/z3-bisect.py /home/yizhou7/mariposa/data/bisect_tasks/d_komodo_z3_clean--verified-attest.gen.dfyImpl___module.__default.va__lemma__svc__returning__attest__inner.txt
building z3
done building z3 3.1
running mariposa
res: 1 
 out: [[[    2     2     2     2     2     2     2     2     2     2     2
       3     2     2     2     3     3     2     2     2     2     2
       3     2     2     2     2     2     3     2     2     2     2
       2     2     2     2     2     2     2     3     2     2     2
       2     2     2     2     2     2     2     2     2     2     2
       2     2     2     2     2     2]
  [26060 49135 45230 40469 34983 36885 50920 36217 43875 42224 38904
   60016 37199 31934 42202 60027 60024 47162 30079 28423 33455 41874
   60025 51254 33025 31424 43332 43907 60025 46763 36149 40140 47627
   40296 35949 32458 35528 33933 51019 40272 60019 40549 49843 39873
   39376 41865 38325 43488 32772 31149 39258 41980 43092 35820 52453
   51496 34933 31437 57631 41542 43888]]

 [[    2     2     2     3     2     2     2     2     2     2     2
       2     2     2     2     2     2     2     3     2     2     2
       2     2     2     2     2     2     2     2     2     2     2
       2     2     2     2     2     2     2     2     2     2     2
       2     2     2     2     2     2     2     2     2     2     2
       2     2     2     2     2     2]
  [26060 39299 38249 60023 32212 44453 32314 41714 55638 30420 51436
   32697 42120 22847 37127 25431 41555 47598 60030 56597 39820 35597
   31668 54490 32907 33552 47693 47160 31129 29502 53323 50326 58561
   47117 33047 40020 32215 50790 45849 51136 36008 32994 35280 30194
   24643 38689 45490 23980 39762 48277 37968 42859 44452 33246 27736
   33641 35998 41004 36568 41885 41813]]

 [[    2     2     2     3     3     3     3     3     3     2     3
       2     3     3     3     3     2     3     2     2     2     3
       2     2     2     3     3     3     3     2     2     3     2
       3     3     2     2     3     2     2     3     2     3     2
       2     2     3     3     3     3     3     3     3     3     2
       2     2     2     2     3     3]
  [26060 36518 51205 60028 60021 60021 60023 60023 60028 47554 60029
   56835 60025 60023 60023 60028 51987 60022 54594 54624 56777 60021
   49770 51591 33463 60028 60024 60027 60025 55840 37528 60024 40568
   60021 60021 59252 47235 60027 53207 56419 60026 51554 60025 40690
   43055 50121 60022 60025 60024 60025 60030 60026 60022 60022 57816
   44348 49330 44253 44069 60026 60023]]]
unstable
 
 err: 
done running mariposa 1255.1
Bisecting: 261 revisions left to test after this (roughly 8 steps)
[6e637348826f0725ba8a01c455448023ca2889e4] Merge pull request #2368 from waywardmonkeys/fix-typo
running python3 /home/yizhou7/mariposa/scripts/z3-bisect.py /home/yizhou7/mariposa/data/bisect_tasks/d_komodo_z3_clean--verified-attest.gen.dfyImpl___module.__default.va__lemma__svc__returning__attest__inner.txt
building z3
done building z3 3.1
running mariposa
res: 1 
 out: [[[    2     2     2     3     2     2     2     2     3     2     2
       2     2     2     2     2     2     2     2     2     2     3
       2     2     2     2     3     2     2     2     2     2     2
       2     2     2     2     2     2     3     2     2     2     2
       3     2     3     2     2     2     2     2     2     2     2
       3     2     2     3     2     3]
  [39202 49476 39532 60024 49586 35394 38403 41346 60024 37002 40376
   41471 47529 59043 53383 49689 40260 44649 54238 49915 59743 60024
   54795 35990 60022 38096 60025 39395 54841 52149 47717 56320 45721
   59389 58393 33509 42186 44829 53354 60023 38747 44520 35478 45399
   60027 35105 60025 36821 43275 45302 53310 38995 51817 39564 53728
   60021 39691 44076 60023 38393 60021]]

 [[    2     2     2     2     2     2     2     2     3     2     2
       2     2     2     2     3     3     2     2     2     2     3
       2     2     3     2     2     2     2     2     2     2     2
       2     2     3     2     2     2     2     2     2     2     3
       2     2     2     2     2     2     2     2     2     2     3
       2     2     2     2     2     3]
  [39202 32521 38273 39280 44039 36237 42622 27565 60024 46555 49861
   39758 54968 35079 46780 60022 60021 35052 53109 31374 41220 60023
   53749 48497 60022 38889 46500 26373 38694 44823 33034 40717 33034
   35831 53192 60023 36431 49100 34514 28361 39048 36421 37029 60027
   49641 42011 48804 40316 57367 32629 45934 40192 27561 46546 60023
   26083 31409 51701 45304 48537 60024]]

 [[    2     3     3     3     3     3     3     3     2     2     3
       3     3     3     3     2     2     3     2     3     3     3
       2     2     3     2     2     3     3     3     3     2     3
       2     3     3     2     2     2     3     3     3     3     2
       3     3     3     3     2     2     3     3     3     3     3
       3     3     3     2     2     3]
  [39202 60024 60022 60022 60020 60020 60021 60023 45265 50551 60021
   60022 60019 60021 60021 42754 54663 60025 55179 60026 60026 60020
   38737 42109 60027 50653 54904 60025 60021 60025 60025 37894 60026
   51306 60021 60023 49103 45406 38540 60025 60026 60025 60028 52173
   60025 60024 60025 60027 58186 51311 60023 60024 60027 60024 60025
   60024 60023 60023 54374 48136 60023]]]
unstable
 
 err: 
done running mariposa 1357.8
Bisecting: 130 revisions left to test after this (roughly 7 steps)
[9b4f327e29de8eadd112e53af5a8fb9f430fabf7] set upload mode to replace
running python3 /home/yizhou7/mariposa/scripts/z3-bisect.py /home/yizhou7/mariposa/data/bisect_tasks/d_komodo_z3_clean--verified-attest.gen.dfyImpl___module.__default.va__lemma__svc__returning__attest__inner.txt
building z3
done building z3 3.1
running mariposa
res: 0 
 out: [[[    2     2     2     2     2     2     2     2     2     2     2
       2     2     2     2     2     2     2     2     2     2     2
       2     2     2     2     2     2     2     2     2     2     2
       2     2     2     2     2     2     2     2     2     2     2
       2     2     2     2     2     2     2     2     2     2     2
       2     2     2     2     2     2]
  [13683 24809 21998 19955 16550 23515 23298 17899 23660 14925 33239
   20954 19511 25173 30630 16362 25263 36066 27561 23247 27546 35014
   30894 18605 24152 31721 15447 21138 25162 19279 23139 20819 17814
   15215 18815 24018 18169 19213 22700 26472 40780 22780 30817 53442
   26197 22257 27780 24006 21212 21339 17824 14054 17373 57652 48713
   39504 18813 19383 21661 17675 28723]]

 [[    2     2     2     2     2     2     2     2     2     2     2
       2     2     2     2     2     2     2     2     2     3     2
       2     2     2     2     2     2     2     2     2     2     2
       2     2     2     2     2     2     2     2     2     2     2
       2     2     2     2     2     2     2     2     2     2     3
       2     2     2     3     2     2]
  [13683 27209 27946 29787 31488 32917 22669 43857 25883 17185 19235
   19311 36866 18005 23343 25796 23406 19467 31646 52415 60029 17820
   14579 22975 30777 27799 23346 19484 22708 19214 27872 39300 20653
   36385 20543 35655 23504 18582 38200 27688 20290 26446 24428 25624
   21872 26584 21447 30270 27985 25475 22787 27872 17714 23818 60025
   35293 29487 27189 60027 27210 37483]]

 [[    2     2     2     2     2     2     2     2     2     2     2
       2     2     2     2     2     2     2     2     2     2     2
       2     2     2     2     2     2     2     2     2     2     2
       2     2     2     2     2     2     2     2     2     2     2
       2     2     2     2     2     2     2     2     2     2     2
       2     2     2     2     2     2]
  [13683 18236 19039 22005 23093 23220 38120 20744 22462 26986 49247
   29932 31605 21517 25003 20979 31675 23905 26751 38650 31230 24583
   21232 55447 19917 31551 16681 24242 19703 22010 30507 20226 14008
   27313 26702 15957 24732 30507 21480 30725 29069 28073 19019 45803
   31132 21743 23767 20074 17599 16723 37879 36477 27670 21289 23673
   41500 23373 23541 21865 19868 30763]]]
stable
 
 err: 
done running mariposa 741.2
Bisecting: 65 revisions left to test after this (roughly 6 steps)
[42ac3a536369a7d4a7eafa1fa15b571b146ba594] merge with csp
running python3 /home/yizhou7/mariposa/scripts/z3-bisect.py /home/yizhou7/mariposa/data/bisect_tasks/d_komodo_z3_clean--verified-attest.gen.dfyImpl___module.__default.va__lemma__svc__returning__attest__inner.txt
building z3
done building z3 3.1
running mariposa
res: 0 
 out: [[[    2     2     2     2     2     2     2     2     2     2     2
       2     2     2     2     2     2     2     2     2     2     2
       2     2     2     2     2     2     2     2     2     2     2
       2     2     2     2     2     2     2     2     2     2     2
       2     2     2     2     2     2     2     2     2     2     2
       2     2     2     2     2     2]
  [13682 24108 21917 20074 16179 23519 23082 23554 18325 32809 14927
   21114 19188 29752 25162 16321 25162 37181 28073 23325 27472 34999
   30131 18899 23910 21277 19008 32300 15893 24746 23031 20466 15379
   17932 18856 24143 18276 19289 22760 39598 26618 22925 30898 53093
   23064 25726 27535 23540 20809 17737 21496 14025 17340 58400 37981
   49530 18880 19272 21686 17389 28218]]

 [[    2     2     2     2     2     2     2     2     2     2     2
       2     2     2     2     2     2     2     2     2     3     2
       2     2     2     2     2     2     2     2     2     2     2
       2     2     2     2     2     2     2     2     2     2     2
       2     2     2     2     2     2     2     2     2     2     3
       2     2     2     3     2     2]
  [13682 27242 28966 30043 32654 31498 22289 44032 25869 17238 19302
   19315 36617 18270 23447 26169 23299 19907 31683 51203 60029 14523
   22883 17652 30851 28239 22847 20082 22790 19217 27731 38787 21239
   34722 36544 20388 23690 18624 38117 27450 19670 26254 24818 25728
   21543 27091 21574 30293 28060 25446 23000 28169 17740 23681 60024
   34936 27737 29655 60029 27256 37001]]

 [[    2     2     2     2     2     2     2     2     2     2     2
       2     2     2     2     2     2     2     2     2     2     2
       2     2     2     2     2     2     2     2     2     2     2
       2     2     2     2     2     2     2     2     2     2     2
       2     2     2     2     2     2     2     2     2     2     2
       2     2     2     2     2     2]
  [13682 18292 19106 22466 22441 22962 38206 20590 21970 27211 49309
   30653 31405 21468 24914 21160 31496 24017 26686 39106 31156 25148
   21269 53586 19924 31574 17033 24386 19223 22094 30031 20217 14056
   26963 27055 15808 25013 30764 21559 30811 27755 28684 18994 31419
   46080 21826 23580 20201 17598 16696 37676 36013 27597 21163 23770
   42438 23291 21368 23355 19795 30503]]]
stable
 
 err: 
done running mariposa 738.4
Bisecting: 32 revisions left to test after this (roughly 5 steps)
[b4290d4b3d7c021965e9ce7ee636caac0f9cac74] python regression
running python3 /home/yizhou7/mariposa/scripts/z3-bisect.py /home/yizhou7/mariposa/data/bisect_tasks/d_komodo_z3_clean--verified-attest.gen.dfyImpl___module.__default.va__lemma__svc__returning__attest__inner.txt
building z3
done building z3 3.1
running mariposa
res: 1 
 out: [[[    2     2     3     2     2     3     3     2     3     3     3
       2     2     3     2     2     2     2     2     2     2     2
       2     3     2     2     3     2     3     3     2     2     2
       2     2     3     2     3     2     2     2     2     2     2
       3     2     3     3     2     2     3     3     3     3     3
       3     2     2     3     2     3]
  [39111 45978 60023 54776 46694 60023 60025 44784 60027 60023 60026
   53238 59452 60026 45773 58645 55850 48077 43415 42932 54864 49658
   47097 60024 52906 50923 60028 45621 60024 60023 55850 53930 36658
   51802 58692 60027 45362 60022 58452 49742 35479 60026 46112 52017
   60027 55084 60024 60024 60028 51483 60023 60030 60030 60023 60026
   60022 55740 42863 60022 36061 60019]]

 [[    2     3     3     2     2     2     2     3     2     3     3
       3     2     2     3     2     2     2     3     2     3     2
       3     2     2     3     2     2     2     2     3     2     3
       3     2     3     2     2     2     2     3     3     2     2
       2     3     2     3     2     3     3     2     3     3     3
       2     3     3     2     3     3]
  [39111 60026 60025 44950 42478 48700 56294 60024 42029 60022 60026
   60024 39747 41950 60029 39651 43227 36378 60026 54625 60023 38991
   60026 47674 52353 60026 48013 57960 46014 47515 60026 47355 60024
   60021 46916 60022 58238 40827 45108 49374 60030 60022 41129 37687
   38480 60025 40484 60024 57540 60027 60025 59337 60027 60027 60022
   45262 60024 60029 55309 60025 60025]]

 [[    2     2     3     3     2     3     3     3     2     2     2
       2     3     3     3     2     2     3     2     2     2     3
       3     3     3     3     2     3     2     3     2     2     2
       2     3     2     3     2     3     2     3     2     3     2
       2     3     3     2     2     2     3     3     2     2     2
       3     3     2     3     3     2]
  [39111 43918 60025 60026 59984 60018 60017 60018 38562 41866 59275
   57418 60024 60023 60020 33351 48071 60028 44914 49886 37591 60026
   60023 60026 60025 60024 57541 60023 59178 60022 38399 41029 44465
   40257 60024 52608 60021 41224 60025 46350 60025 44707 60025 46245
   39652 60026 60021 44038 45182 43881 60026 60023 34466 53898 50261
   60024 60026 55091 60025 60025 48807]]]
unstable
 
 err: 
done running mariposa 1461.0
Bisecting: 16 revisions left to test after this (roughly 4 steps)
[0f7ff2a3d016ce6cc0dcc2654a6aa0187bc55192] swap
running python3 /home/yizhou7/mariposa/scripts/z3-bisect.py /home/yizhou7/mariposa/data/bisect_tasks/d_komodo_z3_clean--verified-attest.gen.dfyImpl___module.__default.va__lemma__svc__returning__attest__inner.txt
building z3
done building z3 3.1
running mariposa
res: 0 
 out: [[[    2     2     2     2     2     2     2     2     2     2     2
       2     2     2     2     2     2     2     2     2     2     2
       2     2     2     2     2     2     2     2     2     2     2
       2     2     2     2     2     2     2     2     2     2     2
       2     2     2     2     2     2     2     2     2     2     2
       2     2     2     2     2     3]
  [13497 20686 27880 26992 24082 33994 26639 23686 27876 24849 20192
   21972 24318 24655 23700 25331 29792 26855 33225 27407 30587 25128
   31735 30074 24364 24681 22504 31647 41210 30962 24328 30183 24805
   24678 27731 25697 25479 26503 24161 21719 29361 29260 26995 25572
   38354 28567 26509 20558 38571 24374 21867 27676 27664 36654 20681
   24127 28276 19646 31329 32435 60018]]

 [[    2     2     2     2     2     2     2     2     2     2     2
       2     2     2     2     2     2     2     2     2     2     2
       2     2     2     2     2     2     2     2     2     2     2
       2     2     2     2     2     2     2     2     2     2     2
       2     2     2     2     2     2     2     2     2     2     2
       2     2     2     2     2     2]
  [13497 31430 38031 40203 34709 22777 27732 21707 24025 33095 25085
   24054 31879 28918 23997 27060 33936 32916 29091 21646 30576 36230
   23800 24796 31676 29873 31164 21260 22980 38821 20696 24222 24832
   27970 26807 36777 36503 26058 43151 20281 24925 35862 32725 24775
   20558 34946 26021 24600 24054 34448 29491 25472 21436 37745 38511
   22365 25884 36153 33756 30361 22493]]

 [[    2     2     2     2     2     2     2     2     2     2     2
       2     2     2     2     2     2     2     2     2     2     2
       2     2     2     2     2     2     2     2     2     2     2
       2     2     2     2     2     2     2     2     2     2     2
       2     2     2     2     2     2     2     2     2     2     2
       2     2     2     2     2     2]
  [13497 18102 27353 28461 31649 33797 40556 46959 30801 23371 20149
   29961 45522 22783 33124 30849 47942 41304 23133 25839 47409 39100
   23628 32335 25053 42981 24932 21249 33836 20233 30654 29583 22859
   29752 52995 26646 31727 23174 20612 34685 21780 24900 31059 23456
   30785 26379 22227 24742 39428 30965 37331 34153 23322 22023 22141
   39525 19423 28471 36152 27999 39182]]]
stable
 
 err: 
done running mariposa 804.3
Bisecting: 7 revisions left to test after this (roughly 3 steps)
[89e8a1392c992a6c37b8c5320b9e4b9b506bd4a1] na
running python3 /home/yizhou7/mariposa/scripts/z3-bisect.py /home/yizhou7/mariposa/data/bisect_tasks/d_komodo_z3_clean--verified-attest.gen.dfyImpl___module.__default.va__lemma__svc__returning__attest__inner.txt
building z3
done building z3 3.1
running mariposa
res: 1 
 out: [[[    2     2     3     2     2     3     3     2     3     3     3
       2     2     3     2     2     2     2     2     2     2     2
       2     3     2     2     2     3     3     3     2     2     2
       2     3     3     3     2     2     2     2     2     2     2
       2     3     3     2     3     3     2     3     3     3     2
       3     2     3     2     2     3]
  [38573 46036 60022 54825 46777 60023 60023 45061 60028 60023 60027
   54686 59369 60023 45431 60023 54289 48259 43431 42974 53914 49670
   46533 60025 54769 50429 44564 60025 60025 60024 55810 55345 36524
   51187 60027 60026 60024 45588 58189 49676 59551 36290 46377 52270
   53967 60025 60023 59119 60020 60024 52276 60029 60031 60024 59212
   60023 57235 60025 42299 36491 60019]]

 [[    2     3     2     3     2     2     3     2     2     3     3
       3     2     2     3     2     2     2     3     2     3     2
       3     2     2     3     2     2     2     2     3     2     2
       3     3     3     2     2     2     2     3     3     2     2
       2     3     2     3     2     3     3     2     3     3     3
       2     3     3     2     3     3]
  [38573 60026 44034 60023 42562 48753 60025 55587 40673 60024 60025
   60023 39837 42231 60026 39713 43279 36860 60025 54222 60025 38460
   60026 48118 52764 60026 56205 49822 45079 47508 60024 46144 46850
   60021 60022 60023 56706 40013 44930 50069 60029 60023 42073 37012
   38744 60023 39345 60025 59169 60027 60023 59989 60025 60027 60022
   46072 60026 60028 54130 60024 60026]]

 [[    2     2     3     3     3     3     3     3     2     2     2
       2     3     3     3     2     2     3     2     2     2     3
       3     3     3     2     3     3     2     3     2     2     2
       2     3     2     3     2     3     2     3     2     2     3
       2     2     3     2     2     2     3     3     2     2     2
       3     3     2     3     2     3]
  [38573 43778 60025 60021 60022 60026 60018 60021 39411 41666 57832
   57165 60025 60022 60020 33237 46745 60025 44880 50051 38623 60026
   60027 60026 60026 57373 60021 60023 57392 60023 38938 43632 41222
   40106 60025 52639 60023 41692 60024 47119 60024 45675 46034 60023
   39520 59992 60022 44139 44829 43955 60027 60021 34870 52855 50480
   60024 60027 55781 60028 48068 60026]]]
unstable
 
 err: 
done running mariposa 1462.3
Bisecting: 4 revisions left to test after this (roughly 2 steps)
[1827f98851e1866187abe743afd2d80bc786412f] more fixes for mutexes in shell
running python3 /home/yizhou7/mariposa/scripts/z3-bisect.py /home/yizhou7/mariposa/data/bisect_tasks/d_komodo_z3_clean--verified-attest.gen.dfyImpl___module.__default.va__lemma__svc__returning__attest__inner.txt
building z3
done building z3 3.1
running mariposa
res: 0 
 out: [[[    2     2     2     2     2     2     2     2     2     2     2
       2     2     2     2     2     2     2     2     2     2     2
       2     2     2     2     2     2     2     2     2     2     2
       2     2     2     2     2     2     2     2     2     2     2
       2     2     2     2     2     2     2     2     2     2     2
       2     2     2     2     3     2]
  [13934 20438 28330 27128 33851 24432 26652 23676 27532 25009 20397
   21729 24373 24642 23925 24657 29954 27029 33481 26687 30777 24719
   32449 30424 24546 24587 22908 30403 41883 30274 24145 30925 24758
   25248 26967 25863 25895 26242 24032 22322 29627 29227 27068 37735
   28299 25403 21207 26590 39068 24493 21312 27094 36068 28122 20499
   24544 28313 19684 31344 60018 32860]]

 [[    2     2     2     2     2     2     2     2     2     2     2
       2     2     2     2     2     2     2     2     2     2     2
       2     2     2     2     2     2     2     2     2     2     2
       2     2     2     2     2     2     2     2     2     2     2
       2     2     2     2     2     2     2     2     2     2     2
       2     2     2     2     2     2]
  [13934 31374 37842 39804 34495 23072 27909 21665 23862 24857 33045
   31264 24564 28431 23876 27078 34146 33241 21167 28703 30387 36118
   24162 24535 32247 29797 20694 31753 23074 37998 20740 24760 24736
   27932 27137 36809 36023 26155 43311 20204 25639 35026 32594 24688
   20524 35381 25354 25066 24027 33652 29705 25788 21993 38853 22005
   38302 25764 35530 32961 30525 22478]]

 [[    2     2     2     2     2     2     2     2     2     2     2
       2     2     2     2     2     2     2     2     2     2     2
       2     2     2     2     2     2     2     2     2     2     2
       2     2     2     2     2     2     2     2     2     2     2
       2     2     2     2     2     2     2     2     2     2     2
       2     2     2     2     2     2]
  [13934 18631 26448 28819 30945 33576 40686 46485 31688 23141 20202
   29900 44874 22707 33347 31997 47796 40901 22789 47201 26153 39419
   23439 24522 32827 42756 25119 21263 34547 20343 30563 29628 22692
   29727 52163 26277 23218 32060 21288 33810 24687 30704 21723 23480
   30782 26429 22405 38438 24783 31062 37154 34453 23333 22436 22084
   39154 19455 29020 35538 28298 39236]]]
stable
 
 err: 
done running mariposa 804.7
Bisecting: 1 revision left to test after this (roughly 1 step)
[5177cc4a9a58df192c6a844ca13abf7e7cd3be15] change lt
running python3 /home/yizhou7/mariposa/scripts/z3-bisect.py /home/yizhou7/mariposa/data/bisect_tasks/d_komodo_z3_clean--verified-attest.gen.dfyImpl___module.__default.va__lemma__svc__returning__attest__inner.txt
building z3
done building z3 3.0
running mariposa
res: 1 
 out: [[[    2     2     3     2     2     3     3     2     3     3     3
       2     2     3     2     2     2     2     2     2     2     2
       2     3     2     2     3     2     3     3     2     2     2
       2     2     3     3     2     2     2     2     2     2     2
       3     2     3     3     3     3     2     3     3     3     3
       2     2     3     2     2     3]
  [40318 45901 60023 55370 46306 60022 60022 45354 60030 60024 60029
   52921 59287 60025 46192 58173 54592 49433 43665 42359 54133 49637
   46500 60024 53033 51990 60027 44977 60024 60023 56831 54359 51426
   36179 58946 60026 60022 46571 60027 50547 35725 58580 45604 52054
   60026 54605 60022 60022 60026 60025 51768 60029 60030 60023 60024
   59566 56258 60022 42646 36845 60020]]

 [[    2     3     3     2     2     2     2     3     2     3     2
       3     3     2     3     2     2     2     2     2     3     2
       3     2     2     3     2     2     2     2     3     2     3
       3     2     3     2     2     2     2     3     3     2     2
       2     3     2     3     2     3     3     2     3     3     3
       2     3     2     3     3     3]
  [40318 60026 60024 44770 42275 48659 54658 60024 40676 60023 39860
   60024 60022 42305 60027 43382 39701 36635 60024 55516 60023 38482
   60025 46777 52717 60027 48683 57418 46388 47467 60022 47458 60022
   60022 46703 60022 56397 40884 44911 49018 60028 60021 41815 37472
   38190 60021 40567 60027 57729 60026 60024 59759 60025 60027 60023
   46031 60025 53894 60026 60023 60027]]

 [[    2     2     3     3     3     3     3     3     2     2     2
       2     3     3     3     2     2     3     2     2     2     3
       3     3     3     3     2     3     2     3     2     2     2
       2     3     2     3     2     3     2     3     2     2     3
       2     2     3     2     2     2     3     3     2     2     2
       3     3     2     3     2     3]
  [40318 44280 60022 60025 60018 60023 60019 60019 39702 41551 58018
   57490 60023 60022 60018 32821 46768 60026 44990 51801 38102 60028
   60025 60026 60024 60024 57995 60024 57541 60024 38684 43334 41130
   40718 60025 52858 60023 41453 60024 47229 60023 44726 46363 60025
   40150 59422 60022 45252 44738 44589 60026 60024 33922 53026 50086
   60023 60025 55250 60027 47938 60026]]]
unstable
 
 err: 
done running mariposa 1463.0
Bisecting: 0 revisions left to test after this (roughly 1 step)
[7c9d2e0d75757ed6aa535f72c7dec70d5a527fed] pydoc test
running python3 /home/yizhou7/mariposa/scripts/z3-bisect.py /home/yizhou7/mariposa/data/bisect_tasks/d_komodo_z3_clean--verified-attest.gen.dfyImpl___module.__default.va__lemma__svc__returning__attest__inner.txt
building z3
done building z3 3.0
running mariposa
res: 0 
 out: [[[    2     2     2     2     2     2     2     2     2     2     2
       2     2     2     2     2     2     2     2     2     2     2
       2     2     2     2     2     2     2     2     2     2     2
       2     2     2     2     2     2     2     2     2     2     2
       2     2     2     2     2     2     2     2     2     2     2
       2     2     2     2     2     3]
  [13978 20655 28280 26865 24140 34233 26732 23685 27769 24532 20399
   21719 24525 24685 23928 24569 29429 26684 33848 27447 30837 24751
   31904 29692 24761 22635 24888 31797 41902 30214 24599 30237 24623
   25067 27749 25919 25957 25941 24406 22019 28607 30608 27404 26013
   37594 28038 26498 21051 38631 24470 21348 27706 27749 36468 20501
   24297 27463 19743 31178 31878 60017]]

 [[    2     2     2     2     2     2     2     2     2     2     2
       2     2     2     2     2     2     2     2     2     2     2
       2     2     2     2     2     2     2     2     2     2     2
       2     2     2     2     2     2     2     2     2     2     2
       2     2     2     2     2     2     2     2     2     2     2
       2     2     2     2     2     2]
  [13978 38181 31532 39431 34292 23376 27089 21786 23816 24704 33803
   24632 31809 28041 24099 26655 34263 32941 29363 30621 21863 35083
   23937 24619 31660 30301 30878 20695 23133 39172 20797 24332 24759
   27621 26643 36699 26121 36910 43813 19843 25566 35575 32621 24511
   21271 34855 25079 25611 23823 34274 29701 25100 22130 37714 38222
   22335 25956 35301 30862 33057 22525]]

 [[    2     2     2     2     2     2     2     2     2     2     2
       2     2     2     2     2     2     2     2     2     2     2
       2     2     2     2     2     2     2     2     2     2     2
       2     2     2     2     2     2     2     2     2     2     2
       2     2     2     2     2     2     2     2     2     2     2
       2     2     2     2     2     2]
  [13978 17996 26626 28776 30956 34134 41166 48147 30697 23729 20474
   29626 44042 22835 31777 33572 47937 22936 41960 45843 25856 39480
   23681 24250 32142 43093 25149 21478 34767 20351 30248 28848 22879
   30004 52935 26483 23005 32333 33731 20835 31730 21978 24751 23701
   30500 26111 22247 38093 24746 30939 38546 34675 23510 21900 22044
   39068 19923 28386 27642 35826 39830]]]
stable
 
 err: 
done running mariposa 807.8
5177cc4a9a58df192c6a844ca13abf7e7cd3be15 is the first bad commit
commit 5177cc4a9a58df192c6a844ca13abf7e7cd3be15
Author: Nikolaj Bjorner <nbjorner@microsoft.com>
Date:   Fri Jun 21 09:08:20 2019 +0200

    change lt
    
    Signed-off-by: Nikolaj Bjorner <nbjorner@microsoft.com>

 src/ast/ast_lt.h                   | 4 ++++
 src/ast/rewriter/bool_rewriter.cpp | 6 ++++--
 2 files changed, 8 insertions(+), 2 deletions(-)
bisect run success
git bisect start
# good: [e79542cc689d52ec4cb34ce4ae3fbe56e7a0bf70] fix #2309
git bisect good e79542cc689d52ec4cb34ce4ae3fbe56e7a0bf70
# bad: [ad55a1f1c617a7f0c3dd735c0780fc758424c7f1] Update release.yml for Azure Pipelines
git bisect bad ad55a1f1c617a7f0c3dd735c0780fc758424c7f1
# skip: [e2702f3ae88f5c48a55f4473bb5c29184c182634] fixes in assigning constraints to intervals
git bisect skip e2702f3ae88f5c48a55f4473bb5c29184c182634
# skip: [1915812f84cf41a5f232eedf2a695a54d055aa88] add a test for intervals
git bisect skip 1915812f84cf41a5f232eedf2a695a54d055aa88
# bad: [8faf35e2e0c8fce99794e71bd3b5de74b95ceb5a] fix #3735
git bisect bad 8faf35e2e0c8fce99794e71bd3b5de74b95ceb5a
# skip: [d1a5635b4ad7f8632356b380f3a9b1fc83fdb04f] better model based lemmaas
git bisect skip d1a5635b4ad7f8632356b380f3a9b1fc83fdb04f
# skip: [0a86bd14f792ef5fadb8eeb346729a612f7e1588] start on test nla
git bisect skip 0a86bd14f792ef5fadb8eeb346729a612f7e1588
# bad: [f7747d9e76bd685a02ce5c5fbda91fc356856b5e] fix parameter collection for tactic-based solvers reported in #3065
git bisect bad f7747d9e76bd685a02ce5c5fbda91fc356856b5e
# skip: [0644194fc96a853df44c37f9e4522796aa40add8] work on lemma from product to factors, and some renaming
git bisect skip 0644194fc96a853df44c37f9e4522796aa40add8
# bad: [0321312c8db1d3f0edbd23e6e48884fbb7d77d1d] Changed to get_const_interp to match Java and C# bindings
git bisect bad 0321312c8db1d3f0edbd23e6e48884fbb7d77d1d
# bad: [6e637348826f0725ba8a01c455448023ca2889e4] Merge pull request #2368 from waywardmonkeys/fix-typo
git bisect bad 6e637348826f0725ba8a01c455448023ca2889e4
# good: [9b4f327e29de8eadd112e53af5a8fb9f430fabf7] set upload mode to replace
git bisect good 9b4f327e29de8eadd112e53af5a8fb9f430fabf7
# good: [42ac3a536369a7d4a7eafa1fa15b571b146ba594] merge with csp
git bisect good 42ac3a536369a7d4a7eafa1fa15b571b146ba594
# bad: [b4290d4b3d7c021965e9ce7ee636caac0f9cac74] python regression
git bisect bad b4290d4b3d7c021965e9ce7ee636caac0f9cac74
# good: [0f7ff2a3d016ce6cc0dcc2654a6aa0187bc55192] swap
git bisect good 0f7ff2a3d016ce6cc0dcc2654a6aa0187bc55192
# bad: [89e8a1392c992a6c37b8c5320b9e4b9b506bd4a1] na
git bisect bad 89e8a1392c992a6c37b8c5320b9e4b9b506bd4a1
# good: [1827f98851e1866187abe743afd2d80bc786412f] more fixes for mutexes in shell
git bisect good 1827f98851e1866187abe743afd2d80bc786412f
# bad: [5177cc4a9a58df192c6a844ca13abf7e7cd3be15] change lt
git bisect bad 5177cc4a9a58df192c6a844ca13abf7e7cd3be15
# good: [7c9d2e0d75757ed6aa535f72c7dec70d5a527fed] pydoc test
git bisect good 7c9d2e0d75757ed6aa535f72c7dec70d5a527fed
# first bad commit: [5177cc4a9a58df192c6a844ca13abf7e7cd3be15] change lt
