running python3 /home/yizhou7/mariposa/scripts/z3-bisect.py /home/yizhou7/mariposa/data/bisect_tasks/d_komodo_z3_clean--verified-svc_handlers.gen.dfyImpl___module.__default.va__lemma__svc__unmap__data__success.txt
building z3
Bisecting: 1453 revisions left to test after this (roughly 11 steps)
[1915812f84cf41a5f232eedf2a695a54d055aa88] add a test for intervals
running python3 /home/yizhou7/mariposa/scripts/z3-bisect.py /home/yizhou7/mariposa/data/bisect_tasks/d_komodo_z3_clean--verified-svc_handlers.gen.dfyImpl___module.__default.va__lemma__svc__unmap__data__success.txt
building z3
Bisecting: 1453 revisions left to test after this (roughly 11 steps)
[8faf35e2e0c8fce99794e71bd3b5de74b95ceb5a] fix #3735
running python3 /home/yizhou7/mariposa/scripts/z3-bisect.py /home/yizhou7/mariposa/data/bisect_tasks/d_komodo_z3_clean--verified-svc_handlers.gen.dfyImpl___module.__default.va__lemma__svc__unmap__data__success.txt
building z3
done building z3 3.5
running mariposa
res: 1 
 out: [[[    2     2     2     2     2     2     2     2     2     2     2
       2     2     2     2     2     2     2     2     2     2     2
       2     2     2     2     2     2     2     2     2     2     2
       2     2     2     2     2     2     2     2     2     2     2
       2     2     2     2     2     2     2     2     2     2     2
       2     2     2     2     2     2]
  [23710 32523 40310 35527 43563 37537 37925 36713 40530 38625 38936
   31408 33835 41660 50391 36193 48776 33758 46817 46724 40236 41255
   35315 35205 33163 34880 32668 38973 40454 40923 36974 34560 47370
   39582 31901 40658 38798 40051 39873 39069 36462 37029 40293 40452
   35504 35073 46523 38025 36244 40620 47992 55103 38697 42620 38343
   52546 35563 36123 46826 36081 34408]]

 [[    2     2     2     2     2     2     2     2     2     2     2
       2     2     2     2     2     2     2     2     2     2     2
       2     2     2     2     2     2     2     2     2     2     2
       2     2     2     2     2     2     2     2     2     2     2
       2     2     2     2     2     2     2     2     2     2     2
       2     2     2     2     2     2]
  [23710 38460 45803 37444 47406 32357 37000 47560 36670 26746 44165
   36536 35006 40105 34828 39163 36305 37389 33264 45134 34241 30996
   35434 39918 31051 38661 38921 44802 32353 40691 34566 37830 42646
   44068 32431 46118 41276 35668 31035 28710 33860 44509 38747 40158
   39803 42593 30589 41930 32742 39118 38675 38582 39479 40585 46634
   30185 42786 37078 36856 35957 38552]]

 [[    2     2     2     2     2     2     2     2     2     2     2
       2     2     2     3     2     2     2     2     2     2     3
       2     2     2     2     2     2     2     2     2     2     2
       2     2     2     2     2     2     2     2     2     3     2
       2     2     2     2     3     2     2     2     2     2     3
       2     2     2     2     2     3]
  [23710 37826 39731 40231 42471 43875 51186 51266 42199 46431 44552
   53947 42850 44854 60019 32053 33156 45854 40127 30620 46899 60018
   32781 53358 42460 44274 45017 43333 48120 33185 31676 44215 46548
   41070 35623 43932 43695 44294 29719 37534 45201 35890 60017 41423
   44919 53792 36680 44325 60018 58121 42123 27148 46764 41483 60017
   44401 33957 36377 49289 44611 60017]]]
unstable
 
 err: 
done running mariposa 1107.1
Bisecting: 1254 revisions left to test after this (roughly 10 steps)
[d1a5635b4ad7f8632356b380f3a9b1fc83fdb04f] better model based lemmaas
running python3 /home/yizhou7/mariposa/scripts/z3-bisect.py /home/yizhou7/mariposa/data/bisect_tasks/d_komodo_z3_clean--verified-svc_handlers.gen.dfyImpl___module.__default.va__lemma__svc__unmap__data__success.txt
building z3
Bisecting: 1254 revisions left to test after this (roughly 10 steps)
[0a86bd14f792ef5fadb8eeb346729a612f7e1588] start on test nla
running python3 /home/yizhou7/mariposa/scripts/z3-bisect.py /home/yizhou7/mariposa/data/bisect_tasks/d_komodo_z3_clean--verified-svc_handlers.gen.dfyImpl___module.__default.va__lemma__svc__unmap__data__success.txt
building z3
Bisecting: 1254 revisions left to test after this (roughly 10 steps)
[f7747d9e76bd685a02ce5c5fbda91fc356856b5e] fix parameter collection for tactic-based solvers reported in #3065
running python3 /home/yizhou7/mariposa/scripts/z3-bisect.py /home/yizhou7/mariposa/data/bisect_tasks/d_komodo_z3_clean--verified-svc_handlers.gen.dfyImpl___module.__default.va__lemma__svc__unmap__data__success.txt
building z3
done building z3 3.5
running mariposa
res: 1 
 out: [[[    2     2     2     2     2     2     2     2     2     2     2
       2     2     2     2     2     2     2     2     2     2     2
       2     2     2     2     2     2     2     2     2     2     2
       2     2     2     2     2     2     2     2     2     2     2
       2     2     2     2     2     2     2     2     2     2     2
       2     2     2     2     2     2]
  [26230 35662 40148 40207 39561 37721 37216 38357 33526 37826 42486
   45350 39821 41386 45638 47245 43436 38795 43196 38530 42570 35525
   40756 40380 44735 41606 47466 42170 44721 34979 41650 38582 39569
   38677 42122 40980 40496 37778 38217 41880 41621 52961 42203 44655
   43105 36961 39071 39408 41653 37665 43917 36946 38097 38716 40826
   34783 40184 35369 33674 35437 33466]]

 [[    2     2     2     2     2     2     2     2     2     2     2
       2     2     2     2     2     2     2     2     2     2     2
       2     2     2     2     2     2     2     2     2     2     2
       2     2     2     2     2     2     2     2     2     2     2
       2     2     2     2     2     2     2     2     2     2     2
       2     2     2     2     2     2]
  [26230 35121 48364 41599 38648 54070 44987 39637 47140 42195 41182
   37452 50150 36281 39971 39782 33087 36795 40450 50254 37034 34396
   30421 37764 36036 30248 37317 42492 35717 35214 38259 41507 35262
   40558 42127 51219 37813 34429 35467 31978 41781 36229 49128 40549
   39054 42332 28918 40562 42080 36777 32032 34052 32951 40100 49476
   44601 43993 41526 40870 57146 51220]]

 [[    2     2     2     2     2     2     2     2     2     2     2
       2     2     2     3     2     2     3     2     2     2     2
       2     2     2     2     2     2     2     2     2     2     2
       2     3     2     2     2     2     2     2     2     3     2
       2     2     2     2     3     3     2     3     2     2     2
       2     2     2     2     2     3]
  [26230 34942 40298 41453 41723 47798 49122 49273 33805 39650 43000
   39614 47876 43615 60017 34401 43167 60019 40572 42925 46514 33499
   37846 36721 33963 40239 40273 44357 48165 35248 38885 48509 35141
   53389 60016 39133 43398 40871 45754 39219 40803 47288 60017 38443
   48246 36327 44504 37348 60019 60016 55718 60016 49581 50115 34388
   49436 43443 34010 42170 39911 60017]]]
unstable
 
 err: 
done running mariposa 1143.3
Bisecting: 1034 revisions left to test after this (roughly 10 steps)
[0644194fc96a853df44c37f9e4522796aa40add8] work on lemma from product to factors, and some renaming
running python3 /home/yizhou7/mariposa/scripts/z3-bisect.py /home/yizhou7/mariposa/data/bisect_tasks/d_komodo_z3_clean--verified-svc_handlers.gen.dfyImpl___module.__default.va__lemma__svc__unmap__data__success.txt
building z3
Bisecting: 1034 revisions left to test after this (roughly 10 steps)
[0321312c8db1d3f0edbd23e6e48884fbb7d77d1d] Changed to get_const_interp to match Java and C# bindings
running python3 /home/yizhou7/mariposa/scripts/z3-bisect.py /home/yizhou7/mariposa/data/bisect_tasks/d_komodo_z3_clean--verified-svc_handlers.gen.dfyImpl___module.__default.va__lemma__svc__unmap__data__success.txt
building z3
done building z3 3.4
running mariposa
res: 1 
 out: [[[    2     2     2     2     2     2     2     2     2     2     2
       2     2     2     2     2     2     2     2     2     2     2
       2     2     2     2     2     2     2     2     2     2     2
       2     2     2     2     2     2     2     2     2     2     2
       2     2     2     2     2     2     2     2     2     2     2
       2     2     2     2     2     2]
  [36062 32785 36448 41044 46842 36021 35685 48770 47450 32940 38935
   47712 41765 38393 40513 42894 41932 36637 38827 43222 47634 31947
   41394 37951 50922 44777 44305 34782 39625 47851 33298 38161 47595
   38251 39031 35704 35782 41354 39962 38690 42021 40554 41538 36161
   53535 35139 35254 40261 49711 34913 35215 35208 35066 34252 37030
   37341 38133 41049 38293 38511 35117]]

 [[    2     2     2     2     2     2     2     2     2     2     2
       2     2     2     2     2     2     2     2     2     2     2
       2     2     2     2     2     2     2     2     2     2     2
       2     2     2     2     2     2     2     2     2     2     2
       2     2     2     2     2     2     2     2     2     2     2
       2     2     2     2     2     2]
  [36062 37923 41431 44268 43300 35359 36536 32201 44888 42662 49762
   29175 36196 33302 38002 41074 40569 47670 38205 41394 47913 33811
   34170 35302 44283 40548 31800 36877 34679 37374 39174 30837 37509
   34697 29245 36754 51077 48575 34762 45379 36786 43718 43203 44464
   40984 37930 55780 42522 41374 38967 37315 42700 44443 33097 52075
   36554 49037 37697 49307 51101 40714]]

 [[    2     2     2     2     2     2     2     3     2     2     2
       2     2     2     3     2     2     2     2     2     3     2
       2     2     2     2     3     2     2     2     2     2     2
       2     2     2     2     2     2     2     2     3     2     2
       2     3     2     3     2     2     2     2     2     3     2
       2     2     2     2     3     2]
  [36062 38262 40036 40283 47398 57647 57984 60018 44566 46637 41483
   55889 43169 52844 60018 42292 43566 40318 39049 33993 60017 44329
   44687 48668 39572 49676 60017 52375 33452 59999 42815 48433 35338
   46783 49798 49713 40567 44883 43984 32225 44698 60017 39886 45513
   50594 60017 33882 60017 55531 42596 44564 41928 40285 60017 43816
   37734 35118 40447 55801 60018 49355]]]
unstable
 
 err: 
done running mariposa 1171.8
Bisecting: 261 revisions left to test after this (roughly 8 steps)
[6e637348826f0725ba8a01c455448023ca2889e4] Merge pull request #2368 from waywardmonkeys/fix-typo
running python3 /home/yizhou7/mariposa/scripts/z3-bisect.py /home/yizhou7/mariposa/data/bisect_tasks/d_komodo_z3_clean--verified-svc_handlers.gen.dfyImpl___module.__default.va__lemma__svc__unmap__data__success.txt
building z3
done building z3 3.3
running mariposa
res: 0 
 out: [[[    2     2     2     2     2     2     2     2     2     3     2
       2     2     2     2     2     2     2     2     2     2     2
       2     2     2     2     2     2     2     2     2     2     2
       2     2     2     2     2     2     2     2     2     2     2
       2     2     2     2     2     2     2     2     2     2     2
       2     2     2     2     2     2]
  [24878 38362 35936 39634 44474 42530 43471 46769 40834 60017 37586
   38228 39990 42797 40411 43716 42162 43660 41997 39100 41818 44309
   42888 42455 36302 48039 40291 45187 44269 40517 47427 36018 41019
   39432 43893 53117 38990 41722 35629 44974 40029 41249 39474 44376
   42837 47562 37919 56032 47541 47909 41091 42559 39421 37903 45134
   38336 45110 40797 37456 29397 31529]]

 [[    2     2     2     2     2     2     2     2     2     2     2
       2     2     2     2     2     2     2     2     2     2     2
       2     2     2     2     2     2     2     2     2     2     2
       2     2     2     2     2     2     2     2     2     2     2
       2     2     2     2     2     2     2     2     2     2     2
       2     2     2     2     2     2]
  [24878 33603 42233 38497 31279 37873 39603 32500 37980 42541 49966
   33393 36990 42712 41190 38194 34171 34333 37084 33600 33043 38564
   38007 32085 42571 33358 32788 34195 37977 36796 50325 31118 38179
   37334 49961 36263 44146 53280 41936 45341 36633 44142 48402 45377
   32830 37411 41870 37622 35899 29014 33701 43835 42311 33175 54474
   40681 43733 43480 43530 40969 49836]]

 [[    2     2     2     2     2     2     2     2     2     2     2
       2     2     2     2     2     2     2     3     2     2     2
       2     3     2     2     2     2     2     2     2     2     2
       2     2     2     2     2     2     2     2     2     2     2
       2     2     3     2     3     2     2     2     2     2     2
       2     2     2     2     2     2]
  [24878 29402 35612 40940 42380 45363 50832 51456 42262 37005 39770
   37427 52768 43300 53587 41843 42138 41654 60018 57148 50495 30307
   40030 60015 42621 42000 34780 49644 37967 41422 49569 36020 39108
   34131 47664 39784 42857 39599 38163 48467 34160 43468 35841 37585
   45160 35724 60017 43627 60017 44828 55298 45839 35319 44759 49670
   56247 34199 39657 47081 54789 51150]]]
stable
 
 err: 
done running mariposa 1154.7
Bisecting: 130 revisions left to test after this (roughly 7 steps)
[892aa126605d8cf9a1696af1add6cb30435fb1e0] Fix for fp.rem. Fixes #2381.
running python3 /home/yizhou7/mariposa/scripts/z3-bisect.py /home/yizhou7/mariposa/data/bisect_tasks/d_komodo_z3_clean--verified-svc_handlers.gen.dfyImpl___module.__default.va__lemma__svc__unmap__data__success.txt
building z3
done building z3 3.3
running mariposa
res: 1 
 out: [[[    2     2     2     2     2     2     2     2     2     2     2
       2     2     2     2     2     2     2     2     2     2     2
       2     2     2     2     2     2     2     2     2     2     2
       2     2     2     2     2     2     2     2     2     2     2
       2     2     2     2     2     2     2     2     2     2     2
       2     2     2     2     2     2]
  [25606 38440 41554 37266 45555 41324 41809 37735 40313 37708 41573
   51388 45602 42338 41923 40056 45436 40667 45926 52159 41161 40016
   49540 44220 37349 37143 41205 48234 35140 45440 51778 50214 49889
   43107 43339 41840 39991 44968 52320 50625 42181 53883 45104 51633
   34921 42487 40446 59836 45276 41415 42958 48222 38978 42154 43964
   40006 44835 46014 31317 37160 33862]]

 [[    2     2     2     2     2     2     2     2     2     2     2
       2     2     2     2     2     2     2     2     2     2     2
       2     2     3     2     2     2     2     2     2     2     2
       2     2     2     2     2     2     2     2     2     2     2
       2     2     2     2     2     2     2     2     2     2     2
       2     2     2     2     2     2]
  [25606 36859 34156 41798 49381 37595 39703 31497 41173 44397 44751
   34831 41224 42726 39700 37647 47346 40769 36750 36049 41428 38778
   31591 32179 60016 34579 46676 43294 42959 45359 44599 34117 40055
   33114 36020 32362 40371 39548 40589 33810 32041 33061 43574 37076
   33589 43034 38055 38891 41160 47812 39479 42899 45588 40592 36169
   40306 42672 32566 50073 42676 47612]]

 [[    2     2     2     2     2     2     2     3     2     2     2
       2     2     2     2     2     2     2     3     2     2     2
       2     2     2     2     2     2     2     2     2     2     2
       2     2     2     2     2     2     2     2     2     3     3
       2     2     2     2     3     2     2     2     2     3     2
       2     2     2     2     2     3]
  [25606 38365 40148 43361 43773 45242 49450 60018 40515 40498 45264
   47263 54332 48894 41369 35199 34800 50001 60019 48278 43075 43796
   42798 49287 42990 45867 46863 43701 30262 57787 36532 37535 35478
   44501 40397 47759 44243 33569 41478 44423 42155 41774 60018 60017
   33878 31190 47584 34649 60018 46711 48780 40354 40383 60019 37120
   54558 38961 41028 54272 46057 60017]]]
unstable
 
 err: 
done running mariposa 1175.5
Bisecting: 64 revisions left to test after this (roughly 6 steps)
[2eea7709e06c357fb84798ae52a6690231e74e7b] Merge pull request #2438 from agurfinkel/issue_2430
running python3 /home/yizhou7/mariposa/scripts/z3-bisect.py /home/yizhou7/mariposa/data/bisect_tasks/d_komodo_z3_clean--verified-svc_handlers.gen.dfyImpl___module.__default.va__lemma__svc__unmap__data__success.txt
building z3
done building z3 3.3
running mariposa
res: 0 
 out: [[[    2     2     2     2     2     2     2     2     2     2     2
       2     2     2     2     2     2     2     2     2     2     2
       2     2     2     2     2     2     2     2     2     2     2
       2     2     2     2     2     2     2     2     2     2     2
       2     2     2     2     2     2     2     2     2     2     2
       2     2     2     2     2     2]
  [24481 38115 36402 39263 45043 43563 46844 43881 40562 58799 37631
   38172 40670 42960 40473 43813 41896 42489 42298 39479 41253 44522
   44111 42166 47760 36345 40607 44108 45179 40353 46600 36026 41063
   43493 38971 54537 39475 41190 35475 45150 38936 40944 40923 45057
   42305 47882 38675 55810 46383 47748 41537 42501 39316 45347 38679
   37609 44645 40434 38838 29731 32036]]

 [[    2     2     2     2     2     2     2     2     2     2     2
       2     2     2     2     2     2     2     2     2     2     2
       2     2     2     2     2     2     2     2     2     2     2
       2     2     2     2     2     2     2     2     2     2     2
       2     2     2     2     2     2     2     2     2     2     2
       2     2     2     2     2     2]
  [24481 34033 41805 38898 31388 38024 32834 39719 38176 43180 50225
   32613 36889 42528 41419 38720 34464 34924 36973 33249 32124 38726
   38461 32153 33076 43524 32754 34098 36906 37731 50967 31045 37734
   37840 50130 37095 43070 44991 53811 41792 36362 44043 44349 49654
   32598 38056 42057 37405 35704 29488 42863 33602 43692 33311 53772
   40757 42783 43020 44091 42044 49673]]

 [[    2     2     2     2     2     2     2     2     2     2     2
       2     2     2     2     2     2     2     3     2     2     2
       2     3     2     2     2     2     2     2     2     2     2
       2     2     2     2     2     2     2     2     2     2     2
       2     2     3     2     3     2     2     2     2     2     2
       2     2     2     2     2     2]
  [24481 29724 35628 40164 42800 46012 49896 51046 42618 39090 37849
   37859 52773 43507 53688 41427 42018 41838 60017 56248 50613 29326
   40180 60016 42832 42402 34704 50361 38428 41727 49689 35507 38957
   35027 46836 40036 42771 47424 39338 38742 34941 43435 37608 35915
   44814 35631 60018 44958 60018 44171 45844 55268 35685 46169 50046
   56386 33765 39674 47495 54421 51527]]]
stable
 
 err: 
done running mariposa 1155.6
Bisecting: 31 revisions left to test after this (roughly 5 steps)
[90415a18d330d3a6066e589aaf20f1c2cc9435f6] fix build of test
running python3 /home/yizhou7/mariposa/scripts/z3-bisect.py /home/yizhou7/mariposa/data/bisect_tasks/d_komodo_z3_clean--verified-svc_handlers.gen.dfyImpl___module.__default.va__lemma__svc__unmap__data__success.txt
building z3
done building z3 3.3
running mariposa
res: 1 
 out: [[[    2     2     2     2     2     2     2     2     2     2     2
       2     2     2     2     2     2     2     2     2     2     2
       2     2     2     2     2     2     2     2     2     2     2
       2     2     2     2     2     2     2     2     2     2     2
       2     2     2     2     2     2     2     2     2     2     2
       2     2     2     2     2     2]
  [26304 38088 40269 38456 45178 41353 41527 37346 41058 39159 51058
   41471 45176 41434 41435 46311 40317 42112 45874 51815 40958 48608
   39489 44326 38403 37706 40545 35132 46954 45284 51447 51807 42317
   50119 43427 41760 39982 44581 52461 51093 55289 41674 45409 51185
   35234 41734 40618 59116 46003 41694 42961 38790 48556 41276 43462
   39833 46145 46330 31288 36677 34548]]

 [[    2     2     2     2     2     2     2     2     2     2     2
       2     2     2     2     2     2     2     2     2     2     2
       2     2     3     2     2     2     2     2     2     2     2
       2     2     2     2     2     2     2     2     2     2     2
       2     2     2     2     2     2     2     2     2     2     2
       2     2     2     2     2     2]
  [26304 36953 34991 41882 38511 49444 39645 30984 43252 42144 44600
   41151 34208 42815 40071 37566 40911 47725 36626 35743 40146 38072
   32336 33117 60017 34666 46850 43046 42436 46276 44542 34123 39964
   33331 36188 40585 32362 39584 40027 33859 32321 32437 44493 36485
   33107 44189 37984 37896 41148 48287 39795 43243 47045 40311 39211
   35909 42596 33174 50353 43065 47663]]

 [[    2     2     2     2     2     2     2     3     2     2     2
       2     2     2     2     2     2     2     3     2     2     2
       2     2     2     2     2     2     2     2     2     2     2
       2     2     2     2     2     2     2     2     2     3     3
       2     2     2     2     3     2     2     2     2     3     2
       2     2     2     2     2     3]
  [26304 38695 40024 43712 44100 44906 49511 60016 40577 40841 45348
   47375 54335 48954 41350 34230 34783 49591 60017 48605 43529 44179
   42525 48922 42288 45722 47251 44154 30596 58280 36835 37503 35506
   43153 41370 46879 44713 32851 41600 45253 43216 41997 60019 60018
   33669 46635 31563 35012 60018 46720 40200 49164 39699 60018 37526
   55240 39830 41431 52961 46163 60017]]]
unstable
 
 err: 
done running mariposa 1176.3
Bisecting: 15 revisions left to test after this (roughly 4 steps)
[3f032e85e0339ca73718db431d91849d1fe8c530] remove include of thread
running python3 /home/yizhou7/mariposa/scripts/z3-bisect.py /home/yizhou7/mariposa/data/bisect_tasks/d_komodo_z3_clean--verified-svc_handlers.gen.dfyImpl___module.__default.va__lemma__svc__unmap__data__success.txt
building z3
done building z3 3.4
running mariposa
res: 1 
 out: [[[    2     2     2     2     2     2     2     2     2     2     2
       2     2     2     2     2     2     2     2     2     2     2
       2     2     2     2     2     2     2     2     2     2     2
       2     2     2     2     2     2     2     2     2     2     2
       2     2     2     2     2     2     2     2     2     2     2
       2     2     2     2     2     2]
  [26231 38363 41588 37449 45657 41218 41579 37011 40817 37944 41833
   46214 52373 41180 41154 46191 39923 41713 47232 51906 40282 48500
   39759 43920 38317 37635 41677 47311 35589 45570 51118 50671 43270
   50091 42680 42602 40269 44287 52676 41558 50375 55168 45177 52362
   35380 59309 39910 41439 42553 45279 43624 39205 48450 41315 44321
   38902 44948 46940 30823 37416 34547]]

 [[    2     2     2     2     2     2     2     2     2     2     2
       2     2     2     2     2     2     2     2     2     2     2
       2     2     3     2     2     2     2     2     2     2     2
       2     2     2     2     2     2     2     2     2     2     2
       2     2     2     2     2     2     2     2     2     2     2
       2     2     2     2     2     2]
  [26231 37029 34422 42817 37554 50085 39709 41567 43529 31818 44376
   40952 34233 42876 39530 38285 42006 46579 36415 36231 40637 37970
   32400 32271 60017 35088 46573 43203 42776 43869 46557 34211 40347
   33091 35914 31916 40789 40731 39850 34040 31892 43770 32575 37311
   32894 43115 38284 37787 40892 48729 40053 43112 46074 40236 39000
   36987 42055 32671 50304 43602 47200]]

 [[    2     2     2     2     2     2     2     3     2     2     2
       2     2     2     2     2     2     2     3     2     2     2
       2     2     2     2     2     2     2     2     2     2     2
       2     2     2     2     2     2     2     2     2     3     3
       2     2     2     2     3     2     2     2     2     3     2
       2     2     2     2     2     3]
  [26231 38453 40039 42899 44337 46184 49504 60016 40819 39762 45231
   48276 49252 55142 40581 34605 35616 49349 60017 43339 42995 49609
   42094 49559 46242 42519 44108 47742 30473 57576 36611 37405 35672
   43195 40418 45637 47892 32694 41286 44844 42606 42780 60017 60017
   33681 30931 46817 35307 60018 45332 40596 39950 48563 60017 37451
   39243 55688 40887 52522 45996 60019]]]
unstable
 
 err: 
done running mariposa 1175.2
Bisecting: 8 revisions left to test after this (roughly 3 steps)
[2bd8d3b4852765cdd92abd7db6331fc5bac8fb5d] fixes for input4/5 #2416
running python3 /home/yizhou7/mariposa/scripts/z3-bisect.py /home/yizhou7/mariposa/data/bisect_tasks/d_komodo_z3_clean--verified-svc_handlers.gen.dfyImpl___module.__default.va__lemma__svc__unmap__data__success.txt
building z3
done building z3 3.4
running mariposa
res: 0 
 out: [[[    2     2     2     2     2     2     2     2     2     2     2
       2     2     2     2     2     2     2     2     2     2     2
       2     2     2     2     2     2     2     2     2     2     2
       2     2     2     2     2     2     2     2     2     2     2
       2     2     2     2     2     2     2     2     2     2     2
       2     2     2     2     2     2]
  [24166 38658 36206 38857 44331 44154 43809 46459 40455 59531 37939
   38258 42972 40044 39864 43610 42299 42795 38755 42619 41104 45014
   43080 42567 48087 35983 40973 44337 45446 40667 46609 35955 40926
   43259 40108 53450 39366 41008 45038 36463 41218 39681 39952 44536
   42508 47521 38460 55905 47422 47846 41465 42187 44942 39059 45878
   37819 38505 40399 39212 29473 31246]]

 [[    2     2     2     2     2     2     2     2     2     2     2
       2     2     2     2     2     2     2     2     2     2     2
       2     2     2     2     2     2     2     2     2     2     2
       2     2     2     2     2     2     2     2     2     2     2
       2     2     2     2     2     2     2     2     2     2     2
       2     2     2     2     2     2]
  [24166 33554 41019 37915 31346 38959 32707 40049 37181 42838 50231
   32471 37078 41369 43735 38170 34591 34441 36972 33259 33268 38963
   37560 32644 33549 42472 32634 35265 36993 37346 50484 31291 37360
   50651 37950 36234 43194 41822 45685 53951 37400 43237 44268 48808
   33135 37541 41914 37409 36701 42957 29519 33363 54127 42352 33962
   40873 42605 43297 43191 42038 49619]]

 [[    2     2     2     2     2     2     2     2     2     2     2
       2     2     2     2     2     2     3     2     2     2     2
       2     3     2     2     2     2     2     2     2     2     2
       2     2     2     2     2     2     2     2     2     2     2
       2     2     3     2     3     2     2     2     2     2     2
       2     2     2     2     2     2]
  [24166 29091 35698 40609 42279 46454 51305 51465 41747 36801 39209
   37936 53188 44149 53600 41289 43259 60018 42044 56171 50719 29398
   40708 60016 42273 42256 35600 49401 38049 42108 49492 35327 38792
   34427 48001 40533 39109 43041 37944 47776 33826 43805 35965 38308
   45300 35446 60017 44034 60017 43983 55012 46414 36538 44998 48939
   57027 33884 40928 47720 54565 51996]]]
stable
 
 err: 
done running mariposa 1155.0
Bisecting: 3 revisions left to test after this (roughly 2 steps)
[04e0b767c300aec525493d4ab1a8dd5d8e3407f9] Fix sudoku Java example
running python3 /home/yizhou7/mariposa/scripts/z3-bisect.py /home/yizhou7/mariposa/data/bisect_tasks/d_komodo_z3_clean--verified-svc_handlers.gen.dfyImpl___module.__default.va__lemma__svc__unmap__data__success.txt
building z3
done building z3 3.3
running mariposa
res: 0 
 out: [[[    2     2     2     2     2     2     2     2     2     2     2
       2     2     2     2     2     2     2     2     2     2     2
       2     2     2     2     2     2     2     2     2     2     2
       2     2     2     2     2     2     2     2     2     2     2
       2     2     2     2     2     2     2     2     2     2     2
       2     2     2     2     2     2]
  [24497 38030 37238 39872 44564 43491 46737 42702 42051 58807 38042
   38208 42986 39962 40226 44031 43135 42936 42201 40917 38880 45288
   43091 43299 36421 48115 39817 43961 45036 41247 48098 36074 41016
   42727 38823 53519 39426 41930 35523 46321 40917 39131 39503 45195
   42385 47548 37837 46961 57130 47551 42596 42263 39472 38083 44740
   38374 45136 40914 37879 29399 32406]]

 [[    2     2     2     2     2     2     2     2     2     2     2
       2     2     2     2     2     2     2     2     2     2     2
       2     2     2     2     2     2     2     2     2     2     2
       2     2     2     2     2     2     2     2     2     2     2
       2     2     2     2     2     2     2     2     2     2     2
       2     2     2     2     2     2]
  [24497 34592 41434 38056 31920 38111 33478 39476 37466 42520 50224
   33008 36693 42902 42403 37713 34540 34471 37231 32893 33126 38831
   37686 32440 33678 43564 32413 34944 37148 36975 50666 31524 38577
   37002 50840 36344 43151 45091 53360 42117 37413 43299 44307 49548
   33076 37675 41886 38427 35726 29140 42773 33404 53439 43267 33357
   41916 42799 43021 43181 41007 50395]]

 [[    2     2     2     2     2     2     2     2     2     2     2
       2     2     2     2     2     2     2     3     2     2     2
       2     3     2     2     2     2     2     2     2     2     2
       2     2     2     2     2     2     2     2     2     2     2
       2     2     3     2     3     2     2     2     2     2     2
       2     2     2     2     2     2]
  [24497 29580 36385 40339 42305 46380 50510 50752 42173 36948 40016
   37483 53311 43695 53760 41233 42359 41555 60018 56581 51824 29703
   40134 60016 42417 42383 35620 49298 41500 38521 49865 35352 38824
   34377 48117 40466 39345 43100 47452 38144 33788 43206 36135 37822
   46346 35545 60017 43509 60018 44759 55117 46111 36303 44723 50249
   56088 33963 40552 47609 54195 51281]]]
stable
 
 err: 
done running mariposa 1156.1
Bisecting: 1 revision left to test after this (roughly 1 step)
[7f073a0585168821adbc8a4603a8e5964542a60f] fix #2452 fix #2451
running python3 /home/yizhou7/mariposa/scripts/z3-bisect.py /home/yizhou7/mariposa/data/bisect_tasks/d_komodo_z3_clean--verified-svc_handlers.gen.dfyImpl___module.__default.va__lemma__svc__unmap__data__success.txt
building z3
done building z3 3.4
running mariposa
res: 1 
 out: [[[    2     2     2     2     2     2     2     2     2     2     2
       2     2     2     2     2     2     2     2     2     2     2
       2     2     2     2     2     2     2     2     2     2     2
       2     2     2     2     2     2     2     2     2     2     2
       2     2     2     3     2     2     2     2     2     2     2
       2     2     2     2     2     2]
  [26117 38240 40664 37635 45416 41940 41642 36937 41635 38437 50965
   46211 41209 41402 41268 46000 39976 41774 46250 51771 40637 48352
   39537 44342 38519 38110 40678 35669 47347 45610 51989 50343 42326
   49729 42850 41547 40276 45755 52237 41983 50266 53757 45384 52287
   35082 40004 41552 60018 41592 45239 43532 39023 48273 39209 44614
   41222 45129 30961 46152 36699 33657]]

 [[    2     2     2     2     2     2     2     2     2     2     2
       2     2     2     2     2     2     2     2     2     2     2
       2     2     3     2     2     2     2     2     2     2     2
       2     2     2     2     2     2     2     2     2     2     2
       2     2     2     2     2     2     2     2     2     2     2
       2     2     2     2     2     2]
  [26117 37214 34012 42483 49130 37800 39815 41190 31610 44670 44434
   41508 33951 42854 39165 38344 41289 47540 36473 36078 40415 38035
   32030 33081 60018 34885 47639 42835 41960 45839 43524 35191 40174
   33665 35900 31515 39718 40126 41217 33657 32189 32342 44443 36544
   33280 43534 37955 41212 38429 47626 39975 43420 46068 39664 39058
   37060 41972 32732 52851 43698 46565]]

 [[    2     2     2     2     2     2     2     3     2     2     2
       2     2     2     2     2     2     2     3     2     2     2
       2     2     2     2     2     2     2     2     2     2     2
       2     2     2     2     2     2     2     2     2     3     3
       2     2     2     2     3     2     2     2     2     3     2
       2     2     2     2     2     3]
  [26117 38475 39840 42586 43990 45120 50240 60019 42041 39502 45203
   47255 48403 54684 40814 33989 34887 49616 60019 49319 43342 43167
   41579 48847 42726 45953 43166 47710 31220 58590 36349 35378 37390
   43172 41508 47990 44734 32572 41266 44529 42448 42363 60017 60018
   33708 46523 31164 35215 60020 45901 40123 40533 48801 60017 38529
   38686 55727 40782 53169 45479 60018]]]
unstable
 
 err: 
done running mariposa 1175.5
Bisecting: 0 revisions left to test after this (roughly 0 steps)
[b7a27ca4bd25792208a77dae7e6023fce2a01291] Merge pull request #2454 from RichardBradley/java_sudoku_example_fix
running python3 /home/yizhou7/mariposa/scripts/z3-bisect.py /home/yizhou7/mariposa/data/bisect_tasks/d_komodo_z3_clean--verified-svc_handlers.gen.dfyImpl___module.__default.va__lemma__svc__unmap__data__success.txt
building z3
done building z3 3.3
running mariposa
res: 0 
 out: [[[    2     2     2     2     2     2     2     2     2     2     2
       2     2     2     2     2     2     2     2     2     2     2
       2     2     2     2     2     2     2     2     2     2     2
       2     2     2     2     2     2     2     2     2     2     2
       2     2     2     2     2     2     2     2     2     2     2
       2     2     2     2     2     2]
  [24065 38127 36538 39920 44220 43595 42942 46285 41325 59365 38038
   38203 41219 42094 40082 44669 41953 42734 42608 38813 41043 44382
   43970 42435 36085 47968 39762 44946 44879 41659 46898 36707 41187
   43282 39369 52898 39240 42170 35741 45990 39225 41125 39758 44549
   42306 38562 47784 57770 46515 47537 41259 42328 37604 44741 38205
   40271 45485 40638 37786 29195 32170]]

 [[    2     2     2     2     2     2     2     2     2     2     2
       2     2     2     2     2     2     2     2     2     2     2
       2     2     2     2     2     2     2     2     2     2     2
       2     2     2     2     2     2     2     2     2     2     2
       2     2     2     2     2     2     2     2     2     2     2
       2     2     2     2     2     2]
  [24065 33789 41424 38912 31834 38277 32499 39544 37230 43255 50813
   32960 37035 43057 41215 37389 35071 34831 37404 33013 32804 38874
   37598 32958 33331 43110 32420 34858 36929 37741 50953 31353 37682
   37688 50255 42865 37205 45078 53290 42135 36633 43465 49108 45357
   32838 38331 41904 37470 35871 29044 33655 43956 42410 33374 53567
   40606 43200 43137 44447 40921 50190]]

 [[    2     2     2     2     2     2     2     2     2     2     2
       2     2     2     2     2     2     2     3     2     2     2
       2     3     2     2     2     2     2     2     2     2     2
       2     2     2     2     2     2     2     2     2     2     2
       2     2     3     2     3     2     2     2     2     2     2
       2     2     2     2     2     2]
  [24065 29180 35582 40757 42729 46686 50813 50894 41687 37039 39180
   37942 53064 44786 53635 41492 42357 41407 60018 56229 52188 29633
   40374 60017 42306 42581 34572 48769 37935 41485 50120 36663 39541
   33895 46622 39788 47973 43261 40407 38813 43559 33869 35853 37877
   45967 35531 60017 43917 60019 44314 55434 46790 35648 45226 49382
   55914 34747 39808 47880 54627 51617]]]
stable
 
 err: 
done running mariposa 1156.1
7f073a0585168821adbc8a4603a8e5964542a60f is the first bad commit
commit 7f073a0585168821adbc8a4603a8e5964542a60f
Author: Nikolaj Bjorner <nbjorner@microsoft.com>
Date:   Thu Aug 1 16:28:05 2019 +0800

    fix #2452 fix #2451
    
    Signed-off-by: Nikolaj Bjorner <nbjorner@microsoft.com>

:040000 040000 7edd2afa0135ed084fba01bbd127f03046eb08c3 3aeb20e3aec8be7291f9f3c9bd67a3892f3d7a01 M	src
bisect run success
git bisect start
# good: [e79542cc689d52ec4cb34ce4ae3fbe56e7a0bf70] fix #2309
git bisect good e79542cc689d52ec4cb34ce4ae3fbe56e7a0bf70
# bad: [ad55a1f1c617a7f0c3dd735c0780fc758424c7f1] Update release.yml for Azure Pipelines
git bisect bad ad55a1f1c617a7f0c3dd735c0780fc758424c7f1
# skip: [e2702f3ae88f5c48a55f4473bb5c29184c182634] fixes in assigning constraints to intervals
git bisect skip e2702f3ae88f5c48a55f4473bb5c29184c182634
# skip: [1915812f84cf41a5f232eedf2a695a54d055aa88] add a test for intervals
git bisect skip 1915812f84cf41a5f232eedf2a695a54d055aa88
# bad: [8faf35e2e0c8fce99794e71bd3b5de74b95ceb5a] fix #3735
git bisect bad 8faf35e2e0c8fce99794e71bd3b5de74b95ceb5a
# skip: [d1a5635b4ad7f8632356b380f3a9b1fc83fdb04f] better model based lemmaas
git bisect skip d1a5635b4ad7f8632356b380f3a9b1fc83fdb04f
# skip: [0a86bd14f792ef5fadb8eeb346729a612f7e1588] start on test nla
git bisect skip 0a86bd14f792ef5fadb8eeb346729a612f7e1588
# bad: [f7747d9e76bd685a02ce5c5fbda91fc356856b5e] fix parameter collection for tactic-based solvers reported in #3065
git bisect bad f7747d9e76bd685a02ce5c5fbda91fc356856b5e
# skip: [0644194fc96a853df44c37f9e4522796aa40add8] work on lemma from product to factors, and some renaming
git bisect skip 0644194fc96a853df44c37f9e4522796aa40add8
# bad: [0321312c8db1d3f0edbd23e6e48884fbb7d77d1d] Changed to get_const_interp to match Java and C# bindings
git bisect bad 0321312c8db1d3f0edbd23e6e48884fbb7d77d1d
# good: [6e637348826f0725ba8a01c455448023ca2889e4] Merge pull request #2368 from waywardmonkeys/fix-typo
git bisect good 6e637348826f0725ba8a01c455448023ca2889e4
# bad: [892aa126605d8cf9a1696af1add6cb30435fb1e0] Fix for fp.rem. Fixes #2381.
git bisect bad 892aa126605d8cf9a1696af1add6cb30435fb1e0
# good: [2eea7709e06c357fb84798ae52a6690231e74e7b] Merge pull request #2438 from agurfinkel/issue_2430
git bisect good 2eea7709e06c357fb84798ae52a6690231e74e7b
# bad: [90415a18d330d3a6066e589aaf20f1c2cc9435f6] fix build of test
git bisect bad 90415a18d330d3a6066e589aaf20f1c2cc9435f6
# bad: [3f032e85e0339ca73718db431d91849d1fe8c530] remove include of thread
git bisect bad 3f032e85e0339ca73718db431d91849d1fe8c530
# good: [2bd8d3b4852765cdd92abd7db6331fc5bac8fb5d] fixes for input4/5 #2416
git bisect good 2bd8d3b4852765cdd92abd7db6331fc5bac8fb5d
# good: [04e0b767c300aec525493d4ab1a8dd5d8e3407f9] Fix sudoku Java example
git bisect good 04e0b767c300aec525493d4ab1a8dd5d8e3407f9
# bad: [7f073a0585168821adbc8a4603a8e5964542a60f] fix #2452 fix #2451
git bisect bad 7f073a0585168821adbc8a4603a8e5964542a60f
# good: [b7a27ca4bd25792208a77dae7e6023fce2a01291] Merge pull request #2454 from RichardBradley/java_sudoku_example_fix
git bisect good b7a27ca4bd25792208a77dae7e6023fce2a01291
# first bad commit: [7f073a0585168821adbc8a4603a8e5964542a60f] fix #2452 fix #2451
