running python3 /home/yizhou7/mariposa/scripts/z3-bisect.py /home/yizhou7/mariposa/data/bisect_tasks/d_komodo_z3_clean--verified-init_addrspace.gen.dfyImpl___module.__default.va__lemma__kom__smc__init__addrspace.txt
building z3
Bisecting: 1453 revisions left to test after this (roughly 11 steps)
[1915812f84cf41a5f232eedf2a695a54d055aa88] add a test for intervals
running python3 /home/yizhou7/mariposa/scripts/z3-bisect.py /home/yizhou7/mariposa/data/bisect_tasks/d_komodo_z3_clean--verified-init_addrspace.gen.dfyImpl___module.__default.va__lemma__kom__smc__init__addrspace.txt
building z3
Bisecting: 1453 revisions left to test after this (roughly 11 steps)
[8faf35e2e0c8fce99794e71bd3b5de74b95ceb5a] fix #3735
running python3 /home/yizhou7/mariposa/scripts/z3-bisect.py /home/yizhou7/mariposa/data/bisect_tasks/d_komodo_z3_clean--verified-init_addrspace.gen.dfyImpl___module.__default.va__lemma__kom__smc__init__addrspace.txt
building z3
done building z3 3.2
running mariposa
res: 1 
 out: [[[    2     2     2     2     2     2     2     2     2     2     2
       2     2     2     2     2     2     2     2     2     2     2
       2     2     2     2     2     2     2     2     2     2     2
       2     2     2     2     2     2     2     2     2     2     2
       2     2     2     2     2     2     2     2     2     2     2
       2     2     2     2     2     2]
  [25325 40628 42427 38973 39150 44821 35719 40935 36671 38459 38333
   41416 44811 39175 35670 36275 34795 38486 40725 43631 39246 37111
   35624 39988 36452 37347 34387 37677 45684 35261 43291 37619 41232
   37949 31388 43497 33466 39071 42215 40863 41446 39061 46751 46311
   40022 32902 39511 34865 45035 38302 40768 40455 39767 43951 38617
   35838 36597 43347 39377 36107 33743]]

 [[    2     2     2     2     2     2     2     2     2     2     2
       2     2     2     2     2     2     2     2     2     2     2
       2     2     2     2     2     2     2     2     2     2     2
       2     2     2     2     2     2     2     2     2     2     2
       2     2     2     2     2     2     2     2     2     2     2
       2     2     2     2     2     2]
  [25325 35992 43634 36984 39583 39467 40264 40079 36337 46282 34365
   47645 40909 38105 39935 40191 40016 40155 40567 39841 35914 42282
   45057 38728 42951 49875 42159 34979 42935 32789 40311 37420 38961
   33593 33174 38687 36410 38595 38644 39023 40465 46334 43114 36087
   39639 43523 43633 40119 45310 39952 39996 38509 41435 33171 39645
   37988 43396 47232 38216 41826 47524]]

 [[    2     2     2     2     2     2     2     3     2     2     2
       2     2     2     2     2     2     3     2     2     3     2
       2     2     2     2     3     2     2     2     2     2     2
       2     2     2     2     2     2     2     2     2     2     2
       2     2     2     3     2     2     2     2     2     2     3
       2     2     2     2     2     2]
  [25325 38451 40135 41178 42429 45264 50201 60016 39031 39098 35668
   33282 42420 41639 37629 33860 35094 60016 36919 44521 60018 35291
   38308 38883 40561 36498 60017 43313 32760 35492 34371 40101 44130
   31071 43541 45660 41181 45368 34474 42967 39115 34021 41818 39195
   41763 36729 36619 60019 38446 40873 39382 37934 45946 46849 60020
   36437 41886 39785 49866 42502 45092]]]
unstable
 
 err: 
done running mariposa 1106.2
Bisecting: 1254 revisions left to test after this (roughly 10 steps)
[d1a5635b4ad7f8632356b380f3a9b1fc83fdb04f] better model based lemmaas
running python3 /home/yizhou7/mariposa/scripts/z3-bisect.py /home/yizhou7/mariposa/data/bisect_tasks/d_komodo_z3_clean--verified-init_addrspace.gen.dfyImpl___module.__default.va__lemma__kom__smc__init__addrspace.txt
building z3
Bisecting: 1254 revisions left to test after this (roughly 10 steps)
[0a86bd14f792ef5fadb8eeb346729a612f7e1588] start on test nla
running python3 /home/yizhou7/mariposa/scripts/z3-bisect.py /home/yizhou7/mariposa/data/bisect_tasks/d_komodo_z3_clean--verified-init_addrspace.gen.dfyImpl___module.__default.va__lemma__kom__smc__init__addrspace.txt
building z3
Bisecting: 1254 revisions left to test after this (roughly 10 steps)
[f7747d9e76bd685a02ce5c5fbda91fc356856b5e] fix parameter collection for tactic-based solvers reported in #3065
running python3 /home/yizhou7/mariposa/scripts/z3-bisect.py /home/yizhou7/mariposa/data/bisect_tasks/d_komodo_z3_clean--verified-init_addrspace.gen.dfyImpl___module.__default.va__lemma__kom__smc__init__addrspace.txt
building z3
done building z3 3.2
running mariposa
res: 1 
 out: [[[    2     2     2     2     2     2     2     2     2     2     2
       2     2     2     2     2     2     2     2     2     2     2
       2     2     2     2     2     2     2     2     2     2     2
       2     2     2     2     2     2     2     2     2     2     2
       2     2     2     2     2     2     2     2     2     2     2
       2     2     2     2     2     2]
  [26401 40879 40843 45327 37327 44942 37321 38773 41458 40957 40655
   41627 48215 40597 46101 38043 39950 37969 39368 39660 40104 43498
   43323 37891 37834 33976 41472 32929 41274 39986 41109 39124 35673
   44018 40018 44518 34388 40096 39296 41167 44698 32522 38975 41991
   37380 38757 41491 41432 36658 37627 41351 39898 42257 39574 48484
   40635 37287 38161 34736 33272 39138]]

 [[    2     2     2     2     2     2     2     2     2     2     2
       2     2     2     2     2     2     2     2     2     2     2
       2     2     2     2     2     2     2     2     2     2     2
       2     2     2     2     2     2     2     2     2     2     2
       2     2     2     2     2     2     2     2     2     2     2
       2     2     2     2     2     2]
  [26401 37918 43246 36235 46988 43817 38713 42971 39350 41533 50275
   50239 35658 38776 47183 39060 45077 44430 37276 39725 40861 37484
   41844 43061 40650 39915 31420 38876 43766 39630 36627 42613 42731
   40770 39976 43590 38548 38533 41193 33370 39483 43156 37318 39354
   49287 36773 49416 36860 38513 43757 42313 41628 38434 37346 36584
   41140 48383 37142 36726 39928 46209]]

 [[    2     2     2     2     2     2     2     3     2     2     2
       2     2     2     2     2     3     2     2     2     3     2
       2     2     2     2     2     3     2     2     2     2     2
       2     2     2     2     2     2     2     2     2     2     2
       2     3     2     2     2     2     2     2     2     2     2
       2     3     2     2     2     2]
  [26401 35662 38944 39221 39771 42343 43093 60016 38124 36227 35537
   38765 44799 48225 42332 33455 60018 42912 41908 40878 60019 38645
   35333 38898 46968 38742 43399 60019 30428 36646 40743 39045 44745
   42228 42061 34801 43854 37807 39783 36273 39118 35553 35747 43326
   43115 60020 46558 37456 39967 39308 40208 44799 42288 44795 38546
   36388 60017 38603 35521 47630 45390]]]
unstable
 
 err: 
done running mariposa 1125.7
Bisecting: 1034 revisions left to test after this (roughly 10 steps)
[0644194fc96a853df44c37f9e4522796aa40add8] work on lemma from product to factors, and some renaming
running python3 /home/yizhou7/mariposa/scripts/z3-bisect.py /home/yizhou7/mariposa/data/bisect_tasks/d_komodo_z3_clean--verified-init_addrspace.gen.dfyImpl___module.__default.va__lemma__kom__smc__init__addrspace.txt
building z3
Bisecting: 1034 revisions left to test after this (roughly 10 steps)
[0321312c8db1d3f0edbd23e6e48884fbb7d77d1d] Changed to get_const_interp to match Java and C# bindings
running python3 /home/yizhou7/mariposa/scripts/z3-bisect.py /home/yizhou7/mariposa/data/bisect_tasks/d_komodo_z3_clean--verified-init_addrspace.gen.dfyImpl___module.__default.va__lemma__kom__smc__init__addrspace.txt
building z3
done building z3 3.1
running mariposa
res: 1 
 out: [[[    2     2     2     2     2     2     2     2     2     2     2
       2     2     2     2     2     2     2     2     2     2     2
       2     2     2     2     2     2     2     2     2     2     2
       2     2     2     2     2     2     2     2     2     2     2
       2     2     2     2     2     2     2     2     2     2     2
       2     2     2     2     2     2]
  [27015 35460 40796 51603 55898 43811 43691 47695 42891 48979 48700
   48748 42336 45545 45151 42929 40162 42336 41540 40706 41078 37689
   52962 40094 39989 50827 43717 52407 41874 43671 43478 43422 41398
   47703 41878 43173 50196 47777 44628 47108 48209 44572 42338 46223
   43791 47937 48156 39887 47869 46702 43530 41735 47840 46792 46269
   44314 46581 43073 38170 41835 47993]]

 [[    2     2     2     2     2     2     2     2     2     2     2
       2     2     2     2     2     2     2     2     2     2     2
       2     2     2     2     2     2     2     2     2     2     2
       2     2     2     2     2     2     2     2     2     2     2
       2     2     2     2     2     2     2     2     2     2     2
       2     2     2     2     2     2]
  [27015 48219 42932 36804 48599 42950 43884 48684 47527 41912 43083
   33934 38749 37145 32965 37916 39872 38885 38279 37446 39289 42903
   43351 36207 42749 37221 38099 42886 47892 43254 49740 46197 38151
   38264 39556 38268 42379 42018 45159 31699 41449 40835 35634 35379
   31057 40820 44502 39357 39096 40415 40073 34247 39269 42499 40816
   43410 43172 41605 37507 36366 48619]]

 [[    2     2     2     2     3     3     3     3     2     2     2
       3     2     2     3     2     3     2     2     3     2     2
       3     2     2     2     3     2     2     2     2     2     3
       2     2     2     3     2     2     2     2     2     2     2
       3     3     2     2     2     2     2     2     3     3     3
       2     3     3     3     3     3]
  [27015 38477 39143 45442 60017 60016 60017 60015 42449 33669 59711
   60019 46143 58846 60018 38082 60018 40218 46975 60018 46583 36869
   60018 47401 57067 37242 60017 39813 40479 46554 36450 42403 60019
   45428 42931 40312 60017 34675 33223 37601 54626 47098 36004 43403
   60018 60018 40847 58566 55109 37206 39185 43908 60018 60017 60017
   45797 60019 60018 60018 60018 60017]]]
unstable
 
 err: 
done running mariposa 1226.3
Bisecting: 261 revisions left to test after this (roughly 8 steps)
[6e637348826f0725ba8a01c455448023ca2889e4] Merge pull request #2368 from waywardmonkeys/fix-typo
running python3 /home/yizhou7/mariposa/scripts/z3-bisect.py /home/yizhou7/mariposa/data/bisect_tasks/d_komodo_z3_clean--verified-init_addrspace.gen.dfyImpl___module.__default.va__lemma__kom__smc__init__addrspace.txt
building z3
done building z3 3.0
running mariposa
res: 1 
 out: [[[    2     2     2     2     2     2     2     2     2     2     2
       2     2     2     2     2     2     2     2     2     2     2
       2     2     2     2     2     2     2     2     2     2     2
       2     2     2     2     2     2     2     2     2     2     2
       2     2     2     2     2     2     2     2     2     2     2
       2     2     2     2     2     2]
  [27283 37961 36593 42881 39300 48568 40390 37464 40177 39525 39382
   44599 37286 42057 40347 39782 32464 37125 38862 36970 43862 35305
   36777 39777 46405 46067 39302 44282 42197 40362 38990 44142 42825
   33482 38152 40453 38552 39700 37199 41623 40101 38270 40135 39344
   47522 37214 44985 45014 41594 44984 45293 39295 34512 35571 37631
   36357 39446 46528 35516 33374 32927]]

 [[    2     2     2     2     2     2     2     2     2     2     2
       2     2     2     2     2     2     2     2     2     2     2
       2     2     2     2     2     2     2     2     2     2     2
       2     2     2     2     2     2     2     2     2     2     2
       2     2     2     2     2     2     2     2     2     2     2
       2     2     2     2     2     2]
  [27283 36582 38510 36697 34180 42243 41437 42853 39555 42429 40557
   37859 42254 31402 34471 38432 45462 40243 34630 36015 36594 47281
   38094 47308 40593 37662 41928 33489 37977 36245 36882 43691 33034
   40313 41443 42814 45801 31042 41037 37609 37082 39550 38268 37867
   39951 42528 49661 35836 40512 41005 37783 38214 36037 39208 39594
   47071 45008 41974 34301 42294 43529]]

 [[    2     2     2     2     2     3     3     3     2     2     2
       3     2     2     3     3     2     2     2     2     2     2
       2     3     2     3     2     3     2     2     3     2     2
       2     2     2     2     2     2     2     2     3     3     3
       2     3     2     3     2     2     2     2     2     3     2
       2     3     3     2     3     2]
  [27283 35160 35776 37991 39868 60017 60016 60015 39848 44982 56827
   60018 44935 37196 60017 60016 39707 43742 43845 37294 39671 34514
   54957 60019 36732 60019 38609 60017 42794 43195 60020 36146 38895
   42093 42049 42118 53331 36500 39528 43784 39415 60019 60018 60018
   40927 60017 50137 60018 55736 52511 45981 37228 40671 60018 46642
   32766 60020 60018 56761 60019 58977]]]
unstable
 
 err: 
done running mariposa 1171.5
Bisecting: 130 revisions left to test after this (roughly 7 steps)
[9b4f327e29de8eadd112e53af5a8fb9f430fabf7] set upload mode to replace
running python3 /home/yizhou7/mariposa/scripts/z3-bisect.py /home/yizhou7/mariposa/data/bisect_tasks/d_komodo_z3_clean--verified-init_addrspace.gen.dfyImpl___module.__default.va__lemma__kom__smc__init__addrspace.txt
building z3
done building z3 3.1
running mariposa
res: 0 
 out: [[[    2     2     2     2     2     2     2     2     2     2     2
       2     2     2     2     2     2     2     2     2     2     2
       2     2     2     2     2     2     2     2     2     2     2
       2     2     2     2     2     2     2     2     2     2     2
       2     2     2     2     2     2     2     2     2     2     2
       2     2     2     2     2     2]
  [12562 19466 18708 20324 19906 19913 19939 18570 20247 19906 19664
   21145 20925 20201 19597 18676 20408 20003 20116 19707 20540 19728
   20555 20114 20015 20134 19944 20307 18633 19750 20259 19781 20003
   19739 20259 20362 18965 19999 19887 19418 18759 20146 19464 20358
   19239 20669 19122 18477 19582 18853 18936 19301 20712 19102 20832
   19701 18275 17138 17749 16931 16539]]

 [[    2     2     2     2     2     2     2     2     2     2     2
       2     2     2     2     2     2     2     2     2     2     2
       2     2     2     2     2     2     2     2     2     2     2
       2     2     2     2     2     2     2     2     2     2     2
       2     2     2     2     2     2     2     2     2     2     2
       2     2     2     2     2     2]
  [12562 19956 18212 18638 20197 18818 19473 20162 18540 20133 19643
   18514 20038 21062 20099 21089 19873 19596 18546 18964 19675 19772
   20024 18357 19853 19688 18714 18471 19070 19905 20327 20061 18314
   19534 18635 19775 19849 20063 20358 19149 19992 18821 20094 19586
   19991 20861 20106 18319 20351 20144 19932 19953 19246 19426 18966
   18619 19500 18454 20004 19492 19879]]

 [[    2     2     2     2     2     2     2     2     2     2     2
       2     2     2     2     2     2     2     2     2     2     2
       2     2     2     2     2     2     2     2     2     2     2
       2     2     2     2     2     2     2     2     2     2     2
       2     2     2     2     2     2     2     2     2     2     2
       2     2     2     2     2     2]
  [12562 18932 19114 19351 19477 19590 20056 20784 20152 20340 20688
   20348 20045 20678 20274 19053 19665 19324 20704 19512 21075 21251
   18665 19266 19652 18905 19127 20853 21202 19212 19740 18804 20482
   21127 21088 20788 20849 18829 19804 19267 19494 19216 20698 20595
   20260 19565 20674 20829 19938 20279 20467 19712 19415 20515 21140
   20255 19437 19174 20471 20445 21039]]]
stable
 
 err: 
done running mariposa 556.2
Bisecting: 65 revisions left to test after this (roughly 6 steps)
[42ac3a536369a7d4a7eafa1fa15b571b146ba594] merge with csp
running python3 /home/yizhou7/mariposa/scripts/z3-bisect.py /home/yizhou7/mariposa/data/bisect_tasks/d_komodo_z3_clean--verified-init_addrspace.gen.dfyImpl___module.__default.va__lemma__kom__smc__init__addrspace.txt
building z3
done building z3 3.1
running mariposa
res: 0 
 out: [[[    2     2     2     2     2     2     2     2     2     2     2
       2     2     2     2     2     2     2     2     2     2     2
       2     2     2     2     2     2     2     2     2     2     2
       2     2     2     2     2     2     2     2     2     2     2
       2     2     2     2     2     2     2     2     2     2     2
       2     2     2     2     2     2]
  [12611 19218 19483 19906 19933 20009 19939 20034 19082 19914 20697
   19740 20570 20306 18581 20211 20700 19847 19943 19781 20038 19750
   20491 20562 20447 19938 19787 19928 18841 19709 20198 20116 20208
   19188 20395 20157 19079 19809 20281 19122 19039 20228 19501 20395
   20231 18952 19194 18573 20122 19000 18807 19177 20314 20646 19098
   20374 18358 17111 16954 17919 16507]]

 [[    2     2     2     2     2     2     2     2     2     2     2
       2     2     2     2     2     2     2     2     2     2     2
       2     2     2     2     2     2     2     2     2     2     2
       2     2     2     2     2     2     2     2     2     2     2
       2     2     2     2     2     2     2     2     2     2     2
       2     2     2     2     2     2]
  [12611 19753 18109 18778 20153 19044 20077 18713 19832 18922 19666
   19740 20322 18577 19969 21300 20308 19491 18376 18853 19131 19654
   19916 19751 18536 18614 19583 19822 19575 18455 19374 19661 18182
   20143 18716 19686 19585 19987 19749 19402 19711 18786 20145 20229
   19750 20530 20079 20057 18239 20027 19936 20142 18971 19183 19430
   18574 19735 18716 19968 19285 19636]]

 [[    2     2     2     2     2     2     2     2     2     2     2
       2     2     2     2     2     2     2     2     2     2     2
       2     2     2     2     2     2     2     2     2     2     2
       2     2     2     2     2     2     2     2     2     2     2
       2     2     2     2     2     2     2     2     2     2     2
       2     2     2     2     2     2]
  [12611 18815 19313 19265 19335 19350 20387 20793 20035 20097 20344
   20494 21140 20005 20261 19057 19168 19403 20490 21061 19838 21402
   18609 18757 18894 19585 19438 21078 21267 19221 20546 19812 20392
   19070 20625 21078 20847 18890 19564 19409 19091 19265 20779 20202
   20724 19427 20976 20419 20128 20617 18812 20336 20479 19960 20820
   20279 19487 18982 20171 20216 21531]]]
stable
 
 err: 
done running mariposa 555.5
Bisecting: 32 revisions left to test after this (roughly 5 steps)
[b4290d4b3d7c021965e9ce7ee636caac0f9cac74] python regression
running python3 /home/yizhou7/mariposa/scripts/z3-bisect.py /home/yizhou7/mariposa/data/bisect_tasks/d_komodo_z3_clean--verified-init_addrspace.gen.dfyImpl___module.__default.va__lemma__kom__smc__init__addrspace.txt
building z3
done building z3 3.1
running mariposa
res: 1 
 out: [[[    2     2     2     2     2     2     2     2     2     2     2
       2     2     2     2     2     2     2     2     2     2     2
       2     2     2     3     2     3     2     2     3     2     2
       2     2     2     2     2     2     2     2     2     2     2
       2     2     3     2     2     2     2     2     2     2     2
       2     2     2     2     3     2]
  [34048 46702 44882 50134 51919 47393 47943 45724 59180 49213 47209
   55331 46332 43350 44147 45731 55332 54459 58895 50236 52081 50910
   52189 47618 54945 60020 45547 60021 51006 47210 60020 55975 49099
   53027 42123 54863 56009 44953 55283 53792 47351 52509 49020 47810
   48502 55739 60018 48571 59647 48286 53680 50206 54330 53320 54116
   45633 52234 43089 39182 60018 39645]]

 [[    2     2     2     2     2     2     2     2     2     2     2
       2     2     2     2     2     2     2     2     2     2     2
       2     2     2     2     2     2     2     2     2     2     2
       2     2     2     2     2     2     2     2     2     2     2
       2     2     2     2     2     2     2     2     2     2     2
       2     2     2     2     2     2]
  [34048 41239 47115 52221 40858 49924 44567 46265 43184 47035 44951
   45267 42847 46838 46841 51260 53290 43289 42871 40139 41677 48565
   38098 46442 49765 46740 38450 53550 45645 47072 47091 46738 42597
   42530 40558 43938 46359 45090 35110 52936 41953 51262 42697 46206
   47417 41985 57699 45043 46251 40268 47057 45331 45115 44057 43153
   42446 45853 42626 44359 46295 40542]]

 [[    2     2     2     2     2     2     2     3     2     2     2
       2     2     2     3     2     2     2     2     2     3     2
       2     2     2     2     2     3     2     2     2     2     2
       2     2     2     2     2     2     2     2     2     2     2
       3     3     2     2     2     2     2     2     2     2     2
       2     2     2     2     2     2]
  [34048 40752 46120 47005 47363 47495 47743 60017 43280 50416 44363
   46733 50438 52788 60017 41541 44141 45448 52507 49604 60018 47149
   41931 41050 44498 43882 45548 60019 48830 44818 48965 53978 52541
   42725 45775 46233 48066 41339 53710 43249 48126 54176 49559 43886
   60021 60019 46936 42847 43160 46331 42862 46166 47699 58476 48797
   45535 45526 45272 48648 49047 53234]]]
unstable
 
 err: 
done running mariposa 1321.5
Bisecting: 16 revisions left to test after this (roughly 4 steps)
[0f7ff2a3d016ce6cc0dcc2654a6aa0187bc55192] swap
running python3 /home/yizhou7/mariposa/scripts/z3-bisect.py /home/yizhou7/mariposa/data/bisect_tasks/d_komodo_z3_clean--verified-init_addrspace.gen.dfyImpl___module.__default.va__lemma__kom__smc__init__addrspace.txt
building z3
done building z3 3.1
running mariposa
res: 1 
 out: [[[    3     3     3     3     3     3     3     3     3     3     3
       3     3     3     3     3     3     3     3     3     3     3
       3     3     3     3     3     3     3     3     3     3     3
       3     3     3     3     3     3     3     3     3     3     3
       3     3     3     3     3     3     3     3     3     3     3
       3     3     3     3     3     3]
  [60013 60016 60017 60016 60016 60015 60015 60018 60018 60015 60018
   60016 60015 60015 60017 60018 60016 60017 60016 60017 60015 60017
   60018 60015 60016 60015 60015 60014 60018 60018 60016 60016 60016
   60015 60015 60017 60016 60015 60016 60016 60016 60015 60017 60016
   60015 60016 60016 60015 60016 60018 60018 60015 60015 60016 60016
   60016 60017 60016 60015 60015 60014]]

 [[    3     3     3     3     3     3     3     3     3     3     3
       3     3     3     3     3     3     3     3     3     3     3
       3     3     3     3     3     3     3     3     3     3     3
       3     3     3     3     3     3     3     3     3     3     3
       3     3     3     3     3     3     3     3     3     3     3
       3     3     3     3     3     3]
  [60013 60015 60015 60016 60016 60016 60017 60015 60016 60015 60016
   60018 60016 60017 60015 60016 60016 60015 60017 60016 60017 60015
   60017 60017 60015 60017 60015 60015 60015 60017 60015 60015 60018
   60016 60015 60016 60016 60016 60016 60018 60016 60015 60015 60017
   60016 60016 60017 60015 60016 60015 60016 60016 60016 60016 60016
   60017 60015 60016 60017 60017 60017]]

 [[    3     3     3     3     3     3     3     3     3     3     3
       3     3     3     3     3     3     3     3     3     3     3
       3     3     3     3     3     3     3     3     3     3     3
       3     3     3     3     3     3     3     3     3     3     3
       3     3     3     3     3     3     3     3     3     3     3
       3     3     3     3     3     3]
  [60013 60019 60017 60018 60016 60015 60014 60014 60017 60017 60016
   60016 60016 60015 60014 60019 60017 60016 60017 60016 60016 60015
   60018 60017 60017 60016 60015 60015 60015 60018 60016 60017 60014
   60016 60015 60014 60019 60017 60016 60017 60015 60015 60016 60017
   60016 60016 60016 60016 60016 60015 60018 60017 60016 60014 60016
   60015 60015 60016 60015 60017 60015]]]
unsolvable
 
 err: 
done running mariposa 1650.5
Bisecting: 7 revisions left to test after this (roughly 3 steps)
[d17248821ad047f889237ce20b6bdaa1465ceff9] include chronological backtracking, two-phase sat, xor inprocessing, probsat, ddfw
running python3 /home/yizhou7/mariposa/scripts/z3-bisect.py /home/yizhou7/mariposa/data/bisect_tasks/d_komodo_z3_clean--verified-init_addrspace.gen.dfyImpl___module.__default.va__lemma__kom__smc__init__addrspace.txt
building z3
done building z3 3.2
running mariposa
res: 0 
 out: [[[    2     2     2     2     2     2     2     2     2     2     2
       2     2     2     2     2     2     2     2     2     2     2
       2     2     2     2     2     2     2     2     2     2     2
       2     2     2     2     2     2     2     2     2     2     2
       2     2     2     2     2     2     2     2     2     2     2
       2     2     2     2     2     2]
  [12981 19640 18990 19831 20459 19979 19814 18751 20042 20078 20130
   20769 20116 20476 19767 18735 20340 19849 20421 19900 20297 19755
   20322 20023 19954 20279 20091 20210 18707 19619 20290 20317 19809
   19530 20386 20188 18891 20083 19566 19960 18951 19936 19593 20295
   20537 19018 19422 18774 19816 18873 18843 19281 19182 20602 20845
   20309 16988 18170 16691 17653 16745]]

 [[    2     2     2     2     2     2     2     2     2     2     2
       2     2     2     2     2     2     2     2     2     2     2
       2     2     2     2     2     2     2     2     2     2     2
       2     2     2     2     2     2     2     2     2     2     2
       2     2     2     2     2     2     2     2     2     2     2
       2     2     2     2     2     2]
  [12981 19726 18315 18609 19210 20253 18793 19884 18621 20327 19877
   19862 18617 19859 20820 21049 20321 19546 18594 19140 19132 19964
   19698 18796 19523 18962 19717 19766 18381 19136 20045 19653 18450
   19817 19712 19202 19678 19960 19685 19217 19868 19354 20140 19823
   19742 20581 20542 20004 18566 20545 20016 19861 19025 19531 19100
   19671 19102 18544 19903 19126 19738]]

 [[    2     2     2     2     2     2     2     2     2     2     2
       2     2     2     2     2     2     2     2     2     2     2
       2     2     2     2     2     2     2     2     2     2     2
       2     2     2     2     2     2     2     2     2     2     2
       2     2     2     2     2     2     2     2     2     2     2
       2     2     2     2     2     2]
  [12981 18813 19052 19405 19460 19577 20031 20736 20538 20710 20241
   20459 20519 20046 20273 19128 19764 19727 20761 19654 21048 20892
   18726 19232 19541 19075 19119 21100 21111 19183 18925 19918 21090
   20423 20523 20907 21060 18938 19470 19279 19880 19111 20336 20275
   20575 20639 19965 20679 20047 20273 19261 19519 20674 20788 20831
   20240 19396 19240 20142 20299 21415]]]
stable
 
 err: 
done running mariposa 556.7
Bisecting: 3 revisions left to test after this (roughly 2 steps)
[ec1653fdff146ff8d1b3b2281e875494f4fc3a96] Merge pull request #2345 from schedutron/master
running python3 /home/yizhou7/mariposa/scripts/z3-bisect.py /home/yizhou7/mariposa/data/bisect_tasks/d_komodo_z3_clean--verified-init_addrspace.gen.dfyImpl___module.__default.va__lemma__kom__smc__init__addrspace.txt
building z3
done building z3 3.1
running mariposa
res: 0 
 out: [[[    2     2     2     2     2     2     2     2     2     2     2
       2     2     2     2     2     2     2     2     2     2     2
       2     2     2     2     2     2     2     2     2     2     2
       2     2     2     2     2     2     2     2     2     2     2
       2     2     2     2     2     2     2     2     2     2     2
       2     2     2     2     2     2]
  [12826 18728 19559 19978 20260 20281 20032 18754 19935 19989 20095
   20703 20783 20350 19707 18692 20326 19895 20296 20010 20325 19733
   20456 20254 19832 19817 20165 20179 18910 19687 20246 19725 20264
   19356 20595 20203 18985 19889 19951 19527 19912 19134 19444 20342
   20190 18999 19308 18751 19660 19266 18982 20179 19281 20817 19271
   19803 17082 18500 17128 17913 16642]]

 [[    2     2     2     2     2     2     2     2     2     2     2
       2     2     2     2     2     2     2     2     2     2     2
       2     2     2     2     2     2     2     2     2     2     2
       2     2     2     2     2     2     2     2     2     2     2
       2     2     2     2     2     2     2     2     2     2     2
       2     2     2     2     2     2]
  [12826 19792 18578 18659 20243 19317 19651 19006 20176 18607 19623
   20444 19965 19946 21029 19054 19941 19549 18520 19027 19236 19881
   20083 18328 19706 18815 19921 18386 20210 19032 19958 19787 18394
   20038 18749 19678 19654 19913 19975 19270 19836 18818 20580 19847
   19675 20662 20208 19986 18918 20357 19962 19757 19185 19248 18606
   19367 18503 20069 19901 19337 19641]]

 [[    2     2     2     2     2     2     2     2     2     2     2
       2     2     2     2     2     2     2     2     2     2     2
       2     2     2     2     2     2     2     2     2     2     2
       2     2     2     2     2     2     2     2     2     2     2
       2     2     2     2     2     2     2     2     2     2     2
       2     2     2     2     2     2]
  [12826 18654 19161 19205 19396 19323 20074 21072 20139 20074 20610
   20166 20436 20180 20583 19182 18959 19444 21025 21104 21029 19579
   18625 18857 19473 19124 19188 21502 20796 19185 20968 20413 19971
   18940 20483 20691 20700 19830 19211 19259 19574 19159 20409 20560
   20218 19784 20398 20955 20099 20263 18846 20617 20413 19790 20887
   20753 19424 19011 20201 19964 21264]]]
stable
 
 err: 
done running mariposa 556.8
Bisecting: 1 revision left to test after this (roughly 1 step)
[f3b79087eef389011fa90eefcf64b987bed54a9d] add default tactic as option to overwrite the behavior of strategic solver factory
running python3 /home/yizhou7/mariposa/scripts/z3-bisect.py /home/yizhou7/mariposa/data/bisect_tasks/d_komodo_z3_clean--verified-init_addrspace.gen.dfyImpl___module.__default.va__lemma__kom__smc__init__addrspace.txt
building z3
done building z3 3.0
running mariposa
res: 1 
 out: [[[    3     3     3     3     3     3     3     3     3     3     3
       3     3     3     3     3     3     3     3     3     3     3
       3     3     3     3     3     3     3     3     3     3     3
       3     3     3     3     3     3     3     3     3     3     3
       3     3     3     3     3     3     3     3     3     3     3
       3     3     3     3     3     3]
  [60015 60019 60017 60018 60017 60016 60016 60019 60018 60016 60017
   60016 60016 60016 60019 60018 60016 60016 60016 60015 60015 60019
   60017 60016 60016 60015 60111 60015 60019 60017 60017 60016 60016
   60016 60015 60018 60017 60016 60016 60016 60016 60015 60019 60017
   60016 60016 60016 60017 60016 60019 60017 60016 60017 60017 60016
   60015 60017 60017 60016 60016 60014]]

 [[    3     3     3     3     3     3     3     3     3     3     3
       3     3     3     3     3     3     3     3     3     3     3
       3     3     3     3     3     3     3     3     3     3     3
       3     3     3     3     3     3     3     3     3     3     3
       3     3     3     3     3     3     3     3     3     3     3
       3     3     3     3     3     3]
  [60015 60017 60016 60016 60017 60017 60016 60016 60017 60017 60016
   60017 60016 60016 60016 60017 60017 60016 60018 60017 60018 60016
   60017 60017 60016 60017 60016 60017 60016 60017 60017 60017 60018
   60018 60017 60017 60017 60017 60018 60019 60016 60016 60016 60017
   60017 60016 60017 60019 60016 60016 60016 60016 60017 60018 60016
   60017 60016 60017 60017 60017 60017]]

 [[    3     3     3     3     3     3     3     3     3     3     3
       3     3     3     3     3     3     3     3     3     3     3
       3     3     3     3     3     3     3     3     3     3     3
       3     3     3     3     3     3     3     3     3     3     3
       3     3     3     3     3     3     3     3     3     3     3
       3     3     3     3     3     3]
  [60015 60017 60017 60015 60018 60016 60015 60015 60017 60016 60017
   60016 60016 60016 60015 60019 60017 60016 60018 60016 60017 60015
   60017 60018 60016 60016 60016 60016 60016 60018 60016 60016 60016
   60016 60015 60015 60018 60017 60016 60016 60016 60015 60016 60019
   60017 60016 60016 60016 60016 60015 60019 60016 60016 60017 60016
   60015 60016 60018 60017 60017 60016]]]
unsolvable
 
 err: 
done running mariposa 1650.5
Bisecting: 0 revisions left to test after this (roughly 0 steps)
[1e770af1cc04f85a8d7a990ba0c9c4e433b83fa8] local sort
running python3 /home/yizhou7/mariposa/scripts/z3-bisect.py /home/yizhou7/mariposa/data/bisect_tasks/d_komodo_z3_clean--verified-init_addrspace.gen.dfyImpl___module.__default.va__lemma__kom__smc__init__addrspace.txt
building z3
done building z3 3.1
running mariposa
res: 1 
 out: [[[    3     3     3     3     3     3     3     3     3     3     3
       3     3     3     3     3     3     3     3     3     3     3
       3     3     3     3     3     3     3     3     3     3     3
       3     3     3     3     3     3     3     3     3     3     3
       3     3     3     3     3     3     3     3     3     3     3
       3     3     3     3     3     3]
  [60015 60018 60018 60017 60017 60017 60017 60018 60017 60018 60017
   60016 60017 60017 60018 60017 60018 60016 60017 60016 60017 60020
   60017 60017 60018 60017 60018 60016 60018 60018 60018 60016 60018
   60017 60017 60018 60018 60016 60016 60017 60016 60018 60018 60017
   60018 60016 60018 60016 60017 60018 60017 60018 60017 60016 60017
   60016 60018 60017 60018 60016 60015]]

 [[    3     3     3     3     3     3     3     3     3     3     3
       3     3     3     3     3     3     3     3     3     3     3
       3     3     3     3     3     3     3     3     3     3     3
       3     3     3     3     3     3     3     3     3     3     3
       3     3     3     3     3     3     3     3     3     3     3
       3     3     3     3     3     3]
  [60015 60017 60017 60017 60018 60016 60016 60015 60017 60016 60017
   60018 60016 60016 60016 60017 60017 60018 60017 60016 60017 60016
   60018 60017 60017 60017 60015 60017 60016 60019 60017 60017 60017
   60016 60016 60016 60019 60017 60018 60017 60016 60016 60016 60018
   60017 60019 60017 60017 60016 60016 60019 60018 60017 60017 60016
   60017 60017 60017 60017 60017 60017]]

 [[    3     3     3     3     3     3     3     3     3     3     3
       3     3     3     3     3     3     3     3     3     3     3
       3     3     3     3     3     3     3     3     3     3     3
       3     3     3     3     3     3     3     3     3     3     3
       3     3     3     3     3     3     3     3     3     3     3
       3     3     3     3     3     3]
  [60015 60018 60017 60017 60016 60017 60015 60015 60017 60018 60017
   60017 60016 60015 60015 60017 60017 60015 60017 60016 60015 60014
   60017 60017 60014 60017 60017 60017 60015 60017 60016 60015 60016
   60016 60015 60015 60017 60017 60016 60017 60016 60015 60015 60017
   60018 60017 60016 60016 60015 60015 60017 60017 60016 60015 60016
   60016 60015 60017 60017 60016 60016]]]
unsolvable
 
 err: 
done running mariposa 1650.7
1e770af1cc04f85a8d7a990ba0c9c4e433b83fa8 is the first bad commit
commit 1e770af1cc04f85a8d7a990ba0c9c4e433b83fa8
Author: Nikolaj Bjorner <nbjorner@microsoft.com>
Date:   Fri Jun 14 09:29:41 2019 -0700

    local sort
    
    Signed-off-by: Nikolaj Bjorner <nbjorner@microsoft.com>

 src/ast/rewriter/bool_rewriter.cpp | 21 ++++++++++++++++++---
 1 file changed, 18 insertions(+), 3 deletions(-)
bisect run success
git bisect start
# good: [e79542cc689d52ec4cb34ce4ae3fbe56e7a0bf70] fix #2309
git bisect good e79542cc689d52ec4cb34ce4ae3fbe56e7a0bf70
# bad: [ad55a1f1c617a7f0c3dd735c0780fc758424c7f1] Update release.yml for Azure Pipelines
git bisect bad ad55a1f1c617a7f0c3dd735c0780fc758424c7f1
# skip: [e2702f3ae88f5c48a55f4473bb5c29184c182634] fixes in assigning constraints to intervals
git bisect skip e2702f3ae88f5c48a55f4473bb5c29184c182634
# skip: [1915812f84cf41a5f232eedf2a695a54d055aa88] add a test for intervals
git bisect skip 1915812f84cf41a5f232eedf2a695a54d055aa88
# bad: [8faf35e2e0c8fce99794e71bd3b5de74b95ceb5a] fix #3735
git bisect bad 8faf35e2e0c8fce99794e71bd3b5de74b95ceb5a
# skip: [d1a5635b4ad7f8632356b380f3a9b1fc83fdb04f] better model based lemmaas
git bisect skip d1a5635b4ad7f8632356b380f3a9b1fc83fdb04f
# skip: [0a86bd14f792ef5fadb8eeb346729a612f7e1588] start on test nla
git bisect skip 0a86bd14f792ef5fadb8eeb346729a612f7e1588
# bad: [f7747d9e76bd685a02ce5c5fbda91fc356856b5e] fix parameter collection for tactic-based solvers reported in #3065
git bisect bad f7747d9e76bd685a02ce5c5fbda91fc356856b5e
# skip: [0644194fc96a853df44c37f9e4522796aa40add8] work on lemma from product to factors, and some renaming
git bisect skip 0644194fc96a853df44c37f9e4522796aa40add8
# bad: [0321312c8db1d3f0edbd23e6e48884fbb7d77d1d] Changed to get_const_interp to match Java and C# bindings
git bisect bad 0321312c8db1d3f0edbd23e6e48884fbb7d77d1d
# bad: [6e637348826f0725ba8a01c455448023ca2889e4] Merge pull request #2368 from waywardmonkeys/fix-typo
git bisect bad 6e637348826f0725ba8a01c455448023ca2889e4
# good: [9b4f327e29de8eadd112e53af5a8fb9f430fabf7] set upload mode to replace
git bisect good 9b4f327e29de8eadd112e53af5a8fb9f430fabf7
# good: [42ac3a536369a7d4a7eafa1fa15b571b146ba594] merge with csp
git bisect good 42ac3a536369a7d4a7eafa1fa15b571b146ba594
# bad: [b4290d4b3d7c021965e9ce7ee636caac0f9cac74] python regression
git bisect bad b4290d4b3d7c021965e9ce7ee636caac0f9cac74
# bad: [0f7ff2a3d016ce6cc0dcc2654a6aa0187bc55192] swap
git bisect bad 0f7ff2a3d016ce6cc0dcc2654a6aa0187bc55192
# good: [d17248821ad047f889237ce20b6bdaa1465ceff9] include chronological backtracking, two-phase sat, xor inprocessing, probsat, ddfw
git bisect good d17248821ad047f889237ce20b6bdaa1465ceff9
# good: [ec1653fdff146ff8d1b3b2281e875494f4fc3a96] Merge pull request #2345 from schedutron/master
git bisect good ec1653fdff146ff8d1b3b2281e875494f4fc3a96
# bad: [f3b79087eef389011fa90eefcf64b987bed54a9d] add default tactic as option to overwrite the behavior of strategic solver factory
git bisect bad f3b79087eef389011fa90eefcf64b987bed54a9d
# bad: [1e770af1cc04f85a8d7a990ba0c9c4e433b83fa8] local sort
git bisect bad 1e770af1cc04f85a8d7a990ba0c9c4e433b83fa8
# first bad commit: [1e770af1cc04f85a8d7a990ba0c9c4e433b83fa8] local sort
