running python3 /home/yizhou7/mariposa/scripts/z3-bisect.py /home/yizhou7/mariposa/data/bisect_tasks/d_komodo_z3_clean--verified-entry.gen.dfyImpl___module.__default.va__lemma__stack__banked__regs1.txt
building z3
Bisecting: 1453 revisions left to test after this (roughly 11 steps)
[1915812f84cf41a5f232eedf2a695a54d055aa88] add a test for intervals
running python3 /home/yizhou7/mariposa/scripts/z3-bisect.py /home/yizhou7/mariposa/data/bisect_tasks/d_komodo_z3_clean--verified-entry.gen.dfyImpl___module.__default.va__lemma__stack__banked__regs1.txt
building z3
Bisecting: 1453 revisions left to test after this (roughly 11 steps)
[8faf35e2e0c8fce99794e71bd3b5de74b95ceb5a] fix #3735
running python3 /home/yizhou7/mariposa/scripts/z3-bisect.py /home/yizhou7/mariposa/data/bisect_tasks/d_komodo_z3_clean--verified-entry.gen.dfyImpl___module.__default.va__lemma__stack__banked__regs1.txt
building z3
done building z3 3.2
running mariposa
res: 125 
 out: [[[    2     2     2     2     2     2     2     2     2     2     2
       2     2     2     2     2     3     2     2     2     2     2
       3     2     2     2     2     2     2     2     2     2     3
       2     2     2     2     2     2     2     2     2     2     2
       2     2     2     2     2     2     2     2     3     2     2
       2     2     2     2     2     2]
  [29515 48960 45106 42569 53679 46273 41097 35968 47659 52352 45490
   53025 46765 50892 35381 43579 60018 43519 39468 45402 34266 42691
   60018 42263 45200 51368 43906 47920 53881 37851 56260 48772 60019
   41917 48548 55269 55235 45805 50318 57956 43197 43746 46912 48082
   52218 54351 43918 53935 39216 44954 49688 47982 60018 41904 56743
   37497 43294 42426 49471 39951 41421]]

 [[    2     2     2     2     2     2     3     2     2     2     2
       2     2     2     2     3     2     2     2     2     2     2
       2     2     2     2     2     2     2     2     2     3     2
       2     2     2     2     2     2     2     3     2     2     2
       2     2     2     2     2     2     2     2     2     2     2
       2     2     2     2     2     2]
  [29515 40621 37556 49472 43284 36421 60019 53888 59051 34925 52366
   48897 52962 47631 36229 60017 52466 54418 49299 47121 53715 34636
   45426 46892 46823 43931 40744 38755 57253 48805 38227 60018 47818
   53302 54293 41251 41049 44515 57636 48296 60017 50995 42353 49033
   40201 48963 40096 44017 35504 36167 50560 58526 47796 45819 42069
   52720 59133 36972 30559 45330 50013]]

 [[    2     2     2     2     2     2     2     2     2     2     3
       2     2     2     3     2     2     2     2     2     3     2
       2     3     2     3     2     2     2     3     2     2     2
       3     2     3     2     2     2     3     2     2     2     2
       2     2     2     3     2     2     2     3     2     3     2
       2     3     3     2     2     2]
  [29515 37494 43462 43550 49512 53615 56899 57931 38733 38048 60019
   48577 55283 54152 60018 58517 46641 54055 40694 56095 60022 54398
   34868 60022 49704 60018 52618 42794 59971 60018 47044 50032 49427
   60020 59441 60017 41043 46779 45904 60019 47070 58996 58115 48601
   44864 59044 52927 60019 55499 51061 54394 60020 44089 60018 59160
   30385 60018 60017 36963 45726 45165]]]
inconclusive
 
 err: 
done running mariposa 1321.7
Bisecting: 1453 revisions left to test after this (roughly 11 steps)
[34137cfa0aab5b5ede8353aa6cb8d04b853e97f2] a bug fix in internalize_atom, by NB
running python3 /home/yizhou7/mariposa/scripts/z3-bisect.py /home/yizhou7/mariposa/data/bisect_tasks/d_komodo_z3_clean--verified-entry.gen.dfyImpl___module.__default.va__lemma__stack__banked__regs1.txt
building z3
Bisecting: 1453 revisions left to test after this (roughly 11 steps)
[1b83c677ea9e8683c3ba33ab8e7b33589055b309] spacer: fixes lim_num_generalizer
running python3 /home/yizhou7/mariposa/scripts/z3-bisect.py /home/yizhou7/mariposa/data/bisect_tasks/d_komodo_z3_clean--verified-entry.gen.dfyImpl___module.__default.va__lemma__stack__banked__regs1.txt
building z3
done building z3 95.5
running mariposa
res: 1 
 out: [[[    2     2     2     3     3     2     2     3     2     3     3
       2     2     2     2     2     2     2     3     3     2     3
       2     2     2     3     3     2     2     2     2     3     2
       2     2     2     2     2     3     2     2     2     2     2
       2     2     3     2     3     2     2     2     3     2     2
       3     2     2     2     2     2]
  [37180 46022 59015 60018 60018 50083 47146 60019 54742 60019 60018
   45406 55757 57201 50995 47313 57266 53389 60019 60017 58644 60017
   47971 49640 49750 60017 60016 59664 56097 50770 49797 60019 49221
   51942 55095 43245 53376 57126 60019 50687 53241 58547 55702 57428
   52577 57327 60018 59197 60018 59941 58093 55235 60018 49181 57702
   60016 49529 55714 45710 41629 53264]]

 [[    2     2     2     2     2     2     2     2     2     2     2
       2     2     3     3     2     2     2     2     2     2     2
       2     2     2     2     2     2     2     2     2     3     2
       2     2     2     3     2     2     2     2     2     2     2
       2     2     3     3     2     2     2     3     3     2     2
       2     2     2     2     2     2]
  [37180 37915 45082 50453 56201 44987 49235 48058 32352 52461 50493
   46784 40795 60019 60017 48485 36038 50123 52351 52978 45915 52893
   48808 44653 37810 43135 54306 55710 40820 46355 52058 60020 49407
   56633 36231 47580 60019 47752 46279 57734 41120 31142 37962 45562
   49809 54503 60017 60017 37970 35530 36192 60017 60019 38186 56223
   55493 41039 42550 52908 49209 39280]]

 [[    2     2     2     2     2     3     3     3     2     2     2
       2     2     2     3     2     2     3     2     3     2     2
       3     3     2     3     2     3     2     2     3     3     2
       3     3     3     2     2     3     2     2     2     2     2
       2     3     2     3     2     2     2     2     2     2     2
       2     2     2     2     3     2]
  [37180 38118 43039 51106 58267 60016 60013 60016 50100 40993 50817
   38769 56200 57662 60016 51899 59147 60020 37898 60017 56969 59051
   60020 60018 53300 60019 58017 60019 56215 38945 60019 60021 57342
   60017 60018 60021 35302 32465 60023 49332 45988 47234 44133 59051
   52145 60019 59800 60017 35979 56600 48677 45173 35612 39315 59011
   45227 42168 50733 39160 60021 51595]]]
unstable
 
 err: 
done running mariposa 1401.3
Bisecting: 226 revisions left to test after this (roughly 8 steps)
[63a952f254d7f3f19cbd426690ff7b560da26ea2] setting ast to null on destructor to deal with #2350
running python3 /home/yizhou7/mariposa/scripts/z3-bisect.py /home/yizhou7/mariposa/data/bisect_tasks/d_komodo_z3_clean--verified-entry.gen.dfyImpl___module.__default.va__lemma__stack__banked__regs1.txt
building z3
done building z3 36.6
running mariposa
res: 125 
 out: [[[    2     2     3     3     2     3     2     2     2     2     2
       3     3     2     3     2     3     3     3     3     2     3
       2     3     3     2     3     3     2     3     2     2     2
       2     3     2     2     2     2     3     2     3     3     2
       2     3     2     2     2     3     2     2     2     2     3
       3     3     2     2     2     2]
  [40036 51239 60019 60019 60018 60019 55941 57168 58202 56877 58821
   60018 60019 57204 60017 59846 60020 60018 60018 60017 59894 60017
   56892 60019 60018 53593 60017 60018 54405 60017 39694 53464 47649
   57081 60019 57581 56079 52209 55592 60018 59418 60017 60019 59671
   58461 60017 49113 54902 52731 60020 59050 54300 56119 53437 60018
   60017 60018 43964 49326 47219 55659]]

 [[    2     2     2     2     2     2     2     2     2     3     3
       2     2     2     2     2     3     3     2     3     2     2
       3     3     2     3     2     3     3     2     3     2     3
       2     2     2     3     3     3     2     2     3     2     2
       3     3     2     2     2     2     2     3     3     2     2
       3     2     3     2     2     2]
  [40036 48439 44767 56526 41159 50802 47859 40097 58604 60016 60016
   44472 59906 50526 50346 45781 60017 60017 41231 60018 55708 37319
   60017 60018 59320 60019 57436 60018 60017 56572 60017 50027 60016
   44856 41913 59706 60019 60018 60017 37799 46860 60020 41858 54956
   60017 60017 37075 53992 50258 58287 49614 60018 60019 48013 49585
   60018 50994 60018 38429 56103 56320]]

 [[    2     2     3     3     3     3     3     3     2     2     2
       3     3     3     3     2     3     2     3     3     3     3
       2     3     3     3     3     3     3     3     3     3     3
       3     3     3     3     3     3     3     3     3     3     2
       2     3     3     2     3     3     3     3     2     2     2
       3     3     2     3     2     3]
  [40036 56853 60016 60016 60017 60016 60015 60015 54797 55173 59240
   60017 60017 60016 60014 51210 60019 53881 60018 60017 60016 60016
   53867 60020 60018 60017 60018 60019 60016 60020 60019 60018 60019
   60018 60016 60016 60020 60018 60018 60019 60017 60017 60017 45848
   50646 60020 60019 56925 60017 60016 60018 60019 59658 51871 52600
   60017 60016 49391 60019 56474 60019]]]
inconclusive
 
 err: 
done running mariposa 1515.6
Bisecting: 226 revisions left to test after this (roughly 8 steps)
[ec5b148eccfb5359d974d441f5c206e502427c28] Add python packaging build and deployment with Azure
running python3 /home/yizhou7/mariposa/scripts/z3-bisect.py /home/yizhou7/mariposa/data/bisect_tasks/d_komodo_z3_clean--verified-entry.gen.dfyImpl___module.__default.va__lemma__stack__banked__regs1.txt
building z3
done building z3 96.3
running mariposa
res: 1 
 out: [[[    2     2     2     3     3     2     2     3     2     3     2
       2     3     2     2     2     2     2     3     3     2     3
       2     2     2     2     3     2     2     2     3     2     2
       2     2     2     2     2     3     2     2     2     2     2
       2     2     2     2     3     3     2     2     3     2     2
       3     2     2     2     2     2]
  [37265 45990 58867 60019 60019 50971 46195 60018 54516 60018 45663
   54676 60018 57925 52183 46558 57301 54074 60018 60018 60020 60019
   47563 49624 50217 59991 60018 59135 56263 50988 60018 49699 52850
   53720 49903 43522 53032 57414 60017 50365 53113 57867 56596 58117
   52245 56980 60019 58017 60019 60019 59442 54797 60018 48209 57824
   60018 46354 56139 50282 42445 53838]]

 [[    2     2     2     2     2     2     2     2     2     2     2
       2     2     3     2     2     2     2     2     2     2     2
       2     2     2     2     2     2     2     3     2     2     2
       2     2     3     2     2     2     2     2     2     2     2
       2     2     3     3     2     2     3     2     3     2     2
       2     2     2     2     2     2]
  [37265 38262 44256 57045 51226 44208 47750 49348 32854 53081 49677
   39625 47013 60017 58509 49523 36176 50398 53021 53263 44746 52947
   49946 44956 53530 38221 43865 55551 41826 60019 46620 51772 49291
   56392 35956 60018 47613 47920 46116 40658 59302 31709 38772 45205
   49359 52812 60017 60017 38621 35833 60018 34519 60018 38700 56441
   55293 40699 42815 53899 48195 39048]]

 [[    2     2     2     2     2     2     3     3     2     2     2
       2     2     2     3     2     2     3     2     3     2     2
       3     3     2     2     3     3     2     2     3     3     3
       2     2     3     2     2     3     2     2     2     2     2
       2     3     2     3     2     2     2     2     2     2     2
       2     2     2     2     2     3]
  [37265 38185 44530 51139 58291 59363 60017 60014 49878 41397 51165
   38862 57482 55830 60018 51436 59601 60020 37045 60018 58458 59478
   60021 60020 56553 52272 60017 60020 56458 38170 60020 60021 60018
   59443 60018 60021 35279 32520 60021 48107 46747 47009 43358 59358
   51686 60018 58337 60019 35820 49142 55458 45627 35249 39457 57854
   45156 51024 42835 38440 50985 60021]]]
unstable
 
 err: 
done running mariposa 1400.4
Bisecting: 194 revisions left to test after this (roughly 8 steps)
[42ac3a536369a7d4a7eafa1fa15b571b146ba594] merge with csp
running python3 /home/yizhou7/mariposa/scripts/z3-bisect.py /home/yizhou7/mariposa/data/bisect_tasks/d_komodo_z3_clean--verified-entry.gen.dfyImpl___module.__default.va__lemma__stack__banked__regs1.txt
building z3
done building z3 3.0
running mariposa
res: 0 
 out: [[[    2     2     2     2     2     2     2     2     2     2     2
       2     2     2     2     2     2     2     2     2     2     2
       2     2     2     2     2     2     2     2     2     2     2
       2     2     2     2     2     2     2     2     2     2     2
       2     2     2     2     2     2     2     2     2     2     2
       2     2     2     2     2     2]
  [ 4564 11035  7930  7697 10962 11042 10976 11196  8109  7859  7988
   10994 10857 11005 11131 11204  7808 10921 10862  7730 10918 11273
   11282 11062 11144  7862 10940 10912  7854 11028 11206 11079 11071
   10799 10864  7880  7864 10797  7974  8189 10774 10935 11055  8014
    7777 10969 11053 11432 11279 10995 10846 10955  7930  7991 10944
   10702 10883  7600  9607  8488  8567]]

 [[    2     2     2     2     2     2     2     2     2     2     2
       2     2     2     2     2     2     2     2     2     2     2
       2     2     2     2     2     2     2     2     2     2     2
       2     2     2     2     2     2     2     2     2     2     2
       2     2     2     2     2     2     2     2     2     2     2
       2     2     2     2     2     2]
  [ 4564  7835  7917  8046  7587  7654  7644  7890  7763  8074  7808
    7626  7390  7604  7963  7945  7954  7810  7639  7665  7738  7621
    7725  7836  7883  7787  7653  7848  7771  7961  7690  7584  7858
    7676  7853  7625  7759  7778  7708  7761  7854  7724  7683  7792
    7838  7749  7661  7889  7683  7606  7705  8039  7608  7705  7723
    7863  8040  7851  7781  7793  7831]]

 [[    2     2     2     2     2     2     2     2     2     2     2
       2     2     2     2     2     2     2     2     2     2     2
       2     2     2     2     2     2     2     2     2     2     2
       2     2     2     2     2     2     2     2     2     2     2
       2     2     2     2     2     2     2     2     2     2     2
       2     2     2     2     2     2]
  [ 4564  7960  8132  8120 10899 11208 11203 11321  7838  8266 11160
    8157 11121 11310 11179  8050  7897 11026  8045 11016  8090  8376
   11376  7970 11298 11068 11205 11073  8484 11227  7992 10998  7693
   11094 11225 11193  8050 11144  8008 10850 10976 11140 11165 10336
   11142 11104 11142 11029  8224  7595 11079 11071 10938  7843  8228
   11070 11483 11154 11088 11157 11120]]]
stable
 
 err: 
done running mariposa 262.3
Bisecting: 93 revisions left to test after this (roughly 7 steps)
[fb124d6e9301fea1cb1b2c3c9d78ee1c966c1e68] Merge pull request #2393 from Nils-Becker/master
running python3 /home/yizhou7/mariposa/scripts/z3-bisect.py /home/yizhou7/mariposa/data/bisect_tasks/d_komodo_z3_clean--verified-entry.gen.dfyImpl___module.__default.va__lemma__stack__banked__regs1.txt
building z3
done building z3 79.5
running mariposa
res: 1 
 out: [[[    2     2     2     2     2     2     2     2     2     2     2
       2     2     2     2     2     2     2     2     2     2     2
       2     2     2     2     2     2     2     2     2     2     2
       2     2     2     2     2     2     2     2     2     2     2
       2     2     2     2     2     2     2     2     2     2     2
       2     2     2     2     2     2]
  [20305 31016 32493 36732 36920 40342 38451 32620 34761 35049 29339
   32549 30580 36570 28281 28533 32819 35973 34884 34988 35583 31497
   37314 31514 38402 35632 31723 28868 38164 33212 34096 31835 30295
   35648 34505 34389 43727 34590 38022 37553 38013 34904 35859 27729
   38612 35118 35960 35921 37994 32754 38489 37353 38375 35643 28431
   33444 24822 31879 29985 36010 31586]]

 [[    2     2     2     2     2     2     2     2     2     2     2
       2     2     2     2     2     2     2     2     2     2     2
       2     2     2     2     2     2     2     2     2     2     2
       2     2     2     2     2     2     2     2     2     2     2
       2     2     2     2     2     2     2     2     2     2     2
       2     2     2     2     2     2]
  [20305 37905 33629 37815 46614 33877 38584 44275 38465 52797 52091
   58413 29253 50591 44180 40667 50634 45012 28123 36549 48261 45868
   43765 43685 38534 48094 52425 43987 42409 33490 38987 34918 46055
   49900 48076 39432 34872 39727 35398 37334 37242 29076 44916 38384
   39114 55444 45844 44180 51781 45060 49914 55709 43391 29124 32640
   34228 31074 53300 39191 59302 34961]]

 [[    2     2     2     2     2     2     2     3     2     2     2
       2     2     2     3     2     2     2     3     3     3     2
       3     2     2     3     3     3     2     2     2     3     3
       2     2     3     2     3     2     2     2     2     2     3
       2     2     3     3     3     2     3     2     2     2     3
       2     2     2     2     2     2]
  [20305 40101 40239 45340 48351 49711 51900 60016 43792 47625 57986
   54236 42927 56319 60017 44653 38261 47286 60020 60017 60018 57802
   60020 39405 44823 60018 60019 60020 54769 38476 38808 60021 60020
   36088 38153 60018 32176 60021 40731 43233 45421 58895 44993 60018
   46501 51120 60020 60019 60017 53515 60019 46579 45376 57983 60019
   56416 40233 56107 48031 40634 48756]]]
unstable
 
 err: 
done running mariposa 1139.4
Bisecting: 49 revisions left to test after this (roughly 6 steps)
[1202554dbcaa67b18e507206ee6f0e6f2a5c95d5] Merge branch 'master' of https://github.com/z3prover/z3
running python3 /home/yizhou7/mariposa/scripts/z3-bisect.py /home/yizhou7/mariposa/data/bisect_tasks/d_komodo_z3_clean--verified-entry.gen.dfyImpl___module.__default.va__lemma__stack__banked__regs1.txt
building z3
done building z3 3.1
running mariposa
res: 1 
 out: [[[    2     2     2     2     2     2     2     2     2     2     2
       2     2     2     2     2     2     2     2     2     2     2
       2     2     2     2     2     2     2     2     2     2     2
       2     2     2     2     2     2     2     2     2     2     2
       2     2     2     2     2     2     2     2     2     2     2
       2     2     2     2     2     2]
  [20236 32454 31618 36915 36868 40354 37617 32332 34741 35146 29808
   32281 30336 36546 28633 28051 32564 36544 35113 34555 35466 31955
   36797 31614 38252 36181 31557 29549 37404 33291 31344 33731 30192
   35246 35277 42685 34678 33920 38486 36893 38638 34779 35823 38633
   27909 34303 35563 36850 38157 32003 38268 37167 38355 35327 29429
   33267 24194 32446 30049 36477 31193]]

 [[    2     2     2     2     2     2     2     2     2     2     2
       2     2     2     2     2     2     2     2     2     2     2
       2     2     2     2     2     2     2     2     2     2     2
       2     2     2     2     2     2     2     2     2     2     2
       2     2     2     2     2     2     2     2     2     2     2
       2     2     2     2     2     2]
  [20236 38027 37801 34185 46476 33999 37778 45021 38366 51763 51789
   59469 29698 43582 50442 41278 50604 44886 28371 37523 46299 44737
   43651 44632 39644 47704 52392 43935 41447 38381 33776 36220 45903
   38533 49572 48496 33851 39780 36459 37629 37510 44106 38534 29796
   37818 55457 44414 46049 44865 50909 55908 50125 43721 29081 32279
   34651 52974 31437 39325 58673 34767]]

 [[    2     2     2     2     2     2     2     3     2     2     2
       2     2     2     3     2     2     2     3     3     3     2
       3     2     2     3     3     3     2     2     2     3     3
       2     2     3     2     3     2     2     2     2     2     2
       2     2     3     3     3     2     3     2     2     2     3
       2     2     2     2     2     2]
  [20236 38915 39652 44887 49196 50508 51798 60018 43613 57148 54173
   48797 42841 54536 60017 45424 38413 46341 60020 60017 60018 57747
   60021 39049 45092 60017 60019 60022 55078 38281 39014 60021 60021
   36074 38211 60019 32481 60020 39813 43289 46519 58759 45297 60018
   46561 50745 60019 60018 60019 54049 60018 46210 44822 58348 60018
   55846 39935 57871 47614 39862 49285]]]
unstable
 
 err: 
done running mariposa 1138.7
Bisecting: 24 revisions left to test after this (roughly 5 steps)
[11a8ced769c74353747c5dee7c4db8470dc44146] fix #2353
running python3 /home/yizhou7/mariposa/scripts/z3-bisect.py /home/yizhou7/mariposa/data/bisect_tasks/d_komodo_z3_clean--verified-entry.gen.dfyImpl___module.__default.va__lemma__stack__banked__regs1.txt
building z3
done building z3 5.0
running mariposa
res: 125 
 out: [[[    2     2     3     3     3     3     2     2     2     2     2
       3     2     3     3     2     3     3     3     3     2     3
       2     3     3     2     3     3     2     3     2     2     2
       3     2     2     2     2     2     3     2     3     3     2
       2     3     2     2     2     3     3     2     2     2     3
       3     3     2     2     2     2]
  [39955 50769 60020 60019 60017 60017 56092 56686 57664 58411 58474
   60019 57391 60017 60018 59658 60020 60019 60019 60019 59284 60018
   56410 60018 60018 53345 60018 60019 54217 60016 39813 52242 47617
   60019 56680 58757 55710 51114 56791 60018 59662 60017 60017 59598
   58781 60017 49602 54056 53028 60017 60019 54790 56702 53275 60017
   60018 60016 44714 48842 46117 55296]]

 [[    2     2     2     2     2     2     2     2     2     3     3
       2     3     2     2     2     3     3     2     2     2     3
       3     3     2     3     2     3     3     2     3     2     3
       2     2     2     3     3     3     2     2     3     2     2
       3     3     2     2     2     2     2     3     3     2     2
       3     2     3     2     2     2]
  [39955 48833 45359 57089 41896 39225 49373 49148 58117 60017 60017
   43563 60019 49665 45995 50167 60018 60018 41784 54729 38376 60018
   60017 60015 59354 60018 56040 60016 60018 56393 60016 49590 60020
   45150 58493 41319 60018 60016 60019 37975 47155 60020 41156 55948
   60017 60017 36643 54177 50664 57510 50606 60017 60017 47761 49167
   60019 50593 60017 39272 56656 56243]]

 [[    2     2     2     3     3     3     3     3     2     2     2
       3     3     3     3     2     3     2     3     3     3     3
       2     3     3     3     3     3     3     3     3     3     3
       2     3     3     3     3     3     3     3     3     3     2
       2     3     2     3     3     3     3     3     2     2     2
       3     3     2     3     2     3]
  [39955 58099 59589 60017 60015 60016 60014 60013 54114 54975 58252
   60015 60014 60015 60015 51581 60017 53684 60019 60018 60016 60015
   53951 60021 60017 60018 60017 60018 60016 60019 60020 60018 60018
   58700 60016 60017 60021 60018 60019 60018 60018 60016 60017 44898
   51742 60018 55573 60017 60018 60018 60018 60018 51449 60019 54248
   60019 60017 50259 60019 55162 60017]]]
inconclusive
 
 err: 
done running mariposa 1517.4
Bisecting: 24 revisions left to test after this (roughly 5 steps)
[1ae0769af502f18432dafc44ee7dcdd420c1cbe4] update doctest
running python3 /home/yizhou7/mariposa/scripts/z3-bisect.py /home/yizhou7/mariposa/data/bisect_tasks/d_komodo_z3_clean--verified-entry.gen.dfyImpl___module.__default.va__lemma__stack__banked__regs1.txt
building z3
done building z3 3.0
running mariposa
res: 125 
 out: [[[    2     2     3     3     3     3     2     2     2     2     2
       3     3     2     3     3     3     3     3     3     2     3
       2     3     3     2     3     3     2     3     2     2     2
       3     2     2     2     2     2     3     2     3     3     3
       2     2     2     2     3     2     2     2     2     2     3
       3     3     2     2     2     2]
  [39193 51257 60018 60018 60018 60017 55417 57917 58122 56778 56898
   60020 60017 56548 60017 60019 60017 60018 60020 60018 59497 60018
   56422 60017 60019 53373 60018 60018 55574 60019 39383 51866 47454
   60018 57944 58934 56177 50312 56028 60019 59114 60017 60018 60019
   58499 59723 49290 55031 60019 53784 54788 59164 55058 53779 60018
   60017 60017 45184 50659 58125 46656]]

 [[    2     2     2     2     2     2     2     2     2     3     3
       2     2     2     2     2     3     3     2     2     3     2
       3     3     3     3     2     3     3     2     3     2     3
       2     2     2     3     3     3     2     2     3     2     2
       3     3     2     2     2     2     2     3     3     2     2
       3     2     3     2     2     2]
  [39193 49602 44619 56522 41027 39169 48080 50376 58615 60018 60016
   59630 43896 49376 50483 46059 60019 60016 41193 54457 60017 37329
   60017 60016 60017 60019 55371 60018 60019 56571 60016 51369 60018
   57741 45354 41743 60017 60017 60017 37856 47024 60020 41706 54697
   60018 60017 36962 54275 50476 57148 49592 60019 60017 48291 49514
   60018 49565 60017 38190 57534 56874]]

 [[    2     2     3     3     3     3     3     3     2     2     2
       3     3     3     3     3     2     2     3     3     3     3
       2     3     3     3     3     3     3     3     3     3     3
       2     3     3     3     3     3     3     3     3     3     2
       2     3     2     3     3     3     3     3     2     3     2
       3     3     2     2     3     3]
  [39193 56576 60017 60018 60015 60014 60013 60013 54444 55646 57336
   60016 60016 60016 60014 60018 51092 55416 60019 60018 60017 60015
   54154 60018 60017 60018 60018 60018 60016 60019 60019 60017 60018
   59152 60016 60018 60021 60018 60017 60017 60017 60017 60017 46391
   51938 60017 55090 60018 60017 60015 60020 60018 51978 60019 52764
   60018 60017 50532 55709 60019 60018]]]
inconclusive
 
 err: 
done running mariposa 1510.6
Bisecting: 24 revisions left to test after this (roughly 5 steps)
[2fd579bdd2385bbb7c448646e64d5d1310c0a4b6] Fix typo in ForAll Doc
running python3 /home/yizhou7/mariposa/scripts/z3-bisect.py /home/yizhou7/mariposa/data/bisect_tasks/d_komodo_z3_clean--verified-entry.gen.dfyImpl___module.__default.va__lemma__stack__banked__regs1.txt
building z3
done building z3 20.0
running mariposa
res: 0 
 out: [[[    2     2     2     2     2     2     2     2     2     2     2
       2     2     2     2     2     2     2     2     2     2     2
       2     2     2     2     2     2     2     2     2     2     2
       2     2     2     2     2     2     2     2     2     2     2
       2     2     2     2     2     2     2     2     2     2     2
       2     2     2     2     2     2]
  [ 4574 10883  7903  7887 11235 11000 10834 10977  8019  7907  7960
   10944 11084 11026 11087 11078  7718 10933 10864  7757 11106 11254
   11067 11100 11042  7951 11037 10956  7876 11003 11054 11036 11179
   10817  8002 10800  8176 11049  8458  8436 11175 11408 11598  8583
    8233 11950 11598 11692 11832 11406 11213 11247  7992  7888 10816
   11240 10669  7559  9991  8325  8346]]

 [[    2     2     2     2     2     2     2     2     2     2     2
       2     2     2     2     2     2     2     2     2     2     2
       2     2     2     2     2     2     2     2     2     2     2
       2     2     2     2     2     2     2     2     2     2     2
       2     2     2     2     2     2     2     2     2     2     2
       2     2     2     2     2     2]
  [ 4574  7930  7919  8101  7572  7604  7581  7838  7774  8002  7838
    7588  7382  7589  7801  8074  7960  7826  7609  7625  7718  7664
    7778  7879  7974  7635  7625  7779  7914  7883  7812  7690  7664
    7659  7750  7605  7915  7815  7888  7823  7712  7707  7607  7641
    7922  7928  7722  7814  7581  7549  7636  7857  7784  7830  7656
    7957  8013  7754  7796  7906  7735]]

 [[    2     2     2     2     2     2     2     2     2     2     2
       2     2     2     2     2     2     2     2     2     2     2
       2     2     2     2     2     2     2     2     2     2     2
       2     2     2     2     2     2     2     2     2     2     2
       2     2     2     2     2     2     2     2     2     2     2
       2     2     2     2     2     2]
  [ 4574  7942  7988  8085 10885 11321 11363 11397  7818  8434 11074
    8147 11166 11003 11365  7972  7855 11359  8108 11001  8191  8270
   11057 11319  8044 11046 11159  8402 11268 11263  7951 11021  7776
   11122 10990 11112  8073 11262  8112 10857 10987 11159 10948 10313
   10945 11228 11434 11017  8092  7483 11019 11128 10961  7884  8259
   11376 11284 11049 11008 11176 11109]]]
stable
 
 err: 
done running mariposa 263.7
Bisecting: 19 revisions left to test after this (roughly 4 steps)
[333b32b0d2c829e771f2e9c9d632f00632220b44] disable adding redundant ite clauses as lemma. Add as non-redundant
running python3 /home/yizhou7/mariposa/scripts/z3-bisect.py /home/yizhou7/mariposa/data/bisect_tasks/d_komodo_z3_clean--verified-entry.gen.dfyImpl___module.__default.va__lemma__stack__banked__regs1.txt
building z3
done building z3 3.1
running mariposa
res: 125 
 out: [[[    2     2     3     3     3     3     2     2     2     2     2
       3     3     2     3     2     3     3     3     3     2     3
       2     3     3     2     3     3     2     3     2     2     2
       3     2     2     2     2     2     3     2     3     3     2
       2     3     2     2     3     2     2     2     2     2     3
       3     3     2     2     2     2]
  [39211 51339 60018 60018 60020 60019 55325 56740 58254 56907 57378
   60020 60020 56932 60018 60017 60019 60019 60019 60018 59424 60017
   57015 60017 60018 53080 60017 60018 55719 60017 51683 39779 47874
   60018 56807 58967 55575 50920 55956 60018 59976 60017 60018 59262
   58145 60020 49329 53925 60018 54719 58965 54542 55321 53670 60018
   60018 60017 45054 48665 46804 57879]]

 [[    2     2     2     2     2     2     2     2     2     3     3
       3     2     2     2     2     3     3     2     3     2     2
       3     3     3     3     2     3     3     2     3     2     3
       2     2     3     2     3     3     2     2     3     2     2
       3     3     2     2     2     2     2     3     3     2     2
       3     2     3     2     2     2]
  [39211 49806 44792 57181 41232 38953 50557 48146 57969 60016 60016
   60020 43402 49401 46016 51414 60018 60017 41488 60019 54773 36970
   60018 60017 60016 60019 55453 60018 60018 57040 60017 51292 60019
   44933 57968 60019 42456 60017 60019 37638 46953 60020 40901 55849
   60019 60017 37810 54015 50484 57280 50593 60017 60017 47989 49523
   60019 50701 60017 38576 55919 55791]]

 [[    2     2     3     3     3     3     3     3     2     2     2
       3     3     3     3     3     2     3     2     3     3     3
       2     3     3     3     3     3     3     3     3     3     3
       2     3     3     3     3     3     3     3     3     3     2
       2     3     2     3     3     3     3     3     2     2     2
       3     3     2     2     3     3]
  [39211 56155 60015 60017 60014 60013 60014 60015 54957 55595 59471
   60016 60016 60014 60014 60018 51471 60020 55724 60017 60015 60017
   52969 60019 60017 60016 60017 60018 60014 60020 60018 60017 60016
   58344 60016 60016 60019 60019 60017 60016 60017 60016 60016 46118
   51288 60019 55361 60016 60016 60016 60020 60018 59319 51764 54195
   60016 60016 49562 55148 60019 60018]]]
inconclusive
 
 err: 
done running mariposa 1513.5
Bisecting: 19 revisions left to test after this (roughly 4 steps)
[5177cc4a9a58df192c6a844ca13abf7e7cd3be15] change lt
running python3 /home/yizhou7/mariposa/scripts/z3-bisect.py /home/yizhou7/mariposa/data/bisect_tasks/d_komodo_z3_clean--verified-entry.gen.dfyImpl___module.__default.va__lemma__stack__banked__regs1.txt
building z3
done building z3 3.1
running mariposa
res: 125 
 out: [[[    2     2     3     3     3     3     2     2     2     2     2
       3     2     3     3     3     3     3     3     3     3     3
       2     3     3     2     3     3     2     3     2     2     2
       3     2     2     2     2     2     3     2     3     3     3
       2     3     2     2     2     3     3     2     2     2     3
       3     3     2     2     2     2]
  [39265 51219 60019 60019 60019 60018 55488 56707 57717 58708 57459
   60018 56696 60019 60017 60019 60018 60020 60019 60017 60019 60019
   56626 60018 60018 53299 60019 60018 54122 60019 40305 51728 47497
   60019 57121 57213 56854 51189 57379 60018 59103 60017 60017 60018
   58862 60018 49560 54516 53404 60018 60018 54808 55110 53675 60018
   60017 60016 44027 48492 46195 56593]]

 [[    2     2     2     2     2     2     2     2     2     3     3
       2     2     2     2     2     3     3     2     3     2     2
       3     3     3     3     2     3     3     2     3     2     3
       2     2     2     3     3     3     2     2     3     2     2
       3     3     2     2     2     2     2     3     3     2     2
       3     2     3     2     2     2]
  [39265 48668 44840 56359 41105 38927 50753 48320 57883 60019 60018
   59121 43757 49742 45874 51308 60016 60018 41901 60020 54811 36947
   60019 60016 60017 60017 55749 60018 60018 56130 60019 51189 60018
   45078 58652 41521 60017 60019 60017 38136 46725 60018 41190 54493
   60017 60018 37366 54712 50106 57745 49826 60018 60017 49417 49094
   60019 49830 60017 38707 55966 55674]]

 [[    2     2     2     3     3     3     3     3     2     2     2
       3     3     3     3     3     2     2     3     3     3     3
       2     3     3     3     3     3     3     3     3     3     2
       3     3     3     3     3     3     3     3     3     3     2
       2     3     2     3     3     3     3     3     2     2     2
       3     3     2     3     2     3]
  [39265 57354 59839 60016 60016 60016 60013 60013 54899 56753 57594
   60016 60016 60014 60016 60018 52844 54782 60019 60018 60016 60016
   53330 60021 60019 60019 60018 60019 60016 60020 60021 60019 58526
   60017 60018 60016 60020 60019 60017 60017 60018 60018 60016 45256
   50661 60018 55223 60018 60017 60016 60019 60019 52785 59599 53024
   60018 60017 49275 60020 56333 60018]]]
inconclusive
 
 err: 
done running mariposa 1512.2
Bisecting: 19 revisions left to test after this (roughly 4 steps)
[ec1653fdff146ff8d1b3b2281e875494f4fc3a96] Merge pull request #2345 from schedutron/master
running python3 /home/yizhou7/mariposa/scripts/z3-bisect.py /home/yizhou7/mariposa/data/bisect_tasks/d_komodo_z3_clean--verified-entry.gen.dfyImpl___module.__default.va__lemma__stack__banked__regs1.txt
building z3
done building z3 3.1
running mariposa
res: 0 
 out: [[[    2     2     2     2     2     2     2     2     2     2     2
       2     2     2     2     2     2     2     2     2     2     2
       2     2     2     2     2     2     2     2     2     2     2
       2     2     2     2     2     2     2     2     2     2     2
       2     2     2     2     2     2     2     2     2     2     2
       2     2     2     2     2     2]
  [ 4620 10823  8046  7797 10989 10967 11137 10938  8026  7842  7982
   11033 11109 11313 10839 11071  7833 10850 10867  7844 10969 11271
   11130 11048 11133  7783 10971 11082  7764 10998 11285 11168 10892
    7948 10828 10728  7920 10864  7948 10863  8154 10956 10999  7735
    8054 10997 11047 11400 10836 11250 10822 11028  7859 11042  8047
   10806 10705  7599  9964  8293  8198]]

 [[    2     2     2     2     2     2     2     2     2     2     2
       2     2     2     2     2     2     2     2     2     2     2
       2     2     2     2     2     2     2     2     2     2     2
       2     2     2     2     2     2     2     2     2     2     2
       2     2     2     2     2     2     2     2     2     2     2
       2     2     2     2     2     2]
  [ 4620  7955  7969  7872  7646  7622  7815  7889  7806  8027  7619
    7654  7398  7751  8006  7878  7948  7682  7664  7641  7751  7756
    7821  7969  7949  7682  7622  7803  7958  7963  7703  7706  7737
    7638  7929  7652  7803  7881  7837  7787  7683  7942  7712  7681
    7893  7858  7702  7813  7610  7789  7687  8028  7719  7776  7644
    7814  7790  8149  7983  7859  7713]]

 [[    2     2     2     2     2     2     2     2     2     2     2
       2     2     2     2     2     2     2     2     2     2     2
       2     2     2     2     2     2     2     2     2     2     2
       2     2     2     2     2     2     2     2     2     2     2
       2     2     2     2     2     2     2     2     2     2     2
       2     2     2     2     2     2]
  [ 4620  7972  8008  8134 10974 11099 11308 11407  7929  8364 11111
    8077 11059 11347 11145  8089  7915 11112  8036 10966  8243  8373
   11168  7960 11308 11146 11152 11004  8454 11481  7906  7703 11143
   11187 11013 11185  8063 10966  8094 10893 10981 11192 10934 10249
   10976 11214 11217 11008  8243  7504 11114 11043 10961  7850  8221
   11149 11486 11178 11021 11136 11107]]]
stable
 
 err: 
done running mariposa 262.8
Bisecting: 19 revisions left to test after this (roughly 4 steps)
[b1dbea328a714feb3cbacf141cd5e4c7683587e9] remove unreferenced
running python3 /home/yizhou7/mariposa/scripts/z3-bisect.py /home/yizhou7/mariposa/data/bisect_tasks/d_komodo_z3_clean--verified-entry.gen.dfyImpl___module.__default.va__lemma__stack__banked__regs1.txt
building z3
done building z3 3.1
running mariposa
res: 125 
 out: [[[    2     2     3     3     3     2     3     2     2     2     2
       3     2     3     3     3     3     3     3     3     2     3
       2     3     3     2     3     3     2     3     2     2     2
       2     3     2     2     2     2     3     2     3     3     2
       2     2     2     2     2     3     2     2     2     2     3
       3     3     2     2     2     2]
  [39356 51040 60019 60018 60017 55505 60018 57654 57877 57581 57079
   60018 57191 60019 60017 60020 60018 60020 60019 60019 59906 60018
   57330 60019 60018 53449 60019 60019 53751 60019 39399 52819 47797
   57373 60017 58842 55620 50364 55715 60019 59894 60016 60018 59693
   59861 59697 49345 54178 53007 60017 55445 58791 55186 53923 60020
   60018 60018 44209 48168 47625 57612]]

 [[    2     2     2     2     2     2     2     2     2     3     3
       3     2     2     2     2     3     3     2     2     3     2
       3     3     2     3     2     3     3     2     3     2     3
       2     2     2     3     3     3     2     2     3     2     2
       3     3     2     2     2     2     2     3     3     2     2
       3     2     3     2     2     2]
  [39356 48449 45383 56956 42450 49511 39787 48150 57638 60017 60017
   60019 43253 49664 45616 50914 60016 60017 41908 54632 60018 36956
   60017 60018 58890 60019 55992 60018 60018 57995 60016 50174 60018
   46457 58038 42004 60017 60018 60016 37609 48316 60019 41140 54670
   60017 60018 37403 54017 50791 57664 49808 60018 60019 49493 49860
   60018 50091 60017 39351 55709 57095]]

 [[    2     2     2     3     3     3     3     3     2     2     2
       3     3     3     3     3     2     2     3     3     3     3
       2     3     3     3     3     3     3     3     3     3     3
       2     3     3     3     3     3     3     3     3     3     2
       2     3     2     3     3     3     3     3     2     2     2
       3     3     2     2     3     3]
  [39356 55789 59379 60018 60014 60015 60014 60014 54231 55433 58340
   60018 60016 60016 60013 60017 51480 55078 60019 60017 60017 60016
   52936 60019 60018 60018 60016 60019 60017 60020 60020 60018 60017
   58126 60016 60017 60020 60017 60018 60016 60016 60016 60015 44901
   51250 60020 55313 60016 60016 60018 60018 60017 51917 59819 52350
   60018 60016 49595 55021 60019 60017]]]
inconclusive
 
 err: 
done running mariposa 1510.7
Bisecting: 19 revisions left to test after this (roughly 4 steps)
[f3b79087eef389011fa90eefcf64b987bed54a9d] add default tactic as option to overwrite the behavior of strategic solver factory
running python3 /home/yizhou7/mariposa/scripts/z3-bisect.py /home/yizhou7/mariposa/data/bisect_tasks/d_komodo_z3_clean--verified-entry.gen.dfyImpl___module.__default.va__lemma__stack__banked__regs1.txt
building z3
done building z3 4.5
running mariposa
res: 1 
 out: [[[    3     3     3     3     3     3     3     3     3     3     3
       3     3     3     3     3     3     3     3     3     3     3
       3     3     3     3     3     3     3     3     3     3     3
       3     3     3     3     3     3     3     3     3     3     3
       3     3     3     3     3     3     3     3     3     3     3
       3     3     3     3     3     3]
  [60016 60020 60018 60018 60018 60015 60016 60021 60019 60017 60019
   60018 60016 60016 60020 60019 60018 60017 60017 60016 60016 60019
   60018 60018 60018 60016 60018 60016 60019 60018 60017 60017 60017
   60018 60016 60019 60019 60018 60017 60017 60017 60018 60019 60019
   60017 60017 60017 60016 60016 60019 60018 60019 60017 60016 60016
   60016 60018 60018 60016 60016 60016]]

 [[    3     3     3     3     3     3     3     3     3     3     3
       3     3     3     3     3     3     3     3     3     3     3
       3     3     3     3     3     3     3     3     3     3     3
       3     3     3     3     3     3     3     3     3     3     3
       3     3     3     3     3     3     3     3     3     3     3
       3     3     3     3     3     3]
  [60016 60017 60017 60017 60020 60019 60017 60017 60018 60017 60018
   60021 60020 60019 60017 60017 60018 60018 60019 60019 60017 60018
   60017 60017 60018 60019 60020 60019 60018 60017 60017 60017 60019
   60021 60018 60019 60017 60017 60016 60020 60019 60018 60018 60017
   60017 60016 60020 60019 60019 60017 60017 60018 60016 60020 60018
   60019 60018 60017 60018 60016 60017]]

 [[    3     3     3     3     3     3     3     3     3     3     3
       3     3     3     3     3     3     3     3     3     3     3
       3     3     3     3     3     3     3     3     3     3     3
       3     3     3     3     3     3     3     3     3     3     3
       3     3     3     3     3     3     3     3     3     3     3
       3     3     3     3     3     3]
  [60016 60021 60019 60020 60017 60019 60017 60017 60020 60019 60019
   60019 60016 60017 60018 60019 60019 60019 60017 60018 60018 60016
   60019 60019 60019 60019 60017 60016 60016 60021 60019 60019 60018
   60018 60018 60016 60020 60019 60018 60018 60018 60017 60018 60021
   60021 60018 60018 60016 60015 60016 60022 60018 60018 60018 60017
   60017 60017 60020 60021 60018 60017]]]
unsolvable
 
 err: 
done running mariposa 1635.3
Bisecting: 0 revisions left to test after this (roughly 0 steps)
[1e770af1cc04f85a8d7a990ba0c9c4e433b83fa8] local sort
running python3 /home/yizhou7/mariposa/scripts/z3-bisect.py /home/yizhou7/mariposa/data/bisect_tasks/d_komodo_z3_clean--verified-entry.gen.dfyImpl___module.__default.va__lemma__stack__banked__regs1.txt
building z3
done building z3 3.0
running mariposa
res: 1 
 out: [[[    3     3     3     3     3     3     3     3     3     3     3
       3     3     3     3     3     3     3     3     3     3     3
       3     3     3     3     3     3     3     3     3     3     3
       3     3     3     3     3     3     3     3     3     3     3
       3     3     3     3     3     3     3     3     3     3     3
       3     3     3     3     3     3]
  [60016 60019 60017 60018 60017 60016 60016 60019 60017 60018 60019
   60017 60016 60016 60018 60019 60017 60019 60017 60016 60017 60019
   60020 60018 60017 60017 60017 60016 60020 60020 60018 60017 60016
   60017 60016 60019 60018 60018 60017 60017 60018 60018 60019 60018
   60017 60016 60016 60017 60017 60021 60019 60019 60016 60016 60016
   60017 60019 60018 60017 60017 60017]]

 [[    3     3     3     3     3     3     3     3     3     3     3
       3     3     3     3     3     3     3     3     3     3     3
       3     3     3     3     3     3     3     3     3     3     3
       3     3     3     3     3     3     3     3     3     3     3
       3     3     3     3     3     3     3     3     3     3     3
       3     3     3     3     3     3]
  [60016 60017 60018 60017 60020 60019 60018 60017 60019 60017 60017
   60020 60018 60018 60018 60017 60017 60016 60019 60019 60019 60017
   60017 60017 60016 60021 60019 60018 60017 60017 60017 60018 60019
   60019 60018 60017 60017 60017 60017 60020 60019 60020 60018 60017
   60017 60016 60021 60018 60019 60017 60017 60018 60016 60019 60020
   60016 60017 60017 60017 60017 60017]]

 [[    3     3     3     3     3     3     3     3     3     3     3
       3     3     3     3     3     3     3     3     3     3     3
       3     3     3     3     3     3     3     3     3     3     3
       3     3     3     3     3     3     3     3     3     3     3
       3     3     3     3     3     3     3     3     3     3     3
       3     3     3     3     3     3]
  [60016 60019 60019 60020 60017 60018 60018 60016 60019 60018 60018
   60019 60018 60017 60015 60019 60018 60018 60018 60015 60018 60016
   60019 60018 60018 60017 60017 60017 60016 60019 60019 60017 60019
   60017 60015 60015 60018 60019 60017 60018 60017 60017 60017 60019
   60021 60018 60018 60018 60015 60016 60021 60019 60017 60017 60018
   60017 60017 60021 60019 60018 60017]]]
unsolvable
 
 err: 
done running mariposa 1635.1
1e770af1cc04f85a8d7a990ba0c9c4e433b83fa8 is the first bad commit
commit 1e770af1cc04f85a8d7a990ba0c9c4e433b83fa8
Author: Nikolaj Bjorner <nbjorner@microsoft.com>
Date:   Fri Jun 14 09:29:41 2019 -0700

    local sort
    
    Signed-off-by: Nikolaj Bjorner <nbjorner@microsoft.com>

 src/ast/rewriter/bool_rewriter.cpp | 21 ++++++++++++++++++---
 1 file changed, 18 insertions(+), 3 deletions(-)
bisect run success
git bisect start
# good: [e79542cc689d52ec4cb34ce4ae3fbe56e7a0bf70] fix #2309
git bisect good e79542cc689d52ec4cb34ce4ae3fbe56e7a0bf70
# bad: [ad55a1f1c617a7f0c3dd735c0780fc758424c7f1] Update release.yml for Azure Pipelines
git bisect bad ad55a1f1c617a7f0c3dd735c0780fc758424c7f1
# skip: [e2702f3ae88f5c48a55f4473bb5c29184c182634] fixes in assigning constraints to intervals
git bisect skip e2702f3ae88f5c48a55f4473bb5c29184c182634
# skip: [1915812f84cf41a5f232eedf2a695a54d055aa88] add a test for intervals
git bisect skip 1915812f84cf41a5f232eedf2a695a54d055aa88
# skip: [8faf35e2e0c8fce99794e71bd3b5de74b95ceb5a] fix #3735
git bisect skip 8faf35e2e0c8fce99794e71bd3b5de74b95ceb5a
# skip: [34137cfa0aab5b5ede8353aa6cb8d04b853e97f2] a bug fix in internalize_atom, by NB
git bisect skip 34137cfa0aab5b5ede8353aa6cb8d04b853e97f2
# bad: [1b83c677ea9e8683c3ba33ab8e7b33589055b309] spacer: fixes lim_num_generalizer
git bisect bad 1b83c677ea9e8683c3ba33ab8e7b33589055b309
# skip: [63a952f254d7f3f19cbd426690ff7b560da26ea2] setting ast to null on destructor to deal with #2350
git bisect skip 63a952f254d7f3f19cbd426690ff7b560da26ea2
# bad: [ec5b148eccfb5359d974d441f5c206e502427c28] Add python packaging build and deployment with Azure
git bisect bad ec5b148eccfb5359d974d441f5c206e502427c28
# good: [42ac3a536369a7d4a7eafa1fa15b571b146ba594] merge with csp
git bisect good 42ac3a536369a7d4a7eafa1fa15b571b146ba594
# bad: [fb124d6e9301fea1cb1b2c3c9d78ee1c966c1e68] Merge pull request #2393 from Nils-Becker/master
git bisect bad fb124d6e9301fea1cb1b2c3c9d78ee1c966c1e68
# bad: [1202554dbcaa67b18e507206ee6f0e6f2a5c95d5] Merge branch 'master' of https://github.com/z3prover/z3
git bisect bad 1202554dbcaa67b18e507206ee6f0e6f2a5c95d5
# skip: [11a8ced769c74353747c5dee7c4db8470dc44146] fix #2353
git bisect skip 11a8ced769c74353747c5dee7c4db8470dc44146
# skip: [1ae0769af502f18432dafc44ee7dcdd420c1cbe4] update doctest
git bisect skip 1ae0769af502f18432dafc44ee7dcdd420c1cbe4
# good: [2fd579bdd2385bbb7c448646e64d5d1310c0a4b6] Fix typo in ForAll Doc
git bisect good 2fd579bdd2385bbb7c448646e64d5d1310c0a4b6
# skip: [333b32b0d2c829e771f2e9c9d632f00632220b44] disable adding redundant ite clauses as lemma. Add as non-redundant
git bisect skip 333b32b0d2c829e771f2e9c9d632f00632220b44
# skip: [5177cc4a9a58df192c6a844ca13abf7e7cd3be15] change lt
git bisect skip 5177cc4a9a58df192c6a844ca13abf7e7cd3be15
# good: [ec1653fdff146ff8d1b3b2281e875494f4fc3a96] Merge pull request #2345 from schedutron/master
git bisect good ec1653fdff146ff8d1b3b2281e875494f4fc3a96
# skip: [b1dbea328a714feb3cbacf141cd5e4c7683587e9] remove unreferenced
git bisect skip b1dbea328a714feb3cbacf141cd5e4c7683587e9
# bad: [f3b79087eef389011fa90eefcf64b987bed54a9d] add default tactic as option to overwrite the behavior of strategic solver factory
git bisect bad f3b79087eef389011fa90eefcf64b987bed54a9d
# bad: [1e770af1cc04f85a8d7a990ba0c9c4e433b83fa8] local sort
git bisect bad 1e770af1cc04f85a8d7a990ba0c9c4e433b83fa8
# first bad commit: [1e770af1cc04f85a8d7a990ba0c9c4e433b83fa8] local sort
