running python3 /home/yizhou7/mariposa/scripts/z3-bisect.py /home/yizhou7/mariposa/data/bisect_tasks/d_komodo_z3_clean--verified-svc_handlers.gen.dfyImpl___module.__default.lemma__svc__returning__verify__step1__helper.txt
building z3
Bisecting: 1453 revisions left to test after this (roughly 11 steps)
[1915812f84cf41a5f232eedf2a695a54d055aa88] add a test for intervals
running python3 /home/yizhou7/mariposa/scripts/z3-bisect.py /home/yizhou7/mariposa/data/bisect_tasks/d_komodo_z3_clean--verified-svc_handlers.gen.dfyImpl___module.__default.lemma__svc__returning__verify__step1__helper.txt
building z3
Bisecting: 1453 revisions left to test after this (roughly 11 steps)
[8faf35e2e0c8fce99794e71bd3b5de74b95ceb5a] fix #3735
running python3 /home/yizhou7/mariposa/scripts/z3-bisect.py /home/yizhou7/mariposa/data/bisect_tasks/d_komodo_z3_clean--verified-svc_handlers.gen.dfyImpl___module.__default.lemma__svc__returning__verify__step1__helper.txt
building z3
done building z3 3.3
running mariposa
res: 1 
 out: [[[    2     2     2     2     2     2     2     2     2     2     2
       4     2     2     2     2     2     2     2     2     2     2
       4     2     2     2     2     2     2     2     2     2     2
       2     2     4     2     2     2     2     2     2     2     2
       2     2     2     2     2     2     2     2     2     2     2
       2     2     2     2     2     2]
  [28952 32373 40266 40935 40038 48563 32641 44686 40944 37428 39095
   40986 41993 42536 49733 42975 37756 39635 35001 43404 37614 42902
   44987 42517 37188 38689 41549 44599 42331 49917 31089 45938 45041
   41327 43963 41694 46898 37813 42208 47505 36811 37012 45267 42170
   41526 33869 43094 40953 37464 42932 38258 41075 43039 37836 43179
   43100 39067 41878 40453 36204 37953]]

 [[    2     2     2     2     2     2     2     2     4     2     2
       4     4     2     2     2     4     3     2     2     4     2
       2     2     4     2     2     2     2     2     2     2     2
       2     3     2     2     3     4     2     2     2     2     4
       2     2     2     2     2     4     2     2     2     2     4
       4     2     2     2     2     2]
  [28952 19961 37699 34674 27674 24204 32521 29261 41672 40749 34400
   40859 43883 34277 37720 40617 44348 60012 27836 34118 33213 39121
   20697 40493 48957 41968 43044 33745 41105 43549 40575 33951 50102
   40435 60012 35291 25813 60012 32651 47088 51775 28524 49186 41692
   41198 45013 45117 38837 18537 52653 39620 35165 27670 29591 38358
   47419 16237 34991 41989 40383 42842]]

 [[    2     2     2     2     2     2     2     3     2     2     2
       2     2     2     2     3     2     2     3     2     2     2
       2     2     3     3     2     2     2     2     2     2     2
       2     2     2     2     2     2     2     3     2     2     2
       2     2     3     2     2     2     2     2     2     2     2
       2     2     2     2     2     2]
  [28952 24721 37451 40454 47496 48866 50582 60013 41618 26105 39301
   26413 21302 43637 41063 60013 32019 34407 60015 37490 20922 39968
   39880 38456 60013 60014 42692 32548 36378 48340 40583 24164 28091
   49828 21900 21315 17465 21274 29257 25290 60014 22643 52113 58215
   20163 48062 60013 25085 34323 36776 35281 46689 44160 33832 19028
   39908 43975 47124 45220 40007 47464]]]
unstable
 
 err: 
done running mariposa 1090.1
Bisecting: 1254 revisions left to test after this (roughly 10 steps)
[d1a5635b4ad7f8632356b380f3a9b1fc83fdb04f] better model based lemmaas
running python3 /home/yizhou7/mariposa/scripts/z3-bisect.py /home/yizhou7/mariposa/data/bisect_tasks/d_komodo_z3_clean--verified-svc_handlers.gen.dfyImpl___module.__default.lemma__svc__returning__verify__step1__helper.txt
building z3
Bisecting: 1254 revisions left to test after this (roughly 10 steps)
[0a86bd14f792ef5fadb8eeb346729a612f7e1588] start on test nla
running python3 /home/yizhou7/mariposa/scripts/z3-bisect.py /home/yizhou7/mariposa/data/bisect_tasks/d_komodo_z3_clean--verified-svc_handlers.gen.dfyImpl___module.__default.lemma__svc__returning__verify__step1__helper.txt
building z3
Bisecting: 1254 revisions left to test after this (roughly 10 steps)
[f7747d9e76bd685a02ce5c5fbda91fc356856b5e] fix parameter collection for tactic-based solvers reported in #3065
running python3 /home/yizhou7/mariposa/scripts/z3-bisect.py /home/yizhou7/mariposa/data/bisect_tasks/d_komodo_z3_clean--verified-svc_handlers.gen.dfyImpl___module.__default.lemma__svc__returning__verify__step1__helper.txt
building z3
done building z3 3.3
running mariposa
res: 1 
 out: [[[    2     2     2     2     2     2     2     2     2     2     2
       2     2     2     2     2     2     2     2     2     2     2
       2     2     2     2     2     2     2     2     2     2     2
       2     2     2     2     2     2     2     2     2     2     2
       2     2     2     2     2     2     2     2     2     2     2
       2     2     2     2     2     2]
  [18694 35409 33690 24493 30211 25293 26986 26105 27815 26867 29245
   28466 28926 29243 29999 27735 27994 25244 40498 28586 40843 32021
   27693 28302 30034 29055 25576 38258 30529 26596 30274 24991 31446
   36089 35897 25901 25852 24926 32298 25558 25937 31482 26613 32361
   27630 37405 30993 28332 34015 30542 34549 26585 27168 37027 26193
   32709 27903 22922 25047 21545 22157]]

 [[    2     2     2     2     2     2     2     2     2     2     2
       2     2     2     2     2     2     2     2     2     2     2
       2     2     2     2     2     2     2     2     2     2     2
       2     2     2     2     2     2     2     2     2     2     2
       2     2     2     2     2     2     2     3     2     2     2
       2     2     2     2     2     2]
  [18694 36819 28644 40269 33050 37949 26629 36328 39773 54730 32237
   24211 25700 31561 39334 32540 40115 39963 31930 40949 49300 32728
   39798 34385 37630 49121 29939 34189 41665 29993 38292 45980 39983
   49228 43432 39222 34052 32263 37558 25941 47031 45899 36508 42056
   33090 41748 49141 42122 34450 40668 32384 60012 48429 37558 39538
   40821 46638 31168 42991 36980 50864]]

 [[    2     2     2     2     2     2     2     3     2     2     2
       2     2     2     3     2     2     2     3     2     2     2
       2     3     2     2     3     2     2     2     2     2     2
       2     2     2     2     2     2     2     3     2     3     2
       2     2     3     2     2     2     2     2     2     2     2
       2     2     2     2     2     2]
  [18694 35807 37448 40428 42443 48418 49701 60013 27370 26056 41461
   39822 43077 20908 60014 32848 26092 40543 60014 54145 21857 41709
   40509 60014 41410 39869 60014 33897 47468 39135 36612 29534 53228
   41233 22434 16024 22397 24096 25712 43630 60015 51641 60013 22592
   21069 50288 60015 42874 26794 35348 37357 47328 45132 33516 18911
   40975 40848 40548 46678 43997 39606]]]
unstable
 
 err: 
done running mariposa 984.2
Bisecting: 1034 revisions left to test after this (roughly 10 steps)
[0644194fc96a853df44c37f9e4522796aa40add8] work on lemma from product to factors, and some renaming
running python3 /home/yizhou7/mariposa/scripts/z3-bisect.py /home/yizhou7/mariposa/data/bisect_tasks/d_komodo_z3_clean--verified-svc_handlers.gen.dfyImpl___module.__default.lemma__svc__returning__verify__step1__helper.txt
building z3
Bisecting: 1034 revisions left to test after this (roughly 10 steps)
[0321312c8db1d3f0edbd23e6e48884fbb7d77d1d] Changed to get_const_interp to match Java and C# bindings
running python3 /home/yizhou7/mariposa/scripts/z3-bisect.py /home/yizhou7/mariposa/data/bisect_tasks/d_komodo_z3_clean--verified-svc_handlers.gen.dfyImpl___module.__default.lemma__svc__returning__verify__step1__helper.txt
building z3
done building z3 3.2
running mariposa
res: 1 
 out: [[[    2     2     2     2     2     2     2     2     2     2     2
       2     2     2     2     2     2     2     2     2     2     2
       2     2     2     2     2     2     2     2     2     2     2
       2     2     2     2     2     2     2     2     2     2     2
       2     2     2     2     2     2     2     2     2     2     2
       2     2     2     2     2     2]
  [29001 41742 39858 40344 42010 42684 41058 42639 40019 43639 41000
   49711 34135 39382 41865 38703 39568 45979 40619 39722 53418 43019
   40759 37280 39884 43298 37925 42183 42158 39019 39347 40910 39551
   41598 47154 44780 39366 37832 42759 39775 37835 39382 39308 44722
   41397 39989 41607 42020 36669 37731 43207 45025 47123 40330 35699
   42919 38354 37815 40689 38948 37398]]

 [[    2     2     2     2     2     2     2     2     2     2     2
       2     2     2     2     2     2     2     2     2     2     2
       2     2     2     2     2     2     2     2     2     2     2
       2     2     2     2     2     2     2     2     2     2     2
       2     2     2     2     2     2     2     2     2     2     2
       2     2     2     2     3     2]
  [29001 34408 42004 39523 52698 20173 51810 41297 46758 38930 46100
   39836 41395 32701 47218 37720 36733 39488 43014 42023 18548 40118
   39390 34858 18341 44353 34627 39501 52153 31125 45976 48509 41751
   35819 49206 28476 38755 45542 46007 31694 45185 45140 42479 41741
   39257 35668 38841 34235 20253 31510 38693 39644 45796 30497 37148
   38705 39272 40621 45106 60012 34834]]

 [[    2     2     2     2     2     2     2     2     2     2     2
       2     2     2     3     3     2     2     2     2     2     2
       2     2     2     3     2     2     2     2     2     2     2
       2     2     2     2     2     3     2     2     2     3     2
       3     2     2     2     2     2     2     2     2     2     2
       2     2     2     2     2     2]
  [29001 12695 19068 20990 23474 32884 36233 38686 42987 41255 50452
   40284 31657 27634 60015 60014 40177 40170 47599 50626 13436 50644
   38352 52358 33314 60013 46688 47122 19709 28921 30252 33617 42235
   34380 17090 42063 18850 22134 60015 52122 44289 43513 60015 48366
   60013 24645 40062 55070 44630 43939 48257 20235 42908 46951 20465
   51557 25778 35034 24417 38831 36818]]]
unstable
 
 err: 
done running mariposa 1093.5
Bisecting: 261 revisions left to test after this (roughly 8 steps)
[6e637348826f0725ba8a01c455448023ca2889e4] Merge pull request #2368 from waywardmonkeys/fix-typo
running python3 /home/yizhou7/mariposa/scripts/z3-bisect.py /home/yizhou7/mariposa/data/bisect_tasks/d_komodo_z3_clean--verified-svc_handlers.gen.dfyImpl___module.__default.lemma__svc__returning__verify__step1__helper.txt
building z3
done building z3 3.2
running mariposa
res: 1 
 out: [[[    2     2     2     2     2     2     2     2     2     2     2
       2     2     2     2     2     2     2     2     2     2     2
       2     2     2     2     2     2     2     2     2     2     2
       2     2     2     2     2     2     2     2     2     2     2
       2     2     2     2     2     2     2     2     2     2     2
       2     2     2     2     2     2]
  [31026 44831 46817 37664 38769 42509 42883 50208 38356 41473 42118
   41040 40236 41715 52071 38229 38222 51624 25374 45614 44662 22835
   45332 42012 51057 50130 45331 41527 43164 45311 46929 44022 46086
   40120 43937 41186 40938 41465 21600 48191 39205 42290 42029 50625
   51209 50953 46971 45848 43415 48920 44259 47254 48764 45556 49523
   41943 41882 33647 38065 42359 40749]]

 [[    2     2     2     2     2     2     2     2     2     2     2
       2     2     2     2     2     2     2     2     2     2     2
       2     2     2     2     2     2     2     2     2     2     2
       2     2     2     2     2     2     2     2     2     2     2
       2     2     2     2     2     2     2     2     2     2     2
       2     2     2     2     2     2]
  [31026 32374 39669 32535 40789 23188 47040 36103 21083 40449 45722
   39081 37305 44069 52895 39033 41129 41440 38157 45384 36735 23562
   46533 36246 47602 44585 46229 19782 31586 19256 43418 37453 38922
   43404 36970 40318 47716 39034 41709 44268 27343 44797 44381 42749
   31526 44773 30699 45343 38259 38622 39002 46122 44323 23972 38200
   49600 40243 40272 44977 35974 44987]]

 [[    2     2     2     2     2     2     3     3     2     2     2
       2     2     2     2     2     2     2     2     2     2     2
       2     2     2     2     2     3     2     2     2     2     2
       2     2     3     3     2     2     2     2     3     3     2
       2     2     2     2     2     2     2     2     3     2     2
       2     2     2     2     2     2]
  [31026 33704 41466 42483 44392 58583 60013 60013 18329 37678 34014
   43877 34010 36746 50563 54262 36589 43561 30996 44800 37276 19970
   44917 22999 35048 40125 55322 60014 47031 34936 24138 42963 39063
   24019 47284 60013 60014 38267 47464 37538 38303 60013 60013 47602
   48084 49299 48717 33351 16684 33011 38475 41336 60013 42347 18081
   45605 34529 23260 17777 49170 48389]]]
unstable
 
 err: 
done running mariposa 1137.2
Bisecting: 130 revisions left to test after this (roughly 7 steps)
[9b4f327e29de8eadd112e53af5a8fb9f430fabf7] set upload mode to replace
running python3 /home/yizhou7/mariposa/scripts/z3-bisect.py /home/yizhou7/mariposa/data/bisect_tasks/d_komodo_z3_clean--verified-svc_handlers.gen.dfyImpl___module.__default.lemma__svc__returning__verify__step1__helper.txt
building z3
done building z3 3.2
running mariposa
res: 0 
 out: [[[    2     2     2     2     2     2     2     2     2     2     2
       2     2     2     2     2     2     2     2     2     2     2
       2     2     2     2     2     2     2     2     2     2     2
       2     2     2     2     2     2     2     2     2     2     2
       2     2     2     2     2     2     2     2     2     2     2
       2     2     2     2     2     2]
  [11103 18001 18028 17351 18909 19830 17371 17696 18442 18317 17935
   18734 17561 18124 17375 17996 18146 17627 18052 20648 18059 17931
   17836 17534 17570 18051 17476 18295 18373 18708 21223 18139 18132
   17598 17986 18114 18381 18703 17473 18029 20398 20493 17157 17083
   17424 18332 18584 18230 18255 17556 19600 18661 19443 17346 18444
   19957 17002 16631 16496 18319 14879]]

 [[    2     2     2     2     2     2     2     2     2     2     2
       2     2     2     2     2     2     2     2     2     2     2
       2     2     2     2     2     2     2     2     2     2     2
       2     2     2     2     2     2     2     2     2     2     2
       2     2     2     2     2     2     2     2     2     2     2
       2     2     2     2     2     2]
  [11103 18057 17449 17342 19837 17430 17229 17586 18358 18190 18452
   18647 17437 18730 18356 18673 18310 17945 16920 17595 18595 18245
   17841 18802 17957 18635 18268 18271 18594 17745 18352 17895 18338
   18275 17826 18147 17753 17294 18109 18219 17930 18604 17053 20001
   17782 18511 17532 18115 18133 18208 17538 18598 19539 18438 18299
   18471 18189 20079 18690 18497 18802]]

 [[    2     2     2     2     2     2     2     2     2     2     2
       2     2     2     2     2     2     2     2     2     2     2
       2     2     2     2     2     2     2     2     2     2     2
       2     2     2     2     2     2     2     2     2     2     2
       2     2     2     2     2     2     2     2     2     2     2
       2     2     2     2     2     2]
  [11103 17941 18148 18185 18245 18331 18336 18464 16010 17143 17606
   17831 18967 18864 19605 17590 18030 18021 18152 17962 17941 19990
   18357 17198 17308 18342 18738 18061 19617 17795 16706 19318 17177
   18227 17971 18432 16531 17441 17820 17868 16982 17636 17782 15863
   16381 17320 16905 18709 17467 18136 18057 17671 18050 20392 17745
   16563 17758 17597 16077 18030 17002]]]
stable
 
 err: 
done running mariposa 514.3
Bisecting: 65 revisions left to test after this (roughly 6 steps)
[42ac3a536369a7d4a7eafa1fa15b571b146ba594] merge with csp
running python3 /home/yizhou7/mariposa/scripts/z3-bisect.py /home/yizhou7/mariposa/data/bisect_tasks/d_komodo_z3_clean--verified-svc_handlers.gen.dfyImpl___module.__default.lemma__svc__returning__verify__step1__helper.txt
building z3
done building z3 3.2
running mariposa
res: 0 
 out: [[[    2     2     2     2     2     2     2     2     2     2     2
       2     2     2     2     2     2     2     2     2     2     2
       2     2     2     2     2     2     2     2     2     2     2
       2     2     2     2     2     2     2     2     2     2     2
       2     2     2     2     2     2     2     2     2     2     2
       2     2     2     2     2     2]
  [11162 17679 18286 17353 18872 20025 17356 18306 17609 18350 18635
   17981 17559 18385 17441 17782 18505 17553 18004 20541 18235 17566
   18142 17747 17477 18467 17761 17951 18162 18580 21307 18349 17704
   18687 18065 17845 18337 18838 17411 18184 20342 20503 17618 16879
   18420 17385 18020 18381 18090 17999 19942 18804 19521 18106 17441
   19792 17159 16697 16685 18546 14437]]

 [[    2     2     2     2     2     2     2     2     2     2     2
       2     2     2     2     2     2     2     2     2     2     2
       2     2     2     2     2     2     2     2     2     2     2
       2     2     2     2     2     2     2     2     2     2     2
       2     2     2     2     2     2     2     2     2     2     2
       2     2     2     2     2     2]
  [11162 18225 17824 17496 16991 19704 17784 17630 18193 18839 18593
   18460 17793 18726 18053 18498 18441 18341 16723 17593 18821 18294
   17637 19032 18106 18624 18243 18685 18415 17851 18144 18444 17921
   18344 18234 18079 17864 17073 18069 18294 18494 17615 17177 20119
   17965 18764 17073 18093 17982 18436 17535 18998 19667 18027 18069
   18252 18789 19010 20199 18452 18863]]

 [[    2     2     2     2     2     2     2     2     2     2     2
       2     2     2     2     2     2     2     2     2     2     2
       2     2     2     2     2     2     2     2     2     2     2
       2     2     2     2     2     2     2     2     2     2     2
       2     2     2     2     2     2     2     2     2     2     2
       2     2     2     2     2     2]
  [11162 17813 18057 18330 18263 18367 18435 18449 16134 16779 17683
   18268 19153 18988 19524 17757 17859 18265 18135 18040 17750 19974
   16830 18631 17521 18437 19081 19480 18109 17960 19398 16374 17092
   18711 17899 18514 16622 17729 17697 17824 16985 17558 17875 16014
   16599 17097 18565 17361 17569 17737 18070 17193 20648 17570 18231
   17020 17525 17565 17760 15927 16856]]]
stable
 
 err: 
done running mariposa 515.5
Bisecting: 32 revisions left to test after this (roughly 5 steps)
[b4290d4b3d7c021965e9ce7ee636caac0f9cac74] python regression
running python3 /home/yizhou7/mariposa/scripts/z3-bisect.py /home/yizhou7/mariposa/data/bisect_tasks/d_komodo_z3_clean--verified-svc_handlers.gen.dfyImpl___module.__default.lemma__svc__returning__verify__step1__helper.txt
building z3
done building z3 3.2
running mariposa
res: 0 
 out: [[[    2     2     2     2     2     2     2     2     2     2     2
       2     2     2     2     2     2     2     2     2     2     2
       2     2     2     2     2     2     2     2     2     2     2
       2     2     2     2     2     2     2     2     2     2     2
       2     2     2     2     2     2     2     2     2     2     2
       2     2     2     2     2     2]
  [26821 31639 40473 33859 44673 37593 36696 31869 36753 41867 38828
   35348 36047 41962 31992 33263 40434 33139 33373 33898 36675 34544
   40308 35256 36075 41460 36875 36726 36638 34347 36457 39826 40459
   43885 39640 35334 35126 33977 36802 33552 28411 39232 39404 39595
   34604 36864 35868 38284 39748 44582 37371 39292 37208 35977 38089
   37523 35734 29561 31283 29735 33860]]

 [[    2     2     2     2     2     2     2     2     2     2     2
       2     2     2     2     2     2     2     2     2     2     2
       2     2     2     2     2     2     2     2     2     2     2
       2     2     2     2     2     2     2     2     2     2     2
       2     2     2     2     2     2     2     2     2     2     2
       2     2     2     2     2     2]
  [26821 22995 22632 45468 28337 42555 40058 35106 38185 53806 49984
   44787 31354 40566 55349 30387 44910 42956 58104 36560 47346 30525
   38800 27091 32075 37241 41693 37439 37281 51547 48804 21743 49725
   53051 48499 49648 21675 41795 34306 33320 44083 36128 46298 50417
   46010 39749 45707 16116 43387 38284 37178 47115 48571 52412 46976
   41140 22965 42774 33656 42436 51189]]

 [[    2     2     2     2     2     2     2     3     2     2     2
       2     2     2     2     2     2     2     2     2     2     2
       2     2     2     3     2     2     2     2     2     2     2
       2     2     2     2     2     2     3     2     2     3     3
       2     2     2     2     2     2     2     2     2     2     2
       2     2     2     2     2     2]
  [26821 19875 23737 30865 37492 39175 41613 60014 44454 50735 33538
   56308 50277 57506 42871 40597 57945 38301 54805 43560 22132 26244
   43080 56928 31515 60015 24693 49580 55728 40805 48874 45498 26810
   34253 21813 50377 38024 40869 36980 60013 34983 24656 60013 60014
   40968 49127 48594 25585 46002 34495 58965 46857 49458 37422 45170
   34387 38012 34856 36345 48813 53271]]]
stable
 
 err: 
done running mariposa 1094.5
Bisecting: 16 revisions left to test after this (roughly 4 steps)
[60c504f4ef64eaf085b1fec2773704cd1102c611] make a few helpers static
running python3 /home/yizhou7/mariposa/scripts/z3-bisect.py /home/yizhou7/mariposa/data/bisect_tasks/d_komodo_z3_clean--verified-svc_handlers.gen.dfyImpl___module.__default.lemma__svc__returning__verify__step1__helper.txt
building z3
done building z3 3.3
running mariposa
res: 0 
 out: [[[    2     2     2     2     2     2     2     2     2     2     2
       2     2     2     2     2     2     2     2     2     2     2
       2     2     2     2     2     2     2     2     2     2     2
       2     2     2     2     2     2     2     2     2     2     2
       2     2     2     2     2     2     2     2     2     2     2
       2     2     2     2     2     2]
  [25628 41610 31639 33432 45039 37560 35537 32002 37158 42093 35267
   42808 39528 34700 32252 33511 32910 40193 33717 34152 36838 34892
   40576 36150 34878 41460 37103 37571 36325 34080 39890 37102 40593
   43448 38885 36577 34737 34681 36702 33015 39133 39587 28423 39269
   35894 36937 35792 38812 40288 44794 37298 37437 40418 36352 37019
   37273 36108 30064 31040 31224 33591]]

 [[    2     2     2     2     2     2     2     2     2     2     2
       2     2     2     2     2     2     2     2     2     2     2
       2     2     2     2     2     2     2     2     2     2     2
       2     2     2     2     2     2     2     2     2     2     2
       2     2     2     2     2     2     2     2     2     2     2
       2     2     2     2     2     2]
  [25628 23053 22487 44982 28727 41800 39551 36016 38086 54530 50003
   44588 30938 40208 55552 31272 45230 43198 58547 36525 46877 39033
   30633 27439 31022 37247 42508 37540 37458 53086 22102 49134 49058
   51547 48207 48644 21889 42704 33281 34495 44324 45332 49394 37484
   46006 40268 45802 15653 43070 38724 37280 46883 47360 53368 47602
   22930 41010 41885 33839 43002 51915]]

 [[    2     2     2     2     2     2     2     3     2     2     2
       2     2     2     2     2     2     2     2     2     2     2
       2     2     2     3     2     2     2     2     2     2     2
       2     2     2     2     2     2     3     2     2     3     3
       2     2     2     2     2     2     2     2     2     2     2
       2     2     2     2     2     2]
  [25628 19988 24044 30690 37749 39768 40513 60014 45181 50255 33863
   56439 49972 57609 42958 40682 58021 55201 38644 43611 22255 26066
   55211 43949 31952 60014 24722 49636 57701 40963 47779 45665 26675
   35095 21468 49705 38421 36720 41730 60013 34940 25354 60015 60015
   40500 48676 25465 50386 46116 34247 57918 48030 49451 38839 44964
   33188 38420 34391 37173 49562 53370]]]
stable
 
 err: 
done running mariposa 1095.2
Bisecting: 8 revisions left to test after this (roughly 3 steps)
[8e2ad4e461a4469d345a7b93b17f6acb23e64d38] #2379 and #2380
running python3 /home/yizhou7/mariposa/scripts/z3-bisect.py /home/yizhou7/mariposa/data/bisect_tasks/d_komodo_z3_clean--verified-svc_handlers.gen.dfyImpl___module.__default.lemma__svc__returning__verify__step1__helper.txt
building z3
done building z3 3.2
running mariposa
res: 1 
 out: [[[    2     2     2     2     2     2     2     2     2     2     2
       2     2     2     2     2     2     2     2     2     2     2
       2     2     2     2     2     2     2     2     2     2     2
       2     2     2     2     2     2     2     2     2     2     2
       2     2     2     2     2     2     2     2     2     2     2
       2     2     2     2     2     2]
  [31839 44529 47587 37238 37973 41599 42398 50790 38222 42018 43604
   40694 39838 40322 51339 38162 51137 25234 38320 46180 44601 23614
   44438 41937 48911 49790 41313 46116 42915 45863 43406 44923 46544
   41402 43778 41972 40959 40294 21374 47388 38729 43624 40837 50478
   50429 50550 46766 45364 44441 49086 47939 43896 44222 48221 48880
   42276 41782 33515 38348 41950 42352]]

 [[    2     2     2     2     2     2     2     2     2     2     2
       2     2     2     2     2     2     2     2     2     2     2
       2     2     2     2     2     2     2     2     2     2     2
       2     2     2     2     2     2     2     2     2     2     2
       2     2     2     2     2     2     2     2     2     2     2
       2     2     2     2     2     2]
  [31839 31502 40110 32386 40983 23286 47365 35776 40266 20863 45779
   38733 37485 43087 52805 40026 41380 41490 38028 45031 36460 23531
   45132 36958 44258 49083 44267 19200 31590 18970 43404 38587 38093
   43757 36716 40227 48195 39109 42471 43034 27116 44664 42091 46094
   30661 44667 31096 45284 38500 38545 44821 39970 43997 23969 38769
   48558 41074 39530 36619 43595 45098]]

 [[    2     2     2     2     2     2     3     3     2     2     2
       2     2     2     2     2     2     2     2     2     2     2
       2     2     2     2     2     3     2     2     2     2     2
       2     2     3     2     3     2     2     2     3     2     3
       2     2     2     2     2     2     2     2     3     2     2
       2     2     2     2     2     2]
  [31839 33278 41579 41485 44620 56397 60013 60013 18290 38742 34017
   43125 34087 37010 49245 52859 37072 44811 43851 31474 37504 19363
   44588 22310 34869 40359 55942 60014 47232 35227 41949 24293 39952
   24329 47590 60012 37453 60015 46481 37979 38818 60013 46651 60013
   46561 47826 48340 33113 16700 32863 39546 41152 60014 42157 17483
   45081 33990 23109 18101 49943 47805]]]
unstable
 
 err: 
done running mariposa 1132.4
Bisecting: 3 revisions left to test after this (roughly 2 steps)
[e0dc05c97edc559ae0d5ce841120bb55ad8e479b] Fixed final alignment step of fp.rem. Fixes #2369 and does not break #2289.
running python3 /home/yizhou7/mariposa/scripts/z3-bisect.py /home/yizhou7/mariposa/data/bisect_tasks/d_komodo_z3_clean--verified-svc_handlers.gen.dfyImpl___module.__default.lemma__svc__returning__verify__step1__helper.txt
building z3
done building z3 3.2
running mariposa
res: 1 
 out: [[[    2     2     2     2     2     2     2     2     2     2     2
       2     2     2     2     2     2     2     2     2     2     2
       2     2     2     2     2     2     2     2     2     2     2
       2     2     2     2     2     2     2     2     2     2     2
       2     2     2     2     2     2     2     2     2     2     2
       2     2     2     2     2     2]
  [30207 44829 46147 38371 39549 41410 42360 50895 38381 41567 42468
   41224 40210 41828 38711 51789 51398 38263 25070 46222 22891 44807
   44883 42918 50964 49873 45228 41768 42896 46441 44867 43991 46592
   40344 45054 41263 41033 39911 22029 39111 49479 42618 40525 50201
   50813 50749 48038 46914 43611 48276 46919 48000 44535 44770 50816
   42271 41895 33230 38640 42227 41991]]

 [[    2     2     2     2     2     2     2     2     2     2     2
       2     2     2     2     2     2     2     2     2     2     2
       2     2     2     2     2     2     2     2     2     2     2
       2     2     2     2     2     2     2     2     2     2     2
       2     2     2     2     2     2     2     2     2     2     2
       2     2     2     2     2     2]
  [30207 31534 39561 32347 41587 23657 47480 36238 39390 21223 45276
   38404 37582 43597 54333 39590 41588 40652 38370 45131 36758 23454
   36407 46623 48478 44765 44861 19429 31241 19437 43535 37852 38663
   44570 37153 40111 46955 39820 41620 43744 27176 45427 41917 44545
   31368 45059 31308 45482 38723 38702 44939 43155 39887 24105 38496
   49790 40495 40892 45469 43400 35795]]

 [[    2     2     2     2     2     2     3     3     2     2     2
       2     2     2     2     2     2     2     2     2     2     2
       2     2     2     2     2     3     2     2     2     2     2
       2     2     3     2     3     2     2     2     3     2     3
       2     2     2     2     2     2     2     2     3     2     2
       2     2     2     2     2     2]
  [30207 33955 41994 42071 43013 56159 60015 60011 18313 37653 34153
   44969 34304 37494 50180 52767 37477 44375 31307 44721 19350 38084
   44858 22574 35170 40318 54852 60015 48362 34895 24944 42044 38711
   24170 48026 60012 37571 60015 48375 36630 38209 60015 47197 60014
   46827 48628 49057 33081 33185 17237 38768 41465 60014 17912 41812
   44966 34339 23325 18131 50454 47681]]]
unstable
 
 err: 
done running mariposa 1137.2
Bisecting: 1 revision left to test after this (roughly 1 step)
[1202554dbcaa67b18e507206ee6f0e6f2a5c95d5] Merge branch 'master' of https://github.com/z3prover/z3
running python3 /home/yizhou7/mariposa/scripts/z3-bisect.py /home/yizhou7/mariposa/data/bisect_tasks/d_komodo_z3_clean--verified-svc_handlers.gen.dfyImpl___module.__default.lemma__svc__returning__verify__step1__helper.txt
building z3
done building z3 3.2
running mariposa
res: 1 
 out: [[[    2     2     2     2     2     2     2     2     2     2     2
       2     2     2     2     2     2     2     2     2     2     2
       2     2     2     2     2     2     2     2     2     2     2
       2     2     2     2     2     2     2     2     2     2     2
       2     2     2     2     2     2     2     2     2     2     2
       2     2     2     2     2     2]
  [31218 44496 46012 38960 38268 42299 42439 51440 38775 41143 42349
   40863 40260 41401 51859 38290 52585 25440 38411 46766 44809 23397
   44531 42454 50300 49961 41772 46589 44043 46047 42689 45141 46691
   41160 44567 42084 40947 39940 21643 47994 39387 43815 41363 49806
   50698 47241 51826 46607 43542 48456 46879 49190 45085 44391 51013
   42557 41207 39148 34394 42667 42431]]

 [[    2     2     2     2     2     2     2     2     2     2     2
       2     2     2     2     2     2     2     2     2     2     2
       2     2     2     2     2     2     2     2     2     2     2
       2     2     2     2     2     2     2     2     2     2     2
       2     2     2     2     2     2     2     2     2     2     2
       2     2     2     2     2     2]
  [31218 31766 40591 32570 41077 45854 23355 36272 20826 45935 40656
   38869 38676 53156 44525 38876 40779 41335 45272 39039 37232 23762
   45277 36252 44104 49248 44876 19330 32036 19730 44115 37698 37741
   43767 47249 36836 40948 40585 42060 43211 27638 44957 42287 31020
   45847 44887 31074 45139 38891 39498 44030 44955 38689 23667 38493
   50558 41330 39638 44392 45309 35901]]

 [[    2     2     2     2     2     2     3     3     2     2     2
       2     2     2     2     2     2     2     2     2     2     2
       2     2     2     2     2     3     2     2     2     2     2
       2     2     3     2     3     2     2     2     3     2     3
       2     2     2     2     2     2     2     2     3     2     2
       2     2     2     2     2     2]
  [31218 33407 41652 42131 44880 57629 60011 60014 17910 37644 35249
   43530 34527 37357 49459 52704 44910 36781 44597 31591 37675 19573
   44618 22457 35709 40831 54412 60014 46951 36160 24271 41775 39469
   24390 47695 60012 38653 60014 47049 37670 38007 60014 47449 60014
   46980 48102 49102 34318 16906 32419 39269 42399 60014 41992 17819
   45561 33856 17651 23714 49323 49278]]]
unstable
 
 err: 
done running mariposa 1139.2
Bisecting: 0 revisions left to test after this (roughly 0 steps)
[db87f2aab055ab189a6c47cd9e2c4216fc65cf3f] separate rewriter used by smt context from asserted formulas to avoid term substitution, exposed by #2370
running python3 /home/yizhou7/mariposa/scripts/z3-bisect.py /home/yizhou7/mariposa/data/bisect_tasks/d_komodo_z3_clean--verified-svc_handlers.gen.dfyImpl___module.__default.lemma__svc__returning__verify__step1__helper.txt
building z3
done building z3 3.2
running mariposa
res: 1 
 out: [[[    2     2     2     2     2     2     2     2     2     2     2
       2     2     2     2     2     2     2     2     2     2     2
       2     2     2     2     2     2     2     2     2     2     2
       2     2     2     2     2     2     2     2     2     2     2
       2     2     2     2     2     2     2     2     2     2     2
       2     2     2     2     2     2]
  [31150 44965 45938 37841 39239 42376 43129 50617 38440 41242 42435
   41667 41109 40345 38691 51277 51533 38533 25649 46754 44509 22776
   42553 45047 50119 49618 42517 44857 43819 45091 46309 43132 46306
   39955 45335 42069 40980 40221 21562 48939 39108 42296 41178 50624
   51046 50762 47060 45825 48443 44970 47441 48867 43875 44594 49456
   42017 41811 33234 38077 43782 42488]]

 [[    2     2     2     2     2     2     2     2     2     2     2
       2     2     2     2     2     2     2     2     2     2     2
       2     2     2     2     2     2     2     2     2     2     2
       2     2     2     2     2     2     2     2     2     2     2
       2     2     2     2     2     2     2     2     2     2     2
       2     2     2     2     2     2]
  [31150 32606 39790 32667 41257 23989 47025 35829 39421 20879 45737
   38865 38014 43029 53977 38769 41835 41279 38425 44995 36483 23460
   45516 36977 47412 45512 45142 19470 31958 19346 43606 37617 38830
   43257 37047 39913 47492 39495 42817 42691 27219 45097 42635 44782
   31970 45456 30691 45083 38006 39242 39182 45413 44913 23629 38471
   48920 41412 44300 45406 40599 35958]]

 [[    2     2     2     2     2     2     3     3     2     2     2
       2     2     2     2     2     2     2     2     2     2     2
       2     2     2     2     2     3     2     2     2     2     2
       2     2     3     2     3     2     2     2     3     2     3
       2     2     2     2     2     2     2     2     3     2     2
       2     2     2     2     2     2]
  [31150 33443 41523 42865 43798 56498 60013 60009 18475 38416 34137
   43465 34602 37861 49137 52514 36732 44281 44026 31692 19464 37927
   44876 22344 34838 40082 54634 60013 47658 36057 24395 42037 38568
   23909 47896 60012 37663 60013 48261 36926 38402 60014 47161 60013
   47875 49310 48321 33337 32136 16720 39394 41493 60012 17697 42950
   46430 33967 17742 23571 48608 47740]]]
unstable
 
 err: 
done running mariposa 1136.6
db87f2aab055ab189a6c47cd9e2c4216fc65cf3f is the first bad commit
commit db87f2aab055ab189a6c47cd9e2c4216fc65cf3f
Author: Nikolaj Bjorner <nbjorner@microsoft.com>
Date:   Tue Jul 2 15:28:21 2019 +0700

    separate rewriter used by smt context from asserted formulas to avoid term substitution, exposed by #2370
    
    Signed-off-by: Nikolaj Bjorner <nbjorner@microsoft.com>

:040000 040000 819e1ce22f0089b6fabca7f13f02066824344ef2 7866ce641fecbe281407e9aa6978a8efeee8e3eb M	src
bisect run success
git bisect start
# good: [e79542cc689d52ec4cb34ce4ae3fbe56e7a0bf70] fix #2309
git bisect good e79542cc689d52ec4cb34ce4ae3fbe56e7a0bf70
# bad: [ad55a1f1c617a7f0c3dd735c0780fc758424c7f1] Update release.yml for Azure Pipelines
git bisect bad ad55a1f1c617a7f0c3dd735c0780fc758424c7f1
# skip: [e2702f3ae88f5c48a55f4473bb5c29184c182634] fixes in assigning constraints to intervals
git bisect skip e2702f3ae88f5c48a55f4473bb5c29184c182634
# skip: [1915812f84cf41a5f232eedf2a695a54d055aa88] add a test for intervals
git bisect skip 1915812f84cf41a5f232eedf2a695a54d055aa88
# bad: [8faf35e2e0c8fce99794e71bd3b5de74b95ceb5a] fix #3735
git bisect bad 8faf35e2e0c8fce99794e71bd3b5de74b95ceb5a
# skip: [d1a5635b4ad7f8632356b380f3a9b1fc83fdb04f] better model based lemmaas
git bisect skip d1a5635b4ad7f8632356b380f3a9b1fc83fdb04f
# skip: [0a86bd14f792ef5fadb8eeb346729a612f7e1588] start on test nla
git bisect skip 0a86bd14f792ef5fadb8eeb346729a612f7e1588
# bad: [f7747d9e76bd685a02ce5c5fbda91fc356856b5e] fix parameter collection for tactic-based solvers reported in #3065
git bisect bad f7747d9e76bd685a02ce5c5fbda91fc356856b5e
# skip: [0644194fc96a853df44c37f9e4522796aa40add8] work on lemma from product to factors, and some renaming
git bisect skip 0644194fc96a853df44c37f9e4522796aa40add8
# bad: [0321312c8db1d3f0edbd23e6e48884fbb7d77d1d] Changed to get_const_interp to match Java and C# bindings
git bisect bad 0321312c8db1d3f0edbd23e6e48884fbb7d77d1d
# bad: [6e637348826f0725ba8a01c455448023ca2889e4] Merge pull request #2368 from waywardmonkeys/fix-typo
git bisect bad 6e637348826f0725ba8a01c455448023ca2889e4
# good: [9b4f327e29de8eadd112e53af5a8fb9f430fabf7] set upload mode to replace
git bisect good 9b4f327e29de8eadd112e53af5a8fb9f430fabf7
# good: [42ac3a536369a7d4a7eafa1fa15b571b146ba594] merge with csp
git bisect good 42ac3a536369a7d4a7eafa1fa15b571b146ba594
# good: [b4290d4b3d7c021965e9ce7ee636caac0f9cac74] python regression
git bisect good b4290d4b3d7c021965e9ce7ee636caac0f9cac74
# good: [60c504f4ef64eaf085b1fec2773704cd1102c611] make a few helpers static
git bisect good 60c504f4ef64eaf085b1fec2773704cd1102c611
# bad: [8e2ad4e461a4469d345a7b93b17f6acb23e64d38] #2379 and #2380
git bisect bad 8e2ad4e461a4469d345a7b93b17f6acb23e64d38
# bad: [e0dc05c97edc559ae0d5ce841120bb55ad8e479b] Fixed final alignment step of fp.rem. Fixes #2369 and does not break #2289.
git bisect bad e0dc05c97edc559ae0d5ce841120bb55ad8e479b
# bad: [1202554dbcaa67b18e507206ee6f0e6f2a5c95d5] Merge branch 'master' of https://github.com/z3prover/z3
git bisect bad 1202554dbcaa67b18e507206ee6f0e6f2a5c95d5
# bad: [db87f2aab055ab189a6c47cd9e2c4216fc65cf3f] separate rewriter used by smt context from asserted formulas to avoid term substitution, exposed by #2370
git bisect bad db87f2aab055ab189a6c47cd9e2c4216fc65cf3f
# first bad commit: [db87f2aab055ab189a6c47cd9e2c4216fc65cf3f] separate rewriter used by smt context from asserted formulas to avoid term substitution, exposed by #2370
