running python3 /home/yizhou7/mariposa/scripts/z3-bisect.py /home/yizhou7/mariposa/data/bisect_tasks/d_komodo_z3_clean--verified-svc_handlers.gen.dfyImpl___module.__default.va__lemma__svc__map__data__zeropage.txt
building z3
Bisecting: 1453 revisions left to test after this (roughly 11 steps)
[1915812f84cf41a5f232eedf2a695a54d055aa88] add a test for intervals
running python3 /home/yizhou7/mariposa/scripts/z3-bisect.py /home/yizhou7/mariposa/data/bisect_tasks/d_komodo_z3_clean--verified-svc_handlers.gen.dfyImpl___module.__default.va__lemma__svc__map__data__zeropage.txt
building z3
Bisecting: 1453 revisions left to test after this (roughly 11 steps)
[8faf35e2e0c8fce99794e71bd3b5de74b95ceb5a] fix #3735
running python3 /home/yizhou7/mariposa/scripts/z3-bisect.py /home/yizhou7/mariposa/data/bisect_tasks/d_komodo_z3_clean--verified-svc_handlers.gen.dfyImpl___module.__default.va__lemma__svc__map__data__zeropage.txt
building z3
done building z3 3.5
running mariposa
res: 1 
 out: [[[    2     2     2     2     2     2     2     2     2     2     2
       2     2     2     2     2     2     2     2     2     2     2
       2     2     2     2     2     2     2     2     2     2     2
       2     2     2     2     2     2     2     2     2     2     2
       2     2     2     2     2     2     2     2     2     2     2
       2     2     2     2     2     3]
  [12572 20434 20495 16471 18842 20803 20032 19091 22452 17986 21296
   17337 28172 17171 19045 15676 18275 18086 17433 18096 17889 18518
   24528 31815 16001 15787 18699 20585 19713 19652 17998 21220 19498
   17199 18373 19244 16888 20127 20123 22014 24824 18516 20026 21526
   22471 25600 18600 16170 18621 16476 18384 19035 21419 17815 17940
   17635 16959 15255 19410 17109 60013]]

 [[    2     2     2     2     2     2     2     2     2     2     2
       2     2     2     2     2     2     2     2     2     2     2
       2     2     2     2     2     2     2     2     2     2     2
       2     2     2     2     2     2     2     2     2     2     2
       2     2     2     2     2     2     2     2     2     2     2
       2     2     2     2     2     2]
  [12572 20441 24860 24798 17539 16098 21613 23351 17772 16588 23815
   20915 18648 24810 26281 21353 19406 22307 17324 16475 17759 20644
   20135 21191 27856 28306 27147 22924 20625 27538 24482 25993 33123
   22411 18219 19326 24257 15848 18040 17708 20185 20079 20310 52483
   25156 20234 20142 25459 20129 25582 22293 17128 20554 19026 21094
   21556 27228 19603 22104 17918 53676]]

 [[    2     2     2     2     2     2     2     2     2     2     2
       2     3     2     2     2     2     2     3     2     2     2
       2     2     2     2     2     2     2     2     2     2     2
       2     2     2     2     2     2     2     2     2     2     2
       2     3     2     2     2     2     2     2     3     2     2
       2     2     3     2     2     3]
  [12572 17429 19428 20028 23098 24329 31529 20695 24308 19198 29302
   25166 60017 22325 21654 22419 17866 19785 60018 19930 26022 22671
   22099 30039 22704 20340 25364 27875 27888 25345 24683 23616 17295
   22560 21321 24512 25306 19248 52453 23990 20213 21339 27091 19797
   22256 60018 27671 18050 38966 24604 27845 27155 60018 23733 17458
   29616 19590 60019 17647 27221 60018]]]
unstable
 
 err: 
done running mariposa 660.5
Bisecting: 1254 revisions left to test after this (roughly 10 steps)
[d1a5635b4ad7f8632356b380f3a9b1fc83fdb04f] better model based lemmaas
running python3 /home/yizhou7/mariposa/scripts/z3-bisect.py /home/yizhou7/mariposa/data/bisect_tasks/d_komodo_z3_clean--verified-svc_handlers.gen.dfyImpl___module.__default.va__lemma__svc__map__data__zeropage.txt
building z3
Bisecting: 1254 revisions left to test after this (roughly 10 steps)
[0a86bd14f792ef5fadb8eeb346729a612f7e1588] start on test nla
running python3 /home/yizhou7/mariposa/scripts/z3-bisect.py /home/yizhou7/mariposa/data/bisect_tasks/d_komodo_z3_clean--verified-svc_handlers.gen.dfyImpl___module.__default.va__lemma__svc__map__data__zeropage.txt
building z3
Bisecting: 1254 revisions left to test after this (roughly 10 steps)
[f7747d9e76bd685a02ce5c5fbda91fc356856b5e] fix parameter collection for tactic-based solvers reported in #3065
running python3 /home/yizhou7/mariposa/scripts/z3-bisect.py /home/yizhou7/mariposa/data/bisect_tasks/d_komodo_z3_clean--verified-svc_handlers.gen.dfyImpl___module.__default.va__lemma__svc__map__data__zeropage.txt
building z3
done building z3 3.5
running mariposa
res: 1 
 out: [[[    2     2     2     2     2     2     2     2     2     2     2
       2     2     2     2     2     2     2     2     2     2     2
       2     2     2     2     2     2     2     2     2     2     2
       2     2     2     2     2     2     2     2     2     2     2
       2     2     2     2     2     2     2     2     2     2     2
       2     2     2     2     2     2]
  [13701 18501 17861 18026 17728 18508 19682 24106 21458 16246 18450
   23070 18238 27307 20322 18716 22301 23608 17655 16198 27766 15811
   20580 18107 16369 22230 21086 18871 16824 34140 21039 23069 17550
   21343 19204 32386 18725 21997 20510 22219 19863 19098 19830 22128
   20685 23245 18231 44373 19274 19491 21133 24178 18734 26587 19539
   17899 20564 20538 16633 17098 21680]]

 [[    2     2     2     2     2     2     2     2     2     2     2
       2     2     2     2     2     2     2     2     2     2     2
       2     2     2     2     2     2     2     2     2     2     2
       2     2     2     2     2     2     2     2     2     2     2
       2     2     2     2     2     2     2     2     2     2     2
       2     2     2     2     2     2]
  [13701 21867 30347 23114 22991 20911 21117 32413 17100 26471 20289
   23659 19920 20737 24979 21814 22798 20864 21884 24122 17173 24981
   19635 21713 17981 21857 22553 20694 15757 21635 21733 20124 30127
   21581 24709 17157 18559 19647 56922 21639 19689 22403 19506 20443
   24130 24971 21829 20429 21773 23692 23221 18153 20897 18598 24194
   18966 20578 20920 17918 20197 46864]]

 [[    2     2     2     2     2     2     2     2     2     2     2
       2     2     2     2     2     2     2     2     2     3     2
       2     2     2     2     2     2     2     2     2     2     2
       2     2     2     2     2     2     2     2     2     2     2
       2     2     3     2     2     2     2     2     2     2     3
       2     2     2     2     3     3]
  [13701 18796 19457 20576 21147 23204 26301 17172 22838 27610 29080
   25243 19032 60015 18538 20185 19892 27223 20538 19569 60015 24212
   18518 22622 22923 19947 22024 23903 21122 25652 23455 19553 25769
   24974 22245 17253 21775 23989 18553 19347 26143 23931 24334 22306
   26783 22058 60016 23806 22244 23114 20658 19196 22035 26596 60016
   19295 20573 21584 25143 60015 60019]]]
unstable
 
 err: 
done running mariposa 649.9
Bisecting: 1034 revisions left to test after this (roughly 10 steps)
[0644194fc96a853df44c37f9e4522796aa40add8] work on lemma from product to factors, and some renaming
running python3 /home/yizhou7/mariposa/scripts/z3-bisect.py /home/yizhou7/mariposa/data/bisect_tasks/d_komodo_z3_clean--verified-svc_handlers.gen.dfyImpl___module.__default.va__lemma__svc__map__data__zeropage.txt
building z3
Bisecting: 1034 revisions left to test after this (roughly 10 steps)
[0321312c8db1d3f0edbd23e6e48884fbb7d77d1d] Changed to get_const_interp to match Java and C# bindings
running python3 /home/yizhou7/mariposa/scripts/z3-bisect.py /home/yizhou7/mariposa/data/bisect_tasks/d_komodo_z3_clean--verified-svc_handlers.gen.dfyImpl___module.__default.va__lemma__svc__map__data__zeropage.txt
building z3
done building z3 3.4
running mariposa
res: 0 
 out: [[[    2     2     2     2     2     2     2     2     2     2     2
       2     2     2     2     2     2     2     2     2     2     2
       2     2     2     2     2     2     2     2     2     2     2
       2     2     2     2     2     2     2     2     2     2     2
       2     2     2     2     2     2     2     2     2     2     2
       2     2     2     2     2     2]
  [12286 18538 18632 21258 19101 19781 20744 18762 21511 21492 19349
   19969 19012 18820 21569 19787 22103 18717 15838 20273 16454 19761
   22101 22169 19159 19858 18248 21943 19530 18372 17277 19022 17475
   17405 21668 22121 22093 22085 18105 18212 23946 21409 21299 20799
   19022 19082 21479 20698 20566 25284 19747 18618 22522 21822 18881
   25405 19964 18625 19440 18685 16357]]

 [[    2     2     2     2     2     2     2     2     2     2     2
       2     2     2     2     2     2     2     2     2     2     2
       2     2     2     2     2     2     2     2     2     2     2
       2     2     2     2     2     2     2     2     2     2     2
       2     2     2     2     2     2     2     2     2     2     2
       2     2     2     2     2     2]
  [12286 20590 25541 20525 20435 23063 21973 23730 16291 19568 25435
   16793 17563 24349 19272 20601 27454 19187 20630 19588 15593 16064
   17782 21074 17419 19735 23083 15823 20052 22240 24154 16468 23133
   17355 20789 19368 25046 22442 18837 21591 22182 16295 18688 18704
   19891 23497 20173 19416 19421 24606 17493 22578 18513 18239 23828
   20311 22752 19625 21239 19232 19862]]

 [[    2     2     2     2     2     2     2     2     2     2     2
       2     2     3     2     2     2     2     2     2     2     2
       2     2     2     2     2     2     2     2     2     2     2
       2     2     2     2     2     2     2     2     2     2     2
       2     2     2     3     2     2     2     2     2     2     3
       2     2     2     2     3     3]
  [12286 20089 21775 22860 23014 25405 29710 19715 22261 24261 27929
   26513 24480 60019 22577 23849 24840 21600 22635 25143 20612 22263
   26230 25421 24807 24339 26250 25382 17036 20470 22201 22559 18917
   18388 26191 20230 20214 20902 26077 18737 24218 19859 19142 22249
   22743 23808 28255 60018 24046 23028 20449 22618 20852 24434 60017
   19563 22237 21439 23397 60017 60017]]]
stable
 
 err: 
done running mariposa 625.2
Bisecting: 771 revisions left to test after this (roughly 10 steps)
[c9e989ae853667faaa04c98e128e48130e05b07f] fix build of lp_tst
running python3 /home/yizhou7/mariposa/scripts/z3-bisect.py /home/yizhou7/mariposa/data/bisect_tasks/d_komodo_z3_clean--verified-svc_handlers.gen.dfyImpl___module.__default.va__lemma__svc__map__data__zeropage.txt
building z3
Bisecting: 771 revisions left to test after this (roughly 10 steps)
[73662ad60d26755b7cd4c65c88766298125ee6a5] fix #3016
running python3 /home/yizhou7/mariposa/scripts/z3-bisect.py /home/yizhou7/mariposa/data/bisect_tasks/d_komodo_z3_clean--verified-svc_handlers.gen.dfyImpl___module.__default.va__lemma__svc__map__data__zeropage.txt
building z3
done building z3 3.9
running mariposa
res: 0 
 out: [[[    2     2     2     2     2     2     2     2     2     2     2
       2     2     2     2     2     2     2     2     2     2     2
       2     2     2     2     2     2     2     2     2     2     2
       2     2     2     2     2     2     2     2     2     2     2
       2     2     2     2     2     2     2     2     2     2     2
       2     2     2     2     2     2]
  [14066 18481 17516 17958 18096 18503 18992 23984 16674 18225 21093
   22777 18232 27571 18501 20222 21449 17655 23393 16113 28235 15666
   17462 20326 16575 21781 20973 19159 16827 20476 33339 23213 17605
   21399 19093 31858 18599 21925 22048 20826 19754 18952 19632 20549
   22208 22605 18002 42819 19296 20985 19499 23825 25545 18704 20003
   17877 20743 20371 16195 21197 17196]]

 [[    2     2     2     2     2     2     2     2     2     2     2
       2     2     2     2     2     2     2     2     2     2     2
       2     2     2     2     2     2     2     2     2     2     2
       2     2     2     2     2     2     2     2     2     2     2
       2     2     2     2     2     2     2     2     2     2     2
       2     2     2     2     2     2]
  [14066 21979 29931 22476 22897 21392 21331 31014 16976 26299 23127
   20351 19974 20519 25146 21540 22695 20272 23850 21756 17026 25174
   19486 21459 17832 21597 22444 20701 15784 21150 20430 22418 29772
   21709 24925 17365 18528 55727 18929 21327 20025 21785 20307 19820
   23382 25380 21381 20836 21291 23540 23577 18050 20194 19052 24622
   20175 19248 20758 17495 20074 44912]]

 [[    2     2     2     2     2     2     2     2     2     2     2
       2     2     2     2     2     2     2     2     2     3     2
       2     2     2     2     2     2     2     2     2     2     2
       2     2     2     2     2     2     2     2     2     2     2
       2     2     3     2     2     2     2     2     2     2     3
       2     2     2     3     2     3]
  [14066 18861 18922 20548 20914 23016 26552 17315 22832 27359 28165
   25222 19180 58182 18680 19778 19882 26992 18870 20106 60016 23994
   18343 22801 22750 19898 21698 24028 20769 25640 23426 19320 25531
   25778 22530 16824 21542 24047 18656 25922 19462 23027 24215 22449
   26520 22219 60017 22903 22534 22870 20604 21413 19506 26374 60017
   19040 20080 21558 60017 25131 60020]]]
stable
 
 err: 
done running mariposa 645.8
Bisecting: 86 revisions left to test after this (roughly 7 steps)
[b7e14b1a080a7c4dec2ef98d38e76b5f734de02c] create 18 pipeline
running python3 /home/yizhou7/mariposa/scripts/z3-bisect.py /home/yizhou7/mariposa/data/bisect_tasks/d_komodo_z3_clean--verified-svc_handlers.gen.dfyImpl___module.__default.va__lemma__svc__map__data__zeropage.txt
building z3
done building z3 61.6
running mariposa
res: 0 
 out: [[[    2     2     2     2     2     2     2     2     2     2     2
       2     2     2     2     2     2     2     2     2     2     2
       2     2     2     2     2     2     2     2     2     2     2
       2     2     2     2     2     2     2     2     2     2     2
       2     2     2     2     2     2     2     2     2     2     2
       2     2     2     2     2     2]
  [13639 19106 17508 18015 17687 18472 19444 18187 24849 16127 21044
   22860 18514 27237 18563 20418 21611 23717 17900 27984 16131 15770
   17513 20267 16670 22226 21057 18868 20380 17344 23156 34028 17234
   21629 19276 22125 20155 32459 18537 22287 19990 19297 19420 22171
   20716 22985 18336 19478 21059 44672 19655 24246 26334 18400 18013
   19708 20613 20928 16295 17502 21544]]

 [[    2     2     2     2     2     2     2     2     2     2     2
       2     2     2     2     2     2     2     2     2     2     2
       2     2     2     2     2     2     2     2     2     2     2
       2     2     2     2     2     2     2     2     2     2     2
       2     2     2     2     2     2     2     2     2     2     2
       2     2     2     2     2     2]
  [13639 21824 31073 22719 22793 20876 20919 32265 26677 17159 23166
   20361 19982 20532 24879 21921 23132 20699 24245 21739 16821 25067
   19519 21483 17770 21881 22671 20567 15758 21122 20075 21827 29918
   21868 24545 17277 18506 19193 57986 21207 19880 21861 19705 20779
   23728 24849 22021 20570 21288 23836 23387 18033 20746 18497 24641
   19097 20569 20251 17421 20162 47437]]

 [[    2     2     2     2     2     2     2     2     2     2     2
       2     2     2     2     2     2     2     2     2     3     2
       2     2     2     2     2     2     2     2     2     2     2
       2     2     2     2     2     2     2     2     2     2     2
       2     2     3     2     2     2     2     2     2     2     3
       2     2     3     2     2     3]
  [13639 19141 19024 20905 21125 23256 26489 17235 22752 27866 28532
   25144 18904 59083 18402 20062 20021 27143 20211 19090 60018 24219
   18715 22838 19853 22836 21420 23569 21285 25775 24034 19576 25382
   25084 22121 16599 21981 24317 18525 18935 25706 23174 24572 22205
   27002 22225 60018 23174 22343 20754 23462 21386 19197 26794 60017
   19082 20269 60017 21313 24624 60020]]]
stable
 
 err: 
done running mariposa 648.2
Bisecting: 42 revisions left to test after this (roughly 6 steps)
[adeccfcabf3f44469ce6084ca9a564c509df3d53] fix #3130
running python3 /home/yizhou7/mariposa/scripts/z3-bisect.py /home/yizhou7/mariposa/data/bisect_tasks/d_komodo_z3_clean--verified-svc_handlers.gen.dfyImpl___module.__default.va__lemma__svc__map__data__zeropage.txt
building z3
done building z3 85.0
running mariposa
res: 0 
 out: [[[    2     2     2     2     2     2     2     2     2     2     2
       2     2     2     2     2     2     2     2     2     2     2
       2     2     2     2     2     2     2     2     2     2     2
       2     2     2     2     2     2     2     2     2     2     2
       2     2     2     2     2     2     2     2     2     2     2
       2     2     2     2     2     2]
  [14150 18600 17588 18167 17958 18616 19726 24135 18215 16615 21287
   22946 18538 27448 18764 20968 21578 23468 17869 27964 16255 16365
   17761 20364 16304 22336 21178 18954 16858 20389 34590 23514 17469
   21282 19365 32440 18474 20829 22535 22002 20168 19949 19331 22335
   20310 22856 18405 44580 19344 19642 21545 23681 26160 18855 19569
   17924 20865 20392 16252 22012 17014]]

 [[    2     2     2     2     2     2     2     2     2     2     2
       2     2     2     2     2     2     2     2     2     2     2
       2     2     2     2     2     2     2     2     2     2     2
       2     2     2     2     2     2     2     2     2     2     2
       2     2     2     2     2     2     2     2     2     2     2
       2     2     2     2     2     2]
  [14150 21734 30257 22933 22891 21537 21399 32306 26300 16941 23659
   20201 19983 20986 25046 22409 21479 20314 21973 24868 17151 25404
   19570 21416 21633 17923 22802 20914 16103 21127 21619 19865 30012
   22267 24659 17433 18546 56688 19119 21501 19801 21889 19943 20774
   23488 25102 21649 21035 21573 23688 23490 18314 18697 20731 24588
   20235 19254 20558 17478 20678 46708]]

 [[    2     2     2     2     2     2     2     2     2     2     2
       2     2     2     2     2     2     2     2     2     3     2
       2     2     2     2     2     2     2     2     2     2     2
       2     2     2     2     2     2     2     2     2     2     2
       2     2     3     2     2     2     2     2     2     2     3
       2     2     2     2     3     3]
  [14150 19049 19085 20581 20943 23897 26612 17412 22803 27487 28865
   25410 19600 58727 18544 20220 19977 27229 19035 20809 60018 24755
   18457 22814 22628 20187 22076 24019 20885 25929 23566 19519 25470
   25603 22147 17213 21687 23936 18802 26213 18928 23743 24361 22510
   26743 22561 60017 23727 22060 23047 20895 19502 21523 26920 60017
   19137 20382 22022 24588 60017 60018]]]
stable
 
 err: 
done running mariposa 651.2
Bisecting: 21 revisions left to test after this (roughly 5 steps)
[7d976e4f4dfee996575a93f7d4fa1ef0eb43ac15] fix #3120
running python3 /home/yizhou7/mariposa/scripts/z3-bisect.py /home/yizhou7/mariposa/data/bisect_tasks/d_komodo_z3_clean--verified-svc_handlers.gen.dfyImpl___module.__default.va__lemma__svc__map__data__zeropage.txt
building z3
done building z3 35.0
running mariposa
res: 1 
 out: [[[    2     2     2     2     2     2     2     2     2     2     2
       2     2     2     2     2     2     2     2     2     2     2
       2     2     2     2     2     2     2     2     2     2     2
       2     2     2     2     2     2     2     2     2     2     2
       2     2     2     2     2     2     2     2     2     2     2
       2     2     2     2     2     2]
  [13640 18696 17467 17948 18580 18535 19485 24265 22837 17988 21443
   16211 18792 27098 20371 18525 21542 23237 17822 16603 28167 15818
   17590 20069 16310 21857 21408 18879 16937 20466 22717 35214 17257
   21203 19320 18317 22736 32885 22070 20392 19762 19313 19610 22226
   20463 23221 18101 44541 19598 21201 19616 23512 18889 26620 19593
   18011 20528 20509 16363 21859 17900]]

 [[    2     2     2     2     2     2     2     2     2     2     2
       2     2     2     2     2     2     2     2     2     2     2
       2     2     2     2     2     2     2     2     2     2     2
       2     2     2     2     2     2     2     2     2     2     2
       2     2     2     2     2     2     2     2     2     2     2
       2     2     2     2     2     2]
  [13640 22318 30783 22418 22793 20850 21446 32830 16861 23019 26951
   20004 20110 21159 24806 22375 21859 20639 24180 22122 16953 24780
   19709 21215 17661 22019 22647 20526 15774 21242 21730 20267 29484
   21460 24701 17273 18874 19671 57850 21876 19466 21810 20286 19900
   23714 25042 21960 20227 23485 21319 23861 18197 20286 18943 24284
   20053 19510 20706 17592 20059 46948]]

 [[    2     2     2     2     2     2     2     2     2     2     2
       2     2     2     2     2     2     2     2     2     3     2
       2     2     2     2     2     2     2     2     2     2     2
       2     2     2     2     2     2     2     2     2     2     2
       2     2     3     2     2     2     2     2     2     2     3
       2     2     2     2     3     3]
  [13640 18796 18886 20313 20962 23888 26563 17128 22759 27792 28326
   25298 19074 60018 18534 19914 19873 27057 20302 19456 60017 24397
   18496 22762 22528 19786 21899 24201 21038 25781 23523 19451 25217
   25650 22913 16694 21870 23992 19156 25590 19300 23399 24500 27169
   22426 22050 60017 23664 22220 20659 22985 21891 19285 26886 60016
   19093 20051 21470 25153 60017 60020]]]
unstable
 
 err: 
done running mariposa 649.0
Bisecting: 9 revisions left to test after this (roughly 3 steps)
[193a99da296f697ffd5fdabcadc6ced0b58b0cba] fix #3152
running python3 /home/yizhou7/mariposa/scripts/z3-bisect.py /home/yizhou7/mariposa/data/bisect_tasks/d_komodo_z3_clean--verified-svc_handlers.gen.dfyImpl___module.__default.va__lemma__svc__map__data__zeropage.txt
building z3
done building z3 7.5
running mariposa
res: 0 
 out: [[[    2     2     2     2     2     2     2     2     2     2     2
       2     2     2     2     2     2     2     2     2     2     2
       2     2     2     2     2     2     2     2     2     2     2
       2     2     2     2     2     2     2     2     2     2     2
       2     2     2     2     2     2     2     2     2     2     2
       2     2     2     2     2     2]
  [13965 18712 17840 18079 17641 18538 19294 24180 17983 16318 21746
   23156 18194 27658 20119 18617 21509 17720 23125 28373 16526 15993
   17592 20328 16304 21904 21323 19457 16940 20542 22762 17239 34225
   21871 19481 18411 22261 21789 20318 32832 20270 19313 19349 22060
   20444 23049 18169 19036 20954 45540 19703 24130 18353 26294 19731
   17860 20495 20858 16159 17605 21276]]

 [[    2     2     2     2     2     2     2     2     2     2     2
       2     2     2     2     2     2     2     2     2     2     2
       2     2     2     2     2     2     2     2     2     2     2
       2     2     2     2     2     2     2     2     2     2     2
       2     2     2     2     2     2     2     2     2     2     2
       2     2     2     2     2     2]
  [13965 21725 30474 22966 20963 22861 20902 32845 17299 26566 20313
   22936 20008 20594 25208 22069 22544 20595 21829 24151 17200 24874
   19730 21381 17454 22284 22712 20563 15884 20921 22229 20094 29526
   21587 24819 18980 17324 19055 57440 21371 20033 22114 20678 19868
   23565 25097 21797 20187 21977 23558 23586 17980 20288 18875 24244
   20511 19204 20207 17610 20157 47787]]

 [[    2     2     2     2     2     2     2     2     2     2     2
       2     2     2     2     2     2     2     2     2     3     2
       2     2     2     2     2     2     2     2     2     2     2
       2     2     2     2     2     2     2     2     2     2     2
       2     2     3     2     2     2     2     2     2     2     3
       2     2     2     3     2     3]
  [13965 18648 18926 20898 21391 23299 26979 17465 23200 27396 28353
   25742 18967 59189 18736 19905 19758 27540 20618 19051 60017 24749
   18327 22769 23045 20049 21421 24028 21121 25933 23408 19472 26041
   25199 22286 16784 21769 23987 18633 19065 25531 23794 25033 22244
   26478 22128 60018 23375 22866 23181 20507 21658 26332 19596 60019
   19143 20638 21719 60018 24393 60019]]]
stable
 
 err: 
done running mariposa 649.7
Bisecting: 4 revisions left to test after this (roughly 2 steps)
[bd3024e8374f2ef20d75bc171bddfe7b14c1726d] fix #3161
running python3 /home/yizhou7/mariposa/scripts/z3-bisect.py /home/yizhou7/mariposa/data/bisect_tasks/d_komodo_z3_clean--verified-svc_handlers.gen.dfyImpl___module.__default.va__lemma__svc__map__data__zeropage.txt
building z3
done building z3 6.0
running mariposa
res: 0 
 out: [[[    2     2     2     2     2     2     2     2     2     2     2
       2     2     2     2     2     2     2     2     2     2     2
       2     2     2     2     2     2     2     2     2     2     2
       2     2     2     2     2     2     2     2     2     2     2
       2     2     2     2     2     2     2     2     2     2     2
       2     2     2     2     2     2]
  [14220 18705 17600 17814 18085 18612 19143 24289 18035 16588 21075
   23076 18222 27524 20254 18966 21579 17553 23170 28410 16397 15832
   17813 20243 16151 21931 21220 19129 16809 20454 22946 17380 35369
   21123 19305 22215 18707 20223 32812 22356 19586 19353 19321 22249
   20741 23087 18414 44909 19317 20933 19401 23439 18647 26971 19680
   17750 20778 20442 16612 21464 17275]]

 [[    2     2     2     2     2     2     2     2     2     2     2
       2     2     2     2     2     2     2     2     2     2     2
       2     2     2     2     2     2     2     2     2     2     2
       2     2     2     2     2     2     2     2     2     2     2
       2     2     2     2     2     2     2     2     2     2     2
       2     2     2     2     2     2]
  [14220 21709 30735 22509 22609 21470 20848 32681 17022 26339 23156
   19842 20422 20490 25178 22622 22009 20256 24069 21648 25187 17133
   19991 21548 21697 17260 23179 20555 16056 21086 21537 19942 29444
   21540 25266 17455 18712 19105 57352 21392 19853 21884 20259 20598
   23515 24837 21530 20305 21907 24001 23268 18358 20153 18699 24274
   18844 20520 20555 17550 20150 47981]]

 [[    2     2     2     2     2     2     2     2     2     2     2
       2     2     2     2     2     2     2     2     2     3     2
       2     2     2     2     2     2     2     2     2     2     2
       2     2     2     2     2     2     2     2     2     2     2
       2     2     3     2     2     2     2     2     2     2     3
       2     2     2     3     2     3]
  [14220 18542 18974 20207 21505 23367 26875 17074 22854 27556 28297
   25663 19444 59093 18653 19961 20248 26913 20714 19089 60017 24147
   22735 18743 22549 20410 21517 23905 20908 25628 23821 19427 25116
   25189 22627 16740 21656 24226 18612 25505 18869 23432 24168 22350
   26897 22758 60017 23259 21997 20703 23415 21580 19117 26620 60017
   19163 20155 21233 60017 25289 60019]]]
stable
 
 err: 
done running mariposa 649.1
Bisecting: 1 revision left to test after this (roughly 1 step)
[bba2cf9f2005e7fd760f9049b28e5fd226d8373f] fix #3163
running python3 /home/yizhou7/mariposa/scripts/z3-bisect.py /home/yizhou7/mariposa/data/bisect_tasks/d_komodo_z3_clean--verified-svc_handlers.gen.dfyImpl___module.__default.va__lemma__svc__map__data__zeropage.txt
building z3
done building z3 5.2
running mariposa
res: 1 
 out: [[[    2     2     2     2     2     2     2     2     2     2     2
       2     2     2     2     2     2     2     2     2     2     2
       2     2     2     2     2     2     2     2     2     2     2
       2     2     2     2     2     2     2     2     2     2     2
       2     2     2     2     2     2     2     2     2     2     2
       2     2     2     2     2     2]
  [13667 18799 17401 17984 17607 18531 19110 24778 16402 17965 22909
   21252 18546 27667 18643 20155 21669 22933 17744 28446 16357 15823
   20312 17657 16147 22236 21055 18911 16800 20528 22789 34503 17520
   21542 19296 22329 18372 21723 20183 33192 19953 19313 18961 22218
   20645 22985 18087 45125 19021 21294 19967 23551 18443 26251 19517
   17893 20883 20717 16023 17529 21931]]

 [[    2     2     2     2     2     2     2     2     2     2     2
       2     2     2     2     2     2     2     2     2     2     2
       2     2     2     2     2     2     2     2     2     2     2
       2     2     2     2     2     2     2     2     2     2     2
       2     2     2     2     2     2     2     2     2     2     2
       2     2     2     2     2     2]
  [13667 21670 30214 22856 22727 21152 20909 32493 16775 26283 23117
   20087 20485 20922 24769 21806 22333 20227 24154 22499 24903 16895
   19829 21243 21749 17839 22511 20647 16072 21120 22206 19935 29376
   21801 24614 18743 17590 19337 56524 21307 19883 21940 19536 20354
   23815 25805 21652 20167 21324 24013 23374 17932 18854 20762 24136
   20022 19074 20278 17697 20770 47510]]

 [[    2     2     2     2     2     2     2     2     2     2     2
       2     2     3     2     2     2     2     2     2     3     2
       2     2     2     2     2     2     2     2     2     2     2
       2     2     2     2     2     2     2     2     2     2     2
       2     2     3     2     2     2     2     2     2     2     3
       2     2     2     3     2     3]
  [13667 18631 18875 20377 21439 23457 26514 17080 22880 27300 28413
   25058 19512 60018 18293 20005 19770 26813 20110 19566 60018 24688
   18348 22945 22552 19802 21993 23564 21377 25705 23489 19483 25327
   24983 22732 16935 22143 23827 18567 25617 18912 23744 24965 26611
   22616 22174 60019 23404 22085 21179 23433 21588 26195 19504 60017
   19084 19921 21380 60016 25199 60019]]]
unstable
 
 err: 
done running mariposa 648.1
Bisecting: 0 revisions left to test after this (roughly 1 step)
[c8c415c2de145c8b75e514b4568887cba6737bca] fix #3165
running python3 /home/yizhou7/mariposa/scripts/z3-bisect.py /home/yizhou7/mariposa/data/bisect_tasks/d_komodo_z3_clean--verified-svc_handlers.gen.dfyImpl___module.__default.va__lemma__svc__map__data__zeropage.txt
building z3
done building z3 3.5
running mariposa
res: 0 
 out: [[[    2     2     2     2     2     2     2     2     2     2     2
       2     2     2     2     2     2     2     2     2     2     2
       2     2     2     2     2     2     2     2     2     2     2
       2     2     2     2     2     2     2     2     2     2     2
       2     2     2     2     2     2     2     2     2     2     2
       2     2     2     2     2     2]
  [13983 18724 17392 18114 17553 18949 19146 24241 18012 16736 21452
   22730 18377 27326 18789 20861 21503 17560 23061 16327 28253 15860
   17599 20665 16327 21756 20978 19169 17122 20528 22872 34198 17748
   21762 19177 32631 19086 22315 21746 20323 20070 19520 19408 20160
   22224 23097 18285 44641 19576 19546 20874 23768 26517 18990 19638
   17782 20898 20467 16214 21225 17104]]

 [[    2     2     2     2     2     2     2     2     2     2     2
       2     2     2     2     2     2     2     2     2     2     2
       2     2     2     2     2     2     2     2     2     2     2
       2     2     2     2     2     2     2     2     2     2     2
       2     2     2     2     2     2     2     2     2     2     2
       2     2     2     2     2     2]
  [13983 21870 30692 22454 21002 23294 20835 32440 16787 23331 27052
   20442 20086 20429 24783 21680 22612 20451 24536 21847 16895 25449
   19619 21238 17330 22001 22906 20899 16295 20995 21932 20334 29801
   21383 24892 19057 17328 56522 19186 21794 19704 22063 19583 20951
   23639 24979 21801 20645 21300 23676 18057 23916 20064 18661 24495
   20041 19379 17475 20879 20141 46840]]

 [[    2     2     2     2     2     2     2     2     2     2     2
       2     2     2     2     2     2     2     2     2     3     2
       2     2     2     2     2     2     2     2     2     2     2
       2     2     2     2     2     2     2     2     2     2     2
       2     2     3     2     2     2     2     2     2     2     3
       2     2     2     3     2     3]
  [13983 19062 19478 20643 21099 23202 26267 17166 23098 27871 29073
   25189 19103 59182 18342 20178 20375 27239 20400 19088 60017 24169
   18676 23019 20035 23169 21450 23728 21355 25861 23685 19519 25495
   25217 22061 16606 21982 24332 18641 19032 25701 23099 24256 22577
   27024 22213 60019 23072 22053 21104 23000 21262 19561 26233 60017
   19417 20109 21950 60017 24554 60019]]]
stable
 
 err: 
done running mariposa 649.7
bba2cf9f2005e7fd760f9049b28e5fd226d8373f is the first bad commit
commit bba2cf9f2005e7fd760f9049b28e5fd226d8373f
Author: Nikolaj Bjorner <nbjorner@microsoft.com>
Date:   Fri Mar 6 06:31:44 2020 +0100

    fix #3163
    
    Signed-off-by: Nikolaj Bjorner <nbjorner@microsoft.com>

:040000 040000 091b1135b27f7e03ec42c50fbc4723edb75035a7 a339aa6b6ce2441ed34324002183d4ad2652e855 M	src
bisect run success
git bisect start
# good: [e79542cc689d52ec4cb34ce4ae3fbe56e7a0bf70] fix #2309
git bisect good e79542cc689d52ec4cb34ce4ae3fbe56e7a0bf70
# bad: [ad55a1f1c617a7f0c3dd735c0780fc758424c7f1] Update release.yml for Azure Pipelines
git bisect bad ad55a1f1c617a7f0c3dd735c0780fc758424c7f1
# skip: [e2702f3ae88f5c48a55f4473bb5c29184c182634] fixes in assigning constraints to intervals
git bisect skip e2702f3ae88f5c48a55f4473bb5c29184c182634
# skip: [1915812f84cf41a5f232eedf2a695a54d055aa88] add a test for intervals
git bisect skip 1915812f84cf41a5f232eedf2a695a54d055aa88
# bad: [8faf35e2e0c8fce99794e71bd3b5de74b95ceb5a] fix #3735
git bisect bad 8faf35e2e0c8fce99794e71bd3b5de74b95ceb5a
# skip: [d1a5635b4ad7f8632356b380f3a9b1fc83fdb04f] better model based lemmaas
git bisect skip d1a5635b4ad7f8632356b380f3a9b1fc83fdb04f
# skip: [0a86bd14f792ef5fadb8eeb346729a612f7e1588] start on test nla
git bisect skip 0a86bd14f792ef5fadb8eeb346729a612f7e1588
# bad: [f7747d9e76bd685a02ce5c5fbda91fc356856b5e] fix parameter collection for tactic-based solvers reported in #3065
git bisect bad f7747d9e76bd685a02ce5c5fbda91fc356856b5e
# skip: [0644194fc96a853df44c37f9e4522796aa40add8] work on lemma from product to factors, and some renaming
git bisect skip 0644194fc96a853df44c37f9e4522796aa40add8
# good: [0321312c8db1d3f0edbd23e6e48884fbb7d77d1d] Changed to get_const_interp to match Java and C# bindings
git bisect good 0321312c8db1d3f0edbd23e6e48884fbb7d77d1d
# skip: [c9e989ae853667faaa04c98e128e48130e05b07f] fix build of lp_tst
git bisect skip c9e989ae853667faaa04c98e128e48130e05b07f
# good: [73662ad60d26755b7cd4c65c88766298125ee6a5] fix #3016
git bisect good 73662ad60d26755b7cd4c65c88766298125ee6a5
# good: [b7e14b1a080a7c4dec2ef98d38e76b5f734de02c] create 18 pipeline
git bisect good b7e14b1a080a7c4dec2ef98d38e76b5f734de02c
# good: [adeccfcabf3f44469ce6084ca9a564c509df3d53] fix #3130
git bisect good adeccfcabf3f44469ce6084ca9a564c509df3d53
# bad: [7d976e4f4dfee996575a93f7d4fa1ef0eb43ac15] fix #3120
git bisect bad 7d976e4f4dfee996575a93f7d4fa1ef0eb43ac15
# good: [193a99da296f697ffd5fdabcadc6ced0b58b0cba] fix #3152
git bisect good 193a99da296f697ffd5fdabcadc6ced0b58b0cba
# good: [bd3024e8374f2ef20d75bc171bddfe7b14c1726d] fix #3161
git bisect good bd3024e8374f2ef20d75bc171bddfe7b14c1726d
# bad: [bba2cf9f2005e7fd760f9049b28e5fd226d8373f] fix #3163
git bisect bad bba2cf9f2005e7fd760f9049b28e5fd226d8373f
# good: [c8c415c2de145c8b75e514b4568887cba6737bca] fix #3165
git bisect good c8c415c2de145c8b75e514b4568887cba6737bca
# first bad commit: [bba2cf9f2005e7fd760f9049b28e5fd226d8373f] fix #3163
