running python3 /home/yizhou7/mariposa/scripts/z3-bisect.py /home/yizhou7/mariposa/data/bisect_tasks/d_komodo_z3_clean--verified-entry.gen.dfyImpl___module.__default.va__lemma__unstack__banked__regs.txt
building z3
Bisecting: 1453 revisions left to test after this (roughly 11 steps)
[1915812f84cf41a5f232eedf2a695a54d055aa88] add a test for intervals
running python3 /home/yizhou7/mariposa/scripts/z3-bisect.py /home/yizhou7/mariposa/data/bisect_tasks/d_komodo_z3_clean--verified-entry.gen.dfyImpl___module.__default.va__lemma__unstack__banked__regs.txt
building z3
Bisecting: 1453 revisions left to test after this (roughly 11 steps)
[8faf35e2e0c8fce99794e71bd3b5de74b95ceb5a] fix #3735
running python3 /home/yizhou7/mariposa/scripts/z3-bisect.py /home/yizhou7/mariposa/data/bisect_tasks/d_komodo_z3_clean--verified-entry.gen.dfyImpl___module.__default.va__lemma__unstack__banked__regs.txt
building z3
done building z3 3.2
running mariposa
res: 1 
 out: [[[    2     2     2     2     2     2     2     2     2     2     2
       2     2     2     2     2     2     2     2     2     2     2
       2     2     2     2     2     2     2     2     2     2     2
       2     2     2     2     2     2     2     2     2     2     2
       2     2     2     2     2     2     2     2     2     2     2
       2     2     2     2     2     2]
  [29165 39523 41791 41354 43903 40089 45243 39841 39457 42447 40754
   39795 38212 42189 41644 36593 40503 42813 40456 41895 42828 41724
   40295 39143 40825 40366 43056 41104 42923 37388 42004 40203 40417
   43501 38436 38605 40188 42983 43136 42086 39906 40147 41723 43140
   42776 45124 39869 38293 37813 42441 39006 39964 43723 39461 42828
   38017 40018 41184 36975 37160 34031]]

 [[    2     2     2     2     2     2     2     2     2     2     2
       2     2     2     2     2     2     2     2     2     2     2
       2     2     2     2     2     2     2     2     2     2     2
       2     2     2     2     2     2     2     2     2     2     2
       2     2     2     2     2     2     2     2     2     2     2
       2     2     2     2     2     2]
  [29165 40767 42315 46637 41254 40507 37708 41079 39557 40939 44355
   42909 42909 48778 33372 39528 35927 31181 41525 40651 41820 38953
   42167 35320 38984 37337 41328 45126 35840 33548 34832 34659 39079
   29926 41354 39931 40910 37162 48821 39705 34935 38766 36318 34852
   39266 38284 39279 40221 41327 36432 31490 33002 30507 42967 38083
   35734 41772 39935 38878 36897 44448]]

 [[    2     2     2     2     2     2     2     2     2     2     2
       2     2     2     3     2     2     2     3     2     2     2
       2     2     2     2     2     2     2     3     2     2     2
       2     2     2     2     2     2     2     2     3     2     2
       2     2     2     2     2     2     3     2     3     2     2
       2     2     2     3     2     2]
  [29165 36214 37619 38378 38832 40617 41207 42573 35935 39635 40063
   48599 53785 52165 60018 39924 49548 42532 60019 46615 49467 45556
   42496 36791 44547 39671 40599 42951 42364 60017 39574 46300 39757
   38143 41812 34944 39972 36526 44195 40978 51371 60020 42147 39089
   41824 41909 44656 39682 37113 38970 60019 39772 60019 46589 39920
   43297 39389 44164 60019 39074 51153]]]
unstable
 
 err: 
done running mariposa 1117.2
Bisecting: 1254 revisions left to test after this (roughly 10 steps)
[d1a5635b4ad7f8632356b380f3a9b1fc83fdb04f] better model based lemmaas
running python3 /home/yizhou7/mariposa/scripts/z3-bisect.py /home/yizhou7/mariposa/data/bisect_tasks/d_komodo_z3_clean--verified-entry.gen.dfyImpl___module.__default.va__lemma__unstack__banked__regs.txt
building z3
Bisecting: 1254 revisions left to test after this (roughly 10 steps)
[0a86bd14f792ef5fadb8eeb346729a612f7e1588] start on test nla
running python3 /home/yizhou7/mariposa/scripts/z3-bisect.py /home/yizhou7/mariposa/data/bisect_tasks/d_komodo_z3_clean--verified-entry.gen.dfyImpl___module.__default.va__lemma__unstack__banked__regs.txt
building z3
Bisecting: 1254 revisions left to test after this (roughly 10 steps)
[f7747d9e76bd685a02ce5c5fbda91fc356856b5e] fix parameter collection for tactic-based solvers reported in #3065
running python3 /home/yizhou7/mariposa/scripts/z3-bisect.py /home/yizhou7/mariposa/data/bisect_tasks/d_komodo_z3_clean--verified-entry.gen.dfyImpl___module.__default.va__lemma__unstack__banked__regs.txt
building z3
done building z3 3.2
running mariposa
res: 1 
 out: [[[    2     2     2     2     2     2     2     2     2     2     2
       2     2     2     2     2     2     2     2     2     2     2
       2     2     2     2     2     2     2     2     2     2     2
       2     2     2     2     2     2     2     2     2     2     2
       2     2     2     2     2     2     2     2     2     2     2
       2     2     2     2     2     2]
  [28189 39703 41729 43594 42162 42835 41218 43329 43012 42090 38523
   38446 48943 39763 42330 42161 41996 43421 38666 43198 43829 40605
   40886 41650 42073 44103 41349 40058 40411 52596 44418 44147 44554
   45610 41909 42713 42396 40672 42435 40544 42238 42949 38071 41064
   40968 42693 37788 43386 38058 40746 41901 40158 41130 39351 41983
   40169 41402 38584 42148 38082 32869]]

 [[    2     2     2     2     2     2     2     2     2     2     2
       2     2     2     2     2     2     2     2     2     2     2
       2     2     2     2     2     2     2     2     2     2     2
       2     2     2     2     2     2     2     2     2     2     2
       2     2     2     2     2     2     2     2     2     2     2
       2     2     2     2     2     2]
  [28189 37371 41265 39882 41623 37007 45916 40647 39897 35164 46447
   43331 51884 48352 36555 36097 39962 40638 39154 42577 40592 44595
   45569 33614 40951 36724 44289 41974 37332 35579 36712 41042 45713
   33970 40074 38028 35067 47637 33399 41292 36064 42119 39882 37403
   40466 40156 36795 42329 40999 44299 35367 40626 40621 31526 36639
   37113 38719 38121 41314 44480 39719]]

 [[    2     2     2     2     2     2     2     2     2     2     2
       2     2     2     3     2     2     2     2     2     3     2
       2     2     2     2     2     2     2     3     2     2     2
       2     2     2     2     2     2     2     2     3     2     2
       2     2     2     2     2     2     3     2     3     2     3
       2     2     2     2     2     2]
  [28189 35687 37329 41799 43264 43595 44237 45621 34710 40729 38897
   47263 50257 54179 60017 44015 42356 41231 43087 41795 60024 44325
   35569 44358 44322 42980 41569 40636 44172 60017 40894 46081 45836
   40212 44481 40485 43073 42955 44872 39400 49718 60019 40148 44095
   41977 45604 42789 38289 36160 38069 60018 43276 60017 48369 60018
   45569 46216 40035 39475 58226 49464]]]
unstable
 
 err: 
done running mariposa 1143.5
Bisecting: 1034 revisions left to test after this (roughly 10 steps)
[0644194fc96a853df44c37f9e4522796aa40add8] work on lemma from product to factors, and some renaming
running python3 /home/yizhou7/mariposa/scripts/z3-bisect.py /home/yizhou7/mariposa/data/bisect_tasks/d_komodo_z3_clean--verified-entry.gen.dfyImpl___module.__default.va__lemma__unstack__banked__regs.txt
building z3
Bisecting: 1034 revisions left to test after this (roughly 10 steps)
[0321312c8db1d3f0edbd23e6e48884fbb7d77d1d] Changed to get_const_interp to match Java and C# bindings
running python3 /home/yizhou7/mariposa/scripts/z3-bisect.py /home/yizhou7/mariposa/data/bisect_tasks/d_komodo_z3_clean--verified-entry.gen.dfyImpl___module.__default.va__lemma__unstack__banked__regs.txt
building z3
done building z3 3.1
running mariposa
res: 1 
 out: [[[    2     2     2     2     2     2     2     2     2     2     2
       2     2     2     2     2     2     2     2     2     2     2
       2     2     2     2     2     2     2     2     2     2     2
       2     2     2     2     2     2     2     2     2     2     2
       2     2     2     2     2     2     2     2     2     2     2
       2     2     2     2     2     2]
  [25278 39805 42161 33639 39024 38397 44952 36242 39844 38264 39156
   39153 39400 36030 39657 42827 38853 40861 35748 39464 35522 34771
   42106 38831 39025 43873 38963 35524 39979 42536 36334 40893 37239
   37235 36714 42465 36308 37384 34417 39210 39544 42510 41679 36859
   36637 34990 37312 42833 38136 34889 41603 38070 39498 37925 36953
   41030 36301 40698 34842 34735 31193]]

 [[    2     2     2     2     2     2     2     2     2     2     2
       2     2     2     2     2     2     2     2     2     2     2
       2     2     2     2     2     2     2     2     2     2     2
       2     2     2     2     2     2     2     2     2     2     2
       2     2     2     2     2     2     2     2     2     2     2
       2     2     2     2     2     2]
  [25278 42440 42664 45324 42379 43792 46593 39389 36190 43848 42445
   41896 49345 48904 49926 33924 40700 41565 37222 40985 40403 35010
   36524 38555 35193 37243 34715 31441 31039 40099 37786 39473 37452
   39102 40958 40439 36435 39253 43776 34323 41180 38972 42286 33729
   44955 44516 43659 41898 44043 42740 37451 35966 41068 41244 43077
   33866 35608 33585 45394 43330 44881]]

 [[    2     2     2     2     2     2     2     2     2     2     2
       2     2     2     3     2     2     2     2     2     3     2
       2     2     2     2     3     2     2     2     2     2     2
       2     2     2     2     2     2     2     2     2     2     3
       2     2     2     2     2     3     2     3     2     2     2
       2     2     3     2     2     3]
  [25278 37675 39198 41041 41594 45728 47070 57620 35080 40776 46011
   48733 47382 50422 60019 38603 44100 42224 47654 45201 60018 33544
   41892 55673 38719 46097 60021 58469 45052 40805 46596 38909 52801
   38552 47198 46903 42448 38043 47011 43566 45269 45027 36558 60018
   40937 47641 46135 40006 56496 60021 39676 60017 41949 47614 43294
   46903 47513 60018 45299 41375 60023]]]
unstable
 
 err: 
done running mariposa 1124.1
Bisecting: 261 revisions left to test after this (roughly 8 steps)
[6e637348826f0725ba8a01c455448023ca2889e4] Merge pull request #2368 from waywardmonkeys/fix-typo
running python3 /home/yizhou7/mariposa/scripts/z3-bisect.py /home/yizhou7/mariposa/data/bisect_tasks/d_komodo_z3_clean--verified-entry.gen.dfyImpl___module.__default.va__lemma__unstack__banked__regs.txt
building z3
done building z3 3.1
running mariposa
res: 0 
 out: [[[    2     2     2     2     2     2     2     2     2     2     2
       2     2     2     2     2     2     2     2     2     2     2
       2     2     2     2     2     2     2     2     2     2     2
       2     2     2     2     2     2     2     2     2     2     2
       2     2     2     2     2     2     2     2     2     2     2
       2     2     2     2     2     2]
  [25004 35513 35093 34892 36162 34949 37862 37125 35763 33471 33898
   36060 32974 34934 33930 34788 32222 36799 35509 36651 37363 35710
   35252 39436 33065 36429 33612 36129 36875 38898 31708 38153 36695
   34503 35269 34930 36472 34879 36348 37464 37451 34810 35617 40380
   39413 38420 33343 36887 35408 32635 34769 36323 34461 41376 38248
   36910 33948 33374 37898 24678 31438]]

 [[    2     2     2     2     2     2     2     2     2     2     2
       2     2     2     2     2     2     2     2     2     2     2
       2     2     2     2     2     2     2     2     2     2     2
       2     2     2     2     2     2     2     2     2     2     2
       2     2     2     2     2     2     2     2     2     2     2
       2     2     2     2     2     2]
  [25004 37425 39867 40688 32900 41715 44308 40369 40806 41498 42279
   33322 37431 39167 40964 37954 43778 46531 50962 53253 40832 43289
   47379 40552 41823 40848 39086 42909 33567 37083 34741 37581 41071
   36872 44057 43526 35573 43264 42633 41399 34023 39263 39836 35683
   48087 42491 42329 40048 35137 35955 42654 32457 37200 39470 37787
   38789 48313 37841 46259 39574 43780]]

 [[    2     2     2     2     2     2     2     3     2     2     2
       2     2     2     2     2     2     2     2     2     2     2
       2     2     2     2     2     2     2     3     2     2     2
       2     2     2     2     2     2     2     2     2     3     2
       2     2     3     2     2     2     2     3     2     2     2
       2     2     2     2     2     2]
  [25004 38825 39533 40063 47924 49831 50304 60018 47363 47288 39928
   54734 47112 58294 54420 35366 41962 40813 40333 47449 37391 37929
   43587 43345 36301 48750 59468 57199 42411 60019 51833 37153 46425
   55733 49106 40201 38717 40701 37594 46252 43922 37186 60019 56938
   41193 38899 60023 47797 51554 32165 41451 60018 40300 45650 43933
   53127 44743 46851 53254 38961 44425]]]
stable
 
 err: 
done running mariposa 1103.9
Bisecting: 130 revisions left to test after this (roughly 7 steps)
[892aa126605d8cf9a1696af1add6cb30435fb1e0] Fix for fp.rem. Fixes #2381.
running python3 /home/yizhou7/mariposa/scripts/z3-bisect.py /home/yizhou7/mariposa/data/bisect_tasks/d_komodo_z3_clean--verified-entry.gen.dfyImpl___module.__default.va__lemma__unstack__banked__regs.txt
building z3
done building z3 6.1
running mariposa
res: 1 
 out: [[[    2     2     2     2     2     2     2     2     2     2     2
       2     2     2     2     2     2     2     2     2     2     2
       2     2     2     2     2     2     2     2     2     2     2
       2     2     2     2     2     2     2     2     2     2     2
       2     2     2     2     2     2     2     2     2     2     2
       2     2     2     2     2     2]
  [27336 40137 34627 36753 38091 36316 38466 34343 36180 37638 37949
   42616 35394 41530 35367 34793 37229 34370 39424 37803 36643 38457
   41148 34996 39837 36723 38679 38517 36449 39416 34960 39615 40384
   34243 40989 39829 35708 42045 45647 34688 37832 37266 42252 39479
   40872 33710 36451 34099 38446 31861 35833 38653 35515 36906 37369
   38640 32489 36183 34262 33661 33972]]

 [[    2     2     2     2     2     2     2     2     2     2     2
       2     2     2     2     2     2     2     2     2     2     2
       2     2     2     2     2     2     2     2     2     2     2
       2     2     2     2     2     2     2     2     2     2     2
       2     2     2     2     2     2     2     2     2     2     2
       2     2     2     2     2     2]
  [27336 36533 40076 33937 43050 48679 41626 37510 40212 42780 43370
   39599 38186 42552 35775 38224 38217 45551 37303 36194 42445 34771
   40292 43808 36499 32969 39615 40458 35784 36561 36285 37321 37752
   38835 37746 42348 39551 37651 40354 38677 40287 34421 38656 35457
   40505 39389 47323 50967 35708 38213 41726 37631 42651 53088 39851
   38539 45881 41501 44183 41324 49351]]

 [[    2     2     2     2     2     2     2     3     2     2     2
       2     2     2     2     3     2     2     2     3     2     2
       2     2     2     2     2     3     2     2     2     2     2
       2     2     2     2     2     2     2     2     3     2     2
       2     2     2     2     2     3     2     3     2     2     2
       2     2     2     2     2     2]
  [27336 32983 36507 42065 48484 54793 57220 60017 41962 43470 56133
   34079 43056 53729 39787 60018 37376 40603 44153 60020 45450 43640
   42555 49982 57031 35537 47984 60022 42115 40046 51524 35316 36777
   45441 44929 46622 43774 39967 49555 49824 51577 60018 40551 46131
   40297 53874 34182 42886 54983 60023 40224 60018 42532 45570 52871
   51065 50131 42988 48746 46137 52770]]]
unstable
 
 err: 
done running mariposa 1119.1
Bisecting: 64 revisions left to test after this (roughly 6 steps)
[2eea7709e06c357fb84798ae52a6690231e74e7b] Merge pull request #2438 from agurfinkel/issue_2430
running python3 /home/yizhou7/mariposa/scripts/z3-bisect.py /home/yizhou7/mariposa/data/bisect_tasks/d_komodo_z3_clean--verified-entry.gen.dfyImpl___module.__default.va__lemma__unstack__banked__regs.txt
building z3
done building z3 83.9
running mariposa
res: 0 
 out: [[[    2     2     2     2     2     2     2     2     2     2     2
       2     2     2     2     2     2     2     2     2     2     2
       2     2     2     2     2     2     2     2     2     2     2
       2     2     2     2     2     2     2     2     2     2     2
       2     2     2     2     2     2     2     2     2     2     2
       2     2     2     2     2     2]
  [24598 35246 34895 36773 35936 34478 37350 36389 36294 32981 34513
   37321 32430 34877 33210 35857 31092 37500 36716 36504 35761 36761
   35305 38947 33648 37430 33480 36534 38355 36839 31642 38564 33858
   36539 36105 36319 34301 35106 36896 37558 37603 34205 39309 39149
   36564 39106 36819 34728 34916 32744 33887 35488 35396 38206 41672
   37533 34585 38854 31997 23986 31505]]

 [[    2     2     2     2     2     2     2     2     2     2     2
       2     2     2     2     2     2     2     2     2     2     2
       2     2     2     2     2     2     2     2     2     2     2
       2     2     2     2     2     2     2     2     2     2     2
       2     2     2     2     2     2     2     2     2     2     2
       2     2     2     2     2     2]
  [24598 36303 40448 40620 33267 42475 43933 39416 41194 41487 42433
   33951 38211 38550 37165 41258 46384 51214 45330 40029 51817 44201
   46644 41809 40008 42508 38073 42998 34440 35633 37528 41035 35023
   36006 44313 44603 41685 36661 40749 43275 33451 39076 41129 35537
   47866 42692 41479 39254 35068 37365 42816 33563 36359 39995 37379
   40452 46804 37745 46468 38461 44421]]

 [[    2     2     2     2     2     2     2     3     2     2     2
       2     2     2     2     2     2     2     2     2     2     2
       2     2     2     2     2     2     2     3     2     2     2
       2     2     2     2     2     2     2     2     2     3     2
       2     3     2     2     2     2     2     3     2     2     2
       2     2     2     2     2     2]
  [24598 38528 38920 39741 48082 50516 51760 60016 46344 47655 39850
   53877 46198 58227 56118 36039 41003 40875 40064 48054 36119 39290
   43746 42416 37477 49570 59063 57251 42093 60018 52081 37235 56183
   47528 48126 39791 38828 39312 37666 42860 47753 37464 60019 39804
   56717 60024 39450 47932 33733 50085 41353 60017 39430 46139 43942
   45894 51191 54281 46576 38601 44704]]]
stable
 
 err: 
done running mariposa 1105.0
Bisecting: 31 revisions left to test after this (roughly 5 steps)
[90415a18d330d3a6066e589aaf20f1c2cc9435f6] fix build of test
running python3 /home/yizhou7/mariposa/scripts/z3-bisect.py /home/yizhou7/mariposa/data/bisect_tasks/d_komodo_z3_clean--verified-entry.gen.dfyImpl___module.__default.va__lemma__unstack__banked__regs.txt
building z3
done building z3 84.2
running mariposa
res: 1 
 out: [[[    2     2     2     2     2     2     2     2     2     2     2
       2     2     2     2     2     2     2     2     2     2     2
       2     2     2     2     2     2     2     2     2     2     2
       2     2     2     2     2     2     2     2     2     2     2
       2     2     2     2     2     2     2     2     2     2     2
       2     2     2     2     2     2]
  [26264 34990 40376 36909 37937 35910 38719 34793 37177 37639 36479
   42551 35303 42065 35104 34875 37185 35619 38031 37608 36789 41525
   37944 35455 40489 37914 37305 38617 36650 38504 35868 39697 40271
   34243 42244 38380 35687 41422 45895 34781 38295 38446 41011 39347
   40667 35960 34498 38135 33987 35744 33139 37683 36548 35510 37345
   38462 33202 33736 37239 32560 34512]]

 [[    2     2     2     2     2     2     2     2     2     2     2
       2     2     2     2     2     2     2     2     2     2     2
       2     2     2     2     2     2     2     2     2     2     2
       2     2     2     2     2     2     2     2     2     2     2
       2     2     2     2     2     2     2     2     2     2     2
       2     2     2     2     2     2]
  [26264 36679 41246 33448 43052 47010 40915 43073 41510 37641 43783
   38244 39907 41668 38386 36512 37686 45633 36132 37754 42540 34358
   40836 35678 43339 33597 40279 40734 35737 35085 37063 37086 38023
   39351 37614 42494 37301 39499 40015 39083 40832 34442 37599 35063
   39095 39895 47646 51614 39100 35490 41782 41527 38321 52091 39897
   38622 41488 46493 42236 43746 47789]]

 [[    2     2     2     2     2     2     2     3     2     2     2
       2     2     2     2     3     2     2     2     3     2     2
       2     2     2     2     2     3     2     2     2     2     2
       2     2     2     2     2     2     2     2     3     2     2
       2     2     2     2     2     3     2     3     2     2     2
       2     2     2     2     2     2]
  [26264 33837 36310 42938 49948 54902 55701 60020 42736 43708 33891
   55956 44982 52347 40424 60017 37385 40971 46045 60019 45417 42955
   42485 51151 55624 34954 47787 60024 43455 39534 50558 34875 45589
   45109 37065 47827 45187 38653 48926 51059 50000 60019 40634 47385
   42097 52861 42743 34648 53973 60023 41343 60017 43160 46905 49665
   53539 48538 42233 48697 46414 54089]]]
unstable
 
 err: 
done running mariposa 1119.7
Bisecting: 15 revisions left to test after this (roughly 4 steps)
[3f032e85e0339ca73718db431d91849d1fe8c530] remove include of thread
running python3 /home/yizhou7/mariposa/scripts/z3-bisect.py /home/yizhou7/mariposa/data/bisect_tasks/d_komodo_z3_clean--verified-entry.gen.dfyImpl___module.__default.va__lemma__unstack__banked__regs.txt
building z3
done building z3 6.5
running mariposa
res: 1 
 out: [[[    2     2     2     2     2     2     2     2     2     2     2
       2     2     2     2     2     2     2     2     2     2     2
       2     2     2     2     2     2     2     2     2     2     2
       2     2     2     2     2     2     2     2     2     2     2
       2     2     2     2     2     2     2     2     2     2     2
       2     2     2     2     2     2]
  [26175 34686 39557 38524 37658 37080 39066 33469 36491 36615 37637
   35400 44280 42468 35291 34422 34453 37187 38523 38504 37566 41264
   37597 35289 40256 37363 38392 39453 38715 36505 35631 38850 40211
   34504 42245 38550 41238 36465 45956 35040 37533 37240 41481 40896
   39403 34138 37275 37571 33818 36144 32048 38270 36955 35872 36406
   39596 32592 36754 33383 32535 33557]]

 [[    2     2     2     2     2     2     2     2     2     2     2
       2     2     2     2     2     2     2     2     2     2     2
       2     2     2     2     2     2     2     2     2     2     2
       2     2     2     2     2     2     2     2     2     2     2
       2     2     2     2     2     2     2     2     2     2     2
       2     2     2     2     2     2]
  [26175 36812 39888 33233 43199 48381 41653 36242 39959 43069 43611
   39865 39539 42381 38194 36509 43698 37372 37310 37447 42976 33935
   35425 40976 43927 34284 38628 36318 40770 36219 36706 35253 39075
   38861 38126 39041 42512 36609 38988 40061 41278 34858 38047 35011
   38742 46734 40037 52363 35999 38666 41743 41331 37424 52357 40199
   38897 46534 42944 40907 43869 47979]]

 [[    2     2     2     2     2     2     2     3     2     2     2
       2     2     2     2     3     2     2     2     3     2     2
       2     2     2     2     2     3     2     2     2     2     2
       2     2     2     2     2     2     2     2     2     3     2
       2     2     2     2     2     3     2     3     2     2     2
       2     2     2     2     2     2]
  [26175 32936 36101 43892 48209 56046 56822 60017 41487 55416 44948
   34373 43544 52637 40102 60018 37254 41275 45249 60020 45740 43011
   42417 51227 35177 58362 47531 60023 42506 38989 51157 35029 37198
   45930 45893 46988 43848 39313 49051 50486 51317 40978 60019 47177
   40256 52803 34341 42642 54472 60022 41186 60018 42378 45122 53076
   49953 41745 50427 49930 47015 52444]]]
unstable
 
 err: 
done running mariposa 1119.7
Bisecting: 8 revisions left to test after this (roughly 3 steps)
[2bd8d3b4852765cdd92abd7db6331fc5bac8fb5d] fixes for input4/5 #2416
running python3 /home/yizhou7/mariposa/scripts/z3-bisect.py /home/yizhou7/mariposa/data/bisect_tasks/d_komodo_z3_clean--verified-entry.gen.dfyImpl___module.__default.va__lemma__unstack__banked__regs.txt
building z3
done building z3 3.1
running mariposa
res: 1 
 out: [[[    2     2     2     2     2     2     2     2     2     2     2
       2     2     2     2     2     2     2     2     2     2     2
       2     2     2     2     2     2     2     2     2     2     2
       2     2     2     2     2     2     2     2     2     2     2
       2     2     2     2     2     2     2     2     2     2     2
       2     2     2     2     2     2]
  [25070 35338 35345 34842 36787 36686 35367 36376 36561 33275 34039
   35960 33099 33309 35863 35725 31391 36915 35447 36598 36443 36767
   36282 38855 32972 35885 33862 36197 38329 38204 31839 37961 35910
   34556 35119 36065 35275 35366 36260 38069 36410 35243 39134 40333
   36018 38244 33522 37054 35536 32770 34709 36436 41303 34977 38090
   36309 34454 32430 37339 25867 31308]]

 [[    2     2     2     2     2     2     2     2     2     2     2
       2     2     2     2     2     2     2     2     2     2     2
       2     2     2     2     2     2     2     2     2     2     2
       2     2     2     2     2     2     2     2     2     2     2
       2     2     2     2     2     2     2     2     2     2     2
       2     2     2     2     2     2]
  [25070 39988 37568 40897 32040 42314 44032 39378 40967 42673 42134
   32750 38183 38723 37217 41072 43633 47113 50996 40308 53826 44247
   46208 41407 40710 40996 39496 42963 33643 36699 38130 34862 40635
   36094 44257 44673 41948 36282 41464 42381 33610 38975 35404 41153
   48228 41163 42928 39217 35738 36426 43411 32462 37120 40041 36813
   39902 46805 37890 45634 39825 44368]]

 [[    2     2     2     2     2     2     2     3     2     2     2
       2     2     2     2     2     2     2     2     2     2     2
       2     2     2     2     2     3     2     3     2     2     2
       2     2     2     2     2     2     2     2     2     3     2
       2     2     3     2     2     2     2     3     2     2     2
       2     2     2     2     2     2]
  [25070 38813 39146 39268 47793 51052 52559 60017 46520 48124 52841
   41323 46754 57767 55183 35412 40873 42100 40554 47541 35959 38490
   43815 42623 36276 48808 56392 60024 44081 60018 52381 36525 55954
   46598 48276 41262 39232 40167 37254 46873 43134 38660 60018 40487
   56438 48333 60023 39941 33139 50433 40909 60017 40280 45775 44087
   45937 52786 46712 51767 38622 45279]]]
unstable
 
 err: 
done running mariposa 1103.9
Bisecting: 3 revisions left to test after this (roughly 2 steps)
[42a1926cbb14a44dbbb7e25ff2d3afda806f5502] update readme
running python3 /home/yizhou7/mariposa/scripts/z3-bisect.py /home/yizhou7/mariposa/data/bisect_tasks/d_komodo_z3_clean--verified-entry.gen.dfyImpl___module.__default.va__lemma__unstack__banked__regs.txt
building z3
done building z3 3.0
running mariposa
res: 0 
 out: [[[    2     2     2     2     2     2     2     2     2     2     2
       2     2     2     2     2     2     2     2     2     2     2
       2     2     2     2     2     2     2     2     2     2     2
       2     2     2     2     2     2     2     2     2     2     2
       2     2     2     2     2     2     2     2     2     2     2
       2     2     2     2     2     2]
  [24428 35757 35603 35248 35693 36804 35324 36329 36771 33346 34091
   36721 32213 34913 33233 35736 32142 37238 35948 36238 35293 36646
   36106 39626 33173 35949 33214 36286 38610 36870 33003 37980 36065
   34120 35157 36101 34607 34905 36604 36463 38853 35264 39199 38954
   36253 38250 33876 37108 36133 32502 33572 36481 34327 41265 38638
   36167 35137 32998 38369 25059 31188]]

 [[    2     2     2     2     2     2     2     2     2     2     2
       2     2     2     2     2     2     2     2     2     2     2
       2     2     2     2     2     2     2     2     2     2     2
       2     2     2     2     2     2     2     2     2     2     2
       2     2     2     2     2     2     2     2     2     2     2
       2     2     2     2     2     2]
  [24428 35979 40526 40892 33221 41485 44011 40275 40152 42151 42099
   33050 38733 38596 36878 41049 46074 51690 44694 41584 52222 43480
   45866 41832 39835 41780 38991 33542 43646 36070 37384 40201 35674
   37051 44145 43604 43095 35469 41005 42539 34559 39029 39851 35810
   48494 41103 42540 40314 35421 36401 32672 43627 36288 39903 37895
   39580 46718 37623 45948 39865 43648]]

 [[    2     2     2     2     2     2     2     3     2     2     2
       2     2     2     2     2     2     2     2     2     2     2
       2     2     2     2     2     2     2     3     2     2     2
       2     2     2     2     2     2     2     2     2     3     2
       2     3     2     2     2     2     2     3     2     2     2
       2     2     2     2     2     2]
  [24428 38772 38989 40957 47598 50054 50404 60015 46249 48729 40208
   52874 46417 59238 55697 35584 40990 40950 39708 49222 36605 37819
   42772 44308 37292 51074 59047 56481 42149 60020 52359 36728 57065
   48147 48309 39598 39528 39152 37359 42879 48116 37171 60019 39706
   57526 60021 38436 49237 32743 52114 41256 60018 39658 46216 45841
   50915 44346 51989 48459 38472 45212]]]
stable
 
 err: 
done running mariposa 1103.2
Bisecting: 1 revision left to test after this (roughly 1 step)
[07472d25637be307bdd6d23ec2568ba3b88e3ef1] Update README.md
running python3 /home/yizhou7/mariposa/scripts/z3-bisect.py /home/yizhou7/mariposa/data/bisect_tasks/d_komodo_z3_clean--verified-entry.gen.dfyImpl___module.__default.va__lemma__unstack__banked__regs.txt
building z3
done building z3 3.1
running mariposa
res: 0 
 out: [[[    2     2     2     2     2     2     2     2     2     2     2
       2     2     2     2     2     2     2     2     2     2     2
       2     2     2     2     2     2     2     2     2     2     2
       2     2     2     2     2     2     2     2     2     2     2
       2     2     2     2     2     2     2     2     2     2     2
       2     2     2     2     2     2]
  [24551 34825 35826 34979 35629 33954 37246 35991 37458 33721 34135
   35888 32317 33426 34969 35768 31647 38157 35675 36298 36507 35660
   36400 38788 34057 36084 33347 36426 38008 37159 32282 38505 36637
   33777 35354 36164 34401 35645 37077 36129 37653 35532 39051 39287
   36425 33301 39096 37166 35014 32765 34825 36154 34487 38046 41902
   36574 34294 31909 39336 24832 31776]]

 [[    2     2     2     2     2     2     2     2     2     2     2
       2     2     2     2     2     2     2     2     2     2     2
       2     2     2     2     2     2     2     2     2     2     2
       2     2     2     2     2     2     2     2     2     2     2
       2     2     2     2     2     2     2     2     2     2     2
       2     2     2     2     2     2]
  [24551 39819 35984 41372 33234 42561 43904 40658 39396 41047 42117
   33402 38619 39095 36878 41852 50634 46095 44067 40565 53598 43802
   46981 39959 41484 41688 38288 34959 42783 36661 35180 38232 39917
   35947 43433 45384 42917 35627 40473 43061 33464 39389 40399 34845
   42645 49507 41790 39064 34995 36617 42753 32385 36269 40613 36771
   39632 47107 39032 46381 39503 43670]]

 [[    2     2     2     2     2     2     2     3     2     2     2
       2     2     2     2     2     2     2     2     2     2     2
       2     2     2     2     2     2     2     3     2     2     2
       2     2     2     2     2     2     2     2     2     3     2
       2     2     3     2     2     2     2     3     2     2     2
       2     2     2     2     2     2]
  [24551 39238 39278 40409 47419 49687 50937 60015 46808 47859 40080
   54862 46566 57893 54196 35437 41903 39905 42497 49077 36058 38052
   43285 42367 36977 50178 58446 59478 42490 60017 51825 37883 56170
   46080 48929 39977 38991 39165 37615 46749 43872 37012 60019 39562
   56928 38386 60025 48153 32380 51548 41438 60018 39792 45564 45469
   51298 44004 53273 48251 38703 44716]]]
stable
 
 err: 
done running mariposa 1102.9
Bisecting: 0 revisions left to test after this (roughly 0 steps)
[06ee09a11325470730d522f2b0fbf0914a2894a3] Update README.md
running python3 /home/yizhou7/mariposa/scripts/z3-bisect.py /home/yizhou7/mariposa/data/bisect_tasks/d_komodo_z3_clean--verified-entry.gen.dfyImpl___module.__default.va__lemma__unstack__banked__regs.txt
building z3
done building z3 3.0
running mariposa
res: 1 
 out: [[[    2     2     2     2     2     2     2     2     2     2     2
       2     2     2     2     2     2     2     2     2     2     2
       2     2     2     2     2     2     2     2     2     2     2
       2     2     2     2     2     2     2     2     2     2     2
       2     2     2     2     2     2     2     2     2     2     2
       2     2     2     2     2     2]
  [24463 35069 35183 35121 36346 34029 37789 36730 36820 33099 33881
   36403 32802 33468 35866 34991 30984 37470 35400 36741 37266 36629
   35432 37934 33736 36053 33673 37877 37666 36898 31554 38804 35995
   33992 35382 36380 34167 36397 37118 38185 36563 34218 39544 35817
   39195 34096 39293 38435 34922 32940 33708 35489 35422 39299 41680
   36450 33875 33308 38603 24794 30438]]

 [[    2     2     2     2     2     2     2     2     2     2     2
       2     2     2     2     2     2     2     2     2     2     2
       2     2     2     2     2     2     2     2     2     2     2
       2     2     2     2     2     2     2     2     2     2     2
       2     2     2     2     2     2     2     2     2     2     2
       2     2     2     2     2     2]
  [24463 36573 40041 40619 32155 42409 45177 40320 39918 41286 42544
   32676 37966 38743 37899 40979 46634 44891 51167 52744 40009 44890
   45716 41977 41022 41026 38308 43329 33707 35593 36333 38394 40291
   36128 43504 44878 41753 37007 40254 43324 33602 39257 40253 34765
   48033 42542 41967 39365 35237 36673 32538 43587 37305 39512 37318
   38855 47009 38327 47448 38519 44850]]

 [[    2     2     2     2     2     2     2     3     2     2     2
       2     2     2     2     2     2     2     2     2     2     2
       2     2     2     2     3     2     2     3     2     2     2
       2     2     2     2     2     2     2     2     2     3     2
       2     2     3     2     2     2     2     3     2     2     2
       2     2     2     2     2     2]
  [24463 39207 39347 39490 47903 49951 51438 60017 46101 47047 39943
   52609 47331 58567 55023 35097 42391 40911 40595 47854 36363 38836
   43186 42449 36866 49171 60023 56325 42134 60019 53228 37830 46190
   56508 48422 39819 38721 39933 38218 46955 43282 37077 60018 56262
   40298 38504 60023 48089 50687 33235 41659 60019 40992 45365 44754
   43953 51088 52908 47772 39589 44203]]]
unstable
 
 err: 
done running mariposa 1102.7
06ee09a11325470730d522f2b0fbf0914a2894a3 is the first bad commit
commit 06ee09a11325470730d522f2b0fbf0914a2894a3
Author: Nikolaj Bjorner <nbjorner@microsoft.com>
Date:   Fri Jul 26 17:56:54 2019 -0700

    Update README.md

 README.md | 4 ++--
 1 file changed, 2 insertions(+), 2 deletions(-)
bisect run success
git bisect start
# good: [e79542cc689d52ec4cb34ce4ae3fbe56e7a0bf70] fix #2309
git bisect good e79542cc689d52ec4cb34ce4ae3fbe56e7a0bf70
# bad: [ad55a1f1c617a7f0c3dd735c0780fc758424c7f1] Update release.yml for Azure Pipelines
git bisect bad ad55a1f1c617a7f0c3dd735c0780fc758424c7f1
# skip: [e2702f3ae88f5c48a55f4473bb5c29184c182634] fixes in assigning constraints to intervals
git bisect skip e2702f3ae88f5c48a55f4473bb5c29184c182634
# skip: [1915812f84cf41a5f232eedf2a695a54d055aa88] add a test for intervals
git bisect skip 1915812f84cf41a5f232eedf2a695a54d055aa88
# bad: [8faf35e2e0c8fce99794e71bd3b5de74b95ceb5a] fix #3735
git bisect bad 8faf35e2e0c8fce99794e71bd3b5de74b95ceb5a
# skip: [d1a5635b4ad7f8632356b380f3a9b1fc83fdb04f] better model based lemmaas
git bisect skip d1a5635b4ad7f8632356b380f3a9b1fc83fdb04f
# skip: [0a86bd14f792ef5fadb8eeb346729a612f7e1588] start on test nla
git bisect skip 0a86bd14f792ef5fadb8eeb346729a612f7e1588
# bad: [f7747d9e76bd685a02ce5c5fbda91fc356856b5e] fix parameter collection for tactic-based solvers reported in #3065
git bisect bad f7747d9e76bd685a02ce5c5fbda91fc356856b5e
# skip: [0644194fc96a853df44c37f9e4522796aa40add8] work on lemma from product to factors, and some renaming
git bisect skip 0644194fc96a853df44c37f9e4522796aa40add8
# bad: [0321312c8db1d3f0edbd23e6e48884fbb7d77d1d] Changed to get_const_interp to match Java and C# bindings
git bisect bad 0321312c8db1d3f0edbd23e6e48884fbb7d77d1d
# good: [6e637348826f0725ba8a01c455448023ca2889e4] Merge pull request #2368 from waywardmonkeys/fix-typo
git bisect good 6e637348826f0725ba8a01c455448023ca2889e4
# bad: [892aa126605d8cf9a1696af1add6cb30435fb1e0] Fix for fp.rem. Fixes #2381.
git bisect bad 892aa126605d8cf9a1696af1add6cb30435fb1e0
# good: [2eea7709e06c357fb84798ae52a6690231e74e7b] Merge pull request #2438 from agurfinkel/issue_2430
git bisect good 2eea7709e06c357fb84798ae52a6690231e74e7b
# bad: [90415a18d330d3a6066e589aaf20f1c2cc9435f6] fix build of test
git bisect bad 90415a18d330d3a6066e589aaf20f1c2cc9435f6
# bad: [3f032e85e0339ca73718db431d91849d1fe8c530] remove include of thread
git bisect bad 3f032e85e0339ca73718db431d91849d1fe8c530
# bad: [2bd8d3b4852765cdd92abd7db6331fc5bac8fb5d] fixes for input4/5 #2416
git bisect bad 2bd8d3b4852765cdd92abd7db6331fc5bac8fb5d
# good: [42a1926cbb14a44dbbb7e25ff2d3afda806f5502] update readme
git bisect good 42a1926cbb14a44dbbb7e25ff2d3afda806f5502
# good: [07472d25637be307bdd6d23ec2568ba3b88e3ef1] Update README.md
git bisect good 07472d25637be307bdd6d23ec2568ba3b88e3ef1
# bad: [06ee09a11325470730d522f2b0fbf0914a2894a3] Update README.md
git bisect bad 06ee09a11325470730d522f2b0fbf0914a2894a3
# first bad commit: [06ee09a11325470730d522f2b0fbf0914a2894a3] Update README.md
