running python3 /home/yizhou7/mariposa/scripts/z3-bisect.py /home/yizhou7/mariposa/data/bisect_tasks/d_komodo_z3_clean--verified-stop.gen.dfyImpl___module.__default.va__lemma__kom__smc__stop.txt
building z3
Bisecting: 1453 revisions left to test after this (roughly 11 steps)
[1915812f84cf41a5f232eedf2a695a54d055aa88] add a test for intervals
running python3 /home/yizhou7/mariposa/scripts/z3-bisect.py /home/yizhou7/mariposa/data/bisect_tasks/d_komodo_z3_clean--verified-stop.gen.dfyImpl___module.__default.va__lemma__kom__smc__stop.txt
building z3
Bisecting: 1453 revisions left to test after this (roughly 11 steps)
[8faf35e2e0c8fce99794e71bd3b5de74b95ceb5a] fix #3735
running python3 /home/yizhou7/mariposa/scripts/z3-bisect.py /home/yizhou7/mariposa/data/bisect_tasks/d_komodo_z3_clean--verified-stop.gen.dfyImpl___module.__default.va__lemma__kom__smc__stop.txt
building z3
done building z3 3.3
running mariposa
res: 1 
 out: [[[    2     3     3     2     3     2     2     2     2     2     2
       2     3     2     2     3     2     3     3     3     2     2
       2     2     2     2     3     2     3     2     3     3     2
       2     3     2     3     3     2     3     2     3     3     2
       2     2     2     3     2     2     3     2     3     3     3
       3     3     3     2     2     3]
  [52620 60016 60018 55091 60017 31850 37082 30630 38023 35650 34047
   35498 60016 32809 38289 60019 34104 60015 60017 60016 32202 38628
   42802 39790 29707 31835 60016 29122 60019 39672 60017 60016 30648
   34655 60017 58286 60016 60015 27151 60017 31446 60017 60017 28885
   27460 27056 30396 60015 34365 29233 60018 29804 60016 60016 60016
   60015 60014 60014 40231 27960 60015]]

 [[    2     2     2     3     2     3     3     3     2     3     3
       3     3     3     3     3     3     2     2     3     3     2
       3     2     2     3     2     2     3     2     2     3     2
       3     2     2     2     3     3     2     2     2     2     3
       2     2     3     3     3     3     3     2     3     2     2
       2     2     2     2     3     3]
  [52620 32081 39326 60016 33314 60014 60014 60018 57836 60015 60017
   60018 60016 60016 60013 60015 60016 36924 32693 60019 60019 36244
   60016 32989 31025 60016 35379 28065 60017 33233 29351 60017 31083
   60016 36518 50609 33377 60017 60018 33931 31853 34576 38568 60016
   28834 32303 60019 60016 60016 60017 60016 31628 60016 28562 35881
   30270 45558 30431 39493 60016 60016]]

 [[    2     2     2     2     3     3     3     3     3     3     3
       2     2     3     3     2     3     2     3     3     3     2
       3     2     2     2     3     3     2     2     2     2     2
       2     3     2     3     3     3     3     2     3     2     3
       2     3     2     2     3     3     2     3     3     3     3
       3     3     2     2     3     3]
  [52620 28962 29813 34555 60019 60015 60023 60014 60016 60016 60016
   38970 43710 60017 60018 31776 60016 33621 60016 60016 60015 56023
   60015 39690 32774 50551 60018 60016 43000 48308 35142 35609 52426
   30014 60016 39388 60018 60016 60017 60017 60017 60016 36335 60018
   31354 60020 34857 43298 60016 60017 41425 60016 60016 60017 60015
   60018 60016 38125 46497 60016 60016]]]
unstable
 
 err: 
done running mariposa 1342.0
Bisecting: 1254 revisions left to test after this (roughly 10 steps)
[d1a5635b4ad7f8632356b380f3a9b1fc83fdb04f] better model based lemmaas
running python3 /home/yizhou7/mariposa/scripts/z3-bisect.py /home/yizhou7/mariposa/data/bisect_tasks/d_komodo_z3_clean--verified-stop.gen.dfyImpl___module.__default.va__lemma__kom__smc__stop.txt
building z3
Bisecting: 1254 revisions left to test after this (roughly 10 steps)
[0a86bd14f792ef5fadb8eeb346729a612f7e1588] start on test nla
running python3 /home/yizhou7/mariposa/scripts/z3-bisect.py /home/yizhou7/mariposa/data/bisect_tasks/d_komodo_z3_clean--verified-stop.gen.dfyImpl___module.__default.va__lemma__kom__smc__stop.txt
building z3
Bisecting: 1254 revisions left to test after this (roughly 10 steps)
[f7747d9e76bd685a02ce5c5fbda91fc356856b5e] fix parameter collection for tactic-based solvers reported in #3065
running python3 /home/yizhou7/mariposa/scripts/z3-bisect.py /home/yizhou7/mariposa/data/bisect_tasks/d_komodo_z3_clean--verified-stop.gen.dfyImpl___module.__default.va__lemma__kom__smc__stop.txt
building z3
done building z3 3.3
running mariposa
res: 1 
 out: [[[    2     2     3     2     3     3     2     3     2     2     3
       3     2     2     3     2     3     3     3     3     2     3
       2     2     3     3     2     2     3     2     3     3     3
       3     3     2     3     3     3     2     2     3     3     3
       3     2     2     2     2     2     3     2     2     3     3
       3     3     3     3     2     2]
  [56005 28393 60016 29963 60016 60017 38567 60016 30069 30806 60018
   60016 36351 52016 60016 28833 60016 60016 60017 60017 33709 60019
   48087 34054 60018 60016 30024 32298 60017 34684 60016 60016 60016
   60015 60016 37563 60017 60017 60018 30105 31140 60016 60016 60016
   60016 36866 33745 47946 32147 33637 60015 31657 28419 60016 60015
   60015 60015 60017 60016 43224 57146]]

 [[    2     2     2     2     2     3     2     3     3     3     3
       2     2     2     3     2     3     3     2     2     2     2
       3     2     2     3     3     2     2     3     3     3     2
       2     2     2     2     3     2     3     2     2     3     2
       2     3     3     3     2     3     3     2     3     3     2
       3     3     2     3     3     3]
  [56005 34149 26940 29062 30758 60017 39217 60019 60016 60017 60017
   35158 30176 39929 60015 38205 60016 60017 32806 34476 34063 40655
   60017 58687 39282 60016 60016 36321 32749 60017 60016 60016 35101
   31270 27310 33729 33691 60015 34599 60017 28661 32248 60018 35284
   34726 60017 60016 60017 30064 60018 60015 37217 60017 60017 39273
   60016 60018 33473 60014 60018 60016]]

 [[    2     2     2     2     3     3     3     3     2     3     2
       2     3     2     3     2     2     2     3     2     3     2
       3     3     3     2     3     3     2     3     3     2     3
       2     3     3     2     2     3     3     3     3     2     3
       2     3     2     3     2     3     2     2     2     3     2
       3     2     3     3     2     3]
  [56005 29213 38136 45698 60015 60015 60015 60017 36690 60016 34640
   37765 60016 43091 60015 31361 30275 37864 60015 39935 60016 31985
   60017 60016 60020 34049 60016 60017 43057 60017 60016 39998 60017
   44993 60016 60020 32658 33512 60019 60018 60015 60015 33377 60016
   32332 60016 36744 60020 59724 60016 38936 38545 28244 60017 35349
   60016 43982 60016 60016 50382 60016]]]
unstable
 
 err: 
done running mariposa 1356.5
Bisecting: 1034 revisions left to test after this (roughly 10 steps)
[0644194fc96a853df44c37f9e4522796aa40add8] work on lemma from product to factors, and some renaming
running python3 /home/yizhou7/mariposa/scripts/z3-bisect.py /home/yizhou7/mariposa/data/bisect_tasks/d_komodo_z3_clean--verified-stop.gen.dfyImpl___module.__default.va__lemma__kom__smc__stop.txt
building z3
Bisecting: 1034 revisions left to test after this (roughly 10 steps)
[0321312c8db1d3f0edbd23e6e48884fbb7d77d1d] Changed to get_const_interp to match Java and C# bindings
running python3 /home/yizhou7/mariposa/scripts/z3-bisect.py /home/yizhou7/mariposa/data/bisect_tasks/d_komodo_z3_clean--verified-stop.gen.dfyImpl___module.__default.va__lemma__kom__smc__stop.txt
building z3
done building z3 3.2
running mariposa
res: 1 
 out: [[[    2     2     2     2     3     2     2     2     2     3     2
       2     2     3     2     3     3     2     3     3     3     2
       2     3     3     2     3     2     3     3     2     2     2
       3     3     3     2     3     3     2     3     3     2     2
       2     2     3     2     3     2     3     2     2     2     2
       2     2     3     3     3     3]
  [45585 32873 33627 32518 60017 35174 37679 30933 29323 60016 37967
   30669 35184 60016 41136 60018 60015 29601 60017 60017 60016 31136
   31975 60018 60016 39393 60018 28342 60016 60018 34731 39911 40285
   60019 60016 60016 33784 60016 60016 35241 60020 60018 38952 39314
   32604 40041 60016 35784 60016 57147 60015 36930 27868 58574 31258
   29665 34424 60016 60016 60014 60017]]

 [[    2     2     2     2     2     3     3     3     2     3     3
       2     2     2     2     3     3     3     2     2     2     2
       3     3     2     3     3     2     3     2     3     3     2
       2     2     3     2     3     3     3     2     2     3     3
       2     2     3     3     3     3     2     3     2     2     3
       2     3     3     3     3     3]
  [45585 32979 32141 29902 56620 60018 60017 60016 31598 60017 60016
   33885 36060 31560 38967 60017 60018 60016 33766 37015 32174 37117
   60020 60016 35721 60016 60018 36899 60016 33510 60018 60018 38053
   54639 37968 60018 35345 60015 60016 60016 33030 28929 60016 60019
   29390 34718 60016 60016 60016 60018 33760 60015 28304 34914 60017
   47307 60020 60016 60017 60016 60016]]

 [[    2     2     2     2     3     3     3     3     2     3     3
       2     2     2     3     2     2     2     3     3     3     2
       2     2     3     3     3     3     3     3     3     2     2
       3     2     2     2     2     3     2     3     2     3     3
       3     2     2     3     3     3     2     3     2     3     2
       2     2     3     3     3     2]
  [45585 33747 33707 44286 60017 60015 60014 60016 37759 60017 60015
   35637 40750 43211 60016 29533 51724 42831 60020 60015 60015 36877
   33235 31796 60016 60016 60017 60016 60019 60015 60016 35626 37044
   60016 39502 38253 32124 33781 60017 44335 60019 59860 60015 60017
   60017 30932 37382 60015 60015 60016 32715 60019 47371 60018 49041
   58806 37595 60019 60015 60019 38775]]]
unstable
 
 err: 
done running mariposa 1319.4
Bisecting: 261 revisions left to test after this (roughly 8 steps)
[6e637348826f0725ba8a01c455448023ca2889e4] Merge pull request #2368 from waywardmonkeys/fix-typo
running python3 /home/yizhou7/mariposa/scripts/z3-bisect.py /home/yizhou7/mariposa/data/bisect_tasks/d_komodo_z3_clean--verified-stop.gen.dfyImpl___module.__default.va__lemma__kom__smc__stop.txt
building z3
done building z3 3.2
running mariposa
res: 1 
 out: [[[    2     2     2     2     2     2     3     3     2     2     3
       3     2     3     2     3     3     3     2     2     2     3
       3     3     2     2     2     3     2     2     3     3     2
       2     2     3     2     2     2     2     2     3     2     2
       3     2     3     3     2     3     2     2     3     3     2
       3     3     3     3     3     2]
  [52516 34675 30852 34884 33102 39164 60018 60016 57527 37264 60016
   60018 28345 60018 37113 60017 60016 60017 28652 26261 28426 60018
   60018 60017 29145 32464 31559 60017 39213 37175 60015 60017 34436
   32038 33215 60017 36493 58732 26011 35137 35557 60016 30192 28338
   60016 46625 60017 60016 30285 60018 39437 31075 60016 60015 30298
   60016 60016 60016 60017 60018 58474]]

 [[    2     2     2     3     2     2     3     3     2     2     3
       2     2     3     2     2     3     2     3     3     2     2
       2     2     2     3     3     2     2     3     3     2     3
       3     3     3     3     2     3     3     2     2     3     2
       3     3     2     2     2     3     2     2     2     3     3
       2     2     3     2     2     3]
  [52516 32649 28455 60017 32659 35650 60017 60017 35099 38398 60018
   26502 32818 60016 28522 34625 60018 31780 60017 60017 31658 44773
   32606 33578 31391 60016 60015 55781 36906 60016 60016 40712 60017
   60016 60015 60020 60016 29277 60016 60018 25213 59523 60015 31305
   60015 60016 31563 37654 50631 60018 35572 50934 41050 60016 60018
   39449 30912 60019 33811 33179 60015]]

 [[    2     3     3     3     3     3     3     3     2     2     2
       3     3     3     3     3     3     2     2     3     3     3
       3     3     3     3     3     2     3     2     2     3     3
       2     2     3     2     2     3     2     2     3     3     3
       2     2     2     2     3     3     3     2     3     2     3
       3     3     3     2     3     3]
  [52516 60015 60015 60015 60016 60019 60014 60019 30971 33296 37383
   60016 60015 60014 60015 60017 60017 35184 36373 60016 60018 60018
   60016 60017 60016 60015 60016 41232 60016 34064 37059 60016 60016
   34351 59270 60017 32739 36608 60018 52385 42689 60018 60015 60016
   41623 40072 31178 42882 60018 60017 60017 32932 60017 33095 60017
   60017 60019 60017 39811 60018 60017]]]
unstable
 
 err: 
done running mariposa 1345.1
Bisecting: 130 revisions left to test after this (roughly 7 steps)
[9b4f327e29de8eadd112e53af5a8fb9f430fabf7] set upload mode to replace
running python3 /home/yizhou7/mariposa/scripts/z3-bisect.py /home/yizhou7/mariposa/data/bisect_tasks/d_komodo_z3_clean--verified-stop.gen.dfyImpl___module.__default.va__lemma__kom__smc__stop.txt
building z3
done building z3 3.2
running mariposa
res: 0 
 out: [[[    2     2     2     2     2     2     2     2     2     2     2
       2     2     2     2     2     2     2     2     2     2     2
       2     2     2     2     2     2     2     2     2     2     2
       2     2     2     2     2     2     2     2     2     2     2
       2     2     2     2     2     2     2     2     2     2     2
       2     2     2     2     2     2]
  [ 7299 12224 12222 10950 12286 12485 12236 11035 11574 11894 12087
   11028 13099 12659 11936 12084 11796 12103 12178 11799 10950 12002
   12795 11972 12069 12666 13248 11463 11058 12021 11948 12205 12072
   12028 14439 11290 12135 12441 12174 12089 12184 12498 11665 10826
   12357 11101 11328 12449 12968 11870 13366 12878 12443 12635 11841
   14225 10389 10247 10590 10656 11190]]

 [[    2     2     2     2     2     2     2     2     2     2     2
       2     2     2     2     2     2     2     2     2     2     2
       2     2     2     2     2     2     2     2     2     2     2
       2     2     2     2     2     2     2     2     2     2     2
       2     2     2     2     2     2     2     2     2     2     2
       2     2     2     2     2     2]
  [ 7299 11820 12075 12100 11497 11625 13057 11848 11632 11634 12299
   12106 12771 11734 11569 12112 12361 12312 11414 11744 11774 12354
   11939 12643 12208 11614 12186 12153 12105 11720 12646 11527 11943
   13462 12193 11693 11885 12291 12905 11668 12400 11776 11455 12081
   12007 12609 11962 12045 12175 12294 12386 11425 12175 11619 12896
   11886 12211 11943 11412 13025 12713]]

 [[    2     2     2     2     2     2     2     2     2     2     2
       2     2     2     2     2     2     2     2     2     2     2
       2     2     2     2     2     2     2     2     2     2     2
       2     2     2     2     2     2     2     2     2     2     2
       2     2     2     2     2     2     2     2     2     2     2
       2     2     2     2     2     2]
  [ 7299 10880 11085 11441 11583 12477 12533 12951 11574 11269 11314
   13116 11879 12400 12118 11221 11921 10296 10759 12161 10460 11061
    9677 11050 11005 11145 10533 12063 12361  9664 10891 11252 11233
   11250 11406 10927 10845 12649 10934 11184 11557 11154 11401 11084
   11629 11125 11619 10527 11721 11575 11572 12156 12092 12286  9931
   11890 10540 12722 10642 10578 13265]]]
stable
 
 err: 
done running mariposa 329.0
Bisecting: 65 revisions left to test after this (roughly 6 steps)
[42ac3a536369a7d4a7eafa1fa15b571b146ba594] merge with csp
running python3 /home/yizhou7/mariposa/scripts/z3-bisect.py /home/yizhou7/mariposa/data/bisect_tasks/d_komodo_z3_clean--verified-stop.gen.dfyImpl___module.__default.va__lemma__kom__smc__stop.txt
building z3
done building z3 3.2
running mariposa
res: 0 
 out: [[[    2     2     2     2     2     2     2     2     2     2     2
       2     2     2     2     2     2     2     2     2     2     2
       2     2     2     2     2     2     2     2     2     2     2
       2     2     2     2     2     2     2     2     2     2     2
       2     2     2     2     2     2     2     2     2     2     2
       2     2     2     2     2     2]
  [ 7215 12404 11998 10921 12425 12572 12061 11695 11068 12079 12863
   11079 11963 12685 12256 12223 12317 12073 11781 11518 10951 12064
   11750 11866 12945 13605 12758 11619 10887 11886 12079 12014 12250
   12170 14463 11278 12505 12494 12041 11839 12117 12441 11650 11141
   12569 11173 11372 12452 12747 11959 13400 12949 12763 12758 11798
   13970 10303 10475 10449 10810 11406]]

 [[    2     2     2     2     2     2     2     2     2     2     2
       2     2     2     2     2     2     2     2     2     2     2
       2     2     2     2     2     2     2     2     2     2     2
       2     2     2     2     2     2     2     2     2     2     2
       2     2     2     2     2     2     2     2     2     2     2
       2     2     2     2     2     2]
  [ 7215 12126 12305 12113 11364 11588 11536 13104 11649 11636 12488
   12272 12723 11636 12144 11695 12252 12120 11547 11795 12079 12230
   11934 12575 12011 11731 12034 12240 11742 12416 12394 11537 11715
   13346 11802 12397 11898 12301 13027 11569 12113 11563 11954 12203
   12024 12629 11880 11843 12245 12393 12400 11451 12184 12718 11834
   11549 12324 11954 11440 12855 12776]]

 [[    2     2     2     2     2     2     2     2     2     2     2
       2     2     2     2     2     2     2     2     2     2     2
       2     2     2     2     2     2     2     2     2     2     2
       2     2     2     2     2     2     2     2     2     2     2
       2     2     2     2     2     2     2     2     2     2     2
       2     2     2     2     2     2]
  [ 7215 10900 11169 11479 11565 12392 12546 12903 11281 11383 11692
   13188 12037 11939 12500 11482 11966 10262 12055 10799 10708 11005
    9655 11167 11046 11221 10348 12124 12559  9579 11095 11256 11227
   11280 11129 11043 12422 10975 11032 11476 11580 10953 11285 11462
   11195 10525 11592 11375 11888 11373 11604 12153 10589 11931 12327
   10051 12101 12670 10657 10622 12931]]]
stable
 
 err: 
done running mariposa 329.7
Bisecting: 32 revisions left to test after this (roughly 5 steps)
[b4290d4b3d7c021965e9ce7ee636caac0f9cac74] python regression
running python3 /home/yizhou7/mariposa/scripts/z3-bisect.py /home/yizhou7/mariposa/data/bisect_tasks/d_komodo_z3_clean--verified-stop.gen.dfyImpl___module.__default.va__lemma__kom__smc__stop.txt
building z3
done building z3 3.2
running mariposa
res: 1 
 out: [[[    2     2     3     2     2     3     3     3     2     2     3
       3     3     2     3     2     2     3     3     2     3     3
       2     2     3     2     3     3     2     3     2     3     3
       2     3     3     3     2     3     3     3     2     2     2
       3     3     3     3     3     2     2     3     2     3     2
       2     2     2     2     3     3]
  [53353 36418 60016 34420 43011 60015 60017 60016 42466 48690 60015
   60015 60016 40443 60015 40706 57055 60015 60015 29584 60015 60016
   50269 34307 60017 44687 60016 60016 38911 60017 48998 60015 60017
   41570 60017 60017 60015 49855 60017 60015 60015 48901 45693 44146
   60016 60016 60015 60016 60017 40580 34413 60017 43488 60016 39024
   34596 49384 34788 36999 60016 60017]]

 [[    2     2     3     2     2     3     3     2     2     3     3
       2     3     3     2     2     3     2     2     3     3     2
       2     2     3     2     2     3     3     3     2     2     3
       2     2     2     2     3     3     3     3     3     2     3
       3     3     2     3     2     3     3     3     3     2     2
       2     3     2     3     2     2]
  [53353 39860 60016 37810 42997 60017 60016 36373 32799 60017 60015
   37969 60016 60015 33201 33652 60016 32474 40515 60015 60015 39567
   30630 30265 60015 32849 37912 60016 60017 60017 50111 32380 60017
   36064 31969 33777 47657 60015 60016 60019 60016 60015 43192 60015
   60015 60016 48682 60015 29646 60015 60015 60015 60016 35416 39613
   33978 60018 41736 60015 35043 40343]]

 [[    2     2     2     2     3     3     3     3     2     3     2
       3     2     2     3     2     3     3     3     3     3     3
       2     2     2     2     3     3     3     3     2     2     2
       2     3     2     3     2     3     3     2     3     3     2
       3     2     3     2     2     3     2     2     3     3     3
       3     2     2     2     2     3]
  [53353 35405 38928 48650 60016 60013 60013 60014 35066 60016 36653
   60016 39220 39980 60015 31500 60015 60015 60016 60015 60016 60016
   32375 38494 34108 42451 60015 60018 60015 60016 39384 49939 32202
   35911 60016 44656 60015 40497 60015 60014 32477 60016 60016 42688
   60016 37524 60016 44321 37410 60015 52252 32157 60017 60015 60018
   60016 43079 33772 33642 32728 60015]]]
unstable
 
 err: 
done running mariposa 1386.3
Bisecting: 16 revisions left to test after this (roughly 4 steps)
[0f7ff2a3d016ce6cc0dcc2654a6aa0187bc55192] swap
running python3 /home/yizhou7/mariposa/scripts/z3-bisect.py /home/yizhou7/mariposa/data/bisect_tasks/d_komodo_z3_clean--verified-stop.gen.dfyImpl___module.__default.va__lemma__kom__smc__stop.txt
building z3
done building z3 3.1
running mariposa
res: 1 
 out: [[[    3     3     3     3     3     3     3     3     3     3     3
       3     3     3     3     3     3     3     3     3     3     3
       3     3     3     3     3     3     3     3     3     3     3
       3     3     3     3     3     3     3     3     3     3     3
       3     3     3     3     3     3     3     3     3     3     3
       3     3     3     3     3     3]
  [60013 60016 60012 60011 60011 60014 60011 60015 60018 60016 60014
   60015 60014 60012 60013 60015 60014 60015 60015 60011 60015 60015
   60011 60012 60011 60013 60014 60013 60012 60012 60011 60014 60014
   60011 60018 60016 60016 60020 60011 60014 60012 60015 60014 60014
   60012 60014 60013 60013 60011 60015 60015 60014 60014 60012 60014
   60015 60014 60014 60014 60013 60012]]

 [[    3     3     3     3     3     3     3     3     3     3     3
       3     3     3     3     3     3     3     3     3     3     3
       3     3     3     3     3     3     3     3     3     3     3
       3     3     3     3     3     3     3     3     3     3     3
       3     3     3     3     3     3     3     3     3     3     3
       3     3     3     3     3     3]
  [60013 60011 60011 60015 60016 60012 60013 60015 60015 60013 60014
   60014 60011 60013 60011 60011 60012 60012 60015 60011 60012 60012
   60011 60012 60015 60015 60012 60014 60012 60011 60014 60014 60015
   60012 60020 60015 60011 60013 60017 60015 60012 60011 60012 60014
   60014 60013 60012 60013 60014 60011 60014 60014 60011 60014 60013
   60011 60014 60015 60011 60010 60011]]

 [[    3     3     3     3     3     3     3     3     3     3     3
       3     3     3     3     3     3     3     3     3     3     3
       3     3     3     3     3     3     3     3     3     3     3
       3     3     3     3     3     3     3     3     3     3     3
       3     3     3     3     3     3     3     3     3     3     3
       3     3     3     3     3     3]
  [60013 60012 60015 60015 60013 60015 60012 60014 60012 60015 60016
   60012 60011 60012 60016 60012 60012 60015 60012 60014 60012 60013
   60012 60012 60015 60015 60011 60014 60015 60012 60015 60013 60014
   60015 60014 60013 60016 60012 60016 60015 60015 60011 60015 60015
   60015 60012 60015 60013 60013 60014 60015 60015 60015 60013 60012
   60014 60012 60014 60012 60013 60015]]]
unsolvable
 
 err: 
done running mariposa 1633.9
Bisecting: 7 revisions left to test after this (roughly 3 steps)
[d17248821ad047f889237ce20b6bdaa1465ceff9] include chronological backtracking, two-phase sat, xor inprocessing, probsat, ddfw
running python3 /home/yizhou7/mariposa/scripts/z3-bisect.py /home/yizhou7/mariposa/data/bisect_tasks/d_komodo_z3_clean--verified-stop.gen.dfyImpl___module.__default.va__lemma__kom__smc__stop.txt
building z3
done building z3 3.1
running mariposa
res: 0 
 out: [[[    2     2     2     2     2     2     2     2     2     2     2
       2     2     2     2     2     2     2     2     2     2     2
       2     2     2     2     2     2     2     2     2     2     2
       2     2     2     2     2     2     2     2     2     2     2
       2     2     2     2     2     2     2     2     2     2     2
       2     2     2     2     2     2]
  [ 7226 12113 10989 12346 12375 12656 12149 11061 11694 11863 12890
   12011 11229 12838 12096 11861 12156 11611 12089 12156 11074 11975
   12809 11883 11946 11475 13414 12927 11018 12018 12179 11979 11970
   12132 14289 11382 12295 12573 11964 12105 12414 12286 11878 10947
   12413 11286 11276 12451 12730 11890 13183 13213 12748 12650 11878
   13888 10383 10247 10348 10941 11409]]

 [[    2     2     2     2     2     2     2     2     2     2     2
       2     2     2     2     2     2     2     2     2     2     2
       2     2     2     2     2     2     2     2     2     2     2
       2     2     2     2     2     2     2     2     2     2     2
       2     2     2     2     2     2     2     2     2     2     2
       2     2     2     2     2     2]
  [ 7226 12073 11888 12373 11567 11652 12976 11571 11651 11803 12188
   12775 11732 12351 11573 12124 12337 12076 11372 11915 11849 12302
   11900 12624 12036 11794 12186 12158 12144 11801 12359 11557 13374
   12004 12236 11758 11808 12264 13030 11674 11807 11506 12459 12114
   12598 12230 11842 11891 12281 12285 12497 11411 12159 11775 11657
   13055 12190 12104 11464 12731 12738]]

 [[    2     2     2     2     2     2     2     2     2     2     2
       2     2     2     2     2     2     2     2     2     2     2
       2     2     2     2     2     2     2     2     2     2     2
       2     2     2     2     2     2     2     2     2     2     2
       2     2     2     2     2     2     2     2     2     2     2
       2     2     2     2     2     2]
  [ 7226 11029 11106 11485 11461 12174 12627 13207 11609 11340 11401
   12924 11784 12363 11968 11635 11908 10289 10783 12067 11018 10480
    9740 10960 11031 10336 11296 11949 12443  9689 11184 11150 11235
   11296 11124 11065 12615 11049 10960 11127 10895 11548 11391 11786
   11158 11523 11129 10741 11732 11283 11564 12029 10630 12040 12234
   12038 10179 10633 10534 12719 13045]]]
stable
 
 err: 
done running mariposa 329.3
Bisecting: 3 revisions left to test after this (roughly 2 steps)
[ec1653fdff146ff8d1b3b2281e875494f4fc3a96] Merge pull request #2345 from schedutron/master
running python3 /home/yizhou7/mariposa/scripts/z3-bisect.py /home/yizhou7/mariposa/data/bisect_tasks/d_komodo_z3_clean--verified-stop.gen.dfyImpl___module.__default.va__lemma__kom__smc__stop.txt
building z3
done building z3 3.1
running mariposa
res: 0 
 out: [[[    2     2     2     2     2     2     2     2     2     2     2
       2     2     2     2     2     2     2     2     2     2     2
       2     2     2     2     2     2     2     2     2     2     2
       2     2     2     2     2     2     2     2     2     2     2
       2     2     2     2     2     2     2     2     2     2     2
       2     2     2     2     2     2]
  [ 7308 12028 12310 12280 11005 12459 12037 11570 11118 13080 12170
   10937 11905 12652 12203 11901 12112 12146 11997 11872 10922 11998
   12912 11889 11905 13285 12957 11391 10989 11919 12137 12001 12011
   14368 12153 11299 12378 12795 11939 11907 12065 12454 11648 12402
   11135 11105 11497 12422 12763 11974 13237 13212 12446 12668 11900
   14186 10315 10315 10491 10724 11235]]

 [[    2     2     2     2     2     2     2     2     2     2     2
       2     2     2     2     2     2     2     2     2     2     2
       2     2     2     2     2     2     2     2     2     2     2
       2     2     2     2     2     2     2     2     2     2     2
       2     2     2     2     2     2     2     2     2     2     2
       2     2     2     2     2     2]
  [ 7308 12067 12174 11875 11516 11719 11601 12943 11574 11666 12254
   12193 12816 11734 12119 11815 12335 12246 11583 11782 11820 12083
   11950 12646 12350 11659 12000 12173 12602 11669 12072 11791 11709
   13330 12345 11734 11880 12684 12626 11480 12228 11926 11518 12116
   12740 12321 11737 11895 12225 12213 12424 11504 12203 12685 11651
   11905 12369 11977 11566 12813 12715]]

 [[    2     2     2     2     2     2     2     2     2     2     2
       2     2     2     2     2     2     2     2     2     2     2
       2     2     2     2     2     2     2     2     2     2     2
       2     2     2     2     2     2     2     2     2     2     2
       2     2     2     2     2     2     2     2     2     2     2
       2     2     2     2     2     2]
  [ 7308 10941 11249 11487 11558 12483 12492 12859 11336 11369 11746
   12871 11823 12096 12611 11336 10282 10770 11863 12063 10474 11295
    9627 11009 11083 11321 10489 12005 12362  9622 10976 11129 11284
   11503 11254 10986 12398 10838 10919 11219 11199 11743 11390 11568
   11099 11538 11048 10522 11884 11646 11648 12149 12313 11994 11874
   10034 10464 10574 12790 10773 13296]]]
stable
 
 err: 
done running mariposa 329.2
Bisecting: 1 revision left to test after this (roughly 1 step)
[f3b79087eef389011fa90eefcf64b987bed54a9d] add default tactic as option to overwrite the behavior of strategic solver factory
running python3 /home/yizhou7/mariposa/scripts/z3-bisect.py /home/yizhou7/mariposa/data/bisect_tasks/d_komodo_z3_clean--verified-stop.gen.dfyImpl___module.__default.va__lemma__kom__smc__stop.txt
building z3
done building z3 3.1
running mariposa
res: 1 
 out: [[[    3     3     3     3     3     3     3     3     3     3     3
       3     3     3     3     3     3     3     3     3     3     3
       3     3     3     3     3     3     3     3     3     3     3
       3     3     3     3     3     3     3     3     3     3     3
       3     3     3     3     3     3     3     3     3     3     3
       3     3     3     3     3     3]
  [60016 60017 60013 60012 60012 60012 60013 60012 60016 60019 60017
   60016 60013 60024 60012 60012 60013 60017 60015 60011 60016 60017
   60013 60013 60012 60015 60012 60012 60012 60013 60013 60016 60013
   60013 60017 60015 60019 60013 60013 60016 60015 60018 60016 60017
   60016 60017 60012 60015 60012 60017 60019 60012 60014 60013 60017
   60014 60017 60019 60016 60018 60011]]

 [[    3     3     3     3     3     3     3     3     3     3     3
       3     3     3     3     3     3     3     3     3     3     3
       3     3     3     3     3     3     3     3     3     3     3
       3     3     3     3     3     3     3     3     3     3     3
       3     3     3     3     3     3     3     3     3     3     3
       3     3     3     3     3     3]
  [60016 60012 60013 60019 60017 60013 60015 60020 60016 60015 60012
   60013 60015 60012 60012 60012 60012 60013 60016 60012 60012 60012
   60012 60011 60015 60013 60017 60017 60016 60012 60016 60016 60012
   60018 60012 60017 60012 60013 60015 60012 60017 60012 60014 60015
   60012 60011 60013 60012 60013 60016 60017 60012 60012 60013 60012
   60013 60017 60015 60012 60011 60011]]

 [[    3     3     3     3     3     3     3     3     3     3     3
       3     3     3     3     3     3     3     3     3     3     3
       3     3     3     3     3     3     3     3     3     3     3
       3     3     3     3     3     3     3     3     3     3     3
       3     3     3     3     3     3     3     3     3     3     3
       3     3     3     3     3     3]
  [60016 60013 60015 60019 60013 60016 60019 60013 60013 60015 60017
   60019 60013 60012 60013 60012 60012 60012 60014 60013 60013 60015
   60013 60013 60013 60013 60012 60012 60012 60012 60018 60013 60012
   60012 60015 60016 60016 60013 60014 60016 60014 60014 60017 60016
   60016 60013 60012 60015 60017 60017 60014 60014 60013 60015 60013
   60014 60012 60018 60013 60012 60014]]]
unsolvable
 
 err: 
done running mariposa 1634.0
Bisecting: 0 revisions left to test after this (roughly 0 steps)
[1e770af1cc04f85a8d7a990ba0c9c4e433b83fa8] local sort
running python3 /home/yizhou7/mariposa/scripts/z3-bisect.py /home/yizhou7/mariposa/data/bisect_tasks/d_komodo_z3_clean--verified-stop.gen.dfyImpl___module.__default.va__lemma__kom__smc__stop.txt
building z3
done building z3 3.1
running mariposa
res: 1 
 out: [[[    3     3     3     3     3     3     3     3     3     3     3
       3     3     3     3     3     3     3     3     3     3     3
       3     3     3     3     3     3     3     3     3     3     3
       3     3     3     3     3     3     3     3     3     3     3
       3     3     3     3     3     3     3     3     3     3     3
       3     3     3     3     3     3]
  [60016 60018 60012 60012 60012 60016 60012 60012 60017 60015 60016
   60016 60018 60012 60012 60018 60012 60017 60013 60015 60016 60018
   60017 60017 60015 60013 60012 60014 60013 60013 60012 60016 60012
   60012 60016 60016 60019 60016 60012 60016 60018 60016 60017 60012
   60015 60015 60016 60017 60011 60017 60020 60013 60016 60012 60016
   60016 60016 60017 60019 60017 60011]]

 [[    3     3     3     3     3     3     3     3     3     3     3
       3     3     3     3     3     3     3     3     3     3     3
       3     3     3     3     3     3     3     3     3     3     3
       3     3     3     3     3     3     3     3     3     3     3
       3     3     3     3     3     3     3     3     3     3     3
       3     3     3     3     3     3]
  [60016 60012 60013 60017 60013 60018 60012 60020 60015 60016 60015
   60013 60016 60012 60012 60012 60012 60011 60016 60016 60015 60011
   60012 60011 60015 60013 60015 60018 60012 60012 60017 60015 60013
   60016 60017 60017 60012 60012 60014 60013 60016 60012 60018 60014
   60014 60012 60012 60012 60012 60012 60017 60014 60011 60012 60012
   60012 60018 60016 60012 60015 60012]]

 [[    3     3     3     3     3     3     3     3     3     3     3
       3     3     3     3     3     3     3     3     3     3     3
       3     3     3     3     3     3     3     3     3     3     3
       3     3     3     3     3     3     3     3     3     3     3
       3     3     3     3     3     3     3     3     3     3     3
       3     3     3     3     3     3]
  [60016 60013 60013 60017 60015 60015 60020 60012 60019 60017 60014
   60014 60012 60012 60017 60013 60018 60012 60017 60014 60016 60017
   60012 60013 60013 60014 60014 60012 60019 60013 60017 60013 60016
   60015 60017 60015 60016 60014 60013 60017 60014 60013 60019 60018
   60016 60013 60016 60012 60016 60017 60015 60019 60013 60016 60012
   60012 60013 60018 60013 60012 60016]]]
unsolvable
 
 err: 
done running mariposa 1633.8
1e770af1cc04f85a8d7a990ba0c9c4e433b83fa8 is the first bad commit
commit 1e770af1cc04f85a8d7a990ba0c9c4e433b83fa8
Author: Nikolaj Bjorner <nbjorner@microsoft.com>
Date:   Fri Jun 14 09:29:41 2019 -0700

    local sort
    
    Signed-off-by: Nikolaj Bjorner <nbjorner@microsoft.com>

:040000 040000 0a3c7d7a39c8bafde7c0d96e40f38d5126f0b425 d2abe755e1f95482eb3e83cc96b729db2bab8fda M	src
bisect run success
git bisect start
# good: [e79542cc689d52ec4cb34ce4ae3fbe56e7a0bf70] fix #2309
git bisect good e79542cc689d52ec4cb34ce4ae3fbe56e7a0bf70
# bad: [ad55a1f1c617a7f0c3dd735c0780fc758424c7f1] Update release.yml for Azure Pipelines
git bisect bad ad55a1f1c617a7f0c3dd735c0780fc758424c7f1
# skip: [e2702f3ae88f5c48a55f4473bb5c29184c182634] fixes in assigning constraints to intervals
git bisect skip e2702f3ae88f5c48a55f4473bb5c29184c182634
# skip: [1915812f84cf41a5f232eedf2a695a54d055aa88] add a test for intervals
git bisect skip 1915812f84cf41a5f232eedf2a695a54d055aa88
# bad: [8faf35e2e0c8fce99794e71bd3b5de74b95ceb5a] fix #3735
git bisect bad 8faf35e2e0c8fce99794e71bd3b5de74b95ceb5a
# skip: [d1a5635b4ad7f8632356b380f3a9b1fc83fdb04f] better model based lemmaas
git bisect skip d1a5635b4ad7f8632356b380f3a9b1fc83fdb04f
# skip: [0a86bd14f792ef5fadb8eeb346729a612f7e1588] start on test nla
git bisect skip 0a86bd14f792ef5fadb8eeb346729a612f7e1588
# bad: [f7747d9e76bd685a02ce5c5fbda91fc356856b5e] fix parameter collection for tactic-based solvers reported in #3065
git bisect bad f7747d9e76bd685a02ce5c5fbda91fc356856b5e
# skip: [0644194fc96a853df44c37f9e4522796aa40add8] work on lemma from product to factors, and some renaming
git bisect skip 0644194fc96a853df44c37f9e4522796aa40add8
# bad: [0321312c8db1d3f0edbd23e6e48884fbb7d77d1d] Changed to get_const_interp to match Java and C# bindings
git bisect bad 0321312c8db1d3f0edbd23e6e48884fbb7d77d1d
# bad: [6e637348826f0725ba8a01c455448023ca2889e4] Merge pull request #2368 from waywardmonkeys/fix-typo
git bisect bad 6e637348826f0725ba8a01c455448023ca2889e4
# good: [9b4f327e29de8eadd112e53af5a8fb9f430fabf7] set upload mode to replace
git bisect good 9b4f327e29de8eadd112e53af5a8fb9f430fabf7
# good: [42ac3a536369a7d4a7eafa1fa15b571b146ba594] merge with csp
git bisect good 42ac3a536369a7d4a7eafa1fa15b571b146ba594
# bad: [b4290d4b3d7c021965e9ce7ee636caac0f9cac74] python regression
git bisect bad b4290d4b3d7c021965e9ce7ee636caac0f9cac74
# bad: [0f7ff2a3d016ce6cc0dcc2654a6aa0187bc55192] swap
git bisect bad 0f7ff2a3d016ce6cc0dcc2654a6aa0187bc55192
# good: [d17248821ad047f889237ce20b6bdaa1465ceff9] include chronological backtracking, two-phase sat, xor inprocessing, probsat, ddfw
git bisect good d17248821ad047f889237ce20b6bdaa1465ceff9
# good: [ec1653fdff146ff8d1b3b2281e875494f4fc3a96] Merge pull request #2345 from schedutron/master
git bisect good ec1653fdff146ff8d1b3b2281e875494f4fc3a96
# bad: [f3b79087eef389011fa90eefcf64b987bed54a9d] add default tactic as option to overwrite the behavior of strategic solver factory
git bisect bad f3b79087eef389011fa90eefcf64b987bed54a9d
# bad: [1e770af1cc04f85a8d7a990ba0c9c4e433b83fa8] local sort
git bisect bad 1e770af1cc04f85a8d7a990ba0c9c4e433b83fa8
# first bad commit: [1e770af1cc04f85a8d7a990ba0c9c4e433b83fa8] local sort
