running python3 /home/yizhou7/mariposa/scripts/z3-bisect.py /home/yizhou7/mariposa/data/bisect_tasks/d_komodo_z3_clean--verified-svc_handlers.gen.dfyImpl___module.__default.va__lemma__get__cur__addrspace.txt
building z3
Bisecting: 1453 revisions left to test after this (roughly 11 steps)
[1915812f84cf41a5f232eedf2a695a54d055aa88] add a test for intervals
running python3 /home/yizhou7/mariposa/scripts/z3-bisect.py /home/yizhou7/mariposa/data/bisect_tasks/d_komodo_z3_clean--verified-svc_handlers.gen.dfyImpl___module.__default.va__lemma__get__cur__addrspace.txt
building z3
Bisecting: 1453 revisions left to test after this (roughly 11 steps)
[8faf35e2e0c8fce99794e71bd3b5de74b95ceb5a] fix #3735
running python3 /home/yizhou7/mariposa/scripts/z3-bisect.py /home/yizhou7/mariposa/data/bisect_tasks/d_komodo_z3_clean--verified-svc_handlers.gen.dfyImpl___module.__default.va__lemma__get__cur__addrspace.txt
building z3
done building z3 3.5
running mariposa
res: 1 
 out: [[[    2     2     2     2     2     2     2     2     2     2     2
       2     2     2     2     2     2     2     2     2     2     2
       2     2     2     2     2     2     2     2     2     2     2
       2     2     2     2     2     2     2     2     2     2     2
       2     2     2     2     2     2     2     2     2     2     2
       2     2     2     2     2     2]
  [20862 26309 26146 25236 28476 30766 27599 27623 25668 30195 28369
   27162 27240 28168 27121 29651 25853 29304 25484 27600 26403 27693
   25137 28370 26562 30248 26669 28572 26634 27985 30063 27186 26794
   29733 30096 29237 25913 53575 31497 29083 28572 28075 29159 33306
   26892 29913 31950 31274 24213 29017 30260 26165 28797 27808 27077
   26593 26538 27508 25087 24734 28560]]

 [[    2     2     2     2     2     2     2     2     2     2     2
       2     2     2     2     2     3     2     2     2     2     2
       2     2     2     2     2     2     2     2     2     2     2
       2     2     2     2     2     2     2     2     2     2     2
       2     2     2     2     2     2     2     2     2     2     2
       2     2     2     2     2     2]
  [20862 30157 30157 36450 28872 23651 37710 37025 28430 31686 29291
   30326 26173 29819 34625 24495 60016 32718 30147 33203 34289 23695
   29134 26810 32767 35052 30490 27948 30952 30725 34871 30908 30687
   28163 32324 29241 26500 31074 36037 24482 28562 33838 30424 22022
   35272 27045 37501 31344 45944 39823 29463 31092 34560 26871 27346
   31526 30118 26524 33487 25494 26797]]

 [[    2     2     2     2     2     2     2     2     3     2     2
       2     2     2     2     2     2     2     3     2     2     2
       2     2     2     2     2     2     2     2     2     2     2
       2     2     2     2     2     2     2     2     2     2     2
       2     2     2     2     2     2     2     2     2     2     2
       2     2     3     3     3     3]
  [20862 27831 28050 29578 33941 38303 47200 27406 60018 32278 35321
   34995 34596 32664 20708 25294 36383 36364 60020 36055 28375 30736
   36995 32784 40779 29739 37866 30104 36797 28454 27389 38404 33429
   38969 32479 37656 26137 36418 45834 29777 36123 32344 31039 23739
   34675 30108 33566 33256 26770 34091 27353 29407 33552 36389 36596
   38469 27190 60017 60018 60019 60017]]]
unstable
 
 err: 
done running mariposa 876.7
Bisecting: 1254 revisions left to test after this (roughly 10 steps)
[d1a5635b4ad7f8632356b380f3a9b1fc83fdb04f] better model based lemmaas
running python3 /home/yizhou7/mariposa/scripts/z3-bisect.py /home/yizhou7/mariposa/data/bisect_tasks/d_komodo_z3_clean--verified-svc_handlers.gen.dfyImpl___module.__default.va__lemma__get__cur__addrspace.txt
building z3
Bisecting: 1254 revisions left to test after this (roughly 10 steps)
[0a86bd14f792ef5fadb8eeb346729a612f7e1588] start on test nla
running python3 /home/yizhou7/mariposa/scripts/z3-bisect.py /home/yizhou7/mariposa/data/bisect_tasks/d_komodo_z3_clean--verified-svc_handlers.gen.dfyImpl___module.__default.va__lemma__get__cur__addrspace.txt
building z3
Bisecting: 1254 revisions left to test after this (roughly 10 steps)
[f7747d9e76bd685a02ce5c5fbda91fc356856b5e] fix parameter collection for tactic-based solvers reported in #3065
running python3 /home/yizhou7/mariposa/scripts/z3-bisect.py /home/yizhou7/mariposa/data/bisect_tasks/d_komodo_z3_clean--verified-svc_handlers.gen.dfyImpl___module.__default.va__lemma__get__cur__addrspace.txt
building z3
done building z3 3.5
running mariposa
res: 1 
 out: [[[    2     2     2     2     2     2     2     2     2     2     2
       2     2     2     2     2     2     2     2     2     2     2
       2     2     2     2     2     2     2     2     2     2     2
       2     2     2     2     2     2     2     2     2     2     2
       2     2     2     2     2     2     2     2     2     2     2
       2     2     2     2     2     2]
  [27414 35211 47891 36923 36392 37055 36738 42557 36449 39536 38102
   39511 41001 37524 40921 35662 44372 38700 34940 41091 37028 41634
   34721 36262 39844 40387 35815 42499 37632 38488 41827 38769 34249
   36617 39126 39359 41477 35386 37797 36284 45857 37264 38489 36176
   36808 41759 35575 38139 42186 37481 36908 39732 38432 38385 37990
   39483 33676 36038 32442 33152 31817]]

 [[    2     2     2     2     2     2     2     2     2     2     2
       2     2     2     2     2     2     2     2     2     2     2
       2     2     2     2     2     2     2     2     2     2     2
       2     2     2     2     2     2     2     2     2     2     2
       2     2     2     2     2     2     2     2     2     2     2
       2     2     2     2     2     2]
  [27414 28865 26622 29164 39863 28561 30942 26639 27451 20677 29163
   26405 31309 27357 28668 25901 37714 34315 28326 22579 30178 45715
   24534 19709 32075 29506 31449 36339 31214 28970 28828 33359 27581
   45425 26721 29730 31455 28631 33908 34379 29006 39324 24131 29968
   27015 35362 24759 34230 27005 25587 31315 35010 49767 38503 29071
   26761 21069 29500 28904 27256 34919]]

 [[    2     2     2     2     2     2     2     2     3     2     2
       2     2     2     2     2     3     2     2     2     2     2
       2     2     2     2     2     2     2     2     2     2     2
       2     2     2     2     2     2     2     2     2     2     2
       2     2     2     2     2     2     2     2     2     2     2
       2     3     2     3     3     3]
  [27414 28041 28937 30770 32333 35696 35948 29356 60019 32403 31383
   34479 35613 30380 25103 30800 60018 36547 34422 40834 28407 32646
   32322 37564 37565 36936 28097 31346 32728 29749 33035 38664 31523
   40191 30703 34690 31229 35674 35996 32758 33902 35920 23204 31983
   33061 32296 29050 31359 31477 30528 34618 30066 36701 42756 35555
   29353 60018 39780 60018 60018 60019]]]
unstable
 
 err: 
done running mariposa 965.5
Bisecting: 1034 revisions left to test after this (roughly 10 steps)
[0644194fc96a853df44c37f9e4522796aa40add8] work on lemma from product to factors, and some renaming
running python3 /home/yizhou7/mariposa/scripts/z3-bisect.py /home/yizhou7/mariposa/data/bisect_tasks/d_komodo_z3_clean--verified-svc_handlers.gen.dfyImpl___module.__default.va__lemma__get__cur__addrspace.txt
building z3
Bisecting: 1034 revisions left to test after this (roughly 10 steps)
[0321312c8db1d3f0edbd23e6e48884fbb7d77d1d] Changed to get_const_interp to match Java and C# bindings
running python3 /home/yizhou7/mariposa/scripts/z3-bisect.py /home/yizhou7/mariposa/data/bisect_tasks/d_komodo_z3_clean--verified-svc_handlers.gen.dfyImpl___module.__default.va__lemma__get__cur__addrspace.txt
building z3
done building z3 3.4
running mariposa
res: 1 
 out: [[[    2     2     2     2     2     2     2     2     2     2     2
       2     2     2     2     2     2     2     2     2     2     2
       2     2     2     2     2     2     2     2     2     2     2
       2     2     2     2     2     2     2     2     2     2     2
       2     2     2     2     2     2     2     2     2     2     2
       2     2     2     2     2     2]
  [26087 34757 33003 43309 36017 36421 40433 35819 38592 35939 40024
   35457 33842 37284 35106 33242 31696 32841 35804 38811 40750 36461
   35314 36019 37954 36906 34242 35141 37867 36102 43679 36612 37894
   34506 35139 42947 34322 39342 33133 32602 33991 41284 34295 32022
   31747 35516 33264 33514 40158 33524 35343 35760 39708 33907 33727
   38220 33284 33325 25741 32483 31096]]

 [[    2     2     2     2     2     2     2     2     2     2     2
       2     2     2     2     2     2     2     2     2     2     2
       2     2     2     2     2     2     2     2     2     2     2
       2     2     2     2     2     2     2     2     2     2     2
       2     2     2     2     2     2     2     2     2     2     2
       2     2     2     2     2     2]
  [26087 25492 30716 21524 31869 29654 26675 33396 30167 25278 31409
   39837 26930 35565 28416 39662 27666 25343 32381 37068 24971 30838
   24774 27279 27968 29601 33285 26405 29068 33335 22603 33692 40449
   30815 29216 30282 25389 26336 34684 25585 29614 29253 28708 26095
   50859 25840 34796 22919 23241 28502 35516 23521 42423 30576 31719
   28343 22516 26697 29794 27933 31123]]

 [[    2     2     2     2     2     2     2     2     2     3     2
       2     2     2     2     2     2     3     2     2     2     2
       2     2     3     2     2     2     2     2     2     2     2
       2     2     2     2     2     2     2     2     3     2     2
       2     2     2     2     2     2     2     2     2     2     2
       2     2     3     3     3     3]
  [26087 23375 28365 32787 35762 41391 43363 31373 25745 60017 25798
   34989 40135 29085 26629 28872 40692 60019 46829 26517 38321 40115
   32349 34878 60018 31277 57303 39264 35237 20679 36926 28581 27131
   42007 31929 22489 45532 41109 34295 39481 38537 60017 27870 37740
   29397 27194 35458 35576 34168 25643 35899 33474 35746 45885 34834
   49043 33547 60016 60018 60018 60016]]]
unstable
 
 err: 
done running mariposa 959.1
Bisecting: 261 revisions left to test after this (roughly 8 steps)
[6e637348826f0725ba8a01c455448023ca2889e4] Merge pull request #2368 from waywardmonkeys/fix-typo
running python3 /home/yizhou7/mariposa/scripts/z3-bisect.py /home/yizhou7/mariposa/data/bisect_tasks/d_komodo_z3_clean--verified-svc_handlers.gen.dfyImpl___module.__default.va__lemma__get__cur__addrspace.txt
building z3
done building z3 3.4
running mariposa
res: 0 
 out: [[[    2     2     2     2     2     2     2     2     2     2     2
       2     2     2     2     2     2     2     2     2     2     2
       2     2     2     2     2     2     2     2     2     2     2
       2     2     2     2     2     2     2     2     2     2     2
       2     2     2     2     2     2     2     2     2     2     2
       2     2     2     2     2     2]
  [14743 27010 24952 30266 29266 25319 26890 26326 27112 27220 31658
   25331 24617 27847 25329 26414 26805 27056 25628 33750 25850 26882
   27424 25343 24897 25258 26300 27547 27702 26326 26394 23714 27632
   28473 29687 25149 29508 28760 24663 28601 24120 25008 25876 25640
   27390 25555 25226 24902 25669 24029 28040 29755 25994 26073 28007
   25516 26814 25082 33174 24357 21335]]

 [[    2     2     2     2     2     2     2     2     2     2     2
       2     2     2     2     2     2     2     2     2     2     2
       2     2     2     2     2     2     2     2     2     2     2
       2     2     2     2     2     2     2     2     2     2     2
       2     2     2     2     2     2     2     2     2     2     2
       2     2     2     2     2     2]
  [14743 25587 26663 27354 23837 24271 27919 25440 30931 33649 32251
   28023 30579 28050 36643 33554 28734 27090 26312 42720 31860 38671
   27760 27697 19308 29109 37468 31112 28905 29570 22051 36206 24998
   26255 26458 33747 25311 46908 30596 25620 27615 34632 29531 15208
   39445 31632 28033 33495 33089 34245 28037 28063 31533 30598 44746
   28434 34996 29073 26570 30113 30269]]

 [[    2     2     2     2     2     2     2     3     2     2     2
       2     2     2     2     3     2     2     2     2     2     2
       2     2     2     2     2     2     2     2     2     2     2
       2     2     2     2     2     3     2     2     2     2     2
       2     2     2     2     2     2     2     2     2     2     2
       2     2     3     2     3     2]
  [14743 33529 35818 36853 37177 38373 38533 60017 27299 26711 30289
   33345 35518 32883 36105 60017 33497 34597 36527 40079 21095 28334
   27600 42684 42143 35500 32783 31917 40136 52183 31951 34624 28311
   28901 39986 51280 27737 32441 60021 34068 33258 36138 33736 27370
   34876 32956 36256 37783 33838 35589 43318 40236 29501 37206 39197
   44045 26640 60018 46613 60017 41538]]]
stable
 
 err: 
done running mariposa 869.2
Bisecting: 130 revisions left to test after this (roughly 7 steps)
[892aa126605d8cf9a1696af1add6cb30435fb1e0] Fix for fp.rem. Fixes #2381.
running python3 /home/yizhou7/mariposa/scripts/z3-bisect.py /home/yizhou7/mariposa/data/bisect_tasks/d_komodo_z3_clean--verified-svc_handlers.gen.dfyImpl___module.__default.va__lemma__get__cur__addrspace.txt
building z3
done building z3 3.4
running mariposa
res: 1 
 out: [[[    2     2     2     2     2     2     2     2     2     2     2
       2     2     2     2     2     2     2     2     2     2     2
       2     2     2     2     2     2     2     2     2     2     2
       2     2     2     2     2     2     2     2     2     2     2
       2     2     2     2     2     2     2     2     2     2     2
       2     2     2     2     2     2]
  [18193 24030 26375 28334 27395 31700 24175 26380 26294 26458 26498
   28057 27423 22960 27868 28724 26086 28753 27248 27959 26359 28819
   27159 27468 33017 25054 27485 25845 29665 32366 30272 27025 28062
   28682 33071 27588 24953 27133 25070 26801 27112 26815 28980 30086
   26437 27980 29320 29236 24611 21415 22415 28962 27506 28669 29030
   27224 30195 25931 29072 27984 21585]]

 [[    2     2     2     2     2     2     2     2     2     2     2
       2     2     2     2     2     2     2     2     2     2     2
       2     2     2     2     2     2     2     2     2     2     2
       2     2     2     2     2     2     2     2     2     2     2
       2     2     2     2     2     2     2     2     2     2     2
       2     2     2     2     2     2]
  [18193 29635 29461 31647 24843 30153 36537 35632 24818 26853 25871
   22743 36770 36954 25810 26647 24720 27282 26843 51270 50218 31872
   26889 30570 28954 28225 28072 26548 28542 27379 26208 26636 31795
   34840 24367 37010 21159 28134 31292 37725 31101 35925 33033 25794
   32618 51712 29125 29301 45277 26065 27185 25375 27470 28284 37184
   25633 28490 32200 24007 30507 31842]]

 [[    2     2     2     2     2     2     2     2     3     2     2
       2     2     2     2     2     2     2     3     2     2     2
       2     2     3     2     3     2     2     2     2     2     2
       2     2     2     2     2     2     2     3     3     2     2
       2     2     2     2     2     2     2     2     2     2     2
       2     2     3     2     3     3]
  [18193 26766 28851 29055 29243 34853 49535 28823 60018 33794 33535
   34008 29818 31961 33675 37715 35706 37336 60017 51724 25433 40896
   36356 49064 60016 34940 60018 48123 32958 37232 35613 40045 28843
   46735 39325 37222 30385 38219 24636 35917 60018 60016 29252 45836
   38252 38148 33642 37515 33717 38775 45645 34889 39362 41089 30911
   45779 34784 60017 41147 60018 60017]]]
unstable
 
 err: 
done running mariposa 900.1
Bisecting: 64 revisions left to test after this (roughly 6 steps)
[2eea7709e06c357fb84798ae52a6690231e74e7b] Merge pull request #2438 from agurfinkel/issue_2430
running python3 /home/yizhou7/mariposa/scripts/z3-bisect.py /home/yizhou7/mariposa/data/bisect_tasks/d_komodo_z3_clean--verified-svc_handlers.gen.dfyImpl___module.__default.va__lemma__get__cur__addrspace.txt
building z3
done building z3 3.4
running mariposa
res: 0 
 out: [[[    2     2     2     2     2     2     2     2     2     2     2
       2     2     2     2     2     2     2     2     2     2     2
       2     2     2     2     2     2     2     2     2     2     2
       2     2     2     2     2     2     2     2     2     2     2
       2     2     2     2     2     2     2     2     2     2     2
       2     2     2     2     2     2]
  [14682 27026 25067 30334 29259 25596 26443 26756 26603 27202 31795
   25572 25401 23799 28163 26016 27478 27206 25232 26046 33565 27414
   26775 26206 24993 25336 26024 27584 27425 26359 26557 24518 27562
   28519 29213 29469 25528 28657 25149 24201 28423 25750 24223 26278
   27239 25291 25171 25359 25890 24230 29106 28334 25517 25885 27647
   25562 25449 27215 33390 24039 22079]]

 [[    2     2     2     2     2     2     2     2     2     2     2
       2     2     2     2     2     2     2     2     2     2     2
       2     2     2     2     2     2     2     2     2     2     2
       2     2     2     2     2     2     2     2     2     2     2
       2     2     2     2     2     2     2     2     2     2     2
       2     2     2     2     2     2]
  [14682 26175 26430 28336 23379 24028 27951 25181 30731 32683 34881
   28080 30629 28426 36814 32578 29377 27009 25826 32053 42711 27273
   39334 28165 19434 28466 37521 31407 28924 29568 22077 36839 25118
   33575 26532 26325 25620 45796 31869 26173 27722 34712 29887 15272
   39172 32120 28067 33694 32892 33872 27677 31164 32587 44109 27801
   28502 35133 29445 26017 30157 31081]]

 [[    2     2     2     2     2     2     2     3     2     2     2
       2     2     2     2     3     2     2     2     2     2     2
       2     2     2     2     2     2     2     2     2     2     2
       2     2     2     2     2     3     2     2     2     2     2
       2     2     2     2     2     2     2     2     2     2     2
       2     2     3     3     2     2]
  [14682 33770 35731 35788 37395 38816 39349 60016 27566 29859 27043
   33421 36324 32766 36834 60019 32906 35012 37584 39217 21247 28702
   27212 42156 43071 36590 31952 32425 40235 52003 31615 34703 28035
   28674 40010 52167 27774 33752 60019 33764 35525 33259 27289 33831
   34774 33440 36903 37887 33097 35696 43470 40635 30460 37029 39866
   43472 27541 60017 60018 46813 42092]]]
stable
 
 err: 
done running mariposa 870.7
Bisecting: 31 revisions left to test after this (roughly 5 steps)
[90415a18d330d3a6066e589aaf20f1c2cc9435f6] fix build of test
running python3 /home/yizhou7/mariposa/scripts/z3-bisect.py /home/yizhou7/mariposa/data/bisect_tasks/d_komodo_z3_clean--verified-svc_handlers.gen.dfyImpl___module.__default.va__lemma__get__cur__addrspace.txt
building z3
done building z3 3.3
running mariposa
res: 1 
 out: [[[    2     2     2     2     2     2     2     2     2     2     2
       2     2     2     2     2     2     2     2     2     2     2
       2     2     2     2     2     2     2     2     2     2     2
       2     2     2     2     2     2     2     2     2     2     2
       2     2     2     2     2     2     2     2     2     2     2
       2     2     2     2     2     2]
  [18264 24415 28317 25858 27158 30747 24582 26589 26660 26284 26328
   27931 27292 22753 27918 29065 28848 26759 27157 27667 26393 28847
   27682 27085 32956 24777 27294 25851 29247 33577 30192 26777 27915
   28866 31739 27417 25381 27542 25367 26612 26606 28262 27019 26399
   30785 28575 29028 29319 24989 28402 21633 22574 27372 29390 28972
   27398 26515 29436 28983 27983 21988]]

 [[    2     2     2     2     2     2     2     2     2     2     2
       2     2     2     2     2     2     2     2     2     2     2
       2     2     2     2     2     2     2     2     2     2     2
       2     2     2     2     2     2     2     2     2     2     2
       2     2     2     2     2     2     2     2     2     2     2
       2     2     2     2     2     2]
  [18264 29515 29774 30749 24711 30735 35945 25071 35527 26699 22858
   26015 36951 36698 24861 26155 25259 27327 26556 52045 50407 32046
   27022 30002 28509 28025 28937 26854 28456 26915 26105 32370 26115
   33960 25198 37086 21519 28397 31408 37458 35244 30788 33373 26382
   33357 52575 29321 29521 44290 26312 27581 24994 27714 28257 37381
   28042 26054 32070 23580 31562 32248]]

 [[    2     2     2     2     2     2     2     2     3     2     2
       2     2     2     2     2     2     2     3     2     2     2
       2     2     3     2     3     2     2     2     2     2     2
       2     2     2     2     2     2     2     3     2     2     2
       2     2     2     2     2     2     2     2     2     2     2
       2     2     3     2     3     3]
  [18264 26300 28809 29060 29347 34144 49574 28325 60020 33836 34126
   34582 30083 33767 32983 36799 35760 37546 60017 51576 26336 40441
   36152 50094 60018 34777 60019 48178 32817 37971 35620 28890 40726
   46486 38427 37417 31552 23899 38577 35060 60018 59423 29385 45558
   38943 37061 33431 36886 33897 45486 39000 34638 40444 40740 31377
   46016 33898 60017 41795 60020 60018]]]
unstable
 
 err: 
done running mariposa 901.0
Bisecting: 15 revisions left to test after this (roughly 4 steps)
[3f032e85e0339ca73718db431d91849d1fe8c530] remove include of thread
running python3 /home/yizhou7/mariposa/scripts/z3-bisect.py /home/yizhou7/mariposa/data/bisect_tasks/d_komodo_z3_clean--verified-svc_handlers.gen.dfyImpl___module.__default.va__lemma__get__cur__addrspace.txt
building z3
done building z3 3.4
running mariposa
res: 1 
 out: [[[    2     2     2     2     2     2     2     2     2     2     2
       2     2     2     2     2     2     2     2     2     2     2
       2     2     2     2     2     2     2     2     2     2     2
       2     2     2     2     2     2     2     2     2     2     2
       2     2     2     2     2     2     2     2     2     2     2
       2     2     2     2     2     2]
  [18233 24010 28207 26237 27353 31775 24363 26466 26373 26045 26544
   27474 28378 23047 28419 28768 26024 28522 27574 28193 26623 28843
   27377 27136 33057 25365 27015 26549 29418 32695 30793 26886 28133
   28757 27449 32315 25328 27158 25460 27149 26817 28184 26939 30151
   26617 28146 29391 29657 24861 21962 28345 22820 27673 28518 29115
   27150 27096 30233 29112 28434 21160]]

 [[    2     2     2     2     2     2     2     2     2     2     2
       2     2     2     2     2     2     2     2     2     2     2
       2     2     2     2     2     2     2     2     2     2     2
       2     2     2     2     2     2     2     2     2     2     2
       2     2     2     2     2     2     2     2     2     2     2
       2     2     2     2     2     2]
  [18233 29665 29953 30828 25579 30141 36244 24848 36246 26932 23121
   26590 37126 36701 24912 26272 25199 27753 26435 51834 50106 32873
   29841 29125 27360 27759 28051 27149 28397 27461 26520 32039 26019
   34517 24513 38023 21393 28271 31623 37271 35206 31341 33840 25869
   33184 29108 51230 29882 44694 25758 27569 24906 27252 28152 37185
   28342 26042 32843 23860 31877 31262]]

 [[    2     2     2     2     2     2     2     2     3     2     2
       2     2     2     2     2     2     2     3     2     2     2
       2     2     3     2     3     2     2     2     2     2     2
       2     2     2     2     2     2     2     3     3     2     2
       2     2     2     2     2     2     2     2     2     2     2
       2     2     3     2     3     3]
  [18233 26409 28478 28742 29432 34123 49303 28110 60019 34900 33670
   29611 34355 34327 32206 37119 35051 38487 60019 51275 25431 40376
   37192 49384 60017 34946 60019 48169 32567 38182 40160 35936 29692
   46524 38478 37335 30660 24000 39506 35092 60017 60015 45476 29486
   38189 38291 33233 33627 37421 38663 46408 35083 39427 40394 31094
   46677 33903 60018 42125 60019 60016]]]
unstable
 
 err: 
done running mariposa 901.9
Bisecting: 8 revisions left to test after this (roughly 3 steps)
[2bd8d3b4852765cdd92abd7db6331fc5bac8fb5d] fixes for input4/5 #2416
running python3 /home/yizhou7/mariposa/scripts/z3-bisect.py /home/yizhou7/mariposa/data/bisect_tasks/d_komodo_z3_clean--verified-svc_handlers.gen.dfyImpl___module.__default.va__lemma__get__cur__addrspace.txt
building z3
done building z3 3.4
running mariposa
res: 0 
 out: [[[    2     2     2     2     2     2     2     2     2     2     2
       2     2     2     2     2     2     2     2     2     2     2
       2     2     2     2     2     2     2     2     2     2     2
       2     2     2     2     2     2     2     2     2     2     2
       2     2     2     2     2     2     2     2     2     2     2
       2     2     2     2     2     2]
  [14213 27031 25683 31092 25469 29366 26196 27095 26085 27467 31934
   24861 25651 24619 28063 26272 27174 27121 26064 25638 27292 27032
   32955 25686 25385 25197 25632 27771 28378 26576 26399 23882 27654
   28060 28974 30147 29598 25501 24511 28588 24356 25173 24366 25679
   28186 25775 25267 25062 25666 28411 29627 24209 26043 25838 27409
   24656 25591 27350 34071 24245 21864]]

 [[    2     2     2     2     2     2     2     2     2     2     2
       2     2     2     2     2     2     2     2     2     2     2
       2     2     2     2     2     2     2     2     2     2     2
       2     2     2     2     2     2     2     2     2     2     2
       2     2     2     2     2     2     2     2     2     2     2
       2     2     2     2     2     2]
  [14213 25808 26357 27289 28313 24247 24500 24753 30749 33926 32365
   28803 28291 31308 36726 32347 28370 27114 26080 44135 32554 27410
   38649 27337 19977 29016 36557 31390 29427 29790 22474 35657 24430
   26227 26757 34240 26095 30805 45915 25942 27737 34449 29975 15461
   40206 31421 28124 34227 33140 33647 28443 31569 27710 30672 43936
   29235 35664 29785 25869 29744 30389]]

 [[    2     2     2     2     2     2     2     3     2     2     2
       2     2     2     2     2     3     2     2     2     2     2
       2     2     2     2     2     2     2     2     2     2     2
       2     2     2     2     2     3     2     2     2     2     2
       2     2     2     2     2     2     2     2     2     2     2
       2     2     3     2     3     2]
  [14213 33753 35611 36247 36830 37864 39704 60017 27180 26420 30140
   33242 35419 32907 36541 33176 60017 35344 36527 39550 21342 28360
   28103 42903 42359 36113 31983 40181 52164 32668 32139 34595 28172
   28291 40354 51051 27631 33729 60020 33378 33635 36457 33797 27156
   34406 32869 37110 37465 33309 35736 44229 40310 29998 37340 39455
   44324 26900 60016 46932 60018 41672]]]
stable
 
 err: 
done running mariposa 869.3
Bisecting: 3 revisions left to test after this (roughly 2 steps)
[04e0b767c300aec525493d4ab1a8dd5d8e3407f9] Fix sudoku Java example
running python3 /home/yizhou7/mariposa/scripts/z3-bisect.py /home/yizhou7/mariposa/data/bisect_tasks/d_komodo_z3_clean--verified-svc_handlers.gen.dfyImpl___module.__default.va__lemma__get__cur__addrspace.txt
building z3
done building z3 3.3
running mariposa
res: 0 
 out: [[[    2     2     2     2     2     2     2     2     2     2     2
       2     2     2     2     2     2     2     2     2     2     2
       2     2     2     2     2     2     2     2     2     2     2
       2     2     2     2     2     2     2     2     2     2     2
       2     2     2     2     2     2     2     2     2     2     2
       2     2     2     2     2     2]
  [14147 27245 25772 30627 29841 25319 25878 26943 26038 27486 31776
   25621 25194 27796 24109 26591 27011 27125 26931 25561 25379 33569
   27360 26209 25574 25316 27753 27457 25704 26082 26830 24231 27635
   28038 29219 29555 29599 25141 24821 25275 28630 24690 25671 24732
   27376 25059 25070 25395 25600 29604 24934 27688 25695 25769 27229
   24629 25931 26999 33817 24432 21571]]

 [[    2     2     2     2     2     2     2     2     2     2     2
       2     2     2     2     2     2     2     2     2     2     2
       2     2     2     2     2     2     2     2     2     2     2
       2     2     2     2     2     2     2     2     2     2     2
       2     2     2     2     2     2     2     2     2     2     2
       2     2     2     2     2     2]
  [14147 26146 26172 28364 23467 23923 28190 24910 30984 34912 33159
   27866 28089 30702 36798 32691 28902 27300 26266 31851 43942 27053
   38835 27907 19854 28269 37169 29303 31306 30140 22030 24735 35612
   34823 26807 26879 25479 45505 30753 26476 34699 27741 29802 15571
   39019 30971 33667 29238 32936 33364 27623 31362 28587 30583 44972
   29028 35297 28890 29675 25668 30364]]

 [[    2     2     2     2     2     2     2     3     2     2     2
       2     2     2     3     2     2     2     2     2     2     2
       2     2     2     2     2     2     2     2     2     2     2
       2     2     2     2     2     3     2     2     2     2     2
       2     2     2     2     2     2     2     2     2     2     2
       2     2     3     3     2     2]
  [14147 34058 35753 36600 36958 38214 38753 60015 27359 27237 29940
   33990 35955 33066 60017 36511 33778 34305 38965 37461 21358 28717
   27401 42815 42227 36576 32031 32275 40384 52490 31435 34633 28652
   28250 40348 51112 28587 32638 60020 33202 35549 33878 33763 27603
   34409 33340 36563 37564 33369 36211 42994 41037 30404 37217 39717
   43553 27541 60018 60017 46552 42449]]]
stable
 
 err: 
done running mariposa 869.3
Bisecting: 1 revision left to test after this (roughly 1 step)
[7f073a0585168821adbc8a4603a8e5964542a60f] fix #2452 fix #2451
running python3 /home/yizhou7/mariposa/scripts/z3-bisect.py /home/yizhou7/mariposa/data/bisect_tasks/d_komodo_z3_clean--verified-svc_handlers.gen.dfyImpl___module.__default.va__lemma__get__cur__addrspace.txt
building z3
done building z3 3.4
running mariposa
res: 1 
 out: [[[    2     2     2     2     2     2     2     2     2     2     2
       2     2     2     2     2     2     2     2     2     2     2
       2     2     2     2     2     2     2     2     2     2     2
       2     2     2     2     2     2     2     2     2     2     2
       2     2     2     2     2     2     2     2     2     2     2
       2     2     2     2     2     2]
  [18185 24021 28029 26661 27345 31462 24237 26880 25722 25976 26482
   29009 27186 28270 22466 28875 28811 25969 27858 27553 26774 29050
   28180 27096 32708 24989 26974 26386 29312 33739 29861 26881 28402
   28840 27426 32639 25580 27276 24895 27169 26450 28270 27806 26732
   30053 28278 29351 29350 24908 21697 22141 29039 27255 29156 29174
   27430 26063 29890 28989 28134 21846]]

 [[    2     2     2     2     2     2     2     2     2     2     2
       2     2     2     2     2     2     2     2     2     2     2
       2     2     2     2     2     2     2     2     2     2     2
       2     2     2     2     2     2     2     2     2     2     2
       2     2     2     2     2     2     2     2     2     2     2
       2     2     2     2     2     2]
  [18185 29458 29867 30722 24825 30432 37107 36383 24800 26706 23665
   26412 36054 36611 25043 25164 26639 27630 27439 52510 50142 32258
   28874 27596 30294 27450 26446 28366 28719 27706 26226 32301 26143
   34906 24721 36709 21109 28289 31423 37956 35501 31313 32874 25677
   51814 32824 29098 29422 45503 26133 27083 25034 27300 28273 37037
   25803 29124 31869 24014 32397 30763]]

 [[    2     2     2     2     2     2     2     2     3     2     2
       2     2     2     2     2     2     2     3     2     2     2
       2     2     3     2     3     2     2     2     2     2     2
       2     2     2     2     2     2     2     3     3     2     2
       2     2     2     2     2     2     2     2     2     2     2
       2     2     3     2     3     3]
  [18185 26521 28589 28748 29298 35254 49368 28624 60017 34558 33426
   34255 29740 33634 32462 37387 34830 37619 60017 51522 25870 40726
   36420 49359 60018 35592 60019 47897 32866 38697 39573 28924 36042
   38364 47368 37731 30924 38659 24190 35311 60018 60016 29786 45409
   37939 38425 32885 37138 34166 45396 39691 33831 40172 40413 32133
   46594 33845 60017 41810 60018 60017]]]
unstable
 
 err: 
done running mariposa 902.0
Bisecting: 0 revisions left to test after this (roughly 0 steps)
[b7a27ca4bd25792208a77dae7e6023fce2a01291] Merge pull request #2454 from RichardBradley/java_sudoku_example_fix
running python3 /home/yizhou7/mariposa/scripts/z3-bisect.py /home/yizhou7/mariposa/data/bisect_tasks/d_komodo_z3_clean--verified-svc_handlers.gen.dfyImpl___module.__default.va__lemma__get__cur__addrspace.txt
building z3
done building z3 3.3
running mariposa
res: 0 
 out: [[[    2     2     2     2     2     2     2     2     2     2     2
       2     2     2     2     2     2     2     2     2     2     2
       2     2     2     2     2     2     2     2     2     2     2
       2     2     2     2     2     2     2     2     2     2     2
       2     2     2     2     2     2     2     2     2     2     2
       2     2     2     2     2     2]
  [14108 27185 25053 30772 29493 25289 26778 26831 26729 27136 25002
   32168 23778 28203 25990 26021 27210 27113 25120 27126 26085 33853
   27741 25634 25034 26045 25998 27748 27544 25751 26685 23946 28452
   29110 28491 29625 24984 28932 24753 24747 25280 24283 28646 25690
   27622 25948 24953 25380 25741 27458 24338 28994 26314 26037 27615
   25369 25177 26795 33141 24406 21419]]

 [[    2     2     2     2     2     2     2     2     2     2     2
       2     2     2     2     2     2     2     2     2     2     2
       2     2     2     2     2     2     2     2     2     2     2
       2     2     2     2     2     2     2     2     2     2     2
       2     2     2     2     2     2     2     2     2     2     2
       2     2     2     2     2     2]
  [14108 26042 26081 27385 23663 28610 24310 24918 30773 34170 32353
   28054 27962 31607 36591 32603 29037 26733 25956 43215 32616 27538
   38772 27352 19526 28331 36769 31828 29409 29755 22069 36790 24643
   26299 34386 26591 25507 45839 31875 25734 27806 34808 29841 15388
   38763 31209 27982 34584 33277 33811 27423 31546 30761 44231 27709
   29499 35596 29418 29718 25988 30003]]

 [[    2     2     2     2     2     2     2     3     2     2     2
       2     2     2     2     3     2     2     2     2     2     2
       2     2     2     2     2     2     2     2     2     2     2
       2     2     2     2     2     3     2     2     2     2     2
       2     2     2     2     2     2     2     2     2     2     2
       2     2     3     3     2     2]
  [14108 33609 35636 35946 36534 38379 39528 60017 28239 26659 30591
   33483 35403 32985 32945 60018 37480 35198 36536 39618 21324 28155
   27320 43327 43459 35977 31918 51217 31634 40744 32207 34847 28421
   28083 40146 52945 27631 33437 60019 33301 36095 33266 33702 27215
   35246 32788 37392 37580 33092 35580 43277 30033 41195 42711 37238
   40386 27298 60016 60017 46727 43000]]]
stable
 
 err: 
done running mariposa 869.7
7f073a0585168821adbc8a4603a8e5964542a60f is the first bad commit
commit 7f073a0585168821adbc8a4603a8e5964542a60f
Author: Nikolaj Bjorner <nbjorner@microsoft.com>
Date:   Thu Aug 1 16:28:05 2019 +0800

    fix #2452 fix #2451
    
    Signed-off-by: Nikolaj Bjorner <nbjorner@microsoft.com>

:040000 040000 7edd2afa0135ed084fba01bbd127f03046eb08c3 3aeb20e3aec8be7291f9f3c9bd67a3892f3d7a01 M	src
bisect run success
git bisect start
# good: [e79542cc689d52ec4cb34ce4ae3fbe56e7a0bf70] fix #2309
git bisect good e79542cc689d52ec4cb34ce4ae3fbe56e7a0bf70
# bad: [ad55a1f1c617a7f0c3dd735c0780fc758424c7f1] Update release.yml for Azure Pipelines
git bisect bad ad55a1f1c617a7f0c3dd735c0780fc758424c7f1
# skip: [e2702f3ae88f5c48a55f4473bb5c29184c182634] fixes in assigning constraints to intervals
git bisect skip e2702f3ae88f5c48a55f4473bb5c29184c182634
# skip: [1915812f84cf41a5f232eedf2a695a54d055aa88] add a test for intervals
git bisect skip 1915812f84cf41a5f232eedf2a695a54d055aa88
# bad: [8faf35e2e0c8fce99794e71bd3b5de74b95ceb5a] fix #3735
git bisect bad 8faf35e2e0c8fce99794e71bd3b5de74b95ceb5a
# skip: [d1a5635b4ad7f8632356b380f3a9b1fc83fdb04f] better model based lemmaas
git bisect skip d1a5635b4ad7f8632356b380f3a9b1fc83fdb04f
# skip: [0a86bd14f792ef5fadb8eeb346729a612f7e1588] start on test nla
git bisect skip 0a86bd14f792ef5fadb8eeb346729a612f7e1588
# bad: [f7747d9e76bd685a02ce5c5fbda91fc356856b5e] fix parameter collection for tactic-based solvers reported in #3065
git bisect bad f7747d9e76bd685a02ce5c5fbda91fc356856b5e
# skip: [0644194fc96a853df44c37f9e4522796aa40add8] work on lemma from product to factors, and some renaming
git bisect skip 0644194fc96a853df44c37f9e4522796aa40add8
# bad: [0321312c8db1d3f0edbd23e6e48884fbb7d77d1d] Changed to get_const_interp to match Java and C# bindings
git bisect bad 0321312c8db1d3f0edbd23e6e48884fbb7d77d1d
# good: [6e637348826f0725ba8a01c455448023ca2889e4] Merge pull request #2368 from waywardmonkeys/fix-typo
git bisect good 6e637348826f0725ba8a01c455448023ca2889e4
# bad: [892aa126605d8cf9a1696af1add6cb30435fb1e0] Fix for fp.rem. Fixes #2381.
git bisect bad 892aa126605d8cf9a1696af1add6cb30435fb1e0
# good: [2eea7709e06c357fb84798ae52a6690231e74e7b] Merge pull request #2438 from agurfinkel/issue_2430
git bisect good 2eea7709e06c357fb84798ae52a6690231e74e7b
# bad: [90415a18d330d3a6066e589aaf20f1c2cc9435f6] fix build of test
git bisect bad 90415a18d330d3a6066e589aaf20f1c2cc9435f6
# bad: [3f032e85e0339ca73718db431d91849d1fe8c530] remove include of thread
git bisect bad 3f032e85e0339ca73718db431d91849d1fe8c530
# good: [2bd8d3b4852765cdd92abd7db6331fc5bac8fb5d] fixes for input4/5 #2416
git bisect good 2bd8d3b4852765cdd92abd7db6331fc5bac8fb5d
# good: [04e0b767c300aec525493d4ab1a8dd5d8e3407f9] Fix sudoku Java example
git bisect good 04e0b767c300aec525493d4ab1a8dd5d8e3407f9
# bad: [7f073a0585168821adbc8a4603a8e5964542a60f] fix #2452 fix #2451
git bisect bad 7f073a0585168821adbc8a4603a8e5964542a60f
# good: [b7a27ca4bd25792208a77dae7e6023fce2a01291] Merge pull request #2454 from RichardBradley/java_sudoku_example_fix
git bisect good b7a27ca4bd25792208a77dae7e6023fce2a01291
# first bad commit: [7f073a0585168821adbc8a4603a8e5964542a60f] fix #2452 fix #2451
