running python3 /home/yizhou7/mariposa/scripts/z3-bisect.py /home/yizhou7/mariposa/data/bisect_tasks/d_komodo_z3_clean--verified-map_common.gen.dfyImpl___module.__default.va__lemma__update__l2pte.txt
building z3
Bisecting: 1453 revisions left to test after this (roughly 11 steps)
[1915812f84cf41a5f232eedf2a695a54d055aa88] add a test for intervals
running python3 /home/yizhou7/mariposa/scripts/z3-bisect.py /home/yizhou7/mariposa/data/bisect_tasks/d_komodo_z3_clean--verified-map_common.gen.dfyImpl___module.__default.va__lemma__update__l2pte.txt
building z3
Bisecting: 1453 revisions left to test after this (roughly 11 steps)
[8faf35e2e0c8fce99794e71bd3b5de74b95ceb5a] fix #3735
running python3 /home/yizhou7/mariposa/scripts/z3-bisect.py /home/yizhou7/mariposa/data/bisect_tasks/d_komodo_z3_clean--verified-map_common.gen.dfyImpl___module.__default.va__lemma__update__l2pte.txt
building z3
done building z3 3.2
running mariposa
res: 1 
 out: [[[    2     2     2     2     2     2     2     2     2     2     2
       2     2     2     2     2     2     2     2     2     2     2
       2     2     2     2     2     2     2     2     2     2     2
       2     2     2     2     2     2     2     2     2     2     2
       2     2     2     2     3     2     2     2     2     2     2
       2     2     2     2     2     2]
  [25929 33765 32032 31856 31793 37584 33476 31826 31811 30615 30007
   35479 32280 32273 33422 33038 30251 36654 31880 35499 35609 29331
   31553 28306 30281 32003 32559 34304 33321 35607 29875 32751 32750
   28361 33034 33810 36402 35661 31526 31937 32751 30137 34936 35016
   34369 32943 34763 30813 60016 29581 30294 31307 33751 30353 30612
   30147 29181 30255 33336 27511 26613]]

 [[    2     2     2     2     2     2     2     2     2     2     2
       2     2     2     2     2     2     2     2     2     2     2
       2     2     2     2     2     2     2     2     2     2     2
       2     2     2     2     2     2     2     2     2     2     2
       2     2     2     2     2     2     2     2     2     2     2
       2     2     2     2     2     2]
  [25929 29087 28620 25861 35327 36070 28162 40662 31863 43515 33286
   35235 34072 39351 19462 32774 40982 25685 42864 49445 22478 39318
   29491 42570 32947 39016 36250 40707 30450 25363 44340 35424 29345
   39540 37696 31828 34352 29039 31292 37566 28646 40423 28926 30530
   33953 29956 37007 38485 30145 29201 31240 39216 32046 40231 39362
   31710 27288 44633 36793 29538 35635]]

 [[    2     2     2     2     2     3     3     3     2     2     2
       3     2     2     2     2     3     2     3     2     2     2
       2     2     2     2     3     2     2     2     2     2     2
       2     2     2     2     2     2     2     2     3     2     2
       2     2     2     2     2     2     2     2     3     3     2
       2     2     2     2     2     3]
  [25929 31221 35337 35976 37518 60019 60017 60018 36519 37984 36503
   60018 33260 41714 31403 38889 60019 30229 60018 46769 37416 42299
   35324 42225 33787 33915 60018 35946 42319 35030 38498 27818 34260
   33456 33078 30011 29203 39952 36300 38304 53361 60019 35788 35039
   39140 27458 30130 41956 40359 39222 43258 33559 60019 60016 29565
   37165 33450 32856 40783 31571 60017]]]
unstable
 
 err: 
done running mariposa 992.6
Bisecting: 1254 revisions left to test after this (roughly 10 steps)
[d1a5635b4ad7f8632356b380f3a9b1fc83fdb04f] better model based lemmaas
running python3 /home/yizhou7/mariposa/scripts/z3-bisect.py /home/yizhou7/mariposa/data/bisect_tasks/d_komodo_z3_clean--verified-map_common.gen.dfyImpl___module.__default.va__lemma__update__l2pte.txt
building z3
Bisecting: 1254 revisions left to test after this (roughly 10 steps)
[0a86bd14f792ef5fadb8eeb346729a612f7e1588] start on test nla
running python3 /home/yizhou7/mariposa/scripts/z3-bisect.py /home/yizhou7/mariposa/data/bisect_tasks/d_komodo_z3_clean--verified-map_common.gen.dfyImpl___module.__default.va__lemma__update__l2pte.txt
building z3
Bisecting: 1254 revisions left to test after this (roughly 10 steps)
[f7747d9e76bd685a02ce5c5fbda91fc356856b5e] fix parameter collection for tactic-based solvers reported in #3065
running python3 /home/yizhou7/mariposa/scripts/z3-bisect.py /home/yizhou7/mariposa/data/bisect_tasks/d_komodo_z3_clean--verified-map_common.gen.dfyImpl___module.__default.va__lemma__update__l2pte.txt
building z3
done building z3 3.2
running mariposa
res: 1 
 out: [[[    2     2     2     2     2     2     2     2     2     2     2
       2     2     2     2     2     2     2     2     2     2     2
       2     2     2     2     2     2     2     2     2     2     2
       2     2     2     2     2     2     2     2     2     2     2
       2     2     2     2     2     2     2     2     2     2     2
       2     2     2     2     2     2]
  [22897 36823 33719 34455 32248 35210 31936 33437 34100 32944 30639
   30843 31232 32379 33524 31940 32708 31265 33114 31732 37746 32359
   34188 32301 35755 39000 35400 33984 32771 33835 32682 32846 33688
   34613 31705 32689 32517 35237 33631 35421 29887 33263 34760 29078
   36699 34347 37142 34741 29450 32040 34533 30057 33045 29226 35000
   37576 32997 29227 26343 33118 28832]]

 [[    2     2     2     2     2     2     2     2     2     2     2
       2     2     2     2     2     2     2     2     2     2     2
       2     2     2     2     2     2     2     2     2     2     2
       2     2     2     2     2     2     2     2     2     2     2
       2     2     2     2     2     2     2     2     2     2     2
       2     2     2     2     2     2]
  [22897 31549 27235 29761 39562 33206 26903 38769 33348 40899 34153
   34348 37230 36055 34726 24796 37747 31825 41316 22874 26543 35952
   29994 38195 42015 35275 42650 36389 22443 32248 40176 36400 30588
   39298 42600 30787 39117 31961 37495 32637 34489 30842 38981 30672
   38637 32923 38598 30707 28510 29376 33640 31523 36286 32430 40162
   35346 42416 35727 29811 27331 35302]]

 [[    2     2     2     2     2     3     3     3     2     2     2
       2     2     3     2     2     3     2     2     2     3     2
       2     2     2     2     2     3     2     2     2     2     2
       2     2     2     2     2     2     2     2     3     2     2
       2     2     2     2     3     2     2     2     2     2     3
       2     2     2     2     2     3]
  [22897 37958 39162 39682 41222 60019 60018 60014 32340 37884 39633
   29459 36096 60017 36370 42223 60020 31775 44737 37765 60018 42357
   32898 44053 32121 34822 35815 60018 37533 35789 41182 30094 34797
   35616 37457 30049 32092 39448 44010 39449 36025 60019 37665 38557
   27959 37876 36554 45877 60018 39516 39948 43294 40108 29623 60017
   32841 36062 39474 35199 31849 60019]]]
unstable
 
 err: 
done running mariposa 995.1
Bisecting: 1034 revisions left to test after this (roughly 10 steps)
[0644194fc96a853df44c37f9e4522796aa40add8] work on lemma from product to factors, and some renaming
running python3 /home/yizhou7/mariposa/scripts/z3-bisect.py /home/yizhou7/mariposa/data/bisect_tasks/d_komodo_z3_clean--verified-map_common.gen.dfyImpl___module.__default.va__lemma__update__l2pte.txt
building z3
Bisecting: 1034 revisions left to test after this (roughly 10 steps)
[0321312c8db1d3f0edbd23e6e48884fbb7d77d1d] Changed to get_const_interp to match Java and C# bindings
running python3 /home/yizhou7/mariposa/scripts/z3-bisect.py /home/yizhou7/mariposa/data/bisect_tasks/d_komodo_z3_clean--verified-map_common.gen.dfyImpl___module.__default.va__lemma__update__l2pte.txt
building z3
done building z3 3.1
running mariposa
res: 1 
 out: [[[    2     2     2     2     2     2     2     2     2     2     2
       2     2     2     2     2     2     2     2     2     2     2
       2     2     2     2     2     2     2     2     2     2     2
       2     2     2     2     2     2     2     2     2     2     2
       2     2     2     2     2     2     2     2     2     2     2
       2     2     2     2     2     2]
  [24011 33685 35721 34188 39802 34854 33041 34432 35681 32173 37904
   31762 35167 38198 36940 35791 36605 34407 36180 33843 33065 33955
   37883 32830 37368 34025 34695 36641 35268 32890 34822 32836 36812
   35862 35336 37145 35081 33769 33682 32437 38123 31397 30131 32126
   39838 36691 32749 33596 36932 36436 34302 37252 32625 31914 32298
   35909 34585 33424 30230 29517 33662]]

 [[    2     2     2     2     2     2     2     2     2     2     2
       2     2     2     2     2     2     2     2     2     2     2
       2     2     2     2     2     2     2     2     2     2     2
       2     2     2     2     2     2     2     2     2     2     2
       2     2     2     2     2     2     2     2     2     2     2
       2     2     2     2     2     2]
  [24011 35142 34539 28566 36405 36090 27688 32836 41446 41554 30043
   32108 30868 33323 40812 32911 41442 36944 31609 37820 29633 35260
   25649 29804 36573 22253 30115 40107 29764 29645 29774 42411 30756
   30597 35798 31331 33984 32488 30558 35049 31419 31864 32157 31204
   34582 31364 44963 33729 29068 37677 34766 43943 33020 34695 31755
   29970 31335 39776 24395 31127 34872]]

 [[    2     2     2     2     2     3     3     3     2     2     2
       3     2     2     2     2     2     2     2     3     2     2
       2     2     2     2     3     2     2     2     2     2     2
       2     2     3     2     2     2     2     2     3     2     2
       2     2     2     2     2     2     3     2     2     3     2
       2     2     2     2     3     2]
  [24011 29284 37093 37814 40780 60017 60016 60016 31705 35218 50718
   60018 29355 31479 36032 40325 32592 36387 42103 60019 46541 47251
   38362 38944 46226 37336 60019 31263 42058 34616 45504 38666 42929
   42446 51778 60018 33468 41689 35693 37495 34170 60019 32060 44842
   35074 32325 42906 33462 40628 44458 60018 46258 36178 60021 39690
   38697 38683 43843 46756 60020 36603]]]
unstable
 
 err: 
done running mariposa 1019.3
Bisecting: 261 revisions left to test after this (roughly 8 steps)
[6e637348826f0725ba8a01c455448023ca2889e4] Merge pull request #2368 from waywardmonkeys/fix-typo
running python3 /home/yizhou7/mariposa/scripts/z3-bisect.py /home/yizhou7/mariposa/data/bisect_tasks/d_komodo_z3_clean--verified-map_common.gen.dfyImpl___module.__default.va__lemma__update__l2pte.txt
building z3
done building z3 3.1
running mariposa
res: 1 
 out: [[[    2     2     2     2     2     2     2     2     2     2     2
       2     2     2     2     2     2     2     2     2     2     2
       2     2     2     2     2     2     2     2     2     2     2
       2     2     2     2     2     2     2     2     2     2     2
       2     2     2     2     2     2     2     2     2     2     2
       2     2     2     2     2     2]
  [18139 33862 29925 34701 28853 32155 31176 28749 28826 33781 30310
   31070 27264 31207 29709 28899 29159 31705 32652 31313 29314 35180
   29853 32357 27956 29204 31644 27836 31967 26524 30342 30551 30784
   29041 30012 34868 30780 28573 29114 30115 31886 29438 31594 30709
   32729 32158 31981 27313 31257 32841 30242 27008 31322 31205 31512
   32033 29050 29009 29381 25735 27869]]

 [[    2     2     2     2     2     2     2     2     2     2     2
       2     2     2     2     2     2     2     2     2     2     2
       2     2     2     2     2     2     2     2     2     2     2
       2     2     2     2     2     2     2     2     2     2     2
       2     2     2     2     2     2     2     2     2     2     2
       2     2     2     2     2     2]
  [18139 32362 28153 37658 36141 41734 36984 34964 33923 35722 43117
   37975 30492 30602 38097 42049 29624 33205 29221 35937 31177 36992
   37534 42730 35954 28868 37516 37018 32783 41143 39231 47828 32809
   33527 40490 39807 35473 31386 32905 28095 37223 35757 33559 44081
   34227 31560 26467 40064 42540 31109 30294 35288 43391 33481 32714
   37819 38254 43649 34448 33621 32821]]

 [[    2     2     2     2     2     2     3     3     2     2     2
       2     3     2     2     2     3     2     2     3     2     2
       2     2     2     2     3     2     2     2     2     2     2
       2     3     2     2     2     2     2     2     2     2     2
       2     2     2     3     3     2     2     2     2     2     3
       2     2     2     2     2     2]
  [18139 28471 32344 35446 37953 39551 60019 60018 33636 35355 42074
   36347 60018 46521 32754 43016 60020 43818 42007 60020 32057 34122
   32941 44733 36528 35492 60019 38098 38607 39846 35591 40641 46760
   39067 60018 36588 51233 28949 45839 35012 34342 30761 37350 46152
   41071 43825 41262 60019 60019 44447 42461 44095 31066 43692 60018
   41418 41117 35484 49990 34622 38998]]]
unstable
 
 err: 
done running mariposa 989.1
Bisecting: 130 revisions left to test after this (roughly 7 steps)
[9b4f327e29de8eadd112e53af5a8fb9f430fabf7] set upload mode to replace
running python3 /home/yizhou7/mariposa/scripts/z3-bisect.py /home/yizhou7/mariposa/data/bisect_tasks/d_komodo_z3_clean--verified-map_common.gen.dfyImpl___module.__default.va__lemma__update__l2pte.txt
building z3
done building z3 3.1
running mariposa
res: 0 
 out: [[[    2     2     2     2     2     2     2     2     2     2     2
       2     2     2     2     2     2     2     2     2     2     2
       2     2     2     2     2     2     2     2     2     2     2
       2     2     2     2     2     2     2     2     2     2     2
       2     2     2     2     2     2     2     2     2     2     2
       2     2     2     2     2     2]
  [ 9002 15307 15025 15478 15700 15917 16557 14978 16030 15599 16802
   14683 14419 16229 15210 15378 15541 15024 15106 15743 15361 15612
   15392 16021 15404 15515 14195 15849 14806 15702 16195 15950 16143
   16280 16094 15174 14876 14879 15285 16452 15243 15737 15091 15420
   15278 15725 15517 14784 15385 15407 15774 16261 14952 15482 15786
   16401 14027 15890 13938 14583 12321]]

 [[    2     2     2     2     2     2     2     2     2     2     2
       2     2     2     2     2     2     2     2     2     2     2
       2     2     2     2     2     2     2     2     2     2     2
       2     2     2     2     2     2     2     2     2     2     2
       2     2     2     2     2     2     2     2     2     2     2
       2     2     2     2     2     2]
  [ 9002 15639 16515 16094 14997 14726 15239 15097 15002 16067 15526
   15612 15416 16470 15859 14587 15639 15612 16002 15867 14984 15238
   15767 15522 16513 15020 15500 15671 15077 16040 15280 15452 15710
   15250 16040 15624 16417 14848 15218 15324 15145 14939 14474 16863
   15151 14598 15638 15443 15221 15522 14736 14973 14656 16009 15307
   15421 15215 15201 15392 16571 15706]]

 [[    2     2     2     2     2     2     2     2     2     2     2
       2     2     2     2     2     2     2     2     2     2     2
       2     2     2     2     2     2     2     2     2     2     2
       2     2     2     2     2     2     2     2     2     2     2
       2     2     2     2     2     2     2     2     2     2     2
       2     2     2     2     2     2]
  [ 9002 16221 16616 16843 17379 17448 17705 17921 15639 16208 15873
   17047 16103 16284 16941 16652 15762 15790 17408 16351 17183 17068
   15028 15461 15928 16419 16300 17160 17220 16197 15836 15340 17609
   17390 17086 16389 15409 15913 15328 16265 16598 15996 17547 15809
   16153 15687 17023 16360 15819 15892 16206 15862 15153 15640 15821
   16609 16762 15245 17543 15424 16378]]]
stable
 
 err: 
done running mariposa 449.6
Bisecting: 65 revisions left to test after this (roughly 6 steps)
[42ac3a536369a7d4a7eafa1fa15b571b146ba594] merge with csp
running python3 /home/yizhou7/mariposa/scripts/z3-bisect.py /home/yizhou7/mariposa/data/bisect_tasks/d_komodo_z3_clean--verified-map_common.gen.dfyImpl___module.__default.va__lemma__update__l2pte.txt
building z3
done building z3 3.1
running mariposa
res: 0 
 out: [[[    2     2     2     2     2     2     2     2     2     2     2
       2     2     2     2     2     2     2     2     2     2     2
       2     2     2     2     2     2     2     2     2     2     2
       2     2     2     2     2     2     2     2     2     2     2
       2     2     2     2     2     2     2     2     2     2     2
       2     2     2     2     2     2]
  [ 9263 15252 14898 15757 15797 15896 16613 15283 15888 14949 16677
   14756 14461 16607 14711 15247 15388 14997 15315 15711 15847 15403
   15989 15168 15307 15751 15447 14176 15920 15467 14902 15952 16393
   16284 16055 15095 14714 14708 15175 16624 15647 15351 15110 15379
   15082 15793 14659 15354 15551 15539 15396 16186 14706 15425 16059
   16267 14186 16033 14830 13614 11918]]

 [[    2     2     2     2     2     2     2     2     2     2     2
       2     2     2     2     2     2     2     2     2     2     2
       2     2     2     2     2     2     2     2     2     2     2
       2     2     2     2     2     2     2     2     2     2     2
       2     2     2     2     2     2     2     2     2     2     2
       2     2     2     2     2     2]
  [ 9263 16154 16452 15985 15006 15034 14643 14832 15109 15144 16506
   15644 15351 16727 14638 16028 15336 15548 16289 15617 15142 15298
   15777 15146 16302 15504 15372 15447 15377 15959 15008 15483 15008
   15941 16028 15932 16398 14808 15398 14986 15213 14961 14430 15340
   16760 14717 15627 15085 15176 15379 15024 14822 14608 15165 15994
   15406 15182 15361 15470 16483 15281]]

 [[    2     2     2     2     2     2     2     2     2     2     2
       2     2     2     2     2     2     2     2     2     2     2
       2     2     2     2     2     2     2     2     2     2     2
       2     2     2     2     2     2     2     2     2     2     2
       2     2     2     2     2     2     2     2     2     2     2
       2     2     2     2     2     2]
  [ 9263 16280 16634 16667 17442 17483 17828 17853 15637 16232 16023
   16956 16228 16369 16826 16594 15892 17397 16165 16339 16996 16808
   14885 15500 16385 16312 16268 17411 17048 15991 15891 16975 15664
   17114 18198 16342 15812 15291 15432 16445 15861 16533 17842 15526
   16108 15676 17063 15790 16072 15998 16132 16032 15264 15696 15506
   16725 16702 15190 17361 15429 16366]]]
stable
 
 err: 
done running mariposa 449.9
Bisecting: 32 revisions left to test after this (roughly 5 steps)
[b4290d4b3d7c021965e9ce7ee636caac0f9cac74] python regression
running python3 /home/yizhou7/mariposa/scripts/z3-bisect.py /home/yizhou7/mariposa/data/bisect_tasks/d_komodo_z3_clean--verified-map_common.gen.dfyImpl___module.__default.va__lemma__update__l2pte.txt
building z3
done building z3 3.0
running mariposa
res: 1 
 out: [[[    2     2     2     2     2     2     2     2     2     2     2
       2     2     2     2     2     2     2     2     2     2     2
       2     2     2     2     2     2     2     2     2     2     2
       2     2     2     2     2     2     2     2     2     2     2
       2     2     2     2     2     2     2     2     2     2     2
       2     2     2     2     2     2]
  [19788 38995 30852 30786 34457 37338 34098 34842 33041 30763 34055
   37534 30821 37527 34627 29042 38277 32058 34240 29073 27214 32231
   38657 36112 28738 33556 40607 42222 33841 34932 36705 32569 38272
   41144 36265 35811 33698 28165 35946 30248 34708 34585 31483 35814
   35514 34867 36455 32732 29816 29355 30467 30321 30316 37308 30991
   36122 36716 29485 30712 32988 26089]]

 [[    2     2     2     2     2     2     2     2     2     2     2
       2     2     2     2     2     2     2     2     2     2     2
       2     2     2     2     2     2     2     2     2     2     2
       2     2     2     2     2     2     2     2     2     2     2
       2     2     2     2     2     2     2     2     2     2     2
       2     2     2     2     2     2]
  [19788 32942 30249 49382 43226 45091 29147 43354 41374 33490 56981
   32558 49679 43375 36284 44836 32469 43059 43092 44703 36524 38342
   35879 45249 39625 42525 29417 42681 38504 34158 41760 37754 44608
   39413 39462 47145 37050 43224 35303 41941 35689 35513 28378 37236
   40249 41327 38599 34575 45602 36609 34146 33174 26756 31532 38043
   42080 33196 43215 41431 43916 40801]]

 [[    2     2     2     2     2     2     3     3     2     2     2
       3     2     2     3     2     2     2     2     2     3     2
       2     2     2     2     3     2     2     2     2     2     2
       2     3     2     2     2     2     2     2     2     2     2
       2     2     2     2     3     3     2     2     2     2     3
       2     2     2     2     2     2]
  [19788 34408 36705 39269 44477 46653 60019 60015 41152 36530 50693
   60019 34489 48667 60020 53074 38239 42541 48252 45289 60019 45123
   38328 41909 47012 42249 60019 50585 44918 39801 42073 46429 39046
   47716 60019 38679 47764 48081 42838 47337 36033 40077 31895 46900
   41546 49076 46219 52518 60018 60017 32282 38309 37546 45068 60020
   45607 42642 54576 45397 40878 50104]]]
unstable
 
 err: 
done running mariposa 1079.9
Bisecting: 16 revisions left to test after this (roughly 4 steps)
[0f7ff2a3d016ce6cc0dcc2654a6aa0187bc55192] swap
running python3 /home/yizhou7/mariposa/scripts/z3-bisect.py /home/yizhou7/mariposa/data/bisect_tasks/d_komodo_z3_clean--verified-map_common.gen.dfyImpl___module.__default.va__lemma__update__l2pte.txt
building z3
done building z3 3.1
running mariposa
res: 1 
 out: [[[    3     3     3     3     3     3     3     3     3     3     3
       3     3     3     3     3     3     3     3     3     3     3
       3     3     3     3     3     3     3     3     3     3     3
       3     3     3     3     3     3     3     3     3     3     3
       3     3     3     3     3     3     3     3     3     3     3
       3     3     3     3     3     3]
  [60017 60017 60015 60016 60016 60015 60014 60016 60014 60014 60014
   60014 60014 60016 60016 60016 60014 60014 60014 60013 60014 60017
   60017 60016 60014 60014 60014 60014 60016 60017 60015 60014 60014
   60014 60015 60016 60015 60014 60014 60015 60015 60015 60016 60015
   60014 60015 60015 60015 60016 60016 60015 60014 60015 60015 60016
   60014 60015 60014 60014 60013 60013]]

 [[    3     3     3     3     3     3     3     3     3     3     3
       3     3     3     3     3     3     3     3     3     3     3
       3     3     3     3     3     3     3     3     3     3     3
       3     3     3     3     3     3     3     3     3     3     3
       3     3     3     3     3     3     3     3     3     3     3
       3     3     3     3     3     3]
  [60017 60016 60014 60015 60015 60015 60015 60014 60015 60015 60014
   60015 60015 60015 60016 60015 60014 60016 60015 60015 60015 60016
   60015 60014 60015 60016 60016 60014 60013 60015 60014 60014 60016
   60015 60017 60014 60015 60016 60014 60014 60015 60016 60015 60014
   60014 60014 60015 60016 60015 60015 60016 60014 60014 60014 60016
   60016 60015 60016 60016 60014 60014]]

 [[    3     3     3     3     3     3     3     3     3     3     3
       3     3     3     3     3     3     3     3     3     3     3
       3     3     3     3     3     3     3     3     3     3     3
       3     3     3     3     3     3     3     3     3     3     3
       3     3     3     3     3     3     3     3     3     3     3
       3     3     3     3     3     3]
  [60017 60017 60018 60016 60016 60016 60014 60015 60015 60017 60017
   60016 60015 60015 60013 60016 60016 60016 60015 60014 60014 60012
   60016 60017 60015 60016 60016 60014 60015 60016 60016 60015 60016
   60015 60015 60014 60017 60016 60015 60015 60014 60015 60015 60016
   60016 60015 60015 60014 60014 60014 60017 60016 60017 60015 60014
   60015 60014 60015 60016 60017 60016]]]
unsolvable
 
 err: 
done running mariposa 1650.6
Bisecting: 7 revisions left to test after this (roughly 3 steps)
[d17248821ad047f889237ce20b6bdaa1465ceff9] include chronological backtracking, two-phase sat, xor inprocessing, probsat, ddfw
running python3 /home/yizhou7/mariposa/scripts/z3-bisect.py /home/yizhou7/mariposa/data/bisect_tasks/d_komodo_z3_clean--verified-map_common.gen.dfyImpl___module.__default.va__lemma__update__l2pte.txt
building z3
done building z3 3.1
running mariposa
res: 0 
 out: [[[    2     2     2     2     2     2     2     2     2     2     2
       2     2     2     2     2     2     2     2     2     2     2
       2     2     2     2     2     2     2     2     2     2     2
       2     2     2     2     2     2     2     2     2     2     2
       2     2     2     2     2     2     2     2     2     2     2
       2     2     2     2     2     2]
  [ 8943 15288 15523 15194 15449 16485 16218 15281 15853 15080 14684
   16825 14794 16199 14691 15216 15266 15103 15359 16172 15543 15336
   15853 14969 15340 15748 14246 15860 16033 15270 14823 15879 16373
   16305 16029 14668 15232 14444 15321 16591 15722 15698 15072 15203
   14994 15896 15360 14672 15844 15543 15441 16055 14648 15660 15771
   16039 14440 14802 16594 13323 12618]]

 [[    2     2     2     2     2     2     2     2     2     2     2
       2     2     2     2     2     2     2     2     2     2     2
       2     2     2     2     2     2     2     2     2     2     2
       2     2     2     2     2     2     2     2     2     2     2
       2     2     2     2     2     2     2     2     2     2     2
       2     2     2     2     2     2]
  [ 8943 16132 16536 15835 14892 15245 14646 14782 15490 15250 16198
   15636 15507 16468 15912 14811 15434 15599 16262 15649 14970 15837
   15467 15080 16310 15207 15479 15949 15183 16103 14942 15590 15581
   15229 16366 15716 14885 16589 15238 14976 15009 14457 14995 15035
   14667 17206 15257 15232 15199 15664 14816 14696 14964 15582 15030
   15458 15494 15005 16518 15876 15288]]

 [[    2     2     2     2     2     2     2     2     2     2     2
       2     2     2     2     2     2     2     2     2     2     2
       2     2     2     2     2     2     2     2     2     2     2
       2     2     2     2     2     2     2     2     2     2     2
       2     2     2     2     2     2     2     2     2     2     2
       2     2     2     2     2     2]
  [ 8943 16186 16313 17037 17262 17459 17823 17943 15204 16295 16290
   15969 16659 17142 16509 16950 16675 15844 15779 16926 16702 16933
   14981 15462 15971 16354 16632 17121 16949 16137 16002 15358 17649
   17250 17181 16263 15947 15389 15662 16209 16681 15746 17410 15686
   16147 15673 15583 17270 16333 15796 16319 15723 15795 15176 15871
   16577 16478 15200 17791 15407 16378]]]
stable
 
 err: 
done running mariposa 449.6
Bisecting: 3 revisions left to test after this (roughly 2 steps)
[ec1653fdff146ff8d1b3b2281e875494f4fc3a96] Merge pull request #2345 from schedutron/master
running python3 /home/yizhou7/mariposa/scripts/z3-bisect.py /home/yizhou7/mariposa/data/bisect_tasks/d_komodo_z3_clean--verified-map_common.gen.dfyImpl___module.__default.va__lemma__update__l2pte.txt
building z3
done building z3 3.1
running mariposa
res: 0 
 out: [[[    2     2     2     2     2     2     2     2     2     2     2
       2     2     2     2     2     2     2     2     2     2     2
       2     2     2     2     2     2     2     2     2     2     2
       2     2     2     2     2     2     2     2     2     2     2
       2     2     2     2     2     2     2     2     2     2     2
       2     2     2     2     2     2]
  [ 9104 15281 15220 15492 15539 16547 16247 15703 15408 14979 17032
   14685 14837 16282 14897 15394 15340 15209 15018 15976 15452 15869
   15139 16094 15518 15496 14199 15661 15416 15188 16132 15942 16194
   16652 15793 14635 15089 15215 15209 16363 15620 15540 15069 15145
   15567 15806 15210 14623 15676 15503 15477 16246 14778 15549 15682
   16248 14052 15797 14686 13463 12950]]

 [[    2     2     2     2     2     2     2     2     2     2     2
       2     2     2     2     2     2     2     2     2     2     2
       2     2     2     2     2     2     2     2     2     2     2
       2     2     2     2     2     2     2     2     2     2     2
       2     2     2     2     2     2     2     2     2     2     2
       2     2     2     2     2     2]
  [ 9104 16045 16655 15848 15118 15282 14659 15282 15108 15199 16097
   15845 15577 16417 15068 16058 15427 15152 16493 15857 14850 15352
   16222 15176 16254 15563 15587 15733 15191 16298 15000 15543 15219
   15948 16148 15784 14916 16778 15441 15016 14969 15248 14573 16727
   14887 15527 15463 15240 15505 15417 14802 14954 14968 15065 15761
   15275 15640 15046 15502 16816 15353]]

 [[    2     2     2     2     2     2     2     2     2     2     2
       2     2     2     2     2     2     2     2     2     2     2
       2     2     2     2     2     2     2     2     2     2     2
       2     2     2     2     2     2     2     2     2     2     2
       2     2     2     2     2     2     2     2     2     2     2
       2     2     2     2     2     2]
  [ 9104 16142 16261 16952 17304 17701 17784 18006 15104 16450 15889
   17061 16290 16916 16341 17363 16558 15872 15837 16437 16932 16832
   15261 15805 16005 16241 16123 17121 16994 16460 16133 15409 17743
   17145 16989 16267 15853 15554 15471 16344 16449 15843 17379 15470
   16544 15753 16017 17300 15773 15857 16085 15854 15243 15852 15766
   16705 16510 15517 17394 15373 16452]]]
stable
 
 err: 
done running mariposa 449.6
Bisecting: 1 revision left to test after this (roughly 1 step)
[f3b79087eef389011fa90eefcf64b987bed54a9d] add default tactic as option to overwrite the behavior of strategic solver factory
running python3 /home/yizhou7/mariposa/scripts/z3-bisect.py /home/yizhou7/mariposa/data/bisect_tasks/d_komodo_z3_clean--verified-map_common.gen.dfyImpl___module.__default.va__lemma__update__l2pte.txt
building z3
done building z3 3.1
running mariposa
res: 1 
 out: [[[    3     3     3     3     3     3     3     3     3     3     3
       3     3     3     3     3     3     3     3     3     3     3
       3     3     3     3     3     3     3     3     3     3     3
       3     3     3     3     3     3     3     3     3     3     3
       3     3     3     3     3     3     3     3     3     3     3
       3     3     3     3     3     3]
  [60023 60017 60018 60017 60016 60015 60015 60018 60018 60017 60016
   60017 60016 60015 60017 60017 60016 60017 60016 60016 60016 60017
   60017 60016 60016 60017 60016 60015 60017 60017 60017 60018 60016
   60016 60015 60017 60017 60016 60017 60016 60016 60017 60019 60017
   60016 60016 60017 60015 60016 60017 60017 60016 60015 60016 60016
   60016 60017 60017 60016 60015 60016]]

 [[    3     3     3     3     3     3     3     3     3     3     3
       3     3     3     3     3     3     3     3     3     3     3
       3     3     3     3     3     3     3     3     3     3     3
       3     3     3     3     3     3     3     3     3     3     3
       3     3     3     3     3     3     3     3     3     3     3
       3     3     3     3     3     3]
  [60023 60016 60015 60015 60016 60016 60016 60015 60017 60016 60016
   60018 60017 60016 60016 60017 60016 60015 60018 60016 60016 60015
   60017 60016 60017 60017 60017 60017 60016 60017 60015 60016 60016
   60016 60016 60015 60017 60016 60017 60016 60017 60017 60015 60017
   60016 60016 60017 60015 60016 60015 60017 60016 60017 60016 60016
   60017 60016 60017 60016 60016 60016]]

 [[    3     3     3     3     3     3     3     3     3     3     3
       3     3     3     3     3     3     3     3     3     3     3
       3     3     3     3     3     3     3     3     3     3     3
       3     3     3     3     3     3     3     3     3     3     3
       3     3     3     3     3     3     3     3     3     3     3
       3     3     3     3     3     3]
  [60023 60017 60020 60017 60015 60016 60015 60019 60017 60018 60018
   60018 60015 60015 60015 60017 60016 60016 60016 60016 60015 60013
   60018 60016 60016 60016 60015 60015 60015 60016 60018 60016 60016
   60015 60016 60015 60018 60016 60016 60016 60016 60015 60013 60018
   60016 60015 60017 60015 60015 60015 60017 60016 60016 60016 60017
   60015 60015 60016 60017 60016 60016]]]
unsolvable
 
 err: 
done running mariposa 1650.7
Bisecting: 0 revisions left to test after this (roughly 0 steps)
[1e770af1cc04f85a8d7a990ba0c9c4e433b83fa8] local sort
running python3 /home/yizhou7/mariposa/scripts/z3-bisect.py /home/yizhou7/mariposa/data/bisect_tasks/d_komodo_z3_clean--verified-map_common.gen.dfyImpl___module.__default.va__lemma__update__l2pte.txt
building z3
done building z3 3.1
running mariposa
res: 1 
 out: [[[    3     3     3     3     3     3     3     3     3     3     3
       3     3     3     3     3     3     3     3     3     3     3
       3     3     3     3     3     3     3     3     3     3     3
       3     3     3     3     3     3     3     3     3     3     3
       3     3     3     3     3     3     3     3     3     3     3
       3     3     3     3     3     3]
  [60023 60017 60017 60016 60015 60016 60017 60017 60016 60016 60016
   60016 60015 60016 60017 60017 60017 60016 60015 60015 60015 60017
   60017 60016 60015 60016 60015 60015 60017 60016 60016 60015 60016
   60016 60015 60017 60016 60017 60015 60017 60015 60015 60017 60016
   60016 60016 60016 60015 60015 60018 60016 60016 60015 60015 60015
   60016 60016 60016 60015 60014 60014]]

 [[    3     3     3     3     3     3     3     3     3     3     3
       3     3     3     3     3     3     3     3     3     3     3
       3     3     3     3     3     3     3     3     3     3     3
       3     3     3     3     3     3     3     3     3     3     3
       3     3     3     3     3     3     3     3     3     3     3
       3     3     3     3     3     3]
  [60023 60016 60016 60015 60017 60016 60017 60015 60016 60016 60015
   60016 60017 60015 60014 60016 60015 60015 60017 60018 60017 60017
   60016 60015 60015 60016 60016 60018 60015 60015 60015 60015 60017
   60016 60018 60016 60016 60017 60015 60016 60017 60015 60015 60015
   60016 60015 60018 60017 60016 60016 60016 60015 60016 60017 60017
   60016 60017 60016 60017 60016 60017]]

 [[    3     3     3     3     3     3     3     3     3     3     3
       3     3     3     3     3     3     3     3     3     3     3
       3     3     3     3     3     3     3     3     3     3     3
       3     3     3     3     3     3     3     3     3     3     3
       3     3     3     3     3     3     3     3     3     3     3
       3     3     3     3     3     3]
  [60023 60020 60017 60017 60020 60015 60016 60015 60016 60017 60017
   60017 60016 60017 60014 60016 60016 60017 60016 60015 60014 60016
   60018 60017 60017 60017 60017 60016 60015 60017 60016 60015 60016
   60016 60015 60016 60016 60016 60015 60015 60016 60016 60016 60016
   60016 60017 60017 60017 60015 60016 60016 60016 60016 60017 60015
   60015 60015 60016 60017 60016 60016]]]
unsolvable
 
 err: 
done running mariposa 1650.4
1e770af1cc04f85a8d7a990ba0c9c4e433b83fa8 is the first bad commit
commit 1e770af1cc04f85a8d7a990ba0c9c4e433b83fa8
Author: Nikolaj Bjorner <nbjorner@microsoft.com>
Date:   Fri Jun 14 09:29:41 2019 -0700

    local sort
    
    Signed-off-by: Nikolaj Bjorner <nbjorner@microsoft.com>

 src/ast/rewriter/bool_rewriter.cpp | 21 ++++++++++++++++++---
 1 file changed, 18 insertions(+), 3 deletions(-)
bisect run success
git bisect start
# good: [e79542cc689d52ec4cb34ce4ae3fbe56e7a0bf70] fix #2309
git bisect good e79542cc689d52ec4cb34ce4ae3fbe56e7a0bf70
# bad: [ad55a1f1c617a7f0c3dd735c0780fc758424c7f1] Update release.yml for Azure Pipelines
git bisect bad ad55a1f1c617a7f0c3dd735c0780fc758424c7f1
# skip: [e2702f3ae88f5c48a55f4473bb5c29184c182634] fixes in assigning constraints to intervals
git bisect skip e2702f3ae88f5c48a55f4473bb5c29184c182634
# skip: [1915812f84cf41a5f232eedf2a695a54d055aa88] add a test for intervals
git bisect skip 1915812f84cf41a5f232eedf2a695a54d055aa88
# bad: [8faf35e2e0c8fce99794e71bd3b5de74b95ceb5a] fix #3735
git bisect bad 8faf35e2e0c8fce99794e71bd3b5de74b95ceb5a
# skip: [d1a5635b4ad7f8632356b380f3a9b1fc83fdb04f] better model based lemmaas
git bisect skip d1a5635b4ad7f8632356b380f3a9b1fc83fdb04f
# skip: [0a86bd14f792ef5fadb8eeb346729a612f7e1588] start on test nla
git bisect skip 0a86bd14f792ef5fadb8eeb346729a612f7e1588
# bad: [f7747d9e76bd685a02ce5c5fbda91fc356856b5e] fix parameter collection for tactic-based solvers reported in #3065
git bisect bad f7747d9e76bd685a02ce5c5fbda91fc356856b5e
# skip: [0644194fc96a853df44c37f9e4522796aa40add8] work on lemma from product to factors, and some renaming
git bisect skip 0644194fc96a853df44c37f9e4522796aa40add8
# bad: [0321312c8db1d3f0edbd23e6e48884fbb7d77d1d] Changed to get_const_interp to match Java and C# bindings
git bisect bad 0321312c8db1d3f0edbd23e6e48884fbb7d77d1d
# bad: [6e637348826f0725ba8a01c455448023ca2889e4] Merge pull request #2368 from waywardmonkeys/fix-typo
git bisect bad 6e637348826f0725ba8a01c455448023ca2889e4
# good: [9b4f327e29de8eadd112e53af5a8fb9f430fabf7] set upload mode to replace
git bisect good 9b4f327e29de8eadd112e53af5a8fb9f430fabf7
# good: [42ac3a536369a7d4a7eafa1fa15b571b146ba594] merge with csp
git bisect good 42ac3a536369a7d4a7eafa1fa15b571b146ba594
# bad: [b4290d4b3d7c021965e9ce7ee636caac0f9cac74] python regression
git bisect bad b4290d4b3d7c021965e9ce7ee636caac0f9cac74
# bad: [0f7ff2a3d016ce6cc0dcc2654a6aa0187bc55192] swap
git bisect bad 0f7ff2a3d016ce6cc0dcc2654a6aa0187bc55192
# good: [d17248821ad047f889237ce20b6bdaa1465ceff9] include chronological backtracking, two-phase sat, xor inprocessing, probsat, ddfw
git bisect good d17248821ad047f889237ce20b6bdaa1465ceff9
# good: [ec1653fdff146ff8d1b3b2281e875494f4fc3a96] Merge pull request #2345 from schedutron/master
git bisect good ec1653fdff146ff8d1b3b2281e875494f4fc3a96
# bad: [f3b79087eef389011fa90eefcf64b987bed54a9d] add default tactic as option to overwrite the behavior of strategic solver factory
git bisect bad f3b79087eef389011fa90eefcf64b987bed54a9d
# bad: [1e770af1cc04f85a8d7a990ba0c9c4e433b83fa8] local sort
git bisect bad 1e770af1cc04f85a8d7a990ba0c9c4e433b83fa8
# first bad commit: [1e770af1cc04f85a8d7a990ba0c9c4e433b83fa8] local sort
