running python3 /home/yizhou7/mariposa/scripts/z3-bisect.py /home/yizhou7/mariposa/data/bisect_tasks/d_lvbkv_z3_clean--Betree-Betree_Refines_Map.i.dfy.Impl__Betree__Refines__Map.__default.InsertMessageStepRefinesMap.txt
building z3
Bisecting: 1453 revisions left to test after this (roughly 11 steps)
[1915812f84cf41a5f232eedf2a695a54d055aa88] add a test for intervals
running python3 /home/yizhou7/mariposa/scripts/z3-bisect.py /home/yizhou7/mariposa/data/bisect_tasks/d_lvbkv_z3_clean--Betree-Betree_Refines_Map.i.dfy.Impl__Betree__Refines__Map.__default.InsertMessageStepRefinesMap.txt
building z3
Bisecting: 1453 revisions left to test after this (roughly 11 steps)
[8faf35e2e0c8fce99794e71bd3b5de74b95ceb5a] fix #3735
running python3 /home/yizhou7/mariposa/scripts/z3-bisect.py /home/yizhou7/mariposa/data/bisect_tasks/d_lvbkv_z3_clean--Betree-Betree_Refines_Map.i.dfy.Impl__Betree__Refines__Map.__default.InsertMessageStepRefinesMap.txt
building z3
done building z3 3.3
running mariposa
res: 1 
 out: [[[    2     2     2     2     2     2     2     2     2     2     2
       2     2     2     2     2     2     2     2     2     2     2
       2     2     2     2     2     2     2     2     2     2     2
       2     2     2     2     2     2     2     2     2     2     2
       2     2     2     2     2     2     2     2     2     2     2
       2     2     2     2     2     2]
  [ 2680  3894  3859  3812  3843  3932  3888  3801  3829  3868  3962
    3764  3747  3769  3813  3791  3802  3735  3834  3771  3786  3787
    3762  3764  3798  3864  3726  3785  3769  3796  3843  3722  3753
    3697  3772  3769  3724  3708  3712  3739  3646  3754  3692  3709
    3730  3674  3715  3773  3667  3613  3691  3610  3701  3697  3637
    3671  3563  3577  3341  3382  3087]]

 [[    2     2     2     2     2     2     2     2     2     2     2
       2     2     2     2     2     2     2     2     2     2     3
       2     2     2     2     2     2     3     2     2     2     2
       3     2     2     2     2     2     2     2     2     3     2
       2     2     3     2     2     2     2     2     3     3     2
       2     2     2     3     2     2]
  [ 2680  6112  5346  3991  3790  6143   979  4204  4579  4557  3864
    4795  5793  5561  5616  4512  4237  4230  5909  6640  4398 60011
    4978  5218  3757  6897  7104  4280 60013  4621 31229  4568  6402
   60011  4101  3159  4425  4512  4855  5428  7311  4820 60011  3907
    4155 35438 60012  3919 32926  5134  4890  6071 60012 60012  4089
    5868  3767  3776 60013 56455 54868]]

 [[    2     2     2     2     2     2     2     2     2     2     2
       3     3     3     2     2     2     2     2     2     2     3
       2     2     2     2     3     2     3     3     2     2     2
       3     2     2     2     2     2     3     2     2     3     2
       2     2     3     2     2     2     2     3     3     2     2
       3     3     2     3     3     3]
  [ 2680   870   865 23475 39936  1158  1142  1082  1046 54026 56439
   60010 60012 60012  4868   964  4406  4578  4906   960  5158 60014
    1049 35086  1012  1045 60013  1062 60011 60011 49921  4769  4219
   60011  1018  1096 53840  1011  7610 60014 39121  1065 60012  5096
    5098  4870 60013 55563  4791  5513  4240 60012 60012  1060  4697
   60013 60012 39163 60011 60012 60011]]]
unstable
 
 err: 
done running mariposa 406.1
Bisecting: 1254 revisions left to test after this (roughly 10 steps)
[d1a5635b4ad7f8632356b380f3a9b1fc83fdb04f] better model based lemmaas
running python3 /home/yizhou7/mariposa/scripts/z3-bisect.py /home/yizhou7/mariposa/data/bisect_tasks/d_lvbkv_z3_clean--Betree-Betree_Refines_Map.i.dfy.Impl__Betree__Refines__Map.__default.InsertMessageStepRefinesMap.txt
building z3
Bisecting: 1254 revisions left to test after this (roughly 10 steps)
[0a86bd14f792ef5fadb8eeb346729a612f7e1588] start on test nla
running python3 /home/yizhou7/mariposa/scripts/z3-bisect.py /home/yizhou7/mariposa/data/bisect_tasks/d_lvbkv_z3_clean--Betree-Betree_Refines_Map.i.dfy.Impl__Betree__Refines__Map.__default.InsertMessageStepRefinesMap.txt
building z3
Bisecting: 1254 revisions left to test after this (roughly 10 steps)
[f7747d9e76bd685a02ce5c5fbda91fc356856b5e] fix parameter collection for tactic-based solvers reported in #3065
running python3 /home/yizhou7/mariposa/scripts/z3-bisect.py /home/yizhou7/mariposa/data/bisect_tasks/d_lvbkv_z3_clean--Betree-Betree_Refines_Map.i.dfy.Impl__Betree__Refines__Map.__default.InsertMessageStepRefinesMap.txt
building z3
done building z3 3.3
running mariposa
res: 1 
 out: [[[    2     2     2     2     2     2     2     2     2     2     2
       2     2     2     2     2     2     2     2     2     2     2
       2     2     2     2     2     2     2     2     2     2     2
       2     2     2     2     2     2     2     2     2     2     2
       2     2     2     2     2     2     2     2     2     2     2
       2     2     2     2     2     2]
  [ 2355  3517  3541  3491  3471  3513  3540  3498  3476  3526  3440
    3406  3382  3431  3427  3414  3483  3490  3397  3427  3461  3427
    3395  3403  3437  3437  3412  3402  3472  3410  3413  3396  3411
    3400  3433  3465  3405  3427  3372  3404  3416  3447  3464  3398
    3431  3393  3415  3360  3404  3421  3395  3492  3411  3396  3426
    3432  3300  3318  3200  3051  2991]]

 [[    2     2     2     2     2     2     2     2     2     2     2
       2     2     2     2     2     2     2     2     2     2     2
       2     2     2     2     2     2     3     2     2     2     2
       2     2     2     2     2     2     2     2     2     2     2
       2     2     2     2     2     2     3     2     2     2     2
       2     2     2     2     3     2]
  [ 2355  4961  4713  3994  4093  3450   847  3402  3218  3815  3077
    3905  5344  4684  3710  4610  4696 49604  5197  4046  4758  5411
    3600  5113  4056  4105  5092  4684 60011  4094 51819  3447  3051
    5093  3055  4227  3969  5365  5168  3434 41980  5719 51723 39579
    5875  3231  3320  4451 49830  4225 60012  4452  5256  4386 51676
   34359  3259  3561 53616 60012 49240]]

 [[    2     2     2     2     2     2     2     2     2     2     2
       2     3     2     3     2     2     2     2     2     2     3
       2     2     3     2     2     2     3     3     2     2     2
       2     2     2     2     2     3     2     2     2     2     2
       2     2     2     2     2     2     2     2     2     2     2
       3     2     3     3     3     3]
  [ 2355   806   805 25345 31687   934   950 37733   963 52000 52188
    5085 60013  3280 60011   839  4188 33408  4365   912  4028 60011
     940 40662 60012   881 29715   885 60011 60012 35114   935  4536
    3528   868 28517   943   949 60012   741  4351   885   859 42823
    3844  4098 21834  4396  5725  4469  3719   941   860   849  4047
   60011 40922 60012 60010 60011 60011]]]
unstable
 
 err: 
done running mariposa 343.5
Bisecting: 1034 revisions left to test after this (roughly 10 steps)
[0644194fc96a853df44c37f9e4522796aa40add8] work on lemma from product to factors, and some renaming
running python3 /home/yizhou7/mariposa/scripts/z3-bisect.py /home/yizhou7/mariposa/data/bisect_tasks/d_lvbkv_z3_clean--Betree-Betree_Refines_Map.i.dfy.Impl__Betree__Refines__Map.__default.InsertMessageStepRefinesMap.txt
building z3
Bisecting: 1034 revisions left to test after this (roughly 10 steps)
[0321312c8db1d3f0edbd23e6e48884fbb7d77d1d] Changed to get_const_interp to match Java and C# bindings
running python3 /home/yizhou7/mariposa/scripts/z3-bisect.py /home/yizhou7/mariposa/data/bisect_tasks/d_lvbkv_z3_clean--Betree-Betree_Refines_Map.i.dfy.Impl__Betree__Refines__Map.__default.InsertMessageStepRefinesMap.txt
building z3
done building z3 3.2
running mariposa
res: 1 
 out: [[[    2     2     2     2     2     2     2     2     2     2     2
       2     2     2     2     2     2     2     2     2     2     2
       2     2     2     2     2     2     2     2     2     2     2
       2     2     2     2     2     2     2     2     2     2     2
       2     2     2     2     2     2     2     2     2     2     2
       2     2     2     2     2     2]
  [ 2597  3984  4041  3994  3949  4033  3956  3974  3922  3914  3900
    3919  3868  3889  3812  3898  3821  3824  3857  3808  3799  3876
    3858  3803  3854  3789  3823  3805  3863  3851  3797  3857  3826
    3891  3851  3799  3838  3893  3840  3813  3842  3838  3801  3777
    3851  3809  3778  3781  3813  3790  3855  3817  3804  3792  3811
    3779  3855  3524  3493  3415  3164]]

 [[    2     2     2     2     2     2     2     2     2     2     2
       2     2     2     2     2     2     2     2     2     2     2
       2     2     2     3     2     2     2     3     2     2     2
       2     2     2     2     2     2     2     2     2     2     2
       2     2     2     2     2     2     2     2     2     2     2
       2     2     2     2     2     2]
  [ 2597  4346  5263  4450  3804  5591  3766  3467  5259  4582 28525
    3515  4210 51638 49263  3774   794  4111 57957 32101  5648  3606
    4261 27195  3645 60013  4870  3628  5087 60012  6136  3531  4510
    3043 59127  5147  5366 57196  3011  6724  6255  4207 47675 48529
    3281 25694  3281  3488  3678 47987  4859  4094  5771 48851  4258
   38798  4057 49585 39727 55326 55818]]

 [[    2     2     2     2     2     2     2     2     2     2     2
       2     2     2     2     2     2     2     2     2     2     2
       3     3     2     3     2     2     2     2     2     2     2
       2     2     2     2     2     2     2     2     2     2     2
       2     2     2     2     2     2     2     2     2     2     2
       2     3     2     2     3     3]
  [ 2597   486   741   789  4421   563  9322  4614  1827  2629   919
    3189 31126  4079  3548   730 42774  2309  2437 49357   517 52462
   60012 60011 17912 60011   833 30923 46759 51217 52379  4219  4372
    2183 23020   836 49417  2302 28160  4190  4392   596  4083 35099
   12053   852   855  1477   721 25453   684 47446 24558  4099  4746
   37282 60011 39728 57892 60013 60011]]]
unstable
 
 err: 
done running mariposa 374.7
Bisecting: 261 revisions left to test after this (roughly 8 steps)
[6e637348826f0725ba8a01c455448023ca2889e4] Merge pull request #2368 from waywardmonkeys/fix-typo
running python3 /home/yizhou7/mariposa/scripts/z3-bisect.py /home/yizhou7/mariposa/data/bisect_tasks/d_lvbkv_z3_clean--Betree-Betree_Refines_Map.i.dfy.Impl__Betree__Refines__Map.__default.InsertMessageStepRefinesMap.txt
building z3
done building z3 3.2
running mariposa
res: 0 
 out: [[[    2     2     2     2     2     2     2     2     2     2     2
       2     2     2     2     2     2     2     2     2     2     2
       2     2     2     2     2     2     2     2     2     2     2
       2     2     2     2     2     2     2     2     2     2     2
       2     2     2     2     2     2     2     2     2     2     2
       2     2     2     2     2     2]
  [ 3174  4684  4688  4776  4676  4652  4639  4707  4686  4649  4745
    4649  4720  4722  4671  4790  4698  4660  4711  4625  4786  4767
    4676  4720  4678  4629  4793  4681  4829  4748  4708  4734  4688
    4720  4793  4650  4773  4638  4664  4708  4656  4726  4616  4617
    4729  4647  4710  4609  4574  4612  4678  4606  4560  4653  4606
    4571  4630  4490  4292  4221  4007]]

 [[    2     2     2     2     2     2     2     2     2     2     2
       2     2     2     2     2     2     2     2     2     2     2
       2     2     2     2     2     2     2     2     2     2     2
       2     2     2     2     2     2     2     2     2     2     2
       2     2     2     2     2     2     2     2     2     2     2
       2     2     2     2     2     2]
  [ 3174  4402  5318  4440  4312  3803  6077  5216  3765  3925  3292
    3866  3797  3493  3511  4744  3859  3724  4674  3819  3926  3783
    3590  3696  3969  3592  4865  3450  3446  5569  3865  3120 37210
    4419  4408  3861  4005  4453  3896  4173  3955  3193  4512  4358
    4620  3897  3726  4035  4467  2975  3410  3057  4850  4664  3856
    4109  3248  3816  3843 39906 47675]]

 [[    2     2     2     2     2     2     2     2     2     2     2
       2     2     2     2     2     2     2     2     2     2     2
       2     2     2     2     2     2     2     2     2     3     2
       2     2     2     2     2     2     2     2     2     2     2
       2     2     2     2     2     2     2     2     2     2     2
       2     2     2     2     2     3]
  [ 3174   443   798   779   941  1290  3500   838  4909  1286   545
     903  1000  4137  4394   678 13153  3266  2271   889  3030  4028
    2511 24328 43314 42385   842   831   702 47979 15115 60012  4307
    5021 53073  1964   877  5095 28412  4506 33018 55324 33653   866
   25525   878  5656   535   690   691 17623   791 23591 26741 29099
   41894 36107 41795 58536 53952 60012]]]
stable
 
 err: 
done running mariposa 237.3
Bisecting: 130 revisions left to test after this (roughly 7 steps)
[892aa126605d8cf9a1696af1add6cb30435fb1e0] Fix for fp.rem. Fixes #2381.
running python3 /home/yizhou7/mariposa/scripts/z3-bisect.py /home/yizhou7/mariposa/data/bisect_tasks/d_lvbkv_z3_clean--Betree-Betree_Refines_Map.i.dfy.Impl__Betree__Refines__Map.__default.InsertMessageStepRefinesMap.txt
building z3
done building z3 75.9
running mariposa
res: 1 
 out: [[[    2     2     2     2     2     2     2     2     2     2     2
       2     2     2     2     2     2     2     2     2     2     2
       2     2     2     2     2     2     2     2     2     2     2
       2     2     2     2     2     2     2     2     2     2     2
       2     2     2     2     2     2     2     2     2     2     2
       2     2     2     2     2     2]
  [ 2237  3354  3413  3380  3378  3348  3416  3363  3413  3366  3374
    3395  3356  3376  3376  3407  3301  3369  3399  3341  3311  3330
    3328  3344  3378  3301  3340  3309  3323  3298  3305  3335  3292
    3315  3267  3299  3276  3253  3275  3260  3327  3344  3254  3255
    3284  3302  3347  3303  3294  3262  3278  3266  3307  3360  3313
    3295  3280  3203  3061  2913  2734]]

 [[    2     2     2     2     2     2     2     2     2     2     2
       2     2     2     2     2     2     2     3     2     2     3
       2     2     2     2     3     2     2     3     3     2     2
       2     2     2     2     2     2     2     2     2     2     2
       2     2     2     2     2     2     2     2     2     2     3
       2     3     3     2     2     2]
  [ 2237  3836  5086  4770  3525  5077  4013  4924  5289  4177  3044
    3537  5375  3975  3954  4304  3868  6613 60013 49140  4856 60011
    3737 58109  6658  4802 60013  5054  4113 60012 60011  5159  4095
    3617  4491 50745  3699  3410  3470 49982 24662  2896  3572  5981
    4493 56941 47733  3872 47482  5591 47419  4241 40869 41645 60012
    4741 60011 60013 51456 49865 56508]]

 [[    2     2     2     2     2     2     2     2     2     2     2
       2     2     2     2     2     2     2     2     2     2     2
       3     3     3     2     2     2     2     3     2     2     2
       2     2     2     2     2     2     2     2     2     2     2
       2     2     2     2     2     2     2     2     2     2     2
       2     3     2     2     2     3]
  [ 2237   486   488   824  3959 17542 35332  4199  2441 44918  2843
     837   855  3143 49324   680  3412  3136   591  2386   499   817
   60010 60011 60013   857  2672 10856   762 60013 28470 28842  2690
    4264  2365  1684  4667   861  4546 19114 54807 48415  3304 45114
     754   809  4213  1498   696   619   853  9128 27307   855  3679
    3832 60011 39722 46127 39152 60012]]]
unstable
 
 err: 
done running mariposa 368.5
Bisecting: 64 revisions left to test after this (roughly 6 steps)
[2eea7709e06c357fb84798ae52a6690231e74e7b] Merge pull request #2438 from agurfinkel/issue_2430
running python3 /home/yizhou7/mariposa/scripts/z3-bisect.py /home/yizhou7/mariposa/data/bisect_tasks/d_lvbkv_z3_clean--Betree-Betree_Refines_Map.i.dfy.Impl__Betree__Refines__Map.__default.InsertMessageStepRefinesMap.txt
building z3
done building z3 77.8
running mariposa
res: 0 
 out: [[[    2     2     2     2     2     2     2     2     2     2     2
       2     2     2     2     2     2     2     2     2     2     2
       2     2     2     2     2     2     2     2     2     2     2
       2     2     2     2     2     2     2     2     2     2     2
       2     2     2     2     2     2     2     2     2     2     2
       2     2     2     2     2     2]
  [ 3302  4672  4667  4744  4657  4796  4700  4683  4740  4633  4761
    4681  4666  4742  4695  4646  4717  4674  4830  4692  4667  4708
    4682  4799  4706  4832  4709  4651  4649  4692  4779  4751  4716
    4625  4664  4640  4742  4688  4681  4721  4671  4626  4750  4618
    4663  4718  4645  4633  4684  4606  4606  4717  4594  4601  4624
    4518  4496  4495  4354  4156  4040]]

 [[    2     2     2     2     2     2     2     2     2     2     2
       2     2     2     2     2     2     2     2     2     2     2
       2     2     2     2     2     2     2     2     2     2     2
       2     2     2     2     2     2     2     2     2     2     2
       2     2     2     2     2     2     2     2     2     2     2
       2     2     2     2     2     2]
  [ 3302  4376  5257  4342  4310  3814  6148  5235  3664  3814  3915
    3263  3759  3521  3514  4756  3843  4693  3636  3965  3748  3802
    3598  3674  3936  3579  4782  3481  3864  5614  3369  3077  4578
   38268  4292  3864  4461  3997  4130  3144  3988  4020  4520  4305
    4609  3920  3737  4048  4552  2973  3413  3049  4865  4657  3774
    3270  4155  3865  3860 38831 47004]]

 [[    2     2     2     2     2     2     2     2     2     2     2
       2     2     2     2     2     2     2     2     2     2     2
       2     2     2     2     2     2     2     2     2     3     2
       2     2     2     2     2     2     2     2     2     2     2
       2     2     2     2     2     2     2     2     2     2     2
       2     2     2     3     2     3]
  [ 3302   444   762   804   981  1311  3529   852  4863  1281   546
     904  1020  4123  4398   673 13045  3199  2241   886  3000  4005
    2508 25049 42231 41391   829   830   689 47719 15355 60012  4291
   51080  4959  2001   883  5153 28780  4609 31418 32124 55787   852
   24846   875  5521   538 17449   658   665   785 26459 28035 24704
   42234 37381 40967 60012 52263 60012]]]
stable
 
 err: 
done running mariposa 236.4
Bisecting: 31 revisions left to test after this (roughly 5 steps)
[90415a18d330d3a6066e589aaf20f1c2cc9435f6] fix build of test
running python3 /home/yizhou7/mariposa/scripts/z3-bisect.py /home/yizhou7/mariposa/data/bisect_tasks/d_lvbkv_z3_clean--Betree-Betree_Refines_Map.i.dfy.Impl__Betree__Refines__Map.__default.InsertMessageStepRefinesMap.txt
building z3
done building z3 7.6
running mariposa
res: 1 
 out: [[[    2     2     2     2     2     2     2     2     2     2     2
       2     2     2     2     2     2     2     2     2     2     2
       2     2     2     2     2     2     2     2     2     2     2
       2     2     2     2     2     2     2     2     2     2     2
       2     2     2     2     2     2     2     2     2     2     2
       2     2     2     2     2     2]
  [ 2223  3443  3408  3411  3356  3465  3428  3353  3485  3371  3409
    3479  3362  3470  3390  3350  3380  3299  3426  3301  3347  3350
    3300  3240  3263  3341  3312  3421  3280  3297  3328  3303  3265
    3289  3293  3333  3269  3366  3273  3265  3266  3279  3319  3358
    3241  3285  3310  3286  3259  3258  3380  3268  3343  3277  3321
    3269  3365  3205  3254  3070  2881]]

 [[    2     2     2     2     2     2     2     2     2     2     2
       2     2     2     2     2     2     2     3     2     2     3
       2     2     2     2     3     2     2     3     3     2     2
       2     2     2     2     2     2     2     2     2     2     2
       2     2     2     2     2     2     2     2     2     2     3
       2     3     3     2     2     2]
  [ 2223  3765  5248  4777  5174  3493  4163  4818  5323  4178  3058
    5400  3588  3945  3976  4297  3821  6622 60012 47865  4741 60011
    3817 57719  6760  4855 60011  5148  4020 60011 60012  5141  4208
    3615  4525  3770 52065  3573 47936 24071  3397  3577  2861  5811
    4503 48186 58154  3899 47676  5725 47897  4182 41726 41349 60011
    4763 60011 60011 50793 48703 55616]]

 [[    2     2     2     2     2     2     2     2     2     2     2
       2     2     2     2     2     2     2     2     2     2     2
       3     3     3     2     2     2     2     3     2     2     2
       2     2     2     2     2     2     2     2     2     2     2
       2     2     2     2     2     2     2     2     2     2     2
       2     3     2     2     2     3]
  [ 2223   484   490   817  4023 17375 37871  4274 43382  2317   857
    2762   870 48934  3091   676  3405  3107   589  2353   800   489
   60010 60012 60011   842  2679 11417   769 60013 28779 28564  2678
    4305  2371  1690  4763   852  4590 19068 55904 43804   804  3246
   50638   831  4254  1490   697   613   850 27071  9191   882  3665
    3859 60011 40497 45439 38303 60012]]]
unstable
 
 err: 
done running mariposa 368.1
Bisecting: 15 revisions left to test after this (roughly 4 steps)
[3f032e85e0339ca73718db431d91849d1fe8c530] remove include of thread
running python3 /home/yizhou7/mariposa/scripts/z3-bisect.py /home/yizhou7/mariposa/data/bisect_tasks/d_lvbkv_z3_clean--Betree-Betree_Refines_Map.i.dfy.Impl__Betree__Refines__Map.__default.InsertMessageStepRefinesMap.txt
building z3
done building z3 6.2
running mariposa
res: 1 
 out: [[[    2     2     2     2     2     2     2     2     2     2     2
       2     2     2     2     2     2     2     2     2     2     2
       2     2     2     2     2     2     2     2     2     2     2
       2     2     2     2     2     2     2     2     2     2     2
       2     2     2     2     2     2     2     2     2     2     2
       2     2     2     2     2     2]
  [ 2217  3504  3386  3396  3425  3424  3400  3403  3459  3394  3427
    3394  3459  3382  3363  3363  3315  3368  3356  3280  3314  3305
    3410  3260  3242  3364  3258  3277  3306  3318  3334  3287  3255
    3326  3287  3303  3291  3239  3257  3322  3282  3296  3254  3274
    3246  3273  3302  3269  3235  3262  3233  3293  3340  3268  3264
    3249  3220  3187  3242  2968  2915]]

 [[    2     2     2     2     2     2     2     2     2     2     2
       2     2     2     2     2     2     2     3     2     2     3
       2     2     2     2     2     3     2     3     3     2     2
       2     2     2     2     2     2     2     2     2     2     2
       2     2     2     2     2     2     2     2     2     2     2
       3     3     3     2     2     2]
  [ 2217  3832  5173  4798  3419  5088  4123  4828  5375  4154  3080
    3507  5457  3954  3956  4275  3888  6645 60012 49414  4914 60013
    3675 54260  6511  4706  5185 60011  4094 60012 60010  5138  4190
    3584  4496  3785 51123  3414 48400  3418 24302  3624  2941  5915
    4502 54643 48360  3929 48162  5545 48299  4213 41891 40917  4645
   60013 60011 60011 48027 48025 56706]]

 [[    2     2     2     2     2     2     2     2     2     2     2
       2     2     2     2     2     2     2     2     2     2     2
       2     3     3     2     2     2     2     2     3     2     2
       2     2     2     2     2     2     2     2     2     2     2
       2     2     2     2     2     2     2     2     2     2     2
       2     2     3     2     2     3]
  [ 2217   498   483   831  3965 17550 36482  4274  2478 43718   851
    2748 47536   848  3115   690  3347  3180   589   845  2363   505
   57479 60010 60012   855  2740 11157   758 27790 60011 29136  2701
    4272  2366  1656  4720   857  4467 18729 56086 44519 50040   786
    3220   810  4139  1481   693   610   843  9354 27266   866  3681
    3861 38480 60011 45694 39183 60011]]]
unstable
 
 err: 
done running mariposa 367.6
Bisecting: 8 revisions left to test after this (roughly 3 steps)
[2bd8d3b4852765cdd92abd7db6331fc5bac8fb5d] fixes for input4/5 #2416
running python3 /home/yizhou7/mariposa/scripts/z3-bisect.py /home/yizhou7/mariposa/data/bisect_tasks/d_lvbkv_z3_clean--Betree-Betree_Refines_Map.i.dfy.Impl__Betree__Refines__Map.__default.InsertMessageStepRefinesMap.txt
building z3
done building z3 3.1
running mariposa
res: 0 
 out: [[[    2     2     2     2     2     2     2     2     2     2     2
       2     2     2     2     2     2     2     2     2     2     2
       2     2     2     2     2     2     2     2     2     2     2
       2     2     2     2     2     2     2     2     2     2     2
       2     2     2     2     2     2     2     2     2     2     2
       2     2     2     2     2     2]
  [ 3200  4655  4720  4677  4672  4698  4662  4715  4704  4735  4660
    4618  4675  4735  4722  4820  4626  4698  4623  4763  4661  4663
    4687  4648  4747  4617  4632  4715  4696  4767  4654  4727  4717
    4689  4683  4666  4606  4736  4688  4641  4609  4679  4609  4645
    4677  4589  4718  4599  4686  4592  4572  4571  4584  4673  4611
    4569  4460  4456  4419  4217  4051]]

 [[    2     2     2     2     2     2     2     2     2     2     2
       2     2     2     2     2     2     2     2     2     2     2
       2     2     2     2     2     2     2     2     2     2     2
       2     2     2     2     2     2     2     2     2     2     2
       2     2     2     2     2     2     2     2     2     2     2
       2     2     2     2     2     2]
  [ 3200  4265  5250  4347  4241  3777  5842  5089  3956  3933  3940
    3293  3764  3542  3444  4723  3892  3651  4759  3917  3827  3816
    3655  3693  3878  3627  4809  3468  5517  3438  3907 37681  3053
    4425  4294  3869  4445  3990  4149  3913  3122  3972  4483  4340
    4579  3937  3766  3957  2977  4612  3346  3132  4571  4931  3790
    3186  4048  3914  3838 39639 46142]]

 [[    2     2     2     2     2     2     2     2     2     2     2
       2     2     2     2     2     2     2     2     2     2     2
       2     2     2     2     2     2     2     2     2     3     2
       2     2     2     2     2     2     2     2     2     2     2
       2     2     2     2     2     2     2     2     2     2     2
       2     2     2     3     2     3]
  [ 3200   444   731   832   966  1307  3448   843  1298  5000   542
     914  1002  4151  4407 12279   670  3276  2289   900  3029  3996
    2505 41131 25468 43583   832   818   683 47413 15853 60012  4312
   50159  4800  5138   864  1925 28875  4519 32847 54534 32636   846
   25031   877  5556   543   687   685 17621   803 29076 24485 26733
   39507 37722 42100 60011 54378 60013]]]
stable
 
 err: 
done running mariposa 236.4
Bisecting: 3 revisions left to test after this (roughly 2 steps)
[04e0b767c300aec525493d4ab1a8dd5d8e3407f9] Fix sudoku Java example
running python3 /home/yizhou7/mariposa/scripts/z3-bisect.py /home/yizhou7/mariposa/data/bisect_tasks/d_lvbkv_z3_clean--Betree-Betree_Refines_Map.i.dfy.Impl__Betree__Refines__Map.__default.InsertMessageStepRefinesMap.txt
building z3
done building z3 3.2
running mariposa
res: 0 
 out: [[[    2     2     2     2     2     2     2     2     2     2     2
       2     2     2     2     2     2     2     2     2     2     2
       2     2     2     2     2     2     2     2     2     2     2
       2     2     2     2     2     2     2     2     2     2     2
       2     2     2     2     2     2     2     2     2     2     2
       2     2     2     2     2     2]
  [ 3161  4765  4717  4769  4713  4736  4717  4770  4753  4703  4707
    4775  4726  4799  4781  4707  4800  4789  4690  4745  4675  4704
    4773  4793  4711  4677  4770  4810  4763  4787  4723  4794  4669
    4774  4763  4744  4665  4672  4778  4635  4680  4711  4712  4650
    4649  4726  4737  4724  4641  4709  4656  4659  4699  4646  4734
    4601  4587  4562  4546  4196  4010]]

 [[    2     2     2     2     2     2     2     2     2     2     2
       2     2     2     2     2     2     2     2     2     2     2
       2     2     2     2     2     2     2     2     2     2     2
       2     2     2     2     2     2     2     2     2     2     2
       2     2     2     2     2     2     2     2     2     2     2
       2     2     2     2     2     2]
  [ 3161  4416  5278  4404  4300  3778  5957  5118  3673  3882  3285
    3909  3756  3478  3470  3847  4706  3779  4670  3872  3847  3909
    3631  3670  3980  3617  4814  3447  5577  3888  3479  3167 37483
    4553  4393  3862  4486  4031  3940  4202  4041  3194  4501  4341
    4708  3893  3863  4034  4530  3030  3361  3070  4957  3853  4738
    3244  4152  3858  3969 38394 47290]]

 [[    2     2     2     2     2     2     2     2     2     2     2
       2     2     2     2     2     2     2     2     2     2     2
       2     2     2     2     2     2     2     2     2     2     2
       2     2     2     2     2     2     2     2     2     2     2
       2     2     2     2     2     2     2     2     2     2     2
       2     2     2     3     2     3]
  [ 3161   445   726   834   978  1309  3483   841  1295  5036   548
     912  1025  4168  4498 12373   675  3288  2281   906  3022  4065
    2481 41599 40352 25156   827   837   696 47755 15167 59918  4343
   52398  4954  1957   862 28138  5129  4460 33063 31908 55099   852
   25915   888  5616   542 17499   678   678   788 25359 24356 28823
   40520 36732 40057 60011 53896 60013]]]
stable
 
 err: 
done running mariposa 236.4
Bisecting: 1 revision left to test after this (roughly 1 step)
[7f073a0585168821adbc8a4603a8e5964542a60f] fix #2452 fix #2451
running python3 /home/yizhou7/mariposa/scripts/z3-bisect.py /home/yizhou7/mariposa/data/bisect_tasks/d_lvbkv_z3_clean--Betree-Betree_Refines_Map.i.dfy.Impl__Betree__Refines__Map.__default.InsertMessageStepRefinesMap.txt
building z3
done building z3 4.3
running mariposa
res: 1 
 out: [[[    2     2     2     2     2     2     2     2     2     2     2
       2     2     2     2     2     2     2     2     2     2     2
       2     2     2     2     2     2     2     2     2     2     2
       2     2     2     2     2     2     2     2     2     2     2
       2     2     2     2     2     2     2     2     2     2     2
       2     2     2     2     2     2]
  [ 2332  3433  3519  3461  3408  3449  3462  3432  3454  3433  3376
    3436  3452  3425  3372  3417  3400  3421  3346  3287  3339  3310
    3337  3368  3293  3271  3312  3384  3290  3304  3259  3312  3265
    3292  3270  3280  3253  3255  3341  3281  3367  3315  3271  3305
    3267  3322  3269  3271  3301  3239  3358  3339  3287  3278  3286
    3270  3250  3266  3249  3122  2594]]

 [[    2     2     2     2     2     2     2     2     2     2     2
       2     2     2     2     2     2     2     3     2     2     3
       2     2     2     2     3     2     2     3     3     2     2
       2     2     2     2     2     2     2     2     2     2     2
       2     2     2     2     2     2     2     2     2     2     3
       2     3     3     2     2     2]
  [ 2332  3781  4779  5117  3531  5364  4038  4743  5441  4060  5354
    3193  3556  3989  3872  4290  3831  6577 60011 49635  4920 60013
    3723  6727 59786  4908 60011  5199  4074 60011 60011  5110  4138
    3642  4513 51042  3822  3469 50567 24133  3502  2888  3704  5825
    4680 47312 59297  3985 47004  5660 46987  4224 41962 42119 60013
    4753 60013 60011 50700 49240 57375]]

 [[    2     2     2     2     2     2     2     2     2     2     2
       2     2     2     2     2     2     2     2     2     2     2
       2     3     3     2     2     2     2     3     2     2     2
       2     2     2     2     2     2     2     2     2     2     2
       2     2     2     2     2     2     2     2     2     2     2
       2     2     3     2     2     3]
  [ 2332   517   513   826  4043 17401 36894  4324  2530 44328   860
    2801   884 48315  3129   689  3173  3422   596   839  2367   516
   58676 60010 60012   861  2677 11213   763 60012 27669 29156  4197
    2712  2372  1678  4593   860  4433 19956 43879 57598   800 50011
    3134   835  4291  1512   702   614   861 27354  9535   867 37437
    3713  3707 60011 45597 38325 60012]]]
unstable
 
 err: 
done running mariposa 369.4
Bisecting: 0 revisions left to test after this (roughly 0 steps)
[b7a27ca4bd25792208a77dae7e6023fce2a01291] Merge pull request #2454 from RichardBradley/java_sudoku_example_fix
running python3 /home/yizhou7/mariposa/scripts/z3-bisect.py /home/yizhou7/mariposa/data/bisect_tasks/d_lvbkv_z3_clean--Betree-Betree_Refines_Map.i.dfy.Impl__Betree__Refines__Map.__default.InsertMessageStepRefinesMap.txt
building z3
done building z3 3.2
running mariposa
res: 0 
 out: [[[    2     2     2     2     2     2     2     2     2     2     2
       2     2     2     2     2     2     2     2     2     2     2
       2     2     2     2     2     2     2     2     2     2     2
       2     2     2     2     2     2     2     2     2     2     2
       2     2     2     2     2     2     2     2     2     2     2
       2     2     2     2     2     2]
  [ 3226  4709  4726  4734  4710  4749  4758  4712  4754  4714  4761
    4739  4712  4767  4685  4755  4736  4835  4744  4654  4725  4729
    4825  4705  4748  4704  4784  4733  4772  4712  4777  4743  4720
    4724  4703  4721  4710  4696  4800  4716  4777  4692  4648  4663
    4693  4686  4760  4632  4643  4686  4665  4610  4685  4643  4730
    4624  4534  4580  4257  4186  4101]]

 [[    2     2     2     2     2     2     2     2     2     2     2
       2     2     2     2     2     2     2     2     2     2     2
       2     2     2     2     2     2     2     2     2     2     2
       2     2     2     2     2     2     2     2     2     2     2
       2     2     2     2     2     2     2     2     2     2     2
       2     2     2     2     2     2]
  [ 3226  4323  5388  4311  4330  3793  5963  5196  3933  3803  3224
    3839  3841  3464  3523  4757  3886  3736  4653  3976  3833  3841
    3577  3772  3940  3666  4800  3556  5574  3830  3391  3112 38161
    4587  4374  3875  4512  4107  4068  3946  3232  4041  4540  4357
    4741  3931  3830  3936  4616  3060  3452  3091  4877  4669  3767
    3256  4200  3867  3889 40966 46326]]

 [[    2     2     2     2     2     2     2     2     2     2     2
       2     2     2     2     2     2     2     2     2     2     2
       2     2     2     2     2     2     2     2     2     2     3
       2     2     2     2     2     2     2     2     2     2     2
       2     2     2     2     2     2     2     2     2     2     2
       2     2     2     2     2     3]
  [ 3226   450   749   833   972  1350  3523   836  5031  1291   556
     903  1033  4184  4414   687 12776  3252  2291   916  3027  4097
    2495 39520 25177 43062   847   830   697 47892 14950  4281 60012
    4947 52840  1964   872  5141 29294  4477 33226 55005 31835   847
   24991   884  5588   536   687   691 17322   799 24628 26787 29060
   40829 37731 41845 58288 53794 60011]]]
stable
 
 err: 
done running mariposa 237.5
7f073a0585168821adbc8a4603a8e5964542a60f is the first bad commit
commit 7f073a0585168821adbc8a4603a8e5964542a60f
Author: Nikolaj Bjorner <nbjorner@microsoft.com>
Date:   Thu Aug 1 16:28:05 2019 +0800

    fix #2452 fix #2451
    
    Signed-off-by: Nikolaj Bjorner <nbjorner@microsoft.com>

:040000 040000 7edd2afa0135ed084fba01bbd127f03046eb08c3 3aeb20e3aec8be7291f9f3c9bd67a3892f3d7a01 M	src
bisect run success
git bisect start
# good: [e79542cc689d52ec4cb34ce4ae3fbe56e7a0bf70] fix #2309
git bisect good e79542cc689d52ec4cb34ce4ae3fbe56e7a0bf70
# bad: [ad55a1f1c617a7f0c3dd735c0780fc758424c7f1] Update release.yml for Azure Pipelines
git bisect bad ad55a1f1c617a7f0c3dd735c0780fc758424c7f1
# skip: [e2702f3ae88f5c48a55f4473bb5c29184c182634] fixes in assigning constraints to intervals
git bisect skip e2702f3ae88f5c48a55f4473bb5c29184c182634
# skip: [1915812f84cf41a5f232eedf2a695a54d055aa88] add a test for intervals
git bisect skip 1915812f84cf41a5f232eedf2a695a54d055aa88
# bad: [8faf35e2e0c8fce99794e71bd3b5de74b95ceb5a] fix #3735
git bisect bad 8faf35e2e0c8fce99794e71bd3b5de74b95ceb5a
# skip: [d1a5635b4ad7f8632356b380f3a9b1fc83fdb04f] better model based lemmaas
git bisect skip d1a5635b4ad7f8632356b380f3a9b1fc83fdb04f
# skip: [0a86bd14f792ef5fadb8eeb346729a612f7e1588] start on test nla
git bisect skip 0a86bd14f792ef5fadb8eeb346729a612f7e1588
# bad: [f7747d9e76bd685a02ce5c5fbda91fc356856b5e] fix parameter collection for tactic-based solvers reported in #3065
git bisect bad f7747d9e76bd685a02ce5c5fbda91fc356856b5e
# skip: [0644194fc96a853df44c37f9e4522796aa40add8] work on lemma from product to factors, and some renaming
git bisect skip 0644194fc96a853df44c37f9e4522796aa40add8
# bad: [0321312c8db1d3f0edbd23e6e48884fbb7d77d1d] Changed to get_const_interp to match Java and C# bindings
git bisect bad 0321312c8db1d3f0edbd23e6e48884fbb7d77d1d
# good: [6e637348826f0725ba8a01c455448023ca2889e4] Merge pull request #2368 from waywardmonkeys/fix-typo
git bisect good 6e637348826f0725ba8a01c455448023ca2889e4
# bad: [892aa126605d8cf9a1696af1add6cb30435fb1e0] Fix for fp.rem. Fixes #2381.
git bisect bad 892aa126605d8cf9a1696af1add6cb30435fb1e0
# good: [2eea7709e06c357fb84798ae52a6690231e74e7b] Merge pull request #2438 from agurfinkel/issue_2430
git bisect good 2eea7709e06c357fb84798ae52a6690231e74e7b
# bad: [90415a18d330d3a6066e589aaf20f1c2cc9435f6] fix build of test
git bisect bad 90415a18d330d3a6066e589aaf20f1c2cc9435f6
# bad: [3f032e85e0339ca73718db431d91849d1fe8c530] remove include of thread
git bisect bad 3f032e85e0339ca73718db431d91849d1fe8c530
# good: [2bd8d3b4852765cdd92abd7db6331fc5bac8fb5d] fixes for input4/5 #2416
git bisect good 2bd8d3b4852765cdd92abd7db6331fc5bac8fb5d
# good: [04e0b767c300aec525493d4ab1a8dd5d8e3407f9] Fix sudoku Java example
git bisect good 04e0b767c300aec525493d4ab1a8dd5d8e3407f9
# bad: [7f073a0585168821adbc8a4603a8e5964542a60f] fix #2452 fix #2451
git bisect bad 7f073a0585168821adbc8a4603a8e5964542a60f
# good: [b7a27ca4bd25792208a77dae7e6023fce2a01291] Merge pull request #2454 from RichardBradley/java_sudoku_example_fix
git bisect good b7a27ca4bd25792208a77dae7e6023fce2a01291
# first bad commit: [7f073a0585168821adbc8a4603a8e5964542a60f] fix #2452 fix #2451
