running python3 /home/yizhou7/mariposa/scripts/z3-bisect.py /home/yizhou7/mariposa/data/bisect_tasks/d_lvbkv_z3_clean--lib-Buckets-BucketsLib.i.dfy.Impl__BucketsLib.__default.WFSplitBucketListRight.txt
building z3
Bisecting: 1453 revisions left to test after this (roughly 11 steps)
[1915812f84cf41a5f232eedf2a695a54d055aa88] add a test for intervals
running python3 /home/yizhou7/mariposa/scripts/z3-bisect.py /home/yizhou7/mariposa/data/bisect_tasks/d_lvbkv_z3_clean--lib-Buckets-BucketsLib.i.dfy.Impl__BucketsLib.__default.WFSplitBucketListRight.txt
building z3
Bisecting: 1453 revisions left to test after this (roughly 11 steps)
[8faf35e2e0c8fce99794e71bd3b5de74b95ceb5a] fix #3735
running python3 /home/yizhou7/mariposa/scripts/z3-bisect.py /home/yizhou7/mariposa/data/bisect_tasks/d_lvbkv_z3_clean--lib-Buckets-BucketsLib.i.dfy.Impl__BucketsLib.__default.WFSplitBucketListRight.txt
building z3
done building z3 3.2
running mariposa
res: 1 
 out: [[[    3     3     3     3     3     3     3     3     3     3     3
       3     3     3     3     3     3     3     3     3     3     3
       3     3     3     3     3     3     3     3     3     3     3
       3     3     3     3     3     3     3     3     3     3     3
       3     3     3     3     3     3     3     3     3     3     3
       3     3     3     3     3     3]
  [60040 60039 60034 60031 60034 60045 60040 60033 60034 60035 60039
   60037 60044 60038 60033 60036 60035 60039 60038 60044 60040 60035
   60035 60037 60037 60036 60045 60039 60035 60035 60035 60037 60036
   60043 60039 60040 60037 60034 60035 60034 60042 60039 60040 60038
   60032 60036 60033 60044 60039 60040 60037 60034 60034 60038 60044
   60038 60036 60034 60029 60029 60028]]

 [[    3     2     2     2     3     2     3     3     2     3     3
       3     3     2     2     2     2     2     3     3     3     3
       2     2     3     3     3     2     3     2     3     3     2
       3     3     2     3     3     3     3     3     3     3     2
       2     3     3     2     3     3     2     3     3     2     3
       3     3     3     3     3     3]
  [60040   350   385   392 60037   430 60043 60037   349 60037 60032
   60032 60028   403   406   400   427   408 60035 60042 60037 60031
     364   373 60035 60032 60034   412 60032   410 60043 60035   372
   60036 60032   363 60029 60035 60034 60040 60039 60034 60030   404
     417 60037 60032   401 60031 60043   365 60036 60039   373 60039
   60033 60033 60034 60042 60037 60037]]

 [[    3     2     2     2     2     2     2     2     2     3     3
       3     3     3     2     3     3     2     2     2     2     2
       2     2     2     3     3     3     3     3     3     2     2
       2     2     2     3     2     2     2     2     3     3     3
       3     2     3     2     2     3     2     2     2     3     2
       3     3     3     3     3     3]
  [60040   336   335   366   367   368   366   333   374 60029 60041
   60028 60035 60037   391 60023 60024   359   382   385   382   342
     364   404   484 60039 60036 60038 60023 60035 60027   376   387
     370   431   457 60033   450   454   468   546 60040 60034 60026
   60026   390 60035   454   444 60032   452   524   464 60034   479
   60038 60040 60035 60031 60030 60030]]]
unstable
 
 err: 
done running mariposa 1154.6
Bisecting: 1254 revisions left to test after this (roughly 10 steps)
[d1a5635b4ad7f8632356b380f3a9b1fc83fdb04f] better model based lemmaas
running python3 /home/yizhou7/mariposa/scripts/z3-bisect.py /home/yizhou7/mariposa/data/bisect_tasks/d_lvbkv_z3_clean--lib-Buckets-BucketsLib.i.dfy.Impl__BucketsLib.__default.WFSplitBucketListRight.txt
building z3
Bisecting: 1254 revisions left to test after this (roughly 10 steps)
[0a86bd14f792ef5fadb8eeb346729a612f7e1588] start on test nla
running python3 /home/yizhou7/mariposa/scripts/z3-bisect.py /home/yizhou7/mariposa/data/bisect_tasks/d_lvbkv_z3_clean--lib-Buckets-BucketsLib.i.dfy.Impl__BucketsLib.__default.WFSplitBucketListRight.txt
building z3
Bisecting: 1254 revisions left to test after this (roughly 10 steps)
[f7747d9e76bd685a02ce5c5fbda91fc356856b5e] fix parameter collection for tactic-based solvers reported in #3065
running python3 /home/yizhou7/mariposa/scripts/z3-bisect.py /home/yizhou7/mariposa/data/bisect_tasks/d_lvbkv_z3_clean--lib-Buckets-BucketsLib.i.dfy.Impl__BucketsLib.__default.WFSplitBucketListRight.txt
building z3
done building z3 3.2
running mariposa
res: 1 
 out: [[[    3     3     3     3     3     3     3     3     3     3     3
       3     3     3     3     3     3     3     3     3     3     3
       3     3     3     3     3     3     3     3     3     3     3
       3     3     3     3     3     3     3     3     3     3     3
       3     3     3     3     3     3     3     3     3     3     3
       3     3     3     3     3     3]
  [60044 60043 60040 60035 60041 60035 60039 60038 60044 60041 60035
   60039 60039 60039 60039 60044 60041 60037 60037 60040 60039 60039
   60043 60041 60035 60038 60038 60039 60037 60045 60040 60036 60038
   60039 60038 60037 60043 60043 60036 60038 60038 60041 60037 60045
   60040 60035 60037 60038 60040 60039 60044 60041 60036 60043 60037
   60038 60038 60045 60041 60035 60035]]

 [[    3     2     2     2     2     3     2     3     3     2     3
       3     2     3     2     2     2     2     3     3     3     3
       3     2     2     3     3     2     2     2     3     3     3
       2     3     3     2     3     3     3     3     3     3     3
       2     2     2     2     3     2     3     2     3     3     2
       3     2     3     3     3     3]
  [60044   331   341   401   396 60040   358 60036 60035   336 60034
   60037   412 60036   416   407   430   406 60045 60038 60032 60037
   60037   382   398 60036 60036   411   414   407 60045 60040 60037
     341 60034 60038   400 60038 60038 60043 60038 60033 60039 60039
     397   397   396   398 60038   423 60036   420 60044 60040   351
   60034   343 60037 60041 60039 60037]]

 [[    3     2     2     2     2     2     2     3     3     3     3
       3     2     3     2     2     3     2     2     2     2     2
       3     3     2     2     3     3     3     3     2     3     2
       2     2     3     3     3     2     2     2     3     3     2
       3     2     2     2     3     2     2     2     3     3     3
       3     2     3     3     3     3]
  [60044   335   365   336   364   350   400 60037 60039 60034 60034
   60032   371 60031   366   371 60027   391   432   404   447   455
   60040 60043   397   397 60035 60036 60031 60031   369 60041   426
     486   465 60046 60044 60034   382   415   365 60036 60035   358
   60039   369   443   456 60045   460   541   481 60043 60039 60038
   60033   364 60035 60043 60047 60039]]]
unstable
 
 err: 
done running mariposa 1152.4
Bisecting: 1034 revisions left to test after this (roughly 10 steps)
[0644194fc96a853df44c37f9e4522796aa40add8] work on lemma from product to factors, and some renaming
running python3 /home/yizhou7/mariposa/scripts/z3-bisect.py /home/yizhou7/mariposa/data/bisect_tasks/d_lvbkv_z3_clean--lib-Buckets-BucketsLib.i.dfy.Impl__BucketsLib.__default.WFSplitBucketListRight.txt
building z3
Bisecting: 1034 revisions left to test after this (roughly 10 steps)
[0321312c8db1d3f0edbd23e6e48884fbb7d77d1d] Changed to get_const_interp to match Java and C# bindings
running python3 /home/yizhou7/mariposa/scripts/z3-bisect.py /home/yizhou7/mariposa/data/bisect_tasks/d_lvbkv_z3_clean--lib-Buckets-BucketsLib.i.dfy.Impl__BucketsLib.__default.WFSplitBucketListRight.txt
building z3
done building z3 3.1
running mariposa
res: 1 
 out: [[[    3     3     3     3     3     3     3     3     3     3     3
       3     3     3     3     3     3     3     3     3     3     3
       3     3     3     3     3     3     3     3     3     3     3
       3     3     3     3     3     3     3     3     3     3     3
       3     3     3     3     3     3     3     3     3     3     3
       3     3     3     3     3     3]
  [60045 60044 60044 60048 60041 60041 60040 60041 60039 60041 60045
   60043 60043 60040 60040 60037 60044 60044 60044 60043 60037 60038
   60039 60044 60048 60041 60044 60039 60039 60039 60043 60045 60043
   60044 60039 60040 60039 60043 60046 60043 60045 60039 60040 60037
   60043 60046 60043 60043 60041 60041 60036 60042 60046 60040 60045
   60040 60036 60035 60036 60049 60040]]

 [[    3     2     2     2     2     3     3     3     2     3     3
       2     3     3     2     3     3     2     3     3     2     2
       3     2     3     3     2     3     2     3     3     3     3
       2     3     3     2     3     3     2     3     2     2     3
       2     3     3     3     3     3     3     2     2     2     3
       3     3     3     3     3     3]
  [60045   357   363   396   397 60041 60035 60039   367 60036 60043
     398 60047 60043   341 60045 60034   390 60036 60039   383   393
   60040   410 60048 60043   333 60041   365 60035 60036 60037 60043
     406 60047 60042   337 60044 60034   371 60036   353   354 60037
     407 60043 60043 60044 60039 60036 60038   366   383   394 60037
   60043 60047 60042 60040 60041 60035]]

 [[    3     2     2     2     2     2     2     2     2     2     2
       2     2     2     2     2     2     2     2     2     2     2
       2     2     2     2     2     2     2     3     3     2     3
       3     3     3     2     3     3     3     3     2     3     3
       3     2     2     3     2     2     3     3     2     3     3
       3     2     3     3     3     3]
  [60045   313   318   313   311   316   315   322   318   324   317
     325   362   359   358   365   363   371   364   362   371   387
     386   384   419   447   421   461   458 60040 60040   370 60042
   60037 60038 60037   383 60044 60049 60042 60041   389 60035 60035
   60037   424   446 60041   463   453 60045 60043   363 60040 60039
   60041   393 60038 60033 60047 60042]]]
unstable
 
 err: 
done running mariposa 1148.4
Bisecting: 261 revisions left to test after this (roughly 8 steps)
[6e637348826f0725ba8a01c455448023ca2889e4] Merge pull request #2368 from waywardmonkeys/fix-typo
running python3 /home/yizhou7/mariposa/scripts/z3-bisect.py /home/yizhou7/mariposa/data/bisect_tasks/d_lvbkv_z3_clean--lib-Buckets-BucketsLib.i.dfy.Impl__BucketsLib.__default.WFSplitBucketListRight.txt
building z3
done building z3 3.1
running mariposa
res: 1 
 out: [[[    2     2     2     2     2     2     2     2     2     2     2
       2     2     2     2     2     2     2     2     2     2     2
       2     2     2     2     2     2     2     2     2     2     2
       2     2     2     2     2     2     2     2     2     2     2
       2     2     2     2     2     2     2     2     2     2     2
       2     2     2     2     2     2]
  [  228   351   356   353   355   353   349   349   349   352   348
     333   323   327   319   320   321   320   322   324   322   322
     324   320   321   323   321   325   323   316   317   314   285
     285   284   285   285   283   285   284   289   291   292   290
     291   299   294   290   289   290   292   293   292   290   292
     290   294   291   288   287   285]]

 [[    2     2     2     2     2     2     2     2     2     2     2
       2     2     2     2     2     2     2     2     2     2     2
       2     2     2     2     2     2     2     2     2     2     2
       2     2     2     2     2     2     2     2     2     3     3
       2     3     2     2     3     2     2     2     2     2     2
       2     3     3     3     3     3]
  [  228   312   298   298   299   301   295   296   290   297   290
     290   299   304   298   320   346   358   348   362   362   376
     372   380   372   374   367   366   366   367   381   368   363
     362   370   364   372   364   373   377   390   376 60047 60050
     326 60046   324   337 60047   329   324   330   339   361   361
     358 60045 60046 60043 60062 60052]]

 [[    2     2     2     2     2     2     2     2     2     2     2
       2     2     2     2     2     2     2     2     2     2     2
       3     3     2     3     2     2     2     3     3     3     2
       2     3     2     3     3     3     3     2     3     3     2
       3     2     2     2     2     2     2     3     3     2     2
       3     2     3     3     3     3]
  [  228   304   305   300   307   305   306   309   307   306   310
     315   314   311   307   312   380   368   386   379   402   425
   60039 60037   375 60038   350   356   344 60032 60034 60035   376
     368 60042   419 60045 60041 60040 60039   344 60035 60033   405
   60038   449   446   460   462   458   454 60051 60043   356   358
   60040   347 60036 60032 60033 60039]]]
unstable
 
 err: 
done running mariposa 307.3
Bisecting: 130 revisions left to test after this (roughly 7 steps)
[9b4f327e29de8eadd112e53af5a8fb9f430fabf7] set upload mode to replace
running python3 /home/yizhou7/mariposa/scripts/z3-bisect.py /home/yizhou7/mariposa/data/bisect_tasks/d_lvbkv_z3_clean--lib-Buckets-BucketsLib.i.dfy.Impl__BucketsLib.__default.WFSplitBucketListRight.txt
building z3
done building z3 3.1
running mariposa
res: 0 
 out: [[[  2   2   2   2   2   2   2   2   2   2   2   2   2   2   2   2   2
     2   2   2   2   2   2   2   2   2   2   2   2   2   2   2   2   2
     2   2   2   2   2   2   2   2   2   2   2   2   2   2   2   2   2
     2   2   2   2   2   2   2   2   2   2]
  [222 262 264 262 261 264 265 261 263 261 262 260 266 264 263 263 262
   263 262 263 265 265 261 261 264 262 263 264 263 262 260 262 260 261
   264 261 261 262 261 263 261 264 265 261 259 262 262 260 265 263 262
   264 262 261 263 262 255 254 255 251 252]]

 [[  2   2   2   2   2   2   2   2   2   2   2   2   2   2   2   2   2
     2   2   2   2   2   2   2   2   2   2   2   2   2   2   2   2   2
     2   2   2   2   2   2   2   2   2   2   2   2   2   2   2   2   2
     2   2   2   2   2   2   2   2   2   2]
  [222 269 266 267 268 271 269 267 267 266 267 270 269 271 266 266 269
   268 271 270 269 268 266 267 268 269 271 268 267 265 270 267 267 268
   268 270 266 268 267 267 269 271 266 266 268 268 269 266 267 267 268
   268 267 267 268 269 269 267 271 269 265]]

 [[  2   2   2   2   2   2   2   2   2   2   2   2   2   2   2   2   2
     2   2   2   2   2   2   2   2   2   2   2   2   2   2   2   2   2
     2   2   2   2   2   2   2   2   2   2   2   2   2   2   2   2   2
     2   2   2   2   2   2   2   2   2   2]
  [222 292 294 294 292 296 293 295 293 291 291 295 296 291 294 294 290
   293 292 292 291 293 296 295 297 295 294 294 291 292 295 294 292 295
   292 293 296 288 297 297 296 291 292 294 291 289 296 296 294 290 290
   293 290 293 293 293 295 295 289 292 292]]]
stable
 
 err: 
done running mariposa 13.8
Bisecting: 65 revisions left to test after this (roughly 6 steps)
[42ac3a536369a7d4a7eafa1fa15b571b146ba594] merge with csp
running python3 /home/yizhou7/mariposa/scripts/z3-bisect.py /home/yizhou7/mariposa/data/bisect_tasks/d_lvbkv_z3_clean--lib-Buckets-BucketsLib.i.dfy.Impl__BucketsLib.__default.WFSplitBucketListRight.txt
building z3
done building z3 3.1
running mariposa
res: 0 
 out: [[[  2   2   2   2   2   2   2   2   2   2   2   2   2   2   2   2   2
     2   2   2   2   2   2   2   2   2   2   2   2   2   2   2   2   2
     2   2   2   2   2   2   2   2   2   2   2   2   2   2   2   2   2
     2   2   2   2   2   2   2   2   2   2]
  [222 263 262 261 261 261 264 262 263 261 261 258 265 263 261 263 262
   260 262 266 266 261 262 261 261 259 263 264 261 263 261 260 261 265
   265 261 262 262 260 261 266 265 262 263 261 261 260 265 263 263 262
   263 260 258 265 265 256 256 256 247 250]]

 [[  2   2   2   2   2   2   2   2   2   2   2   2   2   2   2   2   2
     2   2   2   2   2   2   2   2   2   2   2   2   2   2   2   2   2
     2   2   2   2   2   2   2   2   2   2   2   2   2   2   2   2   2
     2   2   2   2   2   2   2   2   2   2]
  [222 267 267 266 266 269 268 266 267 265 270 267 267 269 265 267 267
   266 269 267 269 266 264 266 271 269 268 266 267 266 267 268 268 269
   268 266 266 266 269 266 269 271 267 266 267 267 270 268 269 268 265
   270 267 268 268 268 267 266 269 266 266]]

 [[  2   2   2   2   2   2   2   2   2   2   2   2   2   2   2   2   2
     2   2   2   2   2   2   2   2   2   2   2   2   2   2   2   2   2
     2   2   2   2   2   2   2   2   2   2   2   2   2   2   2   2   2
     2   2   2   2   2   2   2   2   2   2]
  [222 292 293 295 296 294 291 296 296 290 296 287 296 289 291 294 289
   290 303 291 293 291 292 294 293 291 294 294 289 292 294 289 289 294
   291 293 291 293 290 288 295 293 292 290 290 290 294 289 294 294 290
   292 290 290 291 295 294 292 291 290 287]]]
stable
 
 err: 
done running mariposa 13.8
Bisecting: 32 revisions left to test after this (roughly 5 steps)
[b4290d4b3d7c021965e9ce7ee636caac0f9cac74] python regression
running python3 /home/yizhou7/mariposa/scripts/z3-bisect.py /home/yizhou7/mariposa/data/bisect_tasks/d_lvbkv_z3_clean--lib-Buckets-BucketsLib.i.dfy.Impl__BucketsLib.__default.WFSplitBucketListRight.txt
building z3
done building z3 3.1
running mariposa
res: 1 
 out: [[[    3     3     3     3     3     3     3     3     3     3     3
       3     3     3     3     3     3     3     3     3     3     3
       3     3     3     3     3     3     3     3     3     3     3
       3     3     3     3     3     3     3     3     3     3     3
       3     3     3     3     3     3     3     3     3     3     3
       3     3     3     3     3     3]
  [60065 60053 60048 60063 60056 60053 60055 60051 60052 60047 60062
   60059 60054 60053 60051 60049 60050 60064 60059 60053 60054 60051
   60048 60050 60064 60059 60054 60050 60051 60054 60049 60064 60058
   60053 60049 60051 60051 60049 60065 60059 60053 60057 60051 60050
   60048 60065 60057 60054 60051 60052 60052 60049 60066 60057 60054
   60052 60047 60047 60040 60068 60059]]

 [[    3     2     2     2     2     2     2     2     2     2     2
       2     2     2     2     2     2     2     2     2     2     2
       2     2     2     2     2     2     2     2     2     3     3
       3     2     3     2     3     2     2     2     3     2     2
       2     2     2     2     2     2     2     2     3     3     2
       2     3     3     3     3     3]
  [60065   374   388   393   383   395   385   388   379   380   331
     321   320   329   323   327   338   366   360   359   362   369
     357   372   370   374   368   379   384   388   387 60054 60060
   60052   342 60049   332 60047   361   372   374 60049   365   361
     365   361   361   360   360   362   361   372 60054 60051   369
     365 60065 60060 60049 60053 60051]]

 [[    3     2     2     2     2     2     2     2     2     2     2
       2     3     3     3     3     3     2     2     2     2     2
       3     2     3     2     2     2     2     2     2     2     2
       3     3     2     3     3     2     2     2     2     2     2
       2     3     3     2     2     2     3     2     2     2     2
       3     3     3     3     3     3]
  [60065   295   300   299   300   327   325   346   349   416   403
     411 60034 60034 60039 60037 60033   336   339   339   335   390
   60044   411 60038   399   400   390   398   394   406   408   416
   60046 60045   351 60040 60038   338   359   363   384   378   403
     396 60037 60040   411   412   416 60040   422   414   415   418
   60045 60044 60040 60037 60039 60049]]]
unstable
 
 err: 
done running mariposa 908.7
Bisecting: 16 revisions left to test after this (roughly 4 steps)
[0f7ff2a3d016ce6cc0dcc2654a6aa0187bc55192] swap
running python3 /home/yizhou7/mariposa/scripts/z3-bisect.py /home/yizhou7/mariposa/data/bisect_tasks/d_lvbkv_z3_clean--lib-Buckets-BucketsLib.i.dfy.Impl__BucketsLib.__default.WFSplitBucketListRight.txt
building z3
done building z3 3.0
running mariposa
res: 0 
 out: [[[  2   2   2   2   2   2   2   2   2   2   2   2   2   2   2   2   2
     2   2   2   2   2   2   2   2   2   2   2   2   2   2   2   2   2
     2   2   2   2   2   2   2   2   2   2   2   2   2   2   2   2   2
     2   2   2   2   2   2   2   2   2   2]
  [224 266 264 266 265 267 268 263 265 264 263 266 264 270 265 267 264
   264 265 266 268 264 266 264 263 266 266 268 265 268 264 263 267 268
   266 265 264 265 265 264 266 268 264 264 264 264 265 266 266 265 265
   264 266 264 268 267 258 261 255 252 250]]

 [[  2   2   2   2   2   2   2   2   2   2   2   2   2   2   2   2   2
     2   2   2   2   2   2   2   2   2   2   2   2   2   2   2   2   2
     2   2   2   2   2   2   2   2   2   2   2   2   2   2   2   2   2
     2   2   2   2   2   2   2   2   2   2]
  [224 272 273 271 271 270 269 270 268 271 274 269 274 269 272 273 269
   271 273 273 270 272 270 268 271 272 271 271 271 270 271 271 273 271
   270 270 270 269 272 270 269 271 271 270 268 269 271 273 268 271 268
   268 270 269 276 268 272 270 270 273 267]]

 [[  2   2   2   2   2   2   2   2   2   2   2   2   2   2   2   2   2
     2   2   2   2   2   2   2   2   2   2   2   2   2   2   2   2   2
     2   2   2   2   2   2   2   2   2   2   2   2   2   2   2   2   2
     2   2   2   2   2   2   2   2   2   2]
  [224 295 296 299 298 295 297 298 291 295 293 296 297 297 299 293 295
   298 296 296 297 297 294 298 300 293 299 296 296 293 296 297 298 292
   296 297 292 297 295 300 298 293 298 290 294 295 298 298 295 297 292
   294 293 294 298 297 297 298 295 294 293]]]
stable
 
 err: 
done running mariposa 13.9
Bisecting: 7 revisions left to test after this (roughly 3 steps)
[89e8a1392c992a6c37b8c5320b9e4b9b506bd4a1] na
running python3 /home/yizhou7/mariposa/scripts/z3-bisect.py /home/yizhou7/mariposa/data/bisect_tasks/d_lvbkv_z3_clean--lib-Buckets-BucketsLib.i.dfy.Impl__BucketsLib.__default.WFSplitBucketListRight.txt
building z3
done building z3 3.1
running mariposa
res: 1 
 out: [[[    3     3     3     3     3     3     3     3     3     3     3
       3     3     3     3     3     3     3     3     3     3     3
       3     3     3     3     3     3     3     3     3     3     3
       3     3     3     3     3     3     3     3     3     3     3
       3     3     3     3     3     3     3     3     3     3     3
       3     3     3     3     3     3]
  [60066 60049 60048 60064 60056 60054 60054 60052 60049 60046 60064
   60058 60055 60053 60052 60052 60045 60064 60059 60054 60050 60052
   60053 60050 60067 60059 60055 60056 60052 60049 60048 60065 60058
   60054 60053 60051 60049 60049 60065 60058 60053 60056 60050 60052
   60049 60065 60059 60054 60054 60052 60047 60051 60065 60059 60054
   60053 60052 60040 60038 60070 60056]]

 [[    3     2     2     2     2     2     2     2     2     2     2
       2     2     2     2     2     2     2     2     2     2     2
       2     2     2     2     2     2     2     2     2     3     3
       3     2     3     2     3     2     2     2     3     2     2
       2     2     2     2     2     2     2     2     3     3     2
       2     3     3     3     3     3]
  [60066   377   383   396   392   398   390   401   398   397   334
     323   323   329   323   332   335   361   361   363   363   376
     358   380   365   373   364   385   375   383   380 60056 60062
   60051   345 60050   332 60051   357   369   368 60049   364   368
     361   361   360   363   363   363   364   370 60049 60051   376
     363 60064 60056 60050 60051 60050]]

 [[    3     2     2     2     2     2     2     2     2     2     2
       2     3     3     3     3     3     2     2     2     2     2
       3     2     3     2     2     2     2     2     2     2     2
       3     3     2     3     3     2     2     2     2     2     2
       2     3     3     2     2     2     3     2     2     2     2
       3     3     3     3     3     3]
  [60066   295   298   295   301   325   324   373   376   421   402
     420 60032 60032 60036 60035 60033   338   338   337   335   391
   60043   409 60036   398   398   400   407   399   403   412   420
   60049 60048   349 60038 60038   340   358   360   375   376   399
     394 60040 60040   408   417   415 60042   421   411   422   408
   60042 60042 60037 60040 60037 60048]]]
unstable
 
 err: 
done running mariposa 908.7
Bisecting: 4 revisions left to test after this (roughly 2 steps)
[1827f98851e1866187abe743afd2d80bc786412f] more fixes for mutexes in shell
running python3 /home/yizhou7/mariposa/scripts/z3-bisect.py /home/yizhou7/mariposa/data/bisect_tasks/d_lvbkv_z3_clean--lib-Buckets-BucketsLib.i.dfy.Impl__BucketsLib.__default.WFSplitBucketListRight.txt
building z3
done building z3 3.1
running mariposa
res: 0 
 out: [[[  2   2   2   2   2   2   2   2   2   2   2   2   2   2   2   2   2
     2   2   2   2   2   2   2   2   2   2   2   2   2   2   2   2   2
     2   2   2   2   2   2   2   2   2   2   2   2   2   2   2   2   2
     2   2   2   2   2   2   2   2   2   2]
  [223 267 263 265 266 265 267 267 268 266 265 265 266 268 265 263 263
   266 265 266 267 263 265 263 267 265 266 266 264 263 265 265 267 270
   268 263 266 264 265 264 267 269 265 265 265 266 264 265 268 266 266
   264 265 268 267 266 256 256 258 251 250]]

 [[  2   2   2   2   2   2   2   2   2   2   2   2   2   2   2   2   2
     2   2   2   2   2   2   2   2   2   2   2   2   2   2   2   2   2
     2   2   2   2   2   2   2   2   2   2   2   2   2   2   2   2   2
     2   2   2   2   2   2   2   2   2   2]
  [223 271 269 271 272 269 273 272 268 269 273 271 271 269 270 269 272
   271 270 272 271 271 271 270 272 270 274 272 269 271 269 270 273 270
   269 273 270 269 270 269 268 271 270 269 270 269 270 272 271 278 276
   278 269 273 273 268 271 271 269 270 268]]

 [[  2   2   2   2   2   2   2   2   2   2   2   2   2   2   2   2   2
     2   2   2   2   2   2   2   2   2   2   2   2   2   2   2   2   2
     2   2   2   2   2   2   2   2   2   2   2   2   2   2   2   2   2
     2   2   2   2   2   2   2   2   2   2]
  [223 292 293 294 297 298 299 299 289 297 298 296 296 298 298 294 292
   295 295 296 299 297 298 298 295 297 297 298 296 293 294 296 298 294
   294 294 297 294 293 300 295 297 295 291 293 295 298 300 293 300 294
   299 292 297 295 295 297 297 291 296 292]]]
stable
 
 err: 
done running mariposa 14.0
Bisecting: 1 revision left to test after this (roughly 1 step)
[5177cc4a9a58df192c6a844ca13abf7e7cd3be15] change lt
running python3 /home/yizhou7/mariposa/scripts/z3-bisect.py /home/yizhou7/mariposa/data/bisect_tasks/d_lvbkv_z3_clean--lib-Buckets-BucketsLib.i.dfy.Impl__BucketsLib.__default.WFSplitBucketListRight.txt
building z3
done building z3 3.0
running mariposa
res: 1 
 out: [[[    3     3     3     3     3     3     3     3     3     3     3
       3     3     3     3     3     3     3     3     3     3     3
       3     3     3     3     3     3     3     3     3     3     3
       3     3     3     3     3     3     3     3     3     3     3
       3     3     3     3     3     3     3     3     3     3     3
       3     3     3     3     3     3]
  [60067 60050 60050 60064 60058 60055 60053 60049 60049 60046 60064
   60061 60054 60057 60049 60051 60047 60064 60059 60052 60054 60053
   60049 60047 60066 60060 60054 60055 60052 60051 60045 60066 60058
   60054 60058 60050 60052 60050 60066 60059 60052 60056 60049 60048
   60047 60066 60059 60054 60050 60052 60050 60049 60064 60060 60054
   60053 60047 60045 60039 60067 60059]]

 [[    3     2     2     2     2     2     2     2     2     2     2
       2     2     2     2     2     2     2     2     2     2     2
       2     2     2     2     2     2     2     2     2     3     3
       3     2     3     2     3     2     2     2     3     2     2
       2     2     2     2     2     2     2     2     3     3     2
       2     3     3     3     3     3]
  [60067   374   382   393   386   396   389   392   383   378   337
     324   326   332   325   331   336   363   365   366   364   375
     363   376   368   377   368   381   377   383   382 60054 60063
   60055   344 60049   331 60048   364   373   374 60049   367   369
     364   366   363   369   365   366   364   377 60051 60050   370
     366 60063 60057 60051 60052 60050]]

 [[    3     2     2     2     2     2     2     2     2     2     2
       2     3     3     3     3     3     2     2     2     2     2
       3     2     2     3     2     2     2     2     2     2     2
       3     3     2     3     3     2     2     2     2     2     2
       2     3     3     2     2     2     3     2     2     2     2
       3     3     3     3     3     3]
  [60067   301   296   298   298   326   327   352   354   414   400
     413 60041 60028 60032 60036 60032   341   345   339   336   387
   60042   406   400 60035   395   405   397   399   402   415   420
   60047 60038   352 60042 60037   342   356   363   377   381   403
     395 60036 60042   408   409   415 60040   424   411   415   408
   60045 60041 60041 60036 60037 60049]]]
unstable
 
 err: 
done running mariposa 908.7
Bisecting: 0 revisions left to test after this (roughly 1 step)
[7c9d2e0d75757ed6aa535f72c7dec70d5a527fed] pydoc test
running python3 /home/yizhou7/mariposa/scripts/z3-bisect.py /home/yizhou7/mariposa/data/bisect_tasks/d_lvbkv_z3_clean--lib-Buckets-BucketsLib.i.dfy.Impl__BucketsLib.__default.WFSplitBucketListRight.txt
building z3
done building z3 3.1
running mariposa
res: 0 
 out: [[[  2   2   2   2   2   2   2   2   2   2   2   2   2   2   2   2   2
     2   2   2   2   2   2   2   2   2   2   2   2   2   2   2   2   2
     2   2   2   2   2   2   2   2   2   2   2   2   2   2   2   2   2
     2   2   2   2   2   2   2   2   2   2]
  [223 265 266 263 264 266 264 263 266 265 264 264 264 265 263 266 264
   265 266 266 265 267 269 264 267 262 266 265 263 265 264 263 265 265
   264 269 262 265 262 268 265 266 265 264 265 262 266 266 266 264 265
   264 264 264 269 267 257 258 258 255 247]]

 [[  2   2   2   2   2   2   2   2   2   2   2   2   2   2   2   2   2
     2   2   2   2   2   2   2   2   2   2   2   2   2   2   2   2   2
     2   2   2   2   2   2   2   2   2   2   2   2   2   2   2   2   2
     2   2   2   2   2   2   2   2   2   2]
  [223 273 272 270 269 271 270 269 271 270 273 269 271 270 271 270 270
   272 271 273 272 271 270 268 273 272 271 272 271 273 270 272 272 272
   268 269 271 268 270 269 271 271 271 270 268 272 270 271 270 270 267
   270 271 271 271 269 272 272 270 270 268]]

 [[  2   2   2   2   2   2   2   2   2   2   2   2   2   2   2   2   2
     2   2   2   2   2   2   2   2   2   2   2   2   2   2   2   2   2
     2   2   2   2   2   2   2   2   2   2   2   2   2   2   2   2   2
     2   2   2   2   2   2   2   2   2   2]
  [223 301 303 297 295 299 299 298 295 292 302 295 297 296 296 294 297
   298 294 298 291 295 296 297 298 296 297 293 297 302 295 298 297 293
   294 294 292 294 298 295 294 296 294 291 292 296 295 295 293 300 290
   296 296 295 295 295 297 295 294 294 293]]]
stable
 
 err: 
done running mariposa 14.0
5177cc4a9a58df192c6a844ca13abf7e7cd3be15 is the first bad commit
commit 5177cc4a9a58df192c6a844ca13abf7e7cd3be15
Author: Nikolaj Bjorner <nbjorner@microsoft.com>
Date:   Fri Jun 21 09:08:20 2019 +0200

    change lt
    
    Signed-off-by: Nikolaj Bjorner <nbjorner@microsoft.com>

 src/ast/ast_lt.h                   | 4 ++++
 src/ast/rewriter/bool_rewriter.cpp | 6 ++++--
 2 files changed, 8 insertions(+), 2 deletions(-)
bisect run success
git bisect start
# good: [e79542cc689d52ec4cb34ce4ae3fbe56e7a0bf70] fix #2309
git bisect good e79542cc689d52ec4cb34ce4ae3fbe56e7a0bf70
# bad: [ad55a1f1c617a7f0c3dd735c0780fc758424c7f1] Update release.yml for Azure Pipelines
git bisect bad ad55a1f1c617a7f0c3dd735c0780fc758424c7f1
# skip: [e2702f3ae88f5c48a55f4473bb5c29184c182634] fixes in assigning constraints to intervals
git bisect skip e2702f3ae88f5c48a55f4473bb5c29184c182634
# skip: [1915812f84cf41a5f232eedf2a695a54d055aa88] add a test for intervals
git bisect skip 1915812f84cf41a5f232eedf2a695a54d055aa88
# bad: [8faf35e2e0c8fce99794e71bd3b5de74b95ceb5a] fix #3735
git bisect bad 8faf35e2e0c8fce99794e71bd3b5de74b95ceb5a
# skip: [d1a5635b4ad7f8632356b380f3a9b1fc83fdb04f] better model based lemmaas
git bisect skip d1a5635b4ad7f8632356b380f3a9b1fc83fdb04f
# skip: [0a86bd14f792ef5fadb8eeb346729a612f7e1588] start on test nla
git bisect skip 0a86bd14f792ef5fadb8eeb346729a612f7e1588
# bad: [f7747d9e76bd685a02ce5c5fbda91fc356856b5e] fix parameter collection for tactic-based solvers reported in #3065
git bisect bad f7747d9e76bd685a02ce5c5fbda91fc356856b5e
# skip: [0644194fc96a853df44c37f9e4522796aa40add8] work on lemma from product to factors, and some renaming
git bisect skip 0644194fc96a853df44c37f9e4522796aa40add8
# bad: [0321312c8db1d3f0edbd23e6e48884fbb7d77d1d] Changed to get_const_interp to match Java and C# bindings
git bisect bad 0321312c8db1d3f0edbd23e6e48884fbb7d77d1d
# bad: [6e637348826f0725ba8a01c455448023ca2889e4] Merge pull request #2368 from waywardmonkeys/fix-typo
git bisect bad 6e637348826f0725ba8a01c455448023ca2889e4
# good: [9b4f327e29de8eadd112e53af5a8fb9f430fabf7] set upload mode to replace
git bisect good 9b4f327e29de8eadd112e53af5a8fb9f430fabf7
# good: [42ac3a536369a7d4a7eafa1fa15b571b146ba594] merge with csp
git bisect good 42ac3a536369a7d4a7eafa1fa15b571b146ba594
# bad: [b4290d4b3d7c021965e9ce7ee636caac0f9cac74] python regression
git bisect bad b4290d4b3d7c021965e9ce7ee636caac0f9cac74
# good: [0f7ff2a3d016ce6cc0dcc2654a6aa0187bc55192] swap
git bisect good 0f7ff2a3d016ce6cc0dcc2654a6aa0187bc55192
# bad: [89e8a1392c992a6c37b8c5320b9e4b9b506bd4a1] na
git bisect bad 89e8a1392c992a6c37b8c5320b9e4b9b506bd4a1
# good: [1827f98851e1866187abe743afd2d80bc786412f] more fixes for mutexes in shell
git bisect good 1827f98851e1866187abe743afd2d80bc786412f
# bad: [5177cc4a9a58df192c6a844ca13abf7e7cd3be15] change lt
git bisect bad 5177cc4a9a58df192c6a844ca13abf7e7cd3be15
# good: [7c9d2e0d75757ed6aa535f72c7dec70d5a527fed] pydoc test
git bisect good 7c9d2e0d75757ed6aa535f72c7dec70d5a527fed
# first bad commit: [5177cc4a9a58df192c6a844ca13abf7e7cd3be15] change lt
