running python3 /home/yizhou7/mariposa/scripts/z3-bisect.py /home/yizhou7/mariposa/data/bisect_tasks/d_lvbkv_z3_clean--MapSpec-TSJ.i.dfy.Impl__TSJ.__default.Move1to2StepPreservesInv.txt
building z3
Bisecting: 1453 revisions left to test after this (roughly 11 steps)
[1915812f84cf41a5f232eedf2a695a54d055aa88] add a test for intervals
running python3 /home/yizhou7/mariposa/scripts/z3-bisect.py /home/yizhou7/mariposa/data/bisect_tasks/d_lvbkv_z3_clean--MapSpec-TSJ.i.dfy.Impl__TSJ.__default.Move1to2StepPreservesInv.txt
building z3
Bisecting: 1453 revisions left to test after this (roughly 11 steps)
[8faf35e2e0c8fce99794e71bd3b5de74b95ceb5a] fix #3735
running python3 /home/yizhou7/mariposa/scripts/z3-bisect.py /home/yizhou7/mariposa/data/bisect_tasks/d_lvbkv_z3_clean--MapSpec-TSJ.i.dfy.Impl__TSJ.__default.Move1to2StepPreservesInv.txt
building z3
done building z3 3.2
running mariposa
res: 1 
 out: [[[    2     2     2     2     2     2     2     2     2     2     2
       2     2     2     2     2     2     2     2     2     2     2
       2     2     2     2     2     2     2     2     2     2     2
       2     2     2     2     2     2     2     2     2     2     2
       2     2     2     2     2     2     2     2     2     2     2
       2     2     2     2     2     2]
  [  167   216   219   224   221   227   226   232   228   230   229
     234   233   236   242   254   238   238   236   245   243   247
     252   247   245   248   249   244   245   250   244   247   249
     245   246   249   244   246   247   245   249   249   248   247
     248   246   248   250   245   247   247   249   248   247   247
     248   249   245   248   249   241]]

 [[    2     2     2     2     2     2     2     2     2     2     2
       2     2     2     2     2     2     2     2     2     2     2
       2     2     2     2     2     2     2     2     2     2     2
       2     2     2     2     2     2     2     2     2     2     2
       2     2     2     2     2     2     2     2     2     2     2
       2     2     3     3     3     3]
  [  167   243   240   226   238 50153 49874 51468   250 52128   318
     293   289  5564   266  4829   260   263   266 46865 47239 48710
     221   220   221 48002 39964   211   225   214   204 40018   205
   29350   202   204   204   200   192   209   210   214   209   214
     204   217  6791   306 46080 47394   235   225 46804 46009   220
   46481  4410 60036 60031 60040 60033]]

 [[    2     2     2     2     2     2     2     2     2     2     2
       2     2     2     2     2     2     2     2     2     2     2
       2     2     2     2     3     3     3     2     3     2     2
       3     2     3     2     3     2     3     3     3     2     2
       2     3     2     2     2     2     2     2     3     2     3
       2     2     3     3     3     3]
  [  167   211   210   207   210   213   218   299   201   197   216
     224   220   208   214   204   212   248   263   415   283   287
     424   299   328   354 60021 60019 60021   302 60022   275   280
   60023   292 60026   330 60024   528 60029 60024 60024   295   291
     277 60024   283   275   266   266   273   266 60020   278 60022
     258   239 60030 60030 60023 60021]]]
unstable
 
 err: 
done running mariposa 332.3
Bisecting: 1254 revisions left to test after this (roughly 10 steps)
[d1a5635b4ad7f8632356b380f3a9b1fc83fdb04f] better model based lemmaas
running python3 /home/yizhou7/mariposa/scripts/z3-bisect.py /home/yizhou7/mariposa/data/bisect_tasks/d_lvbkv_z3_clean--MapSpec-TSJ.i.dfy.Impl__TSJ.__default.Move1to2StepPreservesInv.txt
building z3
Bisecting: 1254 revisions left to test after this (roughly 10 steps)
[0a86bd14f792ef5fadb8eeb346729a612f7e1588] start on test nla
running python3 /home/yizhou7/mariposa/scripts/z3-bisect.py /home/yizhou7/mariposa/data/bisect_tasks/d_lvbkv_z3_clean--MapSpec-TSJ.i.dfy.Impl__TSJ.__default.Move1to2StepPreservesInv.txt
building z3
Bisecting: 1254 revisions left to test after this (roughly 10 steps)
[f7747d9e76bd685a02ce5c5fbda91fc356856b5e] fix parameter collection for tactic-based solvers reported in #3065
running python3 /home/yizhou7/mariposa/scripts/z3-bisect.py /home/yizhou7/mariposa/data/bisect_tasks/d_lvbkv_z3_clean--MapSpec-TSJ.i.dfy.Impl__TSJ.__default.Move1to2StepPreservesInv.txt
building z3
done building z3 3.2
running mariposa
res: 1 
 out: [[[    2     2     2     2     2     2     2     2     2     2     2
       2     2     2     2     2     2     2     2     2     2     2
       2     2     2     2     2     2     2     2     2     2     2
       2     2     2     2     2     2     2     2     2     2     2
       2     2     2     2     2     2     2     2     2     2     2
       2     2     2     2     2     2]
  [  165   219   219   222   219   226   227   228   228   231   228
     230   228   229   245   251   233   231   241   243   243   242
     245   242   242   242   241   242   244   240   242   246   242
     244   246   245   242   242   242   243   247   242   243   244
     245   243   246   244   244   244   244   243   242   245   243
     243   244   246   242   244   240]]

 [[    2     2     2     2     2     2     2     2     2     2     2
       2     2     2     2     2     2     2     2     2     2     2
       2     2     2     2     2     2     2     2     2     2     2
       2     2     2     2     2     2     2     2     2     2     2
       2     2     2     2     2     2     2     2     2     2     2
       2     2     3     3     3     3]
  [  165   241   239   230   235 45979 45602   252 48194 48430   273
     260   256  4109   257  4371   251   252   256 43294 44384   225
     219 46183   223   217   232   220 45169   208   214   228   233
   35126   221   214 35196   205   217   213   213   215   218   211
   27267   224  6068   283 45031 43577   231 44248   218 42619   218
   43495  3670 60035 60033 60040 60033]]

 [[    2     2     2     2     2     2     2     2     2     2     2
       2     2     2     2     2     2     2     2     2     2     2
       2     2     2     3     3     3     2     3     2     2     3
       2     3     2     2     2     3     3     3     2     3     2
       3     2     2     2     3     2     2     2     3     2     2
       2     2     3     3     3     3]
  [  165   208   216   206   206   212   211   297   201   196   222
     221   216   212   219   213   208   260   270   421   299   296
     300   358   389 60023 60019 60021   293 60020   280   265 60026
     268 60021   276   295   532 60026 60027 60027   292 60022   277
   60023   267   272   264 60024   259   270   264 60021   274   251
     245   283 60030 60030 60024 60020]]]
unstable
 
 err: 
done running mariposa 323.6
Bisecting: 1034 revisions left to test after this (roughly 10 steps)
[0644194fc96a853df44c37f9e4522796aa40add8] work on lemma from product to factors, and some renaming
running python3 /home/yizhou7/mariposa/scripts/z3-bisect.py /home/yizhou7/mariposa/data/bisect_tasks/d_lvbkv_z3_clean--MapSpec-TSJ.i.dfy.Impl__TSJ.__default.Move1to2StepPreservesInv.txt
building z3
Bisecting: 1034 revisions left to test after this (roughly 10 steps)
[0321312c8db1d3f0edbd23e6e48884fbb7d77d1d] Changed to get_const_interp to match Java and C# bindings
running python3 /home/yizhou7/mariposa/scripts/z3-bisect.py /home/yizhou7/mariposa/data/bisect_tasks/d_lvbkv_z3_clean--MapSpec-TSJ.i.dfy.Impl__TSJ.__default.Move1to2StepPreservesInv.txt
building z3
done building z3 3.1
running mariposa
res: 1 
 out: [[[    2     2     2     2     2     2     2     2     2     2     2
       2     2     2     2     2     2     2     2     2     2     2
       2     2     2     2     2     2     2     2     2     2     2
       2     2     2     2     2     2     2     2     2     2     2
       2     2     2     2     2     2     2     2     2     2     2
       2     2     2     2     2     2]
  [  157   226   230   236   241   238   240   241   242   238   241
     239   239   244   251   246   251   241   248   243   238   230
     228   233   229   227   231   228   231   230   228   230   232
     233   228   229   229   228   228   226   225   230   226   226
     229   226   227   224   225   225   227   224   225   227   225
     227   225   225   226   224   228]]

 [[    2     2     2     2     2     2     2     2     2     2     2
       2     2     2     2     2     2     2     2     2     2     2
       2     2     2     2     2     2     2     2     2     2     2
       2     2     2     2     2     2     2     2     2     2     2
       2     2     2     2     2     2     2     2     2     2     2
       2     2     2     2     2     2]
  [  157   231   228   232   228   227   231   232   229   236   230
     228   219   232   228   238   240   242   236   235   236   225
     237   237   231   227   228   234   227   226   228   225   221
     220   223   225   223   221   226   227   214   227   224   228
     222   228   220   225   226   221   228   215   224   223   226
     225   226   223  4858 38719 38577]]

 [[    2     2     2     2     2     2     2     2     2     2     3
       3     3     3     3     2     2     2     2     2     2     2
       3     2     2     2     2     2     3     2     2     2     2
       2     2     2     2     2     2     2     2     2     2     2
       2     2     2     3     2     3     2     2     3     3     3
       2     2     3     3     3     3]
  [  157   188   190   198   199   206   211   224   225   273 60029
   60030 60018 60018 60019   240   243   239   238   235   232   263
   60023   242   221   221   225   245 60019   224   236   220   228
     261   219   408   308   311   327   272   247  3668   251   260
     251   259   263 60024   266 60021   256   252 60021 60020 60021
     242   263 60024 60026 60027 60021]]]
unstable
 
 err: 
done running mariposa 182.5
Bisecting: 261 revisions left to test after this (roughly 8 steps)
[6e637348826f0725ba8a01c455448023ca2889e4] Merge pull request #2368 from waywardmonkeys/fix-typo
running python3 /home/yizhou7/mariposa/scripts/z3-bisect.py /home/yizhou7/mariposa/data/bisect_tasks/d_lvbkv_z3_clean--MapSpec-TSJ.i.dfy.Impl__TSJ.__default.Move1to2StepPreservesInv.txt
building z3
done building z3 3.1
running mariposa
res: 1 
 out: [[[    2     2     2     2     2     2     2     2     2     2     2
       2     2     2     2     2     2     2     2     2     2     2
       2     2     2     2     2     2     2     2     2     2     2
       2     2     2     2     2     2     2     2     2     2     2
       2     2     2     2     2     2     2     2     2     2     2
       2     2     2     2     2     2]
  [13609 45788 47749 44905 39582 37390 42273 41451 41939 37073 27453
   40693 42304 41986 42652 42185 42195 39882 41509 41488 42028 42676
   41866 42713 41808 40730 41708 41608 42088 41873 42813 42266 41040
   41324 42026 42453 41316 42167 41418 41023 41380 41645 42003 41690
   41618 43304 41734 41412 41688 40965 42272 42260 43060 41166 40692
   41425 42249 42429 41733 42162 14412]]

 [[    2     2     2     2     2     2     2     2     2     2     2
       2     2     2     2     2     2     2     2     2     2     2
       2     2     2     2     2     2     2     2     2     2     2
       2     2     2     2     2     2     2     2     2     2     2
       2     2     2     2     2     2     2     2     2     2     2
       2     2     2     2     2     2]
  [13609   228   230   246   243   242   227   233   236   234   234
     235   231   233   230   232   238   228   233   232   234   234
     233   232   230   230   233   227   234   233   238   230   230
     232   232   230   230   235   234   233   229   235   232   232
     235   232   234   239   232   230   230   225   221   228   226
     227   232   235   233   236   231]]

 [[    2     2     2     2     2     2     2     2     2     2     2
       2     2     2     2     2     2     2     2     2     2     2
       2     2     2     3     3     3     3     3     2     2     2
       2     2     2     2     2     2     2     2     2     2     2
       3     3     3     3     3     2     2     2     3     2     3
       3     2     3     3     3     3]
  [13609   190   183   193   207   209   235   231   260   271   247
     262   280   251   254   265   239   256   238   254 55310   263
     257   273   257 60020 60028 60019 60039 60019   227   228   245
     230   240   258   242   264   230   270   225   273   256   245
   60025 60026 60051 60020 60024   234   244   251 60020   266 60025
   60024 34355 60029 60026 60023 60037]]]
unstable
 
 err: 
done running mariposa 545.3
Bisecting: 130 revisions left to test after this (roughly 7 steps)
[9b4f327e29de8eadd112e53af5a8fb9f430fabf7] set upload mode to replace
running python3 /home/yizhou7/mariposa/scripts/z3-bisect.py /home/yizhou7/mariposa/data/bisect_tasks/d_lvbkv_z3_clean--MapSpec-TSJ.i.dfy.Impl__TSJ.__default.Move1to2StepPreservesInv.txt
building z3
done building z3 3.1
running mariposa
res: 0 
 out: [[[  2   2   2   2   2   2   2   2   2   2   2   2   2   2   2   2   2
     2   2   2   2   2   2   2   2   2   2   2   2   2   2   2   2   2
     2   2   2   2   2   2   2   2   2   2   2   2   2   2   2   2   2
     2   2   2   2   2   2   2   2   2   2]
  [135 157 158 158 160 160 158 157 158 158 160 161 161 161 157 157 159
   159 163 159 158 156 158 159 161 160 159 162 158 159 158 159 161 160
   161 158 160 160 158 160 161 159 158 159 158 159 160 158 160 158 158
   159 159 158 161 161 154 155 154 151 150]]

 [[  2   2   2   2   2   2   2   2   2   2   2   2   2   2   2   2   2
     2   2   2   2   2   2   2   2   2   2   2   2   2   2   2   2   2
     2   2   2   2   2   2   2   2   2   2   2   2   2   2   2   2   2
     2   2   2   2   2   2   2   2   2   2]
  [135 165 162 164 164 162 164 162 163 160 162 163 162 163 162 163 163
   162 163 161 160 162 162 162 162 163 165 163 162 162 162 162 163 164
   162 161 162 163 162 165 164 162 161 163 162 163 165 164 160 159 163
   166 163 164 160 161 161 163 163 162 161]]

 [[  2   2   2   2   2   2   2   2   2   2   2   2   2   2   2   2   2
     2   2   2   2   2   2   2   2   2   2   2   2   2   2   2   2   2
     2   2   2   2   2   2   2   2   2   2   2   2   2   2   2   2   2
     2   2   2   2   2   2   2   2   2   2]
  [135 171 174 176 173 173 174 173 171 174 176 171 174 173 175 171 173
   171 174 171 173 175 174 174 173 173 175 172 174 176 174 172 175 177
   172 174 175 174 174 173 173 174 176 173 176 173 173 172 174 175 176
   177 171 176 174 175 171 176 173 174 173]]]
stable
 
 err: 
done running mariposa 8.9
Bisecting: 65 revisions left to test after this (roughly 6 steps)
[42ac3a536369a7d4a7eafa1fa15b571b146ba594] merge with csp
running python3 /home/yizhou7/mariposa/scripts/z3-bisect.py /home/yizhou7/mariposa/data/bisect_tasks/d_lvbkv_z3_clean--MapSpec-TSJ.i.dfy.Impl__TSJ.__default.Move1to2StepPreservesInv.txt
building z3
done building z3 3.1
running mariposa
res: 0 
 out: [[[  2   2   2   2   2   2   2   2   2   2   2   2   2   2   2   2   2
     2   2   2   2   2   2   2   2   2   2   2   2   2   2   2   2   2
     2   2   2   2   2   2   2   2   2   2   2   2   2   2   2   2   2
     2   2   2   2   2   2   2   2   2   2]
  [136 159 160 159 158 157 210 160 159 159 160 160 159 159 160 159 159
   159 159 159 161 159 159 160 159 160 157 162 161 159 159 160 157 159
   160 159 159 159 159 158 160 162 160 161 160 160 158 159 162 162 160
   161 159 157 158 161 157 155 154 153 151]]

 [[  2   2   2   2   2   2   2   2   2   2   2   2   2   2   2   2   2
     2   2   2   2   2   2   2   2   2   2   2   2   2   2   2   2   2
     2   2   2   2   2   2   2   2   2   2   2   2   2   2   2   2   2
     2   2   2   2   2   2   2   2   2   2]
  [136 162 162 161 162 162 162 163 162 161 161 163 162 161 164 164 161
   161 164 162 163 164 163 161 160 161 162 163 163 161 162 161 164 162
   162 162 162 159 163 165 162 161 164 163 162 160 161 162 160 163 162
   162 161 160 160 163 163 163 162 161 161]]

 [[  2   2   2   2   2   2   2   2   2   2   2   2   2   2   2   2   2
     2   2   2   2   2   2   2   2   2   2   2   2   2   2   2   2   2
     2   2   2   2   2   2   2   2   2   2   2   2   2   2   2   2   2
     2   2   2   2   2   2   2   2   2   2]
  [136 174 174 175 175 174 176 174 174 174 175 175 173 174 171 173 174
   172 172 171 174 174 173 172 174 174 172 174 175 173 172 175 177 174
   175 174 173 172 173 172 174 174 175 175 173 174 174 175 175 175 172
   173 172 172 170 223 224 177 174 173 174]]]
stable
 
 err: 
done running mariposa 8.9
Bisecting: 32 revisions left to test after this (roughly 5 steps)
[b4290d4b3d7c021965e9ce7ee636caac0f9cac74] python regression
running python3 /home/yizhou7/mariposa/scripts/z3-bisect.py /home/yizhou7/mariposa/data/bisect_tasks/d_lvbkv_z3_clean--MapSpec-TSJ.i.dfy.Impl__TSJ.__default.Move1to2StepPreservesInv.txt
building z3
done building z3 3.1
running mariposa
res: 0 
 out: [[[    2     2     2     2     2     2     2     2     2     2     2
       2     2     2     2     2     2     2     2     2     2     2
       2     2     2     2     2     2     2     2     2     2     2
       2     2     2     2     2     2     2     2     2     2     2
       2     2     2     2     2     2     2     2     2     2     2
       2     2     2     2     2     2]
  [  147   204   204   203   203   204   203   203   205   202   201
     202   203   206   201   203   202   205   203   202   201   204
     205   203   202   201   203   204   201   203   203   203   207
     202   203   202   203   205   202   204   203   203   204   203
     206   203   202   203   203   201   204   202   204   204   205
     203   202   205   202   198   201]]

 [[    2     2     2     2     2     2     2     2     2     2     2
       2     2     2     2     2     2     2     2     2     2     2
       2     2     2     2     2     2     2     2     2     2     2
       2     2     2     2     2     2     2     2     2     2     2
       2     2     2     2     2     2     2     2     2     2     2
       2     2     2     2     2     2]
  [  147   199   198   203   198   193   203   197   200   201   197
     202   206   210   206   201   204   206   209   206   206   194
     188   196   198   191   210   209   211   200   207   210   210
     209   206   207   206   209   207   207   208   205   211   210
     208   210   207   209   207   210   204   208   201   197   202
     209   206   209   205   206   208]]

 [[    2     2     2     2     2     2     2     2     2     2     2
       2     2     2     2     2     2     2     2     2     2     2
       2     2     2     2     2     2     2     2     2     2     2
       2     2     2     2     2     2     2     2     2     2     2
       2     2     2     2     2     2     2     2     2     2     2
       2     2     2     2     2     3]
  [  147   188   183   191   190   222   200   261   186   189   181
     182   213   233   186   186   183   186   209   218   222   191
     186   190   190   184   200   182   206   188   183   181   206
     189   272   245   208   186   205   221   181   184   188   192
     192   191   203   202   424   227   199   207   209   210   234
     233   208   218   231 41717 60025]]]
stable
 
 err: 
done running mariposa 62.8
Bisecting: 16 revisions left to test after this (roughly 4 steps)
[60c504f4ef64eaf085b1fec2773704cd1102c611] make a few helpers static
running python3 /home/yizhou7/mariposa/scripts/z3-bisect.py /home/yizhou7/mariposa/data/bisect_tasks/d_lvbkv_z3_clean--MapSpec-TSJ.i.dfy.Impl__TSJ.__default.Move1to2StepPreservesInv.txt
building z3
done building z3 3.1
running mariposa
res: 0 
 out: [[[    2     2     2     2     2     2     2     2     2     2     2
       2     2     2     2     2     2     2     2     2     2     2
       2     2     2     2     2     2     2     2     2     2     2
       2     2     2     2     2     2     2     2     2     2     2
       2     2     2     2     2     2     2     2     2     2     2
       2     2     2     2     2     2]
  [  147   203   203   201   202   203   205   202   202   202   203
     203   201   201   201   204   203   203   201   203   202   202
     204   202   202   202   204   204   202   203   201   202   203
     202   204   202   202   203   203   205   203   202   202   202
     202   205   203   201   202   203   205   203   204   200   204
     204   203   204   199   200   202]]

 [[    2     2     2     2     2     2     2     2     2     2     2
       2     2     2     2     2     2     2     2     2     2     2
       2     2     2     2     2     2     2     2     2     2     2
       2     2     2     2     2     2     2     2     2     2     2
       2     2     2     2     2     2     2     2     2     2     2
       2     2     2     2     2     2]
  [  147   202   199   200   202   193   205   204   200   199   199
     202   202   210   207   205   205   199   207   207   209   194
     199   190   197   189   210   207   211   206   200   208   207
     208   207   207   208   207   210   208   207   205   207   209
     209   209   206   210   207   208   203   211   200   211   203
     201   203   208   205   207   209]]

 [[    2     2     2     2     2     2     2     2     2     2     2
       2     2     2     2     2     2     2     2     2     2     2
       2     2     2     2     2     2     2     2     2     2     2
       2     2     2     2     2     2     2     2     2     2     2
       2     2     2     2     2     2     2     2     2     2     2
       2     2     2     2     2     3]
  [  147   183   192   188   191   224   200   262   178   188   181
     190   211   235   186   188   186   189   208   218   194   224
     190   193   191   184   200   183   205   191   179   182   205
     189   273   246   207   185   203   221   182   183   188   197
     194   191   198   421   203   233   200   209   208   213   237
     232   209   214   230 41502 60025]]]
stable
 
 err: 
done running mariposa 62.9
Bisecting: 8 revisions left to test after this (roughly 3 steps)
[8e2ad4e461a4469d345a7b93b17f6acb23e64d38] #2379 and #2380
running python3 /home/yizhou7/mariposa/scripts/z3-bisect.py /home/yizhou7/mariposa/data/bisect_tasks/d_lvbkv_z3_clean--MapSpec-TSJ.i.dfy.Impl__TSJ.__default.Move1to2StepPreservesInv.txt
building z3
done building z3 3.1
running mariposa
res: 1 
 out: [[[    2     2     2     2     2     2     2     2     2     2     2
       2     2     2     2     2     2     2     2     2     2     2
       2     2     2     2     2     2     2     2     2     2     2
       2     2     2     2     2     2     2     2     2     2     2
       2     2     2     2     2     2     2     2     2     2     2
       2     2     2     2     2     2]
  [13631 45724 46047 45109 38474 42563 41773 42346 38338 40942 27980
   40428 42054 42346 42090 42120 42118 42378 41467 41381 41699 42374
   41660 41676 42536 41576 41392 42058 41885 42489 41935 42711 41337
   41919 41573 42033 42327 41802 41893 41204 40982 41800 42340 42094
   41930 42693 41044 41555 42032 41766 42466 42141 41659 41320 41522
   41856 41371 42355 41779 41686 13728]]

 [[    2     2     2     2     2     2     2     2     2     2     2
       2     2     2     2     2     2     2     2     2     2     2
       2     2     2     2     2     2     2     2     2     2     2
       2     2     2     2     2     2     2     2     2     2     2
       2     2     2     2     2     2     2     2     2     2     2
       2     2     2     2     2     2]
  [13631   234   233   238   244   236   227   232   232   231   233
     233   232   233   231   230   237   225   229   232   234   233
     231   230   230   230   232   225   233   231   236   228   231
     231   229   228   231   232   232   230   226   231   231   231
     230   230   231   234   229   227   225   219   220   225   227
     228   229   231   237   232   232]]

 [[    2     2     2     2     2     2     2     2     2     2     2
       2     2     2     2     2     2     2     2     2     2     2
       2     2     2     3     3     3     3     3     2     2     2
       2     2     2     2     2     2     2     2     2     2     2
       3     3     3     3     3     2     2     2     3     2     3
       3     2     3     3     3     3]
  [13631   181   185   190   202   205   221   235   257   268   248
     262   292   249   257   262   239   254   237   245 52584   264
     257   274   258 60019 60019 60027 60043 60021   229   229   248
     239   250   253   233   268   236   267   228   279   250   242
   60024 60026 60052 60022 60021   238   242   250 60021   277 60025
   60025 35181 60027 60027 60023 60037]]]
unstable
 
 err: 
done running mariposa 545.4
Bisecting: 3 revisions left to test after this (roughly 2 steps)
[e0dc05c97edc559ae0d5ce841120bb55ad8e479b] Fixed final alignment step of fp.rem. Fixes #2369 and does not break #2289.
running python3 /home/yizhou7/mariposa/scripts/z3-bisect.py /home/yizhou7/mariposa/data/bisect_tasks/d_lvbkv_z3_clean--MapSpec-TSJ.i.dfy.Impl__TSJ.__default.Move1to2StepPreservesInv.txt
building z3
done building z3 3.1
running mariposa
res: 1 
 out: [[[    2     2     2     2     2     2     2     2     2     2     2
       2     2     2     2     2     2     2     2     2     2     2
       2     2     2     2     2     2     2     2     2     2     2
       2     2     2     2     2     2     2     2     2     2     2
       2     2     2     2     2     2     2     2     2     2     2
       2     2     2     2     2     2]
  [13606 45691 45901 44655 41672 38125 42814 42060 39234 41208 28060
   40380 40941 41763 41599 42221 42717 42070 40786 41101 41060 41934
   41963 43022 43065 41368 42094 42365 41669 42259 41419 41364 41095
   41465 41914 41946 41807 42512 41764 41235 41260 41855 42186 41895
   41815 42988 41345 41226 41234 42088 42507 41389 42314 41070 41037
   41203 42168 42028 41962 42539 13813]]

 [[    2     2     2     2     2     2     2     2     2     2     2
       2     2     2     2     2     2     2     2     2     2     2
       2     2     2     2     2     2     2     2     2     2     2
       2     2     2     2     2     2     2     2     2     2     2
       2     2     2     2     2     2     2     2     2     2     2
       2     2     2     2     2     2]
  [13606   232   228   238   241   235   225   228   233   229   232
     230   231   231   229   231   236   226   228   229   232   229
     233   230   229   230   230   224   233   231   236   230   229
     231   230   229   232   231   231   230   230   232   228   231
     234   232   231   233   233   229   229   223   219   226   224
     226   224   230   232   236   227]]

 [[    2     2     2     2     2     2     2     2     2     2     2
       2     2     2     2     2     2     2     2     2     2     2
       2     2     2     3     3     3     3     3     2     2     2
       2     2     2     2     2     2     2     2     2     2     2
       3     3     3     3     3     2     2     2     3     2     3
       3     2     3     3     3     3]
  [13606   182   188   191   204   204   223   234   256   265   239
     263   286   254   251   263   238   253   237   248 53115   262
     257   274   258 60030 60025 60020 60044 60018   229   229   248
     237   249   248   230   268   235   268   225   271   250   260
   60026 60025 60052 60021 60021   230   243   253 60021   277 60025
   60022 34811 60028 60024 60024 60036]]]
unstable
 
 err: 
done running mariposa 544.8
Bisecting: 1 revision left to test after this (roughly 1 step)
[1202554dbcaa67b18e507206ee6f0e6f2a5c95d5] Merge branch 'master' of https://github.com/z3prover/z3
running python3 /home/yizhou7/mariposa/scripts/z3-bisect.py /home/yizhou7/mariposa/data/bisect_tasks/d_lvbkv_z3_clean--MapSpec-TSJ.i.dfy.Impl__TSJ.__default.Move1to2StepPreservesInv.txt
building z3
done building z3 3.1
running mariposa
res: 1 
 out: [[[    2     2     2     2     2     2     2     2     2     2     2
       2     2     2     2     2     2     2     2     2     2     2
       2     2     2     2     2     2     2     2     2     2     2
       2     2     2     2     2     2     2     2     2     2     2
       2     2     2     2     2     2     2     2     2     2     2
       2     2     2     2     2     2]
  [14261 45773 46277 44655 39447 37757 41596 42409 41447 38416 29592
   38736 41672 41898 41788 42617 41550 42517 40731 40990 41379 41944
   41750 42376 42193 41244 40804 41469 42062 42182 41679 42917 41383
   41339 42236 42563 42303 41761 42414 41129 42002 41629 41924 41821
   42763 41705 41281 41669 41667 41438 42354 41677 41681 40967 41149
   41586 41864 42146 41532 42592 14356]]

 [[    2     2     2     2     2     2     2     2     2     2     2
       2     2     2     2     2     2     2     2     2     2     2
       2     2     2     2     2     2     2     2     2     2     2
       2     2     2     2     2     2     2     2     2     2     2
       2     2     2     2     2     2     2     2     2     2     2
       2     2     2     2     2     2]
  [14261   229   227   240   245   236   223   229   232   230   231
     233   232   232   227   231   234   226   228   231   230   233
     230   233   228   231   228   228   230   231   235   230   228
     235   230   226   232   231   232   233   227   234   231   233
     231   232   232   236   231   233   227   222   222   225   226
     225   224   229   233   233   231]]

 [[    2     2     2     2     2     2     2     2     2     2     2
       2     2     2     2     2     2     2     2     2     2     2
       2     2     2     3     3     3     3     3     2     2     2
       2     2     2     2     2     2     2     2     2     2     2
       3     3     3     3     3     2     2     2     3     2     3
       3     2     3     3     3     3]
  [14261   183   187   191   203   207   217   227   252   264   241
     256   284   257   250   258   236   251   234   244 52719   263
     258   275   257 60022 60019 60030 60045 60019   230   232   246
     240   249   250   233   267   233   223   267   271   249   243
   60024 60026 60051 60024 60022   232   245   252 60021   278 60024
   60022 34941 60028 60025 60023 60037]]]
unstable
 
 err: 
done running mariposa 545.3
Bisecting: 0 revisions left to test after this (roughly 0 steps)
[db87f2aab055ab189a6c47cd9e2c4216fc65cf3f] separate rewriter used by smt context from asserted formulas to avoid term substitution, exposed by #2370
running python3 /home/yizhou7/mariposa/scripts/z3-bisect.py /home/yizhou7/mariposa/data/bisect_tasks/d_lvbkv_z3_clean--MapSpec-TSJ.i.dfy.Impl__TSJ.__default.Move1to2StepPreservesInv.txt
building z3
done building z3 3.1
running mariposa
res: 1 
 out: [[[    2     2     2     2     2     2     2     2     2     2     2
       2     2     2     2     2     2     2     2     2     2     2
       2     2     2     2     2     2     2     2     2     2     2
       2     2     2     2     2     2     2     2     2     2     2
       2     2     2     2     2     2     2     2     2     2     2
       2     2     2     2     2     2]
  [13626 45473 46583 45259 39593 41286 41207 37168 42613 39320 28790
   41422 40943 42242 42181 41914 42922 39483 40662 41334 41428 42492
   42182 41811 42970 41187 41310 41981 41557 42532 41361 42895 41426
   41167 41582 42195 41760 41461 42760 41530 41870 41565 41764 41753
   42806 42291 41463 41935 42293 41385 41927 41421 42619 40883 41890
   41727 41828 41593 41856 42521 13744]]

 [[    2     2     2     2     2     2     2     2     2     2     2
       2     2     2     2     2     2     2     2     2     2     2
       2     2     2     2     2     2     2     2     2     2     2
       2     2     2     2     2     2     2     2     2     2     2
       2     2     2     2     2     2     2     2     2     2     2
       2     2     2     2     2     2]
  [13626   227   232   239   239   234   224   230   233   233   231
     232   230   231   229   228   238   228   231   232   232   232
     232   234   228   230   230   225   232   231   236   228   231
     232   228   231   232   232   232   236   227   235   230   232
     230   232   232   234   229   231   227   220   222   229   226
     231   233   236   234   238   234]]

 [[    2     2     2     2     2     2     2     2     2     2     2
       2     2     2     2     2     2     2     2     2     2     2
       2     2     2     3     3     3     3     3     2     2     2
       2     2     2     2     2     2     2     2     2     2     2
       3     3     3     3     3     2     2     2     3     2     3
       3     2     3     3     3     3]
  [13626   181   195   186   201   201   217   229   261   268   250
     259   285   261   256   259   238   254   237   249 53322   255
     252   267   252 60030 60019 60019 60041 60017   228   231   246
     238   250   249   232   270   235   268   228   273   255   253
   60026 60025 60051 60022 60024   231   244   253 60021   273 60026
   60023 35042 60027 60024 60023 60037]]]
unstable
 
 err: 
done running mariposa 544.7
db87f2aab055ab189a6c47cd9e2c4216fc65cf3f is the first bad commit
commit db87f2aab055ab189a6c47cd9e2c4216fc65cf3f
Author: Nikolaj Bjorner <nbjorner@microsoft.com>
Date:   Tue Jul 2 15:28:21 2019 +0700

    separate rewriter used by smt context from asserted formulas to avoid term substitution, exposed by #2370
    
    Signed-off-by: Nikolaj Bjorner <nbjorner@microsoft.com>

 src/smt/asserted_formulas.h | 2 +-
 src/smt/smt_context.cpp     | 2 ++
 src/smt/smt_context.h       | 3 ++-
 src/smt/theory_arith_core.h | 1 +
 4 files changed, 6 insertions(+), 2 deletions(-)
bisect run success
git bisect start
# good: [e79542cc689d52ec4cb34ce4ae3fbe56e7a0bf70] fix #2309
git bisect good e79542cc689d52ec4cb34ce4ae3fbe56e7a0bf70
# bad: [ad55a1f1c617a7f0c3dd735c0780fc758424c7f1] Update release.yml for Azure Pipelines
git bisect bad ad55a1f1c617a7f0c3dd735c0780fc758424c7f1
# skip: [e2702f3ae88f5c48a55f4473bb5c29184c182634] fixes in assigning constraints to intervals
git bisect skip e2702f3ae88f5c48a55f4473bb5c29184c182634
# skip: [1915812f84cf41a5f232eedf2a695a54d055aa88] add a test for intervals
git bisect skip 1915812f84cf41a5f232eedf2a695a54d055aa88
# bad: [8faf35e2e0c8fce99794e71bd3b5de74b95ceb5a] fix #3735
git bisect bad 8faf35e2e0c8fce99794e71bd3b5de74b95ceb5a
# skip: [d1a5635b4ad7f8632356b380f3a9b1fc83fdb04f] better model based lemmaas
git bisect skip d1a5635b4ad7f8632356b380f3a9b1fc83fdb04f
# skip: [0a86bd14f792ef5fadb8eeb346729a612f7e1588] start on test nla
git bisect skip 0a86bd14f792ef5fadb8eeb346729a612f7e1588
# bad: [f7747d9e76bd685a02ce5c5fbda91fc356856b5e] fix parameter collection for tactic-based solvers reported in #3065
git bisect bad f7747d9e76bd685a02ce5c5fbda91fc356856b5e
# skip: [0644194fc96a853df44c37f9e4522796aa40add8] work on lemma from product to factors, and some renaming
git bisect skip 0644194fc96a853df44c37f9e4522796aa40add8
# bad: [0321312c8db1d3f0edbd23e6e48884fbb7d77d1d] Changed to get_const_interp to match Java and C# bindings
git bisect bad 0321312c8db1d3f0edbd23e6e48884fbb7d77d1d
# bad: [6e637348826f0725ba8a01c455448023ca2889e4] Merge pull request #2368 from waywardmonkeys/fix-typo
git bisect bad 6e637348826f0725ba8a01c455448023ca2889e4
# good: [9b4f327e29de8eadd112e53af5a8fb9f430fabf7] set upload mode to replace
git bisect good 9b4f327e29de8eadd112e53af5a8fb9f430fabf7
# good: [42ac3a536369a7d4a7eafa1fa15b571b146ba594] merge with csp
git bisect good 42ac3a536369a7d4a7eafa1fa15b571b146ba594
# good: [b4290d4b3d7c021965e9ce7ee636caac0f9cac74] python regression
git bisect good b4290d4b3d7c021965e9ce7ee636caac0f9cac74
# good: [60c504f4ef64eaf085b1fec2773704cd1102c611] make a few helpers static
git bisect good 60c504f4ef64eaf085b1fec2773704cd1102c611
# bad: [8e2ad4e461a4469d345a7b93b17f6acb23e64d38] #2379 and #2380
git bisect bad 8e2ad4e461a4469d345a7b93b17f6acb23e64d38
# bad: [e0dc05c97edc559ae0d5ce841120bb55ad8e479b] Fixed final alignment step of fp.rem. Fixes #2369 and does not break #2289.
git bisect bad e0dc05c97edc559ae0d5ce841120bb55ad8e479b
# bad: [1202554dbcaa67b18e507206ee6f0e6f2a5c95d5] Merge branch 'master' of https://github.com/z3prover/z3
git bisect bad 1202554dbcaa67b18e507206ee6f0e6f2a5c95d5
# bad: [db87f2aab055ab189a6c47cd9e2c4216fc65cf3f] separate rewriter used by smt context from asserted formulas to avoid term substitution, exposed by #2370
git bisect bad db87f2aab055ab189a6c47cd9e2c4216fc65cf3f
# first bad commit: [db87f2aab055ab189a6c47cd9e2c4216fc65cf3f] separate rewriter used by smt context from asserted formulas to avoid term substitution, exposed by #2370
