running python3 /home/yizhou7/mariposa/scripts/z3-bisect.py /home/yizhou7/mariposa/data/bisect_tasks/d_lvbkv_z3_clean--lib-DataStructures-KMBtree.i.dfy.Impl__KMBtreeModel.__default.IndexesNonempty.txt
building z3
Bisecting: 1453 revisions left to test after this (roughly 11 steps)
[1915812f84cf41a5f232eedf2a695a54d055aa88] add a test for intervals
running python3 /home/yizhou7/mariposa/scripts/z3-bisect.py /home/yizhou7/mariposa/data/bisect_tasks/d_lvbkv_z3_clean--lib-DataStructures-KMBtree.i.dfy.Impl__KMBtreeModel.__default.IndexesNonempty.txt
building z3
Bisecting: 1453 revisions left to test after this (roughly 11 steps)
[8faf35e2e0c8fce99794e71bd3b5de74b95ceb5a] fix #3735
running python3 /home/yizhou7/mariposa/scripts/z3-bisect.py /home/yizhou7/mariposa/data/bisect_tasks/d_lvbkv_z3_clean--lib-DataStructures-KMBtree.i.dfy.Impl__KMBtreeModel.__default.IndexesNonempty.txt
building z3
done building z3 3.8
running mariposa
res: 1 
 out: [[[    3     3     3     3     3     3     3     3     3     3     3
       3     3     3     3     3     3     3     3     3     3     3
       3     3     3     3     3     3     3     3     3     3     3
       3     3     3     3     3     3     3     3     3     3     3
       3     3     3     3     3     3     3     3     3     3     3
       3     3     3     3     3     3]
  [60040 60042 60039 60038 60037 60040 60042 60041 60042 60039 60038
   60037 60040 60041 60042 60042 60038 60038 60036 60041 60042 60039
   60040 60039 60039 60039 60041 60043 60040 60041 60041 60038 60039
   60041 60040 60041 60041 60039 60037 60038 60040 60040 60040 60040
   60039 60039 60036 60041 60041 60040 60040 60038 60039 60038 60041
   60041 60038 60043 60040 60037 60035]]

 [[    3     2     3     3     3     3     3     3     3     2     3
       2     2     2     3     3     3     2     3     2     3     3
       2     3     3     3     2     3     3     3     3     3     3
       3     2     2     2     3     3     3     2     3     3     3
       3     3     3     3     3     3     3     3     2     3     3
       3     3     3     3     3     3]
  [60040   333 60025 60026 60044 60046 60041 60040 60042   321 60041
     315   842   319 60040 60040 60046   807 60045   331 60043 60039
     321 60043 60041 60038   309 60045 60042 60023 60045 60043 60041
   60036   332   372   384 60044 60043 60040   321 60041 60039 60039
   60047 60040 60044 60043 60039 60039 60039 60047   351 60042 60039
   60042 60041 60039 60040 60046 60045]]

 [[    3     2     2     2     2     2     2     2     2     3     3
       3     3     2     2     3     3     2     2     2     3     3
       3     3     3     2     2     2     3     3     3     2     2
       2     2     2     2     3     3     3     3     2     2     3
       2     2     3     3     2     3     3     2     2     3     3
       3     3     3     3     3     3]
  [60040   308   307   314   331   612   328   350   367 60031 60031
   60033 60031   353   379 60029 60026   377   351   317 60029 60032
   60031 60033 60029   370   369   337 60029 60025 60030   364   377
    1674   357  2352  2073 60036 60035 60033 60042   355   379 60036
     400   382 60040 60036   430 60041 60043   355   630 60039 60041
   60040 60042 60040 60044 60040 60039]]]
unstable
 
 err: 
done running mariposa 1269.1
Bisecting: 1254 revisions left to test after this (roughly 10 steps)
[d1a5635b4ad7f8632356b380f3a9b1fc83fdb04f] better model based lemmaas
running python3 /home/yizhou7/mariposa/scripts/z3-bisect.py /home/yizhou7/mariposa/data/bisect_tasks/d_lvbkv_z3_clean--lib-DataStructures-KMBtree.i.dfy.Impl__KMBtreeModel.__default.IndexesNonempty.txt
building z3
Bisecting: 1254 revisions left to test after this (roughly 10 steps)
[0a86bd14f792ef5fadb8eeb346729a612f7e1588] start on test nla
running python3 /home/yizhou7/mariposa/scripts/z3-bisect.py /home/yizhou7/mariposa/data/bisect_tasks/d_lvbkv_z3_clean--lib-DataStructures-KMBtree.i.dfy.Impl__KMBtreeModel.__default.IndexesNonempty.txt
building z3
Bisecting: 1254 revisions left to test after this (roughly 10 steps)
[f7747d9e76bd685a02ce5c5fbda91fc356856b5e] fix parameter collection for tactic-based solvers reported in #3065
running python3 /home/yizhou7/mariposa/scripts/z3-bisect.py /home/yizhou7/mariposa/data/bisect_tasks/d_lvbkv_z3_clean--lib-DataStructures-KMBtree.i.dfy.Impl__KMBtreeModel.__default.IndexesNonempty.txt
building z3
done building z3 3.7
running mariposa
res: 1 
 out: [[[    3     3     3     3     3     3     3     3     3     3     3
       3     3     3     3     3     3     3     3     3     3     3
       3     3     3     3     3     3     3     3     3     3     3
       3     3     3     3     3     3     3     3     3     3     3
       3     3     3     3     3     3     3     3     3     3     3
       3     3     3     3     3     3]
  [60043 60044 60042 60041 60037 60043 60040 60043 60041 60043 60039
   60038 60042 60040 60044 60042 60041 60039 60039 60040 60042 60046
   60042 60040 60038 60038 60042 60042 60043 60041 60039 60038 60037
   60044 60042 60044 60041 60039 60039 60038 60041 60042 60044 60041
   60038 60039 60037 60042 60042 60043 60040 60038 60038 60038 60044
   60040 60045 60041 60038 60035 60032]]

 [[    3     2     3     3     3     3     3     2     3     3     3
       2     2     3     2     3     3     3     3     3     3     2
       3     3     2     2     3     3     3     3     3     3     3
       3     2     2     3     3     3     3     3     2     3     3
       3     3     3     3     3     3     2     3     2     3     3
       3     3     3     3     3     3]
  [60043   319 60022 60043 60043 60046 60043   328 60039 60042 60040
     833   306 60039   311 60038 60045 60043 60039 60040 60044   329
   60040 60033   307   311 60025 60047 60041 60022 60042 60042 60040
   60042   340   357 60045 60041 60038 60040 60040   312 60045 60043
   60045 60040 60042 60040 60038 60041   348 60040   329 60045 60042
   60039 60040 60036 60040 60044 60027]]

 [[    3     2     2     2     2     2     2     3     3     3     3
       2     2     3     3     3     2     2     2     2     3     3
       3     3     3     2     2     2     3     3     2     2     2
       2     2     2     3     3     3     3     3     2     2     2
       3     2     3     3     2     3     3     2     2     3     2
       3     3     3     3     3     3]
  [60043   303   308   329   617   335   361 60040 60037 60041 60039
     351   349 60034 60035 60033   352   366   337   304 60040 60039
   60037 60039 60037   371   336   375 60035 60034   367  1443   409
    1412   385  1322 60041 60041 60037 60040 60039   356   378   390
   60047   386 60041 60054   385 60040 60041   410   354 60036   375
   60041 60040 60042 60043 60042 60042]]]
unstable
 
 err: 
done running mariposa 1269.5
Bisecting: 1034 revisions left to test after this (roughly 10 steps)
[0644194fc96a853df44c37f9e4522796aa40add8] work on lemma from product to factors, and some renaming
running python3 /home/yizhou7/mariposa/scripts/z3-bisect.py /home/yizhou7/mariposa/data/bisect_tasks/d_lvbkv_z3_clean--lib-DataStructures-KMBtree.i.dfy.Impl__KMBtreeModel.__default.IndexesNonempty.txt
building z3
Bisecting: 1034 revisions left to test after this (roughly 10 steps)
[0321312c8db1d3f0edbd23e6e48884fbb7d77d1d] Changed to get_const_interp to match Java and C# bindings
running python3 /home/yizhou7/mariposa/scripts/z3-bisect.py /home/yizhou7/mariposa/data/bisect_tasks/d_lvbkv_z3_clean--lib-DataStructures-KMBtree.i.dfy.Impl__KMBtreeModel.__default.IndexesNonempty.txt
building z3
done building z3 3.5
running mariposa
res: 1 
 out: [[[    3     3     3     3     3     3     3     3     3     3     3
       3     3     3     3     3     3     3     3     3     3     3
       3     3     3     3     3     3     3     3     3     3     3
       3     3     3     3     3     3     3     3     3     3     3
       3     3     3     3     3     3     3     3     3     3     3
       3     3     3     3     3     3]
  [60042 60038 60039 60040 60038 60036 60038 60038 60036 60039 60039
   60037 60037 60040 60037 60036 60037 60037 60037 60038 60040 60040
   60038 60039 60039 60038 60036 60038 60039 60039 60039 60039 60038
   60037 60040 60040 60039 60039 60039 60039 60037 60040 60039 60038
   60039 60040 60038 60036 60040 60041 60039 60039 60039 60037 60036
   60038 60041 60042 60038 60036 60031]]

 [[    3     3     3     3     3     3     3     3     3     3     3
       3     3     3     3     3     3     3     3     3     3     3
       3     3     3     3     3     3     3     3     3     3     3
       3     3     3     3     3     3     3     3     3     3     3
       3     3     3     3     3     3     3     3     3     3     3
       3     3     3     3     3     3]
  [60042 60043 60039 60039 60043 60040 60042 60044 60039 60039 60039
   60042 60041 60043 60042 60043 60040 60040 60044 60040 60040 60040
   60038 60041 60038 60042 60039 60044 60039 60045 60040 60041 60044
   60039 60044 60040 60041 60039 60042 60040 60040 60042 60040 60040
   60038 60039 60044 60038 60042 60041 60042 60038 60039 60044 60039
   60043 60044 60040 60039 60044 60042]]

 [[    3     2     2     2     2     2     2     2     2     3     3
       3     3     2     2     3     3     2     2     2     3     3
       3     3     3     2     3     2     3     3     2     2     2
       2     2     3     3     3     3     3     2     2     2     3
       3     2     2     3     2     3     3     3     2     2     3
       3     3     3     3     3     3]
  [60042   279   298   287   293   337   293   314   689 60038 60036
   60038 60036   298   354 60034 60036   320   317   305 60040 60042
   60039 60037 60038   313 60034   321 60036 60038   636   322   326
     328   328 60041 60038 60038 60037 60036   333   329   317 60038
   60040   716   351 60039   483 60041 60040 60038   341   378 60039
   60040 60039 60038 60038 60040 60041]]]
unstable
 
 err: 
done running mariposa 1389.2
Bisecting: 261 revisions left to test after this (roughly 8 steps)
[6e637348826f0725ba8a01c455448023ca2889e4] Merge pull request #2368 from waywardmonkeys/fix-typo
running python3 /home/yizhou7/mariposa/scripts/z3-bisect.py /home/yizhou7/mariposa/data/bisect_tasks/d_lvbkv_z3_clean--lib-DataStructures-KMBtree.i.dfy.Impl__KMBtreeModel.__default.IndexesNonempty.txt
building z3
done building z3 3.5
running mariposa
res: 1 
 out: [[[    3     3     3     3     3     3     3     3     3     3     3
       3     3     3     3     3     3     3     3     3     3     3
       3     3     3     3     3     3     3     3     3     3     3
       3     3     3     3     3     3     3     3     3     3     3
       3     3     3     3     3     3     3     3     3     3     3
       3     3     3     3     3     3]
  [60036 60036 60034 60042 60039 60040 60037 60034 60035 60032 60040
   60040 60038 60036 60035 60033 60032 60041 60041 60038 60038 60036
   60035 60032 60041 60041 60037 60035 60036 60034 60031 60040 60042
   60038 60037 60034 60033 60033 60039 60041 60039 60037 60035 60033
   60033 60038 60042 60039 60038 60035 60033 60035 60042 60043 60037
   60037 60033 60033 60029 60032 60043]]

 [[    3     3     3     3     3     3     3     3     3     3     3
       3     3     3     3     3     3     3     3     3     2     3
       3     3     3     2     3     3     3     3     3     3     3
       3     3     3     3     3     3     3     3     3     3     3
       3     3     3     3     3     3     3     3     3     3     3
       3     3     3     3     3     3]
  [60036 60036 60037 60036 60032 60032 60041 60039 60037 60036 60021
   60034 60034 60040 60024 60040 60036 60022 60034 60032  6216 60040
   60025 60038 60034   299 60034 60018 60024 60041 60036 60036 60034
   60032 60032 60042 60042 60037 60036 60034 60032 60034 60042 60042
   60038 60035 60034 60032 60032 60039 60023 60041 60038 60035 60034
   60034 60040 60041 60021 60035 60035]]

 [[    3     2     2     2     2     2     2     2     2     2     3
       3     3     3     3     2     2     2     3     2     3     3
       3     3     3     2     3     3     2     3     2     2     2
       2     2     3     3     3     2     2     3     2     3     2
       3     3     3     3     3     3     2     2     2     3     2
       3     2     3     2     3     3]
  [60036   289   282   294   298   312   281   308   321   302 60022
   60022 60037 60041 60037   345   343   303 60039   314 60045 60043
   60039 60041 60036   730 60042 60040   366 60036   321   353   314
     324   365 60041 60038 60036   285   317 60039   288 60037   326
   60039 60039 60041 60040 60042 60038   337   354   988 60022   333
   60036   332 60035   844 60045 60043]]]
unstable
 
 err: 
done running mariposa 1387.1
Bisecting: 130 revisions left to test after this (roughly 7 steps)
[9b4f327e29de8eadd112e53af5a8fb9f430fabf7] set upload mode to replace
running python3 /home/yizhou7/mariposa/scripts/z3-bisect.py /home/yizhou7/mariposa/data/bisect_tasks/d_lvbkv_z3_clean--lib-DataStructures-KMBtree.i.dfy.Impl__KMBtreeModel.__default.IndexesNonempty.txt
building z3
done building z3 3.4
running mariposa
res: 0 
 out: [[[  2   2   2   2   2   2   2   2   2   2   2   2   2   2   2   2   2
     2   2   2   2   2   2   2   2   2   2   2   2   2   2   2   2   2
     2   2   2   2   2   2   2   2   2   2   2   2   2   2   2   2   2
     2   2   2   2   2   2   2   2   2   2]
  [207 246 245 245 243 245 246 247 244 245 244 245 247 245 243 245 246
   245 245 246 244 244 243 244 245 245 246 245 244 246 243 245 245 245
   249 246 246 244 245 244 247 245 247 245 243 248 244 246 246 244 244
   246 246 244 247 243 237 238 238 236 233]]

 [[  2   2   2   2   2   2   2   2   2   2   2   2   2   2   2   2   2
     2   2   2   2   2   2   2   2   2   2   2   2   2   2   2   2   2
     2   2   2   2   2   2   2   2   2   2   2   2   2   2   2   2   2
     2   2   2   2   2   2   2   2   2   2]
  [207 247 249 249 248 247 250 248 249 249 248 247 250 249 248 247 248
   248 250 249 250 250 247 248 251 248 247 247 247 250 249 250 250 249
   247 247 251 248 249 250 248 247 248 254 250 249 249 248 246 248 248
   249 249 247 248 247 248 250 249 249 246]]

 [[  2   2   2   2   2   2   2   2   2   2   2   2   2   2   2   2   2
     2   2   2   2   2   2   2   2   2   2   2   2   2   2   2   2   2
     2   2   2   2   2   2   2   2   2   2   2   2   2   2   2   2   2
     2   2   2   2   2   2   2   2   2   2]
  [207 271 275 267 271 268 273 272 267 272 268 269 272 269 270 265 270
   267 271 272 267 272 261 269 270 271 265 268 270 266 268 268 271 271
   274 269 264 274 270 269 269 270 269 263 268 266 270 268 274 268 266
   272 268 270 269 269 270 264 265 267 265]]]
stable
 
 err: 
done running mariposa 12.3
Bisecting: 65 revisions left to test after this (roughly 6 steps)
[42ac3a536369a7d4a7eafa1fa15b571b146ba594] merge with csp
running python3 /home/yizhou7/mariposa/scripts/z3-bisect.py /home/yizhou7/mariposa/data/bisect_tasks/d_lvbkv_z3_clean--lib-DataStructures-KMBtree.i.dfy.Impl__KMBtreeModel.__default.IndexesNonempty.txt
building z3
done building z3 3.4
running mariposa
res: 0 
 out: [[[  2   2   2   2   2   2   2   2   2   2   2   2   2   2   2   2   2
     2   2   2   2   2   2   2   2   2   2   2   2   2   2   2   2   2
     2   2   2   2   2   2   2   2   2   2   2   2   2   2   2   2   2
     2   2   2   2   2   2   2   2   2   2]
  [206 246 245 246 244 246 269 244 246 245 247 245 247 248 244 246 248
   245 244 246 247 246 251 249 245 245 247 253 245 246 246 244 244 246
   252 245 246 245 247 245 245 246 246 246 248 245 247 246 248 246 246
   246 247 244 248 249 238 238 238 237 234]]

 [[  2   2   2   2   2   2   2   2   2   2   2   2   2   2   2   2   2
     2   2   2   2   2   2   2   2   2   2   2   2   2   2   2   2   2
     2   2   2   2   2   2   2   2   2   2   2   2   2   2   2   2   2
     2   2   2   2   2   2   2   2   2   2]
  [206 249 249 250 246 250 249 250 253 248 250 246 247 249 248 250 250
   250 248 248 250 248 249 251 251 250 249 249 248 250 249 250 250 249
   249 250 248 251 250 248 250 248 248 250 249 249 250 252 251 250 247
   249 249 247 249 249 249 248 251 250 254]]

 [[  2   2   2   2   2   2   2   2   2   2   2   2   2   2   2   2   2
     2   2   2   2   2   2   2   2   2   2   2   2   2   2   2   2   2
     2   2   2   2   2   2   2   2   2   2   2   2   2   2   2   2   2
     2   2   2   2   2   2   2   2   2   2]
  [206 268 273 275 271 269 273 271 272 281 271 271 271 269 272 270 273
   270 272 273 270 271 264 270 273 273 267 272 270 271 271 270 273 269
   275 272 270 273 273 271 268 272 271 265 268 269 271 272 268 272 269
   272 269 271 272 270 271 263 267 271 268]]]
stable
 
 err: 
done running mariposa 12.3
Bisecting: 32 revisions left to test after this (roughly 5 steps)
[b4290d4b3d7c021965e9ce7ee636caac0f9cac74] python regression
running python3 /home/yizhou7/mariposa/scripts/z3-bisect.py /home/yizhou7/mariposa/data/bisect_tasks/d_lvbkv_z3_clean--lib-DataStructures-KMBtree.i.dfy.Impl__KMBtreeModel.__default.IndexesNonempty.txt
building z3
done building z3 3.1
running mariposa
res: 1 
 out: [[[    2     2     2     2     2     2     2     2     2     2     2
       2     2     2     2     2     2     2     2     2     2     2
       2     2     2     2     2     2     2     2     2     2     2
       2     2     2     2     2     2     2     2     2     2     2
       2     2     2     2     2     2     2     2     2     2     2
       2     2     2     2     2     2]
  [  220   310   317   317   320   323   321   322   323   306   306
     305   305   304   306   307   308   304   306   306   303   307
     308   307   305   307   304   307   306   305   301   301   295
     295   296   297   295   293   296   296   299   294   292   294
     286   286   286   285   288   287   285   287   288   289   286
     286   288   287   286   276   277]]

 [[    2     2     2     2     3     3     3     3     3     3     3
       3     3     3     3     2     3     3     3     3     3     3
       3     2     3     3     3     2     3     3     3     2     3
       2     3     3     3     3     3     3     2     3     3     3
       3     3     2     3     3     2     3     2     2     3     3
       3     3     3     3     3     3]
  [  220  1205  1252   945 60039 60042 60037 60040 60041 60037 60043
   60041 60044 60039 60042   789 60042 60039 60041 60044 60040 60039
   60040  1076 60041 60041 60043   745 60043 60045 60042   860 60039
    1116 60042 60039 60044 60040 60043 60039   306 60038 60040 60039
   60041 60040  1457 60040 60042   652 60039  1918  2092 60041 60043
   60042 60040 60036 60034 60031 60043]]

 [[    2     2     2     2     2     2     2     2     2     3     3
       3     3     3     2     2     2     2     2     3     2     2
       3     2     3     3     3     3     3     2     2     2     2
       3     2     2     2     2     3     2     3     3     3     2
       3     3     2     3     3     2     2     2     2     2     2
       2     2     2     3     3     3]
  [  220   292   279   299   294   292   357   966   357 60038 60036
   60036 60036 60033   315   316   352   360   318 60039   339   357
   60041   958 60042 60037 60042 60039 60040   808   331   313   348
   60039   341   325   320   319 60039   317 60038 60040 60043   312
   60040 60040   365 60038 60040   343   338  1036   387   311   413
     360   369  1883 60046 60043 60044]]]
unstable
 
 err: 
done running mariposa 664.6
Bisecting: 16 revisions left to test after this (roughly 4 steps)
[0f7ff2a3d016ce6cc0dcc2654a6aa0187bc55192] swap
running python3 /home/yizhou7/mariposa/scripts/z3-bisect.py /home/yizhou7/mariposa/data/bisect_tasks/d_lvbkv_z3_clean--lib-DataStructures-KMBtree.i.dfy.Impl__KMBtreeModel.__default.IndexesNonempty.txt
building z3
done building z3 3.4
running mariposa
res: 0 
 out: [[[  2   2   2   2   2   2   2   2   2   2   2   2   2   2   2   2   2
     2   2   2   2   2   2   2   2   2   2   2   2   2   2   2   2   2
     2   2   2   2   2   2   2   2   2   2   2   2   2   2   2   2   2
     2   2   2   2   2   2   2   2   2   2]
  [213 253 250 251 254 255 253 252 250 250 249 253 254 254 250 251 250
   248 252 255 257 251 251 252 253 253 252 256 251 254 251 249 253 254
   253 253 252 251 251 255 257 254 252 252 251 249 253 256 253 253 254
   254 249 250 255 255 244 245 243 242 234]]

 [[  2   2   2   2   2   2   2   2   2   2   2   2   2   2   2   2   2
     2   2   2   2   2   2   2   2   2   2   2   2   2   2   2   2   2
     2   2   2   2   2   2   2   2   2   2   2   2   2   2   2   2   2
     2   2   2   2   2   2   2   2   2   2]
  [213 259 257 255 254 254 254 255 259 258 258 255 256 253 257 256 255
   259 255 254 255 256 256 255 259 258 256 253 254 256 255 255 256 256
   255 255 255 257 256 255 254 254 255 257 256 257 253 254 254 256 255
   258 256 254 256 255 256 256 259 260 256]]

 [[  2   2   2   2   2   2   2   2   2   2   2   2   2   2   2   2   2
     2   2   2   2   2   2   2   2   2   2   2   2   2   2   2   2   2
     2   2   2   2   2   2   2   2   2   2   2   2   2   2   2   2   2
     2   2   2   2   2   2   2   2   2   2]
  [213 280 281 278 279 276 287 285 282 281 277 286 280 275 278 273 285
   280 280 277 286 285 273 248 278 279 283 278 276 273 275 251 278 283
   277 279 279 278 282 286 278 281 277 272 273 275 282 282 284 277 277
   276 276 277 278 277 276 271 278 276 282]]]
stable
 
 err: 
done running mariposa 12.5
Bisecting: 7 revisions left to test after this (roughly 3 steps)
[89e8a1392c992a6c37b8c5320b9e4b9b506bd4a1] na
running python3 /home/yizhou7/mariposa/scripts/z3-bisect.py /home/yizhou7/mariposa/data/bisect_tasks/d_lvbkv_z3_clean--lib-DataStructures-KMBtree.i.dfy.Impl__KMBtreeModel.__default.IndexesNonempty.txt
building z3
done building z3 3.4
running mariposa
res: 1 
 out: [[[    2     2     2     2     2     2     2     2     2     2     2
       2     2     2     2     2     2     2     2     2     2     2
       2     2     2     2     2     2     2     2     2     2     2
       2     2     2     2     2     2     2     2     2     2     2
       2     2     2     2     2     2     2     2     2     2     2
       2     2     2     2     2     2]
  [  219   317   317   322   326   327   328   327   325   309   306
     309   307   306   313   306   309   310   310   309   308   308
     308   308   310   308   309   309   309   309   303   303   301
     299   298   301   298   297   299   300   296   301   294   295
     288   285   287   289   290   289   287   288   289   291   289
     285   288   287   287   280   276]]

 [[    2     2     2     2     3     3     3     3     3     3     3
       3     3     3     3     2     3     3     3     3     3     3
       3     2     3     3     3     2     3     3     3     2     3
       2     3     3     3     3     3     3     2     3     3     3
       3     3     2     3     3     2     3     2     2     3     3
       3     3     3     3     3     3]
  [  219  1198  1267   968 60040 60040 60039 60038 60039 60038 60042
   60041 60043 60039 60041   797 60042 60039 60040 60042 60042 60041
   60039  1055 60039 60041 60043   740 60043 60045 60041   869 60039
    1116 60041 60042 60045 60040 60043 60040   306 60039 60041 60041
   60041 60038  1454 60040 60040   654 60040  1902  2112 60043 60044
   60042 60038 60035 60035 60032 60043]]

 [[    2     2     2     2     2     2     2     2     2     3     3
       3     3     3     2     2     2     2     2     3     2     2
       3     2     3     3     3     3     2     3     2     2     2
       3     2     2     2     2     3     2     3     3     3     2
       3     3     2     3     3     2     2     2     2     2     2
       2     2     2     3     3     3]
  [  219   290   290   281   296   290   355   976   353 60037 60040
   60038 60036 60037   313   312   346   360   317 60039   341   350
   60041   951 60043 60037 60040 60037   796 60041   331   319   349
   60038   346   328   320   321 60039   316 60038 60039 60044   314
   60039 60041   365 60038 60040   340   342  1056   385   316   417
     360   368  1890 60045 60043 60042]]]
unstable
 
 err: 
done running mariposa 664.6
Bisecting: 4 revisions left to test after this (roughly 2 steps)
[1827f98851e1866187abe743afd2d80bc786412f] more fixes for mutexes in shell
running python3 /home/yizhou7/mariposa/scripts/z3-bisect.py /home/yizhou7/mariposa/data/bisect_tasks/d_lvbkv_z3_clean--lib-DataStructures-KMBtree.i.dfy.Impl__KMBtreeModel.__default.IndexesNonempty.txt
building z3
done building z3 3.4
running mariposa
res: 0 
 out: [[[  2   2   2   2   2   2   2   2   2   2   2   2   2   2   2   2   2
     2   2   2   2   2   2   2   2   2   2   2   2   2   2   2   2   2
     2   2   2   2   2   2   2   2   2   2   2   2   2   2   2   2   2
     2   2   2   2   2   2   2   2   2   2]
  [211 252 251 251 252 253 254 250 251 251 250 251 253 254 250 251 250
   254 252 254 254 251 250 250 252 253 255 254 250 251 252 251 253 253
   256 249 252 252 251 253 253 255 252 251 251 250 253 254 254 250 249
   252 251 255 253 254 246 243 244 241 237]]

 [[  2   2   2   2   2   2   2   2   2   2   2   2   2   2   2   2   2
     2   2   2   2   2   2   2   2   2   2   2   2   2   2   2   2   2
     2   2   2   2   2   2   2   2   2   2   2   2   2   2   2   2   2
     2   2   2   2   2   2   2   2   2   2]
  [211 256 255 257 254 254 254 256 257 253 259 255 253 256 254 257 254
   257 252 253 257 254 257 255 256 253 253 255 255 259 255 255 254 254
   254 255 255 255 257 254 255 255 253 258 254 257 256 255 253 254 256
   255 258 254 253 255 254 257 258 257 255]]

 [[  2   2   2   2   2   2   2   2   2   2   2   2   2   2   2   2   2
     2   2   2   2   2   2   2   2   2   2   2   2   2   2   2   2   2
     2   2   2   2   2   2   2   2   2   2   2   2   2   2   2   2   2
     2   2   2   2   2   2   2   2   2   2]
  [211 284 277 280 283 279 282 285 290 276 281 274 280 286 278 276 276
   286 279 276 288 285 273 247 279 281 284 277 280 277 252 275 279 280
   277 276 285 282 283 287 277 278 280 276 277 274 279 285 283 279 278
   279 277 278 278 277 278 268 277 276 279]]]
stable
 
 err: 
done running mariposa 12.5
Bisecting: 1 revision left to test after this (roughly 1 step)
[5177cc4a9a58df192c6a844ca13abf7e7cd3be15] change lt
running python3 /home/yizhou7/mariposa/scripts/z3-bisect.py /home/yizhou7/mariposa/data/bisect_tasks/d_lvbkv_z3_clean--lib-DataStructures-KMBtree.i.dfy.Impl__KMBtreeModel.__default.IndexesNonempty.txt
building z3
done building z3 3.0
running mariposa
res: 1 
 out: [[[    2     2     2     2     2     2     2     2     2     2     2
       2     2     2     2     2     2     2     2     2     2     2
       2     2     2     2     2     2     2     2     2     2     2
       2     2     2     2     2     2     2     2     2     2     2
       2     2     2     2     2     2     2     2     2     2     2
       2     2     2     2     2     2]
  [  218   313   319   324   325   325   324   327   324   309   309
     304   310   306   310   310   310   307   308   312   309   308
     306   305   308   310   310   308   310   309   301   301   298
     296   302   298   297   300   300   301   299   300   294   293
     287   288   285   291   288   286   288   287   290   288   289
     285   285   288   285   276   274]]

 [[    2     2     2     2     3     3     3     3     3     3     3
       3     3     3     3     2     3     3     3     3     3     3
       3     2     3     3     3     2     3     3     3     2     3
       2     3     3     3     3     3     3     2     3     3     3
       3     3     2     3     3     2     3     2     2     3     3
       3     3     3     3     3     3]
  [  218  1193  1243   953 60040 60041 60037 60038 60039 60040 60043
   60041 60043 60038 60042   797 60042 60039 60042 60042 60041 60040
   60039  1056 60038 60042 60044   744 60043 60045 60040   878 60039
    1129 60041 60041 60043 60042 60044 60038   308 60040 60043 60039
   60040 60041  1458 60041 60039   652 60040  1892  2092 60041 60041
   60042 60040 60035 60033 60031 60044]]

 [[    2     2     2     2     2     2     2     2     2     3     3
       3     3     3     2     2     2     2     2     3     2     2
       3     2     3     3     3     3     2     2     3     2     2
       3     2     2     2     2     3     2     3     3     3     2
       3     3     2     3     3     2     2     2     2     2     2
       2     2     2     3     3     3]
  [  218   288   281   293   302   294   356   962   351 60040 60038
   60036 60035 60038   311   315   351   358   318 60039   343   354
   60041   950 60040 60038 60041 60038   327   800 60039   316   346
   60038   326   345   321   318 60039   316 60039 60039 60042   315
   60041 60038   366 60038 60040   337   338  1038   386   314   417
     363   365  1883 60046 60042 60045]]]
unstable
 
 err: 
done running mariposa 664.6
Bisecting: 0 revisions left to test after this (roughly 1 step)
[7c9d2e0d75757ed6aa535f72c7dec70d5a527fed] pydoc test
running python3 /home/yizhou7/mariposa/scripts/z3-bisect.py /home/yizhou7/mariposa/data/bisect_tasks/d_lvbkv_z3_clean--lib-DataStructures-KMBtree.i.dfy.Impl__KMBtreeModel.__default.IndexesNonempty.txt
building z3
done building z3 3.1
running mariposa
res: 0 
 out: [[[  2   2   2   2   2   2   2   2   2   2   2   2   2   2   2   2   2
     2   2   2   2   2   2   2   2   2   2   2   2   2   2   2   2   2
     2   2   2   2   2   2   2   2   2   2   2   2   2   2   2   2   2
     2   2   2   2   2   2   2   2   2   2]
  [213 251 251 253 251 254 255 251 252 251 254 253 254 255 251 251 252
   255 250 258 256 250 254 251 253 253 254 254 250 252 251 253 251 253
   254 254 250 250 252 253 253 255 250 249 256 251 251 258 255 252 251
   251 257 253 257 254 246 247 243 243 238]]

 [[  2   2   2   2   2   2   2   2   2   2   2   2   2   2   2   2   2
     2   2   2   2   2   2   2   2   2   2   2   2   2   2   2   2   2
     2   2   2   2   2   2   2   2   2   2   2   2   2   2   2   2   2
     2   2   2   2   2   2   2   2   2   2]
  [213 260 257 257 256 256 255 255 259 258 259 257 258 255 255 259 257
   257 257 256 256 256 258 258 257 256 257 256 257 259 257 255 259 255
   258 256 257 258 258 253 255 255 259 257 256 258 258 256 258 257 256
   255 259 256 256 256 254 258 255 260 258]]

 [[  2   2   2   2   2   2   2   2   2   2   2   2   2   2   2   2   2
     2   2   2   2   2   2   2   2   2   2   2   2   2   2   2   2   2
     2   2   2   2   2   2   2   2   2   2   2   2   2   2   2   2   2
     2   2   2   2   2   2   2   2   2   2]
  [213 281 280 279 277 281 289 284 282 279 281 278 280 274 284 271 286
   276 276 280 286 287 270 276 281 249 289 275 277 273 276 279 249 281
   278 277 277 281 284 286 277 277 278 269 280 278 283 284 274 286 273
   280 283 279 278 277 279 272 279 277 278]]]
stable
 
 err: 
done running mariposa 12.5
5177cc4a9a58df192c6a844ca13abf7e7cd3be15 is the first bad commit
commit 5177cc4a9a58df192c6a844ca13abf7e7cd3be15
Author: Nikolaj Bjorner <nbjorner@microsoft.com>
Date:   Fri Jun 21 09:08:20 2019 +0200

    change lt
    
    Signed-off-by: Nikolaj Bjorner <nbjorner@microsoft.com>

 src/ast/ast_lt.h                   | 4 ++++
 src/ast/rewriter/bool_rewriter.cpp | 6 ++++--
 2 files changed, 8 insertions(+), 2 deletions(-)
bisect run success
git bisect start
# good: [e79542cc689d52ec4cb34ce4ae3fbe56e7a0bf70] fix #2309
git bisect good e79542cc689d52ec4cb34ce4ae3fbe56e7a0bf70
# bad: [ad55a1f1c617a7f0c3dd735c0780fc758424c7f1] Update release.yml for Azure Pipelines
git bisect bad ad55a1f1c617a7f0c3dd735c0780fc758424c7f1
# skip: [e2702f3ae88f5c48a55f4473bb5c29184c182634] fixes in assigning constraints to intervals
git bisect skip e2702f3ae88f5c48a55f4473bb5c29184c182634
# skip: [1915812f84cf41a5f232eedf2a695a54d055aa88] add a test for intervals
git bisect skip 1915812f84cf41a5f232eedf2a695a54d055aa88
# bad: [8faf35e2e0c8fce99794e71bd3b5de74b95ceb5a] fix #3735
git bisect bad 8faf35e2e0c8fce99794e71bd3b5de74b95ceb5a
# skip: [d1a5635b4ad7f8632356b380f3a9b1fc83fdb04f] better model based lemmaas
git bisect skip d1a5635b4ad7f8632356b380f3a9b1fc83fdb04f
# skip: [0a86bd14f792ef5fadb8eeb346729a612f7e1588] start on test nla
git bisect skip 0a86bd14f792ef5fadb8eeb346729a612f7e1588
# bad: [f7747d9e76bd685a02ce5c5fbda91fc356856b5e] fix parameter collection for tactic-based solvers reported in #3065
git bisect bad f7747d9e76bd685a02ce5c5fbda91fc356856b5e
# skip: [0644194fc96a853df44c37f9e4522796aa40add8] work on lemma from product to factors, and some renaming
git bisect skip 0644194fc96a853df44c37f9e4522796aa40add8
# bad: [0321312c8db1d3f0edbd23e6e48884fbb7d77d1d] Changed to get_const_interp to match Java and C# bindings
git bisect bad 0321312c8db1d3f0edbd23e6e48884fbb7d77d1d
# bad: [6e637348826f0725ba8a01c455448023ca2889e4] Merge pull request #2368 from waywardmonkeys/fix-typo
git bisect bad 6e637348826f0725ba8a01c455448023ca2889e4
# good: [9b4f327e29de8eadd112e53af5a8fb9f430fabf7] set upload mode to replace
git bisect good 9b4f327e29de8eadd112e53af5a8fb9f430fabf7
# good: [42ac3a536369a7d4a7eafa1fa15b571b146ba594] merge with csp
git bisect good 42ac3a536369a7d4a7eafa1fa15b571b146ba594
# bad: [b4290d4b3d7c021965e9ce7ee636caac0f9cac74] python regression
git bisect bad b4290d4b3d7c021965e9ce7ee636caac0f9cac74
# good: [0f7ff2a3d016ce6cc0dcc2654a6aa0187bc55192] swap
git bisect good 0f7ff2a3d016ce6cc0dcc2654a6aa0187bc55192
# bad: [89e8a1392c992a6c37b8c5320b9e4b9b506bd4a1] na
git bisect bad 89e8a1392c992a6c37b8c5320b9e4b9b506bd4a1
# good: [1827f98851e1866187abe743afd2d80bc786412f] more fixes for mutexes in shell
git bisect good 1827f98851e1866187abe743afd2d80bc786412f
# bad: [5177cc4a9a58df192c6a844ca13abf7e7cd3be15] change lt
git bisect bad 5177cc4a9a58df192c6a844ca13abf7e7cd3be15
# good: [7c9d2e0d75757ed6aa535f72c7dec70d5a527fed] pydoc test
git bisect good 7c9d2e0d75757ed6aa535f72c7dec70d5a527fed
# first bad commit: [5177cc4a9a58df192c6a844ca13abf7e7cd3be15] change lt
