running python3 /home/yizhou7/mariposa/scripts/z3-bisect.py /home/yizhou7/mariposa/data/bisect_tasks/d_lvbkv_z3_clean--lib-Buckets-PackedKV.i.dfy.Impl__DynamicPkv.__default.PSAPopFrontWeightSuffix.txt
building z3
Bisecting: 1453 revisions left to test after this (roughly 11 steps)
[1915812f84cf41a5f232eedf2a695a54d055aa88] add a test for intervals
running python3 /home/yizhou7/mariposa/scripts/z3-bisect.py /home/yizhou7/mariposa/data/bisect_tasks/d_lvbkv_z3_clean--lib-Buckets-PackedKV.i.dfy.Impl__DynamicPkv.__default.PSAPopFrontWeightSuffix.txt
building z3
Bisecting: 1453 revisions left to test after this (roughly 11 steps)
[8faf35e2e0c8fce99794e71bd3b5de74b95ceb5a] fix #3735
running python3 /home/yizhou7/mariposa/scripts/z3-bisect.py /home/yizhou7/mariposa/data/bisect_tasks/d_lvbkv_z3_clean--lib-Buckets-PackedKV.i.dfy.Impl__DynamicPkv.__default.PSAPopFrontWeightSuffix.txt
building z3
done building z3 3.2
running mariposa
res: 1 
 out: [[[    2     2     2     2     2     2     2     2     2     2     2
       2     2     2     2     2     2     2     2     2     2     2
       2     2     2     2     2     2     2     2     2     2     2
       2     2     2     2     2     2     2     2     2     2     2
       2     2     2     2     2     2     2     2     2     2     2
       2     2     2     2     2     2]
  [  399   623   637   614   627   633   627   616   624   624   622
     626   622   619   620   616   628   614   613   625   617   612
     625   621   612   612   630   615   613   603   607   627   597
     601   619   611   615   604   623   620   626   615   615   620
     614   617   633   605   606   614   601   595   601   603   607
     612   589   592   586   582   568]]

 [[    2     2     3     2     2     3     2     2     2     2     2
       2     3     3     3     3     3     3     3     2     3     3
       3     3     3     3     3     2     3     3     3     3     3
       3     2     2     3     2     3     3     3     2     3     2
       3     3     2     2     3     2     2     3     3     3     3
       3     3     3     3     3     3]
  [  399   615 60034   612   746 60035   762   753   721   853   718
     743 60020 60035 60020 60017 60018 60021 60029   730 60020 60020
   60020 60046 60026 60021 60019   722 60020 60022 60019 60018 60025
   60017   683   712 60040   720 60024 60019 60021   694 60019   679
   60029 60028   695   704 60022   688   691 60019 60021 60018 60017
   60020 60021 60021 60020 60020 60024]]

 [[    2     2     2     2     2     2     2     2     2     2     2
       2     2     2     2     2     2     2     2     2     3     3
       3     3     2     3     3     2     2     2     2     3     2
       3     3     3     3     3     3     2     2     2     2     3
       3     3     3     3     3     3     2     2     2     2     2
       3     3     3     3     3     3]
  [  399   593   620   625   625   634   672   556   589   583   583
     662   644   612   686   871   971   977   978   934 60016 60016
   60015 60016   791 60015 60016   655   704   676   640 60019   888
   60018 60017 60035 60017 60017 60022   629   721   694   643 60042
   60022 60020 60018 60028 60023 60018   726   800   874   746   839
   60030 60027 60022 60027 60017 60020]]]
unstable
 
 err: 
done running mariposa 612.7
Bisecting: 1254 revisions left to test after this (roughly 10 steps)
[d1a5635b4ad7f8632356b380f3a9b1fc83fdb04f] better model based lemmaas
running python3 /home/yizhou7/mariposa/scripts/z3-bisect.py /home/yizhou7/mariposa/data/bisect_tasks/d_lvbkv_z3_clean--lib-Buckets-PackedKV.i.dfy.Impl__DynamicPkv.__default.PSAPopFrontWeightSuffix.txt
building z3
Bisecting: 1254 revisions left to test after this (roughly 10 steps)
[0a86bd14f792ef5fadb8eeb346729a612f7e1588] start on test nla
running python3 /home/yizhou7/mariposa/scripts/z3-bisect.py /home/yizhou7/mariposa/data/bisect_tasks/d_lvbkv_z3_clean--lib-Buckets-PackedKV.i.dfy.Impl__DynamicPkv.__default.PSAPopFrontWeightSuffix.txt
building z3
Bisecting: 1254 revisions left to test after this (roughly 10 steps)
[f7747d9e76bd685a02ce5c5fbda91fc356856b5e] fix parameter collection for tactic-based solvers reported in #3065
running python3 /home/yizhou7/mariposa/scripts/z3-bisect.py /home/yizhou7/mariposa/data/bisect_tasks/d_lvbkv_z3_clean--lib-Buckets-PackedKV.i.dfy.Impl__DynamicPkv.__default.PSAPopFrontWeightSuffix.txt
building z3
done building z3 3.2
running mariposa
res: 1 
 out: [[[    2     2     2     2     2     2     2     2     2     2     2
       2     2     2     2     2     2     2     2     2     2     2
       2     2     2     2     2     2     2     2     2     2     2
       2     2     2     2     2     2     2     2     2     2     2
       2     2     2     2     2     2     2     2     2     2     2
       2     2     2     2     2     2]
  [  404   698   685   701   682   689   687   691   690   663   670
     652   673   651   651   655   647   653   655   643   657   651
     649   658   672   669   670   669   665   659   659   657   659
     655   663   661   661   650   662   667   657   659   659   668
     656   660   657   657   657   656   655   654   632   637   652
     646   640   639   648   656   649]]

 [[    2     2     2     2     3     3     3     2     3     2     2
       3     2     2     2     2     3     3     3     3     3     3
       3     3     3     2     3     3     2     3     3     3     2
       2     3     3     3     3     3     3     2     2     2     3
       2     3     2     3     2     3     3     2     2     3     3
       3     3     3     3     3     3]
  [  404   559   562   650 60015 60015 60015   629 60015   617   620
   60015   551   641   707   689 60023 60018 60025 60022 60017 60019
   60033 60020 60018   675 60017 60024   603 60015 60020 60020   997
     833 60019 60018 60018 60023 60016 60017   638   690   876 60018
   12688 60022   689 60018   684 60018 60019   673   626 60019 60027
   60022 60018 60024 60019 60017 60024]]

 [[    2     2     2     2     2     2     2     2     2     2     2
       2     3     3     3     3     3     2     3     2     3     3
       3     3     2     3     2     2     3     3     2     3     2
       3     3     3     3     2     3     3     2     2     2     2
       3     3     2     2     3     3     2     2     3     3     2
       2     3     2     3     3     3]
  [  404   591   629   607   624   656   566   596   621   648   707
     880 60017 60016 60028 60013 60014   818 60020   837 60020 60022
   60023 60017   762 60017   749   762 60016 60015   687 60016   913
   60022 60020 60019 60019   820 60029 60018   699   654  1740   658
   60029 60021   846   866 60018 60019   815   856 60017 60015   755
     747 60017   819 60017 60018 60017]]]
unstable
 
 err: 
done running mariposa 615.9
Bisecting: 1034 revisions left to test after this (roughly 10 steps)
[0644194fc96a853df44c37f9e4522796aa40add8] work on lemma from product to factors, and some renaming
running python3 /home/yizhou7/mariposa/scripts/z3-bisect.py /home/yizhou7/mariposa/data/bisect_tasks/d_lvbkv_z3_clean--lib-Buckets-PackedKV.i.dfy.Impl__DynamicPkv.__default.PSAPopFrontWeightSuffix.txt
building z3
Bisecting: 1034 revisions left to test after this (roughly 10 steps)
[0321312c8db1d3f0edbd23e6e48884fbb7d77d1d] Changed to get_const_interp to match Java and C# bindings
running python3 /home/yizhou7/mariposa/scripts/z3-bisect.py /home/yizhou7/mariposa/data/bisect_tasks/d_lvbkv_z3_clean--lib-Buckets-PackedKV.i.dfy.Impl__DynamicPkv.__default.PSAPopFrontWeightSuffix.txt
building z3
done building z3 3.1
running mariposa
res: 1 
 out: [[[    3     2     2     2     2     2     2     3     3     3     3
       3     3     3     3     2     2     2     3     2     2     2
       2     3     3     2     2     3     3     3     2     2     3
       3     2     3     2     3     2     2     3     2     3     2
       3     2     3     3     3     3     3     2     2     3     3
       3     3     3     3     3     3]
  [60011   676   661   630   623   637   642 60019 60019 60020 60018
   60018 60019 60016 60016   645   651   667 60017   671   683   690
     704 60019 60018   636   641 60017 60019 60017   663   696 60017
   60017   711 60020   650 60017   627   629 60019   615 60017   652
   60018   675 60017 60017 60018 60017 60019   603   645 60017 60018
   60018 60019 60021 60018 60016 60017]]

 [[    3     2     3     3     3     3     2     3     2     3     3
       2     2     3     3     3     3     3     2     3     3     2
       3     3     3     3     3     3     3     2     2     2     3
       3     3     3     3     3     3     2     2     3     3     3
       3     3     3     3     3     3     3     3     2     3     3
       3     3     3     3     3     3]
  [60011   679 60020 60020 60017 60018   618 60015   561 60027 60014
     634   632 60018 60030 60016 60015 60014   611 60016 60019   583
   60021 60018 60017 60018 60015 60021 60025  1695   648   611 60032
   60017 60019 60017 60020 60016 60018   774  1925 60021 60018 60028
   60033 60018 60017 60019 60019 60022 60020 60020   747 60021 60017
   60023 60021 60018 60019 60022 60021]]

 [[    3     2     2     2     2     3     3     3     3     3     3
       2     3     2     2     2     3     3     3     3     3     2
       3     3     3     3     3     3     2     3     3     2     2
       3     3     3     3     3     3     3     3     3     3     3
       3     3     2     2     2     2     2     3     3     2     3
       3     3     3     3     3     3]
  [60011   533   516   538   630 60017 60014 60014 60024 60015 60016
     637 60017   785   753   775 60022 60018 60019 60016 60016   716
   60016 60018 60018 60028 60018 60017   643 60025 60026   748   709
   60027 60023 60020 60017 60015 60025 60027 60018 60025 60019 60028
   60026 60025   727   669   649   667  1999 60017 60020   768 60018
   60019 60017 60016 60028 60019 60015]]]
unstable
 
 err: 
done running mariposa 1158.9
Bisecting: 261 revisions left to test after this (roughly 8 steps)
[6e637348826f0725ba8a01c455448023ca2889e4] Merge pull request #2368 from waywardmonkeys/fix-typo
running python3 /home/yizhou7/mariposa/scripts/z3-bisect.py /home/yizhou7/mariposa/data/bisect_tasks/d_lvbkv_z3_clean--lib-Buckets-PackedKV.i.dfy.Impl__DynamicPkv.__default.PSAPopFrontWeightSuffix.txt
building z3
done building z3 3.1
running mariposa
res: 1 
 out: [[[    2     2     2     2     2     2     2     2     2     2     2
       2     2     2     2     2     2     2     2     2     2     2
       2     2     2     2     2     2     2     2     2     2     2
       2     2     2     2     2     2     2     2     2     2     2
       2     2     2     2     2     2     2     2     2     2     2
       2     2     2     2     2     2]
  [  375   640   645   635   619   621   609   610   626   616   608
     606   595   601   602   599   592   601   600   596   601   601
     595   602   601   594   604   599   595   596   599   603   597
     602   590   593   601   595   599   602   598   597   607   611
     599   596   595   597   600   596   602   598   592   606   600
     591   602   605   595   601   600]]

 [[    2     2     3     3     2     3     2     3     2     2     2
       2     2     3     3     3     3     2     3     2     2     3
       3     2     2     2     2     3     3     3     3     2     3
       3     2     3     3     2     2     3     3     2     3     2
       3     2     3     3     3     2     3     3     3     2     3
       3     3     3     3     3     3]
  [  375   735 60028 60020   642 60016   732 60019   624   647   640
     671   963 60020 60019 60017 60017   718 60019   606   985 60017
   60037   704   700   732   746 60019 60021 60019 60017   651 60022
   60017   689 60023 60033 31560   676 60019 60022   650 60017   622
   60018  4616 60019 60024 60020   659 60022 60020 60018   749 60022
   60024 60020 60021 60018 60026 60024]]

 [[    2     2     2     2     2     3     3     3     3     3     3
       2     2     2     3     2     2     2     3     3     3     3
       3     3     3     2     3     3     3     3     2     2     3
       3     2     2     3     2     2     3     3     3     3     3
       3     2     3     2     2     3     3     3     3     2     2
       2     3     3     3     3     3]
  [  375   508   507   514   617 60015 60015 60017 60015 60025 60015
     618   629   691 60016   617   602   750 60021 60015 60016 60024
   60014 60017 60023   877 60022 60017 60015 60015   673   697 60025
   60014   624   754 60019 12808   776 60017 60028 60017 60015 60023
   60028   761 60019   789   783 60026 60019 60016 60019   695   643
     665 60016 60018 60032 60021 60020]]]
unstable
 
 err: 
done running mariposa 675.3
Bisecting: 130 revisions left to test after this (roughly 7 steps)
[9b4f327e29de8eadd112e53af5a8fb9f430fabf7] set upload mode to replace
running python3 /home/yizhou7/mariposa/scripts/z3-bisect.py /home/yizhou7/mariposa/data/bisect_tasks/d_lvbkv_z3_clean--lib-Buckets-PackedKV.i.dfy.Impl__DynamicPkv.__default.PSAPopFrontWeightSuffix.txt
building z3
done building z3 3.1
running mariposa
res: 0 
 out: [[[  2   2   2   2   2   2   2   2   2   2   2   2   2   2   2   2   2
     2   2   2   2   2   2   2   2   2   2   2   2   2   2   2   2   2
     2   2   2   2   2   2   2   2   2   2   2   2   2   2   2   2   2
     2   2   2   2   2   2   2   2   2   2]
  [348 418 415 412 416 419 420 418 417 414 415 419 421 422 416 415 414
   414 415 422 421 414 416 415 414 412 421 420 419 415 415 415 422 418
   420 416 414 416 413 419 419 422 416 414 415 413 418 419 423 417 415
   415 412 415 424 420 407 405 402 399 376]]

 [[  2   2   2   2   2   2   2   2   2   2   2   2   2   2   2   2   2
     2   2   2   2   2   2   2   2   2   2   2   2   2   2   2   2   2
     2   2   2   2   2   2   2   2   2   2   2   2   2   2   2   2   2
     2   2   2   2   2   2   2   2   2   2]
  [348 424 424 427 425 425 422 425 423 421 422 423 423 423 421 424 423
   420 427 423 423 421 427 423 423 427 423 422 422 427 424 423 422 421
   425 422 426 425 423 424 422 423 421 425 425 424 422 421 425 422 424
   425 426 424 421 420 419 422 430 428 421]]

 [[  2   2   2   2   2   2   2   2   2   2   2   2   2   2   2   2   2
     2   2   2   2   2   2   2   2   2   2   2   2   2   2   2   2   2
     2   2   2   2   2   2   2   2   2   2   2   2   2   2   2   2   2
     2   2   2   2   2   2   2   2   2   2]
  [348 508 474 476 488 526 518 526 473 488 478 490 518 511 513 479 495
   510 480 515 482 509 504 510 518 496 495 527 520 477 506 482 487 486
   492 488 466 478 501 497 507 515 516 473 477 491 510 506 492 500 468
   478 508 488 484 503 500 485 476 477 486]]]
stable
 
 err: 
done running mariposa 21.2
Bisecting: 65 revisions left to test after this (roughly 6 steps)
[42ac3a536369a7d4a7eafa1fa15b571b146ba594] merge with csp
running python3 /home/yizhou7/mariposa/scripts/z3-bisect.py /home/yizhou7/mariposa/data/bisect_tasks/d_lvbkv_z3_clean--lib-Buckets-PackedKV.i.dfy.Impl__DynamicPkv.__default.PSAPopFrontWeightSuffix.txt
building z3
done building z3 3.1
running mariposa
res: 0 
 out: [[[  2   2   2   2   2   2   2   2   2   2   2   2   2   2   2   2   2
     2   2   2   2   2   2   2   2   2   2   2   2   2   2   2   2   2
     2   2   2   2   2   2   2   2   2   2   2   2   2   2   2   2   2
     2   2   2   2   2   2   2   2   2   2]
  [345 415 418 412 417 419 418 412 414 418 411 419 419 419 412 413 414
   411 420 420 420 414 413 412 410 420 420 418 414 416 413 411 416 421
   417 416 420 417 414 418 417 425 414 413 420 412 419 417 419 415 415
   413 412 420 418 417 409 404 399 398 381]]

 [[  2   2   2   2   2   2   2   2   2   2   2   2   2   2   2   2   2
     2   2   2   2   2   2   2   2   2   2   2   2   2   2   2   2   2
     2   2   2   2   2   2   2   2   2   2   2   2   2   2   2   2   2
     2   2   2   2   2   2   2   2   2   2]
  [345 425 423 426 420 426 418 419 424 420 425 424 423 421 418 421 423
   421 422 421 419 418 424 423 423 422 421 420 419 421 422 423 428 420
   424 421 424 424 420 422 420 420 421 427 423 423 422 417 419 420 422
   428 424 421 420 421 424 425 429 429 417]]

 [[  2   2   2   2   2   2   2   2   2   2   2   2   2   2   2   2   2
     2   2   2   2   2   2   2   2   2   2   2   2   2   2   2   2   2
     2   2   2   2   2   2   2   2   2   2   2   2   2   2   2   2   2
     2   2   2   2   2   2   2   2   2   2]
  [345 503 476 475 487 518 523 522 472 479 476 519 488 510 513 480 507
   494 481 512 507 483 499 510 519 487 525 498 517 476 480 504 477 489
   484 491 463 473 496 504 497 510 513 471 473 484 501 506 492 502 470
   476 498 482 498 492 485 486 474 474 483]]]
stable
 
 err: 
done running mariposa 21.1
Bisecting: 32 revisions left to test after this (roughly 5 steps)
[b4290d4b3d7c021965e9ce7ee636caac0f9cac74] python regression
running python3 /home/yizhou7/mariposa/scripts/z3-bisect.py /home/yizhou7/mariposa/data/bisect_tasks/d_lvbkv_z3_clean--lib-Buckets-PackedKV.i.dfy.Impl__DynamicPkv.__default.PSAPopFrontWeightSuffix.txt
building z3
done building z3 3.1
running mariposa
res: 1 
 out: [[[    2     2     2     2     2     2     2     2     2     2     2
       2     2     2     2     2     2     2     2     2     2     2
       2     2     2     2     2     2     2     2     2     2     2
       2     2     2     2     2     2     2     2     2     2     2
       2     2     2     2     2     2     2     2     2     2     2
       2     2     2     2     2     2]
  [  377   582   587   587   585   588   588   591   594   601   594
     602   597   589   591   601   563   556   562   569   570   570
     570   567   571   569   568   569   572   569   573   570   575
     569   574   575   575   570   571   577   574   570   574   580
     577   576   573   577   573   580   573   580   579   573   571
     576   576   574   573   573   565]]

 [[    2     2     2     3     2     3     3     3     3     3     3
       3     3     3     3     3     2     2     3     3     3     3
       3     3     2     2     3     2     3     3     3     3     3
       3     3     3     3     3     2     3     3     3     3     3
       2     3     3     3     2     2     3     3     3     3     2
       3     2     3     3     3     3]
  [  377   699   795 60028   656 60024 60026 60022 60022 60018 60016
   60018 60021 60023 60019 60027   701   623 60020 60019 60021 60022
   60019 60022   625   623 60035   616 60021 60019 60022 60020 60021
   60022 60020 60023 60021 60022   706 60018 60034 60024 60029 60018
     714 60023 60021 60023 11244   679 60020 60026 60018 60028   643
   60020   603 60019 60019 60025 60026]]

 [[    2     2     2     2     2     2     2     2     3     3     3
       3     3     2     3     3     2     3     3     3     3     3
       2     3     3     2     3     3     3     3     2     3     3
       2     3     3     3     3     2     3     3     3     3     3
       3     3     3     2     3     3     2     2     2     2     2
       3     3     3     3     3     3]
  [  377   512   532   532   660   721   690   714 60024 60019 60017
   60022 60015   642 60021 60018   819 60025 60017 60018 60019 60025
     718 60035 60020   848 60019 60023 60024 60016   628 60020 60032
     664 60025 60023 60018 60018   695 60033 60020 60023 60022 60033
   60017 60018 60022   693 60021 60015   676   683   682   688   724
   60018 60021 60019 60018 60019 60018]]]
unstable
 
 err: 
done running mariposa 789.9
Bisecting: 16 revisions left to test after this (roughly 4 steps)
[0f7ff2a3d016ce6cc0dcc2654a6aa0187bc55192] swap
running python3 /home/yizhou7/mariposa/scripts/z3-bisect.py /home/yizhou7/mariposa/data/bisect_tasks/d_lvbkv_z3_clean--lib-Buckets-PackedKV.i.dfy.Impl__DynamicPkv.__default.PSAPopFrontWeightSuffix.txt
building z3
done building z3 3.1
running mariposa
res: 0 
 out: [[[  2   2   2   2   2   2   2   2   2   2   2   2   2   2   2   2   2
     2   2   2   2   2   2   2   2   2   2   2   2   2   2   2   2   2
     2   2   2   2   2   2   2   2   2   2   2   2   2   2   2   2   2
     2   2   2   2   2   2   2   2   2   2]
  [358 439 431 433 434 425 437 434 438 425 422 421 424 439 423 424 428
   422 421 433 426 423 422 424 432 423 424 437 440 423 421 434 433 436
   423 435 437 433 422 423 435 428 425 434 424 422 419 437 442 439 436
   435 434 425 428 429 408 409 413 420 409]]

 [[  2   2   2   2   2   2   2   2   2   2   2   2   2   2   2   2   2
     2   2   2   2   2   2   2   2   2   2   2   2   2   2   2   2   2
     2   2   2   2   2   2   2   2   2   2   2   2   2   2   2   2   2
     2   2   2   2   2   2   2   2   2   2]
  [358 445 434 446 426 443 443 433 434 451 432 430 429 439 434 442 432
   434 439 442 444 429 436 433 431 442 428 429 432 434 444 429 428 444
   439 431 441 442 441 429 430 445 431 433 432 442 428 430 429 430 438
   442 442 431 440 443 432 438 451 445 426]]

 [[  2   2   2   2   2   2   2   2   2   2   2   2   2   2   2   2   2
     2   2   2   2   2   2   2   2   2   2   2   2   2   2   2   2   2
     2   2   2   2   2   2   2   2   2   2   2   2   2   2   2   2   2
     2   2   2   2   2   2   2   2   2   2]
  [358 510 530 483 496 502 520 531 483 486 487 485 529 524 532 492 482
   522 485 527 524 483 507 526 528 535 499 527 491 495 484 478 486 487
   497 492 478 481 492 479 480 489 522 479 475 485 483 522 497 485 488
   493 521 502 487 483 499 480 485 480 477]]]
stable
 
 err: 
done running mariposa 21.3
Bisecting: 7 revisions left to test after this (roughly 3 steps)
[89e8a1392c992a6c37b8c5320b9e4b9b506bd4a1] na
running python3 /home/yizhou7/mariposa/scripts/z3-bisect.py /home/yizhou7/mariposa/data/bisect_tasks/d_lvbkv_z3_clean--lib-Buckets-PackedKV.i.dfy.Impl__DynamicPkv.__default.PSAPopFrontWeightSuffix.txt
building z3
done building z3 3.1
running mariposa
res: 1 
 out: [[[    2     2     2     2     2     2     2     2     2     2     2
       2     2     2     2     2     2     2     2     2     2     2
       2     2     2     2     2     2     2     2     2     2     2
       2     2     2     2     2     2     2     2     2     2     2
       2     2     2     2     2     2     2     2     2     2     2
       2     2     2     2     2     2]
  [  380   588   595   589   590   593   595   598   603   606   600
     604   575   572   568   564   577   581   583   588   581   581
     584   585   593   581   584   583   581   583   591   584   581
     585   589   588   584   584   589   587   583   580   590   587
     583   585   592   589   585   588   589   589   582   582   591
     591   584   585   589   587   574]]

 [[    2     2     2     3     2     3     3     3     3     3     3
       3     3     3     3     3     2     2     3     3     3     3
       3     3     2     2     3     2     3     3     3     3     3
       3     3     3     3     3     2     3     3     3     3     3
       2     3     3     3     2     2     3     3     3     3     2
       3     2     3     3     3     3]
  [  380   715   784 60028   692 60020 60022 60020 60022 60018 60018
   60020 60021 60023 60020 60027   697   618 60019 60020 60020 60021
   60021 60021   618   625 60036   617 60019 60019 60021 60019 60022
   60021 60018 60022 60020 60022   699 60019 60036 60024 60030 60020
     724 60022 60021 60021 11292   679 60021 60025 60017 60029   648
   60021   606 60019 60018 60025 60025]]

 [[    2     2     2     2     2     2     2     2     3     3     3
       3     3     2     3     3     2     3     3     3     3     3
       2     3     3     2     3     3     3     3     2     3     3
       2     3     3     3     3     2     3     3     3     3     3
       3     3     3     2     3     3     2     2     2     2     2
       3     3     3     3     3     3]
  [  380   515   536   538   675   759   676   713 60023 60026 60015
   60023 60016   640 60020 60018   828 60026 60017 60019 60018 60026
     703 60034 60018   845 60020 60023 60025 60015   629 60019 60031
     690 60026 60023 60018 60018   703 60032 60019 60022 60024 60019
   60033 60017 60021   695 60020 60015   680   674   680   701   719
   60020 60019 60020 60019 60021 60018]]]
unstable
 
 err: 
done running mariposa 789.9
Bisecting: 4 revisions left to test after this (roughly 2 steps)
[1827f98851e1866187abe743afd2d80bc786412f] more fixes for mutexes in shell
running python3 /home/yizhou7/mariposa/scripts/z3-bisect.py /home/yizhou7/mariposa/data/bisect_tasks/d_lvbkv_z3_clean--lib-Buckets-PackedKV.i.dfy.Impl__DynamicPkv.__default.PSAPopFrontWeightSuffix.txt
building z3
done building z3 3.1
running mariposa
res: 0 
 out: [[[  2   2   2   2   2   2   2   2   2   2   2   2   2   2   2   2   2
     2   2   2   2   2   2   2   2   2   2   2   2   2   2   2   2   2
     2   2   2   2   2   2   2   2   2   2   2   2   2   2   2   2   2
     2   2   2   2   2   2   2   2   2   2]
  [360 436 431 435 435 426 438 433 424 431 421 423 428 440 422 422 422
   424 427 438 429 424 425 422 430 428 428 437 435 424 437 421 438 437
   429 434 435 432 425 429 437 429 425 437 426 420 427 439 442 434 440
   437 432 425 427 425 416 411 411 416 397]]

 [[  2   2   2   2   2   2   2   2   2   2   2   2   2   2   2   2   2
     2   2   2   2   2   2   2   2   2   2   2   2   2   2   2   2   2
     2   2   2   2   2   2   2   2   2   2   2   2   2   2   2   2   2
     2   2   2   2   2   2   2   2   2   2]
  [360 451 434 450 427 441 443 428 432 431 448 429 427 429 442 442 432
   432 442 438 447 429 434 430 431 440 431 429 429 438 445 431 433 441
   428 442 440 445 443 431 435 428 442 433 435 442 430 429 429 432 440
   445 444 434 439 439 431 446 450 449 426]]

 [[  2   2   2   2   2   2   2   2   2   2   2   2   2   2   2   2   2
     2   2   2   2   2   2   2   2   2   2   2   2   2   2   2   2   2
     2   2   2   2   2   2   2   2   2   2   2   2   2   2   2   2   2
     2   2   2   2   2   2   2   2   2   2]
  [360 483 494 524 498 520 530 531 479 481 483 485 527 524 528 487 517
   478 482 528 487 521 510 523 522 535 498 492 522 502 481 476 484 494
   483 496 473 478 491 481 481 488 525 477 475 483 480 525 483 497 491
   487 524 494 489 478 494 478 486 481 475]]]
stable
 
 err: 
done running mariposa 21.4
Bisecting: 1 revision left to test after this (roughly 1 step)
[5177cc4a9a58df192c6a844ca13abf7e7cd3be15] change lt
running python3 /home/yizhou7/mariposa/scripts/z3-bisect.py /home/yizhou7/mariposa/data/bisect_tasks/d_lvbkv_z3_clean--lib-Buckets-PackedKV.i.dfy.Impl__DynamicPkv.__default.PSAPopFrontWeightSuffix.txt
building z3
done building z3 3.0
running mariposa
res: 1 
 out: [[[    2     2     2     2     2     2     2     2     2     2     2
       2     2     2     2     2     2     2     2     2     2     2
       2     2     2     2     2     2     2     2     2     2     2
       2     2     2     2     2     2     2     2     2     2     2
       2     2     2     2     2     2     2     2     2     2     2
       2     2     2     2     2     2]
  [  380   588   593   593   587   597   595   597   596   602   602
     602   582   571   570   573   572   571   580   572   582   579
     588   579   582   580   584   582   587   583   581   580   586
     582   588   583   585   582   587   585   589   582   582   585
     589   581   582   580   590   579   583   585   590   580   582
     590   588   585   588   583   577]]

 [[    2     2     2     3     2     3     3     3     3     3     3
       3     3     3     3     3     2     2     3     3     3     3
       3     3     2     2     3     2     3     3     3     3     3
       3     3     3     3     3     2     3     3     3     3     3
       2     3     3     3     2     2     3     3     3     3     2
       3     2     3     3     3     3]
  [  380   704   790 60029   661 60025 60020 60021 60020 60019 60016
   60018 60021 60022 60019 60025   705   622 60021 60018 60019 60022
   60020 60018   631   631 60035   621 60021 60019 60022 60022 60020
   60024 60020 60024 60020 60021   693 60020 60036 60024 60030 60018
     724 60023 60018 60023 11299   684 60021 60026 60017 60030   653
   60019   606 60020 60018 60025 60025]]

 [[    2     2     2     2     2     2     2     2     3     3     3
       3     3     2     3     3     2     3     3     3     3     3
       2     3     3     2     3     3     3     3     2     3     3
       2     3     3     3     3     2     3     3     3     3     3
       3     3     3     2     3     3     2     2     2     2     2
       3     3     3     3     3     3]
  [  380   512   537   536   676   729   651   670 60028 60024 60014
   60023 60015   644 60019 60019   826 60024 60017 60017 60017 60027
     723 60033 60018   855 60020 60024 60026 60017   635 60021 60032
     673 60024 60024 60017 60017   705 60031 60018 60024 60024 60020
   60034 60020 60020   701 60018 60015   683   687   691   722   735
   60019 60020 60020 60019 60019 60018]]]
unstable
 
 err: 
done running mariposa 789.9
Bisecting: 0 revisions left to test after this (roughly 1 step)
[7c9d2e0d75757ed6aa535f72c7dec70d5a527fed] pydoc test
running python3 /home/yizhou7/mariposa/scripts/z3-bisect.py /home/yizhou7/mariposa/data/bisect_tasks/d_lvbkv_z3_clean--lib-Buckets-PackedKV.i.dfy.Impl__DynamicPkv.__default.PSAPopFrontWeightSuffix.txt
building z3
done building z3 3.1
running mariposa
res: 0 
 out: [[[  2   2   2   2   2   2   2   2   2   2   2   2   2   2   2   2   2
     2   2   2   2   2   2   2   2   2   2   2   2   2   2   2   2   2
     2   2   2   2   2   2   2   2   2   2   2   2   2   2   2   2   2
     2   2   2   2   2   2   2   2   2   2]
  [361 435 434 439 434 426 438 432 434 424 425 424 422 438 421 421 423
   424 424 435 429 422 420 422 435 424 426 440 433 421 422 437 435 437
   429 434 432 433 423 423 437 428 423 433 423 424 423 434 437 436 433
   436 432 422 427 425 412 417 411 418 407]]

 [[  2   2   2   2   2   2   2   2   2   2   2   2   2   2   2   2   2
     2   2   2   2   2   2   2   2   2   2   2   2   2   2   2   2   2
     2   2   2   2   2   2   2   2   2   2   2   2   2   2   2   2   2
     2   2   2   2   2   2   2   2   2   2]
  [361 449 432 448 426 439 442 428 434 430 446 428 429 439 434 441 436
   432 442 442 446 430 431 431 437 443 426 428 429 433 430 443 430 442
   438 427 442 441 440 428 432 443 432 432 435 440 431 429 428 430 441
   441 441 432 442 438 432 443 446 444 431]]

 [[  2   2   2   2   2   2   2   2   2   2   2   2   2   2   2   2   2
     2   2   2   2   2   2   2   2   2   2   2   2   2   2   2   2   2
     2   2   2   2   2   2   2   2   2   2   2   2   2   2   2   2   2
     2   2   2   2   2   2   2   2   2   2]
  [361 487 486 501 532 521 529 523 472 481 479 482 523 522 530 488 474
   522 480 524 487 522 506 527 524 533 519 495 492 498 482 475 483 482
   492 494 468 479 489 483 482 489 521 477 476 477 482 525 497 485 485
   488 514 499 486 496 480 479 485 476 477]]]
stable
 
 err: 
done running mariposa 21.4
5177cc4a9a58df192c6a844ca13abf7e7cd3be15 is the first bad commit
commit 5177cc4a9a58df192c6a844ca13abf7e7cd3be15
Author: Nikolaj Bjorner <nbjorner@microsoft.com>
Date:   Fri Jun 21 09:08:20 2019 +0200

    change lt
    
    Signed-off-by: Nikolaj Bjorner <nbjorner@microsoft.com>

 src/ast/ast_lt.h                   | 4 ++++
 src/ast/rewriter/bool_rewriter.cpp | 6 ++++--
 2 files changed, 8 insertions(+), 2 deletions(-)
bisect run success
git bisect start
# good: [e79542cc689d52ec4cb34ce4ae3fbe56e7a0bf70] fix #2309
git bisect good e79542cc689d52ec4cb34ce4ae3fbe56e7a0bf70
# bad: [ad55a1f1c617a7f0c3dd735c0780fc758424c7f1] Update release.yml for Azure Pipelines
git bisect bad ad55a1f1c617a7f0c3dd735c0780fc758424c7f1
# skip: [e2702f3ae88f5c48a55f4473bb5c29184c182634] fixes in assigning constraints to intervals
git bisect skip e2702f3ae88f5c48a55f4473bb5c29184c182634
# skip: [1915812f84cf41a5f232eedf2a695a54d055aa88] add a test for intervals
git bisect skip 1915812f84cf41a5f232eedf2a695a54d055aa88
# bad: [8faf35e2e0c8fce99794e71bd3b5de74b95ceb5a] fix #3735
git bisect bad 8faf35e2e0c8fce99794e71bd3b5de74b95ceb5a
# skip: [d1a5635b4ad7f8632356b380f3a9b1fc83fdb04f] better model based lemmaas
git bisect skip d1a5635b4ad7f8632356b380f3a9b1fc83fdb04f
# skip: [0a86bd14f792ef5fadb8eeb346729a612f7e1588] start on test nla
git bisect skip 0a86bd14f792ef5fadb8eeb346729a612f7e1588
# bad: [f7747d9e76bd685a02ce5c5fbda91fc356856b5e] fix parameter collection for tactic-based solvers reported in #3065
git bisect bad f7747d9e76bd685a02ce5c5fbda91fc356856b5e
# skip: [0644194fc96a853df44c37f9e4522796aa40add8] work on lemma from product to factors, and some renaming
git bisect skip 0644194fc96a853df44c37f9e4522796aa40add8
# bad: [0321312c8db1d3f0edbd23e6e48884fbb7d77d1d] Changed to get_const_interp to match Java and C# bindings
git bisect bad 0321312c8db1d3f0edbd23e6e48884fbb7d77d1d
# bad: [6e637348826f0725ba8a01c455448023ca2889e4] Merge pull request #2368 from waywardmonkeys/fix-typo
git bisect bad 6e637348826f0725ba8a01c455448023ca2889e4
# good: [9b4f327e29de8eadd112e53af5a8fb9f430fabf7] set upload mode to replace
git bisect good 9b4f327e29de8eadd112e53af5a8fb9f430fabf7
# good: [42ac3a536369a7d4a7eafa1fa15b571b146ba594] merge with csp
git bisect good 42ac3a536369a7d4a7eafa1fa15b571b146ba594
# bad: [b4290d4b3d7c021965e9ce7ee636caac0f9cac74] python regression
git bisect bad b4290d4b3d7c021965e9ce7ee636caac0f9cac74
# good: [0f7ff2a3d016ce6cc0dcc2654a6aa0187bc55192] swap
git bisect good 0f7ff2a3d016ce6cc0dcc2654a6aa0187bc55192
# bad: [89e8a1392c992a6c37b8c5320b9e4b9b506bd4a1] na
git bisect bad 89e8a1392c992a6c37b8c5320b9e4b9b506bd4a1
# good: [1827f98851e1866187abe743afd2d80bc786412f] more fixes for mutexes in shell
git bisect good 1827f98851e1866187abe743afd2d80bc786412f
# bad: [5177cc4a9a58df192c6a844ca13abf7e7cd3be15] change lt
git bisect bad 5177cc4a9a58df192c6a844ca13abf7e7cd3be15
# good: [7c9d2e0d75757ed6aa535f72c7dec70d5a527fed] pydoc test
git bisect good 7c9d2e0d75757ed6aa535f72c7dec70d5a527fed
# first bad commit: [5177cc4a9a58df192c6a844ca13abf7e7cd3be15] change lt
