running python3 /home/yizhou7/mariposa/scripts/z3-bisect.py /home/yizhou7/mariposa/data/bisect_tasks/d_lvbkv_z3_clean--BlockCacheSystem-JournalRange.i.dfy.Impl__JournalRanges.__default.parseJournalRangeAdditive.txt
building z3
Bisecting: 1453 revisions left to test after this (roughly 11 steps)
[1915812f84cf41a5f232eedf2a695a54d055aa88] add a test for intervals
running python3 /home/yizhou7/mariposa/scripts/z3-bisect.py /home/yizhou7/mariposa/data/bisect_tasks/d_lvbkv_z3_clean--BlockCacheSystem-JournalRange.i.dfy.Impl__JournalRanges.__default.parseJournalRangeAdditive.txt
building z3
Bisecting: 1453 revisions left to test after this (roughly 11 steps)
[8faf35e2e0c8fce99794e71bd3b5de74b95ceb5a] fix #3735
running python3 /home/yizhou7/mariposa/scripts/z3-bisect.py /home/yizhou7/mariposa/data/bisect_tasks/d_lvbkv_z3_clean--BlockCacheSystem-JournalRange.i.dfy.Impl__JournalRanges.__default.parseJournalRangeAdditive.txt
building z3
done building z3 3.2
running mariposa
res: 1 
 out: [[[    2     2     2     2     2     2     2     2     2     2     2
       2     2     2     2     2     2     2     2     2     2     2
       2     2     2     2     2     2     2     2     2     2     2
       2     2     2     3     2     2     2     2     2     2     2
       2     3     2     2     2     3     2     2     2     2     2
       2     2     2     2     2     3]
  [ 7091 14948 15022 12038 11482 14128 11562 14090 14235 13803 13753
   13818 13940 13895 11219 13687 13907 11055 11205 11104 14094 11737
   12159 14527 11189 14826 14014 13644 11085 11654 14147 11696 14450
   11910 14367 13161 60021 10216 12751 10169 10224 12918 10637 12957
   13603 60024 11393 10821 14177 60023 11036 13346 13534 10929 13464
   13528  9922 10077 12482 11511 60022]]

 [[    2     2     2     2     2     2     2     2     2     2     2
       2     2     2     2     2     2     2     2     2     2     2
       2     2     2     2     2     2     2     2     2     2     2
       2     2     2     2     2     2     2     2     2     2     2
       2     2     2     2     2     2     2     2     2     2     2
       2     2     2     2     2     2]
  [ 7091  1126  1033   649  1787   523   511  1654   694  1416   934
     548   894  1120  1053   627  2431   667   779   543   970   706
    1403   837  1251  1132   536   888   681  1117   715  1021  2691
    2623   933   682   604   665  2741  3151   508   606   608  1486
    2592  2065   576  3096  1395   585   643   882   524   734   683
    1127   704  1761   753 45335 52997]]

 [[    2     2     2     2     2     2     2     2     2     2     2
       2     2     2     2     2     2     2     2     2     2     2
       2     2     2     2     2     2     3     2     3     3     2
       2     2     2     3     2     2     2     2     2     2     2
       2     2     2     2     3     2     2     2     3     2     2
       3     2     2     3     3     3]
  [ 7091   453   478   596   780   570   889   528  2280  1451   908
     470   736  1038  2069  8698  8544  1144 19894 14049 12317  1456
    2853  2635  2019  5156  5013  4088 60020  2151 60028 60029   786
     474   424   767 60026  7369 11748  5016   446  4594   709  1292
    1261  3873  4089  1082 60033   609   568   698 60029  1924  2010
   60027  4192 37264 60028 60034 60032]]]
unstable
 
 err: 
done running mariposa 298.5
Bisecting: 1254 revisions left to test after this (roughly 10 steps)
[d1a5635b4ad7f8632356b380f3a9b1fc83fdb04f] better model based lemmaas
running python3 /home/yizhou7/mariposa/scripts/z3-bisect.py /home/yizhou7/mariposa/data/bisect_tasks/d_lvbkv_z3_clean--BlockCacheSystem-JournalRange.i.dfy.Impl__JournalRanges.__default.parseJournalRangeAdditive.txt
building z3
Bisecting: 1254 revisions left to test after this (roughly 10 steps)
[0a86bd14f792ef5fadb8eeb346729a612f7e1588] start on test nla
running python3 /home/yizhou7/mariposa/scripts/z3-bisect.py /home/yizhou7/mariposa/data/bisect_tasks/d_lvbkv_z3_clean--BlockCacheSystem-JournalRange.i.dfy.Impl__JournalRanges.__default.parseJournalRangeAdditive.txt
building z3
Bisecting: 1254 revisions left to test after this (roughly 10 steps)
[f7747d9e76bd685a02ce5c5fbda91fc356856b5e] fix parameter collection for tactic-based solvers reported in #3065
running python3 /home/yizhou7/mariposa/scripts/z3-bisect.py /home/yizhou7/mariposa/data/bisect_tasks/d_lvbkv_z3_clean--BlockCacheSystem-JournalRange.i.dfy.Impl__JournalRanges.__default.parseJournalRangeAdditive.txt
building z3
done building z3 3.2
running mariposa
res: 1 
 out: [[[    2     2     2     2     2     2     2     2     2     2     2
       2     2     2     2     2     2     2     2     2     2     2
       2     2     2     2     2     2     2     2     2     2     2
       2     2     2     2     2     2     2     2     2     2     2
       2     2     2     2     2     2     2     2     2     2     2
       2     2     2     2     2     2]
  [ 2624  4512  4463  4374  8995  4649  4607  9348  9519  4464  4484
    4460  4451  4588  4466  4643  4503  9041  9085  9124  4660  9174
    4615  4508  9274  9188  9429  4255  8890  4640  9248  9431  4708
    9317  4712  9476  9018  4498  4560  4567  9014  9085  9078  9360
    4426  4463  9068  4437  9257  4370  4622  8890  4505  4551  8859
    8518  4133  4179  8013  6655  6798]]

 [[    2     2     2     2     2     2     2     2     2     2     2
       2     2     2     2     2     2     2     2     2     2     2
       2     2     2     2     2     2     2     2     2     2     2
       2     2     2     2     2     2     2     2     2     2     2
       2     2     2     2     2     2     2     2     2     2     2
       2     2     2     2     2     3]
  [ 2624  1039  1133   649  1778   513  1349   539   690   579   558
     893  1003  2641  1080   629   671   694   986   564  1874   798
     903  1048   553   632  1174   519   881  1163   911   686  1205
    2648  2627   982   644   552   545   491  1102  2592  2981   671
    1419  2494  2005   743  1324   832   638   572  2803   480   683
     610  1165   598   928  1609 60024]]

 [[    2     2     2     2     2     2     2     2     2     2     2
       2     2     2     2     2     2     2     2     2     2     2
       2     2     2     2     2     2     3     2     3     2     2
       2     2     2     2     2     3     2     2     2     3     2
       3     2     2     2     2     2     2     3     2     2     2
       2     2     2     3     3     3]
  [ 2624   448   625   731   973   934   602  1065   675  1044  1449
     488   700  2068  7565  7258  3362  9509  1149 12035  1885  2861
    2663  1464 12182  4999 13579  4061 60026   841 60026 54799   817
    1342   776   491   795  7845 60049  4810   422   677 60036   638
   60029  1285  5012   726   759   696 18676 60029   604  4765  2064
    3761 29409 34106 60019 60029 60027]]]
unstable
 
 err: 
done running mariposa 199.0
Bisecting: 1034 revisions left to test after this (roughly 10 steps)
[0644194fc96a853df44c37f9e4522796aa40add8] work on lemma from product to factors, and some renaming
running python3 /home/yizhou7/mariposa/scripts/z3-bisect.py /home/yizhou7/mariposa/data/bisect_tasks/d_lvbkv_z3_clean--BlockCacheSystem-JournalRange.i.dfy.Impl__JournalRanges.__default.parseJournalRangeAdditive.txt
building z3
Bisecting: 1034 revisions left to test after this (roughly 10 steps)
[0321312c8db1d3f0edbd23e6e48884fbb7d77d1d] Changed to get_const_interp to match Java and C# bindings
running python3 /home/yizhou7/mariposa/scripts/z3-bisect.py /home/yizhou7/mariposa/data/bisect_tasks/d_lvbkv_z3_clean--BlockCacheSystem-JournalRange.i.dfy.Impl__JournalRanges.__default.parseJournalRangeAdditive.txt
building z3
done building z3 3.0
running mariposa
res: 1 
 out: [[[    2     2     2     2     2     2     2     2     2     2     2
       2     2     2     2     2     2     2     2     2     2     2
       2     2     2     2     2     2     2     2     2     2     2
       2     2     2     2     3     3     2     2     2     2     3
       2     2     2     2     3     2     3     2     2     2     2
       2     3     3     3     3     3]
  [ 1051  1158  1159  1037  1526  1019  1187  1007   943  1677  1620
    1032  1692  1194  1792  1006  1134  5245  1058  1668  1702  1111
    1711  1271  1413  1200  1214  9459  1341  1770  1333  1349  1105
    1629  1071  1903  1919 60034 60032  1737  1874  9980  1838 60028
    1302  1810  5526  1208 60028  1157 60029  1614  5316  1117   990
    1101 60031 60029 60026 60021 60033]]

 [[    2     2     2     2     2     2     2     2     2     2     2
       2     2     2     2     2     2     2     2     2     2     2
       2     2     2     2     2     2     2     2     2     2     2
       2     2     2     2     2     2     2     2     2     2     2
       2     2     2     2     2     2     2     2     2     2     2
       2     2     2     2     2     3]
  [ 1051  5783  8435   569   504  5825   604  2826  8864  1089  5936
    4085   603  4599   504   684 13226  1214  3606  1070  7852   474
   11696  2202  1116   633  1103  6432  7650  4847   447   790 13573
    6258   849  6794   507  5249  4178   712  5922   456  4617   449
     393   530  1051  9409   486  4406  4870   425 15537   498  5382
     440  6569  7359  6103  4042 60032]]

 [[    2     2     2     2     2     2     2     2     2     2     2
       2     2     2     2     2     2     2     3     2     3     3
       2     3     3     2     2     3     2     2     2     2     2
       2     2     2     2     2     3     2     2     2     2     2
       2     2     2     2     2     2     2     2     2     2     2
       3     3     3     3     3     3]
  [ 1051   352   531   589  1116   904  1013  1319  1992   806  1740
     608  4415   397  3274   541  1438  6491 60019  1397 60028 60030
     725 60027 60029  2448  2727 60024  2369   579   875  5564   913
     691  3067  1129   791   596 60025  1182 11579  5153  7692   488
    1798   485   530   521  3417  1764  1022   435  2320  1760 19035
   60026 60030 60023 60028 60030 60029]]]
unstable
 
 err: 
done running mariposa 297.8
Bisecting: 261 revisions left to test after this (roughly 8 steps)
[6e637348826f0725ba8a01c455448023ca2889e4] Merge pull request #2368 from waywardmonkeys/fix-typo
running python3 /home/yizhou7/mariposa/scripts/z3-bisect.py /home/yizhou7/mariposa/data/bisect_tasks/d_lvbkv_z3_clean--BlockCacheSystem-JournalRange.i.dfy.Impl__JournalRanges.__default.parseJournalRangeAdditive.txt
building z3
done building z3 3.1
running mariposa
res: 1 
 out: [[[    2     2     2     2     2     2     2     2     2     2     2
       2     2     2     2     2     2     2     2     2     2     2
       2     2     2     2     2     2     2     2     2     2     2
       2     2     2     2     2     2     2     2     2     2     2
       2     2     2     2     2     2     2     2     2     2     2
       2     2     3     3     3     3]
  [ 1207  1141  1911  1128  1065  1085  1131  1106  1038  1112  1049
    1124  1050  1110  1105  1879  1911  1940  1877  1904  1943  1867
    1924  1119  1873  1873  1078  1156  1149  1873  1069  1105  1089
    1862  1070  1963  1121  1933  1927  1154  1924  1111  1947  1201
    1959  1935  2006  1966  1976  2000  1961  1158  1944  1127  1146
    1167  1116 60028 60028 60025 60025]]

 [[    2     2     2     2     2     2     2     2     2     2     2
       2     2     2     2     2     2     2     2     2     2     2
       2     2     2     2     2     2     2     2     2     2     2
       2     2     2     2     2     2     2     2     2     2     2
       2     2     2     2     2     3     2     2     2     2     2
       2     2     2     2     3     3]
  [ 1207  5499  2582   501  1058   986 13297  6654  7589   423  2279
    1196  6998 11209  2785   421   514   526  1931  8688  5022   440
     586  3516  3676  1874   453 11565  6030  7806  3436 12792  7757
    5744  1037  1044  1893   890  2341  8386   653  6237  9479  5184
     421  6160   526  3757  3237 60032  7463   518  6180  5168   375
    5700  6881  7088 36851 60029 60028]]

 [[    2     2     2     2     2     2     2     2     2     2     2
       2     2     2     2     2     2     2     2     2     2     2
       2     2     3     3     3     2     2     3     2     2     2
       2     3     2     3     2     3     2     2     2     2     3
       3     2     3     2     2     2     2     2     3     2     3
       2     2     2     3     3     3]
  [ 1207   639   795  1363   748  1689  2432   402  3776   457  1219
    7293  1509  5263   432   579  2245   645  5975  1614  1614  6122
    4290  1427 60026 60026 60025   512   830 60026  1257  1921   759
    1214 60023  7187 60027   513 60032  2125   718  6744  4127 60031
   60025  2229 60024  1653  7209   402   635  5811 60027   658 60023
    1312  5002  4846 60021 60022 60030]]]
unstable
 
 err: 
done running mariposa 284.3
Bisecting: 130 revisions left to test after this (roughly 7 steps)
[9b4f327e29de8eadd112e53af5a8fb9f430fabf7] set upload mode to replace
running python3 /home/yizhou7/mariposa/scripts/z3-bisect.py /home/yizhou7/mariposa/data/bisect_tasks/d_lvbkv_z3_clean--BlockCacheSystem-JournalRange.i.dfy.Impl__JournalRanges.__default.parseJournalRangeAdditive.txt
building z3
done building z3 3.0
running mariposa
res: 0 
 out: [[[   2    2    2    2    2    2    2    2    2    2    2    2    2    2
      2    2    2    2    2    2    2    2    2    2    2    2    2    2
      2    2    2    2    2    2    2    2    2    2    2    2    2    2
      2    2    2    2    2    2    2    2    2    2    2    2    2    2
      2    2    2    2    2]
  [ 225  280  282  289  280  287  278  281  280  285  284  276  284  277
    289  287  281  290  277  275  277  293  293  280  282  276  277  286
    287  286  281  285  279  283  279  282  292  281  280  281  285  277
    293  286  281  280  281  276  290  286  284  290  283  275  289  286
    285  286  273  271  270]]

 [[   2    2    2    2    2    2    2    2    2    2    2    2    2    2
      2    2    2    2    2    2    2    2    2    2    2    2    2    2
      2    2    2    2    2    2    2    2    2    2    2    2    2    2
      2    2    2    2    2    2    2    2    2    2    2    2    2    2
      2    2    2    2    2]
  [ 225  274  278  283  278  280  280  280  277  277  284  277  280  279
    282  274  277  278  279  278  280  279  280  278  277  276  279  278
    281  278  280  276  277  277  279  279  276  280  281  282  277  278
    281  276  278  277  280  281  277  281  276  278  277  280  282  277
    278  276  281  284  282]]

 [[   2    2    2    2    2    2    2    2    2    2    2    2    2    2
      2    2    2    2    2    2    2    2    2    2    2    2    2    2
      2    2    2    2    2    2    2    2    2    2    2    2    2    2
      2    2    2    2    2    2    2    2    2    2    2    2    2    2
      2    2    2    2    2]
  [ 225  241  278  314  305  331  335  316  314  307  321  319  339  295
    322  320  317  304 1215  405  234  244  328  349  342  315  327  421
    310  308  314  339  299  289  310  309  265  256  295  304  323  307
    323  355  817  300  304  331  304  314  343  850  330  333  307  234
    321  310  316  303  289]]]
stable
 
 err: 
done running mariposa 11.6
Bisecting: 65 revisions left to test after this (roughly 6 steps)
[42ac3a536369a7d4a7eafa1fa15b571b146ba594] merge with csp
running python3 /home/yizhou7/mariposa/scripts/z3-bisect.py /home/yizhou7/mariposa/data/bisect_tasks/d_lvbkv_z3_clean--BlockCacheSystem-JournalRange.i.dfy.Impl__JournalRanges.__default.parseJournalRangeAdditive.txt
building z3
done building z3 3.1
running mariposa
res: 0 
 out: [[[   2    2    2    2    2    2    2    2    2    2    2    2    2    2
      2    2    2    2    2    2    2    2    2    2    2    2    2    2
      2    2    2    2    2    2    2    2    2    2    2    2    2    2
      2    2    2    2    2    2    2    2    2    2    2    2    2    2
      2    2    2    2    2]
  [ 224  281  282  293  285  291  278  279  278  288  289  275  288  282
    288  288  285  292  275  282  279  292  291  283  284  275  280  286
    292  284  281  289  278  288  282  285  288  283  283  286  280  285
    292  281  283  282  283  279  289  283  282  294  283  279  291  287
    288  287  273  272  273]]

 [[   2    2    2    2    2    2    2    2    2    2    2    2    2    2
      2    2    2    2    2    2    2    2    2    2    2    2    2    2
      2    2    2    2    2    2    2    2    2    2    2    2    2    2
      2    2    2    2    2    2    2    2    2    2    2    2    2    2
      2    2    2    2    2]
  [ 224  272  280  284  280  283  282  281  273  279  284  279  284  282
    279  273  280  279  282  283  277  286  274  281  281  282  283  283
    277  275  280  277  279  279  280  278  274  280  286  280  280  282
    279  274  282  280  280  279  280  285  277  280  280  279  279  278
    283  276  286  284  283]]

 [[   2    2    2    2    2    2    2    2    2    2    2    2    2    2
      2    2    2    2    2    2    2    2    2    2    2    2    2    2
      2    2    2    2    2    2    2    2    2    2    2    2    2    2
      2    2    2    2    2    2    2    2    2    2    2    2    2    2
      2    2    2    2    2]
  [ 224  240  279  302  313  333  332  317  319  324  305  318  343  296
    322  314  314  303 1251  407  232  246  340  338  352  316  326  424
    310  309  317  331  300  291  311  305  263  293  251  305  324  315
    356  335  804  305  305  333  305  315  346  840  327  333  304  237
    324  313  320  302  285]]]
stable
 
 err: 
done running mariposa 11.6
Bisecting: 32 revisions left to test after this (roughly 5 steps)
[b4290d4b3d7c021965e9ce7ee636caac0f9cac74] python regression
running python3 /home/yizhou7/mariposa/scripts/z3-bisect.py /home/yizhou7/mariposa/data/bisect_tasks/d_lvbkv_z3_clean--BlockCacheSystem-JournalRange.i.dfy.Impl__JournalRanges.__default.parseJournalRangeAdditive.txt
building z3
done building z3 3.0
running mariposa
res: 1 
 out: [[[    2     2     2     2     2     2     2     2     2     2     2
       2     2     2     2     2     2     2     2     2     2     2
       2     2     2     2     2     2     2     2     2     2     2
       2     2     2     2     2     2     2     2     2     2     2
       2     2     2     2     2     2     2     2     2     2     2
       2     2     2     2     2     2]
  [  770  1257  1055  1072  1335  1312  1123   966   947  1281  1028
    1028  1140  1082  1032   966   982  1025  1272  1296   950  1302
    1279  1170  1167   956  1043  1024  1288  1293   959  1168  1061
    1292  1338  1033  1300  1088   947  1165  1040  1157   990  1340
    1085   988  1144   946  1297  1100  1323  1128  1000  1323  1307
    1162  1183  1185  1097  1274   955]]

 [[    2     2     2     2     2     2     2     2     2     2     2
       2     2     2     2     2     2     2     2     2     2     2
       2     2     2     2     2     2     2     2     2     2     2
       2     2     2     3     3     2     2     2     2     3     2
       2     2     2     2     2     2     2     2     2     2     2
       2     3     2     2     3     3]
  [  770   656  1075   265  1986  4480  1981  4117   941  4310   236
     492  2239 16538  1014  5800  5066 16106   381  8748 20713  1827
    3176  2465  6533   992   506   448  1008  6452  9088  8177  4487
     364 10488  5253 60022 60024  2249  2136 35388  3607 60020   327
    5201  2545  2566  6530  9136  5748  4813  1105  3336 17669 24606
    5466 60029 11453  4836 60027 60028]]

 [[    2     2     2     2     2     2     2     2     2     2     2
       2     2     2     2     2     2     2     2     2     2     2
       2     2     2     2     2     2     2     2     2     2     2
       2     2     2     2     2     2     2     2     2     2     2
       2     2     2     2     2     2     2     2     2     2     2
       2     2     2     2     3     2]
  [  770   418   499   333   993   995  1361   744   846  1410   877
    1557  2573  3188  4368  2764  8051  8900   938   762   441 11564
     787   947   390  3383   855   773  4352  4534  1052   264  1909
     883 13559  1938   936   740   586 13669 34514  1173 24095   854
    1699 23226  2147  4058  1081  1080  2362   740 32128 27855  5678
   31045  4314  3797  5625 60028 32683]]]
unstable
 
 err: 
done running mariposa 195.6
Bisecting: 16 revisions left to test after this (roughly 4 steps)
[0f7ff2a3d016ce6cc0dcc2654a6aa0187bc55192] swap
running python3 /home/yizhou7/mariposa/scripts/z3-bisect.py /home/yizhou7/mariposa/data/bisect_tasks/d_lvbkv_z3_clean--BlockCacheSystem-JournalRange.i.dfy.Impl__JournalRanges.__default.parseJournalRangeAdditive.txt
building z3
done building z3 3.0
running mariposa
res: 0 
 out: [[[   2    2    2    2    2    2    2    2    2    2    2    2    2    2
      2    2    2    2    2    2    2    2    2    2    2    2    2    2
      2    2    2    2    2    2    2    2    2    2    2    2    2    2
      2    2    2    2    2    2    2    2    2    2    2    2    2    2
      2    2    2    2    2]
  [ 547 2059 2060 2069 2095 2063 2117 2213 2014 2099 2039 2104 2121 2259
    805 2052 2051 2219 2084 2085 2083 2051 2276 2102 2087 2022 2240 2131
   2246 2070 2264  794 2054 2029 2202 2053 2096 2050 2117 2072 2030 2221
   2047 2234 2224 2271 2284 2113 2040 2080 2064 2048 2081 2101 2232 2025
    865 2151 1888 2036 1829]]

 [[   2    2    2    2    2    2    2    2    2    2    2    2    2    2
      2    2    2    2    2    2    2    2    2    2    2    2    2    2
      2    2    2    2    2    2    2    2    2    2    2    2    2    2
      2    2    2    2    2    2    2    2    2    2    2    2    2    2
      2    2    2    2    2]
  [ 547  435  439  441  437  450  445  445  574  466  454  608  601 2262
   2657 2072  596 2606  597 2940 2029 2671  605 2257 2025  575 2128 2541
   2117  582  455  443  589 2073 2012  575  591 2032  595 2092  582 2558
    453 2134  590 2590 2234 2828  463  464 2144 2788 2255  457  597 2751
   2606 2752 2120 2069 2863]]

 [[   2    2    2    2    2    2    2    2    2    2    2    2    2    2
      2    2    2    2    2    2    2    2    2    2    2    2    2    2
      2    2    2    2    2    2    2    2    2    2    2    2    2    2
      2    2    2    2    2    2    2    2    2    2    2    2    2    2
      2    2    2    2    2]
  [ 547  521  560  685  693  691  689  806  668  520  645  568  581  608
    675  483  537  619  692  659  495  678  537  638  515  513  546  666
    533  514 1025  675  532  454  690  511  499  675  774  646  560  489
    554  567  552  850  608  544  525  517  494  668  700 2336  715  537
    525  674  678  523  659]]]
stable
 
 err: 
done running mariposa 40.3
Bisecting: 7 revisions left to test after this (roughly 3 steps)
[89e8a1392c992a6c37b8c5320b9e4b9b506bd4a1] na
running python3 /home/yizhou7/mariposa/scripts/z3-bisect.py /home/yizhou7/mariposa/data/bisect_tasks/d_lvbkv_z3_clean--BlockCacheSystem-JournalRange.i.dfy.Impl__JournalRanges.__default.parseJournalRangeAdditive.txt
building z3
done building z3 3.0
running mariposa
res: 1 
 out: [[[    2     2     2     2     2     2     2     2     2     2     2
       2     2     2     2     2     2     2     2     2     2     2
       2     2     2     2     2     2     2     2     2     2     2
       2     2     2     2     2     2     2     2     2     2     2
       2     2     2     2     2     2     2     2     2     2     2
       2     2     2     2     2     2]
  [  747  1262  1054  1092  1415  1317  1114  1307   931   946  1140
    1006  1027  1018  1065   959  1293   983  1049  1273  1315   932
    1146  1256  1175  1306  1037   948  1299  1035   961  1162  1063
    1278  1360  1031  1296  1077  1157   950  1031  1148   993  1321
    1084   985  1152   965  1112  1315  1312  1001  1142  1324  1285
    1138  1193  1193  1097  1294   984]]

 [[    2     2     2     2     2     2     2     2     2     2     2
       2     2     2     2     2     2     2     2     2     2     2
       2     2     2     2     2     2     2     2     2     2     2
       2     2     3     2     3     2     2     2     2     2     3
       2     2     2     2     2     2     2     2     2     2     2
       2     3     2     2     3     3]
  [  747   636   269  1065  1986  4550  1992  4141   927  4363   237
     501  2247 16566  1022  5831 16082  5108   379  8820 20860  1853
    3218  2451  6652   997   489   459  1019  6694  9060  8471  4534
     368 10675 60023  5314 60022  2263  2093 35317  3658  5293 60024
     327  2572  2574  6260  9364  4820  5756  1139  3337 17379 24648
    5603 60030 11483  4846 60025 60030]]

 [[    2     2     2     2     2     2     2     2     2     2     2
       2     2     2     2     2     2     2     2     2     2     2
       2     2     2     2     2     2     2     2     2     2     2
       2     2     2     2     2     2     2     2     2     2     2
       2     2     2     2     2     2     2     2     2     2     2
       2     2     2     2     3     2]
  [  747   416   496   333   978   993  1353   735   840  1427   882
    1530  2573  3172  4394  2796  8019  8838   765   939   440 11619
     789   951   394  3377   844   770  4359  4529  1050   268  1926
     893 13854  1939   940   735 13177   579 34743 23647  1161   852
    1680 23375  4075  2122  1061  1077  2369   770 32071 28336  5672
   30028  4322  3802  5534 60029 33036]]]
unstable
 
 err: 
done running mariposa 196.0
Bisecting: 4 revisions left to test after this (roughly 2 steps)
[1827f98851e1866187abe743afd2d80bc786412f] more fixes for mutexes in shell
running python3 /home/yizhou7/mariposa/scripts/z3-bisect.py /home/yizhou7/mariposa/data/bisect_tasks/d_lvbkv_z3_clean--BlockCacheSystem-JournalRange.i.dfy.Impl__JournalRanges.__default.parseJournalRangeAdditive.txt
building z3
done building z3 3.0
running mariposa
res: 0 
 out: [[[   2    2    2    2    2    2    2    2    2    2    2    2    2    2
      2    2    2    2    2    2    2    2    2    2    2    2    2    2
      2    2    2    2    2    2    2    2    2    2    2    2    2    2
      2    2    2    2    2    2    2    2    2    2    2    2    2    2
      2    2    2    2    2]
  [ 561 2100 2086 2044 2059 2093 2074 2229 2024 2084 2136 2040 2086 2207
    794 2062 2057 2259 2106 2057 2081 2024 2224 2090 2133 2044 2232 2111
   2215 2046 2209  799 2078 2037 2218 2039 2112 2031 2110 2027 2044 2248
   2034 2227 2236 2287 2269 2105 2011 2059 2058 2057 2090 2071 2210 2036
    880 2148 1899 2051 1768]]

 [[   2    2    2    2    2    2    2    2    2    2    2    2    2    2
      2    2    2    2    2    2    2    2    2    2    2    2    2    2
      2    2    2    2    2    2    2    2    2    2    2    2    2    2
      2    2    2    2    2    2    2    2    2    2    2    2    2    2
      2    2    2    2    2]
  [ 561  441  432  434  444  447  448  451  562  459  455  599  594 2242
   2671 2097  597 2598  601 2996 2026 2624  617 2229 2030 2081  584 2531
   2158  592  454  438  597 2064 2017  581  591 1982  595 2058  585 2567
    452 2134  602 2595 2233  467 2848 2078  462 2751 2215  448  606 2783
   2754 2127 2637 2021 2819]]

 [[   2    2    2    2    2    2    2    2    2    2    2    2    2    2
      2    2    2    2    2    2    2    2    2    2    2    2    2    2
      2    2    2    2    2    2    2    2    2    2    2    2    2    2
      2    2    2    2    2    2    2    2    2    2    2    2    2    2
      2    2    2    2    2]
  [ 561  516  559  687  689  692  696  805  638  667  529  565  579  599
    685  482  526  620  687  665  498  682  530  635  519  516  542  667
    534  510 1038  675  453  532  689  515  488  688  768  640  555  492
    549  573  552  843  606  538  524  516  499  659  711  706 2375  529
    529  675  676  669  519]]]
stable
 
 err: 
done running mariposa 40.3
Bisecting: 1 revision left to test after this (roughly 1 step)
[5177cc4a9a58df192c6a844ca13abf7e7cd3be15] change lt
running python3 /home/yizhou7/mariposa/scripts/z3-bisect.py /home/yizhou7/mariposa/data/bisect_tasks/d_lvbkv_z3_clean--BlockCacheSystem-JournalRange.i.dfy.Impl__JournalRanges.__default.parseJournalRangeAdditive.txt
building z3
done building z3 3.0
running mariposa
res: 1 
 out: [[[    2     2     2     2     2     2     2     2     2     2     2
       2     2     2     2     2     2     2     2     2     2     2
       2     2     2     2     2     2     2     2     2     2     2
       2     2     2     2     2     2     2     2     2     2     2
       2     2     2     2     2     2     2     2     2     2     2
       2     2     2     2     2     2]
  [  743  1258  1068  1053  1323  1286  1117   943   981  1291  1148
    1032  1043  1019  1083   952   989  1022  1278  1261  1299   949
    1160  1274  1164   960  1052  1293  1034  1297   971  1154  1063
    1287  1338  1054  1082  1312   943  1161  1035  1159   998  1070
    1321   962   956  1176  1110  1303  1332  1154  1014  1353  1295
    1139  1162  1201  1086  1307   944]]

 [[    2     2     2     2     2     2     2     2     2     2     2
       2     2     2     2     2     2     2     2     2     2     2
       2     2     2     2     2     2     2     2     2     2     2
       2     2     2     3     3     2     2     2     2     3     2
       2     2     2     2     2     2     2     2     2     2     2
       2     3     2     2     3     3]
  [  743   639  1094   260  1961  4514  1964  4208   921  4296   238
     483  2220 16756  1018  5809 15739  5058   382 20784  8659  1849
    3176  2438  6554   995   491   446  1027  6493  8948  8236  4429
     371 10484  5275 60021 60025  2250  2128  3640 35318 60021  5335
     316  2542  2546  6327  9312  4894  5671  1109  3354 18118  5585
   24890 60027 11354  4722 60026 60029]]

 [[    2     2     2     2     2     2     2     2     2     2     2
       2     2     2     2     2     2     2     2     2     2     2
       2     2     2     2     2     2     2     2     2     2     2
       2     2     2     2     2     2     2     2     2     2     2
       2     2     2     2     2     2     2     2     2     2     2
       2     2     2     2     3     2]
  [  743   418   501   334   971  1003  1353   735   858  1407   887
    1557  2594  3116  4353  2753  8635  8138   937   751   441 11650
     778   955   397  3363   847   779  4376  4511  1059   266  1920
     860 13847  1958   922   730 13164   580 23818 36428  1156   867
    1735 23900  4112  2188  1084  1081  2326 32317 27873   769  5697
   30282  3800  4295  5637 60024 32371]]]
unstable
 
 err: 
done running mariposa 196.1
Bisecting: 0 revisions left to test after this (roughly 1 step)
[7c9d2e0d75757ed6aa535f72c7dec70d5a527fed] pydoc test
running python3 /home/yizhou7/mariposa/scripts/z3-bisect.py /home/yizhou7/mariposa/data/bisect_tasks/d_lvbkv_z3_clean--BlockCacheSystem-JournalRange.i.dfy.Impl__JournalRanges.__default.parseJournalRangeAdditive.txt
building z3
done building z3 3.0
running mariposa
res: 0 
 out: [[[   2    2    2    2    2    2    2    2    2    2    2    2    2    2
      2    2    2    2    2    2    2    2    2    2    2    2    2    2
      2    2    2    2    2    2    2    2    2    2    2    2    2    2
      2    2    2    2    2    2    2    2    2    2    2    2    2    2
      2    2    2    2    2]
  [ 549 2065 2059 2063 2087 2134 2089 2219 2024 2058 2105 2079 2137 2222
    807 2058 2046 2213 2085 2086 2053 2030 2246 2095 2141 2026 2250 2092
   2223 2071 2215  799 2090 2017 2234 2022 2037 2102 2121 2035 2018 2250
   2069 2246 2238 2230 2261 2089 2035 2073 2060 2095 2062 2071 2231  880
   2002 2166 1910 2051 1840]]

 [[   2    2    2    2    2    2    2    2    2    2    2    2    2    2
      2    2    2    2    2    2    2    2    2    2    2    2    2    2
      2    2    2    2    2    2    2    2    2    2    2    2    2    2
      2    2    2    2    2    2    2    2    2    2    2    2    2    2
      2    2    2    2    2]
  [ 549  440  439  441  440  442  447  444  570  465  450  593  610 2267
   2073 2672  599 2612  598 3015 2016 2665  609 2239 2047  585 2084 2528
   2117  583  455  452  595 2062 2035  577  588 2001  597 2094  585 2563
    461 2102  599 2567 2237  463 2878  460 2132 2759 2236  446  595 2738
   2769 2635 2180 2033 2812]]

 [[   2    2    2    2    2    2    2    2    2    2    2    2    2    2
      2    2    2    2    2    2    2    2    2    2    2    2    2    2
      2    2    2    2    2    2    2    2    2    2    2    2    2    2
      2    2    2    2    2    2    2    2    2    2    2    2    2    2
      2    2    2    2    2]
  [ 549  514  568  686  691  688  700  809  519  681  647  566  576  601
    690  485  525  629  691  663  681  494  525  643  517  522  544  671
    539  511 1044  666  454  534  678  524  489  676  774  639  559  493
    551  565  555  865  610  536  522  527  495  655  707 2384  713  529
    525  689  688  657  529]]]
stable
 
 err: 
done running mariposa 40.2
5177cc4a9a58df192c6a844ca13abf7e7cd3be15 is the first bad commit
commit 5177cc4a9a58df192c6a844ca13abf7e7cd3be15
Author: Nikolaj Bjorner <nbjorner@microsoft.com>
Date:   Fri Jun 21 09:08:20 2019 +0200

    change lt
    
    Signed-off-by: Nikolaj Bjorner <nbjorner@microsoft.com>

 src/ast/ast_lt.h                   | 4 ++++
 src/ast/rewriter/bool_rewriter.cpp | 6 ++++--
 2 files changed, 8 insertions(+), 2 deletions(-)
bisect run success
git bisect start
# good: [e79542cc689d52ec4cb34ce4ae3fbe56e7a0bf70] fix #2309
git bisect good e79542cc689d52ec4cb34ce4ae3fbe56e7a0bf70
# bad: [ad55a1f1c617a7f0c3dd735c0780fc758424c7f1] Update release.yml for Azure Pipelines
git bisect bad ad55a1f1c617a7f0c3dd735c0780fc758424c7f1
# skip: [e2702f3ae88f5c48a55f4473bb5c29184c182634] fixes in assigning constraints to intervals
git bisect skip e2702f3ae88f5c48a55f4473bb5c29184c182634
# skip: [1915812f84cf41a5f232eedf2a695a54d055aa88] add a test for intervals
git bisect skip 1915812f84cf41a5f232eedf2a695a54d055aa88
# bad: [8faf35e2e0c8fce99794e71bd3b5de74b95ceb5a] fix #3735
git bisect bad 8faf35e2e0c8fce99794e71bd3b5de74b95ceb5a
# skip: [d1a5635b4ad7f8632356b380f3a9b1fc83fdb04f] better model based lemmaas
git bisect skip d1a5635b4ad7f8632356b380f3a9b1fc83fdb04f
# skip: [0a86bd14f792ef5fadb8eeb346729a612f7e1588] start on test nla
git bisect skip 0a86bd14f792ef5fadb8eeb346729a612f7e1588
# bad: [f7747d9e76bd685a02ce5c5fbda91fc356856b5e] fix parameter collection for tactic-based solvers reported in #3065
git bisect bad f7747d9e76bd685a02ce5c5fbda91fc356856b5e
# skip: [0644194fc96a853df44c37f9e4522796aa40add8] work on lemma from product to factors, and some renaming
git bisect skip 0644194fc96a853df44c37f9e4522796aa40add8
# bad: [0321312c8db1d3f0edbd23e6e48884fbb7d77d1d] Changed to get_const_interp to match Java and C# bindings
git bisect bad 0321312c8db1d3f0edbd23e6e48884fbb7d77d1d
# bad: [6e637348826f0725ba8a01c455448023ca2889e4] Merge pull request #2368 from waywardmonkeys/fix-typo
git bisect bad 6e637348826f0725ba8a01c455448023ca2889e4
# good: [9b4f327e29de8eadd112e53af5a8fb9f430fabf7] set upload mode to replace
git bisect good 9b4f327e29de8eadd112e53af5a8fb9f430fabf7
# good: [42ac3a536369a7d4a7eafa1fa15b571b146ba594] merge with csp
git bisect good 42ac3a536369a7d4a7eafa1fa15b571b146ba594
# bad: [b4290d4b3d7c021965e9ce7ee636caac0f9cac74] python regression
git bisect bad b4290d4b3d7c021965e9ce7ee636caac0f9cac74
# good: [0f7ff2a3d016ce6cc0dcc2654a6aa0187bc55192] swap
git bisect good 0f7ff2a3d016ce6cc0dcc2654a6aa0187bc55192
# bad: [89e8a1392c992a6c37b8c5320b9e4b9b506bd4a1] na
git bisect bad 89e8a1392c992a6c37b8c5320b9e4b9b506bd4a1
# good: [1827f98851e1866187abe743afd2d80bc786412f] more fixes for mutexes in shell
git bisect good 1827f98851e1866187abe743afd2d80bc786412f
# bad: [5177cc4a9a58df192c6a844ca13abf7e7cd3be15] change lt
git bisect bad 5177cc4a9a58df192c6a844ca13abf7e7cd3be15
# good: [7c9d2e0d75757ed6aa535f72c7dec70d5a527fed] pydoc test
git bisect good 7c9d2e0d75757ed6aa535f72c7dec70d5a527fed
# first bad commit: [5177cc4a9a58df192c6a844ca13abf7e7cd3be15] change lt
