running python3 /home/yizhou7/mariposa/scripts/z3-bisect.py /home/yizhou7/mariposa/data/bisect_tasks/d_lvbkv_z3_clean--lib-Buckets-PackedKV.i.dfy.Impl__DynamicPkv.__default.WeightBucketPkv__eq__WeightPkv.txt
building z3
Bisecting: 1453 revisions left to test after this (roughly 11 steps)
[1915812f84cf41a5f232eedf2a695a54d055aa88] add a test for intervals
running python3 /home/yizhou7/mariposa/scripts/z3-bisect.py /home/yizhou7/mariposa/data/bisect_tasks/d_lvbkv_z3_clean--lib-Buckets-PackedKV.i.dfy.Impl__DynamicPkv.__default.WeightBucketPkv__eq__WeightPkv.txt
building z3
Bisecting: 1453 revisions left to test after this (roughly 11 steps)
[8faf35e2e0c8fce99794e71bd3b5de74b95ceb5a] fix #3735
running python3 /home/yizhou7/mariposa/scripts/z3-bisect.py /home/yizhou7/mariposa/data/bisect_tasks/d_lvbkv_z3_clean--lib-Buckets-PackedKV.i.dfy.Impl__DynamicPkv.__default.WeightBucketPkv__eq__WeightPkv.txt
building z3
done building z3 3.2
running mariposa
res: 1 
 out: [[[    2     2     2     2     2     2     2     2     2     2     2
       2     2     2     2     2     2     2     2     2     2     2
       2     2     2     2     2     2     2     2     2     2     2
       2     2     2     2     2     2     2     2     2     2     2
       2     2     2     2     2     2     2     2     2     2     2
       2     2     2     2     2     2]
  [  622  1061  1086  1030  1184  1128  1034  1041  1107  1204  1155
    1068  1127  1065  1125  1083  1111  1174  1094  1155  1200  1041
    1095  1133   980   997  1133  1044   991  1041  1015  1068  1039
    1033   997   989  1001   975  1080  1091  1067  1037  1049   976
     974   964  1029   974  1040   982   977  1025   965   982  1062
     984  1030   972  1033  1028  1028]]

 [[    2     2     2     2     2     2     2     2     2     2     2
       2     3     3     2     2     2     3     2     2     3     3
       2     2     2     2     2     3     3     2     2     2     2
       3     2     2     3     2     2     3     2     3     3     2
       2     3     2     2     2     2     2     2     2     3     3
       3     3     3     3     3     3]
  [  622   812  1027   975  1119   980  1084   848   930  1126   886
    1096 60019 60031   844  1140   920 60033   891  1024 60019 60018
     956  1137  1188  1003  1050 60022 60024   996  1060   877   863
   60022   800   708 60034   715   947 60015   981 60033 60032  1024
    3352 60036  1250  1139   786  1037  1000   947 45511 60023 60018
   60019 60019 60030 60020 60022 60022]]

 [[    2     2     2     2     2     2     2     2     2     2     2
       2     2     2     2     2     3     3     3     2     3     3
       2     3     2     2     3     2     2     2     2     2     3
       3     3     2     2     2     2     3     3     2     2     2
       2     2     3     3     2     3     3     2     2     2     2
       3     3     3     3     3     3]
  [  622   754   759   760   772   921  1026  1144  1339  1065  1089
    1358  1031  1059  1151  1373 60016 60032 60027   993 60026 60033
    1152 60019  1074  1216 60022  1278  1236  1288  1256  1327 60036
   60039 60024  1018  1089   860  1285 60018 60024  1095  1081  1081
    1092  3808 60022 60039  1583 60022 60033  1058  1460   814  1021
   60017 60019 60018 60021 60036 60020]]]
unstable
 
 err: 
done running mariposa 433.1
Bisecting: 1254 revisions left to test after this (roughly 10 steps)
[d1a5635b4ad7f8632356b380f3a9b1fc83fdb04f] better model based lemmaas
running python3 /home/yizhou7/mariposa/scripts/z3-bisect.py /home/yizhou7/mariposa/data/bisect_tasks/d_lvbkv_z3_clean--lib-Buckets-PackedKV.i.dfy.Impl__DynamicPkv.__default.WeightBucketPkv__eq__WeightPkv.txt
building z3
Bisecting: 1254 revisions left to test after this (roughly 10 steps)
[0a86bd14f792ef5fadb8eeb346729a612f7e1588] start on test nla
running python3 /home/yizhou7/mariposa/scripts/z3-bisect.py /home/yizhou7/mariposa/data/bisect_tasks/d_lvbkv_z3_clean--lib-Buckets-PackedKV.i.dfy.Impl__DynamicPkv.__default.WeightBucketPkv__eq__WeightPkv.txt
building z3
Bisecting: 1254 revisions left to test after this (roughly 10 steps)
[f7747d9e76bd685a02ce5c5fbda91fc356856b5e] fix parameter collection for tactic-based solvers reported in #3065
running python3 /home/yizhou7/mariposa/scripts/z3-bisect.py /home/yizhou7/mariposa/data/bisect_tasks/d_lvbkv_z3_clean--lib-Buckets-PackedKV.i.dfy.Impl__DynamicPkv.__default.WeightBucketPkv__eq__WeightPkv.txt
building z3
done building z3 3.2
running mariposa
res: 1 
 out: [[[    2     2     2     2     2     2     2     2     2     2     2
       2     2     2     2     2     2     2     2     2     2     2
       2     2     2     2     2     2     2     2     2     2     2
       2     2     2     2     2     2     2     2     2     2     2
       2     2     2     2     2     2     2     2     2     2     2
       2     2     2     2     2     2]
  [  986  1694  1681  1650  1251  1275  1226  1571 21267  1128  1673
    1640 17695 18109  1585  1556  1571  1009  1010  1568  1597  1247
    1028  1037  1597  1041  1052  1604  1645  1264  1082  1601  1033
    1556  1016  1186  1198  1254  1653  1676  1292  1676 13945  1168
    1058  1253  1245  1612  1041  1236 46914  1013  1553  1188  1005
    1008 46070 44501 53754 52255 42320]]

 [[    2     2     2     2     2     2     2     2     2     2     2
       2     2     2     2     2     2     3     3     2     2     2
       2     2     2     2     2     3     2     3     2     2     2
       2     2     3     2     3     3     2     3     2     2     2
       2     2     3     2     2     2     2     3     3     2     2
       3     3     3     3     3     3]
  [  986   943  1274   972   871  1184  1012  1206  1052  1040  1141
    1471  1559  1145  1009 21090   957 60029 60019   943   957   929
    1272  1006  1179   995  1102 60022  1060 60017  1152  1077   989
     875  1012 60017  1130 60021 60020  1232 60019  1131  1036   917
     759  1103 60022  1341   902  1113  1089 60027 60021  1161  1297
   60021 60020 60019 60022 60028 60020]]

 [[    2     2     2     2     2     2     2     2     2     2     2
       2     2     2     2     3     3     3     3     2     3     3
       2     2     2     2     2     2     2     2     2     2     2
       2     2     3     2     2     2     2     2     2     2     2
       2     2     3     3     2     2     2     2     3     2     2
       2     3     3     3     3     3]
  [  986   614   674   745   675   934   804   932   870   721   752
     809  1052  4782  1289 60021 60014 60015 60014   943 60014 60022
     889   919   834   989   784  1135  1104  1460  1161  1102  1271
    1289  1375 60018  1291  1290  1053  1316  2211  1139  1282  1268
    1161  1518 60020 60019  1080  1249  1261  1266 60018   969  1155
    1091 60020 60016 60027 60019 60020]]]
unstable
 
 err: 
done running mariposa 375.6
Bisecting: 1034 revisions left to test after this (roughly 10 steps)
[0644194fc96a853df44c37f9e4522796aa40add8] work on lemma from product to factors, and some renaming
running python3 /home/yizhou7/mariposa/scripts/z3-bisect.py /home/yizhou7/mariposa/data/bisect_tasks/d_lvbkv_z3_clean--lib-Buckets-PackedKV.i.dfy.Impl__DynamicPkv.__default.WeightBucketPkv__eq__WeightPkv.txt
building z3
Bisecting: 1034 revisions left to test after this (roughly 10 steps)
[0321312c8db1d3f0edbd23e6e48884fbb7d77d1d] Changed to get_const_interp to match Java and C# bindings
running python3 /home/yizhou7/mariposa/scripts/z3-bisect.py /home/yizhou7/mariposa/data/bisect_tasks/d_lvbkv_z3_clean--lib-Buckets-PackedKV.i.dfy.Impl__DynamicPkv.__default.WeightBucketPkv__eq__WeightPkv.txt
building z3
done building z3 3.1
running mariposa
res: 1 
 out: [[[    2     2     2     2     2     2     2     2     2     2     2
       2     2     2     2     2     2     2     2     2     2     2
       2     2     2     2     2     2     2     2     2     2     2
       2     2     2     2     2     2     2     2     2     2     2
       2     2     2     2     2     2     2     2     2     2     2
       2     2     2     2     3     3]
  [  652  1259  3228  1290  1541  3073  1300  1318  1744  3149  3045
    1371  1230  1320  3140  2979  1284  1501  3053  1264  3121  3205
    1469  1309  1217  3006  1211  1671  3038  1682  3103  1319  3051
    1278  1244  3055  1276  1280  1268  1240  1233  1256  1317  1508
    1317  1301  3207  1283  1310  3225  1260  1180  1205  1195  1237
    1208  1247  3040  2961 60019 60019]]

 [[    2     2     2     2     2     2     2     2     2     2     2
       2     2     2     3     3     2     2     2     3     2     3
       3     2     3     3     2     2     2     3     3     2     2
       2     2     2     3     3     3     2     2     2     2     2
       3     2     3     2     2     2     2     3     2     2     2
       2     3     3     3     3     3]
  [  652  1285  1011   895  1485  1108   767  1087  1070  1041   857
     815  1195   973 60030 60021  1065  1062  1082 60024  1298 60019
   60017  1074 60029 60021   757  1017   819 60024 60020   708  1171
     888  1298   918 60023 60017 60019   967  1160   952   855  1049
   60032   760 60029   836  1278  1867   875 60021  1011   954  1113
    1223 60021 60022 60018 60018 60020]]

 [[    2     2     2     2     2     2     2     2     2     2     2
       3     3     3     3     2     2     2     2     3     2     2
       3     2     2     3     3     3     3     2     3     2     2
       3     2     2     3     3     3     3     3     2     2     2
       3     2     2     2     3     3     2     2     2     2     2
       3     3     3     3     3     3]
  [  652   731   778   822   925  1020  1066  1269  1254 13366  1462
   60027 60013 60015 60019   873  1063  1294  1197 60021   871  1251
   60028  1119  1312 60020 60020 60028 60026  1175 60020  1298   788
   60018  1108  1622 60034 60024 60024 60029 60018  1138  1123  1158
   60033   870  1212   929 60017 60018  1140  1054   894  1138  1347
   60032 60022 60020 60019 60015 60021]]]
unstable
 
 err: 
done running mariposa 485.3
Bisecting: 261 revisions left to test after this (roughly 8 steps)
[6e637348826f0725ba8a01c455448023ca2889e4] Merge pull request #2368 from waywardmonkeys/fix-typo
running python3 /home/yizhou7/mariposa/scripts/z3-bisect.py /home/yizhou7/mariposa/data/bisect_tasks/d_lvbkv_z3_clean--lib-Buckets-PackedKV.i.dfy.Impl__DynamicPkv.__default.WeightBucketPkv__eq__WeightPkv.txt
building z3
done building z3 3.1
running mariposa
res: 1 
 out: [[[    3     3     3     3     3     3     3     3     3     3     3
       3     2     3     3     3     3     3     3     3     2     3
       3     3     3     3     3     3     3     3     3     3     3
       3     3     3     3     3     3     3     2     3     3     3
       3     3     3     3     3     3     3     3     3     2     3
       3     3     3     3     3     3]
  [60019 60032 60033 60033 60022 60026 60023 60022 60023 60026 60023
   60022   996 60026 60032 60022 60025 60026 60024 60021   986 60024
   60033 60020 60023 60027 60024 60021 60033 60023 60020 60024 60024
   60025 60025 60024 60022 60028 60023 60025  1063 60025 60023 60023
   60021 60029 60025 60033 60026 60023 60022 60021 60031   920 60024
   60025 60024 60021 60021 60020 60024]]

 [[    3     2     2     2     2     2     2     2     2     2     2
       2     2     2     2     2     3     2     2     3     3     3
       2     2     3     3     3     2     2     3     2     3     2
       2     2     2     2     3     2     2     2     2     3     2
       2     2     3     3     2     2     2     2     2     2     2
       3     3     3     3     3     3]
  [60019   678  1090   753   880  1256  1079   826  1018   882   973
    1200  1115  1050 44082  1217 60025  1227  1035 60021 60033 60022
    1062   760 60024 60030 60033  1151   872 60025  1424 60024  1205
     877  1141  1016   971 60022   783  1594   954   794 60028  1157
    1014   818 60021 60021   872  1408  1135   797   814  1318   788
   60033 60024 60021 60024 60023 60022]]

 [[    3     2     2     2     2     2     2     2     2     2     2
       2     2     3     3     3     3     2     2     3     2     2
       3     2     2     2     3     2     2     2     2     2     2
       2     2     3     3     2     2     3     2     3     3     2
       2     2     2     2     3     3     2     2     2     2     3
       3     3     3     3     3     3]
  [60019   598   776   795   842   856  1020   980  1012   838   972
    1307  1191 60013 60017 60020 60016   879   804 60017   941  3689
   60019   955   965  1019 60031  1044  1149  1351  1249  1234  1069
    1298  1399 60017 60027  1199  1313 60021   992 60019 60019   845
     940   877  1189   811 60019 60034  1225  1017  1136  1015 60019
   60021 60029 60017 60019 60017 60020]]]
unstable
 
 err: 
done running mariposa 928.3
Bisecting: 130 revisions left to test after this (roughly 7 steps)
[9b4f327e29de8eadd112e53af5a8fb9f430fabf7] set upload mode to replace
running python3 /home/yizhou7/mariposa/scripts/z3-bisect.py /home/yizhou7/mariposa/data/bisect_tasks/d_lvbkv_z3_clean--lib-Buckets-PackedKV.i.dfy.Impl__DynamicPkv.__default.WeightBucketPkv__eq__WeightPkv.txt
building z3
done building z3 3.0
running mariposa
res: 0 
 out: [[[  2   2   2   2   2   2   2   2   2   2   2   2   2   2   2   2   2
     2   2   2   2   2   2   2   2   2   2   2   2   2   2   2   2   2
     2   2   2   2   2   2   2   2   2   2   2   2   2   2   2   2   2
     2   2   2   2   2   2   2   2   2   2]
  [477 538 544 600 671 741 725 576 621 717 738 560 558 727 578 572 714
   732 600 752 714 662 616 704 555 587 636 557 762 707 786 696 727 614
   760 723 586 639 575 690 558 585 728 574 542 547 640 677 581 644 625
   560 712 624 576 684 731 680 585 586 513]]

 [[  2   2   2   2   2   2   2   2   2   2   2   2   2   2   2   2   2
     2   2   2   2   2   2   2   2   2   2   2   2   2   2   2   2   2
     2   2   2   2   2   2   2   2   2   2   2   2   2   2   2   2   2
     2   2   2   2   2   2   2   2   2   2]
  [477 716 710 761 668 586 714 715 699 706 635 707 697 804 689 717 696
   742 762 774 766 727 741 641 730 692 766 786 716 719 668 702 632 827
   764 814 724 739 611 717 739 766 750 744 721 742 714 719 723 753 688
   763 797 708 701 729 784 727 754 751 674]]

 [[  2   2   2   2   2   2   2   2   2   2   2   2   2   2   2   2   2
     2   2   2   2   2   2   2   2   2   2   2   2   2   2   2   2   2
     2   2   2   2   2   2   2   2   2   2   2   2   2   2   2   2   2
     2   2   2   2   2   2   2   2   2   2]
  [477 658 707 741 746 772 784 899 677 638 815 733 811 773 926 671 660
   705 716 806 781 787 726 784 743 833 744 786 795 761 762 646 748 690
   644 730 793 783 694 723 925 788 797 798 767 783 842 802 833 821 713
   744 676 705 784 773 647 717 767 755 772]]]
stable
 
 err: 
done running mariposa 28.3
Bisecting: 65 revisions left to test after this (roughly 6 steps)
[42ac3a536369a7d4a7eafa1fa15b571b146ba594] merge with csp
running python3 /home/yizhou7/mariposa/scripts/z3-bisect.py /home/yizhou7/mariposa/data/bisect_tasks/d_lvbkv_z3_clean--lib-Buckets-PackedKV.i.dfy.Impl__DynamicPkv.__default.WeightBucketPkv__eq__WeightPkv.txt
building z3
done building z3 3.0
running mariposa
res: 0 
 out: [[[  2   2   2   2   2   2   2   2   2   2   2   2   2   2   2   2   2
     2   2   2   2   2   2   2   2   2   2   2   2   2   2   2   2   2
     2   2   2   2   2   2   2   2   2   2   2   2   2   2   2   2   2
     2   2   2   2   2   2   2   2   2   2]
  [470 539 539 597 729 671 723 582 720 626 557 740 552 721 569 577 715
   589 744 731 711 624 619 713 549 590 646 557 761 711 781 700 722 611
   766 727 581 637 576 692 564 591 733 570 532 549 645 681 573 645 623
   563 719 630 578 680 738 674 581 582 512]]

 [[  2   2   2   2   2   2   2   2   2   2   2   2   2   2   2   2   2
     2   2   2   2   2   2   2   2   2   2   2   2   2   2   2   2   2
     2   2   2   2   2   2   2   2   2   2   2   2   2   2   2   2   2
     2   2   2   2   2   2   2   2   2   2]
  [470 705 701 754 667 586 713 713 701 706 628 694 696 801 688 723 738
   696 773 770 767 723 745 643 723 699 761 712 785 722 675 694 628 816
   755 812 728 612 750 704 737 755 740 721 749 742 706 707 719 751 685
   765 795 692 678 728 787 737 746 747 677]]

 [[  2   2   2   2   2   2   2   2   2   2   2   2   2   2   2   2   2
     2   2   2   2   2   2   2   2   2   2   2   2   2   2   2   2   2
     2   2   2   2   2   2   2   2   2   2   2   2   2   2   2   2   2
     2   2   2   2   2   2   2   2   2   2]
  [470 657 738 709 779 755 772 898 676 636 731 823 800 776 932 666 664
   707 720 793 780 799 725 782 740 833 742 785 798 759 757 643 684 748
   644 731 808 782 699 709 927 782 795 754 813 782 844 802 823 819 711
   743 679 710 788 760 649 712 771 759 777]]]
stable
 
 err: 
done running mariposa 28.3
Bisecting: 32 revisions left to test after this (roughly 5 steps)
[b4290d4b3d7c021965e9ce7ee636caac0f9cac74] python regression
running python3 /home/yizhou7/mariposa/scripts/z3-bisect.py /home/yizhou7/mariposa/data/bisect_tasks/d_lvbkv_z3_clean--lib-Buckets-PackedKV.i.dfy.Impl__DynamicPkv.__default.WeightBucketPkv__eq__WeightPkv.txt
building z3
done building z3 3.1
running mariposa
res: 1 
 out: [[[    2     2     2     2     2     2     2     2     2     2     2
       2     2     2     2     2     2     2     2     2     2     3
       2     2     2     2     2     2     2     2     2     2     3
       2     2     2     2     2     2     2     3     3     3     2
       2     2     2     2     3     2     2     2     3     3     3
       3     3     3     3     3     3]
  [  590   855  1019   890   894   848   861   927   885  1213   892
    1132  1148  1159   798   815  1084   844  1133   819   811 60022
     802   997   983   900   891   913   916   834   847   851 60017
     826   854   824   863  1061  1060   842 60021 60020 60019  1022
     834  1066   918  1036 60028  1016   818   862 60032 60025 60019
   60033 60018 60024 60018 60027 60019]]

 [[    2     2     2     2     2     2     2     2     2     2     2
       3     3     2     2     3     3     2     3     2     3     2
       2     2     2     2     2     2     2     2     2     2     2
       2     3     2     3     2     2     3     2     2     3     3
       3     2     2     2     2     2     2     2     2     2     2
       2     3     3     3     3     3]
  [  590   858  1112   772  1110   738   859   735  1033  1020  1119
   60035 60021   742   898 60023 60027  1107 60021   704 60024  1113
    1357  1216  1547   824  1308   834  1182  1528  1090  1290   840
    1218 60020   780 60032  1224  1468 60024  1087  1199 60017 60023
   60020   774   770   733  1009   860   772   714   987  1075   903
    1181 60020 60032 60022 60024 60017]]

 [[    2     2     2     2     2     2     2     3     3     3     3
       3     2     2     3     2     2     3     2     2     2     2
       2     2     2     2     2     2     3     3     2     2     3
       2     2     3     3     2     2     2     2     3     2     2
       3     2     2     2     2     2     2     2     2     3     2
       3     3     3     3     3     3]
  [  590   695   828  1008  1121   722  1147 60022 60013 60023 60024
   60022   955   712 60017  1046   808 60019   690   703  1106   752
    1046  1404  1222  1420   895  1123 60031 60031  1072  1243 60018
     971  1072 60017 60016  1000   940  1106   823 60021  1124  3070
   60024 19385   920  1415   987  1234   919  1186 55555 60021  1136
   60017 60028 60019 60020 60023 60025]]]
unstable
 
 err: 
done running mariposa 517.0
Bisecting: 16 revisions left to test after this (roughly 4 steps)
[0f7ff2a3d016ce6cc0dcc2654a6aa0187bc55192] swap
running python3 /home/yizhou7/mariposa/scripts/z3-bisect.py /home/yizhou7/mariposa/data/bisect_tasks/d_lvbkv_z3_clean--lib-Buckets-PackedKV.i.dfy.Impl__DynamicPkv.__default.WeightBucketPkv__eq__WeightPkv.txt
building z3
done building z3 3.1
running mariposa
res: 0 
 out: [[[   2    2    2    2    2    2    2    2    2    2    2    2    2    2
      2    2    2    2    2    2    2    2    2    2    2    2    2    2
      2    2    2    2    2    2    2    2    2    2    2    2    2    2
      2    2    2    2    2    2    2    2    2    2    2    2    2    2
      2    2    2    2    2]
  [ 652  874  779  875  844  867  849  774  849  853  833  803  868  873
    824  823  883  864  814  843  846  887  874  805  862  880  871  813
    847  899  801  868  871  873  844  873  840  837  854  843  845  892
    876  852  864  862  908  896  809  879  946  873  873  845  814  815
    802  837  784  756  722]]

 [[   2    2    2    2    2    2    2    2    2    2    2    2    2    2
      2    2    2    2    2    2    2    2    2    2    2    2    2    2
      2    2    2    2    2    2    2    2    2    2    2    2    2    2
      2    2    2    2    2    2    2    2    2    2    2    2    2    2
      2    2    2    2    2]
  [ 652  807  786  882  811  928  902  891 1106 1122  793 1005  874  788
    957  880  853  922  803  829  748  898  870  951 1011  918  824  887
   1011  993  737  861  942  905  780  851  877  820  886  932  749  814
    949  896  800  771  766  760  842  776  801  762  771  857  800 1040
    777 1016  767 1067  894]]

 [[   2    2    2    2    2    2    2    2    2    2    2    2    2    2
      2    2    2    2    2    2    2    2    2    2    2    2    2    2
      2    2    2    2    2    2    2    2    2    2    2    2    2    2
      2    2    2    2    2    2    2    2    2    2    2    2    2    2
      2    2    2    2    2]
  [ 652  862  869  961  946 1048 1076 1095  807  891  854  888  841  845
    892  820  826  776  805  868  851  870  870  901 1002  863 1077 1079
   1158  806  899  977 1031  786  851  943  805  752  939  874  829  830
    920  805  947  930  898 1018  953 1026  925  841  867  830  926  877
   1039  826  864 1036 1072]]]
stable
 
 err: 
done running mariposa 32.9
Bisecting: 7 revisions left to test after this (roughly 3 steps)
[89e8a1392c992a6c37b8c5320b9e4b9b506bd4a1] na
running python3 /home/yizhou7/mariposa/scripts/z3-bisect.py /home/yizhou7/mariposa/data/bisect_tasks/d_lvbkv_z3_clean--lib-Buckets-PackedKV.i.dfy.Impl__DynamicPkv.__default.WeightBucketPkv__eq__WeightPkv.txt
building z3
done building z3 3.1
running mariposa
res: 1 
 out: [[[    2     2     2     2     2     2     2     2     2     2     2
       2     2     2     2     2     2     2     2     2     2     3
       2     2     2     2     2     2     2     2     2     3     2
       2     2     2     2     2     2     2     3     3     3     2
       2     2     2     3     2     2     2     2     3     3     3
       3     3     3     3     3     3]
  [  596   859  1008   876   894   830   843   908   862  1188   880
    1150  1170  1168   767   810  1049   818   797  1098   805 60022
     812  1019  1000   874   892   918   923   830   843 60017   846
     841   875   825   877  1058  1062   838 60023 60019 60019   992
     832  1055   891 60023  1025  1024   833   855 60030 60026 60017
   60025 60021 60029 60017 60028 60020]]

 [[    2     2     2     2     2     2     2     2     2     2     2
       3     3     2     2     3     3     2     3     2     3     2
       2     2     2     2     2     2     2     2     2     2     2
       2     3     3     2     2     3     2     2     2     3     3
       3     2     2     2     2     2     2     2     2     2     2
       2     3     3     3     3     3]
  [  596   802  1102  1131   800   722   853   752  1023  1028  1134
   60032 60018   738   877 60027 60023  1128 60021   712 60023  1109
    1357  1213  1587   832  1330   840  1188  1549  1086  1284   840
    1190 60021 60031   766  1179 60023  1422  1032  1159 60017 60028
   60019   751   775   726   959   804   758   712   995  1078  1189
     894 60019 60032 60023 60020 60019]]

 [[    2     2     2     2     2     2     2     3     3     3     3
       3     2     2     2     3     2     3     2     2     2     2
       2     2     2     2     2     2     3     3     2     2     3
       2     2     3     3     2     2     2     2     3     2     2
       3     2     2     2     2     2     2     2     3     3     2
       3     3     3     3     3     3]
  [  596   710   826  1035  1164   735  1144 60027 60020 60013 60025
   60021   942   712  1033 60016   823 60021   701   731  1190   812
    1050  1415  1223  1447   903  1124 60030 60031  1095  1260 60019
     985  1102 60016 60018   994   953  1104   850 60021  1120  3068
   60023 19313   921  1400   967  1229   919  1158 60022 60017  1122
   60017 60027 60020 60017 60020 60024]]]
unstable
 
 err: 
done running mariposa 516.9
Bisecting: 4 revisions left to test after this (roughly 2 steps)
[1827f98851e1866187abe743afd2d80bc786412f] more fixes for mutexes in shell
running python3 /home/yizhou7/mariposa/scripts/z3-bisect.py /home/yizhou7/mariposa/data/bisect_tasks/d_lvbkv_z3_clean--lib-Buckets-PackedKV.i.dfy.Impl__DynamicPkv.__default.WeightBucketPkv__eq__WeightPkv.txt
building z3
done building z3 3.1
running mariposa
res: 0 
 out: [[[   2    2    2    2    2    2    2    2    2    2    2    2    2    2
      2    2    2    2    2    2    2    2    2    2    2    2    2    2
      2    2    2    2    2    2    2    2    2    2    2    2    2    2
      2    2    2    2    2    2    2    2    2    2    2    2    2    2
      2    2    2    2    2]
  [ 642  873  865  777  857  878  775  843  854  838  843  807  880  824
    867  826  876  858  821  850  845  890  872  810  860  890  871  847
    816  892  800  868  870  876  847  878  844  842  854  831  846  879
    886  857  867  867  910  900  809  878  954  874  872  839  828  815
    798  836  795  761  738]]

 [[   2    2    2    2    2    2    2    2    2    2    2    2    2    2
      2    2    2    2    2    2    2    2    2    2    2    2    2    2
      2    2    2    2    2    2    2    2    2    2    2    2    2    2
      2    2    2    2    2    2    2    2    2    2    2    2    2    2
      2    2    2    2    2]
  [ 642  810  785  881  805  909  912  895 1107 1133  787 1005  887  784
    949  878  923  843  815  839  893  742  872  951  998  918  826  886
    993 1002  737  871  934  909  788  837  880  823  898  939  745  810
    936  897  797  781  766  754  842  767  793  779  776  843  794 1035
    772 1029  763 1068  897]]

 [[   2    2    2    2    2    2    2    2    2    2    2    2    2    2
      2    2    2    2    2    2    2    2    2    2    2    2    2    2
      2    2    2    2    2    2    2    2    2    2    2    2    2    2
      2    2    2    2    2    2    2    2    2    2    2    2    2    2
      2    2    2    2    2]
  [ 642  870  872  956  967 1033 1077 1100  825  851  911  828  899  843
    893  833  783  832  804  856  852  874  882  906  859 1023 1081 1074
   1144  818  894 1029  975  792  846  946  806  761  939  822  870  917
    851  802  955  931  887 1015  950 1019  920  859  871  926  830  871
   1036  810  859 1056 1072]]]
stable
 
 err: 
done running mariposa 33.0
Bisecting: 1 revision left to test after this (roughly 1 step)
[5177cc4a9a58df192c6a844ca13abf7e7cd3be15] change lt
running python3 /home/yizhou7/mariposa/scripts/z3-bisect.py /home/yizhou7/mariposa/data/bisect_tasks/d_lvbkv_z3_clean--lib-Buckets-PackedKV.i.dfy.Impl__DynamicPkv.__default.WeightBucketPkv__eq__WeightPkv.txt
building z3
done building z3 3.0
running mariposa
res: 1 
 out: [[[    2     2     2     2     2     2     2     2     2     2     2
       2     2     2     2     2     2     2     2     2     2     3
       2     2     2     2     2     2     2     2     2     2     3
       2     2     2     2     2     2     2     3     3     3     2
       2     2     2     3     2     2     2     2     3     3     3
       3     3     3     3     3     3]
  [  589   860  1029   881   888   840   853   922   887  1214   892
    1126  1157  1132   775   813  1039   814   800  1110   806 60021
     806  1007   979   876   893   897   924   844   852   847 60018
     826   862   813   872  1048  1058   832 60020 60020 60019  1005
     838  1075   932 60032  1068  1062   867   903 60022 60027 60018
   60029 60019 60033 60018 60019 60020]]

 [[    2     2     2     2     2     2     2     2     2     2     2
       3     3     2     2     3     3     2     3     2     3     2
       2     2     2     2     2     2     2     2     2     2     2
       2     3     3     2     2     3     2     2     2     3     3
       3     2     2     2     2     2     2     2     2     2     2
       2     3     3     3     3     3]
  [  589   813  1097  1141   795   718   840   746  1043  1022  1131
   60035 60020   741   864 60021 60029  1105 60021   711 60021  1102
    1358  1222  1539   833  1342   798  1147  1526  1082  1276   832
    1194 60020 60032   783  1216 60024  1449  1063  1195 60018 60021
   60019   763   796   732   963   751   816   717  1007  1072   904
    1206 60020 60031 60023 60029 60019]]

 [[    2     2     2     2     2     2     2     3     3     3     3
       3     2     2     2     3     2     3     2     2     2     2
       2     2     2     2     2     2     3     3     2     2     3
       2     2     3     3     2     2     2     2     3     2     2
       3     2     2     2     2     2     2     2     3     3     2
       3     3     3     3     3     3]
  [  589   691   833  1018  1152   703  1144 60015 60024 60017 60024
   60023   960   729  1036 60015   823 60020   703   711  1153   784
    1064  1416  1209  1462   912  1144 60031 60032  1152  1319 60018
    1004  1088 60015 60016  1009   947  1109   837 60020  1146  3183
   60022 20761   929  1397   970  1246   908  1171 60023 60017  1123
   60019 60029 60021 60020 60021 60025]]]
unstable
 
 err: 
done running mariposa 517.2
Bisecting: 0 revisions left to test after this (roughly 1 step)
[7c9d2e0d75757ed6aa535f72c7dec70d5a527fed] pydoc test
running python3 /home/yizhou7/mariposa/scripts/z3-bisect.py /home/yizhou7/mariposa/data/bisect_tasks/d_lvbkv_z3_clean--lib-Buckets-PackedKV.i.dfy.Impl__DynamicPkv.__default.WeightBucketPkv__eq__WeightPkv.txt
building z3
done building z3 3.1
running mariposa
res: 0 
 out: [[[   2    2    2    2    2    2    2    2    2    2    2    2    2    2
      2    2    2    2    2    2    2    2    2    2    2    2    2    2
      2    2    2    2    2    2    2    2    2    2    2    2    2    2
      2    2    2    2    2    2    2    2    2    2    2    2    2    2
      2    2    2    2    2]
  [ 641  883  851  771  852  893  850  793  861  832  825  814  887  830
    879  828  892  854  830  857  859  896  867  804  853  897  868  856
    826  898  809  856  872  875  851  890  835  836  853  854  848  882
    858  895  861  859  909  917  818  895  954  873  868  848  824  821
    815  840  784  758  712]]

 [[   2    2    2    2    2    2    2    2    2    2    2    2    2    2
      2    2    2    2    2    2    2    2    2    2    2    2    2    2
      2    2    2    2    2    2    2    2    2    2    2    2    2    2
      2    2    2    2    2    2    2    2    2    2    2    2    2    2
      2    2    2    2    2]
  [ 641  818  792  880  806  908  910  910 1117 1129  790 1014  872  784
    961  894  923  852  815  815  895  755  870 1018  964  923  809  892
   1016 1012  736  864  945  934  779  840  903  834  893  934  746  800
    934  920  784  813  759  755  842  776  798  775  785  850  805 1029
    778  777 1024 1077  911]]

 [[   2    2    2    2    2    2    2    2    2    2    2    2    2    2
      2    2    2    2    2    2    2    2    2    2    2    2    2    2
      2    2    2    2    2    2    2    2    2    2    2    2    2    2
      2    2    2    2    2    2    2    2    2    2    2    2    2    2
      2    2    2    2    2]
  [ 641  876  874  946  968 1102 1040 1072  820  853  913  835  911  839
    887  828  779  836  810  857  861  865  880  907 1009  873 1081 1071
   1142  817  908  973 1033  790  841  938  808  766  952  882  826  839
    910  798  949  936  899 1040  944 1014  925  848  879  932  836  869
   1032  817  852 1053 1075]]]
stable
 
 err: 
done running mariposa 33.1
5177cc4a9a58df192c6a844ca13abf7e7cd3be15 is the first bad commit
commit 5177cc4a9a58df192c6a844ca13abf7e7cd3be15
Author: Nikolaj Bjorner <nbjorner@microsoft.com>
Date:   Fri Jun 21 09:08:20 2019 +0200

    change lt
    
    Signed-off-by: Nikolaj Bjorner <nbjorner@microsoft.com>

 src/ast/ast_lt.h                   | 4 ++++
 src/ast/rewriter/bool_rewriter.cpp | 6 ++++--
 2 files changed, 8 insertions(+), 2 deletions(-)
bisect run success
git bisect start
# good: [e79542cc689d52ec4cb34ce4ae3fbe56e7a0bf70] fix #2309
git bisect good e79542cc689d52ec4cb34ce4ae3fbe56e7a0bf70
# bad: [ad55a1f1c617a7f0c3dd735c0780fc758424c7f1] Update release.yml for Azure Pipelines
git bisect bad ad55a1f1c617a7f0c3dd735c0780fc758424c7f1
# skip: [e2702f3ae88f5c48a55f4473bb5c29184c182634] fixes in assigning constraints to intervals
git bisect skip e2702f3ae88f5c48a55f4473bb5c29184c182634
# skip: [1915812f84cf41a5f232eedf2a695a54d055aa88] add a test for intervals
git bisect skip 1915812f84cf41a5f232eedf2a695a54d055aa88
# bad: [8faf35e2e0c8fce99794e71bd3b5de74b95ceb5a] fix #3735
git bisect bad 8faf35e2e0c8fce99794e71bd3b5de74b95ceb5a
# skip: [d1a5635b4ad7f8632356b380f3a9b1fc83fdb04f] better model based lemmaas
git bisect skip d1a5635b4ad7f8632356b380f3a9b1fc83fdb04f
# skip: [0a86bd14f792ef5fadb8eeb346729a612f7e1588] start on test nla
git bisect skip 0a86bd14f792ef5fadb8eeb346729a612f7e1588
# bad: [f7747d9e76bd685a02ce5c5fbda91fc356856b5e] fix parameter collection for tactic-based solvers reported in #3065
git bisect bad f7747d9e76bd685a02ce5c5fbda91fc356856b5e
# skip: [0644194fc96a853df44c37f9e4522796aa40add8] work on lemma from product to factors, and some renaming
git bisect skip 0644194fc96a853df44c37f9e4522796aa40add8
# bad: [0321312c8db1d3f0edbd23e6e48884fbb7d77d1d] Changed to get_const_interp to match Java and C# bindings
git bisect bad 0321312c8db1d3f0edbd23e6e48884fbb7d77d1d
# bad: [6e637348826f0725ba8a01c455448023ca2889e4] Merge pull request #2368 from waywardmonkeys/fix-typo
git bisect bad 6e637348826f0725ba8a01c455448023ca2889e4
# good: [9b4f327e29de8eadd112e53af5a8fb9f430fabf7] set upload mode to replace
git bisect good 9b4f327e29de8eadd112e53af5a8fb9f430fabf7
# good: [42ac3a536369a7d4a7eafa1fa15b571b146ba594] merge with csp
git bisect good 42ac3a536369a7d4a7eafa1fa15b571b146ba594
# bad: [b4290d4b3d7c021965e9ce7ee636caac0f9cac74] python regression
git bisect bad b4290d4b3d7c021965e9ce7ee636caac0f9cac74
# good: [0f7ff2a3d016ce6cc0dcc2654a6aa0187bc55192] swap
git bisect good 0f7ff2a3d016ce6cc0dcc2654a6aa0187bc55192
# bad: [89e8a1392c992a6c37b8c5320b9e4b9b506bd4a1] na
git bisect bad 89e8a1392c992a6c37b8c5320b9e4b9b506bd4a1
# good: [1827f98851e1866187abe743afd2d80bc786412f] more fixes for mutexes in shell
git bisect good 1827f98851e1866187abe743afd2d80bc786412f
# bad: [5177cc4a9a58df192c6a844ca13abf7e7cd3be15] change lt
git bisect bad 5177cc4a9a58df192c6a844ca13abf7e7cd3be15
# good: [7c9d2e0d75757ed6aa535f72c7dec70d5a527fed] pydoc test
git bisect good 7c9d2e0d75757ed6aa535f72c7dec70d5a527fed
# first bad commit: [5177cc4a9a58df192c6a844ca13abf7e7cd3be15] change lt
