running python3 /home/yizhou7/mariposa/scripts/z3-bisect.py /home/yizhou7/mariposa/data/bisect_tasks/d_lvbkv_z3_clean--lib-Buckets-PackedStringArray.i.dfy.Impl__PackedStringArray.__default.BinarySearchIndexOfFirstKeyGtePivot.txt
building z3
Bisecting: 1453 revisions left to test after this (roughly 11 steps)
[1915812f84cf41a5f232eedf2a695a54d055aa88] add a test for intervals
running python3 /home/yizhou7/mariposa/scripts/z3-bisect.py /home/yizhou7/mariposa/data/bisect_tasks/d_lvbkv_z3_clean--lib-Buckets-PackedStringArray.i.dfy.Impl__PackedStringArray.__default.BinarySearchIndexOfFirstKeyGtePivot.txt
building z3
Bisecting: 1453 revisions left to test after this (roughly 11 steps)
[8faf35e2e0c8fce99794e71bd3b5de74b95ceb5a] fix #3735
running python3 /home/yizhou7/mariposa/scripts/z3-bisect.py /home/yizhou7/mariposa/data/bisect_tasks/d_lvbkv_z3_clean--lib-Buckets-PackedStringArray.i.dfy.Impl__PackedStringArray.__default.BinarySearchIndexOfFirstKeyGtePivot.txt
building z3
done building z3 3.2
running mariposa
res: 1 
 out: [[[    3     2     3     2     3     3     3     3     3     2     3
       2     2     2     3     2     3     3     3     3     3     2
       3     3     3     3     2     3     3     3     2     2     2
       3     3     3     2     3     3     2     3     3     3     3
       2     3     3     2     3     3     3     3     3     3     3
       3     3     3     3     3     3]
  [60035  9134 60049  8602 60045 60042 60041 60031 60047  5493 60044
   11643 14406  5874 60047  7183 60044 60043 60044 60046 60045  6638
   60048 60041 60039 60039  2384 60041 60050 60043 14547 10094  8945
   60032 60048 60043  5457 60044 60044 13381 60044 60045 60049 60045
    2276 60045 60028  8471 60045 60044 60047 60045 60043 60043 60046
   60036 60045 60044 60045 60044 60039]]

 [[    3     2     2     3     3     2     3     3     3     3     2
       3     3     3     2     3     3     3     3     2     3     3
       3     3     2     2     3     3     3     3     3     3     3
       3     3     2     2     2     3     3     2     3     2     3
       2     2     2     3     2     3     3     2     3     3     2
       3     3     3     2     3     3]
  [60035  1161  4874 60038 60039  6664 60048 60042 60040 60038  7935
   60040 60039 60034  4308 60038 60053 60039 60043  5460 60050 60026
   60027 60049  6806  9030 60046 60044 60037 60043 60029 60025 60046
   60020 60044  3737  6639  9482 60041 60042  1728 60038 10427 60044
   11825  1878  3170 60022  7605 60041 60042 10140 60040 60033 10437
   60047 60049 60045 43890 60054 60050]]

 [[    3     2     2     2     2     2     2     2     2     2     3
       3     3     3     3     3     3     2     2     3     3     3
       2     3     3     2     2     2     2     2     2     3     2
       2     3     3     2     3     2     3     2     3     3     2
       2     2     3     3     2     3     3     3     2     3     2
       3     3     3     3     3     3]
  [60035  1639  5081  7309  7398  8647  6311 15444  2564  8874 60020
   60026 60032 60033 60033 60032 60039 44927  1008 60034 60029 60027
    6179 60034 60032  2697 12722 12805  4295  9102  8596 60049  2313
    1723 60038 60034  7272 60036  5166 60036  6295 60022 60039 12280
    8667  5227 60034 60048  4511 60041 60039 60047 10360 60037  3763
   60034 60023 60041 60039 60041 60040]]]
unstable
 
 err: 
done running mariposa 1150.2
Bisecting: 1254 revisions left to test after this (roughly 10 steps)
[d1a5635b4ad7f8632356b380f3a9b1fc83fdb04f] better model based lemmaas
running python3 /home/yizhou7/mariposa/scripts/z3-bisect.py /home/yizhou7/mariposa/data/bisect_tasks/d_lvbkv_z3_clean--lib-Buckets-PackedStringArray.i.dfy.Impl__PackedStringArray.__default.BinarySearchIndexOfFirstKeyGtePivot.txt
building z3
Bisecting: 1254 revisions left to test after this (roughly 10 steps)
[0a86bd14f792ef5fadb8eeb346729a612f7e1588] start on test nla
running python3 /home/yizhou7/mariposa/scripts/z3-bisect.py /home/yizhou7/mariposa/data/bisect_tasks/d_lvbkv_z3_clean--lib-Buckets-PackedStringArray.i.dfy.Impl__PackedStringArray.__default.BinarySearchIndexOfFirstKeyGtePivot.txt
building z3
Bisecting: 1254 revisions left to test after this (roughly 10 steps)
[f7747d9e76bd685a02ce5c5fbda91fc356856b5e] fix parameter collection for tactic-based solvers reported in #3065
running python3 /home/yizhou7/mariposa/scripts/z3-bisect.py /home/yizhou7/mariposa/data/bisect_tasks/d_lvbkv_z3_clean--lib-Buckets-PackedStringArray.i.dfy.Impl__PackedStringArray.__default.BinarySearchIndexOfFirstKeyGtePivot.txt
building z3
done building z3 3.2
running mariposa
res: 1 
 out: [[[    2     2     2     2     2     3     2     3     2     3     3
       3     3     2     2     3     2     2     3     2     3     2
       3     2     3     3     2     2     3     3     3     3     3
       2     2     2     3     3     3     3     3     3     2     2
       2     2     3     3     3     2     2     2     3     3     3
       3     3     3     3     3     3]
  [ 7899  6494  3093  7299  5899 60049  5721 60032  4862 60049 60051
   60051 60050  3795  9018 60044  5329  4139 60049  5356 60045  8707
   60050  5111 60059 60044  2592 12810 60051 60046 60049 60029 60041
    9129 11432  6587 60061 60045 60051 60049 60048 60048  1557  6311
    2504  5853 60050 60051 60050  4777  6650  8079 60031 60061 60031
   60045 60046 60041 60051 60043 60044]]

 [[    2     2     2     2     3     2     3     3     3     2     3
       2     3     3     2     3     3     2     3     2     3     3
       3     3     2     3     3     3     3     3     2     2     3
       3     3     2     3     2     3     2     2     3     3     3
       2     3     3     2     3     3     3     2     3     3     3
       3     2     3     3     3     3]
  [ 7899  5191  1078  9864 60044  5755 60048 60053 60054  6789 60050
    4691 60023 60045  8777 60043 60052  7513 60061  6182 60051 60049
   60033 60041  1817 60048 60045 60046 60054 60024  9268  6961 60053
   60034 60046  3320 60021  9412 60047  7991  6987 60045 60049 60023
    4245 60038 60047  3252 60048 60041 60041 35739 60052 60046 60026
   60042 12191 60045 60041 60050 60049]]

 [[    2     2     2     2     2     2     2     3     3     3     2
       2     3     3     2     2     2     3     2     3     3     3
       3     3     2     3     2     2     3     2     2     2     2
       3     2     3     3     3     2     2     3     2     3     3
       2     2     3     3     3     2     2     2     3     3     3
       3     3     3     3     3     3]
  [ 7899  3646  5671  5769 18799 17465 18834 60028 60046 60036  4407
    4619 60045 60042  6924  7286 11915 60048  2187 60051 60045 60042
   60041 60028  9635 60046  2586  5014 60041  8016  5573 10555 15372
   60039 11958 60049 60048 60054  9873  7747 60054  8843 60044 60043
   10126  6616 60044 60063 60050 11198  1334  4339 60057 60045 60054
   60047 60046 60047 60047 60056 60030]]]
unstable
 
 err: 
done running mariposa 1032.4
Bisecting: 1034 revisions left to test after this (roughly 10 steps)
[0644194fc96a853df44c37f9e4522796aa40add8] work on lemma from product to factors, and some renaming
running python3 /home/yizhou7/mariposa/scripts/z3-bisect.py /home/yizhou7/mariposa/data/bisect_tasks/d_lvbkv_z3_clean--lib-Buckets-PackedStringArray.i.dfy.Impl__PackedStringArray.__default.BinarySearchIndexOfFirstKeyGtePivot.txt
building z3
Bisecting: 1034 revisions left to test after this (roughly 10 steps)
[0321312c8db1d3f0edbd23e6e48884fbb7d77d1d] Changed to get_const_interp to match Java and C# bindings
running python3 /home/yizhou7/mariposa/scripts/z3-bisect.py /home/yizhou7/mariposa/data/bisect_tasks/d_lvbkv_z3_clean--lib-Buckets-PackedStringArray.i.dfy.Impl__PackedStringArray.__default.BinarySearchIndexOfFirstKeyGtePivot.txt
building z3
done building z3 3.1
running mariposa
res: 1 
 out: [[[    3     2     2     2     3     3     3     2     3     3     2
       3     2     2     3     3     3     3     3     2     3     3
       3     2     3     2     3     2     3     2     2     2     3
       3     2     3     2     2     3     3     2     3     3     3
       2     3     3     3     3     3     3     3     3     2     3
       3     3     3     3     3     3]
  [60045  2485  5599  2754 60052 60041 60048  4125 60048 60051 14580
   60048  2983  2094 60055 60058 60050 60051 60055  2264 60043 60055
   60052  5526 60047 14459 60050  2346 60055  9882  2570  4190 60044
   60051 12330 60052 17431  4832 60055 60052  6741 60053 60048 60046
    3022 60051 60049 60051 60046 60051 60038 60053 60049  3324 60045
   60053 60029 60050 60049 60044 60045]]

 [[    3     2     2     2     3     3     2     3     3     3     3
       2     3     3     3     3     2     2     2     3     2     3
       2     3     2     3     3     3     3     2     2     2     3
       3     2     2     3     3     2     3     3     2     3     3
       3     3     3     3     2     3     3     3     2     3     3
       2     2     3     3     3     3]
  [60045  4798  7399  7603 60025 60052  6466 60050 60047 60052 60049
    8013 60052 60046 60041 60044  1040  6561  6316 60056  9386 60048
    4427 60041 11506 60054 60054 60045 60047 14484  2007  6159 60054
   60052 16336  9712 60041 60049 16422 60054 60048 16083 60050 60050
   60051 60043 60047 60046  2545 60051 60043 60056  7688 60054 60054
    8252  9934 60033 60052 60052 60040]]

 [[    3     2     2     2     2     3     3     3     3     3     3
       2     3     3     3     3     2     3     3     3     3     2
       3     3     3     3     3     3     3     2     2     2     2
       2     2     2     2     3     3     3     3     3     3     3
       2     2     3     3     3     3     3     2     2     2     2
       3     3     3     3     3     3]
  [60045  1421  4205  5940  8711 60043 60037 60037 60038 60049 60044
    8220 60045 60031 60048 60041  3918 60046 60038 60041 60037  7305
   60046 60047 60042 60041 60042 60039 60040  4192  6467  5914  5736
   12438  4067  7643  8976 60056 60050 60046 60046 60042 60048 60052
   10038  3970 60055 60052 60051 60048 60048  3096  4333  8342  6200
   60060 60054 60050 60052 60050 60053]]]
unstable
 
 err: 
done running mariposa 1153.7
Bisecting: 261 revisions left to test after this (roughly 8 steps)
[6e637348826f0725ba8a01c455448023ca2889e4] Merge pull request #2368 from waywardmonkeys/fix-typo
running python3 /home/yizhou7/mariposa/scripts/z3-bisect.py /home/yizhou7/mariposa/data/bisect_tasks/d_lvbkv_z3_clean--lib-Buckets-PackedStringArray.i.dfy.Impl__PackedStringArray.__default.BinarySearchIndexOfFirstKeyGtePivot.txt
building z3
done building z3 3.1
running mariposa
res: 1 
 out: [[[    3     3     3     3     2     2     3     3     3     3     3
       3     3     3     3     3     2     3     3     3     3     3
       3     3     2     3     3     3     3     3     3     3     3
       2     3     3     3     3     3     3     3     3     3     3
       3     3     3     3     3     3     3     3     3     3     3
       2     3     3     3     3     3]
  [60064 60056 60034 60057  3306  5953 60060 60062 60059 60061 60058
   60053 60060 60052 60049 60053  9865 60057 60059 60056 60059 60052
   60054 60057  8636 60054 60060 60056 60059 60047 60052 60060 60051
   25368 60062 60059 60062 60056 60051 60049 60054 60061 60047 60059
   60056 60056 60051 60054 60060 60031 60059 60056 60061 60052 60049
   10498 60055 60050 60060 60057 60057]]

 [[    3     2     2     2     2     3     3     3     3     3     3
       2     2     3     3     2     2     3     2     3     2     3
       3     3     2     2     3     3     3     2     2     2     3
       3     2     3     3     2     3     2     3     3     3     3
       3     3     2     2     2     3     3     2     3     2     2
       3     3     3     3     3     3]
  [60064  5148 12264   605  4650 60053 60047 60041 60058 60053 60046
    4306  7107 60023 60055 11194  3498 60030 14815 60063 10857 60057
   60055 60054  4635  1745 60053 60053 60032  6924  1908  5782 60026
   60058  8580 60056 60053  9066 60063  1908 60024 60058 60060 60059
   60051 60052  3287  3405  5241 60056 60052  7538 60058  4605 10148
   60062 60061 60062 60061 60049 60060]]

 [[    3     2     2     2     2     2     2     2     2     2     2
       3     3     3     3     3     2     2     3     3     3     3
       3     3     3     2     2     3     3     3     3     3     2
       2     3     3     2     3     3     3     3     3     2     3
       2     2     2     3     3     3     3     3     2     3     2
       3     3     3     3     3     3]
  [60064  7828 11370  4401 24484 11761  8426 20244  2942  1995 14021
   60044 60027 60042 60041 60043  6226  7078 60044 60048 60038 60038
   60037 60046 60042  4710 10884 60048 60056 60053 60030 60031  2261
    3683 60050 60043 25364 60026 60041 60047 60048 60045   880 60047
   10202  7478  4252 60053 60035 60053 60049 60046  2805 60049  8905
   60053 60054 60051 60059 60044 60044]]]
unstable
 
 err: 
done running mariposa 1246.2
Bisecting: 130 revisions left to test after this (roughly 7 steps)
[9b4f327e29de8eadd112e53af5a8fb9f430fabf7] set upload mode to replace
running python3 /home/yizhou7/mariposa/scripts/z3-bisect.py /home/yizhou7/mariposa/data/bisect_tasks/d_lvbkv_z3_clean--lib-Buckets-PackedStringArray.i.dfy.Impl__PackedStringArray.__default.BinarySearchIndexOfFirstKeyGtePivot.txt
building z3
done building z3 3.1
running mariposa
res: 0 
 out: [[[    2     2     2     2     2     2     2     2     2     2     2
       2     2     2     2     2     2     2     2     2     2     2
       2     2     2     2     2     2     2     2     2     2     2
       2     2     2     2     2     2     2     2     2     2     2
       2     2     2     2     2     2     2     2     2     2     2
       2     2     2     2     2     2]
  [ 5773  6660  8318  6600  9313  7746  6892  6578  6484  5105  5757
    7123  6441  8869  6334  9259  7369  6469  7654 10095  8267 11184
    6068  6765  6307  7279  8171  6278 10250  5956  7747  5759  6351
    5623  6087  8779  6844  8358  7648  9524  8990  8782  8321  5697
    5102  5573  8818  6020  4723 10022  6547  7207 12347  7133  8982
    7610  6329  7073  8965  8940 11042]]

 [[    2     2     2     2     2     2     2     2     2     2     2
       2     2     2     2     2     2     2     2     2     2     2
       2     2     2     2     2     2     2     2     2     2     2
       2     2     2     2     2     2     2     2     2     2     2
       2     2     2     2     2     2     2     2     2     2     2
       2     2     2     2     2     2]
  [ 5773  8247  5944  7288  7138  7091  4256  7955  5905  7632  9609
    6423  9663  5666  3931 15601  5623  3170  8283  4208  7085  5484
    7911  7034 10851  5161  6437  9880  9105  7517  8381  7034  7348
    9488  6578 10256 17602  4334 10052  6916  6158  6917  9399  8132
    7431  7885  5041  5403  6717  7187  9483  7423  6419  3947  6807
    8638  9409  7347  7800  4990  6994]]

 [[    2     2     2     2     2     2     2     2     2     2     2
       2     2     2     2     2     2     2     2     2     2     2
       2     2     2     2     2     2     2     2     2     2     2
       2     2     2     2     2     2     2     2     2     2     2
       2     2     2     2     2     2     2     2     2     2     2
       2     2     2     2     2     3]
  [ 5773  5155  6917  7368 10021 10966 11187 11975  6229  9302  7617
    6920  4972  9751  7968  7545 12760 12077  5010  7599  6454  6447
   11484  7883 11194  8172  7942 15722 10801  6869  9727  6862  8108
   10749  6706 22895 12444 14995  9115 11935  7356  5495  8806  6850
    7178 14769 15460  8509  9387  9781  5194 12809  5550  7474 18500
   13819  8229  6094  7759  8738 60057]]]
stable
 
 err: 
done running mariposa 230.6
Bisecting: 65 revisions left to test after this (roughly 6 steps)
[42ac3a536369a7d4a7eafa1fa15b571b146ba594] merge with csp
running python3 /home/yizhou7/mariposa/scripts/z3-bisect.py /home/yizhou7/mariposa/data/bisect_tasks/d_lvbkv_z3_clean--lib-Buckets-PackedStringArray.i.dfy.Impl__PackedStringArray.__default.BinarySearchIndexOfFirstKeyGtePivot.txt
building z3
done building z3 3.1
running mariposa
res: 0 
 out: [[[    2     2     2     2     2     2     2     2     2     2     2
       2     2     2     2     2     2     2     2     2     2     2
       2     2     2     2     2     2     2     2     2     2     2
       2     2     2     2     2     2     2     2     2     2     2
       2     2     2     2     2     2     2     2     2     2     2
       2     2     2     2     2     2]
  [ 5710  8202  6651  6736  9423  6784  7762  6626  6411  5143  5737
    7088  8858  6454  6393  9137  6465  7340  7614  8270 10151 11211
    6083  6843  6292  8168  7297 10134  6309  6035  7788  5760  6344
    5641  5987  8761  6886  8441  7641  9520  9034  8823  8350  5753
    5554  5097  8760  6045  4748  9947  6555  7065 12571  7171  9028
    7738  6322  7154  8958  8968 11113]]

 [[    2     2     2     2     2     2     2     2     2     2     2
       2     2     2     2     2     2     2     2     2     2     2
       2     2     2     2     2     2     2     2     2     2     2
       2     2     2     2     2     2     2     2     2     2     2
       2     2     2     2     2     2     2     2     2     2     2
       2     2     2     2     2     2]
  [ 5710  8163  5879  7342  7152  7069  4216  8033  5948  7644  9661
    9555  6483  3970  5664 15549  5627  3134  8362  4193  7123  5507
    7900  6961 10820  5114 10001  6583  9073  7416  8340  7041  7272
    6528  9667 10280 17613  4324 10023  6914  6144  9440  6942  8149
    7492  7887  5106  5390  6642  7208  9490  7429  6432  3873  6766
    8740  9400  7365  7954  4894  7019]]

 [[    2     2     2     2     2     2     2     2     2     2     2
       2     2     2     2     2     2     2     2     2     2     2
       2     2     2     2     2     2     2     2     2     2     2
       2     2     2     2     2     2     2     2     2     2     2
       2     2     2     2     2     2     2     2     2     2     2
       2     2     2     2     2     3]
  [ 5710  5115  6959  7530 10032 10947 11098 11983  6370  9215  7675
    6820  5066  9861  7960  7577 12627 12056  4948  7718  6484  6458
   11344  7853 11195  8173  7964 15704 10950  6999  9584  6813  8086
   10749  6622 22952 12402 15079  9113  7309 12107  5495  8697  6824
    7189 14831 15647  8450  9335  9823  5169 12813  5654  7425 18260
   13870  8157  7773  6081  8834 60057]]]
stable
 
 err: 
done running mariposa 230.5
Bisecting: 32 revisions left to test after this (roughly 5 steps)
[b4290d4b3d7c021965e9ce7ee636caac0f9cac74] python regression
running python3 /home/yizhou7/mariposa/scripts/z3-bisect.py /home/yizhou7/mariposa/data/bisect_tasks/d_lvbkv_z3_clean--lib-Buckets-PackedStringArray.i.dfy.Impl__PackedStringArray.__default.BinarySearchIndexOfFirstKeyGtePivot.txt
building z3
done building z3 3.1
running mariposa
res: 1 
 out: [[[    3     3     3     3     3     3     3     3     3     3     3
       3     3     3     3     3     3     3     3     3     3     3
       3     3     3     3     3     3     3     3     3     3     3
       3     3     3     3     3     3     3     3     3     3     3
       3     3     3     3     3     3     3     3     3     3     3
       3     3     3     3     3     3]
  [60064 60052 60052 60057 60057 60054 60060 60060 60050 60058 60057
   60056 60057 60058 60061 60050 60056 60057 60055 60060 60057 60059
   60052 60058 60057 60058 60059 60061 60060 60051 60058 60056 60057
   60058 60057 60060 60051 60059 60056 60057 60059 60057 60062 60052
   60059 60057 60057 60057 60058 60062 60054 60058 60057 60057 60057
   60058 60058 60055 60056 60055 60051]]

 [[    3     2     2     2     2     2     3     3     2     3     3
       2     3     3     3     3     3     3     2     3     3     3
       3     2     3     3     3     3     3     3     2     3     3
       3     3     3     3     2     3     3     3     3     3     3
       3     2     3     3     3     2     2     3     2     3     3
       2     3     3     3     3     3]
  [60064 10211  5700  8382 10176 18005 60025 60065 24033 60059 60060
    9982 60052 60051 60047 60059 60060 60053 13714 60053 60026 60029
   60054 13711 60047 60060 60061 60053 60029 60046 13581 60052 60059
   60044 60053 60049 60048  8326 60055 60052 60059 60060 60061 60053
   60051 13086 60059 60029 60056 26520 14391 60060 16469 60061 60036
    8376 60058 60058 60052 60055 60060]]

 [[    3     2     3     3     3     3     3     3     2     3     3
       3     3     3     3     3     3     2     2     2     3     3
       3     3     3     2     3     2     3     3     3     3     3
       3     3     2     3     3     3     3     3     3     3     3
       2     3     3     3     3     3     2     2     2     2     3
       2     3     3     3     3     3]
  [60064  6693 60041 60044 60035 60033 60034 60043  6335 60038 60032
   60026 60043 60040 60034 60044 60041  9567 11197 13598 60046 60036
   60042 60040 60038  4928 60046 22170 60044 60057 60039 60038 60038
   60049 60052  3083 60034 60048 60041 60045 60036 60052 60055 60041
    6368 60049 60041 60043 60039 60040  7497 13786  7104  5540 60050
   19187 60056 60047 60053 60049 60019]]]
unstable
 
 err: 
done running mariposa 1420.6
Bisecting: 16 revisions left to test after this (roughly 4 steps)
[0f7ff2a3d016ce6cc0dcc2654a6aa0187bc55192] swap
running python3 /home/yizhou7/mariposa/scripts/z3-bisect.py /home/yizhou7/mariposa/data/bisect_tasks/d_lvbkv_z3_clean--lib-Buckets-PackedStringArray.i.dfy.Impl__PackedStringArray.__default.BinarySearchIndexOfFirstKeyGtePivot.txt
building z3
done building z3 3.1
running mariposa
res: 0 
 out: [[[    2     2     2     2     2     2     2     2     2     2     2
       2     2     2     2     2     2     2     2     2     2     2
       2     2     2     2     2     2     2     2     2     2     2
       2     2     2     2     2     2     2     2     2     2     2
       2     2     2     2     2     2     2     2     2     2     2
       2     2     2     2     2     2]
  [  704  1018  1024   955  1009   921   974   965   930  1004  1009
     896   881   920   943  1002   941  1001  1802   976   911   926
     953   972   996   926   937   909  1007   972   975   922   985
     927   934   920   940  1866   979   898   932   968  1793   906
     973   966   932   908   933   978   983   928   991   933   973
     923   883   951   908   825   862]]

 [[    2     2     2     2     2     2     2     2     2     2     2
       2     2     2     2     2     2     2     2     2     2     2
       2     2     2     2     2     2     2     2     2     2     2
       2     2     2     2     2     2     2     2     2     2     2
       2     2     2     2     2     2     2     2     2     2     2
       2     2     2     2     2     2]
  [  704  2453  5043  1255   985  2788  2639   997  2542  6736  6571
    4296 12412  8120  6835  7058   972  6756  6178  4533  4952  1220
    4721  2126  3647 11376   919  8663  1701  8552 10704  5267  3426
    7775  7496 10798 10687 12122  1412  6589  5773  1037  1299  9373
    1285  6356  7293  3456  2148 10923  6721  5525  6369  9582  8978
    7335  1286  9601 12740 10920  5516]]

 [[    2     2     2     2     2     2     2     2     2     2     2
       2     2     2     2     2     2     2     2     2     2     2
       2     2     2     2     2     2     2     2     2     2     2
       2     2     2     2     2     2     2     2     2     2     2
       2     2     2     2     2     2     2     2     2     2     2
       2     2     2     2     2     2]
  [  704  2661  3627  4407  2899  7594  3058  8022  8281  4956  1441
    9212  1714  2858  7459  5640  7243  2856  3478  4625  6781  8882
    1270  3241  1072 13479  5493  8371  9301  8180  5020  2097  2379
    1223  2231  8688 12178  1714  3044  1322  6384  3820  1430 14385
    7181  4918  5918 10757  2440  8209  1794  6988  7657  1070  9226
   12700 10607  6934  9331  7894  7446]]]
stable
 
 err: 
done running mariposa 114.1
Bisecting: 7 revisions left to test after this (roughly 3 steps)
[89e8a1392c992a6c37b8c5320b9e4b9b506bd4a1] na
running python3 /home/yizhou7/mariposa/scripts/z3-bisect.py /home/yizhou7/mariposa/data/bisect_tasks/d_lvbkv_z3_clean--lib-Buckets-PackedStringArray.i.dfy.Impl__PackedStringArray.__default.BinarySearchIndexOfFirstKeyGtePivot.txt
building z3
done building z3 3.1
running mariposa
res: 1 
 out: [[[    3     3     3     3     3     3     3     3     3     3     3
       3     3     3     3     3     3     3     3     3     3     3
       3     3     3     3     3     3     3     3     3     3     3
       3     3     3     3     3     3     3     3     3     3     3
       3     3     3     3     3     3     3     3     3     3     3
       3     3     3     3     3     3]
  [60065 60054 60050 60059 60056 60059 60058 60061 60054 60053 60059
   60054 60059 60059 60060 60055 60054 60057 60055 60059 60059 60061
   60055 60055 60058 60056 60059 60061 60062 60054 60056 60058 60056
   60061 60060 60061 60056 60054 60061 60057 60058 60061 60061 60056
   60055 60061 60057 60061 60059 60063 60058 60056 60060 60055 60060
   60057 60060 60055 60054 60057 60048]]

 [[    3     2     2     2     2     2     3     3     2     3     3
       2     3     3     3     3     3     3     2     3     3     3
       3     2     3     3     3     3     3     3     2     3     3
       3     3     3     3     2     3     3     3     3     3     3
       3     2     3     3     2     3     2     3     2     3     3
       2     3     3     3     3     3]
  [60065 10262  5739  8373 10302 18090 60025 60064 23462 60059 60059
    9943 60050 60051 60049 60059 60059 60053 13667 60054 60028 60031
   60056 13786 60049 60057 60061 60055 60031 60047 13621 60051 60060
   60043 60055 60048 60051  8248 60055 60053 60061 60058 60060 60048
   60057 13093 60060 60030 15962 60061 14976 60060 16477 60060 60032
    8465 60060 60059 60057 60057 60059]]

 [[    3     2     3     3     3     3     3     3     2     3     3
       3     3     3     3     3     3     2     2     2     3     3
       3     3     3     2     3     2     3     3     3     3     3
       3     3     2     3     3     3     3     3     3     3     3
       2     3     3     3     3     3     2     2     2     2     3
       2     3     3     3     3     3]
  [60065  6815 60041 60041 60040 60036 60036 60042  6368 60037 60034
   60043 60026 60041 60038 60043 60043  9664 11009 13660 60044 60044
   60037 60045 60038  4915 60047 22216 60042 60062 60043 60039 60040
   60049 60050  3084 60036 60044 60045 60046 60040 60052 60055 60041
    6293 60049 60041 60040 60041 60040  7507 13792  7004  5521 60049
   19124 60054 60046 60051 60052 60019]]]
unstable
 
 err: 
done running mariposa 1420.6
Bisecting: 4 revisions left to test after this (roughly 2 steps)
[1827f98851e1866187abe743afd2d80bc786412f] more fixes for mutexes in shell
running python3 /home/yizhou7/mariposa/scripts/z3-bisect.py /home/yizhou7/mariposa/data/bisect_tasks/d_lvbkv_z3_clean--lib-Buckets-PackedStringArray.i.dfy.Impl__PackedStringArray.__default.BinarySearchIndexOfFirstKeyGtePivot.txt
building z3
done building z3 3.1
running mariposa
res: 0 
 out: [[[    2     2     2     2     2     2     2     2     2     2     2
       2     2     2     2     2     2     2     2     2     2     2
       2     2     2     2     2     2     2     2     2     2     2
       2     2     2     2     2     2     2     2     2     2     2
       2     2     2     2     2     2     2     2     2     2     2
       2     2     2     2     2     2]
  [  715  1010  1000  1005   949   930   975   962   993   989   921
     919   872   913   994   946   959   997  1812   970   904   914
     964   986   990   921   947   903   993   980   987   932   991
     921   929   933  1837   939   986   888   936   979  1810   907
     963   957   913   914   941   981   996   924   979   926   981
     930   913   972   907   897   844]]

 [[    2     2     2     2     2     2     2     2     2     2     2
       2     2     2     2     2     2     2     2     2     2     2
       2     2     2     2     2     2     2     2     2     2     2
       2     2     2     2     2     2     2     2     2     2     2
       2     2     2     2     2     2     2     2     2     2     2
       2     2     2     2     2     2]
  [  715  2465  5095  1229   980  2835  2654   989  2559  6855  6473
    4333 12489  8089  6741  7006   986  6761  6107  4560  4953  1229
    4705  2136  3627  8614   914 11568  1714  8567 10718  5252  3438
    7784  7570 10727 10671 12164  1423  5874  6545  9357  1300  1044
    1288  6326  7268  3434  2185 10944  6716  5454  6379  9567  8970
    7240  1304  9542 12771 11133  5539]]

 [[    2     2     2     2     2     2     2     2     2     2     2
       2     2     2     2     2     2     2     2     2     2     2
       2     2     2     2     2     2     2     2     2     2     2
       2     2     2     2     2     2     2     2     2     2     2
       2     2     2     2     2     2     2     2     2     2     2
       2     2     2     2     2     2]
  [  715  2636  3601  4450  2889  7608  3075  8013  8266  4892  1438
    9274  1745  2856  7444  5617  7225  2861  3465  4618  6880  8950
    1293  3217  1061 13428  5473  8358  9155  5014  8285  2085  2396
    1221  2207  8573 12118  1704  3057  1332  6383  3842  1437  7147
   14448  4894  5968 10786  2410  8216  1785  6966  7728  1065  9136
   12853 10603  6927  9239  7967  7425]]]
stable
 
 err: 
done running mariposa 114.1
Bisecting: 1 revision left to test after this (roughly 1 step)
[5177cc4a9a58df192c6a844ca13abf7e7cd3be15] change lt
running python3 /home/yizhou7/mariposa/scripts/z3-bisect.py /home/yizhou7/mariposa/data/bisect_tasks/d_lvbkv_z3_clean--lib-Buckets-PackedStringArray.i.dfy.Impl__PackedStringArray.__default.BinarySearchIndexOfFirstKeyGtePivot.txt
building z3
done building z3 3.1
running mariposa
res: 1 
 out: [[[    3     3     3     3     3     3     3     3     3     3     3
       3     3     3     3     3     3     3     3     3     3     3
       3     3     3     3     3     3     3     3     3     3     3
       3     3     3     3     3     3     3     3     3     3     3
       3     3     3     3     3     3     3     3     3     3     3
       3     3     3     3     3     3]
  [60065 60052 60052 60057 60056 60060 60059 60060 60057 60054 60059
   60055 60059 60059 60060 60056 60055 60057 60056 60059 60059 60061
   60056 60056 60058 60055 60060 60060 60062 60055 60055 60060 60056
   60060 60059 60060 60058 60056 60059 60055 60060 60060 60062 60056
   60056 60056 60055 60060 60061 60059 60056 60056 60055 60055 60056
   60059 60058 60056 60056 60057 60050]]

 [[    3     2     2     2     2     2     3     3     2     3     3
       2     3     3     3     3     3     3     2     3     3     3
       3     2     3     3     3     3     3     3     2     3     3
       3     3     3     3     2     3     3     3     3     3     3
       3     2     3     3     2     3     2     3     2     3     3
       2     3     3     3     3     3]
  [60065 10388  5745  8337 10278 18031 60025 60062 23446 60061 60060
    9959 60049 60050 60051 60058 60058 60056 13900 60052 60025 60029
   60054 13721 60048 60060 60060 60055 60029 60047 13705 60054 60059
   60043 60056 60048 60052  8191 60056 60052 60061 60059 60060 60049
   60057 13056 60059 60031 17064 60061 14708 60060 16424 60063 60032
    8457 60059 60057 60058 60057 60057]]

 [[    3     2     3     3     3     3     3     3     2     3     3
       3     3     3     3     3     3     2     2     2     3     3
       3     3     3     2     3     2     3     3     3     3     3
       3     3     2     3     3     3     3     3     3     3     3
       2     3     3     3     3     3     2     2     2     2     3
       2     3     3     3     3     3]
  [60065  6730 60041 60040 60038 60034 60035 60042  6480 60038 60033
   60043 60027 60042 60038 60047 60043  9565 10691 13588 60045 60044
   60043 60037 60037  4952 60045 22225 60045 60059 60039 60041 60038
   60048 60050  3136 60033 60046 60043 60043 60038 60051 60054 60045
    6353 60047 60041 60043 60038 60041  7486 13792  6993  5516 60049
   18997 60054 60046 60052 60051 60020]]]
unstable
 
 err: 
done running mariposa 1420.5
Bisecting: 0 revisions left to test after this (roughly 1 step)
[7c9d2e0d75757ed6aa535f72c7dec70d5a527fed] pydoc test
running python3 /home/yizhou7/mariposa/scripts/z3-bisect.py /home/yizhou7/mariposa/data/bisect_tasks/d_lvbkv_z3_clean--lib-Buckets-PackedStringArray.i.dfy.Impl__PackedStringArray.__default.BinarySearchIndexOfFirstKeyGtePivot.txt
building z3
done building z3 3.1
running mariposa
res: 0 
 out: [[[    2     2     2     2     2     2     2     2     2     2     2
       2     2     2     2     2     2     2     2     2     2     2
       2     2     2     2     2     2     2     2     2     2     2
       2     2     2     2     2     2     2     2     2     2     2
       2     2     2     2     2     2     2     2     2     2     2
       2     2     2     2     2     2]
  [  710  1003   996   998   940   938   972   955   982   986   928
     907   868   913   992   945   950   991  1793   965   904   925
     958   973   995   941   920   901  1001   971   980   930   980
     921   933   914  1820   938   979   901   938   973  1797   900
     957   947   921   909   939   984   999   913   977   927   970
     917   897   966   892   868   800]]

 [[    2     2     2     2     2     2     2     2     2     2     2
       2     2     2     2     2     2     2     2     2     2     2
       2     2     2     2     2     2     2     2     2     2     2
       2     2     2     2     2     2     2     2     2     2     2
       2     2     2     2     2     2     2     2     2     2     2
       2     2     2     2     2     2]
  [  710  2490  5054  1233   978  2802  2589   995  2553  6737  6528
    4257  8104 12579  6741  7090   973  6806  6100  4516  5023  1218
    4640  2110 11435  3628  8707   892  1677  8526 10861  5308  3490
    7771  7475 10551 10611 12252  1412  5793  6682  9352  1298  1038
    6311  1277  7161  3451  2154 10952  6705  5548  9548  6411  8984
    7215  1294  9578 12717 10913  5619]]

 [[    2     2     2     2     2     2     2     2     2     2     2
       2     2     2     2     2     2     2     2     2     2     2
       2     2     2     2     2     2     2     2     2     2     2
       2     2     2     2     2     2     2     2     2     2     2
       2     2     2     2     2     2     2     2     2     2     2
       2     2     2     2     2     2]
  [  710  2662  3630  4403  2948  7585  3068  8004  8140  4940  1448
    9261  1720  2906  7470  5624  7157  2847  6797  3492  4719  8977
    1276  3193  1050 13273  5477  8394  9159  5006  8245  2089  2396
    2227  1225  8558 12348  1710  3020  1333  6308  3879  1444 14297
    7108  4895  5998 10738  2412  8271  1790  6983  7638  1067  9060
   12775 10818  6928  7884  9243  7407]]]
stable
 
 err: 
done running mariposa 114.0
5177cc4a9a58df192c6a844ca13abf7e7cd3be15 is the first bad commit
commit 5177cc4a9a58df192c6a844ca13abf7e7cd3be15
Author: Nikolaj Bjorner <nbjorner@microsoft.com>
Date:   Fri Jun 21 09:08:20 2019 +0200

    change lt
    
    Signed-off-by: Nikolaj Bjorner <nbjorner@microsoft.com>

 src/ast/ast_lt.h                   | 4 ++++
 src/ast/rewriter/bool_rewriter.cpp | 6 ++++--
 2 files changed, 8 insertions(+), 2 deletions(-)
bisect run success
git bisect start
# good: [e79542cc689d52ec4cb34ce4ae3fbe56e7a0bf70] fix #2309
git bisect good e79542cc689d52ec4cb34ce4ae3fbe56e7a0bf70
# bad: [ad55a1f1c617a7f0c3dd735c0780fc758424c7f1] Update release.yml for Azure Pipelines
git bisect bad ad55a1f1c617a7f0c3dd735c0780fc758424c7f1
# skip: [e2702f3ae88f5c48a55f4473bb5c29184c182634] fixes in assigning constraints to intervals
git bisect skip e2702f3ae88f5c48a55f4473bb5c29184c182634
# skip: [1915812f84cf41a5f232eedf2a695a54d055aa88] add a test for intervals
git bisect skip 1915812f84cf41a5f232eedf2a695a54d055aa88
# bad: [8faf35e2e0c8fce99794e71bd3b5de74b95ceb5a] fix #3735
git bisect bad 8faf35e2e0c8fce99794e71bd3b5de74b95ceb5a
# skip: [d1a5635b4ad7f8632356b380f3a9b1fc83fdb04f] better model based lemmaas
git bisect skip d1a5635b4ad7f8632356b380f3a9b1fc83fdb04f
# skip: [0a86bd14f792ef5fadb8eeb346729a612f7e1588] start on test nla
git bisect skip 0a86bd14f792ef5fadb8eeb346729a612f7e1588
# bad: [f7747d9e76bd685a02ce5c5fbda91fc356856b5e] fix parameter collection for tactic-based solvers reported in #3065
git bisect bad f7747d9e76bd685a02ce5c5fbda91fc356856b5e
# skip: [0644194fc96a853df44c37f9e4522796aa40add8] work on lemma from product to factors, and some renaming
git bisect skip 0644194fc96a853df44c37f9e4522796aa40add8
# bad: [0321312c8db1d3f0edbd23e6e48884fbb7d77d1d] Changed to get_const_interp to match Java and C# bindings
git bisect bad 0321312c8db1d3f0edbd23e6e48884fbb7d77d1d
# bad: [6e637348826f0725ba8a01c455448023ca2889e4] Merge pull request #2368 from waywardmonkeys/fix-typo
git bisect bad 6e637348826f0725ba8a01c455448023ca2889e4
# good: [9b4f327e29de8eadd112e53af5a8fb9f430fabf7] set upload mode to replace
git bisect good 9b4f327e29de8eadd112e53af5a8fb9f430fabf7
# good: [42ac3a536369a7d4a7eafa1fa15b571b146ba594] merge with csp
git bisect good 42ac3a536369a7d4a7eafa1fa15b571b146ba594
# bad: [b4290d4b3d7c021965e9ce7ee636caac0f9cac74] python regression
git bisect bad b4290d4b3d7c021965e9ce7ee636caac0f9cac74
# good: [0f7ff2a3d016ce6cc0dcc2654a6aa0187bc55192] swap
git bisect good 0f7ff2a3d016ce6cc0dcc2654a6aa0187bc55192
# bad: [89e8a1392c992a6c37b8c5320b9e4b9b506bd4a1] na
git bisect bad 89e8a1392c992a6c37b8c5320b9e4b9b506bd4a1
# good: [1827f98851e1866187abe743afd2d80bc786412f] more fixes for mutexes in shell
git bisect good 1827f98851e1866187abe743afd2d80bc786412f
# bad: [5177cc4a9a58df192c6a844ca13abf7e7cd3be15] change lt
git bisect bad 5177cc4a9a58df192c6a844ca13abf7e7cd3be15
# good: [7c9d2e0d75757ed6aa535f72c7dec70d5a527fed] pydoc test
git bisect good 7c9d2e0d75757ed6aa535f72c7dec70d5a527fed
# first bad commit: [5177cc4a9a58df192c6a844ca13abf7e7cd3be15] change lt
