running python3 /home/yizhou7/mariposa/scripts/z3-bisect.py /home/yizhou7/mariposa/data/bisect_tasks/d_lvbkv_z3_clean--lib-Buckets-PackedStringArray.i.dfy.CheckWellformed__PackedStringArray.__default.psaSeq.txt
building z3
Bisecting: 1453 revisions left to test after this (roughly 11 steps)
[1915812f84cf41a5f232eedf2a695a54d055aa88] add a test for intervals
running python3 /home/yizhou7/mariposa/scripts/z3-bisect.py /home/yizhou7/mariposa/data/bisect_tasks/d_lvbkv_z3_clean--lib-Buckets-PackedStringArray.i.dfy.CheckWellformed__PackedStringArray.__default.psaSeq.txt
building z3
Bisecting: 1453 revisions left to test after this (roughly 11 steps)
[8faf35e2e0c8fce99794e71bd3b5de74b95ceb5a] fix #3735
running python3 /home/yizhou7/mariposa/scripts/z3-bisect.py /home/yizhou7/mariposa/data/bisect_tasks/d_lvbkv_z3_clean--lib-Buckets-PackedStringArray.i.dfy.CheckWellformed__PackedStringArray.__default.psaSeq.txt
building z3
done building z3 3.3
running mariposa
res: 1 
 out: [[[    2     2     2     2     2     2     2     2     2     2     2
       2     2     2     2     2     2     2     2     2     2     2
       2     2     2     2     2     2     2     2     2     2     2
       2     2     2     2     2     2     2     2     2     2     2
       2     2     2     2     2     2     2     2     2     2     2
       2     2     2     2     2     2]
  [  209   291   285   286   282   281   284   280   277   276   271
     271   269   271   270   270   271   269   272   274   272   275
     269   271   271   273   276   276   275   277   271   269   267
     269   267   268   269   270   272   274   274   273   276   275
     278   276   278   278   280   280   282   278   279   280   279
     277   280   280   278   280   277]]

 [[    2     2     2     2     2     2     2     3     3     2     2
       3     2     2     2     2     2     2     2     2     2     2
       2     3     3     2     3     2     2     2     2     2     2
       3     2     2     3     2     3     3     2     2     2     2
       2     2     2     2     2     3     2     2     3     3     3
       2     3     3     3     3     3]
  [  209   297   302   301   299   272   281 60039 60022   336   298
   60043   308   300   298   296   294   290   289   296   298   306
     351 60046 60042   289 60037   273   272   284   289   284   283
   60031   280   278 60037   279 60036 60029   276   274   267   276
     311   303   307   307   323 60044   305   306 60018 60028 60034
     287 60034 60017 60033 60041 60039]]

 [[    2     2     2     2     2     2     2     2     2     2     2
       3     3     3     3     3     2     2     2     2     2     2
       3     2     2     3     3     3     2     3     3     2     3
       2     2     2     3     2     2     3     3     3     2     2
       2     3     2     2     2     3     2     2     2     3     3
       2     3     3     3     3     3]
  [  209   268   276   339   340   355   423   367   378   389   387
   60036 60035 60038 60040 60042   311   322   313   321   324   322
   60039   373   346 60023 60038 60040   313 60039 60049   328 60045
     331   335   331 60042   333   339 60038 60049 60027   374   320
     326 60042   325   357   314 60033   326   297   303 60020 60026
     325 60048 60047 60043 60020 60040]]]
unstable
 
 err: 
done running mariposa 428.1
Bisecting: 1254 revisions left to test after this (roughly 10 steps)
[d1a5635b4ad7f8632356b380f3a9b1fc83fdb04f] better model based lemmaas
running python3 /home/yizhou7/mariposa/scripts/z3-bisect.py /home/yizhou7/mariposa/data/bisect_tasks/d_lvbkv_z3_clean--lib-Buckets-PackedStringArray.i.dfy.CheckWellformed__PackedStringArray.__default.psaSeq.txt
building z3
Bisecting: 1254 revisions left to test after this (roughly 10 steps)
[0a86bd14f792ef5fadb8eeb346729a612f7e1588] start on test nla
running python3 /home/yizhou7/mariposa/scripts/z3-bisect.py /home/yizhou7/mariposa/data/bisect_tasks/d_lvbkv_z3_clean--lib-Buckets-PackedStringArray.i.dfy.CheckWellformed__PackedStringArray.__default.psaSeq.txt
building z3
Bisecting: 1254 revisions left to test after this (roughly 10 steps)
[f7747d9e76bd685a02ce5c5fbda91fc356856b5e] fix parameter collection for tactic-based solvers reported in #3065
running python3 /home/yizhou7/mariposa/scripts/z3-bisect.py /home/yizhou7/mariposa/data/bisect_tasks/d_lvbkv_z3_clean--lib-Buckets-PackedStringArray.i.dfy.CheckWellformed__PackedStringArray.__default.psaSeq.txt
building z3
done building z3 3.2
running mariposa
res: 1 
 out: [[[    2     2     2     2     2     2     2     2     2     2     2
       2     2     2     2     2     2     2     2     2     2     2
       2     2     2     2     2     2     2     2     2     2     2
       2     2     2     2     2     2     2     2     2     2     2
       2     2     2     2     2     2     2     2     2     2     2
       2     2     2     2     2     2]
  [  199   297   303   280   273   268   272   271   271   269   269
     269   268   269   264   260   255   252   248   247   249   247
     254   254   252   256   254   256   254   254   255   255   256
     256   255   253   255   256   253   254   254   254   253   258
     254   253   253   255   253   256   255   253   256   254   253
     255   253   254   249   248   250]]

 [[    2     2     2     2     2     2     3     3     2     2     3
       2     2     3     2     2     3     2     2     2     2     2
       2     2     2     3     2     3     2     3     2     2     2
       2     2     2     2     3     3     3     2     2     2     3
       2     2     2     2     2     3     2     2     3     3     2
       3     3     3     3     3     3]
  [  199   283   282   303   292   282 60045 60038   295   301 60038
     310   311 60022   306   306 60040   307   299   301   304   310
     316   308   310 60047   296 60038   283 60039   283   278   276
     278   286   284   288 60040 60043 60038   295   291   295 60037
     301   299   300   304   322 60041   295   300 60020 60043   330
   60044 60036 60039 60037 60051 60044]]

 [[    2     2     2     2     2     2     2     3     3     3     3
       3     2     2     2     3     3     2     2     2     2     2
       3     3     3     3     2     3     3     3     3     3     2
       3     3     3     2     2     2     2     2     2     3     2
       3     2     2     2     2     2     2     3     3     3     3
       2     3     3     3     3     3]
  [  199   260   269   342   341   371   368 60034 60041 60036 60031
   60035   307   307   302 60022 60033   359   363   359   367   393
   60041 60022 60018 60035   315 60033 60043 60053 60024 60035   318
   60036 60046 60034   297   308   308   301   552   380 60047   370
   60024   345   337   336   371   346   369 60045 60018 60040 60044
     340 60042 60045 60038 60056 60043]]]
unstable
 
 err: 
done running mariposa 486.7
Bisecting: 1034 revisions left to test after this (roughly 10 steps)
[0644194fc96a853df44c37f9e4522796aa40add8] work on lemma from product to factors, and some renaming
running python3 /home/yizhou7/mariposa/scripts/z3-bisect.py /home/yizhou7/mariposa/data/bisect_tasks/d_lvbkv_z3_clean--lib-Buckets-PackedStringArray.i.dfy.CheckWellformed__PackedStringArray.__default.psaSeq.txt
building z3
Bisecting: 1034 revisions left to test after this (roughly 10 steps)
[0321312c8db1d3f0edbd23e6e48884fbb7d77d1d] Changed to get_const_interp to match Java and C# bindings
running python3 /home/yizhou7/mariposa/scripts/z3-bisect.py /home/yizhou7/mariposa/data/bisect_tasks/d_lvbkv_z3_clean--lib-Buckets-PackedStringArray.i.dfy.CheckWellformed__PackedStringArray.__default.psaSeq.txt
building z3
done building z3 3.1
running mariposa
res: 1 
 out: [[[    3     3     3     3     3     3     3     3     3     3     3
       3     3     3     3     3     3     3     3     3     3     3
       3     3     3     3     3     3     3     3     3     3     3
       3     3     3     3     3     3     3     3     3     3     3
       3     3     3     3     3     3     3     3     3     3     3
       3     3     3     3     3     3]
  [60042 60048 60042 60041 60044 60043 60045 60046 60049 60045 60040
   60045 60042 60046 60045 60053 60044 60039 60047 60045 60046 60048
   60050 60043 60042 60047 60045 60047 60045 60051 60044 60040 60046
   60044 60049 60047 60050 60047 60043 60045 60045 60047 60048 60052
   60046 60042 60045 60045 60049 60050 60049 60042 60037 60046 60042
   60043 60042 60049 60042 60039 60044]]

 [[    3     2     2     2     2     2     3     2     2     3     3
       3     3     2     2     2     2     3     2     2     2     3
       2     2     2     2     2     3     2     2     2     2     2
       2     3     3     3     2     3     2     2     2     2     2
       2     3     2     3     2     3     2     2     2     3     3
       2     3     3     3     3     3]
  [60042   274   274   262   287   296 60041   307   303 60045 60032
   60037 60036   278   266   266   267 60018   255   266   287 60040
     292   294   291   288   295 60043   300   294   297   299   300
     307 60043 60036 60037   268 60036   262   260   260   290   289
     297 60021   295 60044   312 60048   310   309   327 60039 60038
     271 60040 60041 60043 60053 60045]]

 [[    3     2     2     2     2     2     2     2     2     2     3
       3     3     3     3     2     2     2     3     2     2     2
       2     2     2     2     2     3     2     3     3     2     3
       3     3     2     2     3     2     3     2     2     2     3
       3     2     3     2     3     2     3     3     2     3     2
       3     3     3     3     3     3]
  [60042   244   246   247   247   274   281   325   342   353 60042
   60029 60029 60028 60028   291   283   286 60031   277   309   310
     306   316   318   311   330 60020   328 60046 60036   299 60037
   60034 60036   311   314 60034   327 60038   337   348   353 60024
   60046   313 60044   302 60016   287 60021 60023   324 60049   331
   60046 60050 60022 60035 60047 60041]]]
unstable
 
 err: 
done running mariposa 1030.1
Bisecting: 261 revisions left to test after this (roughly 8 steps)
[6e637348826f0725ba8a01c455448023ca2889e4] Merge pull request #2368 from waywardmonkeys/fix-typo
running python3 /home/yizhou7/mariposa/scripts/z3-bisect.py /home/yizhou7/mariposa/data/bisect_tasks/d_lvbkv_z3_clean--lib-Buckets-PackedStringArray.i.dfy.CheckWellformed__PackedStringArray.__default.psaSeq.txt
building z3
done building z3 3.1
running mariposa
res: 1 
 out: [[[    2     2     2     2     2     2     2     2     2     2     2
       2     2     2     2     2     2     2     2     2     2     2
       2     2     2     2     2     2     2     2     2     2     2
       2     2     2     2     2     2     2     2     2     2     2
       2     2     2     2     2     2     2     2     2     2     2
       2     2     2     2     2     2]
  [  189   262   266   271   272   278   278   273   280   278   274
     277   268   261   261   257   254   254   250   247   246   252
     252   255   253   253   255   255   252   254   254   254   255
     253   247   246   239   238   241   240   238   242   245   244
     247   245   244   245   247   246   247   247   246   247   247
     244   246   246   244   244   243]]

 [[    2     2     2     2     2     2     2     2     2     2     2
       2     2     2     3     2     2     2     2     2     2     3
       2     2     2     2     3     2     2     2     2     2     3
       2     2     2     3     3     2     2     2     3     3     2
       2     2     2     3     2     2     2     2     2     3     2
       2     2     3     3     3     3]
  [  189   268   274   282   286   290   288   262   258   255   267
     268   260   256 60044   256   257   291   287   297   274 60056
     271   269   272   276 60054   250   269   260   291   289 60059
     282   286   283 60045 60044   266   276   288 60046 60045   275
     285   283   280 60055   269   269   270   265   269 60023   263
     322   268 60055 60046 60045 60031]]

 [[    2     2     2     2     2     2     2     2     2     2     3
       3     3     3     3     2     2     2     2     3     2     2
       2     2     2     2     2     2     2     2     2     2     3
       2     3     3     3     2     2     3     2     2     2     2
       3     3     2     3     2     2     2     2     2     2     2
       2     2     3     3     3     3]
  [  189   234   233   236   268   263   317   323   331   354 60043
   60035 60046 60049 60038   263   299   263   268 60038   267   264
     285   293   284   307   316   308   316   320   324   333 60037
     318 60057 60041 60040   304   319 60021   306   311   316   400
   60050 60056   323 60021   311   305   322   304   277   268   286
     283   290 60053 60025 60049 60043]]]
unstable
 
 err: 
done running mariposa 310.4
Bisecting: 130 revisions left to test after this (roughly 7 steps)
[9b4f327e29de8eadd112e53af5a8fb9f430fabf7] set upload mode to replace
running python3 /home/yizhou7/mariposa/scripts/z3-bisect.py /home/yizhou7/mariposa/data/bisect_tasks/d_lvbkv_z3_clean--lib-Buckets-PackedStringArray.i.dfy.CheckWellformed__PackedStringArray.__default.psaSeq.txt
building z3
done building z3 3.1
running mariposa
res: 0 
 out: [[[  2   2   2   2   2   2   2   2   2   2   2   2   2   2   2   2   2
     2   2   2   2   2   2   2   2   2   2   2   2   2   2   2   2   2
     2   2   2   2   2   2   2   2   2   2   2   2   2   2   2   2   2
     2   2   2   2   2   2   2   2   2   2]
  [179 214 211 211 214 211 213 213 211 211 210 213 212 212 215 212 212
   210 214 211 212 213 211 211 213 212 213 214 215 213 214 212 211 211
   213 212 211 212 212 212 212 215 218 213 210 212 213 211 211 212 212
   212 211 211 212 211 206 205 204 206 200]]

 [[  2   2   2   2   2   2   2   2   2   2   2   2   2   2   2   2   2
     2   2   2   2   2   2   2   2   2   2   2   2   2   2   2   2   2
     2   2   2   2   2   2   2   2   2   2   2   2   2   2   2   2   2
     2   2   2   2   2   2   2   2   2   2]
  [179 216 216 214 217 215 214 215 216 214 218 217 216 215 215 214 214
   214 215 215 215 216 215 215 214 217 218 215 214 215 215 214 216 215
   214 215 213 216 215 215 216 214 217 214 214 213 216 215 215 215 215
   218 214 216 216 214 216 215 218 215 214]]

 [[  2   2   2   2   2   2   2   2   2   2   2   2   2   2   2   2   2
     2   2   2   2   2   2   2   2   2   2   2   2   2   2   2   2   2
     2   2   2   2   2   2   2   2   2   2   2   2   2   2   2   2   2
     2   2   2   2   2   2   2   2   2   2]
  [179 231 235 234 235 237 231 235 234 232 232 231 238 231 236 232 232
   234 235 235 235 238 236 235 234 235 235 234 232 235 237 236 233 235
   232 231 236 234 236 231 234 237 233 233 235 234 238 233 232 235 234
   235 236 233 237 235 235 238 235 233 234]]]
stable
 
 err: 
done running mariposa 11.4
Bisecting: 65 revisions left to test after this (roughly 6 steps)
[42ac3a536369a7d4a7eafa1fa15b571b146ba594] merge with csp
running python3 /home/yizhou7/mariposa/scripts/z3-bisect.py /home/yizhou7/mariposa/data/bisect_tasks/d_lvbkv_z3_clean--lib-Buckets-PackedStringArray.i.dfy.CheckWellformed__PackedStringArray.__default.psaSeq.txt
building z3
done building z3 3.1
running mariposa
res: 0 
 out: [[[  2   2   2   2   2   2   2   2   2   2   2   2   2   2   2   2   2
     2   2   2   2   2   2   2   2   2   2   2   2   2   2   2   2   2
     2   2   2   2   2   2   2   2   2   2   2   2   2   2   2   2   2
     2   2   2   2   2   2   2   2   2   2]
  [183 211 210 209 210 212 211 210 211 212 210 210 211 211 209 211 209
   209 209 211 212 212 211 212 210 210 212 211 211 211 210 210 210 210
   211 210 210 210 210 210 212 211 210 211 210 209 209 212 212 210 210
   210 210 211 211 212 205 202 203 202 201]]

 [[  2   2   2   2   2   2   2   2   2   2   2   2   2   2   2   2   2
     2   2   2   2   2   2   2   2   2   2   2   2   2   2   2   2   2
     2   2   2   2   2   2   2   2   2   2   2   2   2   2   2   2   2
     2   2   2   2   2   2   2   2   2   2]
  [183 216 215 217 213 214 215 216 214 215 213 215 215 215 215 213 213
   214 215 215 216 213 213 217 216 214 215 216 215 215 216 214 215 214
   215 215 214 216 216 215 214 215 215 215 214 219 215 214 215 214 217
   215 216 217 214 215 215 214 215 217 215]]

 [[  2   2   2   2   2   2   2   2   2   2   2   2   2   2   2   2   2
     2   2   2   2   2   2   2   2   2   2   2   2   2   2   2   2   2
     2   2   2   2   2   2   2   2   2   2   2   2   2   2   2   2   2
     2   2   2   2   2   2   2   2   2   2]
  [183 232 235 235 231 232 232 233 233 234 237 233 232 237 232 231 233
   238 234 235 231 235 232 234 233 232 231 232 233 232 235 235 235 233
   231 231 234 232 236 236 232 230 235 234 233 234 235 233 232 232 234
   234 236 234 234 233 232 236 233 234 233]]]
stable
 
 err: 
done running mariposa 11.4
Bisecting: 32 revisions left to test after this (roughly 5 steps)
[b4290d4b3d7c021965e9ce7ee636caac0f9cac74] python regression
running python3 /home/yizhou7/mariposa/scripts/z3-bisect.py /home/yizhou7/mariposa/data/bisect_tasks/d_lvbkv_z3_clean--lib-Buckets-PackedStringArray.i.dfy.CheckWellformed__PackedStringArray.__default.psaSeq.txt
building z3
done building z3 3.1
running mariposa
res: 1 
 out: [[[    2     2     2     2     2     2     2     2     2     2     2
       2     2     2     2     2     2     2     2     2     2     2
       2     2     2     2     2     2     2     2     2     2     2
       2     2     2     2     2     2     2     2     2     2     2
       2     2     2     2     2     2     2     2     2     2     2
       2     2     2     2     2     2]
  [  181   243   246   243   245   244   245   247   239   239   239
     234   232   233   232   234   234   229   232   232   231   230
     230   232   230   231   231   231   230   230   231   230   231
     232   231   235   230   230   234   230   233   232   233   232
     232   233   230   231   233   231   232   231   229   232   233
     231   232   229   230   231   231]]

 [[    2     2     2     2     2     2     2     2     2     2     3
       2     3     2     2     2     3     2     3     3     3     3
       2     3     2     3     2     3     2     3     3     3     2
       2     2     3     2     2     3     2     2     3     2     2
       2     2     2     2     3     3     2     3     2     2     2
       2     2     3     3     3     3]
  [  181   287   290   254   261   261   254   260   249   265 60055
     304 60035   287   296   298 60049   277 60036 60023 60046 60051
     294 60046   288 60035   298 60057   261 60045 60022 60039   246
     268   258 60049   287   269 60041   291   302 60053   290   292
     288   295   291   293 60034 60022   276 60034   247   251   246
     247   250 60039 60044 60021 60040]]

 [[    2     2     2     2     2     2     2     2     2     2     2
       2     2     2     2     2     2     2     3     3     3     3
       2     2     2     2     2     2     3     2     3     3     2
       2     2     3     2     3     3     3     2     3     3     2
       2     2     2     2     2     2     3     2     2     2     2
       2     3     3     3     3     3]
  [  181   246   238   237   237   241   237   239   239   241   294
     294   298   310   315   313   314   320 60041 60035 60037 60035
     269   272   272   285   293   304 60036   313 60036 60038   327
     344   363 60046   293 60036 60044 60043   294 60032 60021   317
     311   302   300   300   311   336 60040   339   327   327   325
     335 60046 60050 60043 60039 60036]]]
unstable
 
 err: 
done running mariposa 373.8
Bisecting: 16 revisions left to test after this (roughly 4 steps)
[0f7ff2a3d016ce6cc0dcc2654a6aa0187bc55192] swap
running python3 /home/yizhou7/mariposa/scripts/z3-bisect.py /home/yizhou7/mariposa/data/bisect_tasks/d_lvbkv_z3_clean--lib-Buckets-PackedStringArray.i.dfy.CheckWellformed__PackedStringArray.__default.psaSeq.txt
building z3
done building z3 3.0
running mariposa
res: 0 
 out: [[[  2   2   2   2   2   2   2   2   2   2   2   2   2   2   2   2   2
     2   2   2   2   2   2   2   2   2   2   2   2   2   2   2   2   2
     2   2   2   2   2   2   2   2   2   2   2   2   2   2   2   2   2
     2   2   2   2   2   2   2   2   2   2]
  [183 215 215 213 216 214 213 214 214 213 214 214 214 215 215 214 215
   214 217 216 214 215 212 213 213 214 216 214 215 213 212 213 216 215
   215 216 212 214 213 214 216 216 217 218 216 213 214 214 216 214 217
   213 213 215 214 214 210 207 209 207 204]]

 [[  2   2   2   2   2   2   2   2   2   2   2   2   2   2   2   2   2
     2   2   2   2   2   2   2   2   2   2   2   2   2   2   2   2   2
     2   2   2   2   2   2   2   2   2   2   2   2   2   2   2   2   2
     2   2   2   2   2   2   2   2   2   2]
  [183 217 219 222 219 218 218 220 217 218 217 217 217 216 220 218 218
   222 220 218 220 218 216 221 218 221 219 219 217 220 217 221 220 219
   218 219 222 218 218 219 219 220 220 220 221 218 221 216 221 219 217
   218 219 219 219 218 221 220 220 219 218]]

 [[  2   2   2   2   2   2   2   2   2   2   2   2   2   2   2   2   2
     2   2   2   2   2   2   2   2   2   2   2   2   2   2   2   2   2
     2   2   2   2   2   2   2   2   2   2   2   2   2   2   2   2   2
     2   2   2   2   2   2   2   2   2   2]
  [183 239 239 240 242 242 238 239 236 238 238 238 240 240 242 238 239
   240 239 239 238 237 241 239 239 234 240 237 240 238 241 238 240 238
   234 244 236 240 243 242 238 238 239 237 238 237 239 245 237 235 236
   239 242 234 239 240 242 242 240 235 237]]]
stable
 
 err: 
done running mariposa 11.5
Bisecting: 7 revisions left to test after this (roughly 3 steps)
[89e8a1392c992a6c37b8c5320b9e4b9b506bd4a1] na
running python3 /home/yizhou7/mariposa/scripts/z3-bisect.py /home/yizhou7/mariposa/data/bisect_tasks/d_lvbkv_z3_clean--lib-Buckets-PackedStringArray.i.dfy.CheckWellformed__PackedStringArray.__default.psaSeq.txt
building z3
done building z3 3.1
running mariposa
res: 1 
 out: [[[    2     2     2     2     2     2     2     2     2     2     2
       2     2     2     2     2     2     2     2     2     2     2
       2     2     2     2     2     2     2     2     2     2     2
       2     2     2     2     2     2     2     2     2     2     2
       2     2     2     2     2     2     2     2     2     2     2
       2     2     2     2     2     2]
  [  182   241   243   243   246   246   244   243   242   240   239
     237   235   233   236   236   233   233   231   235   234   232
     232   231   235   234   233   233   234   237   231   236   232
     233   235   234   234   233   233   234   233   231   232   231
     235   231   234   231   231   236   233   235   233   236   233
     232   233   231   233   231   230]]

 [[    2     2     2     2     2     2     2     2     2     2     3
       2     3     2     2     2     3     2     3     3     3     3
       2     3     2     3     2     3     2     3     3     3     2
       2     2     3     2     2     3     2     2     3     2     2
       2     2     2     2     3     3     2     3     2     2     2
       2     2     3     3     3     3]
  [  182   290   287   256   262   262   256   264   263   277 60052
     298 60034   288   296   297 60048   277 60033 60021 60042 60049
     301 60041   292 60033   301 60055   274 60044 60019 60041   249
     267   258 60045   288   271 60035   302   300 60053   287   293
     285   297   294   295 60033 60020   274 60032   249   246   252
     246   248 60036 60040 60018 60038]]

 [[    2     2     2     2     2     2     2     2     2     2     2
       2     2     2     2     2     2     2     3     3     3     3
       2     2     2     2     2     2     3     3     2     3     2
       2     2     3     2     3     3     3     2     3     3     2
       2     2     2     2     2     2     3     2     2     2     2
       2     3     3     3     3     3]
  [  182   236   237   238   239   238   238   239   240   239   297
     297   302   315   318   317   318   320 60039 60031 60032 60031
     277   281   275   287   298   305 60032 60031   305 60031   333
     343   360 60045   293 60034 60041 60037   299 60029 60018   321
     307   302   301   303   308   335 60038   331   327   324   325
     330 60045 60047 60040 60036 60032]]]
unstable
 
 err: 
done running mariposa 373.7
Bisecting: 4 revisions left to test after this (roughly 2 steps)
[1827f98851e1866187abe743afd2d80bc786412f] more fixes for mutexes in shell
running python3 /home/yizhou7/mariposa/scripts/z3-bisect.py /home/yizhou7/mariposa/data/bisect_tasks/d_lvbkv_z3_clean--lib-Buckets-PackedStringArray.i.dfy.CheckWellformed__PackedStringArray.__default.psaSeq.txt
building z3
done building z3 3.1
running mariposa
res: 0 
 out: [[[  2   2   2   2   2   2   2   2   2   2   2   2   2   2   2   2   2
     2   2   2   2   2   2   2   2   2   2   2   2   2   2   2   2   2
     2   2   2   2   2   2   2   2   2   2   2   2   2   2   2   2   2
     2   2   2   2   2   2   2   2   2   2]
  [183 216 215 215 216 215 216 215 214 214 215 216 214 214 215 214 215
   215 214 214 215 216 214 215 214 215 213 216 215 217 214 214 214 214
   216 217 218 214 217 213 215 215 215 214 214 217 214 215 215 214 215
   217 216 214 216 215 209 208 210 208 206]]

 [[  2   2   2   2   2   2   2   2   2   2   2   2   2   2   2   2   2
     2   2   2   2   2   2   2   2   2   2   2   2   2   2   2   2   2
     2   2   2   2   2   2   2   2   2   2   2   2   2   2   2   2   2
     2   2   2   2   2   2   2   2   2   2]
  [183 220 221 248 221 221 221 222 219 222 219 219 219 220 224 219 219
   220 222 221 223 220 220 218 219 222 220 222 219 218 219 221 223 220
   220 221 220 218 218 219 218 220 220 218 221 220 222 223 219 221 219
   219 220 219 220 218 221 223 220 219 220]]

 [[  2   2   2   2   2   2   2   2   2   2   2   2   2   2   2   2   2
     2   2   2   2   2   2   2   2   2   2   2   2   2   2   2   2   2
     2   2   2   2   2   2   2   2   2   2   2   2   2   2   2   2   2
     2   2   2   2   2   2   2   2   2   2]
  [183 244 249 242 242 238 237 242 237 239 241 238 240 245 240 238 240
   241 241 241 239 240 242 240 237 242 239 240 240 240 239 239 239 238
   234 241 237 243 241 238 246 238 241 240 240 238 238 241 237 238 237
   238 244 238 243 240 242 242 242 239 237]]]
stable
 
 err: 
done running mariposa 11.5
Bisecting: 1 revision left to test after this (roughly 1 step)
[5177cc4a9a58df192c6a844ca13abf7e7cd3be15] change lt
running python3 /home/yizhou7/mariposa/scripts/z3-bisect.py /home/yizhou7/mariposa/data/bisect_tasks/d_lvbkv_z3_clean--lib-Buckets-PackedStringArray.i.dfy.CheckWellformed__PackedStringArray.__default.psaSeq.txt
building z3
done building z3 3.1
running mariposa
res: 1 
 out: [[[    2     2     2     2     2     2     2     2     2     2     2
       2     2     2     2     2     2     2     2     2     2     2
       2     2     2     2     2     2     2     2     2     2     2
       2     2     2     2     2     2     2     2     2     2     2
       2     2     2     2     2     2     2     2     2     2     2
       2     2     2     2     2     2]
  [  181   244   244   242   245   243   244   245   239   239   240
     234   235   232   231   232   234   232   233   232   232   231
     232   232   233   235   231   232   234   232   232   231   234
     233   231   232   231   231   233   231   234   231   231   234
     232   234   232   235   235   235   232   232   234   234   232
     235   231   232   233   229   230]]

 [[    2     2     2     2     2     2     2     2     2     2     3
       2     3     2     2     2     3     2     3     3     3     3
       2     3     2     3     2     3     2     3     3     3     2
       2     2     3     2     2     3     2     2     3     2     2
       2     2     2     2     3     3     2     3     2     2     2
       2     2     3     3     3     3]
  [  181   288   288   254   261   264   256   262   259   269 60053
     299 60035   288   296   293 60048   281 60032 60021 60044 60052
     297 60041   290 60032   298 60055   275 60045 60020 60042   251
     265   260 60046   289   269 60040   290   297 60051   289   314
     296   297   296   291 60034 60020   277 60033   249   253   246
     245   246 60038 60039 60019 60039]]

 [[    2     2     2     2     2     2     2     2     2     2     2
       2     2     2     2     2     2     2     3     3     3     3
       2     2     2     2     2     2     3     3     2     3     2
       2     2     3     2     3     3     3     2     3     3     2
       2     2     2     2     2     2     3     2     2     2     2
       2     3     3     3     3     3]
  [  181   237   235   235   234   237   238   240   236   238   291
     292   295   314   316   316   312   316 60039 60033 60036 60034
     275   277   273   286   298   302 60033 60033   308 60032   330
     338   359 60046   293 60034 60040 60037   301 60019 60029   319
     307   301   305   301   308   327 60039   331   327   325   322
     332 60044 60048 60043 60035 60033]]]
unstable
 
 err: 
done running mariposa 373.7
Bisecting: 0 revisions left to test after this (roughly 1 step)
[7c9d2e0d75757ed6aa535f72c7dec70d5a527fed] pydoc test
running python3 /home/yizhou7/mariposa/scripts/z3-bisect.py /home/yizhou7/mariposa/data/bisect_tasks/d_lvbkv_z3_clean--lib-Buckets-PackedStringArray.i.dfy.CheckWellformed__PackedStringArray.__default.psaSeq.txt
building z3
done building z3 3.1
running mariposa
res: 0 
 out: [[[  2   2   2   2   2   2   2   2   2   2   2   2   2   2   2   2   2
     2   2   2   2   2   2   2   2   2   2   2   2   2   2   2   2   2
     2   2   2   2   2   2   2   2   2   2   2   2   2   2   2   2   2
     2   2   2   2   2   2   2   2   2   2]
  [181 214 214 213 214 214 215 214 212 213 214 215 214 214 214 221 211
   215 215 215 215 216 214 214 214 214 216 213 215 215 213 214 215 218
   215 215 213 214 214 213 215 215 214 215 212 211 213 213 215 215 215
   212 213 214 214 218 209 207 206 206 203]]

 [[  2   2   2   2   2   2   2   2   2   2   2   2   2   2   2   2   2
     2   2   2   2   2   2   2   2   2   2   2   2   2   2   2   2   2
     2   2   2   2   2   2   2   2   2   2   2   2   2   2   2   2   2
     2   2   2   2   2   2   2   2   2   2]
  [181 217 221 218 217 218 220 219 216 217 220 219 218 220 221 219 217
   220 220 222 220 222 219 218 216 221 223 218 216 218 219 221 221 219
   219 219 221 217 217 218 219 218 218 217 218 217 221 220 219 218 217
   220 217 221 218 218 220 221 220 217 216]]

 [[  2   2   2   2   2   2   2   2   2   2   2   2   2   2   2   2   2
     2   2   2   2   2   2   2   2   2   2   2   2   2   2   2   2   2
     2   2   2   2   2   2   2   2   2   2   2   2   2   2   2   2   2
     2   2   2   2   2   2   2   2   2   2]
  [181 234 240 240 241 242 238 238 237 238 240 239 239 240 239 235 236
   238 239 238 239 238 239 238 241 237 238 237 237 238 240 237 241 237
   238 234 236 238 244 240 237 239 238 237 237 237 240 236 240 233 237
   237 243 239 239 242 241 245 242 235 237]]]
stable
 
 err: 
done running mariposa 11.5
5177cc4a9a58df192c6a844ca13abf7e7cd3be15 is the first bad commit
commit 5177cc4a9a58df192c6a844ca13abf7e7cd3be15
Author: Nikolaj Bjorner <nbjorner@microsoft.com>
Date:   Fri Jun 21 09:08:20 2019 +0200

    change lt
    
    Signed-off-by: Nikolaj Bjorner <nbjorner@microsoft.com>

 src/ast/ast_lt.h                   | 4 ++++
 src/ast/rewriter/bool_rewriter.cpp | 6 ++++--
 2 files changed, 8 insertions(+), 2 deletions(-)
bisect run success
git bisect start
# good: [e79542cc689d52ec4cb34ce4ae3fbe56e7a0bf70] fix #2309
git bisect good e79542cc689d52ec4cb34ce4ae3fbe56e7a0bf70
# bad: [ad55a1f1c617a7f0c3dd735c0780fc758424c7f1] Update release.yml for Azure Pipelines
git bisect bad ad55a1f1c617a7f0c3dd735c0780fc758424c7f1
# skip: [e2702f3ae88f5c48a55f4473bb5c29184c182634] fixes in assigning constraints to intervals
git bisect skip e2702f3ae88f5c48a55f4473bb5c29184c182634
# skip: [1915812f84cf41a5f232eedf2a695a54d055aa88] add a test for intervals
git bisect skip 1915812f84cf41a5f232eedf2a695a54d055aa88
# bad: [8faf35e2e0c8fce99794e71bd3b5de74b95ceb5a] fix #3735
git bisect bad 8faf35e2e0c8fce99794e71bd3b5de74b95ceb5a
# skip: [d1a5635b4ad7f8632356b380f3a9b1fc83fdb04f] better model based lemmaas
git bisect skip d1a5635b4ad7f8632356b380f3a9b1fc83fdb04f
# skip: [0a86bd14f792ef5fadb8eeb346729a612f7e1588] start on test nla
git bisect skip 0a86bd14f792ef5fadb8eeb346729a612f7e1588
# bad: [f7747d9e76bd685a02ce5c5fbda91fc356856b5e] fix parameter collection for tactic-based solvers reported in #3065
git bisect bad f7747d9e76bd685a02ce5c5fbda91fc356856b5e
# skip: [0644194fc96a853df44c37f9e4522796aa40add8] work on lemma from product to factors, and some renaming
git bisect skip 0644194fc96a853df44c37f9e4522796aa40add8
# bad: [0321312c8db1d3f0edbd23e6e48884fbb7d77d1d] Changed to get_const_interp to match Java and C# bindings
git bisect bad 0321312c8db1d3f0edbd23e6e48884fbb7d77d1d
# bad: [6e637348826f0725ba8a01c455448023ca2889e4] Merge pull request #2368 from waywardmonkeys/fix-typo
git bisect bad 6e637348826f0725ba8a01c455448023ca2889e4
# good: [9b4f327e29de8eadd112e53af5a8fb9f430fabf7] set upload mode to replace
git bisect good 9b4f327e29de8eadd112e53af5a8fb9f430fabf7
# good: [42ac3a536369a7d4a7eafa1fa15b571b146ba594] merge with csp
git bisect good 42ac3a536369a7d4a7eafa1fa15b571b146ba594
# bad: [b4290d4b3d7c021965e9ce7ee636caac0f9cac74] python regression
git bisect bad b4290d4b3d7c021965e9ce7ee636caac0f9cac74
# good: [0f7ff2a3d016ce6cc0dcc2654a6aa0187bc55192] swap
git bisect good 0f7ff2a3d016ce6cc0dcc2654a6aa0187bc55192
# bad: [89e8a1392c992a6c37b8c5320b9e4b9b506bd4a1] na
git bisect bad 89e8a1392c992a6c37b8c5320b9e4b9b506bd4a1
# good: [1827f98851e1866187abe743afd2d80bc786412f] more fixes for mutexes in shell
git bisect good 1827f98851e1866187abe743afd2d80bc786412f
# bad: [5177cc4a9a58df192c6a844ca13abf7e7cd3be15] change lt
git bisect bad 5177cc4a9a58df192c6a844ca13abf7e7cd3be15
# good: [7c9d2e0d75757ed6aa535f72c7dec70d5a527fed] pydoc test
git bisect good 7c9d2e0d75757ed6aa535f72c7dec70d5a527fed
# first bad commit: [5177cc4a9a58df192c6a844ca13abf7e7cd3be15] change lt
