running python3 /home/yizhou7/mariposa/scripts/z3-bisect.py /home/yizhou7/mariposa/data/bisect_tasks/d_lvbkv_z3_clean--PivotBetree-PivotBetree.i.dfy.Impl__PivotBetree.__default.BetreeStepRefines.txt
building z3
Bisecting: 1453 revisions left to test after this (roughly 11 steps)
[1915812f84cf41a5f232eedf2a695a54d055aa88] add a test for intervals
running python3 /home/yizhou7/mariposa/scripts/z3-bisect.py /home/yizhou7/mariposa/data/bisect_tasks/d_lvbkv_z3_clean--PivotBetree-PivotBetree.i.dfy.Impl__PivotBetree.__default.BetreeStepRefines.txt
building z3
Bisecting: 1453 revisions left to test after this (roughly 11 steps)
[8faf35e2e0c8fce99794e71bd3b5de74b95ceb5a] fix #3735
running python3 /home/yizhou7/mariposa/scripts/z3-bisect.py /home/yizhou7/mariposa/data/bisect_tasks/d_lvbkv_z3_clean--PivotBetree-PivotBetree.i.dfy.Impl__PivotBetree.__default.BetreeStepRefines.txt
building z3
done building z3 3.2
running mariposa
res: 1 
 out: [[[    2     2     2     2     2     2     2     2     2     2     2
       2     2     2     2     2     2     2     2     2     2     2
       2     2     2     2     3     3     3     2     3     2     2
       2     2     2     2     2     2     3     2     2     2     2
       2     2     2     2     2     3     2     2     2     2     2
       2     2     2     2     2     2]
  [21665 11690 11197 11736 19815 20567 10659 11174 11637 11355 34949
   11514 48655 48065 55991 11197 48345 11662 42524 11686 43061 47477
   48680 11173 48940 36125 60020 60022 60020 10921 60022 12063 10981
   11502 11029 42165 19844 11433 11209 60021 10823 36664 47853 10657
   11542 10967 11342 10918 11081 60022 11705 11220 34670 11069 11267
   20429  9980 46517 18744 41527 29807]]

 [[    2     2     2     2     2     2     2     2     2     2     2
       2     2     2     2     2     3     2     2     2     2     2
       2     2     2     2     2     3     2     2     2     2     3
       2     2     3     3     2     2     2     2     2     2     2
       2     2     3     2     2     2     2     2     2     2     2
       3     2     2     2     3     3]
  [21665  2720  4614 39974  4389  5036 28112  3565  3593  3909  4614
   16211  6195  3750  2734 10005 60063 14362  6606  6129  7650  6852
   31449  5339  6625  4004 27420 60022  5882  7762  5867  3755 60052
    3943  4006 60019 60021  4220  2821 29815  5413  4501 38348 29190
    2753  3198 60019  4633  7801  6586  4062  7911 19747 24711  3648
   60022  4290  8101 26890 60018 60019]]

 [[    2     2     3     3     3     3     3     3     3     2     2
       2     2     3     3     3     2     3     2     2     3     3
       3     3     3     3     2     3     3     3     2     2     3
       2     3     3     3     3     2     2     2     3     2     2
       2     2     3     2     3     3     3     2     3     2     3
       3     3     3     3     3     3]
  [21665  3347 60019 60022 60021 60022 60022 60053 60020  4076  7674
    4564 28139 60019 60019 60058 33662 60019  5279  4378 60020 60018
   60022 60020 60020 60060  5640 60019 60020 60018  8220 38538 60024
    5329 60020 60022 60018 60019  5063  5281  6684 60023  5345  5814
   20999  5364 60062  4297 60022 60024 60021  5366 60020  6174 60034
   60017 60023 60021 60020 60022 60019]]]
unstable
 
 err: 
done running mariposa 789.0
Bisecting: 1254 revisions left to test after this (roughly 10 steps)
[d1a5635b4ad7f8632356b380f3a9b1fc83fdb04f] better model based lemmaas
running python3 /home/yizhou7/mariposa/scripts/z3-bisect.py /home/yizhou7/mariposa/data/bisect_tasks/d_lvbkv_z3_clean--PivotBetree-PivotBetree.i.dfy.Impl__PivotBetree.__default.BetreeStepRefines.txt
building z3
Bisecting: 1254 revisions left to test after this (roughly 10 steps)
[0a86bd14f792ef5fadb8eeb346729a612f7e1588] start on test nla
running python3 /home/yizhou7/mariposa/scripts/z3-bisect.py /home/yizhou7/mariposa/data/bisect_tasks/d_lvbkv_z3_clean--PivotBetree-PivotBetree.i.dfy.Impl__PivotBetree.__default.BetreeStepRefines.txt
building z3
Bisecting: 1254 revisions left to test after this (roughly 10 steps)
[f7747d9e76bd685a02ce5c5fbda91fc356856b5e] fix parameter collection for tactic-based solvers reported in #3065
running python3 /home/yizhou7/mariposa/scripts/z3-bisect.py /home/yizhou7/mariposa/data/bisect_tasks/d_lvbkv_z3_clean--PivotBetree-PivotBetree.i.dfy.Impl__PivotBetree.__default.BetreeStepRefines.txt
building z3
done building z3 3.2
running mariposa
res: 1 
 out: [[[    2     2     2     2     2     2     3     3     3     2     3
       3     2     2     2     2     3     2     2     2     2     2
       2     3     2     2     2     2     2     2     3     3     3
       2     2     3     2     2     2     3     2     3     3     2
       3     3     2     3     3     2     2     3     3     3     3
       2     2     3     3     2     2]
  [40704 12753 22914 26888 12091 20546 60021 60022 60022 39655 60023
   60023 12801 11735 56750 37444 60020 11578 37532 36780 56137 12360
   11863 60020 54875 11980 54208 40463 37431 12003 60021 60023 60022
   26808 22611 60023 12742 11809 55055 60022 12652 60022 60021 40182
   60021 60020 41069 60021 60021 21525 37863 60023 60021 60023 60022
   20303 11611 60021 60021 59596 44699]]

 [[    2     2     2     2     2     2     2     2     2     2     2
       2     2     2     3     2     2     2     2     2     3     2
       2     2     2     2     3     2     2     2     2     2     2
       2     3     2     2     2     3     2     2     2     2     2
       2     3     2     3     2     2     2     3     2     2     2
       2     2     2     2     3     3]
  [40704  3131  4687  3797  4424 43132  3469  4455  4059 16705  6872
    5808 10201 40382 60045  4214  2728  6501  6622 36910 60023 24610
   32187  6429  4264  5251 60051  4103 59266  8488  5933  4836  5114
    2371 60018 14395 31857  4171 60018  5026  4988  8594  3296  2960
    3817 60020  9480 60054  6590 19657  5007 60022 46473 22318  7394
    3299  4277 10633 50506 60020 60053]]

 [[    2     2     3     3     3     3     3     3     3     2     2
       2     2     2     3     3     3     2     3     3     2     3
       3     3     3     2     3     3     3     3     2     3     3
       3     3     3     3     2     2     2     2     3     2     3
       2     2     3     2     3     2     3     2     2     3     3
       3     3     3     3     3     3]
  [40704  3640 60019 60019 60017 60020 60018 60038 60021  5385  5901
    9099  6349 27279 60017 60017 60044  4614 60021 60017  7494 60016
   60020 60021 60020  5194 60045 60019 60019 60018 25342 60020 60019
   60020 60041 60017 60041  6228  6808  5711  5188 60024  6023 60043
   32022  6291 60023 29709 60049  4192 60022  4766  8239 60018 60020
   60019 60023 60051 60021 60019 60018]]]
unstable
 
 err: 
done running mariposa 969.8
Bisecting: 1034 revisions left to test after this (roughly 10 steps)
[0644194fc96a853df44c37f9e4522796aa40add8] work on lemma from product to factors, and some renaming
running python3 /home/yizhou7/mariposa/scripts/z3-bisect.py /home/yizhou7/mariposa/data/bisect_tasks/d_lvbkv_z3_clean--PivotBetree-PivotBetree.i.dfy.Impl__PivotBetree.__default.BetreeStepRefines.txt
building z3
Bisecting: 1034 revisions left to test after this (roughly 10 steps)
[0321312c8db1d3f0edbd23e6e48884fbb7d77d1d] Changed to get_const_interp to match Java and C# bindings
running python3 /home/yizhou7/mariposa/scripts/z3-bisect.py /home/yizhou7/mariposa/data/bisect_tasks/d_lvbkv_z3_clean--PivotBetree-PivotBetree.i.dfy.Impl__PivotBetree.__default.BetreeStepRefines.txt
building z3
done building z3 3.1
running mariposa
res: 1 
 out: [[[    2     2     2     2     2     2     2     2     2     2     2
       2     2     2     2     2     2     2     2     2     2     2
       2     2     2     2     2     2     2     2     2     2     2
       2     2     2     2     2     2     2     2     2     2     2
       2     2     2     2     2     2     2     2     2     2     2
       2     2     2     2     2     2]
  [ 1681  2696  2696  2820  2780  2710  2800  2746  2681  2799  2677
    2755  2763  2803  2720  2758  2687  2792  2746  2721  2675  2720
    2690  2744  2715  2693  2599  2593  2669  2619  2645  2660  2489
    2517  2431  2472  2472  2532  2332  2345  2412  2374  2385  2508
    2352  2369  2402  2359  2442  2425  2421  2480  2427  2480  2462
    2460  2357  2342  2423  1938  1802]]

 [[    2     2     2     2     3     2     2     2     2     2     3
       2     3     2     3     2     3     2     2     2     3     2
       2     3     2     2     2     2     2     3     3     3     2
       2     3     2     2     2     2     2     2     3     2     3
       3     2     2     3     2     3     3     3     2     3     2
       2     2     3     3     3     3]
  [ 1681  4192  3546  4194 60022  4192  3761  2641 21297  5880 60023
    4526 60021  6733 60020 20292 60054  4307  3071 50074 60020  5156
    4700 60022  4349 54017 26208  5453  6207 60020 60019 60047  3275
    3261 60020  4416 17677  5259  3675  3739  3144 60025 11770 60020
   60018  5747 21063 60021 51628 60023 60020 60021  4076 60021  4146
    3134  9408 60021 60050 60021 60020]]

 [[    2     3     3     3     3     3     3     3     2     2     2
       2     2     2     3     3     3     3     3     3     3     2
       2     2     3     3     3     3     3     2     3     3     2
       2     2     3     3     3     3     3     3     3     3     3
       3     3     3     3     3     3     3     3     3     2     3
       3     3     3     3     3     3]
  [ 1681 60018 60017 60016 60017 60016 60016 60015  3485  4038  4268
    4466  8095  7924 60048 60017 60042 60017 60038 60016 60018  5672
    4700 28135 60021 60022 60019 60022 60020  8000 60021 60021  3152
    6677  8270 60053 60021 60021 60020 60045 60022 60023 60022 60023
   60021 60020 60051 60022 60019 60023 60024 60020 60019  5094 60023
   60046 60042 60023 60023 60020 60045]]]
unstable
 
 err: 
done running mariposa 700.7
Bisecting: 261 revisions left to test after this (roughly 8 steps)
[6e637348826f0725ba8a01c455448023ca2889e4] Merge pull request #2368 from waywardmonkeys/fix-typo
running python3 /home/yizhou7/mariposa/scripts/z3-bisect.py /home/yizhou7/mariposa/data/bisect_tasks/d_lvbkv_z3_clean--PivotBetree-PivotBetree.i.dfy.Impl__PivotBetree.__default.BetreeStepRefines.txt
building z3
done building z3 3.1
running mariposa
res: 1 
 out: [[[    2     2     2     2     2     2     2     2     2     2     2
       2     2     2     2     2     2     2     2     2     2     2
       2     2     2     2     2     2     2     2     2     2     2
       2     2     2     2     2     2     2     2     2     2     2
       2     2     2     2     2     2     2     2     2     2     2
       2     2     2     2     2     2]
  [22420 29495 37167 43010 37984 36414 41862 41528 35783 42148 41376
   39338 38596 27810 38580 35516 35486 35398 36002 38456 36945 36048
   39573 41681 38116 41364 38970 27854 36154 35048 40042 38224 38836
   33174 38222 38548 35860 37947 37459 35863 41124 39263 37754 38474
   44615 41175 39260 38538 35016 41022 41505 34879 41794 40195 37165
   35622 37957 39483 36921 39287 31265]]

 [[    2     2     2     2     2     2     2     2     2     2     2
       2     2     2     2     3     3     3     3     2     2     3
       2     3     2     2     3     2     3     3     2     2     2
       3     2     3     3     2     3     2     2     2     3     2
       2     3     2     3     2     3     2     2     2     2     2
       3     2     2     2     3     3]
  [22420  4517  6114  6245  9346  5009  5384  3786 28075  3374  5159
    3987  4268 54768 23282 60022 60054 60019 60022  8043 33864 60021
    7468 60021  3997  3611 60020 17366 60022 60050  3791  9407  6362
   60018 19657 60021 60021  5032 60018  3495 33092  5271 60021  9186
    4845 60019  4133 60020 39292 60019  7934 26298 30336  4119  6072
   60021  3896  6243 42016 60049 60018]]

 [[    2     2     2     2     3     3     3     3     3     2     2
       2     3     3     3     3     3     3     3     2     3     2
       3     3     3     3     3     3     3     2     2     2     2
       3     3     3     3     2     3     3     2     3     3     2
       3     3     3     3     3     3     2     3     2     3     2
       3     3     3     3     3     3]
  [22420  4704  7625 44475 60020 60015 60017 60014 60018  3232  4251
    4578 60021 60023 60021 60050 60020 60021 60021  5538 60020  3496
   60025 60025 60020 60050 60017 60019 60018 13589  4662  3533  5160
   60022 60024 60023 60026  6132 60021 60019  5066 60022 60016  9608
   60052 60020 60017 60020 60021 60022 32049 60022  4732 60023  6183
   60024 60022 60051 60047 60022 60022]]]
unstable
 
 err: 
done running mariposa 1003.5
Bisecting: 130 revisions left to test after this (roughly 7 steps)
[9b4f327e29de8eadd112e53af5a8fb9f430fabf7] set upload mode to replace
running python3 /home/yizhou7/mariposa/scripts/z3-bisect.py /home/yizhou7/mariposa/data/bisect_tasks/d_lvbkv_z3_clean--PivotBetree-PivotBetree.i.dfy.Impl__PivotBetree.__default.BetreeStepRefines.txt
building z3
done building z3 3.1
running mariposa
res: 0 
 out: [[[   2    2    2    2    2    2    2    2    2    2    2    2    2    2
      2    2    2    2    2    2    2    2    2    2    2    2    2    2
      2    2    2    2    2    2    2    2    2    2    2    2    2    2
      2    2    2    2    2    2    2    2    2    2    2    2    2    2
      2    2    2    2    2]
  [1851 3492 3016 3543 2898 3493 3469 2909 2954 2976 2952 2880 2859 3492
   2931 2958 2931 3489 2910 3508 2848 2900 2946 2939 2898 3444 2911 2845
   2956 2924 2906 3530 2897 3451 2892 2898 2950 2921 3513 2929 3536 3495
   2905 2934 3504 2907 2876 2899 2901 2922 2937 2910 3482 2914 2965 2917
   2802 2820 2745 2429 2289]]

 [[   2    2    2    2    2    2    2    2    2    2    2    2    2    2
      2    2    2    2    2    2    2    2    2    2    2    2    2    2
      2    2    2    2    2    2    2    2    2    2    2    2    2    2
      2    2    2    2    2    2    2    2    2    2    2    2    2    2
      2    2    2    2    2]
  [1851 2814 3081 2776 3563 2816 2834 3001 2923 3343 2955 2729 2990 3013
   2721 2883 3012 2973 2944 2828 2986 2791 3477 3005 2855 3491 3537 3018
   3008 2428 2910 2809 2737 3033 2879 3372 3064 3041 3585 2776 2956 2771
   3021 2816 2853 3745 2992 2740 2963 2774 2881 3031 2859 3516 2866 2825
   2818 2913 3011 3533 3530]]

 [[   2    2    2    2    2    2    2    2    2    2    2    2    2    2
      2    2    2    2    2    2    2    2    2    2    2    2    2    2
      2    2    2    2    2    2    2    2    2    2    2    2    2    2
      2    2    2    2    2    2    2    2    2    2    2    2    2    2
      2    2    2    2    2]
  [1851 2207 2841 2962 3160 3362 3537 3673 2270 2969 2879 3861 2815 3473
   3622 2658 2923 2249 3200 2792 3248 3357 3069 2565 2941 3062 2902 3405
   3177 2905 2927 2949 3323 3373 2185 3813 2919 2153 3011 2952 3252 2736
   3000 3462 3983 2926 3079 3287 2240 3311 3577 2939 2890 3554 2886 2736
   2918 3297 2657 3688 3657]]]
stable
 
 err: 
done running mariposa 92.7
Bisecting: 65 revisions left to test after this (roughly 6 steps)
[42ac3a536369a7d4a7eafa1fa15b571b146ba594] merge with csp
running python3 /home/yizhou7/mariposa/scripts/z3-bisect.py /home/yizhou7/mariposa/data/bisect_tasks/d_lvbkv_z3_clean--PivotBetree-PivotBetree.i.dfy.Impl__PivotBetree.__default.BetreeStepRefines.txt
building z3
done building z3 3.2
running mariposa
res: 0 
 out: [[[   2    2    2    2    2    2    2    2    2    2    2    2    2    2
      2    2    2    2    2    2    2    2    2    2    2    2    2    2
      2    2    2    2    2    2    2    2    2    2    2    2    2    2
      2    2    2    2    2    2    2    2    2    2    2    2    2    2
      2    2    2    2    2]
  [1893 3497 2944 3542 2976 3501 3480 2947 2919 2929 2923 2878 2927 3516
   2930 2920 2924 3513 2887 3550 2871 2942 2915 2921 2912 3465 2949 2867
   2922 2923 2920 3508 2940 3470 2922 2908 2895 2919 3515 2937 3590 3523
   2902 2883 3526 2904 2856 2936 2922 2903 2906 2921 3453 2954 2932 2969
   2838 2830 2765 2474 2180]]

 [[   2    2    2    2    2    2    2    2    2    2    2    2    2    2
      2    2    2    2    2    2    2    2    2    2    2    2    2    2
      2    2    2    2    2    2    2    2    2    2    2    2    2    2
      2    2    2    2    2    2    2    2    2    2    2    2    2    2
      2    2    2    2    2]
  [1893 2854 3040 2737 3550 2838 2908 3026 2885 3363 2965 2723 3011 2730
   3022 2890 3029 2996 2932 2789 2788 3058 3488 3028 2816 3476 3499 3059
   3006 2437 2908 2855 2687 2998 2863 3047 3435 3035 3587 2745 2955 2811
   3020 2796 2887 3719 2939 2757 3004 2780 2866 3013 2880 3449 2916 2796
   2822 2925 3112 3495 3556]]

 [[   2    2    2    2    2    2    2    2    2    2    2    2    2    2
      2    2    2    2    2    2    2    2    2    2    2    2    2    2
      2    2    2    2    2    2    2    2    2    2    2    2    2    2
      2    2    2    2    2    2    2    2    2    2    2    2    2    2
      2    2    2    2    2]
  [1893 2204 2782 2967 3166 3388 3535 3682 2243 2950 2878 3852 2776 3511
   3690 2687 2864 3210 2234 2771 3244 3409 3112 2557 3052 2923 2907 3386
   3261 2933 2916 2978 3292 3376 3739 2212 2908 2159 3029 2968 3244 3002
   2775 3454 3905 2964 3055 3329 2240 3360 3587 2985 2895 3515 2900 2754
   2956 3298 2675 3695 3593]]]
stable
 
 err: 
done running mariposa 92.9
Bisecting: 32 revisions left to test after this (roughly 5 steps)
[b4290d4b3d7c021965e9ce7ee636caac0f9cac74] python regression
running python3 /home/yizhou7/mariposa/scripts/z3-bisect.py /home/yizhou7/mariposa/data/bisect_tasks/d_lvbkv_z3_clean--PivotBetree-PivotBetree.i.dfy.Impl__PivotBetree.__default.BetreeStepRefines.txt
building z3
done building z3 3.1
running mariposa
res: 1 
 out: [[[    2     2     2     2     2     2     2     2     2     2     2
       2     2     2     2     2     2     2     2     2     2     2
       2     2     2     2     2     2     2     2     2     2     2
       2     2     2     2     2     2     2     2     2     2     2
       2     2     2     2     2     2     2     2     2     2     2
       2     2     2     2     2     2]
  [17248 33673 32619 32070 30075 29862 29660 31671 29269 31733 31256
   30516 30525 29439 31316 28176 30096 32037 31374 28687 32256 30507
   30312 28632 30917 28594 28609 28237 29217 29719 31192 30112 30684
   28640 28473 30864 30117 31046 30598 31293 30614 31118 29839 29240
   28267 31191 29025 30464 31770 30974 30834 30850 29375 29071 31732
   30678 31650 28916 27295 26119 23107]]

 [[    2     2     2     2     3     3     3     3     3     3     2
       2     2     3     2     3     2     2     3     3     3     3
       2     2     3     3     3     3     2     3     3     3     3
       2     3     2     3     3     3     3     3     2     2     3
       2     3     3     3     3     3     2     3     3     2     3
       3     3     3     3     3     3]
  [17248  4784  4173  3616 60022 60021 60021 60046 60044 60021 29513
    4517  4674 60021  3133 60046  4740  5892 60022 60023 60022 60020
    5277  4775 60019 60023 60022 60019  4062 60019 60019 60019 60018
    4736 60023  5519 60022 60022 60022 60020 60019  4969  5620 60021
    3397 60021 60051 60019 60022 60023  4037 60049 60023  6540 60021
   60022 60021 60021 60020 60019 60021]]

 [[    2     2     2     2     3     3     3     3     3     2     2
       2     2     3     2     2     3     3     3     3     2     2
       3     3     2     3     3     3     3     3     2     3     2
       2     2     3     3     3     3     3     3     2     2     3
       3     2     2     3     3     3     3     3     3     2     3
       3     3     3     3     3     3]
  [17248  4736  6155 41808 60019 60018 60018 60015 60015  3165  3593
    3976 26070 60017  3956 44801 60020 60019 60018 60021  3755  6841
   60019 60021 31975 60022 60021 60020 60019 60019  7602 60020  5352
    3770  8860 60019 60020 60023 60022 60020 60020  6196  4173 60020
   60020  7000  3961 60020 60021 60021 60017 60020 60021  5381 60021
   60020 60022 60021 60019 60053 60022]]]
unstable
 
 err: 
done running mariposa 1035.0
Bisecting: 16 revisions left to test after this (roughly 4 steps)
[0f7ff2a3d016ce6cc0dcc2654a6aa0187bc55192] swap
running python3 /home/yizhou7/mariposa/scripts/z3-bisect.py /home/yizhou7/mariposa/data/bisect_tasks/d_lvbkv_z3_clean--PivotBetree-PivotBetree.i.dfy.Impl__PivotBetree.__default.BetreeStepRefines.txt
building z3
done building z3 3.1
running mariposa
res: 1 
 out: [[[    3     3     3     3     3     3     3     3     3     3     3
       3     3     3     3     3     3     3     3     3     3     3
       3     3     3     3     3     3     3     3     3     3     3
       3     3     3     3     3     3     3     3     3     3     3
       3     3     3     3     3     3     3     3     3     3     3
       3     3     3     3     3     3]
  [60021 60020 60020 60018 60017 60018 60016 60019 60020 60018 60017
   60019 60018 60017 60021 60021 60020 60019 60020 60018 60019 60019
   60019 60018 60019 60019 60017 60016 60019 60021 60018 60018 60020
   60017 60019 60021 60021 60018 60017 60021 60017 60017 60019 60019
   60019 60019 60019 60018 60016 60020 60019 60019 60018 60019 60017
   60016 60020 60021 60019 60020 60017]]

 [[    3     3     3     3     3     3     3     3     3     3     3
       3     3     3     3     3     3     3     3     3     3     3
       3     3     3     3     3     3     3     3     3     3     3
       3     3     3     3     3     3     3     3     3     3     3
       3     3     3     3     3     3     3     3     3     3     3
       3     3     3     3     3     3]
  [60021 60017 60018 60017 60020 60019 60019 60018 60018 60018 60019
   60020 60018 60019 60018 60019 60017 60016 60019 60021 60018 60019
   60017 60018 60016 60019 60019 60018 60019 60017 60016 60016 60020
   60020 60018 60018 60017 60018 60016 60019 60018 60021 60017 60017
   60016 60016 60020 60018 60020 60017 60018 60016 60016 60020 60020
   60018 60017 60016 60017 60017 60017]]

 [[    3     3     3     3     3     3     3     3     3     3     3
       3     3     3     3     3     3     3     3     3     3     3
       3     3     3     3     3     3     3     3     3     3     3
       3     3     3     3     3     3     3     3     3     3     3
       3     3     3     3     3     3     3     3     3     3     3
       3     3     3     3     3     3]
  [60021 60018 60020 60018 60018 60017 60020 60016 60019 60019 60020
   60021 60019 60017 60018 60022 60019 60020 60019 60015 60019 60017
   60021 60020 60018 60020 60018 60017 60016 60022 60019 60020 60018
   60017 60017 60017 60019 60019 60018 60019 60018 60017 60016 60020
   60020 60019 60020 60019 60018 60016 60019 60019 60018 60018 60018
   60018 60016 60020 60018 60019 60019]]]
unsolvable
 
 err: 
done running mariposa 1632.0
Bisecting: 7 revisions left to test after this (roughly 3 steps)
[d17248821ad047f889237ce20b6bdaa1465ceff9] include chronological backtracking, two-phase sat, xor inprocessing, probsat, ddfw
running python3 /home/yizhou7/mariposa/scripts/z3-bisect.py /home/yizhou7/mariposa/data/bisect_tasks/d_lvbkv_z3_clean--PivotBetree-PivotBetree.i.dfy.Impl__PivotBetree.__default.BetreeStepRefines.txt
building z3
done building z3 3.1
running mariposa
res: 0 
 out: [[[   2    2    2    2    2    2    2    2    2    2    2    2    2    2
      2    2    2    2    2    2    2    2    2    2    2    2    2    2
      2    2    2    2    2    2    2    2    2    2    2    2    2    2
      2    2    2    2    2    2    2    2    2    2    2    2    2    2
      2    2    2    2    2]
  [1888 3508 2930 3574 2922 3476 3471 2902 2922 2939 2896 2892 2922 3497
   2907 2921 3511 2889 2895 3530 2856 2904 2914 2962 2907 3455 2956 2850
   2927 3494 2952 2920 2878 3455 2899 2918 2932 2962 3470 2938 3585 3501
   2895 2901 3522 2924 2869 2921 2895 2915 2911 2936 3468 2909 2964 2908
   2825 2806 2746 2535 2257]]

 [[   2    2    2    2    2    2    2    2    2    2    2    2    2    2
      2    2    2    2    2    2    2    2    2    2    2    2    2    2
      2    2    2    2    2    2    2    2    2    2    2    2    2    2
      2    2    2    2    2    2    2    2    2    2    2    2    2    2
      2    2    2    2    2]
  [1888 2836 3063 2749 3575 2873 2819 3045 2853 3350 2967 2698 2993 2978
   2765 2845 3038 2969 2953 2779 2962 2790 3519 3026 2797 3475 3500 3003
   3013 2426 2929 2818 2690 2969 2905 3345 3067 3012 3581 2740 2943 2820
   3043 2791 3713 2854 2933 2748 3011 2803 3017 2834 2883 3445 2852 2825
   2816 2918 3055 3481 3519]]

 [[   2    2    2    2    2    2    2    2    2    2    2    2    2    2
      2    2    2    2    2    2    2    2    2    2    2    2    2    2
      2    2    2    2    2    2    2    2    2    2    2    2    2    2
      2    2    2    2    2    2    2    2    2    2    2    2    2    2
      2    2    2    2    2]
  [1888 2207 2797 2964 3143 3386 3548 3623 2222 2958 2843 3909 2771 3488
   3631 2656 2922 2263 2781 3245 3242 3354 3060 2537 2914 2948 3082 3387
   3219 2906 2883 2975 3326 3396 2204 3744 2883 2134 2968 2962 3278 3019
   2730 3522 3896 2903 3017 3343 2293 3303 3570 2941 3496 2833 2733 2904
   2962 3292 2645 3691 3583]]]
stable
 
 err: 
done running mariposa 92.7
Bisecting: 3 revisions left to test after this (roughly 2 steps)
[ec1653fdff146ff8d1b3b2281e875494f4fc3a96] Merge pull request #2345 from schedutron/master
running python3 /home/yizhou7/mariposa/scripts/z3-bisect.py /home/yizhou7/mariposa/data/bisect_tasks/d_lvbkv_z3_clean--PivotBetree-PivotBetree.i.dfy.Impl__PivotBetree.__default.BetreeStepRefines.txt
building z3
done building z3 3.0
running mariposa
res: 0 
 out: [[[   2    2    2    2    2    2    2    2    2    2    2    2    2    2
      2    2    2    2    2    2    2    2    2    2    2    2    2    2
      2    2    2    2    2    2    2    2    2    2    2    2    2    2
      2    2    2    2    2    2    2    2    2    2    2    2    2    2
      2    2    2    2    2]
  [1890 3522 3011 3555 2901 3467 3464 2932 2948 2978 2941 2901 2856 3488
   2896 2975 2938 3490 2946 3473 2840 2898 2954 2930 2920 3445 2891 2835
   2929 2919 2927 3509 2864 3527 2889 2886 2899 2941 3500 3528 2928 3583
   2881 2901 3499 2902 2865 2858 2907 2942 2905 2948 3471 2923 2916 2890
   2793 2824 2717 2464 2280]]

 [[   2    2    2    2    2    2    2    2    2    2    2    2    2    2
      2    2    2    2    2    2    2    2    2    2    2    2    2    2
      2    2    2    2    2    2    2    2    2    2    2    2    2    2
      2    2    2    2    2    2    2    2    2    2    2    2    2    2
      2    2    2    2    2]
  [1890 2861 3055 2725 3605 2826 2826 2919 3046 3368 2922 2706 3003 2996
   2725 2859 3061 2956 2946 2782 2982 2771 3474 3035 2860 3499 3509 2990
   3017 2412 2887 2842 2703 3039 2870 3346 3045 3054 3577 2752 2968 2818
   3007 2785 2849 3704 2956 2787 3004 2765 2848 2893 3033 3466 2917 2834
   2860 2899 3002 3480 3529]]

 [[   2    2    2    2    2    2    2    2    2    2    2    2    2    2
      2    2    2    2    2    2    2    2    2    2    2    2    2    2
      2    2    2    2    2    2    2    2    2    2    2    2    2    2
      2    2    2    2    2    2    2    2    2    2    2    2    2    2
      2    2    2    2    2]
  [1890 2228 2787 2964 3145 3403 3548 3632 2219 2994 2921 3857 2777 3493
   3611 2659 2859 2240 2760 3244 3290 3354 3086 3018 2612 2949 2915 3417
   3190 2919 2940 2925 3344 3395 2184 3785 2891 2155 2982 2972 3302 2741
   3045 3461 2929 3880 3040 2259 3319 3355 3581 2928 2861 3507 2748 2927
   2940 3309 2657 3665 3584]]]
stable
 
 err: 
done running mariposa 92.7
Bisecting: 1 revision left to test after this (roughly 1 step)
[f3b79087eef389011fa90eefcf64b987bed54a9d] add default tactic as option to overwrite the behavior of strategic solver factory
running python3 /home/yizhou7/mariposa/scripts/z3-bisect.py /home/yizhou7/mariposa/data/bisect_tasks/d_lvbkv_z3_clean--PivotBetree-PivotBetree.i.dfy.Impl__PivotBetree.__default.BetreeStepRefines.txt
building z3
done building z3 3.1
running mariposa
res: 1 
 out: [[[    3     3     3     3     3     3     3     3     3     3     3
       3     3     3     3     3     3     3     3     3     3     3
       3     3     3     3     3     3     3     3     3     3     3
       3     3     3     3     3     3     3     3     3     3     3
       3     3     3     3     3     3     3     3     3     3     3
       3     3     3     3     3     3]
  [60040 60031 60032 60031 60031 60032 60030 60033 60033 60030 60030
   60030 60030 60030 60031 60034 60031 60030 60030 60032 60030 60032
   60031 60032 60030 60030 60031 60029 60034 60033 60033 60029 60030
   60030 60031 60033 60032 60031 60030 60030 60030 60030 60033 60030
   60033 60029 60030 60031 60031 60034 60030 60032 60029 60030 60029
   60029 60032 60034 60032 60033 60031]]

 [[    3     3     3     3     3     3     3     3     3     3     3
       3     3     3     3     3     3     3     3     3     3     3
       3     3     3     3     3     3     3     3     3     3     3
       3     3     3     3     3     3     3     3     3     3     3
       3     3     3     3     3     3     3     3     3     3     3
       3     3     3     3     3     3]
  [60040 60029 60031 60030 60032 60030 60029 60029 60027 60028 60029
   60035 60031 60030 60028 60028 60025 60027 60033 60031 60030 60029
   60028 60030 60026 60029 60032 60030 60029 60029 60027 60028 60034
   60030 60032 60030 60028 60028 60027 60031 60032 60033 60029 60030
   60029 60030 60032 60032 60031 60029 60027 60030 60027 60034 60032
   60031 60028 60030 60029 60029 60031]]

 [[    3     3     3     3     3     3     3     3     3     3     3
       3     3     3     3     3     3     3     3     3     3     3
       3     3     3     3     3     3     3     3     3     3     3
       3     3     3     3     3     3     3     3     3     3     3
       3     3     3     3     3     3     3     3     3     3     3
       3     3     3     3     3     3]
  [60040 60029 60034 60033 60033 60034 60030 60030 60031 60030 60032
   60034 60032 60029 60031 60034 60030 60031 60029 60033 60034 60030
   60033 60033 60032 60029 60033 60031 60027 60032 60033 60031 60029
   60031 60030 60029 60031 60030 60031 60030 60032 60032 60029 60032
   60031 60030 60031 60033 60028 60030 60032 60032 60031 60030 60031
   60031 60028 60032 60031 60030 60028]]]
unsolvable
 
 err: 
done running mariposa 1632.3
Bisecting: 0 revisions left to test after this (roughly 0 steps)
[1e770af1cc04f85a8d7a990ba0c9c4e433b83fa8] local sort
running python3 /home/yizhou7/mariposa/scripts/z3-bisect.py /home/yizhou7/mariposa/data/bisect_tasks/d_lvbkv_z3_clean--PivotBetree-PivotBetree.i.dfy.Impl__PivotBetree.__default.BetreeStepRefines.txt
building z3
done building z3 3.1
running mariposa
res: 1 
 out: [[[    3     3     3     3     3     3     3     3     3     3     3
       3     3     3     3     3     3     3     3     3     3     3
       3     3     3     3     3     3     3     3     3     3     3
       3     3     3     3     3     3     3     3     3     3     3
       3     3     3     3     3     3     3     3     3     3     3
       3     3     3     3     3     3]
  [60043 60035 60033 60033 60030 60030 60030 60032 60031 60034 60030
   60030 60030 60030 60032 60032 60031 60031 60029 60031 60030 60034
   60032 60031 60030 60030 60030 60031 60033 60032 60031 60031 60031
   60029 60029 60034 60033 60031 60030 60032 60030 60029 60034 60032
   60032 60031 60030 60030 60031 60032 60035 60031 60029 60031 60032
   60030 60039 60035 60036 60030 60032]]

 [[    3     3     3     3     3     3     3     3     3     3     3
       3     3     3     3     3     3     3     3     3     3     3
       3     3     3     3     3     3     3     3     3     3     3
       3     3     3     3     3     3     3     3     3     3     3
       3     3     3     3     3     3     3     3     3     3     3
       3     3     3     3     3     3]
  [60043 60029 60028 60026 60037 60033 60031 60031 60029 60032 60028
   60034 60033 60030 60030 60031 60027 60028 60037 60034 60033 60029
   60029 60031 60028 60030 60032 60034 60036 60031 60029 60028 60035
   60033 60034 60031 60031 60027 60027 60035 60033 60032 60030 60033
   60028 60029 60038 60033 60032 60030 60027 60025 60028 60034 60035
   60033 60032 60029 60030 60029 60030]]

 [[    3     3     3     3     3     3     3     3     3     3     3
       3     3     3     3     3     3     3     3     3     3     3
       3     3     3     3     3     3     3     3     3     3     3
       3     3     3     3     3     3     3     3     3     3     3
       3     3     3     3     3     3     3     3     3     3     3
       3     3     3     3     3     3]
  [60043 60035 60037 60038 60035 60034 60035 60033 60033 60031 60033
   60036 60031 60030 60033 60036 60032 60032 60034 60035 60030 60031
   60034 60033 60031 60032 60031 60028 60032 60033 60034 60031 60030
   60032 60028 60028 60031 60034 60032 60031 60033 60031 60028 60034
   60032 60029 60030 60034 60028 60030 60033 60032 60031 60031 60029
   60029 60028 60038 60032 60031 60028]]]
unsolvable
 
 err: 
done running mariposa 1632.4
1e770af1cc04f85a8d7a990ba0c9c4e433b83fa8 is the first bad commit
commit 1e770af1cc04f85a8d7a990ba0c9c4e433b83fa8
Author: Nikolaj Bjorner <nbjorner@microsoft.com>
Date:   Fri Jun 14 09:29:41 2019 -0700

    local sort
    
    Signed-off-by: Nikolaj Bjorner <nbjorner@microsoft.com>

 src/ast/rewriter/bool_rewriter.cpp | 21 ++++++++++++++++++---
 1 file changed, 18 insertions(+), 3 deletions(-)
bisect run success
git bisect start
# good: [e79542cc689d52ec4cb34ce4ae3fbe56e7a0bf70] fix #2309
git bisect good e79542cc689d52ec4cb34ce4ae3fbe56e7a0bf70
# bad: [ad55a1f1c617a7f0c3dd735c0780fc758424c7f1] Update release.yml for Azure Pipelines
git bisect bad ad55a1f1c617a7f0c3dd735c0780fc758424c7f1
# skip: [e2702f3ae88f5c48a55f4473bb5c29184c182634] fixes in assigning constraints to intervals
git bisect skip e2702f3ae88f5c48a55f4473bb5c29184c182634
# skip: [1915812f84cf41a5f232eedf2a695a54d055aa88] add a test for intervals
git bisect skip 1915812f84cf41a5f232eedf2a695a54d055aa88
# bad: [8faf35e2e0c8fce99794e71bd3b5de74b95ceb5a] fix #3735
git bisect bad 8faf35e2e0c8fce99794e71bd3b5de74b95ceb5a
# skip: [d1a5635b4ad7f8632356b380f3a9b1fc83fdb04f] better model based lemmaas
git bisect skip d1a5635b4ad7f8632356b380f3a9b1fc83fdb04f
# skip: [0a86bd14f792ef5fadb8eeb346729a612f7e1588] start on test nla
git bisect skip 0a86bd14f792ef5fadb8eeb346729a612f7e1588
# bad: [f7747d9e76bd685a02ce5c5fbda91fc356856b5e] fix parameter collection for tactic-based solvers reported in #3065
git bisect bad f7747d9e76bd685a02ce5c5fbda91fc356856b5e
# skip: [0644194fc96a853df44c37f9e4522796aa40add8] work on lemma from product to factors, and some renaming
git bisect skip 0644194fc96a853df44c37f9e4522796aa40add8
# bad: [0321312c8db1d3f0edbd23e6e48884fbb7d77d1d] Changed to get_const_interp to match Java and C# bindings
git bisect bad 0321312c8db1d3f0edbd23e6e48884fbb7d77d1d
# bad: [6e637348826f0725ba8a01c455448023ca2889e4] Merge pull request #2368 from waywardmonkeys/fix-typo
git bisect bad 6e637348826f0725ba8a01c455448023ca2889e4
# good: [9b4f327e29de8eadd112e53af5a8fb9f430fabf7] set upload mode to replace
git bisect good 9b4f327e29de8eadd112e53af5a8fb9f430fabf7
# good: [42ac3a536369a7d4a7eafa1fa15b571b146ba594] merge with csp
git bisect good 42ac3a536369a7d4a7eafa1fa15b571b146ba594
# bad: [b4290d4b3d7c021965e9ce7ee636caac0f9cac74] python regression
git bisect bad b4290d4b3d7c021965e9ce7ee636caac0f9cac74
# bad: [0f7ff2a3d016ce6cc0dcc2654a6aa0187bc55192] swap
git bisect bad 0f7ff2a3d016ce6cc0dcc2654a6aa0187bc55192
# good: [d17248821ad047f889237ce20b6bdaa1465ceff9] include chronological backtracking, two-phase sat, xor inprocessing, probsat, ddfw
git bisect good d17248821ad047f889237ce20b6bdaa1465ceff9
# good: [ec1653fdff146ff8d1b3b2281e875494f4fc3a96] Merge pull request #2345 from schedutron/master
git bisect good ec1653fdff146ff8d1b3b2281e875494f4fc3a96
# bad: [f3b79087eef389011fa90eefcf64b987bed54a9d] add default tactic as option to overwrite the behavior of strategic solver factory
git bisect bad f3b79087eef389011fa90eefcf64b987bed54a9d
# bad: [1e770af1cc04f85a8d7a990ba0c9c4e433b83fa8] local sort
git bisect bad 1e770af1cc04f85a8d7a990ba0c9c4e433b83fa8
# first bad commit: [1e770af1cc04f85a8d7a990ba0c9c4e433b83fa8] local sort
