running python3 /home/yizhou7/mariposa/scripts/z3-bisect.py /home/yizhou7/mariposa/data/bisect_tasks/d_lvbkv_z3_clean--BlockCacheSystem-BlockSystem.i.dfy.Impl__BlockSystem.__default.DirtyStepUpdatesGraph.txt
building z3
Bisecting: 1453 revisions left to test after this (roughly 11 steps)
[1915812f84cf41a5f232eedf2a695a54d055aa88] add a test for intervals
running python3 /home/yizhou7/mariposa/scripts/z3-bisect.py /home/yizhou7/mariposa/data/bisect_tasks/d_lvbkv_z3_clean--BlockCacheSystem-BlockSystem.i.dfy.Impl__BlockSystem.__default.DirtyStepUpdatesGraph.txt
building z3
Bisecting: 1453 revisions left to test after this (roughly 11 steps)
[8faf35e2e0c8fce99794e71bd3b5de74b95ceb5a] fix #3735
running python3 /home/yizhou7/mariposa/scripts/z3-bisect.py /home/yizhou7/mariposa/data/bisect_tasks/d_lvbkv_z3_clean--BlockCacheSystem-BlockSystem.i.dfy.Impl__BlockSystem.__default.DirtyStepUpdatesGraph.txt
building z3
done building z3 3.2
running mariposa
res: 0 
 out: [[[    2     2     2     2     2     2     2     2     2     2     2
       2     2     2     2     2     2     2     2     2     2     2
       2     2     2     2     2     2     2     2     2     2     2
       2     2     2     2     2     2     2     2     2     2     2
       2     2     2     2     2     2     2     2     2     2     2
       2     2     2     2     2     2]
  [16293 27720 35587 29073 22602 29158 22210 26474 22178 26082 36069
   26446 24667 29558 25494 25815 26999 26387 25426 30256 31389 28715
   25847 30042 28960 35710 35438 35211 35943 25597 30553 29322 29236
   28146 26538 29186 22190 35951 22610 36376 35462 35297 30551 26086
   28817 35580 29972 29154 25913 29668 25459 27823 28560 22725 26041
   25748 25433 35611 19082 23248 25431]]

 [[    2     2     2     2     2     2     2     2     2     2     2
       2     2     2     2     2     2     2     2     2     2     2
       2     2     2     2     2     2     2     2     2     2     2
       2     2     2     2     2     2     2     2     2     2     2
       2     2     2     2     2     2     2     2     2     2     2
       2     2     2     2     2     2]
  [16293 18425 16926 14692 17810 25432 19285 35326 15011 29693  9387
   19003 30786  9764 25852 27860 31683 23703 12885 16968  8804 16426
   49309 32584 25101 13198 26043 27053 16184 19667 16660 20209 14954
   18417 20091 13796 22489 18261 10749 25303 32350 18379 36774 16167
   18822 31840 10287 31618 12601 11957 25234 16887 16072 16335 24052
   12235 21153 12366 25873 32803 27285]]

 [[    2     2     2     2     2     2     2     2     2     2     2
       2     2     2     2     2     2     2     2     2     2     2
       2     2     2     2     2     2     2     2     2     2     2
       2     2     2     3     2     2     2     2     2     2     2
       2     3     2     2     2     2     2     2     2     2     2
       2     2     2     2     3     3]
  [16293 12806 15105 17082 17815 18983 27602 30978 14489 15397 21628
   29566 17634 37855 20350 24615 15879 22563 11781 12885 29688 29185
   25837 34061 34167 23273  9647 17273 15798 57650 35071 38263 10004
   21617 17392 37353 60020 23534 13250 28410 12437 25279 19439 26001
   13802 60020 48013 28147 18810 59421 21578 19557 17530 18373 32467
   21976 19360 23639 40357 60020 60023]]]
stable
 
 err: 
done running mariposa 693.1
Bisecting: 198 revisions left to test after this (roughly 8 steps)
[1f23ae8aae2f84ac250c0a993995df7c2c530825] fix the test build
running python3 /home/yizhou7/mariposa/scripts/z3-bisect.py /home/yizhou7/mariposa/data/bisect_tasks/d_lvbkv_z3_clean--BlockCacheSystem-BlockSystem.i.dfy.Impl__BlockSystem.__default.DirtyStepUpdatesGraph.txt
building z3
done building z3 106.3
running mariposa
res: 0 
 out: [[[    2     2     2     2     2     2     2     2     2     2     2
       2     2     2     2     2     2     2     2     2     2     2
       2     2     2     2     2     2     2     2     2     2     2
       2     2     2     2     2     2     2     2     2     2     2
       2     2     2     2     2     2     2     2     2     2     2
       2     2     2     2     2     2]
  [16399 27805 29265 35585 22248 29299 22168 26560 26022 22280 26116
   36214 29544 25320 25158 25881 25884 27226 30534 26850 28680 31202
   25984 29843 29542 35287 35380 35569 35877 25731 29952 29270 29983
   28671 26140 29222 22356 36379 22219 35213 36300 30704 36262 25992
   28382 35906 29299 29307 26081 30400 25849 27344 28927 23079 25991
   25676 35673 25330 18743 24471 25693]]

 [[    2     2     2     2     2     2     2     2     2     2     2
       2     2     2     2     2     2     2     2     2     2     2
       2     2     2     2     2     2     2     2     2     2     2
       2     2     2     2     2     2     2     2     2     2     2
       2     2     2     2     2     2     2     2     2     2     2
       2     2     2     2     2     2]
  [16399 18819 17019 14696 18153 25060 19529 35888 15272 30216 18711
    9452 30847  9759 26103 27795 31536 23687 12965 17119  8868 16555
   32325 50365 25188 13357 26164 26496 16352 19418 16974 15171 20183
   18432 20148 13573 22016 18688 10589 25595 18552 32330 16149 36845
   31883 10295 18881 12601 32114 11692 17107 25260 16402 24122 16448
   12242 21370 12305 25638 32715 27699]]

 [[    2     2     2     2     2     2     2     2     2     2     2
       2     2     2     2     2     2     2     2     2     2     2
       2     2     2     2     2     2     2     2     2     2     2
       2     2     2     3     2     2     2     2     2     2     2
       2     3     2     2     2     2     2     2     2     2     2
       2     2     2     2     3     3]
  [16399 13085 15082 17060 17925 19448 27519 30823 14407 15465 21862
   17602 30285 37038 20816 24724 15840 11823 22569 12993 29213 30046
   25922 34384 34259  9718 23625 17269 16321 57471 34842 37877 10339
   21637 17118 37418 60022 23957 13019 29281 12461 25267 25897 19850
   13963 60020 47700 28334 18735 59422 21514 18362 19846 17587 32849
   22257 19460 23365 41111 60020 60022]]]
stable
 
 err: 
done running mariposa 696.3
Bisecting: 99 revisions left to test after this (roughly 7 steps)
[ba40a5752fe0bc1cd80256ccd9f8ebe917aa9f8a] better branching with usage_in_terms()
running python3 /home/yizhou7/mariposa/scripts/z3-bisect.py /home/yizhou7/mariposa/data/bisect_tasks/d_lvbkv_z3_clean--BlockCacheSystem-BlockSystem.i.dfy.Impl__BlockSystem.__default.DirtyStepUpdatesGraph.txt
building z3
done building z3 102.1
running mariposa
res: 0 
 out: [[[    2     2     2     2     2     2     2     2     2     2     2
       2     2     2     2     2     2     2     2     2     2     2
       2     2     2     2     2     2     2     2     2     2     2
       2     2     2     2     2     2     2     2     2     2     2
       2     2     2     2     2     2     2     2     2     2     2
       2     2     2     2     2     2]
  [16384 27649 35704 29216 22174 29065 22709 26164 25985 26056 22078
   36655 29498 25212 25240 26850 25792 25838 26052 30238 31198 29090
   25819 29420 28912 35301 35291 36086 36480 25722 29990 29329 29330
   28040 26769 28976 22228 36041 22195 35538 36042 35665 30354 26600
   28201 35915 29236 29077 25943 30074 25679 27197 29235 22760 25991
   25537 35717 25326 19069 23466 25522]]

 [[    2     2     2     2     2     2     2     2     2     2     2
       2     2     2     2     2     2     2     2     2     2     2
       2     2     2     2     2     2     2     2     2     2     2
       2     2     2     2     2     2     2     2     2     2     2
       2     2     2     2     2     2     2     2     2     2     2
       2     2     2     2     2     2]
  [16384 18681 16939 14681 17792 25295 19557 36410 29451 14961 18689
    9445  9773 30759 26112 27878 32014 23753 12911 16939  8820 16538
   32306 49029 25803 26064 13204 26249 16275 19354 20099 16611 15043
   18435 20091 13831 22268 18262 10805 25326 32178 18651 16132 36674
   31757 18840 10411 31640 12654 11599 24848 16893 16204 16400 24636
   12191 21208 12431 25475 33033 27366]]

 [[    2     2     2     2     2     2     2     2     2     2     2
       2     2     2     2     2     2     2     2     2     2     2
       2     2     2     2     2     2     2     2     2     2     2
       2     2     2     3     2     2     2     2     2     2     2
       2     3     2     2     2     2     2     2     2     2     2
       2     2     2     2     3     3]
  [16384 12908 15009 17141 18038 18965 28212 30532 14429 15491 22091
   29548 17643 36749 20250 25156 16096 22506 11870 12894 29027 29365
   25735 34175 34854  9754 23275 17301 15894 57631 35067 37712 10124
   16991 21821 38093 60020 23506 13059 29195 12399 25252 19398 25796
   13881 60022 47135 28712 18984 59442 21060 19358 18401 17951 32747
   22008 19881 23430 40174 60021 60021]]]
stable
 
 err: 
done running mariposa 693.6
Bisecting: 49 revisions left to test after this (roughly 6 steps)
[f3dd58d7adf60977d1a55a793e487a49767db730] fix #4187
running python3 /home/yizhou7/mariposa/scripts/z3-bisect.py /home/yizhou7/mariposa/data/bisect_tasks/d_lvbkv_z3_clean--BlockCacheSystem-BlockSystem.i.dfy.Impl__BlockSystem.__default.DirtyStepUpdatesGraph.txt
building z3
done building z3 106.5
running mariposa
res: 0 
 out: [[[    2     2     2     2     2     2     2     2     2     2     2
       2     2     2     2     2     2     2     2     2     2     2
       2     2     2     2     2     2     2     2     2     2     2
       2     2     2     2     2     2     2     2     2     2     2
       2     2     2     2     2     2     2     2     2     2     2
       2     2     2     2     2     2]
  [16424 27720 36658 29769 22061 29376 22344 26347 36020 22335 26554
   26024 24928 30163 25437 26149 26867 25958 26210 30902 28960 31556
   26251 29523 29560 35365 35578 35217 36086 26382 30185 29791 29402
   28174 26259 29192 22798 36389 22308 35741 36147 30707 35767 26071
   28416 36690 29604 26273 29652 29702 25490 27410 23311 29534 26170
   25586 35778 25005 24173 18619 25100]]

 [[    2     2     2     2     2     2     2     2     2     2     2
       2     2     2     2     2     2     2     2     2     2     2
       2     2     2     2     2     2     2     2     2     2     2
       2     2     2     2     2     2     2     2     2     2     2
       2     2     2     2     2     2     2     2     2     2     2
       2     2     2     2     2     2]
  [16424 18593 17127 15135 17917 25310 19441 35935 29729 15060  9532
   19336 30834  9966 26129 27479 32192 24032 12930 17228  8824 16411
   32237 49460 25985 13285 26471 26623 16138 19360 20615 17013 15147
   18471 20248 13704 22323 18402 10674 25574 32344 18554 16100 37860
   32127 18508 10277 12717 31968 12053 25303 17055 16087 24273 16476
   12581 21293 12284 25631 33027 27014]]

 [[    2     2     2     2     2     2     2     2     2     2     2
       2     2     2     2     2     2     2     2     2     2     2
       2     2     2     2     2     2     2     2     2     2     2
       2     2     2     3     2     2     2     2     2     2     2
       2     3     2     2     2     3     2     2     2     2     2
       2     2     2     2     3     3]
  [16424 12874 15199 17135 18245 19098 27912 30623 14560 15487 22324
   17578 30331 36977 20476 24772 15839 22738 11912 13038 29821 29998
   26086 34444 34379  9779 23479 17385 16057 56666 35201 38433 10383
   17227 21776 37480 60022 23721 13363 28739 12494 25369 25426 19831
   13980 60020 47191 28525 18659 60020 21578 19768 18421 17521 33092
   22313 19560 23336 40218 60019 60021]]]
stable
 
 err: 
done running mariposa 697.4
Bisecting: 24 revisions left to test after this (roughly 5 steps)
[82236d44c6c4a997e538b1ccfc5c521be9cf668c] some simplifications in theory_bv
running python3 /home/yizhou7/mariposa/scripts/z3-bisect.py /home/yizhou7/mariposa/data/bisect_tasks/d_lvbkv_z3_clean--BlockCacheSystem-BlockSystem.i.dfy.Impl__BlockSystem.__default.DirtyStepUpdatesGraph.txt
building z3
done building z3 96.4
running mariposa
res: 0 
 out: [[[    2     2     2     2     2     2     2     2     2     2     2
       2     2     2     2     2     2     2     2     2     2     2
       2     2     2     2     2     2     2     2     2     2     2
       2     2     2     2     2     2     2     2     2     2     2
       2     2     2     2     2     2     2     2     2     2     2
       2     2     2     2     2     2]
  [16688 27737 35991 29074 22111 29938 22648 26160 26284 36084 25824
   22235 29483 25045 25315 25946 27436 25653 25991 30291 28864 31337
   26090 29378 29088 36059 35814 35551 35756 26175 29887 29224 29963
   28207 26303 29346 22192 36788 22364 35460 36468 35472 30556 26188
   28404 29439 36014 26084 29804 30176 25315 27345 28777 23345 26041
   25775 35726 25484 18367 23857 24461]]

 [[    2     2     2     2     2     2     2     2     2     2     2
       2     2     2     2     2     2     2     2     2     2     2
       2     2     2     2     2     2     2     2     2     2     2
       2     2     2     2     2     2     2     2     2     2     2
       2     2     2     2     2     2     2     2     2     2     2
       2     2     2     2     2     2]
  [16688 18901 17020 14956 18211 25336 19743 35852 14994 29686  9575
   18837 31677  9737 25966 27535 31553 23851 12909 17345  8841 16491
   48867 32939 25207 13275 26297 27012 16254 19256 16633 20128 15064
   18955 13836 20177 22155 18338 10653 25142 32296 18401 16105 37747
   18618 10328 32652 31938 12618 11719 24784 17376 16308 24291 16435
   12267 21367 12507 32989 25389 27553]]

 [[    2     2     2     2     2     2     2     2     2     2     2
       2     2     2     2     2     2     2     2     2     2     2
       2     2     2     2     2     2     2     2     2     2     2
       2     2     2     3     2     2     2     2     2     2     2
       2     3     2     2     2     2     2     2     2     2     2
       2     2     2     2     3     3]
  [16688 13048 15202 17165 17911 18928 27501 30631 14684 15465 21672
   17575 29991 37835 20303 24521 15764 11855 22925 12902 29491 29973
   26268 34245 34347 23399  9673 17388 16042 56396 35761 37403 10112
   17163 21595 38150 60020 12993 23422 29325 12322 25609 25519 19751
   14002 60020 48467 28096 18587 60021 21083 19275 17958 18704 32773
   22238 19695 23554 40326 60019 60021]]]
stable
 
 err: 
done running mariposa 696.9
Bisecting: 11 revisions left to test after this (roughly 4 steps)
[aa3749f678a83f717681600cf4c6c996acc6a18e] fix #4231
running python3 /home/yizhou7/mariposa/scripts/z3-bisect.py /home/yizhou7/mariposa/data/bisect_tasks/d_lvbkv_z3_clean--BlockCacheSystem-BlockSystem.i.dfy.Impl__BlockSystem.__default.DirtyStepUpdatesGraph.txt
building z3
done building z3 91.5
running mariposa
res: 0 
 out: [[[    2     2     2     2     2     2     2     2     2     2     2
       2     2     2     2     2     2     2     2     2     2     2
       2     2     2     2     2     2     2     2     2     2     2
       2     2     2     2     2     2     2     2     2     2     2
       2     2     2     2     2     2     2     2     2     2     2
       2     2     2     2     2     2]
  [16499 27678 36239 29251 22250 29101 22364 26267 22120 26011 36921
   26107 24726 29827 25349 26011 26741 26372 25983 30262 31397 28643
   26156 29299 28768 35313 36481 35921 35954 25717 30205 29090 29355
   28152 26889 29151 22461 36075 22852 35623 35620 35586 30601 26147
   29007 36336 29343 28967 26042 29854 25528 27533 29226 22767 26229
   25705 35431 25639 19055 22978 25106]]

 [[    2     2     2     2     2     2     2     2     2     2     2
       2     2     2     2     2     2     2     2     2     2     2
       2     2     2     2     2     2     2     2     2     2     2
       2     2     2     2     2     2     2     2     2     2     2
       2     2     2     2     2     2     2     2     2     2     2
       2     2     2     2     2     2]
  [16499 18345 17084 14994 17905 25035 19824 35717 29584 15063  9368
   18810  9776 30992 26514 27353 31619 24454 17083 13133  8832 16367
   49020 32321 25252 13192 26935 26568 16137 19743 16668 20132 15392
   18545 20148 13848 21960 18716 10674 25356 32228 18646 16071 37018
   18449 32009 10420 12802 32609 11790 24815 17020 16310 24098 12249
   16396 21379 12126 25867 32991 27237]]

 [[    2     2     2     2     2     2     2     2     2     2     2
       2     2     2     2     2     2     2     2     2     2     2
       2     2     2     2     2     2     2     2     2     2     2
       2     2     2     3     2     2     2     2     2     2     2
       2     3     2     2     2     2     2     2     2     2     2
       2     2     2     2     3     3]
  [16499 12864 15063 17554 18081 18885 27748 30695 14794 15383 22094
   29820 17730 36953 20777 24452 16114 22542 11877 12949 29348 25936
   29833 34376 34940  9750 23374 17649 16022 56143 35941 37593 10170
   17256 22038 37413 60020 23420 13046 28735 12329 25231 19476 25628
   13862 60020 48325 28193 59730 18781 20972 19822 18340 17646 33275
   22273 19450 23327 40280 60019 60022]]]
stable
 
 err: 
done running mariposa 695.6
Bisecting: 5 revisions left to test after this (roughly 3 steps)
[2e714fca7c334bf63e18e5e18daa1cf8f5b339fa] expose uninterpreted op versions for ad-hoc parsing
running python3 /home/yizhou7/mariposa/scripts/z3-bisect.py /home/yizhou7/mariposa/data/bisect_tasks/d_lvbkv_z3_clean--BlockCacheSystem-BlockSystem.i.dfy.Impl__BlockSystem.__default.DirtyStepUpdatesGraph.txt
building z3
done building z3 33.8
running mariposa
res: 0 
 out: [[[    2     2     2     2     2     2     2     2     2     2     2
       2     2     2     2     2     2     2     2     2     2     2
       2     2     2     2     2     2     2     2     2     2     2
       2     2     2     2     2     2     2     2     2     2     2
       2     2     2     2     2     2     2     2     2     2     2
       2     2     2     2     2     2]
  [16359 27868 29201 35456 22507 29421 22310 26218 26024 22234 26314
   37071 29486 24484 25320 26835 26122 26437 25541 30783 31373 28597
   25991 30083 28940 35402 35704 35911 35786 25573 29937 29999 29274
   28282 26613 29500 36324 23039 22918 36177 35983 36147 31355 26120
   28334 36789 29761 29085 26155 29845 25386 27542 22790 29627 26457
   25883 35274 24923 23910 18984 26070]]

 [[    2     2     2     2     2     2     2     2     2     2     2
       2     2     2     2     2     2     2     2     2     2     2
       2     2     2     2     2     2     2     2     2     2     2
       2     2     2     2     2     2     2     2     2     2     2
       2     2     2     2     2     2     2     2     2     2     2
       2     2     2     2     2     2]
  [16359 18440 16956 14787 17728 25183 19405 35866 15010 30372  9564
   18809 30978  9831 26005 27272 31654 24259 12951 17282  8973 16317
   49380 32860 25094 13595 26498 26563 16081 19339 16711 20248 15125
   18727 20782 13642 21997 18444 10615 25266 32378 18403 16109 37018
   18463 10279 32721 12620 31785 11675 25327 17007 16401 24149 16438
   12290 21206 12372 25523 32948 27804]]

 [[    2     2     2     2     2     2     2     2     2     2     2
       2     2     2     2     2     2     2     2     2     2     2
       2     2     2     2     2     2     2     2     2     2     2
       2     2     2     3     2     2     2     2     2     2     2
       2     3     2     2     2     2     2     2     2     2     2
       2     2     2     2     3     3]
  [16359 13107 15193 17226 17761 19481 27587 30524 14565 15488 21684
   29785 17631 37518 20390 24519 15809 11868 23146 13200 29266 29383
   25947 34799 34577  9768 23965 17351 56511 16223 35146 38118 10145
   21656 17426 37325 60021 23486 13286 28803 12428 25304 25518 19738
   13921 60020 48028 28355 18746 59471 20979 19524 18412 17609 33622
   22016 19454 23934 40013 60021 60021]]]
stable
 
 err: 
done running mariposa 696.1
Bisecting: 2 revisions left to test after this (roughly 2 steps)
[2804b40edbb76f5d0ea1b699c3c1c146f1a3a273] disable nuget publish for now
running python3 /home/yizhou7/mariposa/scripts/z3-bisect.py /home/yizhou7/mariposa/data/bisect_tasks/d_lvbkv_z3_clean--BlockCacheSystem-BlockSystem.i.dfy.Impl__BlockSystem.__default.DirtyStepUpdatesGraph.txt
building z3
done building z3 48.5
running mariposa
res: 0 
 out: [[[    2     2     2     2     2     2     2     2     2     2     2
       2     2     2     2     2     2     2     2     2     2     2
       2     2     2     2     2     2     2     2     2     2     2
       2     2     2     2     2     2     2     2     2     2     2
       2     2     2     2     2     2     2     2     2     2     2
       2     2     2     2     2     2]
  [16373 28382 35686 29280 22007 22390 29175 26270 26182 22296 25816
   37055 24666 29516 25243 25987 27221 25777 25700 30393 31257 29375
   26149 29363 29050 35821 35443 35500 35666 26241 29851 29256 28196
   29784 26387 29200 22286 37072 22466 35599 35601 36246 30454 26001
   28601 35666 29390 26097 29186 30458 25878 27424 28667 22965 26161
   25680 35823 25600 23753 18659 25208]]

 [[    2     2     2     2     2     2     2     2     2     2     2
       2     2     2     2     2     2     2     2     2     2     2
       2     2     2     2     2     2     2     2     2     2     2
       2     2     2     2     2     2     2     2     2     2     2
       2     2     2     2     2     2     2     2     2     2     2
       2     2     2     2     2     2]
  [16373 18561 17120 14976 17877 25273 19829 35712 29572 15468  9384
   18860  9817 30943 26492 28016 31681 23856 12907 17222  8965 16417
   32112 48856 25845 13355 26380 26593 16182 19781 20118 16562 15151
   19007 20178 13802 22145 18384 10740 25100 18540 32482 16324 36600
   18421 32724 10341 31906 12707 11703 24959 17208 15922 24729 16485
   12227 21262 12155 25722 33159 27099]]

 [[    2     2     2     2     2     2     2     2     2     2     2
       2     2     2     2     2     2     2     2     2     2     2
       2     2     2     2     2     2     2     2     2     2     2
       2     2     2     3     2     2     2     2     2     2     2
       2     3     2     2     2     2     2     2     2     2     2
       2     2     2     2     3     3]
  [16373 12838 15141 17142 18127 19309 27468 30895 14519 15762 21649
   29857 17592 36924 20385 24938 16202 11800 22774 13067 29266 29237
   25812 34318 34960  9691 23458 17443 16029 56431 35012 37924 10123
   17204 21694 38204 60021 23416 12978 28724 12343 25502 25565 19751
   14019 60021 28046 48611 18769 60021 21581 19288 17563 18415 32904
   22465 19505 23457 41333 60019 60022]]]
stable
 
 err: 
done running mariposa 695.8
Bisecting: 0 revisions left to test after this (roughly 1 step)
[42e6cbce3d333ffc186f081915d6e6d3e05b28e9] publish also ubuntu build
running python3 /home/yizhou7/mariposa/scripts/z3-bisect.py /home/yizhou7/mariposa/data/bisect_tasks/d_lvbkv_z3_clean--BlockCacheSystem-BlockSystem.i.dfy.Impl__BlockSystem.__default.DirtyStepUpdatesGraph.txt
building z3
done building z3 3.2
running mariposa
res: 0 
 out: [[[    2     2     2     2     2     2     2     2     2     2     2
       2     2     2     2     2     2     2     2     2     2     2
       2     2     2     2     2     2     2     2     2     2     2
       2     2     2     2     2     2     2     2     2     2     2
       2     2     2     2     2     2     2     2     2     2     2
       2     2     2     2     2     2]
  [16454 27997 35397 22191 29939 29331 22195 25945 25957 22698 36432
   26054 24794 29892 25229 26839 26564 25808 25864 30256 28795 31612
   25959 29448 29365 35368 36553 35170 35888 25623 29989 29688 29330
   26193 28795 29177 22509 36388 22395 35479 35388 30643 35674 26534
   29070 35957 29506 29196 26135 29655 25333 28012 29263 23053 25967
   25759 35792 24730 19207 23965 25357]]

 [[    2     2     2     2     2     2     2     2     2     2     2
       2     2     2     2     2     2     2     2     2     2     2
       2     2     2     2     2     2     2     2     2     2     2
       2     2     2     2     2     2     2     2     2     2     2
       2     2     2     2     2     2     2     2     2     2     2
       2     2     2     2     2     2]
  [16454 18442 16944 15138 17760 25527 19925 35677 29507 15025  9495
   19031 31136  9951 26654 27363 31599 23796 13251 17341  8852 16351
   48934 32378 25181 26365 13240 16123 27242 19747 16665 20047 15035
   18601 20248 13628 22594 18395 10563 25581 32149 18484 16090 36835
   18813 32084 10257 12615 32656 11970 25101 16924 15981 24199 12392
   16374 21860 12202 25791 32774 27108]]

 [[    2     2     2     2     2     2     2     2     2     2     2
       2     2     2     2     2     2     2     2     2     2     2
       2     2     2     2     2     2     2     2     2     2     2
       2     2     2     3     2     2     2     2     2     2     2
       2     3     2     2     2     2     2     2     2     2     2
       2     2     2     2     3     3]
  [16454 12831 15201 17436 18009 19049 27413 30537 14465 15418 22022
   29753 18024 37928 20298 24515 15864 22517 11910 13029 29406 29191
   25794 35206 34509 23778  9967 17278 56292 16218 35103 37716 10021
   17074 22088 37480 60020 23535 13219 29348 12507 25137 25390 19619
   14236 60021 48124 28233 18766 59577 21461 19476 17512 18477 32701
   22599 19567 23899 40075 60020 60021]]]
stable
 
 err: 
done running mariposa 695.7
ad55a1f1c617a7f0c3dd735c0780fc758424c7f1 is the first bad commit
commit ad55a1f1c617a7f0c3dd735c0780fc758424c7f1
Author: Nikolaj Bjorner <nbjorner@microsoft.com>
Date:   Fri May 8 14:12:38 2020 -0700

    Update release.yml for Azure Pipelines
    
    disable pypi republish for 4.8

 scripts/release.yml | 1 +
 1 file changed, 1 insertion(+)
bisect run success
git bisect start
# good: [e79542cc689d52ec4cb34ce4ae3fbe56e7a0bf70] fix #2309
git bisect good e79542cc689d52ec4cb34ce4ae3fbe56e7a0bf70
# bad: [ad55a1f1c617a7f0c3dd735c0780fc758424c7f1] Update release.yml for Azure Pipelines
git bisect bad ad55a1f1c617a7f0c3dd735c0780fc758424c7f1
# skip: [e2702f3ae88f5c48a55f4473bb5c29184c182634] fixes in assigning constraints to intervals
git bisect skip e2702f3ae88f5c48a55f4473bb5c29184c182634
# skip: [1915812f84cf41a5f232eedf2a695a54d055aa88] add a test for intervals
git bisect skip 1915812f84cf41a5f232eedf2a695a54d055aa88
# good: [8faf35e2e0c8fce99794e71bd3b5de74b95ceb5a] fix #3735
git bisect good 8faf35e2e0c8fce99794e71bd3b5de74b95ceb5a
# good: [1f23ae8aae2f84ac250c0a993995df7c2c530825] fix the test build
git bisect good 1f23ae8aae2f84ac250c0a993995df7c2c530825
# good: [ba40a5752fe0bc1cd80256ccd9f8ebe917aa9f8a] better branching with usage_in_terms()
git bisect good ba40a5752fe0bc1cd80256ccd9f8ebe917aa9f8a
# good: [f3dd58d7adf60977d1a55a793e487a49767db730] fix #4187
git bisect good f3dd58d7adf60977d1a55a793e487a49767db730
# good: [82236d44c6c4a997e538b1ccfc5c521be9cf668c] some simplifications in theory_bv
git bisect good 82236d44c6c4a997e538b1ccfc5c521be9cf668c
# good: [aa3749f678a83f717681600cf4c6c996acc6a18e] fix #4231
git bisect good aa3749f678a83f717681600cf4c6c996acc6a18e
# good: [2e714fca7c334bf63e18e5e18daa1cf8f5b339fa] expose uninterpreted op versions for ad-hoc parsing
git bisect good 2e714fca7c334bf63e18e5e18daa1cf8f5b339fa
# good: [2804b40edbb76f5d0ea1b699c3c1c146f1a3a273] disable nuget publish for now
git bisect good 2804b40edbb76f5d0ea1b699c3c1c146f1a3a273
# good: [42e6cbce3d333ffc186f081915d6e6d3e05b28e9] publish also ubuntu build
git bisect good 42e6cbce3d333ffc186f081915d6e6d3e05b28e9
# first bad commit: [ad55a1f1c617a7f0c3dd735c0780fc758424c7f1] Update release.yml for Azure Pipelines
