running python3 /home/yizhou7/mariposa/scripts/z3-bisect.py /home/yizhou7/mariposa/data/bisect_tasks/d_lvbkv_z3_clean--lib-Buckets-PackedKV.i.dfy.Impl__DynamicPkv.__default.computePivotIndexes.txt
building z3
Bisecting: 1453 revisions left to test after this (roughly 11 steps)
[1915812f84cf41a5f232eedf2a695a54d055aa88] add a test for intervals
running python3 /home/yizhou7/mariposa/scripts/z3-bisect.py /home/yizhou7/mariposa/data/bisect_tasks/d_lvbkv_z3_clean--lib-Buckets-PackedKV.i.dfy.Impl__DynamicPkv.__default.computePivotIndexes.txt
building z3
Bisecting: 1453 revisions left to test after this (roughly 11 steps)
[8faf35e2e0c8fce99794e71bd3b5de74b95ceb5a] fix #3735
running python3 /home/yizhou7/mariposa/scripts/z3-bisect.py /home/yizhou7/mariposa/data/bisect_tasks/d_lvbkv_z3_clean--lib-Buckets-PackedKV.i.dfy.Impl__DynamicPkv.__default.computePivotIndexes.txt
building z3
done building z3 3.2
running mariposa
res: 1 
 out: [[[    2     2     2     2     2     2     2     2     2     2     2
       2     2     2     2     2     2     2     2     2     2     2
       2     2     2     2     2     2     2     2     2     2     2
       2     2     2     2     2     2     2     2     2     2     2
       2     2     2     2     2     2     2     2     2     2     2
       2     2     2     2     2     2]
  [  406   552   550   549   555   538   529   532   522   528   529
     522   531   522   525   522   527   529   526   525   529   515
     522   511   513   514   514   509   516   512   513   514   514
     514   510   511   497   500   496   518   487   487   482   493
     488   489   487   484   485   480   495   490   488   483   482
     483   478   477   474   471   443]]

 [[    2     2     2     2     2     2     2     2     2     2     2
       2     2     2     3     2     2     2     2     2     2     2
       2     2     2     2     2     3     3     2     2     2     2
       2     2     2     3     2     2     2     2     2     3     2
       2     3     3     2     2     2     2     2     2     2     3
       2     2     3     3     3     3]
  [  406   583   589   643   598   609   622   646   619   617   562
     560   548   558 60039   513   524   517   543   552   562   522
     539   558   531   543   605 60040 60032   583   577   624   598
     565   596   581 60040   616   602   588   621   604 60043   633
     669 60044 60029   571   560   543   532   551   550   550 60040
     553   524 60031 60034 60032 60033]]

 [[    2     2     2     2     2     2     2     2     2     2     2
       2     2     2     2     2     2     2     2     2     2     2
       2     2     2     2     2     2     2     2     2     2     2
       2     2     2     2     2     2     2     2     2     2     2
       2     2     2     2     2     2     2     3     3     3     2
       3     3     3     3     3     3]
  [  406   537   543   565   588   587   598   530   531   607   595
     588   607   646   643   696   680   670   693   613   634   627
     621   639   714   724   743   702   732   660   772   776   731
     731   734   778   834   788   759   761   754   780   786   854
     869   890   795   783   787   835   771 60035 60042 60043   790
   60040 60045 60038 60051 60056 60020]]]
unstable
 
 err: 
done running mariposa 204.6
Bisecting: 1254 revisions left to test after this (roughly 10 steps)
[d1a5635b4ad7f8632356b380f3a9b1fc83fdb04f] better model based lemmaas
running python3 /home/yizhou7/mariposa/scripts/z3-bisect.py /home/yizhou7/mariposa/data/bisect_tasks/d_lvbkv_z3_clean--lib-Buckets-PackedKV.i.dfy.Impl__DynamicPkv.__default.computePivotIndexes.txt
building z3
Bisecting: 1254 revisions left to test after this (roughly 10 steps)
[0a86bd14f792ef5fadb8eeb346729a612f7e1588] start on test nla
running python3 /home/yizhou7/mariposa/scripts/z3-bisect.py /home/yizhou7/mariposa/data/bisect_tasks/d_lvbkv_z3_clean--lib-Buckets-PackedKV.i.dfy.Impl__DynamicPkv.__default.computePivotIndexes.txt
building z3
Bisecting: 1254 revisions left to test after this (roughly 10 steps)
[f7747d9e76bd685a02ce5c5fbda91fc356856b5e] fix parameter collection for tactic-based solvers reported in #3065
running python3 /home/yizhou7/mariposa/scripts/z3-bisect.py /home/yizhou7/mariposa/data/bisect_tasks/d_lvbkv_z3_clean--lib-Buckets-PackedKV.i.dfy.Impl__DynamicPkv.__default.computePivotIndexes.txt
building z3
done building z3 3.2
running mariposa
res: 1 
 out: [[[    3     3     3     3     3     3     3     3     3     3     3
       3     3     3     3     3     3     3     3     3     3     3
       3     3     3     3     3     3     3     3     3     3     3
       3     3     3     3     3     3     3     3     3     3     3
       3     3     3     3     3     3     3     3     3     3     3
       3     3     3     3     3     3]
  [60020 60031 60022 60031 60025 60022 60037 60022 60023 60032 60023
   60023 60022 60023 60021 60024 60032 60025 60035 60023 60025 60023
   60025 60022 60025 60035 60022 60025 60024 60025 60022 60025 60023
   60022 60024 60034 60023 60027 60026 60034 60022 60025 60022 60023
   60023 60024 60027 60023 60024 60022 60024 60030 60025 60026 60022
   60034 60023 60024 60021 60023 60027]]

 [[    3     2     2     2     2     2     2     2     2     2     2
       2     2     2     2     2     2     2     2     2     2     2
       2     2     2     2     2     2     2     2     2     2     2
       2     2     2     2     2     2     3     3     3     2     2
       2     2     3     2     2     2     2     3     3     2     2
       2     3     3     3     3     3]
  [60020   504   541   502   501   554   541   623   632   609   609
     651   658   640   638   668   684   664   690   695   655   656
     654   618   646   644   748   675   687   740   714   663   665
     685   731   639   708   654   653 60028 60029 60031   658   621
     687   643 60029   677   610   652   600 60032 60032   649   673
     675 60032 60035 60037 60021 60031]]

 [[    3     2     2     2     2     2     2     2     2     2     2
       2     2     2     2     2     2     2     2     2     2     2
       2     2     2     2     2     2     2     2     2     2     2
       2     2     2     2     2     2     2     2     2     2     2
       3     3     3     2     2     2     2     3     2     2     2
       2     2     3     2     3     3]
  [60020   535   524   583   560   590   580   522   585   576   609
     597   596   660   647   785   757   795   722   731   727   810
     788   890   837   811   839   833   908   732   795   803   796
     833   908   855   757   815   808   805   810   826   844   873
   60026 60026 60029   717   667   675   684 60017   703   654   670
     641   590 60028   681 60031 60038]]]
unstable
 
 err: 
done running mariposa 788.9
Bisecting: 1034 revisions left to test after this (roughly 10 steps)
[0644194fc96a853df44c37f9e4522796aa40add8] work on lemma from product to factors, and some renaming
running python3 /home/yizhou7/mariposa/scripts/z3-bisect.py /home/yizhou7/mariposa/data/bisect_tasks/d_lvbkv_z3_clean--lib-Buckets-PackedKV.i.dfy.Impl__DynamicPkv.__default.computePivotIndexes.txt
building z3
Bisecting: 1034 revisions left to test after this (roughly 10 steps)
[0321312c8db1d3f0edbd23e6e48884fbb7d77d1d] Changed to get_const_interp to match Java and C# bindings
running python3 /home/yizhou7/mariposa/scripts/z3-bisect.py /home/yizhou7/mariposa/data/bisect_tasks/d_lvbkv_z3_clean--lib-Buckets-PackedKV.i.dfy.Impl__DynamicPkv.__default.computePivotIndexes.txt
building z3
done building z3 3.1
running mariposa
res: 1 
 out: [[[    3     3     3     3     3     3     3     3     3     3     3
       3     3     3     3     3     3     3     3     3     3     3
       3     3     3     3     3     3     3     3     3     3     3
       3     3     3     3     3     3     3     3     3     3     3
       3     3     3     3     3     3     3     3     3     3     3
       3     3     3     3     3     3]
  [60025 60023 60021 60038 60040 60027 60022 60022 60033 60022 60026
   60024 60027 60024 60021 60033 60033 60025 60024 60025 60023 60023
   60033 60034 60032 60036 60038 60023 60022 60023 60021 60024 60025
   60039 60023 60023 60024 60035 60025 60037 60025 60024 60024 60022
   60023 60024 60039 60027 60024 60023 60022 60033 60035 60039 60025
   60024 60024 60021 60032 60031 60034]]

 [[    3     2     2     2     2     2     2     2     3     3     3
       2     2     2     3     2     3     2     2     2     2     2
       2     2     2     2     2     3     3     2     2     2     3
       2     2     2     3     2     3     3     2     2     3     2
       2     3     3     2     3     2     3     2     3     2     2
       3     3     3     3     3     3]
  [60025   569   540   614   566   601   610   603 60026 60028 60027
     583   590   631 60031   646 60030   570   589   630   639   669
     625   660   681   674   696 60038 60031   538   512   527 60030
     498   500   574 60030   615 60027 60029   633   688 60030   697
     623 60036 60033   521 60030   585 60027   533 60025   561   631
   60030 60034 60039 60035 60029 60028]]

 [[    3     2     2     2     2     2     2     2     2     2     2
       2     2     2     2     2     2     2     2     2     2     2
       2     2     3     3     3     2     3     2     2     3     2
       2     3     2     3     2     3     2     3     3     2     2
       3     2     2     2     3     2     2     2     2     2     2
       2     3     2     3     3     3]
  [60025   505   525   494   487   507   520   530   482   498   514
     514   515   524   515   509   525   548   587   606   654   688
     693   721 60027 60015 60028   604 60023   569   575 60025   624
     598 60030   712 60031   763 60041   599 60033 60030   564   567
   60027   577   576   540 60030   544   548   544   565   605   615
     618 60026   632 60029 60035 60029]]]
unstable
 
 err: 
done running mariposa 972.5
Bisecting: 261 revisions left to test after this (roughly 8 steps)
[6e637348826f0725ba8a01c455448023ca2889e4] Merge pull request #2368 from waywardmonkeys/fix-typo
running python3 /home/yizhou7/mariposa/scripts/z3-bisect.py /home/yizhou7/mariposa/data/bisect_tasks/d_lvbkv_z3_clean--lib-Buckets-PackedKV.i.dfy.Impl__DynamicPkv.__default.computePivotIndexes.txt
building z3
done building z3 3.1
running mariposa
res: 1 
 out: [[[    3     3     3     3     3     3     3     3     3     3     3
       3     3     3     3     3     3     3     3     3     3     3
       3     3     3     3     3     3     3     3     3     3     3
       3     3     3     3     3     3     3     3     3     3     3
       3     3     3     3     3     3     3     3     3     3     3
       3     3     3     3     3     3]
  [60032 60030 60031 60037 60030 60035 60028 60029 60031 60032 60037
   60032 60030 60030 60027 60031 60035 60039 60034 60032 60029 60031
   60032 60029 60038 60034 60032 60030 60031 60033 60031 60036 60036
   60032 60030 60029 60031 60034 60039 60030 60035 60030 60031 60032
   60030 60037 60034 60030 60028 60031 60033 60032 60039 60034 60031
   60030 60027 60029 60032 60040 60032]]

 [[    3     2     2     2     2     2     2     2     2     2     2
       2     2     2     2     2     2     2     2     2     2     2
       2     2     2     2     2     2     2     2     2     2     2
       2     2     3     2     2     2     3     2     3     2     3
       2     2     3     2     3     2     3     2     2     2     2
       3     3     3     3     3     3]
  [60032   696   662   633   626   577   624   582   566   622   585
     606   569   548   562   570   549   539   563   519   522   523
     540   520   548   569   606   575   607   557   560   554   566
     572   604 60029   595   637   668 60030   599 60033   598 60029
     578   583 60032   583 60020   525 60021   534   611   677   624
   60029 60022 60023 60020 60029 60020]]

 [[    3     2     2     2     2     2     2     2     2     2     2
       2     3     3     3     2     3     3     2     2     3     2
       2     3     2     2     2     2     2     2     2     2     2
       2     2     2     2     2     2     2     2     2     2     2
       2     2     2     2     2     2     2     2     2     2     2
       3     3     3     3     3     3]
  [60032   511   502   465   481   498   497   499   496   526   550
     573 60030 60026 60030   646 60017 60018   605   578 60026   578
     565 60025   549   552   534   536   528   559   573   544   548
     543   530   580   610   608   558   567   577   611   679   666
     686   694   734   692   746   702   729   775   728   740   726
   60040 60030 60027 60028 60030 60028]]]
unstable
 
 err: 
done running mariposa 856.6
Bisecting: 130 revisions left to test after this (roughly 7 steps)
[9b4f327e29de8eadd112e53af5a8fb9f430fabf7] set upload mode to replace
running python3 /home/yizhou7/mariposa/scripts/z3-bisect.py /home/yizhou7/mariposa/data/bisect_tasks/d_lvbkv_z3_clean--lib-Buckets-PackedKV.i.dfy.Impl__DynamicPkv.__default.computePivotIndexes.txt
building z3
done building z3 3.1
running mariposa
res: 0 
 out: [[[  2   2   2   2   2   2   2   2   2   2   2   2   2   2   2   2   2
     2   2   2   2   2   2   2   2   2   2   2   2   2   2   2   2   2
     2   2   2   2   2   2   2   2   2   2   2   2   2   2   2   2   2
     2   2   2   2   2   2   2   2   2   2]
  [331 394 412 414 417 416 413 411 394 402 394 417 399 398 409 397 414
   412 406 398 403 391 394 394 411 398 413 414 392 414 393 393 395 399
   418 393 414 395 411 397 415 399 408 395 413 394 418 398 417 411 397
   393 413 398 419 397 383 403 384 396 383]]

 [[  2   2   2   2   2   2   2   2   2   2   2   2   2   2   2   2   2
     2   2   2   2   2   2   2   2   2   2   2   2   2   2   2   2   2
     2   2   2   2   2   2   2   2   2   2   2   2   2   2   2   2   2
     2   2   2   2   2   2   2   2   2   2]
  [331 405 404 406 404 402 403 401 400 404 402 404 405 402 401 403 404
   401 404 405 401 404 406 404 402 402 404 402 402 401 405 402 401 403
   402 403 400 405 402 401 403 405 404 405 402 403 402 402 402 405 406
   401 404 404 403 409 401 405 400 405 401]]

 [[  2   2   2   2   2   2   2   2   2   2   2   2   2   2   2   2   2
     2   2   2   2   2   2   2   2   2   2   2   2   2   2   2   2   2
     2   2   2   2   2   2   2   2   2   2   2   2   2   2   2   2   2
     2   2   2   2   2   2   2   2   2   2]
  [331 450 451 447 454 455 456 458 453 452 449 452 449 453 454 449 455
   452 457 452 451 453 444 451 453 444 458 457 476 445 449 449 456 455
   447 449 452 487 453 455 453 451 459 445 452 448 452 454 449 460 450
   453 459 452 452 453 474 453 450 446 448]]]
stable
 
 err: 
done running mariposa 20.5
Bisecting: 65 revisions left to test after this (roughly 6 steps)
[42ac3a536369a7d4a7eafa1fa15b571b146ba594] merge with csp
running python3 /home/yizhou7/mariposa/scripts/z3-bisect.py /home/yizhou7/mariposa/data/bisect_tasks/d_lvbkv_z3_clean--lib-Buckets-PackedKV.i.dfy.Impl__DynamicPkv.__default.computePivotIndexes.txt
building z3
done building z3 3.1
running mariposa
res: 0 
 out: [[[  2   2   2   2   2   2   2   2   2   2   2   2   2   2   2   2   2
     2   2   2   2   2   2   2   2   2   2   2   2   2   2   2   2   2
     2   2   2   2   2   2   2   2   2   2   2   2   2   2   2   2   2
     2   2   2   2   2   2   2   2   2   2]
  [330 393 417 415 413 414 416 409 393 395 395 416 399 396 412 394 413
   413 397 397 398 393 393 398 418 396 415 413 413 392 395 392 397 394
   411 393 412 395 412 394 412 396 411 394 412 395 414 416 396 397 412
   411 399 414 395 400 389 384 401 398 386]]

 [[  2   2   2   2   2   2   2   2   2   2   2   2   2   2   2   2   2
     2   2   2   2   2   2   2   2   2   2   2   2   2   2   2   2   2
     2   2   2   2   2   2   2   2   2   2   2   2   2   2   2   2   2
     2   2   2   2   2   2   2   2   2   2]
  [330 406 402 402 404 405 402 401 404 401 400 406 404 405 400 404 400
   403 404 402 403 400 403 401 400 403 402 406 402 398 402 399 401 401
   400 405 404 402 401 400 400 402 404 404 403 405 403 400 401 400 401
   405 403 401 403 399 403 403 401 407 404]]

 [[  2   2   2   2   2   2   2   2   2   2   2   2   2   2   2   2   2
     2   2   2   2   2   2   2   2   2   2   2   2   2   2   2   2   2
     2   2   2   2   2   2   2   2   2   2   2   2   2   2   2   2   2
     2   2   2   2   2   2   2   2   2   2]
  [330 452 447 452 453 455 456 459 448 447 452 446 454 449 457 451 451
   457 449 453 450 457 444 455 455 453 445 457 472 446 450 448 451 454
   446 450 451 456 454 448 496 449 455 444 459 447 454 456 457 452 448
   459 455 453 450 451 473 451 449 450 445]]]
stable
 
 err: 
done running mariposa 20.4
Bisecting: 32 revisions left to test after this (roughly 5 steps)
[b4290d4b3d7c021965e9ce7ee636caac0f9cac74] python regression
running python3 /home/yizhou7/mariposa/scripts/z3-bisect.py /home/yizhou7/mariposa/data/bisect_tasks/d_lvbkv_z3_clean--lib-Buckets-PackedKV.i.dfy.Impl__DynamicPkv.__default.computePivotIndexes.txt
building z3
done building z3 3.1
running mariposa
res: 1 
 out: [[[    2     2     2     2     2     2     2     2     2     2     2
       2     2     2     2     2     2     2     2     2     2     2
       2     2     2     2     2     2     2     2     2     2     2
       2     2     2     2     2     2     2     2     2     2     2
       2     2     2     2     2     2     2     2     2     2     2
       2     2     2     2     2     2]
  [  376   561   526   522   520   523   521   522   552   558   548
     504   520   521   505   504   544   504   528   530   532   531
     519   514   494   487   515   490   484   511   519   504   504
     502   473   498   472   505   474   477   501   479   505   472
     498   475   500   471   501   477   499   474   501   472   509
     499   498   472   500   465   457]]

 [[    2     2     2     2     2     2     2     2     2     2     2
       2     2     2     2     2     2     2     2     2     2     2
       2     2     2     3     2     2     2     2     2     2     2
       2     3     3     2     2     2     2     2     2     2     2
       2     2     2     3     2     2     2     2     2     3     3
       2     3     3     3     3     3]
  [  376   598   659   727   623   635   608   647   638   612   721
     620   593   613   544   548   509   527   476   527   486   587
     589   638   595 60031   564   555   621   572   607   620   631
     583 60033 60033   631   612   654   672   657   633   664   593
     610   575   613 60040   648   698   641   706   639 60033 60033
     560 60029 60031 60029 60028 60030]]

 [[    2     2     2     2     2     2     2     2     2     2     2
       2     2     2     2     2     2     2     2     2     2     2
       2     2     2     2     2     2     2     2     2     2     2
       2     2     2     2     2     3     3     3     3     2     2
       2     2     2     2     2     2     2     3     2     2     2
       2     3     3     3     3     3]
  [  376   468   488   503   480   474   499   469   474   510   596
     665   659   662   657   680   685   681   675   669   714   671
     700   684   722   705   748   738   691   697   739   757 16807
     770   740   821   698   672 60032 60027 60027 60022   580   541
     528   577   599   651   662   754   694 60037   744   670   728
     679 60034 60035 60036 60036 60034]]]
unstable
 
 err: 
done running mariposa 219.2
Bisecting: 16 revisions left to test after this (roughly 4 steps)
[0f7ff2a3d016ce6cc0dcc2654a6aa0187bc55192] swap
running python3 /home/yizhou7/mariposa/scripts/z3-bisect.py /home/yizhou7/mariposa/data/bisect_tasks/d_lvbkv_z3_clean--lib-Buckets-PackedKV.i.dfy.Impl__DynamicPkv.__default.computePivotIndexes.txt
building z3
done building z3 3.0
running mariposa
res: 0 
 out: [[[  2   2   2   2   2   2   2   2   2   2   2   2   2   2   2   2   2
     2   2   2   2   2   2   2   2   2   2   2   2   2   2   2   2   2
     2   2   2   2   2   2   2   2   2   2   2   2   2   2   2   2   2
     2   2   2   2   2   2   2   2   2   2]
  [360 435 437 435 433 439 444 436 433 431 433 443 442 437 438 438 434
   437 431 436 441 438 435 434 433 434 438 445 441 434 436 431 435 436
   441 438 440 437 437 433 437 439 438 436 443 435 433 444 436 437 434
   441 432 436 435 436 421 430 421 416 415]]

 [[  2   2   2   2   2   2   2   2   2   2   2   2   2   2   2   2   2
     2   2   2   2   2   2   2   2   2   2   2   2   2   2   2   2   2
     2   2   2   2   2   2   2   2   2   2   2   2   2   2   2   2   2
     2   2   2   2   2   2   2   2   2   2]
  [360 445 450 444 426 444 448 428 430 448 442 429 443 438 443 429 432
   430 443 443 425 443 432 445 445 431 426 442 426 427 442 427 447 425
   427 442 428 446 442 440 431 444 427 427 447 429 438 430 441 426 424
   449 433 425 431 428 428 442 447 440 444]]

 [[  2   2   2   2   2   2   2   2   2   2   2   2   2   2   2   2   2
     2   2   2   2   2   2   2   2   2   2   2   2   2   2   2   2   2
     2   2   2   2   2   2   2   2   2   2   2   2   2   2   2   2   2
     2   2   2   2   2   2   2   2   2   2]
  [360 481 481 485 500 493 494 492 474 477 484 495 489 485 487 465 490
   483 481 490 487 492 475 483 471 492 495 479 492 475 480 483 482 490
   494 486 470 493 478 487 475 483 486 485 487 481 483 475 494 486 478
   482 477 490 488 481 494 480 473 479 482]]]
stable
 
 err: 
done running mariposa 21.2
Bisecting: 7 revisions left to test after this (roughly 3 steps)
[89e8a1392c992a6c37b8c5320b9e4b9b506bd4a1] na
running python3 /home/yizhou7/mariposa/scripts/z3-bisect.py /home/yizhou7/mariposa/data/bisect_tasks/d_lvbkv_z3_clean--lib-Buckets-PackedKV.i.dfy.Impl__DynamicPkv.__default.computePivotIndexes.txt
building z3
done building z3 3.0
running mariposa
res: 1 
 out: [[[    2     2     2     2     2     2     2     2     2     2     2
       2     2     2     2     2     2     2     2     2     2     2
       2     2     2     2     2     2     2     2     2     2     2
       2     2     2     2     2     2     2     2     2     2     2
       2     2     2     2     2     2     2     2     2     2     2
       2     2     2     2     2     2]
  [  370   564   523   531   521   533   521   526   540   547   518
     498   532   533   503   502   530   504   529   538   529   539
     519   514   491   491   513   493   488   513   519   508   505
     503   477   500   477   504   478   475   501   476   503   475
     502   474   503   474   503   473   506   473   502   480   502
     502   505   478   503   471   462]]

 [[    2     2     2     2     2     2     2     2     2     2     2
       2     2     2     2     2     2     2     2     2     2     2
       2     2     2     3     2     2     2     2     2     2     2
       2     3     3     2     2     2     2     2     2     2     2
       2     2     2     3     2     2     2     2     2     3     3
       2     3     3     3     3     3]
  [  370   608   663   741   625   620   617   648   642   609   726
     631   621   601   549   554   510   535   482   530   491   586
     587   642   593 60030   567   560   628   569   600   615   630
     584 60037 60030   628   605   648   656   628   606   666   588
     618   584   629 60038   642   697   637   713   638 60036 60028
     558 60032 60033 60028 60027 60031]]

 [[    2     2     2     2     2     2     2     2     2     2     2
       2     2     2     2     2     2     2     2     2     2     2
       2     2     2     2     2     2     2     2     2     2     2
       2     2     2     2     2     3     3     3     3     2     2
       2     2     2     2     2     2     2     3     2     2     2
       2     3     3     3     3     3]
  [  370   502   467   481   470   498   491   474   476   514   591
     670   657   659   671   687   685   682   670   665   715   675
     697   695   726   715   755   744   703   705   741   753 16444
     751   721   821   732   717 60032 60034 60026 60024   597   548
     529   572   602   659   666   755   700 60036   756   671   725
     681 60032 60034 60040 60034 60033]]]
unstable
 
 err: 
done running mariposa 218.9
Bisecting: 4 revisions left to test after this (roughly 2 steps)
[1827f98851e1866187abe743afd2d80bc786412f] more fixes for mutexes in shell
running python3 /home/yizhou7/mariposa/scripts/z3-bisect.py /home/yizhou7/mariposa/data/bisect_tasks/d_lvbkv_z3_clean--lib-Buckets-PackedKV.i.dfy.Impl__DynamicPkv.__default.computePivotIndexes.txt
building z3
done building z3 3.1
running mariposa
res: 0 
 out: [[[  2   2   2   2   2   2   2   2   2   2   2   2   2   2   2   2   2
     2   2   2   2   2   2   2   2   2   2   2   2   2   2   2   2   2
     2   2   2   2   2   2   2   2   2   2   2   2   2   2   2   2   2
     2   2   2   2   2   2   2   2   2   2]
  [360 431 439 435 437 440 444 436 432 432 431 445 446 438 441 436 436
   434 432 437 437 435 438 429 434 436 440 439 438 431 434 434 434 437
   440 436 436 433 438 437 437 437 437 437 438 434 437 441 436 439 435
   439 435 436 438 435 423 428 419 415 413]]

 [[  2   2   2   2   2   2   2   2   2   2   2   2   2   2   2   2   2
     2   2   2   2   2   2   2   2   2   2   2   2   2   2   2   2   2
     2   2   2   2   2   2   2   2   2   2   2   2   2   2   2   2   2
     2   2   2   2   2   2   2   2   2   2]
  [360 447 452 448 426 442 429 449 430 446 443 428 438 441 442 427 430
   432 445 446 425 444 426 442 446 425 446 431 429 426 439 428 444 426
   429 438 424 444 440 441 443 431 425 425 427 448 446 430 441 427 424
   444 430 428 430 429 425 444 443 449 442]]

 [[  2   2   2   2   2   2   2   2   2   2   2   2   2   2   2   2   2
     2   2   2   2   2   2   2   2   2   2   2   2   2   2   2   2   2
     2   2   2   2   2   2   2   2   2   2   2   2   2   2   2   2   2
     2   2   2   2   2   2   2   2   2   2]
  [360 479 487 481 484 484 490 494 474 474 488 484 488 491 485 459 487
   480 484 493 483 492 472 477 493 466 494 483 481 472 474 489 478 482
   486 482 472 483 491 483 475 481 488 482 481 480 487 481 480 479 475
   474 481 486 479 493 495 477 470 472 481]]]
stable
 
 err: 
done running mariposa 21.2
Bisecting: 1 revision left to test after this (roughly 1 step)
[5177cc4a9a58df192c6a844ca13abf7e7cd3be15] change lt
running python3 /home/yizhou7/mariposa/scripts/z3-bisect.py /home/yizhou7/mariposa/data/bisect_tasks/d_lvbkv_z3_clean--lib-Buckets-PackedKV.i.dfy.Impl__DynamicPkv.__default.computePivotIndexes.txt
building z3
done building z3 3.1
running mariposa
res: 1 
 out: [[[    2     2     2     2     2     2     2     2     2     2     2
       2     2     2     2     2     2     2     2     2     2     2
       2     2     2     2     2     2     2     2     2     2     2
       2     2     2     2     2     2     2     2     2     2     2
       2     2     2     2     2     2     2     2     2     2     2
       2     2     2     2     2     2]
  [  373   561   523   525   525   527   527   524   553   561   548
     508   519   524   505   507   543   509   537   533   534   533
     525   517   490   492   516   490   489   516   517   507   504
     502   475   505   477   505   479   478   503   505   476   474
     504   504   478   478   503   480   502   477   502   475   501
     504   502   474   502   468   459]]

 [[    2     2     2     2     2     2     2     2     2     2     2
       2     2     2     2     2     2     2     2     2     2     2
       2     2     2     3     2     2     2     2     2     2     2
       2     3     3     2     2     2     2     2     2     2     2
       2     2     2     3     2     2     2     2     2     3     3
       2     3     3     3     3     3]
  [  373   604   660   735   625   624   622   638   645   607   697
     624   610   597   552   551   518   528   485   530   491   592
     595   642   601 60031   574   560   630   571   606   619   633
     594 60033 60032   628   605   645   660   600   632   586   660
     614   583   625 60039   648   693   611   717   653 60035 60032
     566 60034 60030 60029 60028 60031]]

 [[    2     2     2     2     2     2     2     2     2     2     2
       2     2     2     2     2     2     2     2     2     2     2
       2     2     2     2     2     2     2     2     2     2     2
       2     2     2     2     2     3     3     3     3     2     2
       2     2     2     2     2     2     2     3     2     2     2
       2     3     3     3     3     3]
  [  373   477   467   465   495   494   502   475   483   516   612
     667   664   670   655   690   684   669   689   682   713   681
     692   695   733   718   758   754   703   700   749   768 16640
     762   717   818   703   721 60035 60028 60026 60025   583   546
     529   583   599   658   662   749   692 60034   747   677   722
     680 60032 60033 60040 60033 60032]]]
unstable
 
 err: 
done running mariposa 219.0
Bisecting: 0 revisions left to test after this (roughly 1 step)
[7c9d2e0d75757ed6aa535f72c7dec70d5a527fed] pydoc test
running python3 /home/yizhou7/mariposa/scripts/z3-bisect.py /home/yizhou7/mariposa/data/bisect_tasks/d_lvbkv_z3_clean--lib-Buckets-PackedKV.i.dfy.Impl__DynamicPkv.__default.computePivotIndexes.txt
building z3
done building z3 3.1
running mariposa
res: 0 
 out: [[[  2   2   2   2   2   2   2   2   2   2   2   2   2   2   2   2   2
     2   2   2   2   2   2   2   2   2   2   2   2   2   2   2   2   2
     2   2   2   2   2   2   2   2   2   2   2   2   2   2   2   2   2
     2   2   2   2   2   2   2   2   2   2]
  [357 434 438 435 433 437 440 437 432 431 435 443 442 436 438 437 433
   440 432 434 433 433 434 432 438 434 434 440 437 434 433 435 432 436
   440 434 439 432 439 434 433 436 437 435 444 431 434 441 437 440 431
   440 433 435 434 437 424 427 419 416 409]]

 [[  2   2   2   2   2   2   2   2   2   2   2   2   2   2   2   2   2
     2   2   2   2   2   2   2   2   2   2   2   2   2   2   2   2   2
     2   2   2   2   2   2   2   2   2   2   2   2   2   2   2   2   2
     2   2   2   2   2   2   2   2   2   2]
  [357 449 447 445 426 445 449 428 431 445 437 427 444 441 439 432 434
   428 443 440 426 441 430 446 450 432 442 426 428 430 442 429 446 424
   426 442 429 446 441 444 443 429 426 426 429 449 442 429 441 427 425
   428 441 426 431 428 428 441 447 449 443]]

 [[  2   2   2   2   2   2   2   2   2   2   2   2   2   2   2   2   2
     2   2   2   2   2   2   2   2   2   2   2   2   2   2   2   2   2
     2   2   2   2   2   2   2   2   2   2   2   2   2   2   2   2   2
     2   2   2   2   2   2   2   2   2   2]
  [357 480 481 491 488 489 483 485 472 474 481 484 485 489 488 461 490
   485 483 489 483 487 479 477 486 494 468 476 482 476 476 482 477 486
   485 483 471 490 482 475 481 480 483 481 485 478 489 487 481 479 480
   474 473 493 484 497 480 476 470 471 477]]]
stable
 
 err: 
done running mariposa 21.2
5177cc4a9a58df192c6a844ca13abf7e7cd3be15 is the first bad commit
commit 5177cc4a9a58df192c6a844ca13abf7e7cd3be15
Author: Nikolaj Bjorner <nbjorner@microsoft.com>
Date:   Fri Jun 21 09:08:20 2019 +0200

    change lt
    
    Signed-off-by: Nikolaj Bjorner <nbjorner@microsoft.com>

 src/ast/ast_lt.h                   | 4 ++++
 src/ast/rewriter/bool_rewriter.cpp | 6 ++++--
 2 files changed, 8 insertions(+), 2 deletions(-)
bisect run success
git bisect start
# good: [e79542cc689d52ec4cb34ce4ae3fbe56e7a0bf70] fix #2309
git bisect good e79542cc689d52ec4cb34ce4ae3fbe56e7a0bf70
# bad: [ad55a1f1c617a7f0c3dd735c0780fc758424c7f1] Update release.yml for Azure Pipelines
git bisect bad ad55a1f1c617a7f0c3dd735c0780fc758424c7f1
# skip: [e2702f3ae88f5c48a55f4473bb5c29184c182634] fixes in assigning constraints to intervals
git bisect skip e2702f3ae88f5c48a55f4473bb5c29184c182634
# skip: [1915812f84cf41a5f232eedf2a695a54d055aa88] add a test for intervals
git bisect skip 1915812f84cf41a5f232eedf2a695a54d055aa88
# bad: [8faf35e2e0c8fce99794e71bd3b5de74b95ceb5a] fix #3735
git bisect bad 8faf35e2e0c8fce99794e71bd3b5de74b95ceb5a
# skip: [d1a5635b4ad7f8632356b380f3a9b1fc83fdb04f] better model based lemmaas
git bisect skip d1a5635b4ad7f8632356b380f3a9b1fc83fdb04f
# skip: [0a86bd14f792ef5fadb8eeb346729a612f7e1588] start on test nla
git bisect skip 0a86bd14f792ef5fadb8eeb346729a612f7e1588
# bad: [f7747d9e76bd685a02ce5c5fbda91fc356856b5e] fix parameter collection for tactic-based solvers reported in #3065
git bisect bad f7747d9e76bd685a02ce5c5fbda91fc356856b5e
# skip: [0644194fc96a853df44c37f9e4522796aa40add8] work on lemma from product to factors, and some renaming
git bisect skip 0644194fc96a853df44c37f9e4522796aa40add8
# bad: [0321312c8db1d3f0edbd23e6e48884fbb7d77d1d] Changed to get_const_interp to match Java and C# bindings
git bisect bad 0321312c8db1d3f0edbd23e6e48884fbb7d77d1d
# bad: [6e637348826f0725ba8a01c455448023ca2889e4] Merge pull request #2368 from waywardmonkeys/fix-typo
git bisect bad 6e637348826f0725ba8a01c455448023ca2889e4
# good: [9b4f327e29de8eadd112e53af5a8fb9f430fabf7] set upload mode to replace
git bisect good 9b4f327e29de8eadd112e53af5a8fb9f430fabf7
# good: [42ac3a536369a7d4a7eafa1fa15b571b146ba594] merge with csp
git bisect good 42ac3a536369a7d4a7eafa1fa15b571b146ba594
# bad: [b4290d4b3d7c021965e9ce7ee636caac0f9cac74] python regression
git bisect bad b4290d4b3d7c021965e9ce7ee636caac0f9cac74
# good: [0f7ff2a3d016ce6cc0dcc2654a6aa0187bc55192] swap
git bisect good 0f7ff2a3d016ce6cc0dcc2654a6aa0187bc55192
# bad: [89e8a1392c992a6c37b8c5320b9e4b9b506bd4a1] na
git bisect bad 89e8a1392c992a6c37b8c5320b9e4b9b506bd4a1
# good: [1827f98851e1866187abe743afd2d80bc786412f] more fixes for mutexes in shell
git bisect good 1827f98851e1866187abe743afd2d80bc786412f
# bad: [5177cc4a9a58df192c6a844ca13abf7e7cd3be15] change lt
git bisect bad 5177cc4a9a58df192c6a844ca13abf7e7cd3be15
# good: [7c9d2e0d75757ed6aa535f72c7dec70d5a527fed] pydoc test
git bisect good 7c9d2e0d75757ed6aa535f72c7dec70d5a527fed
# first bad commit: [5177cc4a9a58df192c6a844ca13abf7e7cd3be15] change lt
