running python3 /home/yizhou7/mariposa/scripts/z3-bisect.py /home/yizhou7/mariposa/data/bisect_tasks/d_lvbkv_z3_clean--Impl-LeafImpl.i.dfy.Impl__LeafImpl.__default.repivotLeafInternal.txt
building z3
Bisecting: 1453 revisions left to test after this (roughly 11 steps)
[1915812f84cf41a5f232eedf2a695a54d055aa88] add a test for intervals
running python3 /home/yizhou7/mariposa/scripts/z3-bisect.py /home/yizhou7/mariposa/data/bisect_tasks/d_lvbkv_z3_clean--Impl-LeafImpl.i.dfy.Impl__LeafImpl.__default.repivotLeafInternal.txt
building z3
Bisecting: 1453 revisions left to test after this (roughly 11 steps)
[8faf35e2e0c8fce99794e71bd3b5de74b95ceb5a] fix #3735
running python3 /home/yizhou7/mariposa/scripts/z3-bisect.py /home/yizhou7/mariposa/data/bisect_tasks/d_lvbkv_z3_clean--Impl-LeafImpl.i.dfy.Impl__LeafImpl.__default.repivotLeafInternal.txt
building z3
done building z3 3.2
running mariposa
res: 1 
 out: [[[    3     3     3     3     3     3     3     3     3     3     3
       3     3     3     3     3     3     3     3     3     3     3
       3     3     3     3     3     3     3     3     3     3     3
       3     3     3     3     3     3     3     3     3     3     3
       3     3     3     3     3     3     3     3     3     3     3
       3     3     3     3     3     3]
  [60018 60023 60023 60022 60022 60021 60022 60024 60023 60027 60024
   60023 60022 60020 60022 60028 60021 60022 60023 60023 60021 60023
   60024 60022 60021 60023 60020 60020 60023 60025 60021 60023 60022
   60021 60019 60024 60027 60020 60020 60023 60022 60020 60024 60022
   60024 60023 60026 60021 60023 60023 60025 60023 60022 60020 60021
   60023 60024 60023 60020 60018 60020]]

 [[    3     2     2     2     2     2     2     2     2     2     2
       2     2     3     2     2     2     2     2     2     2     2
       2     2     2     3     2     2     2     2     2     2     3
       2     2     2     2     2     2     3     2     3     2     2
       2     2     2     2     3     2     2     2     3     2     2
       2     2     2     2     3     3]
  [60018 13809 15751 13923 13526 17417 17507 12526 11285 15092 12989
   13708 13810 60020 15685 13180 13967 16931 13590  9849 10143 11022
   15768 12317 12843 60022 10216 12596 32336 12616 15418  9664 60022
   14676 11762 19216 16597 17067 10230 60031 13024 60023 16558 14907
   17066 12191 11127 14412 60030 13309 13275 11129 60032 11397 14632
    9777 13695 10756 12371 60023 60039]]

 [[    3     2     2     2     2     2     2     2     2     2     2
       3     3     3     3     3     2     2     3     2     2     2
       2     2     3     2     2     2     2     2     2     2     3
       2     3     2     2     3     3     3     3     2     2     2
       2     3     2     2     3     2     3     2     2     2     2
       2     2     3     3     3     3]
  [60018 10013 11806 12034 12534 12665 14439 14740 14544 18229 14918
   60023 60017 60029 60024 60017 10950 12622 60030 13798 14395 11231
   13181 17156 60029 12728 18191 13875 11358 14487 12901 10818 60019
   12601 60038 20623 13799 60023 60032 60024 60022 13372 13000 13227
   16905 60038 14365 14064 60019 14736 60021 10521 10707 15482 18057
   16627 13014 60034 60038 60018 60024]]]
unstable
 
 err: 
done running mariposa 1054.3
Bisecting: 1254 revisions left to test after this (roughly 10 steps)
[d1a5635b4ad7f8632356b380f3a9b1fc83fdb04f] better model based lemmaas
running python3 /home/yizhou7/mariposa/scripts/z3-bisect.py /home/yizhou7/mariposa/data/bisect_tasks/d_lvbkv_z3_clean--Impl-LeafImpl.i.dfy.Impl__LeafImpl.__default.repivotLeafInternal.txt
building z3
Bisecting: 1254 revisions left to test after this (roughly 10 steps)
[0a86bd14f792ef5fadb8eeb346729a612f7e1588] start on test nla
running python3 /home/yizhou7/mariposa/scripts/z3-bisect.py /home/yizhou7/mariposa/data/bisect_tasks/d_lvbkv_z3_clean--Impl-LeafImpl.i.dfy.Impl__LeafImpl.__default.repivotLeafInternal.txt
building z3
Bisecting: 1254 revisions left to test after this (roughly 10 steps)
[f7747d9e76bd685a02ce5c5fbda91fc356856b5e] fix parameter collection for tactic-based solvers reported in #3065
running python3 /home/yizhou7/mariposa/scripts/z3-bisect.py /home/yizhou7/mariposa/data/bisect_tasks/d_lvbkv_z3_clean--Impl-LeafImpl.i.dfy.Impl__LeafImpl.__default.repivotLeafInternal.txt
building z3
done building z3 3.2
running mariposa
res: 1 
 out: [[[    2     2     2     2     2     2     2     2     2     2     2
       2     2     2     2     3     2     2     2     2     3     2
       2     3     2     2     3     2     2     2     2     2     2
       2     2     2     2     2     2     2     2     3     2     2
       2     2     2     3     3     2     2     3     2     3     3
       2     3     3     3     3     3]
  [ 8430 13812 13618 11552 12983 15266 12659 12204 16973 12197 14738
   11268 11630 12226 15630 60025 15266 14020 19054 15328 60026 15407
   11952 60026 15697 14450 60024 13889 11605 16707 10872 12032 13725
   13120 11102 11831 12434 11523 13688 16071 12041 60027 18804 11954
   13161 15535 12523 60024 60025 12590 16851 60025 18100 60025 60026
   16382 60025 60026 60025 60022 60021]]

 [[    2     2     2     2     2     2     2     2     2     2     2
       2     2     2     2     2     2     3     2     2     2     3
       2     2     2     2     2     3     2     3     2     2     2
       2     3     2     3     2     2     2     2     2     3     2
       3     2     2     3     2     3     2     2     2     2     2
       2     2     2     2     3     2]
  [ 8430 19653 17598 16298 10746 19872 28893 15903 14602 10377 15042
   10282  9813 11982 11999 12017 11443 60034 16445 15544 16568 60038
   18846 15244 15687 13058 31366 60022 14147 60020 11494 16191 14290
   19294 60024 10295 60043 12172 13177 17003 16619 14945 60022 18458
   60033 16636 14050 60025 13140 60022 14413 12831 12635 15854 15823
   15022 10703 14109 14417 60046 26246]]

 [[    2     2     2     2     2     2     2     2     2     2     2
       2     2     2     2     2     2     3     3     3     2     2
       2     2     3     2     3     2     2     2     2     2     2
       2     2     2     2     2     3     2     2     3     2     2
       2     2     2     2     2     2     2     3     3     3     2
       3     2     3     3     3     3]
  [ 8430 10968 11065 12469 12615 12801 14152 14722 14170 12854 14562
   14703 13693 13578 20453 17794 18037 60034 60038 60033 14379 11029
   14876 14775 60030 11944 60030 12422 17668 15885 11685 12993 11420
   14160 14863  9453 13343 13914 60024 15405 13128 60042 12651 11775
   16302 19627 17059 10834 13598 14025 15481 60022 60039 60032 10956
   60026 17608 60026 60020 60026 60022]]]
unstable
 
 err: 
done running mariposa 702.4
Bisecting: 1034 revisions left to test after this (roughly 10 steps)
[0644194fc96a853df44c37f9e4522796aa40add8] work on lemma from product to factors, and some renaming
running python3 /home/yizhou7/mariposa/scripts/z3-bisect.py /home/yizhou7/mariposa/data/bisect_tasks/d_lvbkv_z3_clean--Impl-LeafImpl.i.dfy.Impl__LeafImpl.__default.repivotLeafInternal.txt
building z3
Bisecting: 1034 revisions left to test after this (roughly 10 steps)
[0321312c8db1d3f0edbd23e6e48884fbb7d77d1d] Changed to get_const_interp to match Java and C# bindings
running python3 /home/yizhou7/mariposa/scripts/z3-bisect.py /home/yizhou7/mariposa/data/bisect_tasks/d_lvbkv_z3_clean--Impl-LeafImpl.i.dfy.Impl__LeafImpl.__default.repivotLeafInternal.txt
building z3
done building z3 3.1
running mariposa
res: 1 
 out: [[[    2     2     2     2     2     2     2     2     2     2     2
       2     2     2     2     2     2     2     2     2     2     2
       2     2     2     2     2     2     2     2     2     2     2
       2     2     2     2     2     2     2     2     2     2     2
       2     2     2     2     2     2     2     2     2     2     2
       2     2     2     2     2     2]
  [ 7376 10415  8115  8167  9973 10073 12039  9768  7210  9415  8001
    9599  9493  9489 10711 11065  9834 10147  9420  8696  9441  8026
    9557 10076  8053 11245  8095 10586  9952 10393  8086 11121 11099
    9597  9625  7972  9641  9714 10665 10878  9471 10073  9731 10661
    9396  7782 10645  8723  7480  9842 11517  9723 11399  9875 11391
   10891  7484  7602  7330 10101  8185]]

 [[    2     2     2     2     2     2     2     2     2     2     2
       2     2     2     2     2     2     2     2     3     2     2
       2     2     2     3     2     2     2     2     2     2     2
       2     2     2     2     2     2     2     2     2     2     2
       2     2     2     3     2     2     2     2     2     2     2
       2     2     2     2     3     3]
  [ 7376 12431 16601 11795 13881 13532 14381 14341  9969 11820 15432
   13700 18012 14191 14907 15212 10049 13558 12640 60020 14692 12354
   11353 12907 11399 60022 14891 11830 10930 13801 13962 10976 11225
   11949 12779 10152 12120 11433 11929 11589 12962 11423 13915 10685
   14160 15345 16496 60027 14781 12286 13571 18351 15072 11687 17941
   14683 13489 14306 14078 60019 60029]]

 [[    2     2     2     2     2     2     2     2     2     2     2
       2     2     2     3     3     2     2     2     2     3     2
       2     2     2     3     2     2     2     2     2     3     2
       2     2     2     2     3     3     3     2     2     2     2
       3     3     2     3     2     2     2     2     2     3     2
       2     2     2     3     3     3]
  [ 7376 11250 12683 13427 13760 14058 13772 15683 16393 17105 10868
   14058 16457 13967 60019 60019 15555 11065 13775 12271 60036 14145
   10720 10799 11263 60030 13074 13313 15338 14503 17241 60026 10266
   14167 11632 13932 11281 60022 60037 60035 16067 17359 14276 12049
   60022 60032 15700 60025 15967 14337 14721 13569 13432 60032 14507
   13042 14070 14931 60020 60036 60042]]]
unstable
 
 err: 
done running mariposa 488.0
Bisecting: 261 revisions left to test after this (roughly 8 steps)
[6e637348826f0725ba8a01c455448023ca2889e4] Merge pull request #2368 from waywardmonkeys/fix-typo
running python3 /home/yizhou7/mariposa/scripts/z3-bisect.py /home/yizhou7/mariposa/data/bisect_tasks/d_lvbkv_z3_clean--Impl-LeafImpl.i.dfy.Impl__LeafImpl.__default.repivotLeafInternal.txt
building z3
done building z3 3.1
running mariposa
res: 1 
 out: [[[    2     2     2     2     2     2     2     2     2     2     2
       2     2     2     2     2     2     2     2     2     2     2
       2     2     2     2     2     2     2     2     2     2     2
       2     2     2     2     2     2     2     2     2     2     2
       2     2     2     2     2     2     2     2     2     2     2
       2     2     2     2     2     2]
  [ 7234 11733 11732 13086 14769 12611 11542 13776 13370 14509 12882
   11805 11275 11043 10654 10952 12390 11154 11272 13332 11078 11891
   13495 10037 10671 10453 11020 12657 10943 10896 10787 12539 11004
   12790 13075 11659 12551 13503 12704 13959 12528 13510 12512 13625
   11840 12424 11892 10842 10772 12671 13268 11578 12503 13918 12690
   11749 11223 11467  9936 10279  8929]]

 [[    2     2     2     2     2     2     2     2     2     2     2
       2     2     2     2     2     2     2     2     2     3     2
       2     2     2     3     2     2     2     2     2     2     2
       3     2     2     2     2     3     3     3     2     3     2
       2     2     2     2     2     2     3     2     2     2     2
       2     2     2     2     2     3]
  [ 7234 15919 15540 12473 10025 13537 10313 13051  9751 10636 10516
   14729 13184 16104 11923 14952 17413 18955 15028 17325 60023 13878
   14801 14894 13009 60021  9947 10123 13143 14575 15221 13282 16397
   60036 13252 17578 10766 14639 60023 60024 60029 17095 60030 11951
   11125 14164 13589 12114 10734 10728 60022 14691 11857 14362 16797
   14457 13415 12492 19156 11135 60021]]

 [[    2     2     2     2     2     2     2     2     2     2     2
       2     3     3     3     2     2     2     2     3     2     2
       2     2     2     3     3     3     3     2     2     3     3
       3     2     3     2     2     3     2     2     2     2     2
       3     3     2     3     3     2     2     3     2     2     3
       3     2     2     3     3     3]
  [ 7234 14382 14724 15093 18750 12565 15531 17649 11703 17704 15281
   15978 60031 60030 60016 15672 12666 13528 17700 60020 15031 11040
   17755 15489 19763 60047 60048 60034 60020 15697 16229 60036 60019
   60033 13064 60034 15509 13482 60027 19406 16709 16253 16503 15481
   60023 60022 14105 60032 60041 17173 16321 60023 15627 12286 60034
   60041 16011 22627 60029 60026 60029]]]
unstable
 
 err: 
done running mariposa 600.0
Bisecting: 130 revisions left to test after this (roughly 7 steps)
[9b4f327e29de8eadd112e53af5a8fb9f430fabf7] set upload mode to replace
running python3 /home/yizhou7/mariposa/scripts/z3-bisect.py /home/yizhou7/mariposa/data/bisect_tasks/d_lvbkv_z3_clean--Impl-LeafImpl.i.dfy.Impl__LeafImpl.__default.repivotLeafInternal.txt
building z3
done building z3 3.1
running mariposa
res: 0 
 out: [[[    2     2     2     2     2     2     2     2     2     2     2
       2     2     2     2     2     2     2     2     2     2     2
       2     2     2     2     2     2     2     2     2     2     2
       2     2     2     2     2     2     2     2     2     2     2
       2     2     2     2     2     2     2     2     2     2     2
       2     2     2     2     2     2]
  [ 6676 10308 10620 10619 10316 10586 10669 10272 10843 10349 10454
   10106 10560 10400 10541 10751 10571 10321 10427 10590 10417 10416
   10347 10544 10330 10374 10545 10661 10222 10467 10578 10407 10365
   10387 10322 10035 10469 10639 10445 10475 10520 10644 10470 10354
   10806 10831 10222 10345 10611 10539 10342 10766 10631 10516 10435
   10331  9716  9524  9479  9173  8840]]

 [[    2     2     2     2     2     2     2     2     2     2     2
       2     2     2     2     2     2     2     2     2     2     2
       2     2     2     2     2     2     2     2     2     2     2
       2     2     2     2     2     2     2     2     2     2     2
       2     2     2     2     2     2     2     2     2     2     2
       2     2     2     2     2     2]
  [ 6676  9859 10621 10562 10298 10524 10543 10434 10519 10741 10545
   10446 10323 10319 10390 10416 10240 10556 10414 10558 10374 10532
   10758 10557 10487 10390 10654 10520 10556 10612 10596 10663 10466
   10484 10357 10418 10658 10129 10207 10442 10355 10392 10657 10523
   10347 10460 10523 10569 10143 10098 10536 10381 10683 10491 10271
   10070 10383 10450 10560 10497 10921]]

 [[    2     2     2     2     2     2     2     2     2     2     2
       2     2     2     2     2     2     2     2     2     2     2
       2     2     2     2     2     2     2     2     2     2     2
       2     2     2     2     2     2     2     2     2     2     2
       2     2     2     2     2     2     2     2     2     2     2
       2     2     2     2     2     2]
  [ 6676 10263 10697 10850 11025 11181 11436 13807 10307 10555 11498
   11137 11207 12152 11060 10900 10134 10612 10918 11166 13566 11734
    9929 11338 10628 12175 12250 10873 11206 12454 10540 10427 12386
   12284 11502 11183 11289 10995 11914 11598 10683 11271 10483 11079
   11475 10667 10645 10954 10906 13317 10583  9545 10918 11887 10576
   11115 11689 10353  9788 11054 10062]]]
stable
 
 err: 
done running mariposa 310.5
Bisecting: 65 revisions left to test after this (roughly 6 steps)
[42ac3a536369a7d4a7eafa1fa15b571b146ba594] merge with csp
running python3 /home/yizhou7/mariposa/scripts/z3-bisect.py /home/yizhou7/mariposa/data/bisect_tasks/d_lvbkv_z3_clean--Impl-LeafImpl.i.dfy.Impl__LeafImpl.__default.repivotLeafInternal.txt
building z3
done building z3 3.1
running mariposa
res: 0 
 out: [[[    2     2     2     2     2     2     2     2     2     2     2
       2     2     2     2     2     2     2     2     2     2     2
       2     2     2     2     2     2     2     2     2     2     2
       2     2     2     2     2     2     2     2     2     2     2
       2     2     2     2     2     2     2     2     2     2     2
       2     2     2     2     2     2]
  [ 6674 10486 10651 10693 10560 10621 10635 10448 10799 10397 10530
   10109 10625 10552 10515 10698 10639 10372 10430 10635 10419 10594
   10389 10559 10358 10361 10484 10677 10386 10599 10357 10592 10400
   10491 10296 10124 10273 10756 10482 10478 10819 10637 10563 10569
   10456 10266 10857 10401 10599 10656 10357 10657 10662 10543 10467
   10474  9773  9824  9643  8716  8974]]

 [[    2     2     2     2     2     2     2     2     2     2     2
       2     2     2     2     2     2     2     2     2     2     2
       2     2     2     2     2     2     2     2     2     2     2
       2     2     2     2     2     2     2     2     2     2     2
       2     2     2     2     2     2     2     2     2     2     2
       2     2     2     2     2     2]
  [ 6674  9901 10488 10451 10233 10548 10542 10444 10655 10618 10581
   10498 10186 10382 10413 10647 10216 10631 10425 10556 10412 10472
   10798 10618 10612 10330 10467 10534 10746 10766 10694 10542 10410
   10511 10430 10428 10033 10873 10273 10442 10396 10458 10620 10563
   10250 10665 10438 10600 10142 10108 10365 10610 10775 10379 10146
   10115 10627 10473 10571 10581 10752]]

 [[    2     2     2     2     2     2     2     2     2     2     2
       2     2     2     2     2     2     2     2     2     2     2
       2     2     2     2     2     2     2     2     2     2     2
       2     2     2     2     2     2     2     2     2     2     2
       2     2     2     2     2     2     2     2     2     2     2
       2     2     2     2     2     2]
  [ 6674 10346 10739 10919 11023 11300 11348 13673 10318 10496 11058
   11471 11154 12172 11013 10872 10092 10798 10646 11148 13900 11689
    9996 11307 10636 12042 12281 10892 11140 12594 10547 10475 12392
   12294 11406 11003 11513 10895 11519 12119 10725 10360 11260 11246
   11301 10697 10635 11047 10710 13599 10723  9570 10756 11885 10937
   10807 11747  9780 10366 10951 10278]]]
stable
 
 err: 
done running mariposa 311.1
Bisecting: 32 revisions left to test after this (roughly 5 steps)
[b4290d4b3d7c021965e9ce7ee636caac0f9cac74] python regression
running python3 /home/yizhou7/mariposa/scripts/z3-bisect.py /home/yizhou7/mariposa/data/bisect_tasks/d_lvbkv_z3_clean--Impl-LeafImpl.i.dfy.Impl__LeafImpl.__default.repivotLeafInternal.txt
building z3
done building z3 3.1
running mariposa
res: 0 
 out: [[[    2     2     2     2     2     2     2     2     2     2     2
       2     2     2     2     2     2     2     2     2     2     2
       2     2     2     2     2     2     2     2     2     2     2
       2     2     2     2     2     2     2     2     2     2     2
       2     2     2     2     2     2     2     2     2     2     2
       2     2     2     2     2     2]
  [ 6843 11091 14212 16081 14570 14919 16468 12290 15199 15717 15481
   16286 14346 13950 13379 12441 15610 12004 12516 14672 13193 12835
   14295 11960 13477 12275 13436 13460 14318 12564 13233 13757 13676
   13627 14130 15357 13284 13457 13159 13800 10412 14805 16074 13825
   12814 12235 15069 12447 13228 12881 15166 13467 11670 12272 13546
   11542 13575 14320 10309 10886 13281]]

 [[    2     2     2     2     2     2     2     2     2     2     2
       2     2     2     2     2     2     2     2     2     2     2
       2     2     2     2     2     2     2     2     2     2     2
       3     2     2     2     3     2     2     2     2     2     2
       2     2     2     2     2     2     2     2     2     2     2
       2     2     2     3     3     3]
  [ 6843 11388 12096 12540 11909 11496 10111 10217 13347 14349 12962
   13582  9386 13077 11963  8557 12812 16948 18185 13754 16299 19099
   10771 13559 14671 13466 11016 12584 14850 12037 10552 10215 14609
   60030 11900 11325  9510 60031 13517 11161 14814 16031  9689 11093
   13342 17972 14341 15383  9678 17264 20340 13076 14236 12283 12163
   13429 13689 12346 60019 60019 60017]]

 [[    2     2     2     2     2     2     2     2     2     2     2
       2     2     2     2     2     2     2     2     3     2     2
       2     2     2     2     3     3     2     2     2     2     2
       3     2     2     2     2     2     2     2     2     2     2
       3     2     2     2     2     2     2     2     2     2     2
       2     2     2     2     2     2]
  [ 6843 11400 11295 12013 12507 15359 16591 11762 14755 11487 16559
   17731 15850 14011 13332 13880 12733 15960 15342 60017 16257 12829
   13836 15255 16595 11435 60036 60041 16426 12747 15732 13005 13555
   60030 14937 13181 10855 13434 17239 10768 14217 12669  9551 13535
   60032 12072 13156 17376  9301 15363  9374 10910 15971 11375 13775
   11043 10192 14473 10643 13773 15642]]]
stable
 
 err: 
done running mariposa 449.8
Bisecting: 16 revisions left to test after this (roughly 4 steps)
[60c504f4ef64eaf085b1fec2773704cd1102c611] make a few helpers static
running python3 /home/yizhou7/mariposa/scripts/z3-bisect.py /home/yizhou7/mariposa/data/bisect_tasks/d_lvbkv_z3_clean--Impl-LeafImpl.i.dfy.Impl__LeafImpl.__default.repivotLeafInternal.txt
building z3
done building z3 3.1
running mariposa
res: 1 
 out: [[[    2     2     2     2     2     2     2     2     2     2     2
       2     2     2     2     2     2     2     2     2     2     2
       2     2     2     2     2     2     2     2     2     2     2
       2     2     2     2     2     2     2     2     2     2     2
       2     2     2     2     2     2     2     2     2     2     2
       2     2     2     2     2     2]
  [ 7127 13741 15634 14946 14875 15739 15205 11610 13515 14572 14410
   14328 13337 12523 13583 12712 14316 11303 14122 14195 13787 12770
   13756 14083 15539 14657 13570 14902 12525 12731 13145 13936 11570
   14413 14045 13812 14325 14200 14842 13532 15198 13925 14831 11940
   13485 14103 14338 13985 13378 13954 14492 12843 13272 14682 14634
   14706 12388 11554 11134 11487 12656]]

 [[    2     2     2     2     2     2     2     2     2     2     2
       2     2     2     2     2     2     2     2     2     2     2
       2     2     2     2     2     3     2     2     2     2     3
       3     2     2     2     2     2     3     2     2     2     2
       2     2     2     2     2     2     2     2     2     2     2
       2     2     3     2     2     3]
  [ 7127 11755 11640 13062 11524 13285 10773 11164 12514  9444 11487
    9553 12583 10980 13002 17021 13717 10106 13039 14796 18170 15024
   19381 15324 13304 15469 11382 60032 13649 15460 12569 13269 60030
   60030 13331 14412 10933 13505 12374 60026 10905 10651 14999 15046
   12707 10942 12942 14343 13521 13698 12934 11696 12125 10813 14707
   12632 15439 60040 15315 13321 60019]]

 [[    2     2     2     2     2     2     2     2     2     2     2
       2     2     2     2     2     2     2     2     2     3     2
       2     2     2     2     2     2     2     2     2     2     2
       2     2     2     2     2     2     3     2     2     2     2
       2     2     2     2     2     2     2     2     2     3     2
       2     2     2     2     2     3]
  [ 7127  9753 11060 11334 11378 14869 16221 14230 14477 16310 16761
   12860 14834 12098 10891 15335 17390 17537 14270 16455 60032 12115
   15850 12957 13202 10570 41687 12812 11295 15626 15651 13589 13512
   15993  9416 13418  8755 13352 12789 60050 13917 10502 12693 13563
   14834 15316 19039 12386 11067 14373 12652 13405 15336 60046  9020
   15081 10520 15602 13310 11033 60030]]]
unstable
 
 err: 
done running mariposa 456.7
Bisecting: 7 revisions left to test after this (roughly 3 steps)
[8a129a3e6f85fa337eb7e55504ddf543828068dd] try replace for nightly to address #2362
running python3 /home/yizhou7/mariposa/scripts/z3-bisect.py /home/yizhou7/mariposa/data/bisect_tasks/d_lvbkv_z3_clean--Impl-LeafImpl.i.dfy.Impl__LeafImpl.__default.repivotLeafInternal.txt
building z3
done building z3 82.4
running mariposa
res: 1 
 out: [[[    2     2     2     2     2     2     2     2     2     2     2
       2     2     2     2     2     2     2     2     2     2     2
       2     2     2     2     2     2     2     2     2     2     2
       2     2     2     2     2     2     2     2     2     2     2
       2     2     2     2     2     2     2     2     2     2     2
       2     2     2     2     2     2]
  [ 6972 13843 15526 15451 15202 14819 15362 11622 13352 14612 14659
   14188 12491 13209 13504 12633 11354 14225 13985 14225 13867 12770
   13554 15455 14992 14143 13577 14921 12554 12501 12982 11609 14007
   14534 14110 13771 14228 14523 14511 15071 13487 13917 15048 11898
   13406 13678 14156 14641 13210 14004 14402 12800 13133 14884 14776
   14424 12679 11506 11028 11419 12522]]

 [[    2     2     2     2     2     2     2     2     2     2     2
       2     2     2     2     2     2     2     2     2     2     2
       2     2     2     2     3     2     2     2     2     2     3
       3     2     2     2     2     2     3     2     2     2     2
       2     2     2     2     2     2     2     2     2     2     2
       2     2     3     2     2     3]
  [ 6972 12022 11588 13205 11679 13191 10760 11329 12284  9368 11656
    9566 13047 10974 13111 10021 13643 17589 13273 14539 18528 14992
   19280 15371 13130 15731 60031 11451 13769 15568 12713 13806 60029
   60031 13264 11000 14428 13440 12345 60027 11134 10549 14967 15052
   12836 10975 12947 14373 13769 13529 12958 11774 12289 10965 14455
   12484 15535 60037 15419 13519 60020]]

 [[    2     2     2     2     2     2     2     2     2     2     2
       2     2     2     2     2     2     2     2     2     3     2
       2     2     2     2     2     2     2     2     2     2     2
       2     2     2     2     2     2     3     2     2     2     2
       2     2     2     2     2     2     2     2     2     3     2
       2     2     2     2     2     3]
  [ 6972  9723 10881 11308 11592 14681 16265 14315 14569 16313 17192
   12827 14936 12286 11047 15295 17456 17464 14738 17166 60033 12263
   15561 12707 38498 13152 10982 13088 15541 11221 15560 13793 13627
   15683  9678 13519  8703 13238 12730 60049 14071 10427 12512 13679
   15021 18968 15574 12041 11078 12579 14304 13263 15425 60049  9130
   15201 10568 15656 13157 10924 60031]]]
unstable
 
 err: 
done running mariposa 457.0
Bisecting: 3 revisions left to test after this (roughly 2 steps)
[1e21ea464511cbd9d955fba00f73ebf2577f5a99] fix cleanup bug exposed by reordering simplifcations
running python3 /home/yizhou7/mariposa/scripts/z3-bisect.py /home/yizhou7/mariposa/data/bisect_tasks/d_lvbkv_z3_clean--Impl-LeafImpl.i.dfy.Impl__LeafImpl.__default.repivotLeafInternal.txt
building z3
done building z3 3.1
running mariposa
res: 1 
 out: [[[    2     2     2     2     2     2     2     2     2     2     2
       2     2     2     2     2     2     2     2     2     2     2
       2     2     2     2     2     2     2     2     2     2     2
       2     2     2     2     2     2     2     2     2     2     2
       2     2     2     2     2     2     2     2     2     2     2
       2     2     2     2     2     2]
  [ 7021 13560 15544 15583 15099 14931 15711 11803 13281 14322 14284
   14798 12602 13282 13419 12401 14429 11317 14248 14296 13920 12588
   15535 13649 14289 14574 13647 14861 12665 12957 12393 13823 11519
   14674 14026 14091 14140 14578 14246 14974 13683 14151 14920 11798
   13365 14036 14021 14436 13422 14106 14384 12744 14715 13434 14679
   14548 12625 11610 10984 11454 12718]]

 [[    2     2     2     2     2     2     2     2     2     2     2
       2     2     2     2     2     2     2     2     2     2     2
       2     2     2     2     3     2     2     2     2     2     3
       3     2     2     2     2     2     3     2     2     2     2
       2     2     2     2     2     2     2     2     2     2     2
       2     3     2     2     2     3]
  [ 7021 11956 11687 13256 11614 13171 10842 11069 12535  9427 11542
   12772  9374 11218 13104 13698 10214 17187 13246 14875 18335 15209
   19756 15380 13293 15714 60032 11490 13963 15665 12454 13401 60029
   60029 13495 14505 10923 13490 12347 60024 10959 10543 15111 15076
   12794 11020 12892 14396 13794 13569 12915 11722 12120 10894 12486
   14613 60037 15451 15309 13340 60020]]

 [[    2     2     2     2     2     2     2     2     2     2     2
       2     2     2     2     2     2     2     2     2     2     3
       2     2     2     2     2     2     2     2     2     2     2
       2     2     2     2     2     2     3     2     2     2     2
       2     2     2     2     2     2     2     2     2     2     3
       2     2     2     2     2     3]
  [ 7021  9729 10936 11274 11305 14920 16434 14095 14730 16430 16950
   13044 14968 12324 10975 15288 17325 17684 14422 16441 12090 60032
   15852 13024 13187 10588 40374 12724 11269 15547 16031 13778 13544
   15696  9325 13687  8812 13458 12941 60050 13678 10394 12349 13427
   15042 18845 15142 12274 11469 12807 14685 13290 15455  8997 60047
   15226 10596 15652 13148 10953 60030]]]
unstable
 
 err: 
done running mariposa 457.1
Bisecting: 1 revision left to test after this (roughly 1 step)
[2a1f8ac2d89a13d52275e952b2f1e3c2d07be5c6] revert normalizing ordering on equality as it breaks others and doesn't necessarily lead to simplification
running python3 /home/yizhou7/mariposa/scripts/z3-bisect.py /home/yizhou7/mariposa/data/bisect_tasks/d_lvbkv_z3_clean--Impl-LeafImpl.i.dfy.Impl__LeafImpl.__default.repivotLeafInternal.txt
building z3
done building z3 3.0
running mariposa
res: 1 
 out: [[[    2     2     2     2     2     2     2     2     2     2     2
       2     2     2     2     2     2     2     2     2     2     2
       2     2     2     2     2     2     2     2     2     2     2
       2     2     2     2     2     2     2     2     2     2     2
       2     2     2     2     2     2     2     2     2     2     2
       2     2     2     2     2     2]
  [ 7122 14071 15482 15674 15144 15079 15281 11785 13218 14436 14613
   14392 13262 12639 13323 12411 14181 11417 13848 13783 14534 12785
   13489 15625 14642 13981 13572 15234 12694 12937 12500 13836 11572
   14338 14425 13879 14265 14562 14213 15017 13648 14234 14915 11967
   13463 14370 13735 14100 13550 14108 14622 12825 13253 14786 14676
   12570 14636 11556 11079 11505 12717]]

 [[    2     2     2     2     2     2     2     2     2     2     2
       2     2     2     2     2     2     2     2     2     2     2
       2     2     2     2     2     3     2     2     2     2     3
       3     2     2     2     2     2     3     2     2     2     2
       2     2     2     2     2     2     2     2     2     2     2
       2     3     2     2     2     3]
  [ 7122 11862 13032 11529 11571 13403 10984 11092 12316  9388 11477
    9581 12732 10775 12888 13607 16991  9834 13174 14393 18463 15273
   19414 15152 13048 15398 11478 60030 15762 13799 12740 13658 60030
   60030 13290 14476 11049 13508 12425 60027 10965 10542 14950 15285
   12808 11045 13237 14355 13605 13570 13024 11864 12476 11049 14582
   12508 60039 15377 15632 13208 60019]]

 [[    2     2     2     2     2     2     2     2     2     2     2
       2     2     2     2     2     2     2     2     2     3     2
       2     2     2     2     2     2     2     2     2     2     2
       2     2     2     2     2     2     3     2     2     2     2
       2     2     2     2     2     2     2     2     2     2     3
       2     2     2     2     2     3]
  [ 7122  9504 11067 11183 11282 14804 16309 14418 14888 16596 17367
   13159 15082 12024 11007 15330 17515 17475 14309 16436 60034 12145
   15643 12884 13431 40083 10645 13163 15402 11246 15655 13739 13793
   15916  9278 13487  8800 13187 13208 60050 14048 10441 12682 13504
   14926 19340 15444 11931 10912 14267 12655 13395 15667  9016 60045
   14985 10657 15730 13357 10992 60032]]]
unstable
 
 err: 
done running mariposa 457.2
Bisecting: 0 revisions left to test after this (roughly 0 steps)
[5dfc40bf50efbb8781a62cd33150271c90494286] python regression
running python3 /home/yizhou7/mariposa/scripts/z3-bisect.py /home/yizhou7/mariposa/data/bisect_tasks/d_lvbkv_z3_clean--Impl-LeafImpl.i.dfy.Impl__LeafImpl.__default.repivotLeafInternal.txt
building z3
done building z3 3.0
running mariposa
res: 0 
 out: [[[    2     2     2     2     2     2     2     2     2     2     2
       2     2     2     2     2     2     2     2     2     2     2
       2     2     2     2     2     2     2     2     2     2     2
       2     2     2     2     2     2     2     2     2     2     2
       2     2     2     2     2     2     2     2     2     2     2
       2     2     2     2     2     2]
  [ 6728 11019 14209 16086 14917 14710 16506 12475 15259 15765 15266
   16539 14502 14202 13425 12417 12035 15589 12471 14557 13346 12863
   14066 12039 13491 12204 13258 13656 14402 12638 13323 13715 13655
   13942 13503 15242 13658 13477 13138 13783 14728 10676 16287 13726
   12797 12208 14795 12741 13447 12699 15190 13381 12045 11676 11628
   13873 13680 14364 10829 11073 13137]]

 [[    2     2     2     2     2     2     2     2     2     2     2
       2     2     2     2     2     2     2     2     2     2     2
       2     2     2     2     2     2     2     2     2     2     2
       3     2     2     2     2     3     2     2     2     2     2
       2     2     2     2     2     2     2     2     2     2     2
       2     2     2     3     3     3]
  [ 6728 11158 12226 12392 11983 11381 10262 13278 10278 14152 12898
    9487 13580 13173 12666  8715 12069 16859 18150 13363 15892 19281
   13656 10683 14624 13513 10865 12680 15045 12004 10348 10186 14522
   60032 12025 11297  9635 13277 60032 11277 14930 16121  9763 12998
   11171 18074 14439 15550  9833 17924 13137 20361 14286 12473 12230
   13339 13925 12541 60020 60021 60020]]

 [[    2     2     2     2     2     2     2     2     2     2     2
       2     2     2     2     2     2     2     2     3     2     2
       2     2     2     2     3     3     2     2     2     2     2
       3     2     2     2     2     2     2     2     2     2     2
       3     2     2     2     2     2     2     2     2     2     2
       2     2     2     2     2     2]
  [ 6728 11296 11488 11937 12510 15359 16510 11934 14578 11458 16253
   17706 15704 14002 13260 13907 12647 15045 15852 60017 16279 12966
   13433 15140 16755 11350 60037 60042 16454 12837 15988 13118 13565
   60032 14887 13230 10768 13550 17315 13965 10828 12670  9585 13414
   60032 12049 12947 17533  9227 15436  9490 10943 16045 13468 11448
   11007 10372 14318 10651 13701 15971]]]
stable
 
 err: 
done running mariposa 449.8
2a1f8ac2d89a13d52275e952b2f1e3c2d07be5c6 is the first bad commit
commit 2a1f8ac2d89a13d52275e952b2f1e3c2d07be5c6
Author: Nikolaj Bjorner <nbjorner@microsoft.com>
Date:   Sat Jun 22 23:48:00 2019 +0200

    revert normalizing ordering on equality as it breaks others and doesn't necessarily lead to simplification
    
    Signed-off-by: Nikolaj Bjorner <nbjorner@microsoft.com>

 src/ast/rewriter/bool_rewriter.cpp | 5 +++++
 src/ast/rewriter/bool_rewriter.h   | 5 +----
 2 files changed, 6 insertions(+), 4 deletions(-)
bisect run success
git bisect start
# good: [e79542cc689d52ec4cb34ce4ae3fbe56e7a0bf70] fix #2309
git bisect good e79542cc689d52ec4cb34ce4ae3fbe56e7a0bf70
# bad: [ad55a1f1c617a7f0c3dd735c0780fc758424c7f1] Update release.yml for Azure Pipelines
git bisect bad ad55a1f1c617a7f0c3dd735c0780fc758424c7f1
# skip: [e2702f3ae88f5c48a55f4473bb5c29184c182634] fixes in assigning constraints to intervals
git bisect skip e2702f3ae88f5c48a55f4473bb5c29184c182634
# skip: [1915812f84cf41a5f232eedf2a695a54d055aa88] add a test for intervals
git bisect skip 1915812f84cf41a5f232eedf2a695a54d055aa88
# bad: [8faf35e2e0c8fce99794e71bd3b5de74b95ceb5a] fix #3735
git bisect bad 8faf35e2e0c8fce99794e71bd3b5de74b95ceb5a
# skip: [d1a5635b4ad7f8632356b380f3a9b1fc83fdb04f] better model based lemmaas
git bisect skip d1a5635b4ad7f8632356b380f3a9b1fc83fdb04f
# skip: [0a86bd14f792ef5fadb8eeb346729a612f7e1588] start on test nla
git bisect skip 0a86bd14f792ef5fadb8eeb346729a612f7e1588
# bad: [f7747d9e76bd685a02ce5c5fbda91fc356856b5e] fix parameter collection for tactic-based solvers reported in #3065
git bisect bad f7747d9e76bd685a02ce5c5fbda91fc356856b5e
# skip: [0644194fc96a853df44c37f9e4522796aa40add8] work on lemma from product to factors, and some renaming
git bisect skip 0644194fc96a853df44c37f9e4522796aa40add8
# bad: [0321312c8db1d3f0edbd23e6e48884fbb7d77d1d] Changed to get_const_interp to match Java and C# bindings
git bisect bad 0321312c8db1d3f0edbd23e6e48884fbb7d77d1d
# bad: [6e637348826f0725ba8a01c455448023ca2889e4] Merge pull request #2368 from waywardmonkeys/fix-typo
git bisect bad 6e637348826f0725ba8a01c455448023ca2889e4
# good: [9b4f327e29de8eadd112e53af5a8fb9f430fabf7] set upload mode to replace
git bisect good 9b4f327e29de8eadd112e53af5a8fb9f430fabf7
# good: [42ac3a536369a7d4a7eafa1fa15b571b146ba594] merge with csp
git bisect good 42ac3a536369a7d4a7eafa1fa15b571b146ba594
# good: [b4290d4b3d7c021965e9ce7ee636caac0f9cac74] python regression
git bisect good b4290d4b3d7c021965e9ce7ee636caac0f9cac74
# bad: [60c504f4ef64eaf085b1fec2773704cd1102c611] make a few helpers static
git bisect bad 60c504f4ef64eaf085b1fec2773704cd1102c611
# bad: [8a129a3e6f85fa337eb7e55504ddf543828068dd] try replace for nightly to address #2362
git bisect bad 8a129a3e6f85fa337eb7e55504ddf543828068dd
# bad: [1e21ea464511cbd9d955fba00f73ebf2577f5a99] fix cleanup bug exposed by reordering simplifcations
git bisect bad 1e21ea464511cbd9d955fba00f73ebf2577f5a99
# bad: [2a1f8ac2d89a13d52275e952b2f1e3c2d07be5c6] revert normalizing ordering on equality as it breaks others and doesn't necessarily lead to simplification
git bisect bad 2a1f8ac2d89a13d52275e952b2f1e3c2d07be5c6
# good: [5dfc40bf50efbb8781a62cd33150271c90494286] python regression
git bisect good 5dfc40bf50efbb8781a62cd33150271c90494286
# first bad commit: [2a1f8ac2d89a13d52275e952b2f1e3c2d07be5c6] revert normalizing ordering on equality as it breaks others and doesn't necessarily lead to simplification
