running python3 /home/yizhou7/mariposa/scripts/z3-bisect.py /home/yizhou7/mariposa/data/bisect_tasks/d_lvbkv_z3_clean--lib-Buckets-BucketsLib.i.dfy.Impl__BucketsLib.__default.WFProperSplitBucketListRight.txt
building z3
Bisecting: 1453 revisions left to test after this (roughly 11 steps)
[1915812f84cf41a5f232eedf2a695a54d055aa88] add a test for intervals
running python3 /home/yizhou7/mariposa/scripts/z3-bisect.py /home/yizhou7/mariposa/data/bisect_tasks/d_lvbkv_z3_clean--lib-Buckets-BucketsLib.i.dfy.Impl__BucketsLib.__default.WFProperSplitBucketListRight.txt
building z3
Bisecting: 1453 revisions left to test after this (roughly 11 steps)
[8faf35e2e0c8fce99794e71bd3b5de74b95ceb5a] fix #3735
running python3 /home/yizhou7/mariposa/scripts/z3-bisect.py /home/yizhou7/mariposa/data/bisect_tasks/d_lvbkv_z3_clean--lib-Buckets-BucketsLib.i.dfy.Impl__BucketsLib.__default.WFProperSplitBucketListRight.txt
building z3
done building z3 3.2
running mariposa
res: 1 
 out: [[[    3     3     3     3     3     3     3     3     3     3     3
       3     3     3     3     3     3     3     3     3     3     3
       3     3     3     3     3     3     3     3     3     3     3
       3     3     3     3     3     3     3     3     3     3     3
       3     3     3     3     3     3     3     3     3     3     3
       3     3     3     3     3     3]
  [60040 60043 60036 60029 60034 60039 60036 60035 60042 60038 60029
   60033 60036 60038 60035 60040 60040 60030 60031 60036 60036 60037
   60044 60037 60028 60031 60034 60037 60037 60041 60036 60027 60032
   60037 60034 60038 60042 60036 60029 60031 60037 60035 60036 60044
   60037 60029 60030 60038 60035 60035 60043 60037 60029 60031 60035
   60034 60033 60043 60038 60030 60026]]

 [[    3     3     3     3     2     3     2     3     3     3     3
       3     3     3     3     3     3     2     2     2     3     3
       3     2     3     3     3     3     3     3     2     3     3
       2     2     3     3     2     3     3     3     3     3     2
       3     3     3     3     3     2     2     3     3     3     3
       2     3     3     3     3     3]
  [60040 60029 60030 60032   779 60033   899 60040 60036 60029 60030
   60028 60031 60036 60028 60032 60033   602   692   602 60029 60030
   60035   708 60045 60040 60036 60041 60041 60033   755 60038 60044
     761   817 60046 60041   877 60034 60032 60036 60037 60034   962
   60036 60036 60029 60030 60041   612   684 60036 60035 60031 60034
     536 60031 60027 60033 60032 60037]]

 [[    3     3     3     3     3     3     3     3     2     2     3
       3     3     3     3     3     3     2     3     3     3     3
       3     3     3     3     3     3     3     3     3     3     2
       2     2     3     3     3     3     3     2     3     2     2
       2     3     3     3     3     3     2     2     2     3     3
       2     2     3     3     3     3]
  [60040 60031 60032 60037 60038 60042 60039 60040   551   864 60036
   60032 60032 60027 60027 60037 60028   937 60045 60040 60041 60042
   60037 60030 60032 60034 60038 60036 60037 60032 60021 60031   910
    1217   875 60039 60044 60042 60042 60035   637 60032   698   654
     836 60037 60037 60034 60030 60026   718   773   763 60037 60036
    1010  1093 60037 60040 60035 60033]]]
unstable
 
 err: 
done running mariposa 1390.2
Bisecting: 1254 revisions left to test after this (roughly 10 steps)
[d1a5635b4ad7f8632356b380f3a9b1fc83fdb04f] better model based lemmaas
running python3 /home/yizhou7/mariposa/scripts/z3-bisect.py /home/yizhou7/mariposa/data/bisect_tasks/d_lvbkv_z3_clean--lib-Buckets-BucketsLib.i.dfy.Impl__BucketsLib.__default.WFProperSplitBucketListRight.txt
building z3
Bisecting: 1254 revisions left to test after this (roughly 10 steps)
[0a86bd14f792ef5fadb8eeb346729a612f7e1588] start on test nla
running python3 /home/yizhou7/mariposa/scripts/z3-bisect.py /home/yizhou7/mariposa/data/bisect_tasks/d_lvbkv_z3_clean--lib-Buckets-BucketsLib.i.dfy.Impl__BucketsLib.__default.WFProperSplitBucketListRight.txt
building z3
Bisecting: 1254 revisions left to test after this (roughly 10 steps)
[f7747d9e76bd685a02ce5c5fbda91fc356856b5e] fix parameter collection for tactic-based solvers reported in #3065
running python3 /home/yizhou7/mariposa/scripts/z3-bisect.py /home/yizhou7/mariposa/data/bisect_tasks/d_lvbkv_z3_clean--lib-Buckets-BucketsLib.i.dfy.Impl__BucketsLib.__default.WFProperSplitBucketListRight.txt
building z3
done building z3 3.2
running mariposa
res: 1 
 out: [[[    3     3     3     3     3     3     3     3     3     3     3
       3     3     3     3     3     3     3     3     3     3     3
       3     3     3     3     3     3     3     3     3     3     3
       3     3     3     3     3     3     3     3     3     3     3
       3     3     3     3     3     3     3     3     3     3     3
       3     3     3     3     3     3]
  [60045 60046 60040 60037 60033 60041 60041 60041 60044 60041 60040
   60032 60043 60040 60040 60047 60042 60037 60034 60039 60038 60042
   60048 60042 60035 60036 60041 60040 60042 60046 60042 60036 60036
   60040 60038 60043 60047 60042 60034 60037 60042 60038 60042 60047
   60041 60039 60034 60041 60039 60041 60047 60039 60040 60034 60039
   60036 60039 60046 60041 60038 60032]]

 [[    3     3     3     3     2     3     2     3     3     3     3
       3     3     3     3     3     3     2     2     2     3     3
       3     2     3     3     3     3     3     3     2     3     3
       2     2     3     3     2     3     3     3     3     3     2
       3     3     3     3     3     2     2     3     3     3     3
       3     2     3     3     3     3]
  [60045 60040 60037 60033   819 60047   914 60048 60045 60030 60028
   60029 60036 60047 60047 60043 60036   667   801   831 60034 60033
   60035   692 60031 60041 60042 60038 60040 60047   768 60036 60042
     709   930 60048 60042   808 60036 60041 60034 60036 60037   813
   60044 60037 60033 60038 60042   755   681 60037 60039 60016 60038
   60040   649 60034 60038 60038 60039]]

 [[    3     3     3     3     3     3     3     3     2     2     3
       3     3     3     3     3     2     3     3     3     3     3
       3     3     3     3     3     3     3     3     3     3     2
       2     2     3     3     3     3     3     2     3     2     2
       2     3     3     3     3     3     2     2     3     2     3
       2     2     3     3     3     3]
  [60045 60041 60042 60046 60044 60036 60037 60036   590   890 60042
   60039 60033 60035 60031 60038   807 60025 60043 60038 60038 60035
   60037 60033 60028 60044 60043 60037 60039 60034 60024 60033  1075
    1211   872 60042 60047 60047 60046 60042   640 60037   738   738
     758 60050 60047 60040 60042 60030   667   761 60047   839 60046
     911   979 60056 60045 60042 60040]]]
unstable
 
 err: 
done running mariposa 1390.7
Bisecting: 1034 revisions left to test after this (roughly 10 steps)
[0644194fc96a853df44c37f9e4522796aa40add8] work on lemma from product to factors, and some renaming
running python3 /home/yizhou7/mariposa/scripts/z3-bisect.py /home/yizhou7/mariposa/data/bisect_tasks/d_lvbkv_z3_clean--lib-Buckets-BucketsLib.i.dfy.Impl__BucketsLib.__default.WFProperSplitBucketListRight.txt
building z3
Bisecting: 1034 revisions left to test after this (roughly 10 steps)
[0321312c8db1d3f0edbd23e6e48884fbb7d77d1d] Changed to get_const_interp to match Java and C# bindings
running python3 /home/yizhou7/mariposa/scripts/z3-bisect.py /home/yizhou7/mariposa/data/bisect_tasks/d_lvbkv_z3_clean--lib-Buckets-BucketsLib.i.dfy.Impl__BucketsLib.__default.WFProperSplitBucketListRight.txt
building z3
done building z3 3.1
running mariposa
res: 1 
 out: [[[    3     3     3     3     3     3     3     3     3     3     3
       3     3     3     3     3     3     3     3     3     3     3
       3     3     3     3     3     3     3     3     3     3     3
       3     3     3     3     3     3     3     3     3     3     3
       3     3     3     3     3     3     3     3     3     3     3
       3     3     3     3     3     3]
  [60045 60035 60035 60038 60039 60038 60050 60046 60037 60037 60038
   60037 60040 60050 60037 60037 60037 60036 60043 60039 60050 60037
   60035 60036 60040 60041 60040 60048 60044 60036 60034 60039 60038
   60043 60049 60045 60036 60035 60037 60037 60041 60049 60041 60037
   60038 60041 60035 60041 60050 60038 60036 60040 60037 60042 60039
   60049 60040 60040 60036 60030 60030]]

 [[    3     3     3     3     2     3     3     2     3     3     3
       3     3     3     3     3     3     2     2     3     2     3
       3     3     2     3     3     3     3     3     2     3     3
       2     3     2     3     3     2     3     3     3     3     2
       3     3     3     3     3     2     2     3     3     3     3
       2     3     3     3     3     3]
  [60045 60040 60040 60051   870 60048 60042   870 60045 60030 60031
   60035 60043 60046 60043 60035 60038   644   777 60032   826 60035
   60047 60032   538 60033 60041 60037 60042 60053   909 60047 60042
     536 60043   707 60040 60033   931 60047 60036 60048 60039   640
   60036 60034 60033 60036 60047   880   722 60047 60016 60041 60034
     689 60040 60034 60039 60046 60038]]

 [[    3     2     2     3     3     3     3     3     3     3     2
       3     3     3     3     3     3     2     3     2     3     3
       3     3     3     3     3     2     3     3     3     3     3
       3     2     2     2     2     2     3     3     3     3     3
       3     2     2     2     2     2     3     3     2     2     2
       2     3     3     3     3     3]
  [60045   535   681 60021 60039 60039 60040 60039 60041 60035   692
   60044 60033 60035 60036 60028 60029   637 60032   878 60043 60038
   60038 60039 60037 60034 60045  1091 60027 60040 60039 60024 60038
   60038   692   753   641   849   951 60045 60054 60038 60043 60043
   60046   724   636   959   833   694 60036 60044   774   811   829
     981 60048 60040 60038 60040 60043]]]
unstable
 
 err: 
done running mariposa 1333.5
Bisecting: 261 revisions left to test after this (roughly 8 steps)
[6e637348826f0725ba8a01c455448023ca2889e4] Merge pull request #2368 from waywardmonkeys/fix-typo
running python3 /home/yizhou7/mariposa/scripts/z3-bisect.py /home/yizhou7/mariposa/data/bisect_tasks/d_lvbkv_z3_clean--lib-Buckets-BucketsLib.i.dfy.Impl__BucketsLib.__default.WFProperSplitBucketListRight.txt
building z3
done building z3 3.1
running mariposa
res: 1 
 out: [[[    2     2     2     2     2     2     2     2     2     2     2
       2     2     2     2     2     2     2     2     2     2     2
       2     2     2     2     2     2     2     2     2     2     2
       2     2     2     2     2     2     2     2     2     2     2
       2     2     2     2     2     2     2     2     2     2     2
       2     2     2     2     2     2]
  [  478   845   904   889   797   821   849   826   818   735   748
     748   778   754   727   744   750   738   790   735   747   743
     746   783   740   742   729   737   692   688   656   631   642
     634   624   631   634   639   642   666   666   658   656   654
     628   647   669   638   648   645   638   666   658   646   657
     651   657   633   658   646   607]]

 [[    2     2     2     2     2     2     2     2     2     2     2
       2     2     2     2     2     2     3     3     2     3     2
       3     3     2     2     2     2     2     3     2     2     2
       2     3     3     2     2     3     3     2     2     2     3
       2     2     2     2     2     2     2     2     2     2     2
       3     3     3     3     3     3]
  [  478   663   972   699   858   710   723   802   629   955   961
     689   823   881   788   893  1045 60057 60051   914 60051   597
   60053 60052   769   916   823   848   870 60054  1105   917   639
     765 60060 60058   599   661 60053 60049   689   711   627 60049
     630   825   524   751   557   730   719   880  1044  1065   946
   60057 60054 60051 60061 60051 60047]]

 [[    2     2     2     2     2     2     2     2     3     3     3
       3     2     3     2     2     3     2     3     2     2     2
       2     2     2     2     3     3     3     3     3     2     3
       2     3     2     2     2     2     3     3     3     2     2
       3     3     3     2     2     3     2     2     3     3     3
       2     2     3     3     3     3]
  [  478   532   728   734   768   805   831   999 60034 60039 60038
   60033   653 60032   802   770 60044   673 60045   970  1070   876
     820   855   888   941 60049 60043 60041 60043 60041   775 60045
     998 60042  1024  1101   876   879 60026 60044 60017   745   823
   60047 60041 60048   860   944 60043   997  1078 60047 60044 60041
     638   626 60034 60042 60037 60043]]]
unstable
 
 err: 
done running mariposa 430.7
Bisecting: 130 revisions left to test after this (roughly 7 steps)
[9b4f327e29de8eadd112e53af5a8fb9f430fabf7] set upload mode to replace
running python3 /home/yizhou7/mariposa/scripts/z3-bisect.py /home/yizhou7/mariposa/data/bisect_tasks/d_lvbkv_z3_clean--lib-Buckets-BucketsLib.i.dfy.Impl__BucketsLib.__default.WFProperSplitBucketListRight.txt
building z3
done building z3 3.1
running mariposa
res: 0 
 out: [[[  2   2   2   2   2   2   2   2   2   2   2   2   2   2   2   2   2
     2   2   2   2   2   2   2   2   2   2   2   2   2   2   2   2   2
     2   2   2   2   2   2   2   2   2   2   2   2   2   2   2   2   2
     2   2   2   2   2   2   2   2   2   2]
  [347 422 422 423 433 431 427 425 424 422 426 431 427 425 421 422 427
   424 430 426 426 420 423 421 426 427 425 429 427 425 420 426 425 429
   426 421 423 425 422 427 427 428 419 421 424 423 430 429 428 424 428
   422 422 428 429 431 409 407 406 403 391]]

 [[  2   2   2   2   2   2   2   2   2   2   2   2   2   2   2   2   2
     2   2   2   2   2   2   2   2   2   2   2   2   2   2   2   2   2
     2   2   2   2   2   2   2   2   2   2   2   2   2   2   2   2   2
     2   2   2   2   2   2   2   2   2   2]
  [347 433 434 430 422 429 428 430 438 434 431 421 430 427 424 429 435
   433 423 432 428 429 432 430 429 423 433 426 428 433 428 436 421 427
   428 432 428 427 434 425 425 427 431 428 426 429 422 428 429 430 429
   426 433 424 424 428 428 431 433 434 430]]

 [[  2   2   2   2   2   2   2   2   2   2   2   2   2   2   2   2   2
     2   2   2   2   2   2   2   2   2   2   2   2   2   2   2   2   2
     2   2   2   2   2   2   2   2   2   2   2   2   2   2   2   2   2
     2   2   2   2   2   2   2   2   2   2]
  [347 453 455 443 436 440 446 451 435 441 458 445 438 441 476 434 449
   443 434 456 461 484 440 436 443 444 447 471 450 448 444 459 441 462
   461 435 442 447 444 462 446 442 447 449 458 443 445 470 459 474 464
   451 449 446 442 452 445 421 480 424 446]]]
stable
 
 err: 
done running mariposa 18.3
Bisecting: 65 revisions left to test after this (roughly 6 steps)
[42ac3a536369a7d4a7eafa1fa15b571b146ba594] merge with csp
running python3 /home/yizhou7/mariposa/scripts/z3-bisect.py /home/yizhou7/mariposa/data/bisect_tasks/d_lvbkv_z3_clean--lib-Buckets-BucketsLib.i.dfy.Impl__BucketsLib.__default.WFProperSplitBucketListRight.txt
building z3
done building z3 3.0
running mariposa
res: 0 
 out: [[[  2   2   2   2   2   2   2   2   2   2   2   2   2   2   2   2   2
     2   2   2   2   2   2   2   2   2   2   2   2   2   2   2   2   2
     2   2   2   2   2   2   2   2   2   2   2   2   2   2   2   2   2
     2   2   2   2   2   2   2   2   2   2]
  [345 422 424 420 432 424 428 421 426 423 422 427 427 426 423 421 430
   429 430 426 425 425 421 425 420 425 425 425 426 425 422 419 425 426
   427 423 427 424 422 424 427 427 424 422 427 424 430 425 423 422 424
   422 426 427 425 425 406 406 411 405 384]]

 [[  2   2   2   2   2   2   2   2   2   2   2   2   2   2   2   2   2
     2   2   2   2   2   2   2   2   2   2   2   2   2   2   2   2   2
     2   2   2   2   2   2   2   2   2   2   2   2   2   2   2   2   2
     2   2   2   2   2   2   2   2   2   2]
  [345 427 428 430 419 425 428 431 428 428 431 421 423 421 425 432 428
   432 420 424 423 427 431 436 429 421 420 421 423 432 428 432 423 425
   422 422 430 434 429 425 422 426 426 429 430 430 419 428 431 424 428
   426 431 419 425 426 421 434 429 430 429]]

 [[  2   2   2   2   2   2   2   2   2   2   2   2   2   2   2   2   2
     2   2   2   2   2   2   2   2   2   2   2   2   2   2   2   2   2
     2   2   2   2   2   2   2   2   2   2   2   2   2   2   2   2   2
     2   2   2   2   2   2   2   2   2   2]
  [345 439 432 442 456 441 452 457 429 432 457 445 443 439 477 428 447
   431 447 446 457 477 428 435 444 446 449 470 449 437 435 460 440 455
   462 432 439 442 440 442 455 441 446 446 454 441 441 468 458 475 467
   448 442 451 439 452 441 419 475 422 448]]]
stable
 
 err: 
done running mariposa 18.3
Bisecting: 32 revisions left to test after this (roughly 5 steps)
[b4290d4b3d7c021965e9ce7ee636caac0f9cac74] python regression
running python3 /home/yizhou7/mariposa/scripts/z3-bisect.py /home/yizhou7/mariposa/data/bisect_tasks/d_lvbkv_z3_clean--lib-Buckets-BucketsLib.i.dfy.Impl__BucketsLib.__default.WFProperSplitBucketListRight.txt
building z3
done building z3 3.1
running mariposa
res: 1 
 out: [[[    2     2     2     2     2     2     2     2     2     2     2
       2     2     2     2     2     2     2     2     2     2     2
       2     2     2     2     2     2     2     2     2     2     2
       2     2     2     2     2     2     2     2     2     2     2
       2     2     2     2     2     2     2     2     2     2     2
       2     2     2     2     2     2]
  [  382   704   693   684   688   633   620   613   622   622   619
     612   618   614   604   600   540   555   531   553   558   551
     538   556   551   542   544   542   552   549   554   534   539
     541   541   550   557   542   510   554   558   552   543   540
     555   552   559   557   532   535   562   540   550   554   547
     543   505   505   535   541   542]]

 [[    2     2     2     2     2     2     2     2     2     2     2
       2     2     2     2     2     2     3     2     2     2     2
       3     3     2     2     2     2     3     2     2     2     3
       3     2     2     2     2     2     3     2     2     2     3
       3     2     3     2     3     3     2     3     2     2     2
       3     3     3     3     3     3]
  [  382  1162   897   718   764   956  1108   806   870   853   813
     678  1026   905   879  1043   779 60048   975   876   970   789
   60063 60054   650   784   816   625 60050   693  1040   933 60052
   60052   666   912   841   919   830 60050  1093  1028  1170 60053
   60060   813 60057   557 60057 60053   875 60051   912   996   762
   60054 60052 60060 60052 60055 60047]]

 [[    2     2     2     2     2     2     2     2     3     3     3
       2     3     3     2     3     3     2     2     2     2     2
       2     2     2     2     2     2     2     2     2     2     2
       3     3     3     3     3     2     3     3     2     3     3
       2     3     3     2     2     2     3     3     2     2     3
       3     3     3     3     3     3]
  [  382   544   579   644   689   871   733   912 60046 60039 60040
     604 60035 60036   892 60038 60032   798   693  1023   732   796
     758  1054  1168  1096   914  1022  1319  1125  1042   817  1152
   60043 60040 60037 60039 60046   876 60043 60036  1363 60049 60043
     638 60035 60038   682   772   688 60042 60048   898   947 60043
   60055 60043 60042 60041 60042 60042]]]
unstable
 
 err: 
done running mariposa 437.2
Bisecting: 16 revisions left to test after this (roughly 4 steps)
[0f7ff2a3d016ce6cc0dcc2654a6aa0187bc55192] swap
running python3 /home/yizhou7/mariposa/scripts/z3-bisect.py /home/yizhou7/mariposa/data/bisect_tasks/d_lvbkv_z3_clean--lib-Buckets-BucketsLib.i.dfy.Impl__BucketsLib.__default.WFProperSplitBucketListRight.txt
building z3
done building z3 3.0
running mariposa
res: 0 
 out: [[[  2   2   2   2   2   2   2   2   2   2   2   2   2   2   2   2   2
     2   2   2   2   2   2   2   2   2   2   2   2   2   2   2   2   2
     2   2   2   2   2   2   2   2   2   2   2   2   2   2   2   2   2
     2   2   2   2   2   2   2   2   2   2]
  [333 414 417 413 406 412 406 410 414 413 413 407 409 411 412 413 411
   409 406 406 409 413 415 411 417 403 408 409 411 416 413 414 409 407
   410 410 415 414 414 406 408 404 407 416 413 415 406 405 404 408 414
   417 414 406 410 403 401 401 402 398 382]]

 [[  2   2   2   2   2   2   2   2   2   2   2   2   2   2   2   2   2
     2   2   2   2   2   2   2   2   2   2   2   2   2   2   2   2   2
     2   2   2   2   2   2   2   2   2   2   2   2   2   2   2   2   2
     2   2   2   2   2   2   2   2   2   2]
  [333 435 453 434 444 433 435 446 457 437 453 448 449 434 433 460 438
   437 447 437 430 447 442 459 451 447 455 434 432 436 439 460 444 452
   436 453 437 441 435 431 435 446 446 435 456 442 429 438 436 435 433
   456 452 430 450 434 434 434 438 446 441]]

 [[  2   2   2   2   2   2   2   2   2   2   2   2   2   2   2   2   2
     2   2   2   2   2   2   2   2   2   2   2   2   2   2   2   2   2
     2   2   2   2   2   2   2   2   2   2   2   2   2   2   2   2   2
     2   2   2   2   2   2   2   2   2   2]
  [333 447 450 466 457 465 505 531 453 445 445 459 455 450 465 442 475
   445 505 492 464 466 452 435 486 476 473 460 486 434 452 494 474 472
   463 464 439 438 445 454 484 496 560 439 439 446 495 463 499 454 446
   471 447 468 458 435 510 443 455 431 455]]]
stable
 
 err: 
done running mariposa 18.3
Bisecting: 7 revisions left to test after this (roughly 3 steps)
[89e8a1392c992a6c37b8c5320b9e4b9b506bd4a1] na
running python3 /home/yizhou7/mariposa/scripts/z3-bisect.py /home/yizhou7/mariposa/data/bisect_tasks/d_lvbkv_z3_clean--lib-Buckets-BucketsLib.i.dfy.Impl__BucketsLib.__default.WFProperSplitBucketListRight.txt
building z3
done building z3 3.1
running mariposa
res: 1 
 out: [[[    2     2     2     2     2     2     2     2     2     2     2
       2     2     2     2     2     2     2     2     2     2     2
       2     2     2     2     2     2     2     2     2     2     2
       2     2     2     2     2     2     2     2     2     2     2
       2     2     2     2     2     2     2     2     2     2     2
       2     2     2     2     2     2]
  [  387   702   687   646   641   637   615   617   619   620   617
     618   628   616   602   595   546   558   543   559   558   559
     542   558   559   543   553   546   560   552   561   539   543
     548   544   553   555   550   516   552   565   558   542   541
     565   557   555   559   541   532   560   541   551   558   542
     547   509   512   534   544   543]]

 [[    2     2     2     2     2     2     2     2     2     2     2
       2     2     2     2     2     2     3     2     2     2     2
       3     3     2     2     2     2     3     2     2     2     3
       3     2     2     2     2     2     3     2     2     2     3
       3     2     3     2     3     3     2     3     2     2     3
       2     3     3     3     3     3]
  [  387  1201   920   715   768   963  1093   818   879   877   813
     690  1029   907   886  1052   784 60050   975   889  1000   741
   60063 60057   656   780   822   623 60049   694  1032   932 60049
   60049   680   926   851   973   881 60053  1082   995  1142 60052
   60061   810 60053   560 60056 60056   881 60054   874  1020 60055
     756 60050 60059 60054 60053 60046]]

 [[    2     2     2     2     2     2     2     2     3     3     3
       2     3     3     2     3     2     3     2     2     2     2
       2     2     2     2     2     2     2     2     2     2     2
       3     3     3     3     3     2     3     3     2     3     3
       2     3     3     2     2     2     3     3     2     2     3
       3     3     3     3     3     3]
  [  387   575   546   638   698   880   742   935 60046 60038 60036
     607 60043 60037   897 60039   778 60032   688  1012   731   780
     757  1045  1139  1086   909  1017  1308  1120  1021   809  1140
   60045 60044 60039 60038 60045   888 60034 60040  1391 60049 60044
     632 60037 60034   684   793   682 60040 60049   909   935 60044
   60057 60042 60041 60042 60044 60039]]]
unstable
 
 err: 
done running mariposa 437.2
Bisecting: 4 revisions left to test after this (roughly 2 steps)
[1827f98851e1866187abe743afd2d80bc786412f] more fixes for mutexes in shell
running python3 /home/yizhou7/mariposa/scripts/z3-bisect.py /home/yizhou7/mariposa/data/bisect_tasks/d_lvbkv_z3_clean--lib-Buckets-BucketsLib.i.dfy.Impl__BucketsLib.__default.WFProperSplitBucketListRight.txt
building z3
done building z3 3.1
running mariposa
res: 0 
 out: [[[  2   2   2   2   2   2   2   2   2   2   2   2   2   2   2   2   2
     2   2   2   2   2   2   2   2   2   2   2   2   2   2   2   2   2
     2   2   2   2   2   2   2   2   2   2   2   2   2   2   2   2   2
     2   2   2   2   2   2   2   2   2   2]
  [339 414 417 412 407 411 409 417 411 413 415 410 411 404 413 413 413
   416 405 410 404 417 413 413 418 402 410 406 411 413 415 412 406 415
   411 414 412 418 414 407 415 409 413 410 423 414 408 407 413 410 410
   412 418 410 414 408 399 402 395 396 381]]

 [[  2   2   2   2   2   2   2   2   2   2   2   2   2   2   2   2   2
     2   2   2   2   2   2   2   2   2   2   2   2   2   2   2   2   2
     2   2   2   2   2   2   2   2   2   2   2   2   2   2   2   2   2
     2   2   2   2   2   2   2   2   2   2]
  [339 442 456 436 444 437 448 434 455 437 455 448 448 430 434 455 444
   440 442 434 430 450 438 458 459 449 450 431 433 437 441 457 450 452
   434 448 437 436 440 434 435 454 451 433 450 434 431 436 442 434 439
   453 451 431 455 438 433 436 433 450 437]]

 [[  2   2   2   2   2   2   2   2   2   2   2   2   2   2   2   2   2
     2   2   2   2   2   2   2   2   2   2   2   2   2   2   2   2   2
     2   2   2   2   2   2   2   2   2   2   2   2   2   2   2   2   2
     2   2   2   2   2   2   2   2   2   2]
  [339 444 451 468 458 466 515 527 451 444 449 453 474 470 451 441 447
   479 502 496 468 470 443 440 487 476 473 467 487 434 455 500 475 459
   476 462 440 438 452 446 482 498 562 441 443 459 446 500 497 459 449
   470 454 473 463 437 506 444 452 429 449]]]
stable
 
 err: 
done running mariposa 18.3
Bisecting: 1 revision left to test after this (roughly 1 step)
[5177cc4a9a58df192c6a844ca13abf7e7cd3be15] change lt
running python3 /home/yizhou7/mariposa/scripts/z3-bisect.py /home/yizhou7/mariposa/data/bisect_tasks/d_lvbkv_z3_clean--lib-Buckets-BucketsLib.i.dfy.Impl__BucketsLib.__default.WFProperSplitBucketListRight.txt
building z3
done building z3 3.0
running mariposa
res: 1 
 out: [[[    2     2     2     2     2     2     2     2     2     2     2
       2     2     2     2     2     2     2     2     2     2     2
       2     2     2     2     2     2     2     2     2     2     2
       2     2     2     2     2     2     2     2     2     2     2
       2     2     2     2     2     2     2     2     2     2     2
       2     2     2     2     2     2]
  [  388   689   709   674   678   611   633   611   615   618   615
     615   619   589   605   585   542   550   534   565   598   556
     545   557   553   551   546   544   558   553   561   541   538
     541   554   549   558   515   548   557   559   557   543   545
     559   555   561   552   538   538   554   538   549   559   550
     544   512   509   535   544   538]]

 [[    2     2     2     2     2     2     2     2     2     2     2
       2     2     2     2     2     2     3     2     2     2     2
       3     3     2     2     2     2     3     2     2     2     3
       3     2     2     2     2     2     3     2     2     2     3
       3     2     3     2     3     3     2     3     2     2     3
       2     3     3     3     3     3]
  [  388  1204   910   712   774   958  1090   811   874   867   810
     687  1035   905   879  1047   779 60053   992   877   968   747
   60063 60055   658   776   818   621 60051   692  1027   928 60049
   60053   678   916   849   960   865 60049  1078  1024  1152 60055
   60060   824 60054   559 60056 60053   880 60051   919  1004 60057
     763 60052 60059 60054 60054 60049]]

 [[    2     2     2     2     2     2     2     2     3     3     2
       3     3     3     2     3     3     2     2     2     2     2
       2     2     2     2     2     2     2     2     2     2     2
       3     3     3     3     3     2     3     3     2     3     3
       2     3     3     2     2     2     3     3     2     2     3
       3     3     3     3     3     3]
  [  388   539   580   634   699   877   740   922 60040 60043   603
   60040 60036 60037   900 60038 60033   772   701  1020   741   804
     760  1052  1157  1084   902  1016  1312  1120  1020   815  1141
   60045 60041 60038 60039 60046   893 60032 60045  1381 60049 60046
     637 60037 60036   673   781   684 60038 60049   899   943 60044
   60057 60043 60040 60040 60044 60037]]]
unstable
 
 err: 
done running mariposa 437.1
Bisecting: 0 revisions left to test after this (roughly 1 step)
[7c9d2e0d75757ed6aa535f72c7dec70d5a527fed] pydoc test
running python3 /home/yizhou7/mariposa/scripts/z3-bisect.py /home/yizhou7/mariposa/data/bisect_tasks/d_lvbkv_z3_clean--lib-Buckets-BucketsLib.i.dfy.Impl__BucketsLib.__default.WFProperSplitBucketListRight.txt
building z3
done building z3 3.0
running mariposa
res: 0 
 out: [[[  2   2   2   2   2   2   2   2   2   2   2   2   2   2   2   2   2
     2   2   2   2   2   2   2   2   2   2   2   2   2   2   2   2   2
     2   2   2   2   2   2   2   2   2   2   2   2   2   2   2   2   2
     2   2   2   2   2   2   2   2   2   2]
  [337 410 417 417 406 413 408 406 414 416 416 408 409 406 404 415 416
   413 406 408 407 409 412 412 417 406 410 407 405 414 411 415 407 408
   411 402 414 413 415 404 407 413 405 414 412 416 408 407 414 403 411
   415 415 410 407 407 399 393 395 392 382]]

 [[  2   2   2   2   2   2   2   2   2   2   2   2   2   2   2   2   2
     2   2   2   2   2   2   2   2   2   2   2   2   2   2   2   2   2
     2   2   2   2   2   2   2   2   2   2   2   2   2   2   2   2   2
     2   2   2   2   2   2   2   2   2   2]
  [337 440 441 457 447 434 433 446 457 440 454 450 450 431 429 453 442
   441 448 435 429 445 439 460 456 451 456 433 432 437 436 454 450 456
   438 448 436 439 435 434 434 453 450 434 452 438 433 443 438 436 432
   454 451 430 450 446 435 435 437 448 437]]

 [[  2   2   2   2   2   2   2   2   2   2   2   2   2   2   2   2   2
     2   2   2   2   2   2   2   2   2   2   2   2   2   2   2   2   2
     2   2   2   2   2   2   2   2   2   2   2   2   2   2   2   2   2
     2   2   2   2   2   2   2   2   2   2]
  [337 453 464 444 446 467 504 527 453 444 449 456 455 467 450 441 450
   481 501 492 460 462 449 436 492 476 475 459 478 432 453 456 470 479
   501 468 439 437 449 449 480 494 559 440 436 457 447 502 489 458 442
   466 450 473 457 434 505 441 449 431 449]]]
stable
 
 err: 
done running mariposa 18.3
5177cc4a9a58df192c6a844ca13abf7e7cd3be15 is the first bad commit
commit 5177cc4a9a58df192c6a844ca13abf7e7cd3be15
Author: Nikolaj Bjorner <nbjorner@microsoft.com>
Date:   Fri Jun 21 09:08:20 2019 +0200

    change lt
    
    Signed-off-by: Nikolaj Bjorner <nbjorner@microsoft.com>

 src/ast/ast_lt.h                   | 4 ++++
 src/ast/rewriter/bool_rewriter.cpp | 6 ++++--
 2 files changed, 8 insertions(+), 2 deletions(-)
bisect run success
git bisect start
# good: [e79542cc689d52ec4cb34ce4ae3fbe56e7a0bf70] fix #2309
git bisect good e79542cc689d52ec4cb34ce4ae3fbe56e7a0bf70
# bad: [ad55a1f1c617a7f0c3dd735c0780fc758424c7f1] Update release.yml for Azure Pipelines
git bisect bad ad55a1f1c617a7f0c3dd735c0780fc758424c7f1
# skip: [e2702f3ae88f5c48a55f4473bb5c29184c182634] fixes in assigning constraints to intervals
git bisect skip e2702f3ae88f5c48a55f4473bb5c29184c182634
# skip: [1915812f84cf41a5f232eedf2a695a54d055aa88] add a test for intervals
git bisect skip 1915812f84cf41a5f232eedf2a695a54d055aa88
# bad: [8faf35e2e0c8fce99794e71bd3b5de74b95ceb5a] fix #3735
git bisect bad 8faf35e2e0c8fce99794e71bd3b5de74b95ceb5a
# skip: [d1a5635b4ad7f8632356b380f3a9b1fc83fdb04f] better model based lemmaas
git bisect skip d1a5635b4ad7f8632356b380f3a9b1fc83fdb04f
# skip: [0a86bd14f792ef5fadb8eeb346729a612f7e1588] start on test nla
git bisect skip 0a86bd14f792ef5fadb8eeb346729a612f7e1588
# bad: [f7747d9e76bd685a02ce5c5fbda91fc356856b5e] fix parameter collection for tactic-based solvers reported in #3065
git bisect bad f7747d9e76bd685a02ce5c5fbda91fc356856b5e
# skip: [0644194fc96a853df44c37f9e4522796aa40add8] work on lemma from product to factors, and some renaming
git bisect skip 0644194fc96a853df44c37f9e4522796aa40add8
# bad: [0321312c8db1d3f0edbd23e6e48884fbb7d77d1d] Changed to get_const_interp to match Java and C# bindings
git bisect bad 0321312c8db1d3f0edbd23e6e48884fbb7d77d1d
# bad: [6e637348826f0725ba8a01c455448023ca2889e4] Merge pull request #2368 from waywardmonkeys/fix-typo
git bisect bad 6e637348826f0725ba8a01c455448023ca2889e4
# good: [9b4f327e29de8eadd112e53af5a8fb9f430fabf7] set upload mode to replace
git bisect good 9b4f327e29de8eadd112e53af5a8fb9f430fabf7
# good: [42ac3a536369a7d4a7eafa1fa15b571b146ba594] merge with csp
git bisect good 42ac3a536369a7d4a7eafa1fa15b571b146ba594
# bad: [b4290d4b3d7c021965e9ce7ee636caac0f9cac74] python regression
git bisect bad b4290d4b3d7c021965e9ce7ee636caac0f9cac74
# good: [0f7ff2a3d016ce6cc0dcc2654a6aa0187bc55192] swap
git bisect good 0f7ff2a3d016ce6cc0dcc2654a6aa0187bc55192
# bad: [89e8a1392c992a6c37b8c5320b9e4b9b506bd4a1] na
git bisect bad 89e8a1392c992a6c37b8c5320b9e4b9b506bd4a1
# good: [1827f98851e1866187abe743afd2d80bc786412f] more fixes for mutexes in shell
git bisect good 1827f98851e1866187abe743afd2d80bc786412f
# bad: [5177cc4a9a58df192c6a844ca13abf7e7cd3be15] change lt
git bisect bad 5177cc4a9a58df192c6a844ca13abf7e7cd3be15
# good: [7c9d2e0d75757ed6aa535f72c7dec70d5a527fed] pydoc test
git bisect good 7c9d2e0d75757ed6aa535f72c7dec70d5a527fed
# first bad commit: [5177cc4a9a58df192c6a844ca13abf7e7cd3be15] change lt
