running python3 /home/yizhou7/mariposa/scripts/z3-bisect.py /home/yizhou7/mariposa/data/bisect_tasks/d_lvbkv_z3_clean--PivotBetree-PivotBetreeSpecRefinement.i.dfy.Impl__PivotBetreeSpecRefinement.__default.InUpperBoundAndNot.txt
building z3
Bisecting: 1453 revisions left to test after this (roughly 11 steps)
[1915812f84cf41a5f232eedf2a695a54d055aa88] add a test for intervals
running python3 /home/yizhou7/mariposa/scripts/z3-bisect.py /home/yizhou7/mariposa/data/bisect_tasks/d_lvbkv_z3_clean--PivotBetree-PivotBetreeSpecRefinement.i.dfy.Impl__PivotBetreeSpecRefinement.__default.InUpperBoundAndNot.txt
building z3
Bisecting: 1453 revisions left to test after this (roughly 11 steps)
[8faf35e2e0c8fce99794e71bd3b5de74b95ceb5a] fix #3735
running python3 /home/yizhou7/mariposa/scripts/z3-bisect.py /home/yizhou7/mariposa/data/bisect_tasks/d_lvbkv_z3_clean--PivotBetree-PivotBetreeSpecRefinement.i.dfy.Impl__PivotBetreeSpecRefinement.__default.InUpperBoundAndNot.txt
building z3
done building z3 3.2
running mariposa
res: 1 
 out: [[[  4   4   4   4   4   4   4   4   4   4   4   4   4   4   4   4   4
     4   4   4   4   4   4   4   4   4   4   4   4   4   4   4   4   4
     4   4   4   4   4   4   4   4   4   4   4   4   4   4   4   4   4
     4   4   4   4   4   4   4   4   4   4]
  [388 457 461 460 460 462 460 458 461 457 457 462 460 464 461 458 458
   456 463 464 462 459 457 459 459 466 467 466 462 459 467 461 463 466
   468 459 455 459 457 457 466 465 460 463 461 458 461 463 464 462 458
   460 457 461 464 465 449 448 442 439 438]]

 [[  4   2   4   4   2   4   2   4   4   2   4   4   4   2   2   2   2
     4   2   4   4   2   4   4   4   2   2   4   2   2   4   2   4   4
     4   4   2   2   4   2   4   2   4   4   4   4   2   2   2   4   2
     4   2   2   2   4   2   4   4   4   4]
  [388 471 472 474 471 467 466 466 467 473 471 475 466 469 524 467 473
   470 471 469 468 469 470 468 469 474 470 469 470 466 471 472 467 474
   469 467 468 474 470 464 469 470 465 468 471 468 466 467 466 467 463
   475 475 470 468 474 472 466 467 472 467]]

 [[  4   2   2   4   4   4   4   4   4   4   2   4   2   2   2   4   2
     2   4   4   4   2   4   4   4   4   4   4   2   4   4   2   2   4
     2   4   4   4   4   4   2   2   2   4   4   2   4   4   4   4   2
     2   4   2   4   4   2   4   2   4   2]
  [388 521 525 576 577 577 581 588 529 526 530 534 586 531 580 524 573
   518 583 529 585 581 521 531 584 584 526 577 571 520 534 536 534 524
   534 580 570 526 529 577 526 584 616 528 528 524 582 601 529 527 570
   527 534 527 582 526 577 576 522 578 578]]]
unstable
 
 err: 
done running mariposa 23.1
Bisecting: 1254 revisions left to test after this (roughly 10 steps)
[d1a5635b4ad7f8632356b380f3a9b1fc83fdb04f] better model based lemmaas
running python3 /home/yizhou7/mariposa/scripts/z3-bisect.py /home/yizhou7/mariposa/data/bisect_tasks/d_lvbkv_z3_clean--PivotBetree-PivotBetreeSpecRefinement.i.dfy.Impl__PivotBetreeSpecRefinement.__default.InUpperBoundAndNot.txt
building z3
Bisecting: 1254 revisions left to test after this (roughly 10 steps)
[0a86bd14f792ef5fadb8eeb346729a612f7e1588] start on test nla
running python3 /home/yizhou7/mariposa/scripts/z3-bisect.py /home/yizhou7/mariposa/data/bisect_tasks/d_lvbkv_z3_clean--PivotBetree-PivotBetreeSpecRefinement.i.dfy.Impl__PivotBetreeSpecRefinement.__default.InUpperBoundAndNot.txt
building z3
Bisecting: 1254 revisions left to test after this (roughly 10 steps)
[f7747d9e76bd685a02ce5c5fbda91fc356856b5e] fix parameter collection for tactic-based solvers reported in #3065
running python3 /home/yizhou7/mariposa/scripts/z3-bisect.py /home/yizhou7/mariposa/data/bisect_tasks/d_lvbkv_z3_clean--PivotBetree-PivotBetreeSpecRefinement.i.dfy.Impl__PivotBetreeSpecRefinement.__default.InUpperBoundAndNot.txt
building z3
done building z3 3.3
running mariposa
res: 1 
 out: [[[  4   4   4   4   4   4   4   4   4   4   4   4   4   4   4   4   4
     4   4   4   4   4   4   4   4   4   4   4   4   4   4   4   4   4
     4   4   4   4   4   4   4   4   4   4   4   4   4   4   4   4   4
     4   4   4   4   4   4   4   4   4   4]
  [390 462 464 464 467 463 466 472 463 463 464 463 463 467 464 467 470
   463 467 463 463 465 465 467 463 465 463 473 464 462 465 461 465 462
   470 462 465 466 463 467 463 466 468 473 465 463 464 468 473 462 465
   474 462 467 467 464 453 455 452 452 447]]

 [[  4   2   4   4   2   4   2   4   2   4   4   4   4   2   2   2   2
     4   2   4   4   2   4   4   4   2   2   4   2   2   4   2   4   4
     4   4   2   2   4   4   2   2   4   4   4   4   2   2   2   4   2
     4   2   2   2   2   4   4   4   4   4]
  [390 465 471 472 464 471 465 473 463 470 476 471 485 471 468 463 463
   479 462 475 473 463 473 468 473 469 466 473 465 466 472 470 471 468
   477 471 466 466 470 473 465 465 468 471 470 470 467 466 467 469 463
   474 465 473 465 467 490 473 469 477 468]]

 [[  4   4   2   4   2   4   4   4   4   2   4   2   4   2   2   2   4
     2   2   4   4   4   4   4   4   4   4   2   4   4   2   4   2   4
     2   4   4   4   4   4   2   2   2   4   4   4   2   4   4   4   2
     4   2   2   4   2   4   2   4   4   2]
  [390 571 513 589 531 575 584 582 530 526 532 578 532 525 579 567 519
   576 525 595 577 537 529 528 581 582 534 567 594 526 531 529 523 529
   526 602 572 528 583 534 517 582 614 531 582 528 520 589 535 527 569
   534 526 523 575 569 534 520 578 584 580]]]
unstable
 
 err: 
done running mariposa 23.2
Bisecting: 1034 revisions left to test after this (roughly 10 steps)
[0644194fc96a853df44c37f9e4522796aa40add8] work on lemma from product to factors, and some renaming
running python3 /home/yizhou7/mariposa/scripts/z3-bisect.py /home/yizhou7/mariposa/data/bisect_tasks/d_lvbkv_z3_clean--PivotBetree-PivotBetreeSpecRefinement.i.dfy.Impl__PivotBetreeSpecRefinement.__default.InUpperBoundAndNot.txt
building z3
Bisecting: 1034 revisions left to test after this (roughly 10 steps)
[0321312c8db1d3f0edbd23e6e48884fbb7d77d1d] Changed to get_const_interp to match Java and C# bindings
running python3 /home/yizhou7/mariposa/scripts/z3-bisect.py /home/yizhou7/mariposa/data/bisect_tasks/d_lvbkv_z3_clean--PivotBetree-PivotBetreeSpecRefinement.i.dfy.Impl__PivotBetreeSpecRefinement.__default.InUpperBoundAndNot.txt
building z3
done building z3 3.1
running mariposa
res: 1 
 out: [[[  4   4   4   4   4   4   4   4   4   4   4   4   4   4   4   4   4
     4   4   4   4   4   4   4   4   4   4   4   4   4   4   4   4   4
     4   4   4   4   4   4   4   4   4   4   4   4   4   4   4   4   4
     4   4   4   4   4   4   4   4   4   4]
  [358 430 432 432 435 434 432 430 431 432 433 436 432 432 428 429 429
   433 441 436 437 434 429 430 433 434 432 433 430 430 429 432 431 437
   434 432 429 433 432 432 433 436 434 428 433 432 430 432 436 434 430
   430 432 429 432 434 420 418 417 411 403]]

 [[  4   2   2   2   2   4   2   2   2   4   4   2   4   2   2   4   2
     2   2   4   4   4   4   2   4   2   2   2   2   4   4   4   2   2
     2   4   2   2   2   4   4   2   2   4   2   2   2   4   4   2   4
     2   2   2   4   4   2   2   2   4   4]
  [358 437 437 438 437 440 435 436 441 440 448 438 441 437 437 442 436
   434 435 444 443 438 442 433 440 435 442 434 434 441 443 441 436 437
   437 447 437 435 433 442 443 433 437 441 439 432 436 438 439 436 443
   435 436 439 440 438 439 436 435 444 440]]

 [[  4   2   2   2   4   4   2   4   2   2   4   2   2   4   4   4   2
     4   2   4   4   4   4   4   2   4   4   4   4   4   2   2   2   4
     4   2   4   2   4   4   2   4   4   2   2   2   4   2   4   4   4
     4   4   2   2   4   4   4   4   4   4]
  [358 486 495 485 496 494 490 500 483 483 495 497 491 494 495 490 490
   495 485 488 498 492 492 492 484 495 501 496 498 488 488 493 486 493
   492 488 491 483 497 495 489 489 499 485 485 488 496 483 497 496 489
   492 495 488 491 494 497 500 492 495 494]]]
unstable
 
 err: 
done running mariposa 22.2
Bisecting: 261 revisions left to test after this (roughly 8 steps)
[6e637348826f0725ba8a01c455448023ca2889e4] Merge pull request #2368 from waywardmonkeys/fix-typo
running python3 /home/yizhou7/mariposa/scripts/z3-bisect.py /home/yizhou7/mariposa/data/bisect_tasks/d_lvbkv_z3_clean--PivotBetree-PivotBetreeSpecRefinement.i.dfy.Impl__PivotBetreeSpecRefinement.__default.InUpperBoundAndNot.txt
building z3
done building z3 3.1
running mariposa
res: 1 
 out: [[[  2   2   2   2   2   2   2   2   2   2   2   2   2   2   2   2   2
     2   2   2   2   2   2   2   2   2   2   2   2   2   2   2   2   2
     2   2   2   2   2   2   2   2   2   2   2   2   2   2   2   2   2
     2   2   2   2   2   2   2   2   2   2]
  [349 417 416 419 420 422 420 417 417 418 421 419 418 420 421 418 420
   417 420 422 421 418 416 427 419 417 418 421 418 417 417 418 422 420
   426 416 415 417 418 420 421 420 425 415 421 417 420 419 419 421 418
   418 423 418 423 421 409 404 402 404 397]]

 [[  2   4   2   2   2   2   4   2   4   2   2   4   4   2   2   4   2
     4   4   4   4   4   4   4   4   2   4   4   4   2   2   4   4   2
     2   4   4   4   4   4   4   4   2   2   4   4   2   4   2   2   2
     2   2   4   4   4   2   2   2   2   2]
  [349 436 431 429 435 432 437 430 440 428 430 440 441 431 436 437 427
   437 435 436 437 440 441 436 435 433 435 440 434 432 431 438 439 431
   432 435 437 440 434 438 436 440 431 427 436 437 430 438 432 432 428
   430 428 438 435 437 434 430 429 432 428]]

 [[  2   2   4   2   2   4   4   4   2   2   2   2   4   4   4   2   2
     2   2   2   4   4   4   4   4   2   4   4   2   2   2   4   4   4
     4   4   4   4   4   4   2   4   2   2   2   4   2   4   4   4   2
     2   4   2   4   4   4   4   2   2   4]
  [349 477 493 488 478 483 486 494 480 477 480 484 486 487 490 478 483
   477 477 480 483 484 491 482 486 473 490 483 480 476 481 494 486 487
   477 485 486 480 482 498 479 483 475 478 474 498 483 485 482 486 480
   479 483 479 485 483 488 490 479 479 486]]]
unstable
 
 err: 
done running mariposa 21.9
Bisecting: 130 revisions left to test after this (roughly 7 steps)
[9b4f327e29de8eadd112e53af5a8fb9f430fabf7] set upload mode to replace
running python3 /home/yizhou7/mariposa/scripts/z3-bisect.py /home/yizhou7/mariposa/data/bisect_tasks/d_lvbkv_z3_clean--PivotBetree-PivotBetreeSpecRefinement.i.dfy.Impl__PivotBetreeSpecRefinement.__default.InUpperBoundAndNot.txt
building z3
done building z3 3.1
running mariposa
res: 0 
 out: [[[  2   2   2   2   2   2   2   2   2   2   2   2   2   2   2   2   2
     2   2   2   2   2   2   2   2   2   2   2   2   2   2   2   2   2
     2   2   2   2   2   2   2   2   2   2   2   2   2   2   2   2   2
     2   2   2   2   2   2   2   2   2   2]
  [341 411 405 408 408 411 409 406 405 404 407 410 409 415 405 406 407
   409 413 409 410 409 408 406 407 410 408 409 406 407 405 408 406 410
   408 406 405 407 407 408 410 408 406 408 406 406 407 413 407 406 405
   406 407 407 411 407 415 395 392 387 386]]

 [[  2   2   2   2   2   2   2   2   2   2   2   2   2   2   2   2   2
     2   2   2   2   2   2   2   2   2   2   2   2   2   2   2   2   2
     2   2   2   2   2   2   2   2   2   2   2   2   2   2   2   2   2
     2   2   2   2   2   2   2   2   2   2]
  [341 417 416 419 420 415 415 417 417 417 419 426 417 416 416 414 414
   417 418 419 419 415 418 415 418 419 419 420 416 416 415 418 420 417
   416 418 415 415 419 416 421 415 416 415 412 418 417 419 415 418 415
   418 415 418 418 416 414 417 416 416 413]]

 [[  2   2   2   2   2   2   2   2   2   2   2   2   2   2   2   2   2
     2   2   2   2   2   2   2   2   2   2   2   2   2   2   2   2   2
     2   2   2   2   2   2   2   2   2   2   2   2   2   2   2   2   2
     2   2   2   2   2   2   2   2   2   2]
  [341 461 462 464 466 477 466 476 469 465 468 467 464 468 468 473 469
   462 467 464 461 471 466 466 468 462 468 470 466 461 467 469 472 471
   459 466 464 462 464 469 464 485 461 461 466 467 468 468 465 467 460
   467 467 470 466 464 469 469 466 467 468]]]
stable
 
 err: 
done running mariposa 21.5
Bisecting: 65 revisions left to test after this (roughly 6 steps)
[42ac3a536369a7d4a7eafa1fa15b571b146ba594] merge with csp
running python3 /home/yizhou7/mariposa/scripts/z3-bisect.py /home/yizhou7/mariposa/data/bisect_tasks/d_lvbkv_z3_clean--PivotBetree-PivotBetreeSpecRefinement.i.dfy.Impl__PivotBetreeSpecRefinement.__default.InUpperBoundAndNot.txt
building z3
done building z3 3.1
running mariposa
res: 0 
 out: [[[  2   2   2   2   2   2   2   2   2   2   2   2   2   2   2   2   2
     2   2   2   2   2   2   2   2   2   2   2   2   2   2   2   2   2
     2   2   2   2   2   2   2   2   2   2   2   2   2   2   2   2   2
     2   2   2   2   2   2   2   2   2   2]
  [343 409 412 407 409 408 411 408 411 409 408 408 409 413 409 413 408
   409 409 409 410 411 411 411 408 409 409 409 409 410 410 407 408 411
   408 407 408 409 411 407 415 409 411 408 408 409 409 409 411 409 409
   410 411 408 410 407 398 398 397 395 396]]

 [[  2   2   2   2   2   2   2   2   2   2   2   2   2   2   2   2   2
     2   2   2   2   2   2   2   2   2   2   2   2   2   2   2   2   2
     2   2   2   2   2   2   2   2   2   2   2   2   2   2   2   2   2
     2   2   2   2   2   2   2   2   2   2]
  [343 420 419 417 418 424 417 418 418 415 417 417 417 420 417 420 414
   418 418 418 422 417 418 418 418 418 421 422 418 417 416 419 419 414
   417 418 416 420 416 417 418 418 420 415 415 416 419 420 415 418 419
   417 417 418 419 417 417 416 416 419 413]]

 [[  2   2   2   2   2   2   2   2   2   2   2   2   2   2   2   2   2
     2   2   2   2   2   2   2   2   2   2   2   2   2   2   2   2   2
     2   2   2   2   2   2   2   2   2   2   2   2   2   2   2   2   2
     2   2   2   2   2   2   2   2   2   2]
  [343 476 471 473 467 470 467 471 471 470 473 471 473 473 475 469 472
   466 473 466 464 473 469 466 475 465 468 470 474 467 474 472 478 472
   475 468 471 468 468 469 464 468 470 466 472 471 468 466 465 468 466
   477 468 473 470 467 467 468 472 468 471]]]
stable
 
 err: 
done running mariposa 21.6
Bisecting: 32 revisions left to test after this (roughly 5 steps)
[b4290d4b3d7c021965e9ce7ee636caac0f9cac74] python regression
running python3 /home/yizhou7/mariposa/scripts/z3-bisect.py /home/yizhou7/mariposa/data/bisect_tasks/d_lvbkv_z3_clean--PivotBetree-PivotBetreeSpecRefinement.i.dfy.Impl__PivotBetreeSpecRefinement.__default.InUpperBoundAndNot.txt
building z3
done building z3 3.0
running mariposa
res: 1 
 out: [[[  2   2   2   2   2   2   2   2   2   2   2   2   2   2   2   2   2
     2   2   2   2   2   2   2   2   2   2   2   2   2   2   2   2   2
     2   2   2   2   2   2   2   2   2   2   2   2   2   2   2   2   2
     2   2   2   2   2   2   2   2   2   2]
  [347 415 419 418 423 418 418 417 417 415 417 422 418 417 416 417 418
   415 420 419 418 417 416 418 415 420 422 420 416 416 421 415 419 421
   420 417 416 418 417 422 421 420 416 417 418 415 418 424 418 417 422
   418 416 419 422 420 406 407 406 399 393]]

 [[  2   4   4   2   2   4   2   2   2   2   4   4   4   4   2   4   4
     4   2   4   2   4   2   2   2   2   4   4   4   4   2   2   4   2
     4   4   2   2   4   4   2   4   2   4   2   2   2   2   4   2   2
     2   4   4   4   4   2   2   2   4   2]
  [347 436 435 427 430 437 427 427 429 426 432 440 436 432 427 436 434
   435 430 433 430 434 431 425 426 430 434 436 435 434 428 429 434 425
   437 432 428 431 433 432 429 433 430 437 428 428 425 428 433 428 431
   425 435 434 436 438 425 425 428 434 423]]

 [[  2   4   4   2   2   4   2   4   2   2   4   2   2   4   4   2   2
     4   4   4   4   2   2   2   4   4   4   4   4   4   4   4   4   2
     2   2   4   4   4   2   2   4   2   2   2   2   2   4   4   2   4
     4   2   4   4   4   2   4   4   2   4]
  [347 478 486 474 470 493 476 487 477 479 486 486 483 485 488 474 475
   484 483 482 480 477 479 470 485 478 488 486 483 483 529 487 486 483
   473 478 479 483 482 483 474 479 474 474 477 477 479 475 481 477 486
   484 477 482 489 482 483 488 481 474 480]]]
unstable
 
 err: 
done running mariposa 21.9
Bisecting: 16 revisions left to test after this (roughly 4 steps)
[0f7ff2a3d016ce6cc0dcc2654a6aa0187bc55192] swap
running python3 /home/yizhou7/mariposa/scripts/z3-bisect.py /home/yizhou7/mariposa/data/bisect_tasks/d_lvbkv_z3_clean--PivotBetree-PivotBetreeSpecRefinement.i.dfy.Impl__PivotBetreeSpecRefinement.__default.InUpperBoundAndNot.txt
building z3
done building z3 3.1
running mariposa
res: 1 
 out: [[[  4   4   4   4   4   4   4   4   4   4   4   4   4   4   4   4   4
     4   4   4   4   4   4   4   4   4   4   4   4   4   4   4   4   4
     4   4   4   4   4   4   4   4   4   4   4   4   4   4   4   4   4
     4   4   4   4   4   4   4   4   4   4]
  [351 420 424 420 420 421 425 420 425 421 421 421 422 423 420 421 426
   422 419 422 424 427 426 422 421 424 424 422 420 418 422 420 421 421
   426 417 420 425 420 421 425 424 420 419 421 424 419 421 424 419 425
   424 422 421 422 419 407 407 406 404 401]]

 [[  4   4   4   4   4   4   4   4   4   4   4   4   4   4   4   4   4
     4   4   4   4   4   4   4   4   4   4   4   4   4   4   4   4   4
     4   4   4   4   4   4   4   4   4   4   4   4   4   4   4   4   4
     4   4   4   4   4   4   4   4   4   4]
  [351 431 429 430 435 430 434 426 429 430 429 429 429 431 430 429 428
   437 428 429 433 429 432 430 431 429 429 433 428 433 432 432 432 430
   434 428 431 430 429 433 436 435 427 427 430 428 431 437 430 434 427
   429 431 431 432 433 433 431 429 431 426]]

 [[  4   4   4   4   4   4   4   4   4   4   4   4   4   4   4   4   4
     4   4   4   4   4   4   4   4   4   4   4   4   4   4   4   4   4
     4   4   4   4   4   4   4   4   4   4   4   4   4   4   4   4   4
     4   4   4   4   4   4   4   4   4   4]
  [351 488 480 491 478 486 483 483 476 483 484 481 484 483 484 487 485
   489 479 476 478 484 479 481 479 484 485 482 486 476 486 481 483 478
   485 481 479 479 484 489 483 484 477 476 481 480 486 480 482 480 477
   482 479 489 478 488 484 483 478 481 482]]]
unsolvable
 
 err: 
done running mariposa 21.9
Bisecting: 7 revisions left to test after this (roughly 3 steps)
[d17248821ad047f889237ce20b6bdaa1465ceff9] include chronological backtracking, two-phase sat, xor inprocessing, probsat, ddfw
running python3 /home/yizhou7/mariposa/scripts/z3-bisect.py /home/yizhou7/mariposa/data/bisect_tasks/d_lvbkv_z3_clean--PivotBetree-PivotBetreeSpecRefinement.i.dfy.Impl__PivotBetreeSpecRefinement.__default.InUpperBoundAndNot.txt
building z3
done building z3 3.0
running mariposa
res: 0 
 out: [[[  2   2   2   2   2   2   2   2   2   2   2   2   2   2   2   2   2
     2   2   2   2   2   2   2   2   2   2   2   2   2   2   2   2   2
     2   2   2   2   2   2   2   2   2   2   2   2   2   2   2   2   2
     2   2   2   2   2   2   2   2   2   2]
  [339 406 406 408 407 409 408 406 407 407 407 407 410 409 404 406 406
   405 407 410 411 407 409 408 405 406 407 409 405 406 406 407 405 409
   413 408 406 404 408 407 409 411 407 405 407 407 405 410 411 406 406
   407 408 407 410 409 402 395 394 393 387]]

 [[  2   2   2   2   2   2   2   2   2   2   2   2   2   2   2   2   2
     2   2   2   2   2   2   2   2   2   2   2   2   2   2   2   2   2
     2   2   2   2   2   2   2   2   2   2   2   2   2   2   2   2   2
     2   2   2   2   2   2   2   2   2   2]
  [339 417 421 417 419 416 419 416 417 415 417 419 416 416 417 417 420
   415 417 416 419 415 420 417 417 418 419 421 417 418 424 415 419 418
   421 416 415 419 422 418 418 417 417 414 417 417 420 416 415 416 415
   417 416 420 415 420 414 414 417 418 413]]

 [[  2   2   2   2   2   2   2   2   2   2   2   2   2   2   2   2   2
     2   2   2   2   2   2   2   2   2   2   2   2   2   2   2   2   2
     2   2   2   2   2   2   2   2   2   2   2   2   2   2   2   2   2
     2   2   2   2   2   2   2   2   2   2]
  [339 468 471 470 462 464 465 466 465 468 466 470 469 468 470 465 472
   468 460 468 461 465 468 467 474 464 467 463 465 458 473 469 473 475
   461 465 465 464 471 473 467 466 459 462 469 469 470 464 468 462 467
   467 472 469 468 465 469 468 470 467 465]]]
stable
 
 err: 
done running mariposa 21.5
Bisecting: 3 revisions left to test after this (roughly 2 steps)
[ec1653fdff146ff8d1b3b2281e875494f4fc3a96] Merge pull request #2345 from schedutron/master
running python3 /home/yizhou7/mariposa/scripts/z3-bisect.py /home/yizhou7/mariposa/data/bisect_tasks/d_lvbkv_z3_clean--PivotBetree-PivotBetreeSpecRefinement.i.dfy.Impl__PivotBetreeSpecRefinement.__default.InUpperBoundAndNot.txt
building z3
done building z3 3.0
running mariposa
res: 0 
 out: [[[  2   2   2   2   2   2   2   2   2   2   2   2   2   2   2   2   2
     2   2   2   2   2   2   2   2   2   2   2   2   2   2   2   2   2
     2   2   2   2   2   2   2   2   2   2   2   2   2   2   2   2   2
     2   2   2   2   2   2   2   2   2   2]
  [342 407 408 410 407 409 408 406 405 407 405 405 411 408 407 406 407
   407 408 407 410 409 410 408 405 408 408 411 406 408 406 407 406 410
   408 404 405 410 409 409 409 411 406 405 405 407 409 410 410 406 406
   406 409 409 407 411 395 394 395 391 386]]

 [[  2   2   2   2   2   2   2   2   2   2   2   2   2   2   2   2   2
     2   2   2   2   2   2   2   2   2   2   2   2   2   2   2   2   2
     2   2   2   2   2   2   2   2   2   2   2   2   2   2   2   2   2
     2   2   2   2   2   2   2   2   2   2]
  [342 422 419 416 418 416 417 415 418 417 416 417 417 417 414 422 416
   420 418 418 417 419 419 414 418 417 419 419 422 415 419 415 418 419
   420 420 417 417 413 415 418 418 420 416 417 413 416 418 418 420 417
   420 416 418 417 416 419 416 417 416 415]]

 [[  2   2   2   2   2   2   2   2   2   2   2   2   2   2   2   2   2
     2   2   2   2   2   2   2   2   2   2   2   2   2   2   2   2   2
     2   2   2   2   2   2   2   2   2   2   2   2   2   2   2   2   2
     2   2   2   2   2   2   2   2   2   2]
  [342 461 470 464 469 471 470 469 467 469 468 471 473 468 469 466 469
   468 465 468 465 467 472 462 471 463 470 471 466 464 471 471 468 471
   466 467 468 467 471 469 465 461 466 467 470 471 466 464 466 466 465
   470 468 468 473 466 468 466 468 468 468]]]
stable
 
 err: 
done running mariposa 21.5
Bisecting: 1 revision left to test after this (roughly 1 step)
[f3b79087eef389011fa90eefcf64b987bed54a9d] add default tactic as option to overwrite the behavior of strategic solver factory
running python3 /home/yizhou7/mariposa/scripts/z3-bisect.py /home/yizhou7/mariposa/data/bisect_tasks/d_lvbkv_z3_clean--PivotBetree-PivotBetreeSpecRefinement.i.dfy.Impl__PivotBetreeSpecRefinement.__default.InUpperBoundAndNot.txt
building z3
done building z3 3.1
running mariposa
res: 1 
 out: [[[  4   4   4   4   4   4   4   4   4   4   4   4   4   4   4   4   4
     4   4   4   4   4   4   4   4   4   4   4   4   4   4   4   4   4
     4   4   4   4   4   4   4   4   4   4   4   4   4   4   4   4   4
     4   4   4   4   4   4   4   4   4   4]
  [352 419 427 423 421 427 425 425 422 422 423 423 425 423 424 424 420
   423 424 422 424 423 424 425 423 425 426 424 422 425 422 420 424 425
   424 422 423 425 421 421 424 425 421 421 423 420 420 423 426 422 420
   421 420 425 423 425 413 409 409 404 400]]

 [[  4   4   4   4   4   4   4   4   4   4   4   4   4   4   4   4   4
     4   4   4   4   4   4   4   4   4   4   4   4   4   4   4   4   4
     4   4   4   4   4   4   4   4   4   4   4   4   4   4   4   4   4
     4   4   4   4   4   4   4   4   4   4]
  [352 434 433 436 435 432 434 429 431 430 433 434 432 435 432 433 431
   430 433 434 435 433 434 432 430 432 434 433 432 433 435 432 433 431
   432 432 439 432 428 431 431 432 431 431 431 430 431 432 430 432 430
   435 432 430 434 436 432 430 433 432 428]]

 [[  4   4   4   4   4   4   4   4   4   4   4   4   4   4   4   4   4
     4   4   4   4   4   4   4   4   4   4   4   4   4   4   4   4   4
     4   4   4   4   4   4   4   4   4   4   4   4   4   4   4   4   4
     4   4   4   4   4   4   4   4   4   4]
  [352 480 477 486 482 487 486 489 481 482 485 485 485 486 487 485 485
   484 478 483 481 485 484 479 483 485 487 484 484 476 487 482 485 486
   481 483 481 483 485 485 481 484 480 476 484 482 490 481 481 483 484
   485 485 490 486 482 484 484 483 481 482]]]
unsolvable
 
 err: 
done running mariposa 21.9
Bisecting: 0 revisions left to test after this (roughly 0 steps)
[1e770af1cc04f85a8d7a990ba0c9c4e433b83fa8] local sort
running python3 /home/yizhou7/mariposa/scripts/z3-bisect.py /home/yizhou7/mariposa/data/bisect_tasks/d_lvbkv_z3_clean--PivotBetree-PivotBetreeSpecRefinement.i.dfy.Impl__PivotBetreeSpecRefinement.__default.InUpperBoundAndNot.txt
building z3
done building z3 3.0
running mariposa
res: 1 
 out: [[[  4   4   4   4   4   4   4   4   4   4   4   4   4   4   4   4   4
     4   4   4   4   4   4   4   4   4   4   4   4   4   4   4   4   4
     4   4   4   4   4   4   4   4   4   4   4   4   4   4   4   4   4
     4   4   4   4   4   4   4   4   4   4]
  [352 422 422 422 420 422 428 420 421 419 422 419 426 427 422 420 421
   420 420 420 426 422 420 425 421 421 421 429 420 420 425 422 421 421
   425 422 419 423 421 421 424 427 420 421 425 422 420 421 429 418 420
   421 420 419 424 423 412 409 408 407 396]]

 [[  4   4   4   4   4   4   4   4   4   4   4   4   4   4   4   4   4
     4   4   4   4   4   4   4   4   4   4   4   4   4   4   4   4   4
     4   4   4   4   4   4   4   4   4   4   4   4   4   4   4   4   4
     4   4   4   4   4   4   4   4   4   4]
  [352 435 432 434 434 432 432 428 434 429 434 433 433 429 432 431 430
   433 437 433 430 431 431 431 432 432 436 433 433 430 434 434 436 431
   431 430 431 429 432 432 433 433 431 430 428 431 432 432 434 435 430
   431 432 431 432 430 431 429 434 432 428]]

 [[  4   4   4   4   4   4   4   4   4   4   4   4   4   4   4   4   4
     4   4   4   4   4   4   4   4   4   4   4   4   4   4   4   4   4
     4   4   4   4   4   4   4   4   4   4   4   4   4   4   4   4   4
     4   4   4   4   4   4   4   4   4   4]
  [352 479 489 483 483 489 485 486 478 479 489 486 489 482 482 479 483
   479 482 481 483 483 480 478 481 486 486 485 482 474 482 483 487 489
   478 485 481 478 481 487 485 478 485 480 481 482 480 484 476 485 482
   483 479 483 488 479 488 483 481 482 483]]]
unsolvable
 
 err: 
done running mariposa 21.9
1e770af1cc04f85a8d7a990ba0c9c4e433b83fa8 is the first bad commit
commit 1e770af1cc04f85a8d7a990ba0c9c4e433b83fa8
Author: Nikolaj Bjorner <nbjorner@microsoft.com>
Date:   Fri Jun 14 09:29:41 2019 -0700

    local sort
    
    Signed-off-by: Nikolaj Bjorner <nbjorner@microsoft.com>

 src/ast/rewriter/bool_rewriter.cpp | 21 ++++++++++++++++++---
 1 file changed, 18 insertions(+), 3 deletions(-)
bisect run success
git bisect start
# good: [e79542cc689d52ec4cb34ce4ae3fbe56e7a0bf70] fix #2309
git bisect good e79542cc689d52ec4cb34ce4ae3fbe56e7a0bf70
# bad: [ad55a1f1c617a7f0c3dd735c0780fc758424c7f1] Update release.yml for Azure Pipelines
git bisect bad ad55a1f1c617a7f0c3dd735c0780fc758424c7f1
# skip: [e2702f3ae88f5c48a55f4473bb5c29184c182634] fixes in assigning constraints to intervals
git bisect skip e2702f3ae88f5c48a55f4473bb5c29184c182634
# skip: [1915812f84cf41a5f232eedf2a695a54d055aa88] add a test for intervals
git bisect skip 1915812f84cf41a5f232eedf2a695a54d055aa88
# bad: [8faf35e2e0c8fce99794e71bd3b5de74b95ceb5a] fix #3735
git bisect bad 8faf35e2e0c8fce99794e71bd3b5de74b95ceb5a
# skip: [d1a5635b4ad7f8632356b380f3a9b1fc83fdb04f] better model based lemmaas
git bisect skip d1a5635b4ad7f8632356b380f3a9b1fc83fdb04f
# skip: [0a86bd14f792ef5fadb8eeb346729a612f7e1588] start on test nla
git bisect skip 0a86bd14f792ef5fadb8eeb346729a612f7e1588
# bad: [f7747d9e76bd685a02ce5c5fbda91fc356856b5e] fix parameter collection for tactic-based solvers reported in #3065
git bisect bad f7747d9e76bd685a02ce5c5fbda91fc356856b5e
# skip: [0644194fc96a853df44c37f9e4522796aa40add8] work on lemma from product to factors, and some renaming
git bisect skip 0644194fc96a853df44c37f9e4522796aa40add8
# bad: [0321312c8db1d3f0edbd23e6e48884fbb7d77d1d] Changed to get_const_interp to match Java and C# bindings
git bisect bad 0321312c8db1d3f0edbd23e6e48884fbb7d77d1d
# bad: [6e637348826f0725ba8a01c455448023ca2889e4] Merge pull request #2368 from waywardmonkeys/fix-typo
git bisect bad 6e637348826f0725ba8a01c455448023ca2889e4
# good: [9b4f327e29de8eadd112e53af5a8fb9f430fabf7] set upload mode to replace
git bisect good 9b4f327e29de8eadd112e53af5a8fb9f430fabf7
# good: [42ac3a536369a7d4a7eafa1fa15b571b146ba594] merge with csp
git bisect good 42ac3a536369a7d4a7eafa1fa15b571b146ba594
# bad: [b4290d4b3d7c021965e9ce7ee636caac0f9cac74] python regression
git bisect bad b4290d4b3d7c021965e9ce7ee636caac0f9cac74
# bad: [0f7ff2a3d016ce6cc0dcc2654a6aa0187bc55192] swap
git bisect bad 0f7ff2a3d016ce6cc0dcc2654a6aa0187bc55192
# good: [d17248821ad047f889237ce20b6bdaa1465ceff9] include chronological backtracking, two-phase sat, xor inprocessing, probsat, ddfw
git bisect good d17248821ad047f889237ce20b6bdaa1465ceff9
# good: [ec1653fdff146ff8d1b3b2281e875494f4fc3a96] Merge pull request #2345 from schedutron/master
git bisect good ec1653fdff146ff8d1b3b2281e875494f4fc3a96
# bad: [f3b79087eef389011fa90eefcf64b987bed54a9d] add default tactic as option to overwrite the behavior of strategic solver factory
git bisect bad f3b79087eef389011fa90eefcf64b987bed54a9d
# bad: [1e770af1cc04f85a8d7a990ba0c9c4e433b83fa8] local sort
git bisect bad 1e770af1cc04f85a8d7a990ba0c9c4e433b83fa8
# first bad commit: [1e770af1cc04f85a8d7a990ba0c9c4e433b83fa8] local sort
