running python3 /home/yizhou7/mariposa/scripts/z3-bisect.py /home/yizhou7/mariposa/data/bisect_tasks/d_lvbkv_z3_clean--lib-Buckets-PackedKVMarshalling.i.dfy.Impl__PackedKVMarshalling.__default.ComputeWF.txt
building z3
Bisecting: 1453 revisions left to test after this (roughly 11 steps)
[1915812f84cf41a5f232eedf2a695a54d055aa88] add a test for intervals
running python3 /home/yizhou7/mariposa/scripts/z3-bisect.py /home/yizhou7/mariposa/data/bisect_tasks/d_lvbkv_z3_clean--lib-Buckets-PackedKVMarshalling.i.dfy.Impl__PackedKVMarshalling.__default.ComputeWF.txt
building z3
Bisecting: 1453 revisions left to test after this (roughly 11 steps)
[8faf35e2e0c8fce99794e71bd3b5de74b95ceb5a] fix #3735
running python3 /home/yizhou7/mariposa/scripts/z3-bisect.py /home/yizhou7/mariposa/data/bisect_tasks/d_lvbkv_z3_clean--lib-Buckets-PackedKVMarshalling.i.dfy.Impl__PackedKVMarshalling.__default.ComputeWF.txt
building z3
done building z3 3.2
running mariposa
res: 1 
 out: [[[    2     2     2     2     2     2     2     2     2     2     2
       2     2     2     2     2     2     2     2     2     2     2
       2     2     2     2     2     2     2     2     2     2     2
       2     2     2     2     2     2     2     2     2     2     2
       2     2     2     2     2     2     2     2     2     2     2
       2     2     2     2     2     2]
  [  348   507   505   505   513   517   507   517   516   518   509
     521   521   518   511   514   510   503   506   501   501   513
     494   503   512   507   497   489   510   502   498   494   496
     501   502   498   494   502   497   503   493   490   488   503
     491   499   492   500   497   500   489   501   497   501   494
     505   503   505   496   501   506]]

 [[    2     2     2     2     2     2     2     2     2     2     2
       2     2     2     2     2     2     2     2     2     2     2
       2     2     2     2     2     2     2     2     3     2     2
       3     2     2     3     2     2     3     2     2     2     2
       2     2     2     2     2     2     2     2     2     3     2
       2     2     2     3     3     3]
  [  348   483   476   504   510   521   519   510   536   555  2349
     519   535   527   512   518   562   528   532   535   533   571
     600   617   549   533   512   552   537   549 60015   569   516
   60028   555   526 60015   491   519 60020   479   497   545   528
     520   511   529   537   529   556   564   550   562 60018   557
     541  9632   548 60017 60018 60027]]

 [[    2     2     2     2     2     2     2     2     2     2     2
       2     2     2     2     2     2     2     2     2     2     2
       2     2     2     2     2     2     2     2     2     2     2
       2     2     3     3     2     3     2     2     3     2     2
       2     2     2     2     3     2     2     2     2     2     3
       2     2     2     3     3     3]
  [  348   514   518   520   521   535   565   487   525   531   558
     545   536   528   541   571   623   625   653   621   630   683
     710   714   789   696   759   747   806   680   831   719   681
     726   708 60013 60016   710 60024   595   614 60015   682   681
     637   597   589   579 60016   574   573   626   552   586 60024
     560   599  7694 60020 60017 60019]]]
unstable
 
 err: 
done running mariposa 200.2
Bisecting: 1254 revisions left to test after this (roughly 10 steps)
[d1a5635b4ad7f8632356b380f3a9b1fc83fdb04f] better model based lemmaas
running python3 /home/yizhou7/mariposa/scripts/z3-bisect.py /home/yizhou7/mariposa/data/bisect_tasks/d_lvbkv_z3_clean--lib-Buckets-PackedKVMarshalling.i.dfy.Impl__PackedKVMarshalling.__default.ComputeWF.txt
building z3
Bisecting: 1254 revisions left to test after this (roughly 10 steps)
[0a86bd14f792ef5fadb8eeb346729a612f7e1588] start on test nla
running python3 /home/yizhou7/mariposa/scripts/z3-bisect.py /home/yizhou7/mariposa/data/bisect_tasks/d_lvbkv_z3_clean--lib-Buckets-PackedKVMarshalling.i.dfy.Impl__PackedKVMarshalling.__default.ComputeWF.txt
building z3
Bisecting: 1254 revisions left to test after this (roughly 10 steps)
[f7747d9e76bd685a02ce5c5fbda91fc356856b5e] fix parameter collection for tactic-based solvers reported in #3065
running python3 /home/yizhou7/mariposa/scripts/z3-bisect.py /home/yizhou7/mariposa/data/bisect_tasks/d_lvbkv_z3_clean--lib-Buckets-PackedKVMarshalling.i.dfy.Impl__PackedKVMarshalling.__default.ComputeWF.txt
building z3
done building z3 3.2
running mariposa
res: 1 
 out: [[[    2     2     2     2     2     2     2     2     2     2     2
       2     2     2     2     2     2     2     2     2     2     2
       2     2     2     2     2     2     2     2     2     2     2
       2     2     2     2     2     2     2     2     2     2     2
       2     2     2     2     2     2     2     2     2     2     2
       2     2     2     2     2     2]
  [  357   571   559   553   560   561   562   563   563   566   574
     570   561   564   565   576   576   568   568   565   568   563
     555   562   552   549   550   550   541   543   565   554   550
     548   552   552   540   541   545   546   541   539   552   553
     554   528   525   525   532   538   532   609   625   633   553
     650   641   548   550   548   538]]

 [[    2     2     2     2     2     2     2     2     2     2     2
       2     2     2     2     2     2     2     2     2     2     2
       2     2     2     2     2     2     2     2     2     2     2
       2     2     2     2     2     3     2     2     2     2     2
       2     3     2     2     2     2     2     2     2     2     3
       3     2     3     3     3     3]
  [  357   521   542   534   555   583   544   568   584   571   582
     550   556   565   594   570   559   562   565   561   568   584
     604   593   569   585   570   618   606   634   585   584   601
     618   606   597   564   537 60017   494   555  5274   571  2621
     566 60033   568   557   573  1634   566   604   585   592 60018
   60027   568 60031 60018 60020 60016]]

 [[    2     2     2     2     2     2     2     2     2     2     2
       2     2     2     2     2     2     2     2     2     2     2
       2     2     2     2     2     2     2     2     2     2     2
       2     2     2     2     2     2     2     2     2     2     2
       2     2     2     2     2     2     2     2     2     2     2
       2     2     2     3     3     3]
  [  357   482   532   523   535   527   542   593   535   523   498
     495   542   540   526   465   481   510   545   534   540   507
     468   485   542   531   573   482   529   514   499   536   548
     487   530   566   509   496   560   532   511   553   517   566
     585   534   544   610   537   539   628   567   621   535   534
     558   588   623 60015 60023 60015]]]
unstable
 
 err: 
done running mariposa 138.4
Bisecting: 1034 revisions left to test after this (roughly 10 steps)
[0644194fc96a853df44c37f9e4522796aa40add8] work on lemma from product to factors, and some renaming
running python3 /home/yizhou7/mariposa/scripts/z3-bisect.py /home/yizhou7/mariposa/data/bisect_tasks/d_lvbkv_z3_clean--lib-Buckets-PackedKVMarshalling.i.dfy.Impl__PackedKVMarshalling.__default.ComputeWF.txt
building z3
Bisecting: 1034 revisions left to test after this (roughly 10 steps)
[0321312c8db1d3f0edbd23e6e48884fbb7d77d1d] Changed to get_const_interp to match Java and C# bindings
running python3 /home/yizhou7/mariposa/scripts/z3-bisect.py /home/yizhou7/mariposa/data/bisect_tasks/d_lvbkv_z3_clean--lib-Buckets-PackedKVMarshalling.i.dfy.Impl__PackedKVMarshalling.__default.ComputeWF.txt
building z3
done building z3 3.1
running mariposa
res: 1 
 out: [[[    2     2     2     2     2     2     2     2     2     2     2
       2     2     2     2     2     2     2     2     2     2     2
       2     2     2     2     2     2     2     2     2     2     2
       2     2     2     2     2     2     2     2     2     2     2
       2     2     2     2     2     2     2     2     2     2     2
       2     2     2     2     2     2]
  [  337   510   519   529   522   528   518   514   510   517   519
     513   509   509   513   510   509   510   511   514   509   508
     512   511   511   512   520   514   509   513   518   512   511
     515   514   518   519   513   517   510   506   509   522   512
     512   515   515   509   510   522   506   514   503   516   511
     494   495   503   509   508   497]]

 [[    2     2     2     2     2     2     2     2     2     2     2
       2     2     2     2     2     2     2     2     2     3     2
       2     2     3     2     2     3     2     3     2     2     2
       2     3     2     3     2     2     2     2     2     3     3
       2     2     3     2     3     3     2     2     2     2     3
       3     3     3     3     3     3]
  [  337   545   575   593   593   573   616   580   574   535   595
     614   552   522  1478   493   502   498   531   618 60026   596
     526   561 60034   604   555 60024   557 60021   490   525   516
     511 60031   519 60020   503   559   551   503   552 60020 60019
     525   498 60034   574 60019 60026   523   553   534   550 60030
   60029 60025 60029 60034 60034 60029]]

 [[    2     2     2     2     2     2     2     2     2     2     2
       2     2     2     2     2     2     2     2     2     2     2
       2     2     2     2     2     2     2     2     2     2     2
       3     3     2     2     3     2     3     2     2     2     2
       2     2     2     2     2     3     2     3     2     2     2
       3     2     3     3     3     3]
  [  337   453   452   445   463   462   507   488   472   493   491
     544   553   549   569   594   588   617   616   614   589   596
     618   645   631   650   603   631   656   628   662   684   679
   60024 60024   584   623 60017   598 60024   568   595   582   588
     543   561   597   557   603 60027   599 60018   627   644   638
   60023 49898 60038 60028 60027 60034]]]
unstable
 
 err: 
done running mariposa 310.1
Bisecting: 261 revisions left to test after this (roughly 8 steps)
[6e637348826f0725ba8a01c455448023ca2889e4] Merge pull request #2368 from waywardmonkeys/fix-typo
running python3 /home/yizhou7/mariposa/scripts/z3-bisect.py /home/yizhou7/mariposa/data/bisect_tasks/d_lvbkv_z3_clean--lib-Buckets-PackedKVMarshalling.i.dfy.Impl__PackedKVMarshalling.__default.ComputeWF.txt
building z3
done building z3 3.2
running mariposa
res: 1 
 out: [[[    2     2     2     2     2     2     2     2     2     2     2
       2     2     2     2     2     2     2     2     2     2     2
       2     2     2     2     2     2     2     2     2     2     2
       2     2     2     2     2     2     2     2     2     2     2
       2     2     2     2     2     2     2     2     2     2     2
       2     2     2     2     2     2]
  [  332   506   497   492   496   488   468   471   466   468   473
     472   478   463   449   457   456   455   466   475   475   470
     467   469   463   456   458   460   456   468   474   475   474
     481   468   470   465   466   459   463   459   469   476   482
     472   480   477   474   479   478   462   466   463   469   479
     477   476   487   477   475   477]]

 [[    2     2     2     2     2     2     2     2     2     2     2
       2     2     2     2     2     2     2     2     2     2     2
       2     2     2     2     2     2     3     2     2     2     2
       2     2     2     2     2     2     2     2     2     3     2
       3     2     2     2     2     3     2     2     2     2     2
       3     2     3     3     3     3]
  [  332   559   550   574   538   607   561   562   550   551   527
     547   690   507   515   513   494   482   497   492   524   540
     519   541   726   581   574   574 60035   560   550   550   567
     570   572   573   541   556   527   533   517   527 60032   555
   60037   535   492   578   514 60040   528   534   546   519   525
   60032   491 60017 60016 60026 60018]]

 [[    2     2     2     2     2     2     2     2     2     2     2
       2     2     2     2     2     2     2     2     2     2     2
       2     2     2     2     2     2     2     2     2     2     2
       2     2     2     2     2     2     2     2     2     2     2
       2     2     2     2     2     2     2     2     2     2     2
       2     3     3     3     3     3]
  [  332   455   436   432   434   455   464   457   473   504   515
     474   474   484   493   520   533   566   556   552   541   558
     543   537   551   538   557   603   567   579   566   538   572
     548   561   555   579   573   566   619   607   600   628   596
     612   646   661  1503   641   632   619   633   661   640   632
     599 60025 60015 60018 60021 60030]]]
unstable
 
 err: 
done running mariposa 148.0
Bisecting: 130 revisions left to test after this (roughly 7 steps)
[9b4f327e29de8eadd112e53af5a8fb9f430fabf7] set upload mode to replace
running python3 /home/yizhou7/mariposa/scripts/z3-bisect.py /home/yizhou7/mariposa/data/bisect_tasks/d_lvbkv_z3_clean--lib-Buckets-PackedKVMarshalling.i.dfy.Impl__PackedKVMarshalling.__default.ComputeWF.txt
building z3
done building z3 3.1
running mariposa
res: 0 
 out: [[[  2   2   2   2   2   2   2   2   2   2   2   2   2   2   2   2   2
     2   2   2   2   2   2   2   2   2   2   2   2   2   2   2   2   2
     2   2   2   2   2   2   2   2   2   2   2   2   2   2   2   2   2
     2   2   2   2   2   2   2   2   2   2]
  [322 383 382 381 383 390 386 384 381 380 382 384 388 385 382 382 386
   383 383 386 385 381 381 383 384 383 384 383 382 383 383 384 391 386
   385 383 380 386 388 381 385 388 381 384 385 385 382 385 384 381 383
   384 384 383 386 390 373 374 370 369 371]]

 [[  2   2   2   2   2   2   2   2   2   2   2   2   2   2   2   2   2
     2   2   2   2   2   2   2   2   2   2   2   2   2   2   2   2   2
     2   2   2   2   2   2   2   2   2   2   2   2   2   2   2   2   2
     2   2   2   2   2   2   2   2   2   2]
  [322 389 391 391 388 388 393 389 389 388 390 389 388 394 389 389 392
   390 397 392 397 394 389 388 393 390 391 388 390 388 391 391 388 388
   394 389 389 388 390 395 397 389 391 392 388 389 393 390 388 389 390
   389 393 389 390 391 388 389 386 415 388]]

 [[  2   2   2   2   2   2   2   2   2   2   2   2   2   2   2   2   2
     2   2   2   2   2   2   2   2   2   2   2   2   2   2   2   2   2
     2   2   2   2   2   2   2   2   2   2   2   2   2   2   2   2   2
     2   2   2   2   2   2   2   2   2   2]
  [322 425 451 431 436 428 433 440 432 431 430 433 437 442 431 431 429
   437 432 433 437 439 430 432 436 435 437 427 434 433 436 440 430 440
   430 439 434 441 439 433 430 431 423 420 436 443 446 434 432 429 423
   432 431 427 430 428 438 429 429 436 431]]]
stable
 
 err: 
done running mariposa 18.9
Bisecting: 65 revisions left to test after this (roughly 6 steps)
[42ac3a536369a7d4a7eafa1fa15b571b146ba594] merge with csp
running python3 /home/yizhou7/mariposa/scripts/z3-bisect.py /home/yizhou7/mariposa/data/bisect_tasks/d_lvbkv_z3_clean--lib-Buckets-PackedKVMarshalling.i.dfy.Impl__PackedKVMarshalling.__default.ComputeWF.txt
building z3
done building z3 3.1
running mariposa
res: 0 
 out: [[[  2   2   2   2   2   2   2   2   2   2   2   2   2   2   2   2   2
     2   2   2   2   2   2   2   2   2   2   2   2   2   2   2   2   2
     2   2   2   2   2   2   2   2   2   2   2   2   2   2   2   2   2
     2   2   2   2   2   2   2   2   2   2]
  [322 381 382 385 382 382 383 379 384 385 381 385 387 383 378 382 385
   383 383 386 384 382 379 384 381 383 384 384 385 380 382 380 383 386
   382 380 382 384 383 381 382 389 381 385 384 386 383 389 384 381 383
   381 382 384 390 385 373 372 374 369 365]]

 [[  2   2   2   2   2   2   2   2   2   2   2   2   2   2   2   2   2
     2   2   2   2   2   2   2   2   2   2   2   2   2   2   2   2   2
     2   2   2   2   2   2   2   2   2   2   2   2   2   2   2   2   2
     2   2   2   2   2   2   2   2   2   2]
  [322 392 388 395 391 387 388 388 393 391 392 387 390 392 389 393 390
   392 386 388 391 389 393 392 390 386 388 390 389 388 393 391 385 385
   389 390 390 389 392 387 388 389 391 388 395 393 389 388 389 389 391
   388 392 389 390 392 390 386 390 391 387]]

 [[  2   2   2   2   2   2   2   2   2   2   2   2   2   2   2   2   2
     2   2   2   2   2   2   2   2   2   2   2   2   2   2   2   2   2
     2   2   2   2   2   2   2   2   2   2   2   2   2   2   2   2   2
     2   2   2   2   2   2   2   2   2   2]
  [322 430 441 432 441 431 432 432 432 431 427 430 432 441 444 436 436
   427 432 437 437 443 425 436 435 431 434 426 427 433 437 428 439 440
   429 435 431 433 444 441 435 428 428 422 437 447 433 439 432 432 417
   438 427 435 438 430 432 425 424 429 432]]]
stable
 
 err: 
done running mariposa 19.0
Bisecting: 32 revisions left to test after this (roughly 5 steps)
[b4290d4b3d7c021965e9ce7ee636caac0f9cac74] python regression
running python3 /home/yizhou7/mariposa/scripts/z3-bisect.py /home/yizhou7/mariposa/data/bisect_tasks/d_lvbkv_z3_clean--lib-Buckets-PackedKVMarshalling.i.dfy.Impl__PackedKVMarshalling.__default.ComputeWF.txt
building z3
done building z3 3.1
running mariposa
res: 1 
 out: [[[    2     2     2     2     2     2     2     2     2     2     2
       2     2     2     2     2     2     2     2     2     2     2
       2     2     2     2     2     2     2     2     2     2     2
       2     2     2     2     2     2     2     2     2     2     2
       2     2     2     2     2     2     2     2     2     2     2
       2     2     2     2     2     2]
  [  328   550   568   573   582   577   567   581   575   577   582
     572   565   552   546   557   554   528   523   542   541   539
     544   549   511   509   512   526   508   509   521   517   520
     528   531   526   531   536   519   507   517   521   516   517
     518   501   500   502   505   502   504   500   501   499   498
     497   501   500   496   473   451]]

 [[    2     2     2     2     2     2     2     2     2     2     2
       2     2     2     2     2     2     2     2     2     2     2
       2     3     2     2     3     3     2     3     2     2     2
       2     2     3     2     2     2     2     2     2     2     3
       2     2     2     2     2     2     2     2     2     2     2
       3     3     3     3     3     3]
  [  328   489   477   490   504   460   464   480   478   475   493
     494   480   505   498   482   574   552   594   576   577   543
     524 60017   545   527 60027 60017   494 60031   501   498   511
     495   501 60032   497   512   491   503   557   549   591 60018
     562   611   603   588   606   591   567   586   589   582   617
   60038 60026 60029 60026 60027 60016]]

 [[    2     2     2     2     2     2     2     2     2     2     2
       2     2     2     2     2     2     2     2     2     2     2
       2     2     2     2     2     2     3     3     2     3     3
       2     2     3     2     2     2     2     2     2     2     2
       3     2     2     2     2     2     2     2     2     2     2
       2     2     2     2     3     3]
  [  328   439   441   433   465   447   464   474   447   457   445
     464   470   507   467   559   550   611   639   595   650   638
     678   657   684   707   679   726 60015 60026   593 60028 60026
     579   567 60026   525   540   569   563   539   557   543   569
   60027   548   531  1519   572   558   516   550   535   553   535
     530   546   533   540 60021 60022]]]
unstable
 
 err: 
done running mariposa 197.0
Bisecting: 16 revisions left to test after this (roughly 4 steps)
[0f7ff2a3d016ce6cc0dcc2654a6aa0187bc55192] swap
running python3 /home/yizhou7/mariposa/scripts/z3-bisect.py /home/yizhou7/mariposa/data/bisect_tasks/d_lvbkv_z3_clean--lib-Buckets-PackedKVMarshalling.i.dfy.Impl__PackedKVMarshalling.__default.ComputeWF.txt
building z3
done building z3 3.1
running mariposa
res: 0 
 out: [[[  2   2   2   2   2   2   2   2   2   2   2   2   2   2   2   2   2
     2   2   2   2   2   2   2   2   2   2   2   2   2   2   2   2   2
     2   2   2   2   2   2   2   2   2   2   2   2   2   2   2   2   2
     2   2   2   2   2   2   2   2   2   2]
  [332 388 390 391 388 390 387 387 388 389 392 392 391 392 387 389 391
   387 393 393 394 385 388 387 394 392 392 393 383 390 387 392 390 396
   390 385 388 393 390 389 392 393 393 390 390 386 389 390 390 389 387
   388 389 389 389 389 383 386 378 378 370]]

 [[  2   2   2   2   2   2   2   2   2   2   2   2   2   2   2   2   2
     2   2   2   2   2   2   2   2   2   2   2   2   2   2   2   2   2
     2   2   2   2   2   2   2   2   2   2   2   2   2   2   2   2   2
     2   2   2   2   2   2   2   2   2   2]
  [332 398 394 398 402 391 404 399 408 397 400 400 404 399 405 402 404
   400 396 398 399 400 400 403 400 395 395 400 400 394 403 394 404 406
   396 397 394 395 397 402 394 405 400 401 396 402 396 395 395 399 397
   400 404 402 397 408 397 394 404 394 394]]

 [[  2   2   2   2   2   2   2   2   2   2   2   2   2   2   2   2   2
     2   2   2   2   2   2   2   2   2   2   2   2   2   2   2   2   2
     2   2   2   2   2   2   2   2   2   2   2   2   2   2   2   2   2
     2   2   2   2   2   2   2   2   2   2]
  [332 442 456 451 447 439 439 444 442 445 442 439 440 454 441 436 447
   447 437 445 447 447 433 435 444 443 449 440 439 433 440 442 443 448
   440 444 433 448 442 438 444 445 437 429 440 448 453 437 449 443 436
   443 436 437 442 432 440 434 441 441 444]]]
stable
 
 err: 
done running mariposa 19.2
Bisecting: 7 revisions left to test after this (roughly 3 steps)
[89e8a1392c992a6c37b8c5320b9e4b9b506bd4a1] na
running python3 /home/yizhou7/mariposa/scripts/z3-bisect.py /home/yizhou7/mariposa/data/bisect_tasks/d_lvbkv_z3_clean--lib-Buckets-PackedKVMarshalling.i.dfy.Impl__PackedKVMarshalling.__default.ComputeWF.txt
building z3
done building z3 3.1
running mariposa
res: 1 
 out: [[[    2     2     2     2     2     2     2     2     2     2     2
       2     2     2     2     2     2     2     2     2     2     2
       2     2     2     2     2     2     2     2     2     2     2
       2     2     2     2     2     2     2     2     2     2     2
       2     2     2     2     2     2     2     2     2     2     2
       2     2     2     2     2     2]
  [  330   566   574   587   581   584   584   573   573   556   548
     575   577   572   574   559   544   526   552   547   548   543
     542   559   510   515   523   534   530   533   533   526   525
     537   532   535   536   509   520   520   516   521   520   520
     522   508   499   517   511   518   515   520   515   501   492
     490   498   491   494   461   454]]

 [[    2     2     2     2     2     2     2     2     2     2     2
       2     2     2     2     2     2     2     2     2     2     2
       2     3     2     2     3     3     2     3     2     2     2
       2     2     3     2     2     2     2     2     2     2     3
       2     2     2     2     2     2     2     2     2     2     2
       3     3     3     3     3     3]
  [  330   491   484   494   499   469   469   490   476   488   499
     489   502   520   514   492   590   545   594   586   579   556
     550 60016   531   529 60017 60029   490 60029   494   491   500
     496   506 60029   515   520   502   502   572   558   585 60020
     566   614   604   588   605   596   580   581   583   556   616
   60038 60027 60030 60029 60026 60018]]

 [[    2     2     2     2     2     2     2     2     2     2     2
       2     2     2     2     2     2     2     2     2     2     2
       2     2     2     2     2     2     3     3     2     3     3
       2     2     3     2     2     2     2     2     2     2     2
       2     3     2     2     2     2     2     2     2     2     2
       2     2     2     2     3     3]
  [  330   440   445   435   453   462   468   479   450   451   458
     469   479   510   471   563   550   617   637   594   653   635
     686   654   680   698   687   722 60018 60026   589 60026 60022
     573   569 60031   535   547   578   570   550   564   535   554
     555 60029   534  1506   574   559   524   562   537   557   541
     533   557   530   549 60020 60020]]]
unstable
 
 err: 
done running mariposa 197.2
Bisecting: 4 revisions left to test after this (roughly 2 steps)
[1827f98851e1866187abe743afd2d80bc786412f] more fixes for mutexes in shell
running python3 /home/yizhou7/mariposa/scripts/z3-bisect.py /home/yizhou7/mariposa/data/bisect_tasks/d_lvbkv_z3_clean--lib-Buckets-PackedKVMarshalling.i.dfy.Impl__PackedKVMarshalling.__default.ComputeWF.txt
building z3
done building z3 3.1
running mariposa
res: 0 
 out: [[[  2   2   2   2   2   2   2   2   2   2   2   2   2   2   2   2   2
     2   2   2   2   2   2   2   2   2   2   2   2   2   2   2   2   2
     2   2   2   2   2   2   2   2   2   2   2   2   2   2   2   2   2
     2   2   2   2   2   2   2   2   2   2]
  [326 392 389 399 404 400 401 384 386 390 392 395 395 397 384 387 389
   393 394 391 401 385 389 389 392 393 392 394 391 389 392 392 392 393
   395 387 391 389 397 394 394 394 390 391 390 392 391 390 393 384 387
   391 392 394 390 394 381 378 373 371 370]]

 [[  2   2   2   2   2   2   2   2   2   2   2   2   2   2   2   2   2
     2   2   2   2   2   2   2   2   2   2   2   2   2   2   2   2   2
     2   2   2   2   2   2   2   2   2   2   2   2   2   2   2   2   2
     2   2   2   2   2   2   2   2   2   2]
  [326 405 403 396 397 394 407 399 403 402 401 396 400 396 398 399 398
   402 394 400 401 396 396 398 398 393 395 404 404 396 401 397 401 404
   394 400 400 394 399 401 395 406 398 402 395 401 450 412 536 553 433
   436 506 430 423 433 464 464 465 494 402]]

 [[  2   2   2   2   2   2   2   2   2   2   2   2   2   2   2   2   2
     2   2   2   2   2   2   2   2   2   2   2   2   2   2   2   2   2
     2   2   2   2   2   2   2   2   2   2   2   2   2   2   2   2   2
     2   2   2   2   2   2   2   2   2   2]
  [326 443 440 448 445 454 443 446 438 440 435 440 442 442 451 439 449
   443 438 443 449 450 431 438 445 442 442 445 442 432 447 444 441 442
   445 448 436 434 451 442 443 442 432 427 445 453 445 448 438 442 431
   440 452 443 438 445 443 433 441 445 442]]]
stable
 
 err: 
done running mariposa 19.4
Bisecting: 1 revision left to test after this (roughly 1 step)
[5177cc4a9a58df192c6a844ca13abf7e7cd3be15] change lt
running python3 /home/yizhou7/mariposa/scripts/z3-bisect.py /home/yizhou7/mariposa/data/bisect_tasks/d_lvbkv_z3_clean--lib-Buckets-PackedKVMarshalling.i.dfy.Impl__PackedKVMarshalling.__default.ComputeWF.txt
building z3
done building z3 3.1
running mariposa
res: 1 
 out: [[[    2     2     2     2     2     2     2     2     2     2     2
       2     2     2     2     2     2     2     2     2     2     2
       2     2     2     2     2     2     2     2     2     2     2
       2     2     2     2     2     2     2     2     2     2     2
       2     2     2     2     2     2     2     2     2     2     2
       2     2     2     2     2     2]
  [  330   551   580   581   588   581   578   580   568   575   560
     550   565   572   572   572   551   531   529   545   546   547
     548   526   499   520   518   516   528   526   525   526   534
     526   531   531   524   514   521   525   519   520   520   524
     520   504   503   519   510   523   520   512   510   499   498
     502   499   500   501   458   451]]

 [[    2     2     2     2     2     2     2     2     2     2     2
       2     2     2     2     2     2     2     2     2     2     2
       2     3     2     2     3     3     2     3     2     2     2
       2     2     3     2     2     2     2     2     2     2     3
       2     2     2     2     2     2     2     2     2     2     2
       3     3     3     3     3     3]
  [  330   508   469   482   493   448   479   492   479   475   478
     483   481   496   515   494   570   587   595   577   576   549
     554 60018   531   527 60026 60019   476 60028   484   487   507
     489   503 60027   513   509   501   491   566   554   593 60020
     560   614   615   590   598   593   574   584   581   562   599
   60035 60026 60026 60026 60026 60018]]

 [[    2     2     2     2     2     2     2     2     2     2     2
       2     2     2     2     2     2     2     2     2     2     2
       2     2     2     2     2     2     3     3     2     3     3
       2     2     3     2     2     2     2     2     2     2     2
       2     3     2     2     2     2     2     2     2     2     2
       2     2     2     2     3     3]
  [  330   468   450   435   437   449   458   448   478   453   455
     464   475   509   471   561   541   615   640   601   660   640
     685   666   693   708   688   726 60016 60028   596 60027 60022
     584   569 60029   532   548   570   570   544   559   546   587
     546 60026   533  1577   569   573   547   516   531   552   544
     525   544   528   537 60020 60021]]]
unstable
 
 err: 
done running mariposa 197.0
Bisecting: 0 revisions left to test after this (roughly 1 step)
[7c9d2e0d75757ed6aa535f72c7dec70d5a527fed] pydoc test
running python3 /home/yizhou7/mariposa/scripts/z3-bisect.py /home/yizhou7/mariposa/data/bisect_tasks/d_lvbkv_z3_clean--lib-Buckets-PackedKVMarshalling.i.dfy.Impl__PackedKVMarshalling.__default.ComputeWF.txt
building z3
done building z3 3.2
running mariposa
res: 0 
 out: [[[  2   2   2   2   2   2   2   2   2   2   2   2   2   2   2   2   2
     2   2   2   2   2   2   2   2   2   2   2   2   2   2   2   2   2
     2   2   2   2   2   2   2   2   2   2   2   2   2   2   2   2   2
     2   2   2   2   2   2   2   2   2   2]
  [327 382 392 385 387 389 387 382 386 390 390 385 387 388 383 388 388
   393 388 392 390 382 384 391 389 389 389 390 383 386 391 390 391 390
   389 383 386 390 393 390 388 388 386 384 390 388 392 386 390 388 384
   393 388 387 387 387 372 372 373 373 367]]

 [[  2   2   2   2   2   2   2   2   2   2   2   2   2   2   2   2   2
     2   2   2   2   2   2   2   2   2   2   2   2   2   2   2   2   2
     2   2   2   2   2   2   2   2   2   2   2   2   2   2   2   2   2
     2   2   2   2   2   2   2   2   2   2]
  [327 396 393 397 398 393 404 397 400 397 400 398 396 396 400 394 397
   398 395 403 404 404 396 423 402 394 392 399 429 392 397 394 401 400
   400 397 392 393 397 400 389 404 398 397 392 399 392 393 392 398 406
   397 403 398 391 403 395 395 398 395 397]]

 [[  2   2   2   2   2   2   2   2   2   2   2   2   2   2   2   2   2
     2   2   2   2   2   2   2   2   2   2   2   2   2   2   2   2   2
     2   2   2   2   2   2   2   2   2   2   2   2   2   2   2   2   2
     2   2   2   2   2   2   2   2   2   2]
  [327 440 448 435 437 445 442 443 443 441 434 439 440 448 442 437 448
   440 441 442 446 443 433 437 438 439 444 440 440 432 441 442 439 441
   441 443 438 445 443 437 443 436 433 430 436 450 447 446 437 439 434
   440 436 431 445 441 437 437 437 442 443]]]
stable
 
 err: 
done running mariposa 19.1
5177cc4a9a58df192c6a844ca13abf7e7cd3be15 is the first bad commit
commit 5177cc4a9a58df192c6a844ca13abf7e7cd3be15
Author: Nikolaj Bjorner <nbjorner@microsoft.com>
Date:   Fri Jun 21 09:08:20 2019 +0200

    change lt
    
    Signed-off-by: Nikolaj Bjorner <nbjorner@microsoft.com>

 src/ast/ast_lt.h                   | 4 ++++
 src/ast/rewriter/bool_rewriter.cpp | 6 ++++--
 2 files changed, 8 insertions(+), 2 deletions(-)
bisect run success
git bisect start
# good: [e79542cc689d52ec4cb34ce4ae3fbe56e7a0bf70] fix #2309
git bisect good e79542cc689d52ec4cb34ce4ae3fbe56e7a0bf70
# bad: [ad55a1f1c617a7f0c3dd735c0780fc758424c7f1] Update release.yml for Azure Pipelines
git bisect bad ad55a1f1c617a7f0c3dd735c0780fc758424c7f1
# skip: [e2702f3ae88f5c48a55f4473bb5c29184c182634] fixes in assigning constraints to intervals
git bisect skip e2702f3ae88f5c48a55f4473bb5c29184c182634
# skip: [1915812f84cf41a5f232eedf2a695a54d055aa88] add a test for intervals
git bisect skip 1915812f84cf41a5f232eedf2a695a54d055aa88
# bad: [8faf35e2e0c8fce99794e71bd3b5de74b95ceb5a] fix #3735
git bisect bad 8faf35e2e0c8fce99794e71bd3b5de74b95ceb5a
# skip: [d1a5635b4ad7f8632356b380f3a9b1fc83fdb04f] better model based lemmaas
git bisect skip d1a5635b4ad7f8632356b380f3a9b1fc83fdb04f
# skip: [0a86bd14f792ef5fadb8eeb346729a612f7e1588] start on test nla
git bisect skip 0a86bd14f792ef5fadb8eeb346729a612f7e1588
# bad: [f7747d9e76bd685a02ce5c5fbda91fc356856b5e] fix parameter collection for tactic-based solvers reported in #3065
git bisect bad f7747d9e76bd685a02ce5c5fbda91fc356856b5e
# skip: [0644194fc96a853df44c37f9e4522796aa40add8] work on lemma from product to factors, and some renaming
git bisect skip 0644194fc96a853df44c37f9e4522796aa40add8
# bad: [0321312c8db1d3f0edbd23e6e48884fbb7d77d1d] Changed to get_const_interp to match Java and C# bindings
git bisect bad 0321312c8db1d3f0edbd23e6e48884fbb7d77d1d
# bad: [6e637348826f0725ba8a01c455448023ca2889e4] Merge pull request #2368 from waywardmonkeys/fix-typo
git bisect bad 6e637348826f0725ba8a01c455448023ca2889e4
# good: [9b4f327e29de8eadd112e53af5a8fb9f430fabf7] set upload mode to replace
git bisect good 9b4f327e29de8eadd112e53af5a8fb9f430fabf7
# good: [42ac3a536369a7d4a7eafa1fa15b571b146ba594] merge with csp
git bisect good 42ac3a536369a7d4a7eafa1fa15b571b146ba594
# bad: [b4290d4b3d7c021965e9ce7ee636caac0f9cac74] python regression
git bisect bad b4290d4b3d7c021965e9ce7ee636caac0f9cac74
# good: [0f7ff2a3d016ce6cc0dcc2654a6aa0187bc55192] swap
git bisect good 0f7ff2a3d016ce6cc0dcc2654a6aa0187bc55192
# bad: [89e8a1392c992a6c37b8c5320b9e4b9b506bd4a1] na
git bisect bad 89e8a1392c992a6c37b8c5320b9e4b9b506bd4a1
# good: [1827f98851e1866187abe743afd2d80bc786412f] more fixes for mutexes in shell
git bisect good 1827f98851e1866187abe743afd2d80bc786412f
# bad: [5177cc4a9a58df192c6a844ca13abf7e7cd3be15] change lt
git bisect bad 5177cc4a9a58df192c6a844ca13abf7e7cd3be15
# good: [7c9d2e0d75757ed6aa535f72c7dec70d5a527fed] pydoc test
git bisect good 7c9d2e0d75757ed6aa535f72c7dec70d5a527fed
# first bad commit: [5177cc4a9a58df192c6a844ca13abf7e7cd3be15] change lt
