running python3 /home/yizhou7/mariposa/scripts/z3-bisect.py /home/yizhou7/mariposa/data/bisect_tasks/d_lvbkv_z3_clean--lib-Buckets-PackedStringArray.i.dfy.Impl__PackedStringArray.__default.ToSeq.txt
building z3
Bisecting: 1453 revisions left to test after this (roughly 11 steps)
[1915812f84cf41a5f232eedf2a695a54d055aa88] add a test for intervals
running python3 /home/yizhou7/mariposa/scripts/z3-bisect.py /home/yizhou7/mariposa/data/bisect_tasks/d_lvbkv_z3_clean--lib-Buckets-PackedStringArray.i.dfy.Impl__PackedStringArray.__default.ToSeq.txt
building z3
Bisecting: 1453 revisions left to test after this (roughly 11 steps)
[8faf35e2e0c8fce99794e71bd3b5de74b95ceb5a] fix #3735
running python3 /home/yizhou7/mariposa/scripts/z3-bisect.py /home/yizhou7/mariposa/data/bisect_tasks/d_lvbkv_z3_clean--lib-Buckets-PackedStringArray.i.dfy.Impl__PackedStringArray.__default.ToSeq.txt
building z3
done building z3 3.2
running mariposa
res: 1 
 out: [[[    3     3     3     3     3     3     3     3     3     3     3
       3     3     3     3     3     3     3     3     3     3     3
       3     3     3     3     3     3     3     3     3     3     3
       3     3     3     3     3     3     3     3     3     3     3
       3     3     3     3     3     3     3     3     3     3     3
       3     3     3     3     3     3]
  [60031 60034 60031 60033 60032 60032 60032 60033 60030 60031 60031
   60031 60035 60033 60032 60030 60030 60031 60031 60035 60031 60034
   60029 60030 60032 60031 60035 60031 60034 60030 60031 60031 60033
   60034 60031 60032 60033 60030 60034 60033 60033 60033 60033 60032
   60032 60033 60032 60035 60032 60033 60033 60028 60035 60031 60033
   60034 60029 60028 60027 60028 60028]]

 [[    3     2     2     2     3     3     3     2     3     3     3
       3     3     3     2     3     3     3     3     2     3     2
       2     2     2     2     2     2     2     2     3     3     2
       2     3     3     2     2     2     3     2     2     3     2
       3     3     3     2     2     3     3     3     3     3     2
       2     3     3     3     3     3]
  [60031   290   331   316 60031 60035 60036   314 60026 60019 60017
   60027 60018 60020  9193 60021 60035 60032 60021   301 60032   326
     379   335   319   315   346   336   333   454 60023 60023   345
    5447 60037 60022   340   329   331 60024   311   323 60016   337
   60031 60019 60022   354   359 60033 60030 60028 60032 60031  5226
     353 60020 60021 60020 60034 60022]]

 [[    3     2     2     2     2     2     2     2     2     2     2
       3     3     3     3     3     2     2     3     2     2     3
       3     3     3     3     2     2     3     3     3     3     3
       2     3     3     2     3     2     2     3     2     3     2
       3     2     3     2     3     2     2     3     3     2     3
       3     3     3     3     3     3]
  [60031   287   287   287   286   301   310   301   480   404  9419
   60013 60017 60029 60026 60018   358   351 60017   393   423 60025
   60022 60019 60027 60026   346   356 60028 60023 60020 60033 60029
     329 60030 60026   347 60028   350   386 60031   439 60030   475
   60022   379 60022   356 60019   358   353 60033 60019   359 60027
   60016 60034 60020 60027 60017 60034]]]
unstable
 
 err: 
done running mariposa 1164.5
Bisecting: 1254 revisions left to test after this (roughly 10 steps)
[d1a5635b4ad7f8632356b380f3a9b1fc83fdb04f] better model based lemmaas
running python3 /home/yizhou7/mariposa/scripts/z3-bisect.py /home/yizhou7/mariposa/data/bisect_tasks/d_lvbkv_z3_clean--lib-Buckets-PackedStringArray.i.dfy.Impl__PackedStringArray.__default.ToSeq.txt
building z3
Bisecting: 1254 revisions left to test after this (roughly 10 steps)
[0a86bd14f792ef5fadb8eeb346729a612f7e1588] start on test nla
running python3 /home/yizhou7/mariposa/scripts/z3-bisect.py /home/yizhou7/mariposa/data/bisect_tasks/d_lvbkv_z3_clean--lib-Buckets-PackedStringArray.i.dfy.Impl__PackedStringArray.__default.ToSeq.txt
building z3
Bisecting: 1254 revisions left to test after this (roughly 10 steps)
[f7747d9e76bd685a02ce5c5fbda91fc356856b5e] fix parameter collection for tactic-based solvers reported in #3065
running python3 /home/yizhou7/mariposa/scripts/z3-bisect.py /home/yizhou7/mariposa/data/bisect_tasks/d_lvbkv_z3_clean--lib-Buckets-PackedStringArray.i.dfy.Impl__PackedStringArray.__default.ToSeq.txt
building z3
done building z3 3.2
running mariposa
res: 1 
 out: [[[    2     2     2     2     2     2     2     2     2     2     2
       2     2     2     2     2     2     2     2     2     2     2
       2     2     2     2     2     2     2     2     2     2     2
       2     2     2     2     2     2     2     2     2     2     2
       2     2     2     2     2     2     2     2     2     2     2
       2     2     2     2     2     2]
  [  479   598   586   576   569   577   565   566   575   560   568
     565   580   563   569   573   575   565   568   547   563   553
     554   553   559   545   556   542   554   552   565   539   541
     578   575   565   551   572   553   580   556   565   549   562
     549   569   538   553   570   557   546   566   538   548   538
     549   536   557   545   546   522]]

 [[    2     2     2     2     2     3     3     3     2     3     3
       3     3     3     3     3     2     3     2     3     3     3
       2     3     2     2     3     2     2     2     2     3     2
       2     2     2     2     2     2     2     3     3     2     2
       3     3     3     3     2     3     3     2     3     3     2
       3     3     3     3     3     3]
  [  479   356   445   806   349 60030 60034 60019   313 60037 60027
   60034 60041 60020 60018 60018   805 60032   330 60035 60024 60033
     416 60021   817   306 60029   299   294   290   292 60030   289
     293   954   336   345   361   348   365 60022 60022  3031   356
   60019 60016 60033 60019   304 60033 60037  6173 60038 60046   329
   60018 60032 60030 60018 60030 60025]]

 [[    2     2     2     2     2     2     2     2     2     3     3
       3     3     3     3     2     2     2     2     3     2     2
       2     3     3     3     3     2     2     3     2     3     3
       2     2     2     3     2     3     3     3     2     3     2
       2     2     3     3     2     2     3     3     3     2     3
       3     2     3     3     3     3]
  [  479   282   280   284   287   309   297   304  5262 60016 60032
   60019 60028 60024 60018   346   375   349   387 60022  3991   411
     397 60028 60031 60032 60019   324   329 60028   377 60035 60019
     437   405   408 60022   341 60032 60027 60017   346 60016   319
     329   400 60038 60041   407   401 60033 60032 60031   350 60027
   60030   359 60033 60020 60042 60022]]]
unstable
 
 err: 
done running mariposa 558.7
Bisecting: 1034 revisions left to test after this (roughly 10 steps)
[0644194fc96a853df44c37f9e4522796aa40add8] work on lemma from product to factors, and some renaming
running python3 /home/yizhou7/mariposa/scripts/z3-bisect.py /home/yizhou7/mariposa/data/bisect_tasks/d_lvbkv_z3_clean--lib-Buckets-PackedStringArray.i.dfy.Impl__PackedStringArray.__default.ToSeq.txt
building z3
Bisecting: 1034 revisions left to test after this (roughly 10 steps)
[0321312c8db1d3f0edbd23e6e48884fbb7d77d1d] Changed to get_const_interp to match Java and C# bindings
running python3 /home/yizhou7/mariposa/scripts/z3-bisect.py /home/yizhou7/mariposa/data/bisect_tasks/d_lvbkv_z3_clean--lib-Buckets-PackedStringArray.i.dfy.Impl__PackedStringArray.__default.ToSeq.txt
building z3
done building z3 3.1
running mariposa
res: 1 
 out: [[[    2     2     2     2     2     2     2     2     2     2     2
       2     2     2     2     2     2     2     2     2     2     2
       2     2     2     2     2     2     2     2     2     2     2
       2     2     2     2     2     2     2     2     2     2     2
       2     2     2     2     2     2     2     2     2     2     2
       2     2     2     2     2     2]
  [  207   287   286   284   279   280   279   277   278   275   275
     279   275   278   277   275   274   279   274   273   275   275
     276   277   276   277   276   277   275   276   277   276   277
     276   275   275   275   276   278   277   275   275   276   275
     275   278   275   276   278   276   275   277   278   276   279
     275   277   276   276   276   277]]

 [[    2     2     2     2     2     2     2     2     3     2     2
       2     2     3     2     2     3     2     2     2     2     3
       2     2     3     2     2     2     3     2     2     3     2
       3     2     3     2     2     2     2     2     3     2     3
       2     2     3     2     2     3     3     3     2     2     3
       2     3     2     3     3     3]
  [  207   315   311   324   318   330   306   302 60033   283   285
     279   291 60034   270   272 60030   277   268   283   296 60030
     289   283 60029   324   306   314 60042   318   304 60038   311
   60032   299 60029   302   287   292   430   294 60028   287 60029
     279   277 60030   291  1543 60040 60036 60029   312   294 60027
     290 60029   285 60026 60028 60029]]

 [[    2     2     2     2     2     2     2     2     3     3     3
       3     3     2     2     3     2     2     2     2     3     2
       2     2     2     2     2     2     2     2     2     2     3
       3     2     3     2     3     2     3     2     2     2     2
       2     2     2     2     2     3     3     2     3     3     2
       3     3     3     3     3     3]
  [  207   262   257   261   265   293   280   299 60028 60029 60021
   60023 60026   295   289 60027   287   295   288   295 60029   325
     415   330   356   366   508   373   371   375 32267   344 60035
   60031   333 60024   312 60026   305 60031   318   336   341   344
     342   336   343   361   363 60031 60038   352 60039 60031   334
   60033 60019 60016 60031 60039 60043]]]
unstable
 
 err: 
done running mariposa 398.9
Bisecting: 261 revisions left to test after this (roughly 8 steps)
[6e637348826f0725ba8a01c455448023ca2889e4] Merge pull request #2368 from waywardmonkeys/fix-typo
running python3 /home/yizhou7/mariposa/scripts/z3-bisect.py /home/yizhou7/mariposa/data/bisect_tasks/d_lvbkv_z3_clean--lib-Buckets-PackedStringArray.i.dfy.Impl__PackedStringArray.__default.ToSeq.txt
building z3
done building z3 3.1
running mariposa
res: 1 
 out: [[[    2     2     2     2     2     2     2     2     2     2     2
       2     2     2     2     2     2     2     2     2     2     2
       2     2     2     2     2     2     2     2     2     2     2
       2     2     2     2     2     2     2     2     2     2     2
       2     2     2     2     2     2     2     2     2     2     2
       2     2     2     2     2     2]
  [  198   320   326   326   327   335   328   327   332   332   329
     331   324   311   309   313   312   316   323   328   320   312
     303   299   311   297   284   286   292   296   293   291   288
     278   276   278   281   283   285   286   289   307   309   305
     296   295   299   296   296   296   298   297   293   293   293
     297   298   295   300   302   295]]

 [[    2     2     2     2     2     2     2     2     2     2     2
       2     2     2     2     2     2     2     2     2     2     2
       2     2     2     2     2     2     2     2     2     2     2
       2     2     2     2     2     2     2     2     2     2     2
       2     2     2     2     2     2     2     2     2     2     2
       3     3     3     3     3     3]
  [  198   259   270   257   257   280   253   262   261   263   258
     263   253   259   256   265   254   253   261   280   280   293
     264   292   270   272   281   274   282   277   276   271   274
     304   287   284   301   287   301   302   291   297   328   411
     308   308   302   308   318   312   309   302   290   302   296
   60044 60040 60038 60016 60035 60032]]

 [[    2     2     2     2     2     2     2     2     2     2     2
       2     2     2     2     2     2     2     2     2     2     2
       2     2     2     2     2     2     2     2     2     2     2
       2     2     2     2     2     2     2     2     2     2     2
       2     2     2     2     2     3     3     3     2     2     2
       2     2     3     3     3     3]
  [  198   244   253   251   256   278   252   256   251   256   253
     260   259   260   259   257   264   256   248   252   281   259
     259   257   251   306   309   304   310   322   325   332   319
     322   323   348   341   350   347   351   344   339   356   350
    3015   348   362   356   374 60036 60035 60021   294   284   278
     292   291 60020 60033 60034 60032]]]
unstable
 
 err: 
done running mariposa 132.6
Bisecting: 130 revisions left to test after this (roughly 7 steps)
[9b4f327e29de8eadd112e53af5a8fb9f430fabf7] set upload mode to replace
running python3 /home/yizhou7/mariposa/scripts/z3-bisect.py /home/yizhou7/mariposa/data/bisect_tasks/d_lvbkv_z3_clean--lib-Buckets-PackedStringArray.i.dfy.Impl__PackedStringArray.__default.ToSeq.txt
building z3
done building z3 3.1
running mariposa
res: 0 
 out: [[[  2   2   2   2   2   2   2   2   2   2   2   2   2   2   2   2   2
     2   2   2   2   2   2   2   2   2   2   2   2   2   2   2   2   2
     2   2   2   2   2   2   2   2   2   2   2   2   2   2   2   2   2
     2   2   2   2   2   2   2   2   2   2]
  [187 219 220 219 218 219 220 219 219 218 221 219 219 223 218 217 219
   220 220 219 218 218 217 219 221 220 219 218 219 218 218 221 219 219
   219 220 219 218 218 218 222 218 219 218 218 220 220 219 220 220 219
   219 220 220 219 219 215 212 214 209 209]]

 [[  2   2   2   2   2   2   2   2   2   2   2   2   2   2   2   2   2
     2   2   2   2   2   2   2   2   2   2   2   2   2   2   2   2   2
     2   2   2   2   2   2   2   2   2   2   2   2   2   2   2   2   2
     2   2   2   2   2   2   2   2   2   2]
  [187 224 223 223 222 223 221 223 222 223 224 225 222 222 222 224 223
   224 223 225 222 222 225 223 223 225 223 223 224 223 222 224 223 224
   220 223 222 221 225 224 223 224 223 222 223 224 222 222 225 224 223
   222 224 223 223 225 222 221 224 223 223]]

 [[  2   2   2   2   2   2   2   2   2   2   2   2   2   2   2   2   2
     2   2   2   2   2   2   2   2   2   2   2   2   2   2   2   2   2
     2   2   2   2   2   2   2   2   2   2   2   2   2   2   2   2   2
     2   2   2   2   2   2   2   2   2   2]
  [187 244 244 246 242 240 242 247 242 240 248 244 244 246 247 244 250
   245 243 243 241 243 246 246 243 244 242 243 248 247 248 248 244 244
   249 244 244 243 246 246 245 246 245 243 245 248 245 239 243 245 241
   244 249 247 243 244 246 241 245 245 245]]]
stable
 
 err: 
done running mariposa 11.6
Bisecting: 65 revisions left to test after this (roughly 6 steps)
[42ac3a536369a7d4a7eafa1fa15b571b146ba594] merge with csp
running python3 /home/yizhou7/mariposa/scripts/z3-bisect.py /home/yizhou7/mariposa/data/bisect_tasks/d_lvbkv_z3_clean--lib-Buckets-PackedStringArray.i.dfy.Impl__PackedStringArray.__default.ToSeq.txt
building z3
done building z3 3.1
running mariposa
res: 0 
 out: [[[  2   2   2   2   2   2   2   2   2   2   2   2   2   2   2   2   2
     2   2   2   2   2   2   2   2   2   2   2   2   2   2   2   2   2
     2   2   2   2   2   2   2   2   2   2   2   2   2   2   2   2   2
     2   2   2   2   2   2   2   2   2   2]
  [186 217 219 218 219 220 218 218 217 217 220 221 219 219 222 218 217
   219 220 220 218 219 220 215 219 220 218 220 219 217 217 218 221 218
   218 218 217 218 220 218 218 218 217 218 217 219 219 219 218 218 219
   221 220 220 217 219 214 212 211 210 207]]

 [[  2   2   2   2   2   2   2   2   2   2   2   2   2   2   2   2   2
     2   2   2   2   2   2   2   2   2   2   2   2   2   2   2   2   2
     2   2   2   2   2   2   2   2   2   2   2   2   2   2   2   2   2
     2   2   2   2   2   2   2   2   2   2]
  [186 221 222 222 223 223 223 223 221 222 222 224 223 224 224 228 222
   223 222 223 222 222 220 224 223 223 222 221 225 223 221 224 223 223
   222 221 223 223 222 223 223 223 221 222 225 223 223 225 223 222 222
   224 224 222 223 223 222 221 223 224 224]]

 [[  2   2   2   2   2   2   2   2   2   2   2   2   2   2   2   2   2
     2   2   2   2   2   2   2   2   2   2   2   2   2   2   2   2   2
     2   2   2   2   2   2   2   2   2   2   2   2   2   2   2   2   2
     2   2   2   2   2   2   2   2   2   2]
  [186 240 242 245 242 243 241 243 241 239 249 243 245 245 245 240 248
   247 242 239 241 243 244 245 244 243 241 243 245 244 248 245 244 247
   242 243 241 243 246 244 244 243 245 241 242 249 245 245 244 245 240
   240 241 248 242 243 246 242 245 246 245]]]
stable
 
 err: 
done running mariposa 11.6
Bisecting: 32 revisions left to test after this (roughly 5 steps)
[b4290d4b3d7c021965e9ce7ee636caac0f9cac74] python regression
running python3 /home/yizhou7/mariposa/scripts/z3-bisect.py /home/yizhou7/mariposa/data/bisect_tasks/d_lvbkv_z3_clean--lib-Buckets-PackedStringArray.i.dfy.Impl__PackedStringArray.__default.ToSeq.txt
building z3
done building z3 3.1
running mariposa
res: 1 
 out: [[[    2     2     2     2     2     2     2     2     2     2     2
       2     2     2     2     2     2     2     2     2     2     2
       2     2     2     2     2     2     2     2     2     2     2
       2     2     2     2     2     2     2     2     2     2     2
       2     2     2     2     2     2     2     2     2     2     2
       2     2     2     2     2     2]
  [  191   271   271   268   266   268   269   262   267   268   264
     262   266   267   265   265   266   268   267   262   264   265
     266   262   264   267   264   266   266   262   261   262   260
     264   260   261   257   254   254   248   243   237   239   239
     238   239   237   240   241   244   245   244   244   245   246
     243   245   244   243   241   236]]

 [[    2     2     2     2     2     2     2     2     2     2     2
       2     2     2     2     2     2     2     2     2     3     3
       2     3     3     2     2     2     3     2     2     2     2
       2     2     2     3     2     2     2     2     3     2     2
       3     2     3     2     3     2     2     3     2     2     2
       2     2     3     3     3     3]
  [  191   256   253   262   254   250   246   251   248   278   257
     253   248   262   291   302   307   316   326   320 60042 60034
     272 60033 60035   262   263   269 60036   286   385   287   288
     290   300   324 60024   317   320   321   332 60048   328   328
   60048   292 60037   283 60042   273   279 60019   273   280   297
     270   275 60019 60039 60040 60053]]

 [[    2     2     2     2     2     2     2     2     2     2     2
       2     2     2     2     2     2     2     2     2     2     2
       2     2     2     2     2     2     2     2     2     2     2
       2     2     2     2     2     2     2     2     2     2     2
       2     2     2     3     3     2     2     2     2     3     2
       2     3     2     3     3     3]
  [  191   250   257   251   253   253   256   261   257   255   261
     260   257   264   263   276   266   286   294   302   298   320
     330   318  1649   329   335   346   350   378   367   382   362
     374   374   385   417   369   377  1318   399   380   386   408
     383   389   378 60013 60027   294   291   292   307 60030   296
     296 60025   288 60028 60029 60042]]]
unstable
 
 err: 
done running mariposa 246.3
Bisecting: 16 revisions left to test after this (roughly 4 steps)
[0f7ff2a3d016ce6cc0dcc2654a6aa0187bc55192] swap
running python3 /home/yizhou7/mariposa/scripts/z3-bisect.py /home/yizhou7/mariposa/data/bisect_tasks/d_lvbkv_z3_clean--lib-Buckets-PackedStringArray.i.dfy.Impl__PackedStringArray.__default.ToSeq.txt
building z3
done building z3 3.1
running mariposa
res: 0 
 out: [[[  2   2   2   2   2   2   2   2   2   2   2   2   2   2   2   2   2
     2   2   2   2   2   2   2   2   2   2   2   2   2   2   2   2   2
     2   2   2   2   2   2   2   2   2   2   2   2   2   2   2   2   2
     2   2   2   2   2   2   2   2   2   2]
  [188 220 220 221 222 221 221 221 219 221 220 223 221 223 221 219 220
   220 225 222 222 221 220 221 220 223 219 222 221 221 221 223 224 221
   225 221 219 222 221 220 222 222 221 221 220 223 219 223 222 221 221
   219 220 223 223 221 218 214 215 212 210]]

 [[  2   2   2   2   2   2   2   2   2   2   2   2   2   2   2   2   2
     2   2   2   2   2   2   2   2   2   2   2   2   2   2   2   2   2
     2   2   2   2   2   2   2   2   2   2   2   2   2   2   2   2   2
     2   2   2   2   2   2   2   2   2   2]
  [188 230 226 228 230 229 229 230 226 226 230 231 228 228 228 232 228
   226 230 227 226 229 231 227 226 228 229 227 230 229 226 227 231 229
   226 227 229 229 228 228 228 231 230 228 227 227 227 229 227 231 229
   231 230 228 229 226 227 227 228 227 227]]

 [[  2   2   2   2   2   2   2   2   2   2   2   2   2   2   2   2   2
     2   2   2   2   2   2   2   2   2   2   2   2   2   2   2   2   2
     2   2   2   2   2   2   2   2   2   2   2   2   2   2   2   2   2
     2   2   2   2   2   2   2   2   2   2]
  [188 243 244 245 243 243 244 245 240 243 245 244 245 246 245 243 243
   251 244 243 244 244 245 244 249 246 247 246 245 250 252 252 251 250
   247 248 243 245 244 243 247 244 244 246 244 244 246 243 244 246 242
   247 243 250 244 243 246 243 243 244 247]]]
stable
 
 err: 
done running mariposa 11.7
Bisecting: 7 revisions left to test after this (roughly 3 steps)
[89e8a1392c992a6c37b8c5320b9e4b9b506bd4a1] na
running python3 /home/yizhou7/mariposa/scripts/z3-bisect.py /home/yizhou7/mariposa/data/bisect_tasks/d_lvbkv_z3_clean--lib-Buckets-PackedStringArray.i.dfy.Impl__PackedStringArray.__default.ToSeq.txt
building z3
done building z3 3.1
running mariposa
res: 1 
 out: [[[    2     2     2     2     2     2     2     2     2     2     2
       2     2     2     2     2     2     2     2     2     2     2
       2     2     2     2     2     2     2     2     2     2     2
       2     2     2     2     2     2     2     2     2     2     2
       2     2     2     2     2     2     2     2     2     2     2
       2     2     2     2     2     2]
  [  192   271   272   273   270   276   286   279   273   267   267
     266   267   272   268   266   266   269   269   281   269   269
     267   264   265   267   264   264   265   268   261   261   264
     266   263   261   263   262   259   255   247   244   241   240
     241   240   239   238   238   241   243   245   242   246   245
     243   243   242   243   238   237]]

 [[    2     2     2     2     2     2     2     2     2     2     2
       2     2     2     2     2     2     2     2     2     3     3
       2     3     3     2     2     2     3     2     2     2     2
       2     2     2     3     2     2     2     2     3     2     2
       3     2     3     2     3     2     2     2     3     2     2
       2     2     3     3     3     3]
  [  192   259   254   260   248   248   254   272   254   286   260
     257   251   261   297   306   315   322   335   331 60041 60035
     276 60034 60033   262   265   260 60035   288   389   293   294
     301   305   328 60026   319   320   323   332 60048   333   341
   60044   299 60041   295 60039   276   289   264 60019   278   298
     273   281 60017 60038 60040 60053]]

 [[    2     2     2     2     2     2     2     2     2     2     2
       2     2     2     2     2     2     2     2     2     2     2
       2     2     2     2     2     2     2     2     2     2     2
       2     2     2     2     2     2     2     2     2     2     2
       2     2     2     3     3     2     2     2     2     3     2
       2     3     2     3     3     3]
  [  192   252   262   257   250   254   254   259   259   258   260
     257   257   268   274   266   267   284   283   286   290   318
     329   316  1488   316   328   342   348   371   369   379   362
     368   379   389   416   370   377  1270   397   380   382   408
     390   389   378 60016 60028   296   296   314   297 60030   298
     297 60027   291 60030 60030 60047]]]
unstable
 
 err: 
done running mariposa 246.3
Bisecting: 4 revisions left to test after this (roughly 2 steps)
[1827f98851e1866187abe743afd2d80bc786412f] more fixes for mutexes in shell
running python3 /home/yizhou7/mariposa/scripts/z3-bisect.py /home/yizhou7/mariposa/data/bisect_tasks/d_lvbkv_z3_clean--lib-Buckets-PackedStringArray.i.dfy.Impl__PackedStringArray.__default.ToSeq.txt
building z3
done building z3 3.1
running mariposa
res: 0 
 out: [[[  2   2   2   2   2   2   2   2   2   2   2   2   2   2   2   2   2
     2   2   2   2   2   2   2   2   2   2   2   2   2   2   2   2   2
     2   2   2   2   2   2   2   2   2   2   2   2   2   2   2   2   2
     2   2   2   2   2   2   2   2   2   2]
  [188 222 225 222 223 222 224 221 223 220 221 221 222 225 224 224 220
   223 224 223 224 223 222 223 223 222 221 222 222 220 222 222 223 222
   221 220 220 222 225 223 222 222 222 223 221 223 222 222 221 221 224
   220 223 223 224 220 214 218 216 212 208]]

 [[  2   2   2   2   2   2   2   2   2   2   2   2   2   2   2   2   2
     2   2   2   2   2   2   2   2   2   2   2   2   2   2   2   2   2
     2   2   2   2   2   2   2   2   2   2   2   2   2   2   2   2   2
     2   2   2   2   2   2   2   2   2   2]
  [188 230 231 231 228 231 229 228 229 226 231 229 229 230 229 230 226
   232 228 228 229 227 230 228 228 230 231 230 229 229 229 236 234 234
   230 231 229 229 231 234 269 233 233 232 229 231 229 241 231 235 233
   233 234 231 227 230 228 229 241 233 229]]

 [[  2   2   2   2   2   2   2   2   2   2   2   2   2   2   2   2   2
     2   2   2   2   2   2   2   2   2   2   2   2   2   2   2   2   2
     2   2   2   2   2   2   2   2   2   2   2   2   2   2   2   2   2
     2   2   2   2   2   2   2   2   2   2]
  [188 244 246 243 246 247 246 247 245 246 249 245 247 248 248 247 246
   243 245 248 244 245 246 245 246 246 248 246 248 247 246 244 246 243
   248 245 244 245 243 249 246 247 246 244 247 249 244 242 246 244 244
   243 250 245 244 246 246 245 244 247 246]]]
stable
 
 err: 
done running mariposa 11.8
Bisecting: 1 revision left to test after this (roughly 1 step)
[5177cc4a9a58df192c6a844ca13abf7e7cd3be15] change lt
running python3 /home/yizhou7/mariposa/scripts/z3-bisect.py /home/yizhou7/mariposa/data/bisect_tasks/d_lvbkv_z3_clean--lib-Buckets-PackedStringArray.i.dfy.Impl__PackedStringArray.__default.ToSeq.txt
building z3
done building z3 3.1
running mariposa
res: 1 
 out: [[[    2     2     2     2     2     2     2     2     2     2     2
       2     2     2     2     2     2     2     2     2     2     2
       2     2     2     2     2     2     2     2     2     2     2
       2     2     2     2     2     2     2     2     2     2     2
       2     2     2     2     2     2     2     2     2     2     2
       2     2     2     2     2     2]
  [  193   271   270   273   280   334   289   274   272   267   269
     270   275   275   266   268   268   265   268   268   265   268
     266   266   268   271   266   266   264   265   263   265   264
     263   258   256   247   248   244   239   240   240   242   241
     241   239   243   243   244   244   245   245   245   244   244
     246   245   243   244   242   239]]

 [[    2     2     2     2     2     2     2     2     2     2     2
       2     2     2     2     2     2     2     2     2     3     3
       2     3     3     2     2     2     3     2     2     2     2
       2     2     2     3     2     2     2     2     3     2     2
       3     2     3     2     3     2     2     2     3     2     2
       2     2     3     3     3     3]
  [  193   257   256   257   250   246   243   250   247   284   257
     256   260   256   305   297   313   318   330   328 60040 60035
     274 60035 60035   261   268   267 60036   283   389   294   286
     300   305   328 60026   316   318   323   331 60048   322   328
   60046   302 60042   284 60036   269   285   281 60020   280   272
     296   278 60019 60040 60038 60051]]

 [[    2     2     2     2     2     2     2     2     2     2     2
       2     2     2     2     2     2     2     2     2     2     2
       2     2     2     2     2     2     2     2     2     2     2
       2     2     2     2     2     2     2     2     2     2     2
       2     2     2     3     3     2     2     2     2     3     2
       2     3     2     3     3     3]
  [  193   253   253   253   248   252   283   283   260   263   256
     257   255   266   275   264   266   285   284   283   295   319
     325   319  1566   335   321   348   349   375   365   384   368
     373   380   390   422   374   381  1276   399   379   379   404
     379   384   379 60015 60028   298   292   294   312 60026   298
     297 60027   290 60028 60030 60042]]]
unstable
 
 err: 
done running mariposa 246.3
Bisecting: 0 revisions left to test after this (roughly 1 step)
[7c9d2e0d75757ed6aa535f72c7dec70d5a527fed] pydoc test
running python3 /home/yizhou7/mariposa/scripts/z3-bisect.py /home/yizhou7/mariposa/data/bisect_tasks/d_lvbkv_z3_clean--lib-Buckets-PackedStringArray.i.dfy.Impl__PackedStringArray.__default.ToSeq.txt
building z3
done building z3 3.1
running mariposa
res: 0 
 out: [[[  2   2   2   2   2   2   2   2   2   2   2   2   2   2   2   2   2
     2   2   2   2   2   2   2   2   2   2   2   2   2   2   2   2   2
     2   2   2   2   2   2   2   2   2   2   2   2   2   2   2   2   2
     2   2   2   2   2   2   2   2   2   2]
  [187 221 220 220 221 221 221 220 220 221 221 221 220 221 219 218 223
   221 221 221 220 219 221 218 226 220 222 220 219 223 220 221 220 220
   220 218 218 220 221 219 219 223 221 219 221 221 224 222 222 221 220
   219 219 219 222 220 213 212 213 210 211]]

 [[  2   2   2   2   2   2   2   2   2   2   2   2   2   2   2   2   2
     2   2   2   2   2   2   2   2   2   2   2   2   2   2   2   2   2
     2   2   2   2   2   2   2   2   2   2   2   2   2   2   2   2   2
     2   2   2   2   2   2   2   2   2   2]
  [187 228 229 227 227 230 226 226 225 227 227 227 227 228 230 229 228
   228 226 226 228 228 229 228 226 226 229 226 228 228 229 228 229 233
   226 227 227 229 228 234 229 231 230 228 229 226 240 230 235 233 231
   230 232 229 228 227 225 226 230 226 227]]

 [[  2   2   2   2   2   2   2   2   2   2   2   2   2   2   2   2   2
     2   2   2   2   2   2   2   2   2   2   2   2   2   2   2   2   2
     2   2   2   2   2   2   2   2   2   2   2   2   2   2   2   2   2
     2   2   2   2   2   2   2   2   2   2]
  [187 242 245 243 243 244 244 245 244 242 241 245 244 244 246 242 244
   242 242 243 244 242 245 243 244 247 245 245 246 241 243 242 245 245
   242 243 242 244 247 241 243 245 247 241 243 243 249 244 241 243 240
   244 242 242 249 243 243 246 244 245 245]]]
stable
 
 err: 
done running mariposa 11.7
5177cc4a9a58df192c6a844ca13abf7e7cd3be15 is the first bad commit
commit 5177cc4a9a58df192c6a844ca13abf7e7cd3be15
Author: Nikolaj Bjorner <nbjorner@microsoft.com>
Date:   Fri Jun 21 09:08:20 2019 +0200

    change lt
    
    Signed-off-by: Nikolaj Bjorner <nbjorner@microsoft.com>

 src/ast/ast_lt.h                   | 4 ++++
 src/ast/rewriter/bool_rewriter.cpp | 6 ++++--
 2 files changed, 8 insertions(+), 2 deletions(-)
bisect run success
git bisect start
# good: [e79542cc689d52ec4cb34ce4ae3fbe56e7a0bf70] fix #2309
git bisect good e79542cc689d52ec4cb34ce4ae3fbe56e7a0bf70
# bad: [ad55a1f1c617a7f0c3dd735c0780fc758424c7f1] Update release.yml for Azure Pipelines
git bisect bad ad55a1f1c617a7f0c3dd735c0780fc758424c7f1
# skip: [e2702f3ae88f5c48a55f4473bb5c29184c182634] fixes in assigning constraints to intervals
git bisect skip e2702f3ae88f5c48a55f4473bb5c29184c182634
# skip: [1915812f84cf41a5f232eedf2a695a54d055aa88] add a test for intervals
git bisect skip 1915812f84cf41a5f232eedf2a695a54d055aa88
# bad: [8faf35e2e0c8fce99794e71bd3b5de74b95ceb5a] fix #3735
git bisect bad 8faf35e2e0c8fce99794e71bd3b5de74b95ceb5a
# skip: [d1a5635b4ad7f8632356b380f3a9b1fc83fdb04f] better model based lemmaas
git bisect skip d1a5635b4ad7f8632356b380f3a9b1fc83fdb04f
# skip: [0a86bd14f792ef5fadb8eeb346729a612f7e1588] start on test nla
git bisect skip 0a86bd14f792ef5fadb8eeb346729a612f7e1588
# bad: [f7747d9e76bd685a02ce5c5fbda91fc356856b5e] fix parameter collection for tactic-based solvers reported in #3065
git bisect bad f7747d9e76bd685a02ce5c5fbda91fc356856b5e
# skip: [0644194fc96a853df44c37f9e4522796aa40add8] work on lemma from product to factors, and some renaming
git bisect skip 0644194fc96a853df44c37f9e4522796aa40add8
# bad: [0321312c8db1d3f0edbd23e6e48884fbb7d77d1d] Changed to get_const_interp to match Java and C# bindings
git bisect bad 0321312c8db1d3f0edbd23e6e48884fbb7d77d1d
# bad: [6e637348826f0725ba8a01c455448023ca2889e4] Merge pull request #2368 from waywardmonkeys/fix-typo
git bisect bad 6e637348826f0725ba8a01c455448023ca2889e4
# good: [9b4f327e29de8eadd112e53af5a8fb9f430fabf7] set upload mode to replace
git bisect good 9b4f327e29de8eadd112e53af5a8fb9f430fabf7
# good: [42ac3a536369a7d4a7eafa1fa15b571b146ba594] merge with csp
git bisect good 42ac3a536369a7d4a7eafa1fa15b571b146ba594
# bad: [b4290d4b3d7c021965e9ce7ee636caac0f9cac74] python regression
git bisect bad b4290d4b3d7c021965e9ce7ee636caac0f9cac74
# good: [0f7ff2a3d016ce6cc0dcc2654a6aa0187bc55192] swap
git bisect good 0f7ff2a3d016ce6cc0dcc2654a6aa0187bc55192
# bad: [89e8a1392c992a6c37b8c5320b9e4b9b506bd4a1] na
git bisect bad 89e8a1392c992a6c37b8c5320b9e4b9b506bd4a1
# good: [1827f98851e1866187abe743afd2d80bc786412f] more fixes for mutexes in shell
git bisect good 1827f98851e1866187abe743afd2d80bc786412f
# bad: [5177cc4a9a58df192c6a844ca13abf7e7cd3be15] change lt
git bisect bad 5177cc4a9a58df192c6a844ca13abf7e7cd3be15
# good: [7c9d2e0d75757ed6aa535f72c7dec70d5a527fed] pydoc test
git bisect good 7c9d2e0d75757ed6aa535f72c7dec70d5a527fed
# first bad commit: [5177cc4a9a58df192c6a844ca13abf7e7cd3be15] change lt
