running python3 /home/yizhou7/mariposa/scripts/z3-bisect.py /home/yizhou7/mariposa/data/bisect_tasks/d_lvbkv_z3_clean--Betree-Betree_Refines_Map.i.dfy.Impl__Betree__Refines__Map.__default.RedirectRefinesMap.txt
building z3
Bisecting: 1453 revisions left to test after this (roughly 11 steps)
[1915812f84cf41a5f232eedf2a695a54d055aa88] add a test for intervals
running python3 /home/yizhou7/mariposa/scripts/z3-bisect.py /home/yizhou7/mariposa/data/bisect_tasks/d_lvbkv_z3_clean--Betree-Betree_Refines_Map.i.dfy.Impl__Betree__Refines__Map.__default.RedirectRefinesMap.txt
building z3
Bisecting: 1453 revisions left to test after this (roughly 11 steps)
[8faf35e2e0c8fce99794e71bd3b5de74b95ceb5a] fix #3735
running python3 /home/yizhou7/mariposa/scripts/z3-bisect.py /home/yizhou7/mariposa/data/bisect_tasks/d_lvbkv_z3_clean--Betree-Betree_Refines_Map.i.dfy.Impl__Betree__Refines__Map.__default.RedirectRefinesMap.txt
building z3
done building z3 3.2
running mariposa
res: 1 
 out: [[[    3     3     3     3     3     3     3     3     3     3     3
       3     3     3     3     3     3     3     3     3     3     3
       3     3     3     3     3     3     3     3     3     3     3
       3     3     3     3     3     3     3     3     3     3     3
       3     3     3     3     3     3     3     3     3     3     3
       3     3     3     3     3     3]
  [60012 60017 60014 60018 60017 60017 60015 60016 60014 60016 60016
   60017 60018 60015 60016 60014 60014 60017 60017 60017 60018 60016
   60014 60014 60017 60015 60017 60017 60017 60014 60016 60017 60017
   60016 60017 60015 60015 60014 60017 60016 60018 60017 60016 60014
   60016 60016 60018 60018 60016 60017 60014 60016 60016 60016 60019
   60017 60016 60014 60015 60016 60015]]

 [[    3     2     3     3     3     3     3     3     2     3     3
       3     3     2     3     3     3     3     3     2     3     3
       3     3     3     2     3     3     3     3     3     3     3
       3     3     3     3     3     2     3     3     3     3     2
       3     3     3     3     3     3     3     3     3     3     3
       3     2     3     3     3     3]
  [60012   427 60015 60014 60014 60016 60017 60016 60037 60014 60015
   60014 60016 59853 60016 60016 60014 60015 60015   403 60015 60018
   60017 60015 60017   443 60016 60016 60018 60018 60018 60017 60014
   60014 60015 60017 60017 60017 58438 60015 60017 60015 60016 55964
   60018 60016 60017 60016 60015 60019 60017 60018 60016 60016 60016
   60016 58979 60019 60018 60016 60016]]

 [[    3     2     2     2     3     3     3     3     3     3     2
       2     2     2     3     2     2     2     3     3     3     3
       3     2     2     2     3     2     2     3     2     2     2
       3     3     3     2     2     2     3     3     3     3     2
       2     2     3     3     3     3     2     3     2     2     2
       2     3     3     3     3     3]
  [60012   431   429   487 60016 60016 60014 60013 60013 60014   437
     441   451   450 60015   444   494   487 60017 60017 60015 60016
   60015   508   435   444 60014   463   504 60017   526   462   550
   60020 60017 60014   472   530   509 60018 60015 60015 60014   450
     494 51706 60020 60017 60016 60016   450 60016   458   468   518
     529 60015 60014 60018 60018 60014]]]
unstable
 
 err: 
done running mariposa 1384.1
Bisecting: 1254 revisions left to test after this (roughly 10 steps)
[d1a5635b4ad7f8632356b380f3a9b1fc83fdb04f] better model based lemmaas
running python3 /home/yizhou7/mariposa/scripts/z3-bisect.py /home/yizhou7/mariposa/data/bisect_tasks/d_lvbkv_z3_clean--Betree-Betree_Refines_Map.i.dfy.Impl__Betree__Refines__Map.__default.RedirectRefinesMap.txt
building z3
Bisecting: 1254 revisions left to test after this (roughly 10 steps)
[0a86bd14f792ef5fadb8eeb346729a612f7e1588] start on test nla
running python3 /home/yizhou7/mariposa/scripts/z3-bisect.py /home/yizhou7/mariposa/data/bisect_tasks/d_lvbkv_z3_clean--Betree-Betree_Refines_Map.i.dfy.Impl__Betree__Refines__Map.__default.RedirectRefinesMap.txt
building z3
Bisecting: 1254 revisions left to test after this (roughly 10 steps)
[f7747d9e76bd685a02ce5c5fbda91fc356856b5e] fix parameter collection for tactic-based solvers reported in #3065
running python3 /home/yizhou7/mariposa/scripts/z3-bisect.py /home/yizhou7/mariposa/data/bisect_tasks/d_lvbkv_z3_clean--Betree-Betree_Refines_Map.i.dfy.Impl__Betree__Refines__Map.__default.RedirectRefinesMap.txt
building z3
done building z3 3.2
running mariposa
res: 1 
 out: [[[    3     3     3     3     3     3     3     3     3     3     3
       3     3     3     3     3     3     3     3     3     3     3
       3     3     3     3     3     3     3     3     3     3     3
       3     3     3     3     3     3     3     3     3     3     3
       3     3     3     3     3     3     3     3     3     3     3
       3     3     3     3     3     3]
  [60012 60018 60014 60017 60016 60016 60016 60017 60016 60016 60018
   60017 60017 60017 60017 60017 60015 60019 60016 60017 60017 60017
   60017 60016 60018 60017 60017 60017 60016 60018 60016 60017 60017
   60015 60019 60016 60017 60016 60016 60017 60016 60017 60018 60018
   60014 60018 60017 60016 60018 60016 60018 60016 60016 60017 60017
   60018 60015 60016 60016 60016 60015]]

 [[    3     2     3     3     3     3     2     3     3     3     3
       3     2     3     3     3     3     3     3     2     2     3
       3     3     2     3     3     3     3     3     3     3     3
       3     3     3     3     3     2     3     3     3     3     2
       3     2     3     3     3     3     3     3     3     3     3
       3     3     2     3     3     3]
  [60012   401 60017 60014 60015 60019 45744 60015 60016 60017 60016
   60014 54347 60020 60015 60016 60016 60015 60016   411 39140 60017
   60015 60018   440 60017 60017 60015 60019 60018 60018 60020 60018
   60016 60015 60018 60016 60016 57305 60016 60017 60015 60015 41502
   60018 52551 60018 60016 60016 60018 60018 60017 60018 60018 60018
   60015 60019 58488 60018 60015 60017]]

 [[    3     2     2     2     3     3     3     3     3     3     2
       2     2     2     3     2     2     2     3     3     3     3
       3     2     2     2     3     2     2     3     2     2     2
       2     2     2     3     3     2     3     3     3     3     2
       2     2     2     3     2     3     3     3     2     2     2
       3     2     3     3     3     3]
  [60012   430   439   494 60017 60015 60013 60016 60013 60018   424
     447   467   415 60015   466   430   474 60017 60018 60015 60017
   60017   477   471   483 60016   437   510 60017   481   492   450
   56694   464   543 60017 60016   497 60016 60014 60018 60014   464
     503 46199 49329 60018   454 60017 60017 60016   477   583   478
   60015   516 60016 60018 60020 60017]]]
unstable
 
 err: 
done running mariposa 1360.8
Bisecting: 1034 revisions left to test after this (roughly 10 steps)
[0644194fc96a853df44c37f9e4522796aa40add8] work on lemma from product to factors, and some renaming
running python3 /home/yizhou7/mariposa/scripts/z3-bisect.py /home/yizhou7/mariposa/data/bisect_tasks/d_lvbkv_z3_clean--Betree-Betree_Refines_Map.i.dfy.Impl__Betree__Refines__Map.__default.RedirectRefinesMap.txt
building z3
Bisecting: 1034 revisions left to test after this (roughly 10 steps)
[0321312c8db1d3f0edbd23e6e48884fbb7d77d1d] Changed to get_const_interp to match Java and C# bindings
running python3 /home/yizhou7/mariposa/scripts/z3-bisect.py /home/yizhou7/mariposa/data/bisect_tasks/d_lvbkv_z3_clean--Betree-Betree_Refines_Map.i.dfy.Impl__Betree__Refines__Map.__default.RedirectRefinesMap.txt
building z3
done building z3 3.1
running mariposa
res: 1 
 out: [[[    2     3     3     3     3     3     3     3     3     3     3
       3     3     3     3     3     3     3     3     3     3     3
       3     3     3     3     3     3     3     3     3     3     3
       3     3     3     3     3     3     3     3     3     3     3
       3     3     3     3     3     3     3     3     3     3     3
       3     3     2     2     2     2]
  [41851 60019 60019 60016 60018 60016 60019 60019 60018 60019 60017
   60019 60016 60020 60018 60019 60018 60017 60019 60017 60020 60019
   60019 60018 60017 60019 60018 60021 60019 60019 60018 60017 60018
   60018 60021 60020 60018 60018 60018 60019 60016 60020 60020 60019
   60018 60017 60019 60018 60022 60021 60020 60018 60017 60019 60017
   60021 60018 57313 58057 58165 57910]]

 [[    2     3     3     3     3     2     2     3     3     3     3
       2     3     2     3     3     3     3     2     3     3     3
       3     3     3     2     3     3     3     3     3     2     3
       3     3     3     3     3     3     3     3     3     3     3
       2     3     3     3     3     3     3     2     3     3     3
       3     3     2     3     3     3]
  [41851 60018 60017 60015 60018 48659   404 60017 60017 60016 60016
     458 60018 43116 60016 60019 60014 60017   411 60017 60015 60020
   60018 60018 60017   392 60015 60017 60016 60018 60016   435 60017
   60016 60016 60016 60015 60016 60015 60017 60017 60015 60015 60016
   52406 60020 60016 60016 60016 60017 60015   366 60016 60016 60016
   60015 60016 59535 60017 60018 60018]]

 [[    2     2     2     2     2     2     2     2     3     3     3
       2     3     3     3     2     2     3     3     3     3     3
       3     3     2     2     2     2     2     3     3     3     3
       2     3     2     3     3     3     2     3     3     3     2
       3     3     2     2     2     2     3     3     2     3     3
       3     2     3     3     3     3]
  [41851   350   393   475   461   383   423 52963 60015 60014 60014
     422 60016 60015 60017   431   417 60017 60017 60018 60017 60014
   60015 60017   416   416   419   462   495 60018 60020 60016 60018
     545 60018   438 60018 60015 60019 58499 60018 60019 60017   482
   60017 60018   442   483 49919   435 60019 60018   410 60019 60016
   60016 58283 60017 60021 60018 60018]]]
unstable
 
 err: 
done running mariposa 1369.3
Bisecting: 261 revisions left to test after this (roughly 8 steps)
[6e637348826f0725ba8a01c455448023ca2889e4] Merge pull request #2368 from waywardmonkeys/fix-typo
running python3 /home/yizhou7/mariposa/scripts/z3-bisect.py /home/yizhou7/mariposa/data/bisect_tasks/d_lvbkv_z3_clean--Betree-Betree_Refines_Map.i.dfy.Impl__Betree__Refines__Map.__default.RedirectRefinesMap.txt
building z3
done building z3 3.1
running mariposa
res: 1 
 out: [[[    3     3     3     3     3     3     3     3     3     3     3
       3     3     3     3     3     3     3     3     3     3     3
       3     3     3     3     3     3     3     3     3     3     3
       3     3     3     3     3     3     3     3     3     3     3
       3     3     3     3     3     3     3     3     3     3     3
       3     3     3     3     3     3]
  [60011 60015 60018 60017 60016 60015 60016 60016 60015 60015 60016
   60015 60016 60017 60017 60016 60018 60016 60016 60016 60017 60017
   60015 60017 60015 60015 60016 60015 60017 60016 60015 60015 60016
   60017 60016 60017 60015 60016 60015 60014 60015 60016 60016 60016
   60016 60016 60014 60016 60017 60017 60017 60016 60014 60014 60017
   60016 60017 60015 60016 60014 60014]]

 [[    3     3     3     3     3     3     3     3     3     3     3
       2     3     3     3     3     2     3     3     3     3     3
       3     3     3     3     3     3     3     3     3     3     3
       3     3     3     3     3     3     3     3     3     3     3
       3     3     3     3     3     3     3     3     3     3     3
       3     3     3     3     3     3]
  [60011 60015 60015 60017 60016 60018 60015 60015 60015 60016 60018
   55731 60016 60015 60015 60014 53478 60017 60016 60019 60015 60014
   60020 60017 60016 60016 60017 60017 60015 60014 60016 60017 60016
   60017 60017 60014 60016 60016 60018 60018 60014 60016 60014 60016
   60017 60016 60018 60016 60017 60015 60014 60015 60018 60017 60017
   60016 60015 60017 60018 60017 60017]]

 [[    3     2     2     2     2     2     2     2     2     2     3
       3     3     3     2     3     2     3     3     3     3     3
       3     2     2     3     2     2     2     3     3     2     2
       3     3     3     2     2     2     2     3     2     3     2
       3     2     2     2     3     3     2     2     3     2     2
       3     3     3     3     3     3]
  [60011   405   404   494   381   476 55343 55681   430   444 60014
   60017 60013 60012   400 60014 40821 60014 60019 60018 60017 60015
   60016   419   490 60015   465   472   517 60019 60018   481 57888
   60017 60018 60017   443   412   464   462 60016 47489 60017   435
   60018   435   507   413 60014 60014   436   460 60016   379   455
   60016 60020 60016 60016 60015 60015]]]
unstable
 
 err: 
done running mariposa 1388.5
Bisecting: 130 revisions left to test after this (roughly 7 steps)
[9b4f327e29de8eadd112e53af5a8fb9f430fabf7] set upload mode to replace
running python3 /home/yizhou7/mariposa/scripts/z3-bisect.py /home/yizhou7/mariposa/data/bisect_tasks/d_lvbkv_z3_clean--Betree-Betree_Refines_Map.i.dfy.Impl__Betree__Refines__Map.__default.RedirectRefinesMap.txt
building z3
done building z3 3.0
running mariposa
res: 0 
 out: [[[  2   2   2   2   2   2   2   2   2   2   2   2   2   2   2   2   2
     2   2   2   2   2   2   2   2   2   2   2   2   2   2   2   2   2
     2   2   2   2   2   2   2   2   2   2   2   2   2   2   2   2   2
     2   2   2   2   2   2   2   2   2   2]
  [245 293 294 294 292 295 293 292 292 292 291 292 293 294 292 293 294
   295 296 292 292 292 293 293 294 298 292 299 296 292 291 292 293 294
   294 294 291 294 294 294 292 295 294 294 293 291 295 293 297 291 293
   292 293 299 295 293 282 284 283 286 272]]

 [[  2   2   2   2   2   2   2   2   2   2   2   2   2   2   2   2   2
     2   2   2   2   2   2   2   2   2   2   2   2   2   2   2   2   2
     2   2   2   2   2   2   2   2   2   2   2   2   2   2   2   2   2
     2   2   2   2   2   2   2   2   2   2]
  [245 300 299 301 297 300 299 301 302 299 300 299 301 299 302 299 302
   298 299 299 299 299 299 300 300 299 298 298 298 299 298 299 298 296
   298 298 298 301 301 300 298 297 298 299 300 298 296 299 299 299 301
   300 302 301 298 298 299 300 301 302 295]]

 [[  2   2   2   2   2   2   2   2   2   2   2   2   2   2   2   2   2
     2   2   2   2   2   2   2   2   2   2   2   2   2   2   2   2   2
     2   2   2   2   2   2   2   2   2   2   2   2   2   2   2   2   2
     2   2   2   2   2   2   2   2   2   2]
  [245 327 332 331 333 334 333 334 326 332 334 328 333 327 329 327 340
   328 330 329 330 332 322 338 326 330 333 331 333 323 334 332 331 327
   331 330 323 326 332 328 336 330 329 325 333 333 334 328 327 329 325
   329 332 325 331 329 331 326 327 326 329]]]
stable
 
 err: 
done running mariposa 15.2
Bisecting: 65 revisions left to test after this (roughly 6 steps)
[42ac3a536369a7d4a7eafa1fa15b571b146ba594] merge with csp
running python3 /home/yizhou7/mariposa/scripts/z3-bisect.py /home/yizhou7/mariposa/data/bisect_tasks/d_lvbkv_z3_clean--Betree-Betree_Refines_Map.i.dfy.Impl__Betree__Refines__Map.__default.RedirectRefinesMap.txt
building z3
done building z3 3.0
running mariposa
res: 0 
 out: [[[  2   2   2   2   2   2   2   2   2   2   2   2   2   2   2   2   2
     2   2   2   2   2   2   2   2   2   2   2   2   2   2   2   2   2
     2   2   2   2   2   2   2   2   2   2   2   2   2   2   2   2   2
     2   2   2   2   2   2   2   2   2   2]
  [248 295 294 296 294 296 299 297 293 293 293 295 299 296 293 296 292
   293 294 296 298 294 293 294 295 293 295 298 294 293 293 295 294 296
   297 294 294 293 300 294 299 297 294 293 294 295 295 295 298 293 294
   295 298 296 297 294 285 284 285 280 279]]

 [[  2   2   2   2   2   2   2   2   2   2   2   2   2   2   2   2   2
     2   2   2   2   2   2   2   2   2   2   2   2   2   2   2   2   2
     2   2   2   2   2   2   2   2   2   2   2   2   2   2   2   2   2
     2   2   2   2   2   2   2   2   2   2]
  [248 304 300 302 299 300 299 321 302 301 302 298 298 302 302 298 301
   302 299 298 302 300 300 298 304 299 301 299 302 299 301 302 299 299
   298 302 300 302 302 320 300 301 300 303 300 303 301 300 301 303 298
   301 304 301 300 298 301 300 303 305 302]]

 [[  2   2   2   2   2   2   2   2   2   2   2   2   2   2   2   2   2
     2   2   2   2   2   2   2   2   2   2   2   2   2   2   2   2   2
     2   2   2   2   2   2   2   2   2   2   2   2   2   2   2   2   2
     2   2   2   2   2   2   2   2   2   2]
  [248 332 338 328 337 335 338 338 334 336 337 331 331 332 331 332 327
   344 334 333 335 332 326 337 330 339 332 333 331 327 327 336 331 331
   329 333 328 328 333 329 335 334 329 328 334 338 333 327 333 333 327
   329 337 333 327 330 333 328 326 332 331]]]
stable
 
 err: 
done running mariposa 15.2
Bisecting: 32 revisions left to test after this (roughly 5 steps)
[b4290d4b3d7c021965e9ce7ee636caac0f9cac74] python regression
running python3 /home/yizhou7/mariposa/scripts/z3-bisect.py /home/yizhou7/mariposa/data/bisect_tasks/d_lvbkv_z3_clean--Betree-Betree_Refines_Map.i.dfy.Impl__Betree__Refines__Map.__default.RedirectRefinesMap.txt
building z3
done building z3 3.0
running mariposa
res: 1 
 out: [[[    2     2     2     2     2     2     2     2     2     2     2
       2     2     2     2     2     2     2     2     2     2     2
       2     2     2     2     2     2     2     2     2     2     2
       2     2     2     2     2     2     2     2     2     2     2
       2     2     2     2     2     2     2     2     2     2     2
       2     2     2     2     2     2]
  [  350   498   492   498   506   499   500   499   502   464   435
     435   441   438   442   445   431   439   445   443   446   442
     432   432   447   440   446   442   432   437   437   438   443
     442   437   438   438   441   441   440   435   432   438   441
     441   444   433   435   440   441   441   443   439   437   441
     439   441   434   423   420   398]]

 [[    2     3     3     3     3     3     3     3     3     3     3
       3     3     3     3     3     3     3     3     3     3     3
       3     3     3     3     3     3     3     3     3     3     3
       3     3     3     3     3     3     3     3     3     3     3
       3     3     3     3     3     3     3     3     3     3     3
       3     3     3     3     3     3]
  [  350 60015 60013 60013 60017 60018 60015 60015 60014 60013 60013
   60016 60019 60017 60016 60014 60015 60013 60017 60016 60016 60016
   60014 60014 60013 60018 60015 60015 60015 60016 60015 60014 60016
   60016 60018 60015 60014 60014 60015 60019 60016 60017 60016 60015
   60016 60015 60018 60016 60017 60016 60016 60015 60013 60017 60016
   60016 60014 60017 60015 60013 60018]]

 [[    2     2     2     2     2     2     3     3     3     3     3
       3     2     2     3     3     3     3     3     2     2     3
       2     3     2     2     3     3     3     3     2     2     3
       2     3     3     3     3     3     2     3     3     2     3
       2     2     2     3     2     3     2     3     2     3     3
       3     2     2     3     3     3]
  [  350   441   453   492   426 58200 60014 60013 60016 60013 60013
   60015   538 55929 60019 60018 60017 60016 60016   446   477 60015
     406 60016   472   436 60018 60016 60017 60015   427   448 60015
     499 60014 60017 60016 60017 60017   488 60015 60015   446 60013
   58009   487   489 60018   479 60017   493 60016   497 60015 60015
   60016   471 45980 60017 60017 60015]]]
unstable
 
 err: 
done running mariposa 892.6
Bisecting: 16 revisions left to test after this (roughly 4 steps)
[0f7ff2a3d016ce6cc0dcc2654a6aa0187bc55192] swap
running python3 /home/yizhou7/mariposa/scripts/z3-bisect.py /home/yizhou7/mariposa/data/bisect_tasks/d_lvbkv_z3_clean--Betree-Betree_Refines_Map.i.dfy.Impl__Betree__Refines__Map.__default.RedirectRefinesMap.txt
building z3
done building z3 93.2
running mariposa
res: 1 
 out: [[[    3     3     3     3     3     3     3     3     3     3     3
       3     3     3     3     3     3     3     3     3     3     3
       3     3     3     3     3     3     3     3     3     3     3
       3     3     3     3     3     3     3     3     3     3     3
       3     3     3     3     3     3     3     3     3     3     3
       3     3     3     3     3     3]
  [60013 60016 60016 60015 60015 60013 60012 60016 60015 60014 60015
   60013 60014 60012 60016 60015 60015 60014 60013 60014 60012 60015
   60014 60014 60014 60013 60014 60014 60016 60016 60013 60015 60013
   60014 60012 60015 60015 60014 60014 60013 60013 60013 60016 60016
   60014 60014 60013 60013 60012 60016 60015 60014 60015 60015 60013
   60012 60015 60014 60012 60014 60012]]

 [[    3     3     3     3     3     3     3     3     3     3     3
       3     3     3     3     3     3     3     3     3     3     3
       3     3     3     3     3     3     3     3     3     3     3
       3     3     3     3     3     3     3     3     3     3     3
       3     3     3     3     3     3     3     3     3     3     3
       3     3     3     3     3     3]
  [60013 60014 60012 60012 60016 60015 60014 60014 60013 60013 60014
   60015 60015 60016 60014 60014 60012 60012 60016 60016 60015 60015
   60014 60013 60014 60016 60015 60014 60014 60013 60013 60012 60016
   60017 60014 60014 60013 60013 60012 60015 60015 60015 60014 60013
   60013 60014 60015 60015 60015 60013 60013 60013 60014 60015 60015
   60016 60014 60014 60014 60014 60014]]

 [[    3     3     3     3     3     3     3     3     3     3     3
       3     3     3     3     3     3     3     3     3     3     3
       3     3     3     3     3     3     3     3     3     3     3
       3     3     3     3     3     3     3     3     3     3     3
       3     3     3     3     3     3     3     3     3     3     3
       3     3     3     3     3     3]
  [60013 60013 60014 60014 60015 60014 60013 60013 60016 60015 60015
   60016 60014 60012 60011 60016 60017 60015 60015 60014 60012 60011
   60015 60016 60015 60015 60014 60012 60014 60016 60017 60014 60015
   60014 60013 60014 60016 60016 60014 60015 60014 60014 60013 60016
   60016 60014 60015 60014 60015 60012 60016 60015 60014 60015 60015
   60012 60012 60016 60014 60013 60014]]]
unsolvable
 
 err: 
done running mariposa 1627.4
Bisecting: 7 revisions left to test after this (roughly 3 steps)
[d17248821ad047f889237ce20b6bdaa1465ceff9] include chronological backtracking, two-phase sat, xor inprocessing, probsat, ddfw
running python3 /home/yizhou7/mariposa/scripts/z3-bisect.py /home/yizhou7/mariposa/data/bisect_tasks/d_lvbkv_z3_clean--Betree-Betree_Refines_Map.i.dfy.Impl__Betree__Refines__Map.__default.RedirectRefinesMap.txt
building z3
done building z3 95.8
running mariposa
res: 0 
 out: [[[  2   2   2   2   2   2   2   2   2   2   2   2   2   2   2   2   2
     2   2   2   2   2   2   2   2   2   2   2   2   2   2   2   2   2
     2   2   2   2   2   2   2   2   2   2   2   2   2   2   2   2   2
     2   2   2   2   2   2   2   2   2   2]
  [256 299 300 311 304 303 333 301 299 300 299 296 296 315 302 298 299
   297 296 295 301 299 296 326 295 301 298 306 298 297 320 299 304 299
   302 292 307 299 299 315 299 302 299 308 301 301 297 298 301 293 296
   298 301 331 300 299 286 286 290 286 305]]

 [[  2   2   2   2   2   2   2   2   2   2   2   2   2   2   2   2   2
     2   2   2   2   2   2   2   2   2   2   2   2   2   2   2   2   2
     2   2   2   2   2   2   2   2   2   2   2   2   2   2   2   2   2
     2   2   2   2   2   2   2   2   2   2]
  [256 303 317 301 304 304 304 303 304 306 330 305 309 301 304 300 303
   302 303 307 305 300 305 302 302 302 331 302 304 300 304 305 305 305
   302 315 302 301 304 304 303 302 301 304 301 320 299 301 305 300 305
   298 303 307 307 303 329 299 306 304 303]]

 [[  2   2   2   2   2   2   2   2   2   2   2   2   2   2   2   2   2
     2   2   2   2   2   2   2   2   2   2   2   2   2   2   2   2   2
     2   2   2   2   2   2   2   2   2   2   2   2   2   2   2   2   2
     2   2   2   2   2   2   2   2   2   2]
  [256 342 333 330 333 335 345 361 332 351 329 346 338 334 333 331 342
   329 344 336 332 341 331 345 329 336 331 337 355 328 334 338 335 328
   335 349 331 327 334 334 335 334 346 333 332 369 344 330 331 333 330
   328 334 336 349 336 338 327 327 335 333]]]
stable
 
 err: 
done running mariposa 15.5
Bisecting: 3 revisions left to test after this (roughly 2 steps)
[ec1653fdff146ff8d1b3b2281e875494f4fc3a96] Merge pull request #2345 from schedutron/master
running python3 /home/yizhou7/mariposa/scripts/z3-bisect.py /home/yizhou7/mariposa/data/bisect_tasks/d_lvbkv_z3_clean--Betree-Betree_Refines_Map.i.dfy.Impl__Betree__Refines__Map.__default.RedirectRefinesMap.txt
building z3
done building z3 20.5
running mariposa
res: 0 
 out: [[[  2   2   2   2   2   2   2   2   2   2   2   2   2   2   2   2   2
     2   2   2   2   2   2   2   2   2   2   2   2   2   2   2   2   2
     2   2   2   2   2   2   2   2   2   2   2   2   2   2   2   2   2
     2   2   2   2   2   2   2   2   2   2]
  [260 301 298 322 299 300 300 302 297 296 297 325 298 298 294 297 295
   295 297 306 296 297 296 299 297 298 308 300 303 293 293 296 297 308
   300 297 296 294 295 296 306 299 302 296 302 296 295 295 298 303 297
   315 293 296 304 296 291 289 291 288 278]]

 [[  2   2   2   2   2   2   2   2   2   2   2   2   2   2   2   2   2
     2   2   2   2   2   2   2   2   2   2   2   2   2   2   2   2   2
     2   2   2   2   2   2   2   2   2   2   2   2   2   2   2   2   2
     2   2   2   2   2   2   2   2   2   2]
  [260 302 309 326 302 305 304 307 305 304 328 298 303 301 307 300 305
   327 303 308 305 320 303 306 301 301 309 301 303 306 303 303 315 301
   301 306 308 303 330 301 304 318 302 299 312 307 299 307 301 319 305
   309 307 302 302 298 309 305 310 307 307]]

 [[  2   2   2   2   2   2   2   2   2   2   2   2   2   2   2   2   2
     2   2   2   2   2   2   2   2   2   2   2   2   2   2   2   2   2
     2   2   2   2   2   2   2   2   2   2   2   2   2   2   2   2   2
     2   2   2   2   2   2   2   2   2   2]
  [260 339 336 333 333 347 337 343 334 369 332 345 344 333 334 339 332
   340 333 346 341 350 331 330 336 343 376 336 346 329 333 338 339 339
   330 352 327 331 339 334 336 333 360 335 336 337 337 334 335 358 330
   329 338 331 329 336 349 336 330 334 333]]]
stable
 
 err: 
done running mariposa 15.5
Bisecting: 1 revision left to test after this (roughly 1 step)
[f3b79087eef389011fa90eefcf64b987bed54a9d] add default tactic as option to overwrite the behavior of strategic solver factory
running python3 /home/yizhou7/mariposa/scripts/z3-bisect.py /home/yizhou7/mariposa/data/bisect_tasks/d_lvbkv_z3_clean--Betree-Betree_Refines_Map.i.dfy.Impl__Betree__Refines__Map.__default.RedirectRefinesMap.txt
building z3
done building z3 4.6
running mariposa
res: 1 
 out: [[[    3     3     3     3     3     3     3     3     3     3     3
       3     3     3     3     3     3     3     3     3     3     3
       3     3     3     3     3     3     3     3     3     3     3
       3     3     3     3     3     3     3     3     3     3     3
       3     3     3     3     3     3     3     3     3     3     3
       3     3     3     3     3     3]
  [60049 60056 60062 60071 60065 60061 60060 60059 60058 60067 60070
   60063 60061 60062 60063 60059 60072 60064 60063 60060 60069 60073
   60059 60069 60064 60061 60066 60061 60066 60071 60057 60072 60067
   60066 60062 60060 60071 60067 60073 60062 60068 60071 60065 60077
   60068 60063 60077 60066 60077 60074 60073 60077 60080 60076 60065
   60065 60061 60065 60060 60069 60068]]

 [[    3     3     3     3     3     3     3     3     3     3     3
       3     3     3     3     3     3     3     3     3     3     3
       3     3     3     3     3     3     3     3     3     3     3
       3     3     3     3     3     3     3     3     3     3     3
       3     3     3     3     3     3     3     3     3     3     3
       3     3     3     3     3     3]
  [60049 60051 60052 60059 60067 60063 60059 60061 60052 60057 60051
   60067 60059 60068 60062 60045 60055 60053 60068 60051 60053 60055
   60050 60056 60058 60066 60051 60057 60061 60050 60058 60050 60067
   60067 60057 60056 60053 60057 60056 60064 60060 60055 60055 60058
   60058 60053 60065 60077 60069 60066 60054 60058 60060 60063 60065
   60059 60076 60068 60057 60054 60065]]

 [[    3     3     3     3     3     3     3     3     3     3     3
       3     3     3     3     3     3     3     3     3     3     3
       3     3     3     3     3     3     3     3     3     3     3
       3     3     3     3     3     3     3     3     3     3     3
       3     3     3     3     3     3     3     3     3     3     3
       3     3     3     3     3     3]
  [60049 60053 60071 60068 60065 60069 60067 60068 60056 60070 60068
   60068 60063 60064 60059 60059 60024 60059 60063 60058 60060 60055
   60043 60059 60056 60051 60055 60051 60059 60054 60068 60059 60062
   60060 60057 60059 60059 60049 60059 60066 60063 60063 60060 60057
   60065 60069 60068 60058 60060 60066 60055 60058 60064 60065 60060
   60065 60061 60055 60050 60057 60057]]]
unsolvable
 
 err: 
done running mariposa 1629.0
Bisecting: 0 revisions left to test after this (roughly 0 steps)
[1e770af1cc04f85a8d7a990ba0c9c4e433b83fa8] local sort
running python3 /home/yizhou7/mariposa/scripts/z3-bisect.py /home/yizhou7/mariposa/data/bisect_tasks/d_lvbkv_z3_clean--Betree-Betree_Refines_Map.i.dfy.Impl__Betree__Refines__Map.__default.RedirectRefinesMap.txt
building z3
done building z3 3.2
running mariposa
res: 1 
 out: [[[    3     3     3     3     3     3     3     3     3     3     3
       3     3     3     3     3     3     3     3     3     3     3
       3     3     3     3     3     3     3     3     3     3     3
       3     3     3     3     3     3     3     3     3     3     3
       3     3     3     3     3     3     3     3     3     3     3
       3     3     3     3     3     3]
  [60070 60066 60051 60062 60058 60062 60061 60061 60066 60064 60049
   60059 60061 60056 60053 60064 60067 60062 60058 60053 60063 60056
   60063 60063 60059 60059 60054 60058 60070 60065 60073 60069 60052
   60069 60055 60073 60066 60072 60066 60055 60058 60055 60067 60061
   60065 60071 60069 60067 60052 60065 60056 60061 60071 60071 60071
   60068 60060 60054 60048 60054 60051]]

 [[    3     3     3     3     3     3     3     3     3     3     3
       3     3     3     3     3     3     3     3     3     3     3
       3     3     3     3     3     3     3     3     3     3     3
       3     3     3     3     3     3     3     3     3     3     3
       3     3     3     3     3     3     3     3     3     3     3
       3     3     3     3     3     3]
  [60070 60052 60062 60061 60055 60060 60065 60063 60065 60064 60058
   60072 60060 60065 60062 60064 60062 60063 60074 60067 60060 60067
   60059 60063 60061 60062 60065 60055 60056 60061 60055 60055 60061
   60065 60067 60059 60058 60053 60056 60065 60055 60060 60055 60057
   60056 60051 60057 60061 60065 60056 60056 60059 60056 60062 60063
   60057 60051 60059 60058 60060 60054]]

 [[    3     3     3     3     3     3     3     3     3     3     3
       3     3     3     3     3     3     3     3     3     3     3
       3     3     3     3     3     3     3     3     3     3     3
       3     3     3     3     3     3     3     3     3     3     3
       3     3     3     3     3     3     3     3     3     3     3
       3     3     3     3     3     3]
  [60070 60082 60080 60090 60079 60089 60079 60086 60071 60063 60073
   60074 60066 60070 60069 60026 60068 60069 60064 60063 60062 60064
   60055 60046 60059 60072 60060 60066 60068 60057 60074 60065 60074
   60069 60070 60069 60053 60068 60066 60067 60067 60062 60069 60064
   60067 60073 60070 60064 60067 60063 60054 60054 60063 60073 60071
   60070 60069 60065 60066 60059 60062]]]
unsolvable
 
 err: 
done running mariposa 1629.0
1e770af1cc04f85a8d7a990ba0c9c4e433b83fa8 is the first bad commit
commit 1e770af1cc04f85a8d7a990ba0c9c4e433b83fa8
Author: Nikolaj Bjorner <nbjorner@microsoft.com>
Date:   Fri Jun 14 09:29:41 2019 -0700

    local sort
    
    Signed-off-by: Nikolaj Bjorner <nbjorner@microsoft.com>

 src/ast/rewriter/bool_rewriter.cpp | 21 ++++++++++++++++++---
 1 file changed, 18 insertions(+), 3 deletions(-)
bisect run success
git bisect start
# good: [e79542cc689d52ec4cb34ce4ae3fbe56e7a0bf70] fix #2309
git bisect good e79542cc689d52ec4cb34ce4ae3fbe56e7a0bf70
# bad: [ad55a1f1c617a7f0c3dd735c0780fc758424c7f1] Update release.yml for Azure Pipelines
git bisect bad ad55a1f1c617a7f0c3dd735c0780fc758424c7f1
# skip: [e2702f3ae88f5c48a55f4473bb5c29184c182634] fixes in assigning constraints to intervals
git bisect skip e2702f3ae88f5c48a55f4473bb5c29184c182634
# skip: [1915812f84cf41a5f232eedf2a695a54d055aa88] add a test for intervals
git bisect skip 1915812f84cf41a5f232eedf2a695a54d055aa88
# bad: [8faf35e2e0c8fce99794e71bd3b5de74b95ceb5a] fix #3735
git bisect bad 8faf35e2e0c8fce99794e71bd3b5de74b95ceb5a
# skip: [d1a5635b4ad7f8632356b380f3a9b1fc83fdb04f] better model based lemmaas
git bisect skip d1a5635b4ad7f8632356b380f3a9b1fc83fdb04f
# skip: [0a86bd14f792ef5fadb8eeb346729a612f7e1588] start on test nla
git bisect skip 0a86bd14f792ef5fadb8eeb346729a612f7e1588
# bad: [f7747d9e76bd685a02ce5c5fbda91fc356856b5e] fix parameter collection for tactic-based solvers reported in #3065
git bisect bad f7747d9e76bd685a02ce5c5fbda91fc356856b5e
# skip: [0644194fc96a853df44c37f9e4522796aa40add8] work on lemma from product to factors, and some renaming
git bisect skip 0644194fc96a853df44c37f9e4522796aa40add8
# bad: [0321312c8db1d3f0edbd23e6e48884fbb7d77d1d] Changed to get_const_interp to match Java and C# bindings
git bisect bad 0321312c8db1d3f0edbd23e6e48884fbb7d77d1d
# bad: [6e637348826f0725ba8a01c455448023ca2889e4] Merge pull request #2368 from waywardmonkeys/fix-typo
git bisect bad 6e637348826f0725ba8a01c455448023ca2889e4
# good: [9b4f327e29de8eadd112e53af5a8fb9f430fabf7] set upload mode to replace
git bisect good 9b4f327e29de8eadd112e53af5a8fb9f430fabf7
# good: [42ac3a536369a7d4a7eafa1fa15b571b146ba594] merge with csp
git bisect good 42ac3a536369a7d4a7eafa1fa15b571b146ba594
# bad: [b4290d4b3d7c021965e9ce7ee636caac0f9cac74] python regression
git bisect bad b4290d4b3d7c021965e9ce7ee636caac0f9cac74
# bad: [0f7ff2a3d016ce6cc0dcc2654a6aa0187bc55192] swap
git bisect bad 0f7ff2a3d016ce6cc0dcc2654a6aa0187bc55192
# good: [d17248821ad047f889237ce20b6bdaa1465ceff9] include chronological backtracking, two-phase sat, xor inprocessing, probsat, ddfw
git bisect good d17248821ad047f889237ce20b6bdaa1465ceff9
# good: [ec1653fdff146ff8d1b3b2281e875494f4fc3a96] Merge pull request #2345 from schedutron/master
git bisect good ec1653fdff146ff8d1b3b2281e875494f4fc3a96
# bad: [f3b79087eef389011fa90eefcf64b987bed54a9d] add default tactic as option to overwrite the behavior of strategic solver factory
git bisect bad f3b79087eef389011fa90eefcf64b987bed54a9d
# bad: [1e770af1cc04f85a8d7a990ba0c9c4e433b83fa8] local sort
git bisect bad 1e770af1cc04f85a8d7a990ba0c9c4e433b83fa8
# first bad commit: [1e770af1cc04f85a8d7a990ba0c9c4e433b83fa8] local sort
