running python3 /home/yizhou7/mariposa/scripts/z3-bisect.py /home/yizhou7/mariposa/data/bisect_tasks/d_lvbkv_z3_clean--PivotBetree-PivotBetreeSpecRefinement.i.dfy.Impl__PivotBetreeSpecRefinement.__default.SplitMergeBuffersChildrenEq.txt
building z3
Bisecting: 1453 revisions left to test after this (roughly 11 steps)
[1915812f84cf41a5f232eedf2a695a54d055aa88] add a test for intervals
running python3 /home/yizhou7/mariposa/scripts/z3-bisect.py /home/yizhou7/mariposa/data/bisect_tasks/d_lvbkv_z3_clean--PivotBetree-PivotBetreeSpecRefinement.i.dfy.Impl__PivotBetreeSpecRefinement.__default.SplitMergeBuffersChildrenEq.txt
building z3
Bisecting: 1453 revisions left to test after this (roughly 11 steps)
[8faf35e2e0c8fce99794e71bd3b5de74b95ceb5a] fix #3735
running python3 /home/yizhou7/mariposa/scripts/z3-bisect.py /home/yizhou7/mariposa/data/bisect_tasks/d_lvbkv_z3_clean--PivotBetree-PivotBetreeSpecRefinement.i.dfy.Impl__PivotBetreeSpecRefinement.__default.SplitMergeBuffersChildrenEq.txt
building z3
done building z3 3.2
running mariposa
res: 1 
 out: [[[    2     2     2     2     2     2     2     2     2     2     2
       2     2     2     2     2     2     2     2     2     2     2
       2     2     2     2     2     2     2     2     2     2     2
       2     2     2     2     2     2     2     2     2     2     2
       2     2     2     2     2     2     2     2     2     2     2
       2     2     2     2     2     2]
  [  638   994   988   875   974   859   883   958   896   968   899
    1100   960   897   914   922   953   948   836   851   890   839
     987   883   870   834   961   848   842  1066  1125   932   829
     881   842   879   937   868   940   852   946   840   852   960
     828   946   885   831   829   886   881   845  1227   947   871
     928   832   850   939   911  1193]]

 [[    2     2     2     2     2     2     2     2     2     2     2
       2     2     2     2     2     2     2     2     2     2     2
       2     2     2     2     2     2     2     2     2     2     2
       2     2     2     2     2     2     2     2     2     2     2
       2     2     2     2     2     2     2     2     2     2     2
       2     2     2     2     3     3]
  [  638  1193  1375  1285  1625  1143  1322  1132  1293  1031  1013
     959  1083  1042  1046  1083  1510  1290   949   865  1003   981
    1032   954   979  1002  1745  1335  1089   987  1038  1441  1288
    1038  1107  1463  1352  1264  1347  1175  1054  1131  1178  1272
    1179  1142  1143  1024  1430  1322  1139  1261  1019  1081  1039
     899  1054  1192   957 60042 60040]]

 [[    2     2     2     2     2     2     2     2     2     2     2
       2     2     2     2     2     2     2     2     2     2     2
       2     2     3     3     3     3     2     3     2     2     2
       2     2     2     2     2     2     3     2     2     3     2
       2     2     2     2     2     2     2     2     2     2     2
       2     2     2     3     3     3]
  [  638   930   970  1029  1060  1126  1292  1692   951  1191  1140
     964  1565  1487  2171  1406  1346  2021  1542  1363  1498  1620
    1886  1471 60038 60035 60032 60027  1902 60043  2009  1373  1092
    1640  1667  1413  1993  1399  1546 60037  1400  1644 60035  1674
    1255  1479  1608  1922  1618  1321  1330  1287  1409  1453  1194
    1286  1230  1478 60046 60041 60039]]]
unstable
 
 err: 
done running mariposa 158.1
Bisecting: 1254 revisions left to test after this (roughly 10 steps)
[d1a5635b4ad7f8632356b380f3a9b1fc83fdb04f] better model based lemmaas
running python3 /home/yizhou7/mariposa/scripts/z3-bisect.py /home/yizhou7/mariposa/data/bisect_tasks/d_lvbkv_z3_clean--PivotBetree-PivotBetreeSpecRefinement.i.dfy.Impl__PivotBetreeSpecRefinement.__default.SplitMergeBuffersChildrenEq.txt
building z3
Bisecting: 1254 revisions left to test after this (roughly 10 steps)
[0a86bd14f792ef5fadb8eeb346729a612f7e1588] start on test nla
running python3 /home/yizhou7/mariposa/scripts/z3-bisect.py /home/yizhou7/mariposa/data/bisect_tasks/d_lvbkv_z3_clean--PivotBetree-PivotBetreeSpecRefinement.i.dfy.Impl__PivotBetreeSpecRefinement.__default.SplitMergeBuffersChildrenEq.txt
building z3
Bisecting: 1254 revisions left to test after this (roughly 10 steps)
[f7747d9e76bd685a02ce5c5fbda91fc356856b5e] fix parameter collection for tactic-based solvers reported in #3065
running python3 /home/yizhou7/mariposa/scripts/z3-bisect.py /home/yizhou7/mariposa/data/bisect_tasks/d_lvbkv_z3_clean--PivotBetree-PivotBetreeSpecRefinement.i.dfy.Impl__PivotBetreeSpecRefinement.__default.SplitMergeBuffersChildrenEq.txt
building z3
done building z3 3.3
running mariposa
res: 1 
 out: [[[    2     2     2     2     2     2     2     2     2     2     2
       2     2     2     2     2     2     2     2     2     2     2
       2     2     2     2     2     2     2     2     2     2     2
       2     2     2     2     2     2     2     2     2     2     2
       2     2     2     2     2     2     2     2     2     2     2
       2     2     2     2     2     2]
  [  712   967   951   878  1192   954   901   940   910  1198   972
     988  1011   855   957   933   970   897   865  1086  1481   957
    1025   947   885  1260   914  1011   954   952   932  1022   899
     946  1185   944   992  1021   975   941   980  1084  1495  1021
     929   991  1011   969   926   892  1258   958   953  1018  1077
     942   948  1206  1474   865   870]]

 [[    2     2     2     2     2     2     2     2     2     2     2
       2     2     2     2     2     2     2     2     2     2     2
       2     2     2     2     2     2     2     2     2     2     2
       2     2     2     2     2     2     2     2     2     2     2
       2     2     2     2     2     2     2     2     2     2     2
       2     2     2     2     3     3]
  [  712  1171  1420  1293  1501  1389  1542  1680  1527  1216  1318
    1480  1333   965  1745  1187  1010  1211  1883   904  1085  1129
    1005  1169   967   962  1531  1353  1238  1266  1077  1223  1059
     983  1012  1158  1180  1168  1119  1084  1495  1405  1233  1235
    1196  1194  1237  1026  1085  1412  1042  1097  1362  1028  1151
     812  1039  1034  1996 60040 60045]]

 [[    2     2     2     2     2     2     2     2     2     2     2
       2     2     2     2     2     2     2     2     2     2     2
       2     2     3     3     3     3     2     2     3     2     2
       2     2     2     2     2     2     2     3     2     3     2
       2     2     2     2     2     2     2     2     2     2     2
       2     3     3     3     3     3]
  [  712   939  1019  1080  1165  1412  1413  1559  1018  1106   972
    1069  1330  1384  1703  1501  1371  1631  2580  1434  1504  2495
    1605  1347 60033 60034 60027 60028  1666  1544 60037  1366  1437
    1789  1904  1512  1664  1358  1340  1921 60035  1489 60031  1338
    1859  2196  1358  1142  1369  1412  1545  1730  1734  1231  1406
    1758 60043 60038 60037 60038 60034]]]
unstable
 
 err: 
done running mariposa 183.5
Bisecting: 1034 revisions left to test after this (roughly 10 steps)
[0644194fc96a853df44c37f9e4522796aa40add8] work on lemma from product to factors, and some renaming
running python3 /home/yizhou7/mariposa/scripts/z3-bisect.py /home/yizhou7/mariposa/data/bisect_tasks/d_lvbkv_z3_clean--PivotBetree-PivotBetreeSpecRefinement.i.dfy.Impl__PivotBetreeSpecRefinement.__default.SplitMergeBuffersChildrenEq.txt
building z3
Bisecting: 1034 revisions left to test after this (roughly 10 steps)
[0321312c8db1d3f0edbd23e6e48884fbb7d77d1d] Changed to get_const_interp to match Java and C# bindings
running python3 /home/yizhou7/mariposa/scripts/z3-bisect.py /home/yizhou7/mariposa/data/bisect_tasks/d_lvbkv_z3_clean--PivotBetree-PivotBetreeSpecRefinement.i.dfy.Impl__PivotBetreeSpecRefinement.__default.SplitMergeBuffersChildrenEq.txt
building z3
done building z3 3.1
running mariposa
res: 1 
 out: [[[    2     2     2     2     2     2     2     2     2     2     2
       2     2     2     2     2     2     2     2     2     2     2
       2     2     2     2     2     2     2     2     2     2     2
       2     2     2     2     2     2     2     2     2     2     2
       2     2     2     2     2     2     2     2     2     2     2
       2     2     2     2     2     2]
  [  693  1028  1231  1069  1098  1154  1043  1056  1161  1124  1276
    1131  1287   949   951   926   979  1017  1399   950   945   945
    1027   946   951  1022  1039   977  1008  1057   995   996   947
     949  1022   945   896   953  1008   967   944  1010   935   950
     978   943   942   968   934   921   935   954   903  1032   955
     974  1026   915   876   954   915]]

 [[    2     2     2     2     2     2     2     2     2     2     2
       2     2     2     2     2     2     2     2     2     2     2
       2     2     2     2     2     2     2     2     2     2     3
       2     2     3     3     2     2     2     2     2     2     2
       2     2     2     3     3     2     2     2     2     2     2
       2     2     2     2     3     3]
  [  693   859  1197  1163  1209   830  1059   790   910  1565  1211
    1187  1260  1595  1423  1054   895  1193  1431  1383  1195  1322
    1533  1293  1547  1520  1518  1889  1916  1080  1024  1211 60039
    1016  1605 60035 60030  1193  1192   975   857   986  1067  1221
    1540   930  1104 60033 60033  1103  1000  1157  1134   998   890
    1242  1387  1169  1133 60036 60048]]

 [[    2     2     2     2     2     2     2     2     2     2     2
       2     2     2     2     2     2     2     2     2     2     2
       2     2     2     2     2     2     2     2     2     2     2
       2     2     2     3     3     2     2     2     2     2     3
       2     3     2     2     3     2     2     3     2     2     2
       2     2     2     2     3     3]
  [  693   877   886   982  1019  1089  1377  1518  1160  1236  1166
    1589  1607  1404  1482  1263  1559  1389  1271  1160  1230  1253
    1682  1373  1489  1176  1238  1283  1368  1289  1466  1367  1422
    1199  1414  1596 60036 60036   993  1180  1122  1494  1493 60034
    1650 60030  1416  1248 60031  1171  1361 60034  1261  2172  1522
    1354  1246  1170   996 60030 60047]]]
unstable
 
 err: 
done running mariposa 201.6
Bisecting: 261 revisions left to test after this (roughly 8 steps)
[6e637348826f0725ba8a01c455448023ca2889e4] Merge pull request #2368 from waywardmonkeys/fix-typo
running python3 /home/yizhou7/mariposa/scripts/z3-bisect.py /home/yizhou7/mariposa/data/bisect_tasks/d_lvbkv_z3_clean--PivotBetree-PivotBetreeSpecRefinement.i.dfy.Impl__PivotBetreeSpecRefinement.__default.SplitMergeBuffersChildrenEq.txt
building z3
done building z3 3.1
running mariposa
res: 1 
 out: [[[    2     2     2     2     2     2     2     2     2     2     2
       2     2     2     2     2     2     2     2     2     2     2
       2     2     2     2     2     2     2     2     2     2     2
       2     2     2     2     2     2     2     2     2     2     2
       2     2     2     2     2     2     2     2     2     2     2
       2     2     2     2     2     2]
  [  653   945   938  1251  1264   946   958   932  1250  1248   934
    1220   925   953   938   928   928   939  1209   930   933  1160
     809  1173  1184  1252  1176  1173  1171   952  1188  1186  1245
    1211   944  1202  1174   959  1219  1177  1196   941   809  1190
     822  1198  1230   953  1213  1178  1169  1146   905  1140  1140
     861  1064   830  1047  1045  1046]]

 [[    2     2     2     2     2     2     2     2     2     2     2
       2     2     2     2     2     2     2     2     2     2     2
       2     2     2     2     2     2     2     2     2     2     2
       2     2     2     2     2     2     2     2     2     2     2
       2     2     2     2     2     2     2     2     2     2     3
       2     2     2     2     3     3]
  [  653  1038  1108  1198  1559   927  1330  1732  1185  1235  1433
    1128  1293  1108  1137  1378  1639  2060  1358  1333  1661  1238
    1242  1096  1123  1412  1507  1453  1151  1211  1277  1073  1134
    1004  1105  1018  1363  1210  1004  1256   923   917  1424  1350
    1298   946   909  1111   976   932  1023   938   898  1038 60035
     856  1036   722  1003 60033 60033]]

 [[    2     2     2     2     2     2     2     2     2     2     2
       2     2     2     2     2     2     2     2     2     2     2
       2     2     3     3     3     3     2     2     2     2     2
       2     2     2     2     2     2     2     2     2     2     2
       2     3     3     2     2     2     2     2     2     2     2
       2     2     3     3     3     3]
  [  653   884   842   855   847  1003  1119  1114   991  1088  1599
    1611  1216  1068  1207  1148  1608  1287  1656  1477  1705  2317
    1474  1413 60039 60029 60030 60031  1041  1038  1001   972   966
     978   941   950  1023   969  1234   936  1195  1341  1687  1016
    1501 60030 60029  1347   914   955  1077  1057  1244  1467  2003
    2086  1513 60036 60034 60036 60037]]]
unstable
 
 err: 
done running mariposa 152.5
Bisecting: 130 revisions left to test after this (roughly 7 steps)
[9b4f327e29de8eadd112e53af5a8fb9f430fabf7] set upload mode to replace
running python3 /home/yizhou7/mariposa/scripts/z3-bisect.py /home/yizhou7/mariposa/data/bisect_tasks/d_lvbkv_z3_clean--PivotBetree-PivotBetreeSpecRefinement.i.dfy.Impl__PivotBetreeSpecRefinement.__default.SplitMergeBuffersChildrenEq.txt
building z3
done building z3 3.1
running mariposa
res: 0 
 out: [[[   2    2    2    2    2    2    2    2    2    2    2    2    2    2
      2    2    2    2    2    2    2    2    2    2    2    2    2    2
      2    2    2    2    2    2    2    2    2    2    2    2    2    2
      2    2    2    2    2    2    2    2    2    2    2    2    2    2
      2    2    2    2    2]
  [ 662  842  999  858  899  889  730  730 1012  761  978  873  733  734
    767  982  855  747  902  725  906  780  779  727  731  780  752  790
    708  839  786  772  720  708  785  773  893  787  939  781  909  728
    919  930  796  941  821  799  987  736  932  781  757  781  807  717
    719  920  873  698  909]]

 [[   2    2    2    2    2    2    2    2    2    2    2    2    2    2
      2    2    2    2    2    2    2    2    2    2    2    2    2    2
      2    2    2    2    2    2    2    2    2    2    2    2    2    2
      2    2    2    2    2    2    2    2    2    2    2    2    2    2
      2    2    2    2    2]
  [ 662  715  800  713  682  856  731  708  745  858  834  827  697  711
    859  865  790  896 1076  706  708  870  931  707  882  697  706  851
    852  711  793  702  698  888  705  709  880  705  880  679  692  702
    700  858  860 1076  827  699  703  919  702  860  701  689  717  695
    695  905  858  948  703]]

 [[   2    2    2    2    2    2    2    2    2    2    2    2    2    2
      2    2    2    2    2    2    2    2    2    2    2    2    2    2
      2    2    2    2    2    2    2    2    2    2    2    2    2    2
      2    2    2    2    2    2    2    2    2    2    2    2    2    2
      2    2    2    2    2]
  [ 662  798  841  839  883  849  900 1225  763  866  845  996  998 1032
    826  829  895  799  843 1015  740 1126 1002  824  797  988  789 1068
    752  766  816  864  971  957  986 1023  794  802 1009  865  829  854
    794  882  774  818  987  811 1012  882  791  800  858  995  999  781
   1020  912  983 1146 1201]]]
stable
 
 err: 
done running mariposa 32.9
Bisecting: 65 revisions left to test after this (roughly 6 steps)
[42ac3a536369a7d4a7eafa1fa15b571b146ba594] merge with csp
running python3 /home/yizhou7/mariposa/scripts/z3-bisect.py /home/yizhou7/mariposa/data/bisect_tasks/d_lvbkv_z3_clean--PivotBetree-PivotBetreeSpecRefinement.i.dfy.Impl__PivotBetreeSpecRefinement.__default.SplitMergeBuffersChildrenEq.txt
building z3
done building z3 3.1
running mariposa
res: 0 
 out: [[[   2    2    2    2    2    2    2    2    2    2    2    2    2    2
      2    2    2    2    2    2    2    2    2    2    2    2    2    2
      2    2    2    2    2    2    2    2    2    2    2    2    2    2
      2    2    2    2    2    2    2    2    2    2    2    2    2    2
      2    2    2    2    2]
  [ 658  845  996  850  899  893  734 1016  736  762  983  872  730  748
    768  996  858  753  898  732  782  914  789  735  735  785  761  831
    789  716  788  775  723  711  790  786  899  783  940  783  912  730
    918  814  948  933  784  794  971  933  740  792  763  788  799  713
    726  923  891  710  942]]

 [[   2    2    2    2    2    2    2    2    2    2    2    2    2    2
      2    2    2    2    2    2    2    2    2    2    2    2    2    2
      2    2    2    2    2    2    2    2    2    2    2    2    2    2
      2    2    2    2    2    2    2    2    2    2    2    2    2    2
      2    2    2    2    2]
  [ 658  722  802  712  685  865  737  718  734  860  826  840  705  707
    852  863  904  791  704  707 1094  864  923  709  886  697  853  713
    854  708  792  707  695  892  709  709  893  704  874  688  697  699
    701  867  863 1073  708  836  707  703  928  855  691  700  719  701
    690  911  867  952  711]]

 [[   2    2    2    2    2    2    2    2    2    2    2    2    2    2
      2    2    2    2    2    2    2    2    2    2    2    2    2    2
      2    2    2    2    2    2    2    2    2    2    2    2    2    2
      2    2    2    2    2    2    2    2    2    2    2    2    2    2
      2    2    2    2    2]
  [ 658  839  803  851  848  880  905 1237  770  869  852  999 1005 1032
    837  891  836  804  852 1017  747 1132  786  834 1014  990 1066  792
    760  779  801  868  974  958  993 1019  798  802 1023  874  833  849
    789  862  784  829  996  808 1025  893  802  989  802  853  998  779
   1031  921  985 1129 1205]]]
stable
 
 err: 
done running mariposa 32.9
Bisecting: 32 revisions left to test after this (roughly 5 steps)
[b4290d4b3d7c021965e9ce7ee636caac0f9cac74] python regression
running python3 /home/yizhou7/mariposa/scripts/z3-bisect.py /home/yizhou7/mariposa/data/bisect_tasks/d_lvbkv_z3_clean--PivotBetree-PivotBetreeSpecRefinement.i.dfy.Impl__PivotBetreeSpecRefinement.__default.SplitMergeBuffersChildrenEq.txt
building z3
done building z3 3.1
running mariposa
res: 1 
 out: [[[    2     2     2     2     2     2     2     2     2     2     2
       2     2     2     2     2     2     2     2     2     2     2
       2     2     2     2     2     2     2     2     2     2     2
       2     2     2     2     2     2     2     2     2     2     2
       2     2     2     2     2     2     2     2     2     2     2
       2     2     2     2     2     2]
  [  667   997   997   914  1509  1032  1652  1015  1224   913   950
    1115  1082   980  1076   978  1348   919   930   965  1008   914
    1200   977   909   977   981   936   887   879   870   973   937
     883   906   910   932  1064   969   909   974   893  1197   976
    1053  1029  1159   936   879   999   919  1074  1015  1002   888
     892   949  1007   914   966   926]]

 [[    2     2     2     2     2     2     2     2     2     2     2
       2     2     2     2     2     2     2     2     2     2     2
       2     2     2     2     2     2     2     2     2     2     2
       2     2     2     2     2     2     2     2     2     2     2
       2     2     2     2     2     2     2     2     2     2     2
       2     2     2     2     2     2]
  [  667   823  1433  1082  1160  1137   935   882  1048  1052   838
     994   969  1396   930   901  1007   986  1076   945   868   793
     922   913  1317   926  1153   981  1291   945  1148  1063  1131
     923  1431  1041   891   861   806   879   976  1001   933  1162
    1220   913  1117  1211  1009   899   949  1093   731  1018   938
    1013  1702  1746  1096  1098  1607]]

 [[    2     2     2     2     2     2     2     2     2     2     2
       2     2     2     2     2     2     2     2     2     2     2
       2     2     2     2     2     2     2     2     2     2     2
       2     2     2     2     2     2     2     2     2     2     2
       2     3     3     3     3     2     2     2     2     2     3
       2     2     2     3     3     3]
  [  667   921   898   984  1009  1122  1190   903   874  1085  1068
    1333  1177  1170   974  1338  1411  1128  1288   969  1136  1259
    1166  1142  1943  1378  1143  1436  1671  1387  2741  1673  2496
    1960  1874  2308  2700  2267  2628  1569  1793  1462  1158  1621
    1324 60038 60032 60034 60031  1710  1282  1071  1048  1245 60031
    1059  1302  1132 60031 60038 60048]]]
unstable
 
 err: 
done running mariposa 122.2
Bisecting: 16 revisions left to test after this (roughly 4 steps)
[0f7ff2a3d016ce6cc0dcc2654a6aa0187bc55192] swap
running python3 /home/yizhou7/mariposa/scripts/z3-bisect.py /home/yizhou7/mariposa/data/bisect_tasks/d_lvbkv_z3_clean--PivotBetree-PivotBetreeSpecRefinement.i.dfy.Impl__PivotBetreeSpecRefinement.__default.SplitMergeBuffersChildrenEq.txt
building z3
done building z3 3.1
running mariposa
res: 0 
 out: [[[   2    2    2    2    2    2    2    2    2    2    2    2    2    2
      2    2    2    2    2    2    2    2    2    2    2    2    2    2
      2    2    2    2    2    2    2    2    2    2    2    2    2    2
      2    2    2    2    2    2    2    2    2    2    2    2    2    2
      2    2    2    2    2]
  [1257 1420 1829 1436 1044 1265  974 1747 1518 1306 1913 1439 1422 1701
   1391 1009 1054 1039 1015 1860 1031 1087 1014 1353 1775 1429 1013 1812
   1790 1052 1482 1881 1298 1039 1361 1452 1075 1314 1801 1004 1876 1363
   1038 1274 1391 1264 1005 1266 1048 1032 1905 1370  987 1059 1274 1459
   1091 1288 1557 1631 1664]]

 [[   2    2    2    2    2    2    2    2    2    2    2    2    2    2
      2    2    2    2    2    2    2    2    2    2    2    2    2    2
      2    2    2    2    2    2    2    2    2    2    2    2    2    2
      2    2    2    2    2    2    2    2    2    2    2    2    2    2
      2    2    2    2    2]
  [1257 1322 1030 1341  942 1622  908 2097 1223 1198 1344 1399 2024 1293
    986 1322 1936 1726 1160 2475 1213  933 1660 2508 1775 2115 1400 2124
   1817 1660 2373 1545 1447 1415 1374 1364 1297 1690 1273 1049 1692 2163
   1945 2324 1689 1851 1399  935 2038  931 1257 1061 2026 1320 1284  966
   1370 1501 1058  965 1727]]

 [[   2    2    2    2    2    2    2    2    2    2    2    2    2    2
      2    2    2    2    2    2    2    2    2    2    2    2    2    2
      2    2    2    2    2    2    2    2    2    2    2    2    2    2
      2    2    2    2    2    2    2    2    2    2    2    2    2    2
      2    2    2    2    2]
  [1257 1132 1187 1167 1427 1474 1493 1565 1128 1246 1504 1595 1582 1519
   1556 1065 1476 1474 1504 1196 1459 1944 1398 1147 1120 1703 1791 1510
   1999 1121 1403 1059 1521 1681 1481 2124 1475 1509 1146 1231 1126 1844
   1104 1469 1589 1157 1905 1625 1186 1212 1479 1502 1197 2300 1297 1092
   1608 1432 1092 1412 1390]]]
stable
 
 err: 
done running mariposa 49.2
Bisecting: 7 revisions left to test after this (roughly 3 steps)
[89e8a1392c992a6c37b8c5320b9e4b9b506bd4a1] na
running python3 /home/yizhou7/mariposa/scripts/z3-bisect.py /home/yizhou7/mariposa/data/bisect_tasks/d_lvbkv_z3_clean--PivotBetree-PivotBetreeSpecRefinement.i.dfy.Impl__PivotBetreeSpecRefinement.__default.SplitMergeBuffersChildrenEq.txt
building z3
done building z3 3.1
running mariposa
res: 1 
 out: [[[    2     2     2     2     2     2     2     2     2     2     2
       2     2     2     2     2     2     2     2     2     2     2
       2     2     2     2     2     2     2     2     2     2     2
       2     2     2     2     2     2     2     2     2     2     2
       2     2     2     2     2     2     2     2     2     2     2
       2     2     2     2     2     2]
  [  675  1001   993   915  1523  1033  1647  1024  1228   921   943
    1119  1084   975  1070   987  1351   923   917   972  1011   913
    1210   975   925   977   972   933   871   887   872   973   935
     885   908   906   925   962  1067   975   912   904  1192   972
    1049  1154   942  1030   882   992  1070   935  1001  1012   888
     886   946  1013   931   963   909]]

 [[    2     2     2     2     2     2     2     2     2     2     2
       2     2     2     2     2     2     2     2     2     2     2
       2     2     2     2     2     2     2     2     2     2     2
       2     2     2     2     2     2     2     2     2     2     2
       2     2     2     2     2     2     2     2     2     2     2
       2     2     2     2     2     2]
  [  675   816  1432  1074  1157  1139   934   889  1050  1056   841
     983   967  1376   926   911  1008   977  1072   942   858   798
     908   918   933  1319  1156   975  1291   932  1155  1066  1135
     921  1429  1037   900   863   808   880   969  1011   935  1150
    1223  1130   921  1213  1014   905   943  1092   729   946  1014
    1029  1698  1745  1086  1097  1612]]

 [[    2     2     2     2     2     2     2     2     2     2     2
       2     2     2     2     2     2     2     2     2     2     2
       2     2     2     2     2     2     2     2     2     2     2
       2     2     2     2     2     2     2     2     2     2     2
       2     3     3     3     3     2     2     2     2     2     3
       2     2     2     3     3     3]
  [  675   893   928   991  1008  1132  1198   887   870  1091  1069
    1170  1360  1178  1335   969  1401  1120  1291   974  1136  1256
    1161  1138  1992  1151  1395  1463  1706  1406  2775  1685  2544
    1960  1913  2350  2757  2310  2691  1639  1709  1402  1134  1550
    1346 60038 60036 60032 60033  1696  1274  1074  1035  1251 60031
    1124  1367  1141 60028 60040 60047]]]
unstable
 
 err: 
done running mariposa 122.2
Bisecting: 4 revisions left to test after this (roughly 2 steps)
[1827f98851e1866187abe743afd2d80bc786412f] more fixes for mutexes in shell
running python3 /home/yizhou7/mariposa/scripts/z3-bisect.py /home/yizhou7/mariposa/data/bisect_tasks/d_lvbkv_z3_clean--PivotBetree-PivotBetreeSpecRefinement.i.dfy.Impl__PivotBetreeSpecRefinement.__default.SplitMergeBuffersChildrenEq.txt
building z3
done building z3 3.1
running mariposa
res: 0 
 out: [[[   2    2    2    2    2    2    2    2    2    2    2    2    2    2
      2    2    2    2    2    2    2    2    2    2    2    2    2    2
      2    2    2    2    2    2    2    2    2    2    2    2    2    2
      2    2    2    2    2    2    2    2    2    2    2    2    2    2
      2    2    2    2    2]
  [1237 1415 1814 1055 1438 1272  976 1745 1512 1307 1880 1440 1458 1715
   1424 1003 1056 1043 1013 1882 1049 1077 1022 1347 1770 1422 1035 1813
   1051 1794 1467 1885 1292 1038 1353 1068 1313 1457 1830 1006 1863 1353
   1023 1284 1385 1258 1001 1270 1051 1013 1925 1391 1062  992 1278 1456
   1267 1083 1547 1686 1632]]

 [[   2    2    2    2    2    2    2    2    2    2    2    2    2    2
      2    2    2    2    2    2    2    2    2    2    2    2    2    2
      2    2    2    2    2    2    2    2    2    2    2    2    2    2
      2    2    2    2    2    2    2    2    2    2    2    2    2    2
      2    2    2    2    2]
  [1237 1305 1041 1339  940 1638  907 1225 2138 1205 1342 1373 2010 1288
    988 1337 1957 1712 1146 2461 1210  938 1682 2498 1754 2096 1410 2110
   1808 1656 2384 1559 1418 1404 1367 1360 1295 1716 1265 1062 1691 2150
   1965 2310 1700 1828 1449  919 2041  938 1270 1067 2014 1299 1272  955
   1365 1476 1064  960 1702]]

 [[   2    2    2    2    2    2    2    2    2    2    2    2    2    2
      2    2    2    2    2    2    2    2    2    2    2    2    2    2
      2    2    2    2    2    2    2    2    2    2    2    2    2    2
      2    2    2    2    2    2    2    2    2    2    2    2    2    2
      2    2    2    2    2]
  [1237 1165 1142 1188 1445 1476 1562 1505 1126 1244 1511 1582 1599 1520
   1549 1071 1483 1495 1513 1201 1449 1935 1377 1140 1114 1730 1800 1519
   1997 1119 1395 1523 1068 1689 1485 2097 1480 1503 1133 1239 1118 1104
   1849 1477 1586 1160 1878 1616 1173 1235 1484 1499 1189 2321 1285 1089
   1601 1434 1100 1413 1392]]]
stable
 
 err: 
done running mariposa 49.2
Bisecting: 1 revision left to test after this (roughly 1 step)
[5177cc4a9a58df192c6a844ca13abf7e7cd3be15] change lt
running python3 /home/yizhou7/mariposa/scripts/z3-bisect.py /home/yizhou7/mariposa/data/bisect_tasks/d_lvbkv_z3_clean--PivotBetree-PivotBetreeSpecRefinement.i.dfy.Impl__PivotBetreeSpecRefinement.__default.SplitMergeBuffersChildrenEq.txt
building z3
done building z3 3.1
running mariposa
res: 1 
 out: [[[    2     2     2     2     2     2     2     2     2     2     2
       2     2     2     2     2     2     2     2     2     2     2
       2     2     2     2     2     2     2     2     2     2     2
       2     2     2     2     2     2     2     2     2     2     2
       2     2     2     2     2     2     2     2     2     2     2
       2     2     2     2     2     2]
  [  668   999   986   927  1022  1643  1540  1018  1243   921   949
    1122  1086   977  1071   992  1373   924   915   977  1012   925
    1195   959   910   980   979   887   943   877   863   989   942
     884   908   904   920  1062   969   913   991   899  1186   976
    1048  1030  1156   949   880  1000   915  1091   999  1001   890
     891   960  1003   918   959   905]]

 [[    2     2     2     2     2     2     2     2     2     2     2
       2     2     2     2     2     2     2     2     2     2     2
       2     2     2     2     2     2     2     2     2     2     2
       2     2     2     2     2     2     2     2     2     2     2
       2     2     2     2     2     2     2     2     2     2     2
       2     2     2     2     2     2]
  [  668   826  1434  1066  1154  1129   928   893  1048  1055   977
     849   971  1390   926   907  1008   985  1087   947   862   798
     913   916  1326   940  1166   975  1293   935  1162  1081  1134
     918  1425  1031   897   874   807   878   968  1017   936  1153
    1229  1109   927  1212  1023   908   952  1087   726   937  1007
    1026  1720  1748  1090  1099  1585]]

 [[    2     2     2     2     2     2     2     2     2     2     2
       2     2     2     2     2     2     2     2     2     2     2
       2     2     2     2     2     2     2     2     2     2     2
       2     2     2     2     2     2     2     2     2     2     2
       2     3     3     3     3     2     2     2     2     2     3
       2     2     2     3     3     3]
  [  668   906   921   978   995  1134  1198   907   860  1077  1066
    1170  1339  1156   966  1327  1395  1133  1284   972  1114  1259
    1157  1140  1954  1376  1151  1443  1697  1386  2762  1684  2512
    1991  1874  2307  2741  2242  2613  1555  1812  1470  1162  1519
    1329 60037 60036 60032 60033  1735  1275  1067  1037  1231 60031
    1023  1287  1110 60028 60041 60047]]]
unstable
 
 err: 
done running mariposa 122.2
Bisecting: 0 revisions left to test after this (roughly 1 step)
[7c9d2e0d75757ed6aa535f72c7dec70d5a527fed] pydoc test
running python3 /home/yizhou7/mariposa/scripts/z3-bisect.py /home/yizhou7/mariposa/data/bisect_tasks/d_lvbkv_z3_clean--PivotBetree-PivotBetreeSpecRefinement.i.dfy.Impl__PivotBetreeSpecRefinement.__default.SplitMergeBuffersChildrenEq.txt
building z3
done building z3 3.0
running mariposa
res: 0 
 out: [[[   2    2    2    2    2    2    2    2    2    2    2    2    2    2
      2    2    2    2    2    2    2    2    2    2    2    2    2    2
      2    2    2    2    2    2    2    2    2    2    2    2    2    2
      2    2    2    2    2    2    2    2    2    2    2    2    2    2
      2    2    2    2    2]
  [1253 1421 1825 1430 1041 1267  975 1760 1508 1310 1896 1444 1416 1386
   1732 1003 1050 1038 1021 1891 1042 1072 1017 1360 1776 1427 1015 1841
   1773 1057 1479 1875 1294 1358 1061 1469 1072 1308 1820  997 1845 1380
   1044 1272 1401 1269  999 1038 1286 1018 1927 1072 1366  988 1286 1275
   1477 1087 1551 1704 1634]]

 [[   2    2    2    2    2    2    2    2    2    2    2    2    2    2
      2    2    2    2    2    2    2    2    2    2    2    2    2    2
      2    2    2    2    2    2    2    2    2    2    2    2    2    2
      2    2    2    2    2    2    2    2    2    2    2    2    2    2
      2    2    2    2    2]
  [1253 1327 1040 1340  944 1623  906 2105 1233 1204 1353 1374 2045 1292
   1002 1325 1949 1147 1718 2459 1211  932 1661 2524 1771 2095 1400 2120
   1833 2356 1676 1558 1412 1423 1376 1370 1294 1716 1286 1062 1691 2148
   1934 2329 1687 1843 1415  931 2045  938 1258 1059 2023 1311 1289  956
   1359 1475 1097  962 1727]]

 [[   2    2    2    2    2    2    2    2    2    2    2    2    2    2
      2    2    2    2    2    2    2    2    2    2    2    2    2    2
      2    2    2    2    2    2    2    2    2    2    2    2    2    2
      2    2    2    2    2    2    2    2    2    2    2    2    2    2
      2    2    2    2    2]
  [1253 1136 1174 1190 1472 1438 1498 1560 1132 1226 1511 1580 1608 1530
   1552 1072 1453 1503 1476 1214 1457 1940 1387 1135 1137 1713 1503 1822
   2003 1120 1393 1063 1522 1716 1489 1478 2106 1498 1138 1230 1128 1131
   1848 1459 1602 1159 1884 1619 1182 1212 1499 1502 1183 2320 1283 1104
   1434 1607 1099 1404 1408]]]
stable
 
 err: 
done running mariposa 49.2
5177cc4a9a58df192c6a844ca13abf7e7cd3be15 is the first bad commit
commit 5177cc4a9a58df192c6a844ca13abf7e7cd3be15
Author: Nikolaj Bjorner <nbjorner@microsoft.com>
Date:   Fri Jun 21 09:08:20 2019 +0200

    change lt
    
    Signed-off-by: Nikolaj Bjorner <nbjorner@microsoft.com>

 src/ast/ast_lt.h                   | 4 ++++
 src/ast/rewriter/bool_rewriter.cpp | 6 ++++--
 2 files changed, 8 insertions(+), 2 deletions(-)
bisect run success
git bisect start
# good: [e79542cc689d52ec4cb34ce4ae3fbe56e7a0bf70] fix #2309
git bisect good e79542cc689d52ec4cb34ce4ae3fbe56e7a0bf70
# bad: [ad55a1f1c617a7f0c3dd735c0780fc758424c7f1] Update release.yml for Azure Pipelines
git bisect bad ad55a1f1c617a7f0c3dd735c0780fc758424c7f1
# skip: [e2702f3ae88f5c48a55f4473bb5c29184c182634] fixes in assigning constraints to intervals
git bisect skip e2702f3ae88f5c48a55f4473bb5c29184c182634
# skip: [1915812f84cf41a5f232eedf2a695a54d055aa88] add a test for intervals
git bisect skip 1915812f84cf41a5f232eedf2a695a54d055aa88
# bad: [8faf35e2e0c8fce99794e71bd3b5de74b95ceb5a] fix #3735
git bisect bad 8faf35e2e0c8fce99794e71bd3b5de74b95ceb5a
# skip: [d1a5635b4ad7f8632356b380f3a9b1fc83fdb04f] better model based lemmaas
git bisect skip d1a5635b4ad7f8632356b380f3a9b1fc83fdb04f
# skip: [0a86bd14f792ef5fadb8eeb346729a612f7e1588] start on test nla
git bisect skip 0a86bd14f792ef5fadb8eeb346729a612f7e1588
# bad: [f7747d9e76bd685a02ce5c5fbda91fc356856b5e] fix parameter collection for tactic-based solvers reported in #3065
git bisect bad f7747d9e76bd685a02ce5c5fbda91fc356856b5e
# skip: [0644194fc96a853df44c37f9e4522796aa40add8] work on lemma from product to factors, and some renaming
git bisect skip 0644194fc96a853df44c37f9e4522796aa40add8
# bad: [0321312c8db1d3f0edbd23e6e48884fbb7d77d1d] Changed to get_const_interp to match Java and C# bindings
git bisect bad 0321312c8db1d3f0edbd23e6e48884fbb7d77d1d
# bad: [6e637348826f0725ba8a01c455448023ca2889e4] Merge pull request #2368 from waywardmonkeys/fix-typo
git bisect bad 6e637348826f0725ba8a01c455448023ca2889e4
# good: [9b4f327e29de8eadd112e53af5a8fb9f430fabf7] set upload mode to replace
git bisect good 9b4f327e29de8eadd112e53af5a8fb9f430fabf7
# good: [42ac3a536369a7d4a7eafa1fa15b571b146ba594] merge with csp
git bisect good 42ac3a536369a7d4a7eafa1fa15b571b146ba594
# bad: [b4290d4b3d7c021965e9ce7ee636caac0f9cac74] python regression
git bisect bad b4290d4b3d7c021965e9ce7ee636caac0f9cac74
# good: [0f7ff2a3d016ce6cc0dcc2654a6aa0187bc55192] swap
git bisect good 0f7ff2a3d016ce6cc0dcc2654a6aa0187bc55192
# bad: [89e8a1392c992a6c37b8c5320b9e4b9b506bd4a1] na
git bisect bad 89e8a1392c992a6c37b8c5320b9e4b9b506bd4a1
# good: [1827f98851e1866187abe743afd2d80bc786412f] more fixes for mutexes in shell
git bisect good 1827f98851e1866187abe743afd2d80bc786412f
# bad: [5177cc4a9a58df192c6a844ca13abf7e7cd3be15] change lt
git bisect bad 5177cc4a9a58df192c6a844ca13abf7e7cd3be15
# good: [7c9d2e0d75757ed6aa535f72c7dec70d5a527fed] pydoc test
git bisect good 7c9d2e0d75757ed6aa535f72c7dec70d5a527fed
# first bad commit: [5177cc4a9a58df192c6a844ca13abf7e7cd3be15] change lt
