running python3 /home/yizhou7/mariposa/scripts/z3-bisect.py /home/yizhou7/mariposa/data/bisect_tasks/d_lvbkv_z3_clean--Impl-MarshallingImpl.i.dfy.Impl__MarshallingImpl.__default.ValToBuckets.txt
building z3
Bisecting: 1453 revisions left to test after this (roughly 11 steps)
[1915812f84cf41a5f232eedf2a695a54d055aa88] add a test for intervals
running python3 /home/yizhou7/mariposa/scripts/z3-bisect.py /home/yizhou7/mariposa/data/bisect_tasks/d_lvbkv_z3_clean--Impl-MarshallingImpl.i.dfy.Impl__MarshallingImpl.__default.ValToBuckets.txt
building z3
Bisecting: 1453 revisions left to test after this (roughly 11 steps)
[8faf35e2e0c8fce99794e71bd3b5de74b95ceb5a] fix #3735
running python3 /home/yizhou7/mariposa/scripts/z3-bisect.py /home/yizhou7/mariposa/data/bisect_tasks/d_lvbkv_z3_clean--Impl-MarshallingImpl.i.dfy.Impl__MarshallingImpl.__default.ValToBuckets.txt
building z3
done building z3 3.2
running mariposa
res: 1 
 out: [[[    2     2     2     2     2     2     2     2     2     2     2
       2     2     2     2     2     2     2     2     2     2     2
       2     2     2     2     2     2     2     2     2     2     2
       2     2     2     2     2     2     2     2     2     2     2
       2     2     2     2     2     2     2     2     2     2     2
       2     2     2     2     3     3]
  [ 2208  4177  4190  4346  5491  5312  3833  5527  4928  4181  5723
    5027  8422  5646  5745  4009  6852  5477  3886  5425  5036  5441
    5952  5710  4924  5450  4768  5140  3800  4056  5039  5044  5334
    5002  5095  4081  6087  4510  5067  5081  4947  4570  3399  4695
    4777  4467  7255  4906  4675  4570  4512  3363  3500  4211  4317
    3527  4595  5116  4511 60017 60033]]

 [[    2     2     2     2     2     2     2     2     2     2     2
       2     2     2     4     2     2     2     2     2     2     2
       2     2     2     2     2     2     2     2     2     2     2
       2     2     2     2     2     2     2     2     2     2     2
       2     2     2     2     2     2     2     2     2     2     2
       2     2     2     2     3     3]
  [ 2208  4142  5675  4869  3508  3242  3596  4048  3215  3555  4098
    3909  3618  3096  7172  4488  2641  2843  7328  4185  3417  3218
    3234  5338  3919  4963  4040  2568  3242  3319  3924  3801  3852
    3203  6233  3048  3028  3865  4430  2932  3132  3087  3186  2556
    4345  3802  3140  2763  4574  4103  4180  5447  4154  3192  3420
    4122  4941  5816  8280 60020 60028]]

 [[    2     2     2     2     2     2     2     2     2     2     2
       2     2     2     2     2     2     2     2     2     2     2
       2     2     2     2     2     2     2     2     2     2     2
       4     2     2     2     2     2     2     2     2     2     2
       2     2     2     2     2     3     2     2     2     2     2
       2     2     3     3     3     3]
  [ 2208  3278  3334  3540  3767  3781  4044  5141  3199  3727  4154
    3983  4723  3819  3891  3404  3932  4690  3854  4280  3613  4292
    4322  4506  4804  5432  3685  5418  4965  5278  6750  3512  6311
    5961  3576  7022  4030  4492  4713  5888  4674  4931  5172  5121
    3459  5669  5473  4968  6704 60019  6950  4189  4009  6189  4416
    5400  5388 60033 60030 60018 60025]]]
unstable
 
 err: 
done running mariposa 259.6
Bisecting: 1254 revisions left to test after this (roughly 10 steps)
[d1a5635b4ad7f8632356b380f3a9b1fc83fdb04f] better model based lemmaas
running python3 /home/yizhou7/mariposa/scripts/z3-bisect.py /home/yizhou7/mariposa/data/bisect_tasks/d_lvbkv_z3_clean--Impl-MarshallingImpl.i.dfy.Impl__MarshallingImpl.__default.ValToBuckets.txt
building z3
Bisecting: 1254 revisions left to test after this (roughly 10 steps)
[0a86bd14f792ef5fadb8eeb346729a612f7e1588] start on test nla
running python3 /home/yizhou7/mariposa/scripts/z3-bisect.py /home/yizhou7/mariposa/data/bisect_tasks/d_lvbkv_z3_clean--Impl-MarshallingImpl.i.dfy.Impl__MarshallingImpl.__default.ValToBuckets.txt
building z3
Bisecting: 1254 revisions left to test after this (roughly 10 steps)
[f7747d9e76bd685a02ce5c5fbda91fc356856b5e] fix parameter collection for tactic-based solvers reported in #3065
running python3 /home/yizhou7/mariposa/scripts/z3-bisect.py /home/yizhou7/mariposa/data/bisect_tasks/d_lvbkv_z3_clean--Impl-MarshallingImpl.i.dfy.Impl__MarshallingImpl.__default.ValToBuckets.txt
building z3
done building z3 3.2
running mariposa
res: 1 
 out: [[[    2     2     2     2     2     2     2     2     2     2     2
       2     2     2     2     2     2     2     2     2     2     2
       2     2     2     2     2     2     3     3     2     2     2
       3     2     2     2     3     2     2     2     2     2     2
       2     2     2     2     3     2     2     2     2     2     2
       3     3     3     3     3     3]
  [ 1714  3021  5216  5224  2918  2923  3570  5410  3148  3849  3282
    3356  3424  3442  3418  6364  3444  4756  3530  4022  4686  3430
    3415  3445  3462  5500  3562  4845 60033 60023  6192  3436  3383
   60023  5898  4458  3314 60032  3340  3290  4454  5442  3317  3377
    3444  3597  4862  3553 60025  3407  4071  3485  3516  3978  3519
   60034 60026 60025 60030 60021 60026]]

 [[    2     2     2     2     2     2     2     2     2     2     2
       2     2     2     2     2     2     2     2     2     2     2
       2     2     2     2     2     2     3     3     2     2     2
       2     3     2     2     2     2     3     2     2     2     2
       2     2     2     2     2     3     2     2     2     2     2
       2     2     2     2     3     3]
  [ 1714  3467  5815  6297  5016  7069  3828  3386  5070  5123  3562
    4095  4197  5376  5331  4982  4607  4069  4718  5476  6165  7347
    5714  4961  7994  6161  5916  4653 60028 60024  4763  4714  4207
    5905 60021  6825  5029  7041  6018 60018  5845  3815  4604  3747
    5479  4787  4493  3038  4300 60031  3733  4527  4380  3955  4162
    6932  5279  4288  5193 60024 60025]]

 [[    2     2     2     2     2     2     2     2     2     2     2
       2     2     2     2     2     2     2     2     2     2     2
       2     2     2     2     2     2     2     2     2     2     2
       2     2     2     2     2     2     2     2     2     2     2
       2     2     2     2     2     2     2     2     2     2     2
       3     3     2     2     2     3]
  [ 1714  3447  3729  4102  4135  4190  4366  7046  2948  3905  3282
    3509  3623  4541  3880  3594  3453  3346  3932  3620  3734  4689
    5642  5644  4550  4938  5135  3982  6543  3971  6379  6778  4080
    5475  5854  5710  3600  5357  6872  6531  5410  3925  5102  4148
    5906  6809  4478  4332  5960  5371  8151  4182  5734  4667  4459
   60029 60019  4762  5822  4303 60020]]]
unstable
 
 err: 
done running mariposa 345.9
Bisecting: 1034 revisions left to test after this (roughly 10 steps)
[0644194fc96a853df44c37f9e4522796aa40add8] work on lemma from product to factors, and some renaming
running python3 /home/yizhou7/mariposa/scripts/z3-bisect.py /home/yizhou7/mariposa/data/bisect_tasks/d_lvbkv_z3_clean--Impl-MarshallingImpl.i.dfy.Impl__MarshallingImpl.__default.ValToBuckets.txt
building z3
Bisecting: 1034 revisions left to test after this (roughly 10 steps)
[0321312c8db1d3f0edbd23e6e48884fbb7d77d1d] Changed to get_const_interp to match Java and C# bindings
running python3 /home/yizhou7/mariposa/scripts/z3-bisect.py /home/yizhou7/mariposa/data/bisect_tasks/d_lvbkv_z3_clean--Impl-MarshallingImpl.i.dfy.Impl__MarshallingImpl.__default.ValToBuckets.txt
building z3
done building z3 3.1
running mariposa
res: 1 
 out: [[[    2     2     2     2     2     2     2     2     2     2     2
       2     2     2     2     2     2     2     2     2     2     2
       2     2     2     2     2     2     2     2     2     2     2
       3     3     2     2     2     2     2     2     2     2     2
       2     2     2     3     2     2     2     2     2     2     2
       3     2     3     3     3     3]
  [ 2442  3930  3714  4094  4321  5036  4725  5759  4858  5724  4530
    6475  5648  6028  4866  4933  4581  6844  4833  5054  4853  5031
    5431  4690  4779  4954  4991  4658  4858  5585  4881  6821  4885
   60025 60032  5791  4625  4951  4649  3962  4958  4778  4486  4632
    4678  4884  5242 60023  4589  4575  4617  4766  4507  4839  4058
   60025  5486 60026 60023 60021 60021]]

 [[    2     2     2     2     2     2     2     2     2     2     2
       2     2     2     2     2     2     2     2     2     2     2
       2     2     2     2     2     2     2     2     2     2     2
       2     2     2     2     2     2     2     2     2     2     3
       2     2     2     2     2     2     2     2     2     2     2
       3     2     2     2     2     3]
  [ 2442  3547  3554  4167  3466  3166  4761  4803  4579  3939  6103
    4868  4494  4548  4881  4485  4395  4300  4006  5875  3424  4781
    5120  3655  5232  4797  5628  5402  8016  6091  4636  4408  5088
    3960  5303  4367  3113  5596  4515  8765  5144  4553  3130 60019
    3361  4872  4700  4885  4735  4747  3476  5687  3928  4423  4030
   60027  3040  3336  6104  6689 60024]]

 [[    2     2     2     2     2     2     2     2     2     2     2
       2     2     2     2     2     2     2     2     2     2     2
       2     2     2     2     2     2     3     3     2     2     3
       2     2     2     2     3     2     2     2     2     3     2
       2     2     2     2     2     2     3     2     2     2     2
       2     3     2     2     2     3]
  [ 2442  2442  2552  3080  3089  3834  4488  3857  4076  4435  3821
    4838  4003  3411  4713  3998  4106  4337  5420  6070  5086  5324
    7072  4244  3759  4648  4543  5036 60025 60021  4731  4097 60025
    5424  5004  4854  9081 60023  4179  5310  3469  4407 60022  5205
    5254  6448  6354  3653  3960  5200 60020  4421  4579  5153  4516
    4356 60028  4646  3605  5123 60031]]]
unstable
 
 err: 
done running mariposa 328.6
Bisecting: 261 revisions left to test after this (roughly 8 steps)
[6e637348826f0725ba8a01c455448023ca2889e4] Merge pull request #2368 from waywardmonkeys/fix-typo
running python3 /home/yizhou7/mariposa/scripts/z3-bisect.py /home/yizhou7/mariposa/data/bisect_tasks/d_lvbkv_z3_clean--Impl-MarshallingImpl.i.dfy.Impl__MarshallingImpl.__default.ValToBuckets.txt
building z3
done building z3 3.1
running mariposa
res: 1 
 out: [[[    2     2     2     2     2     2     2     2     2     2     2
       2     2     2     2     2     2     2     2     2     2     2
       2     2     2     2     2     2     2     2     2     2     2
       2     2     2     2     2     2     2     2     2     2     2
       2     2     2     2     2     2     2     2     2     2     2
       2     2     2     2     2     3]
  [ 2624  4740  3680  3550  5778  5063  4244  4777  4445  5213  5130
    3504  4214  4766  9486  4039  5814  4554  5648  4488  5596  4561
    5200  4982  4002  3533  4892  4715  4807  4783  4284  4667  4289
    5458  3361  4620  3852  4238  3970  3916  4006  3481  3482  2682
    4522  2720  2891  3442  2833  2932  3243  4676  3807  4623  5332
    3590  2962  4002  3975  3455 60025]]

 [[    2     2     4     2     2     2     2     2     2     2     2
       2     2     2     2     2     2     2     2     2     2     2
       2     2     2     2     2     2     2     3     2     2     3
       2     2     2     2     2     2     2     2     3     2     2
       2     3     2     2     2     2     2     2     2     2     2
       2     2     2     3     3     3]
  [ 2624  2878  5526  3044  3534  5383  4185  3540  4340  7841  7993
    3780  5081  5009  4414  4267  4895  3449  4193  4404  5168  5020
    6033  8307  5077  5077  5196  4566  5078 60024  5014  3976 60032
    4491  5093  5216  4910  4184  4825  4129  5252 60032  4581  3778
    6593 60026  5410  4894 10851  4037  4310  6338  5409  4308 10710
    6622  3772  4164 60025 60026 60019]]

 [[    2     2     2     2     2     2     2     2     2     2     2
       2     2     2     2     2     2     2     2     2     2     2
       2     2     2     2     2     2     2     2     2     2     2
       2     2     3     2     3     2     2     2     3     2     2
       2     2     2     2     2     2     3     2     2     2     2
       2     2     2     2     2     3]
  [ 2624  3388  3322  3321  3389  3563  4107  2644  3069  4227  4497
    3773  4212  4640  4522  6453  3680  3630  7115  3995  5140  5308
    6750  5469  4860  4414  5115  4926  7035  3790  4640  7057  5678
    5704  5616 60030  4909 60015  3910  7788  4871 60020  5017  5619
    4839  5577  4305  4073  3808  4266 60018  3453  3842  6401  4313
    3747  3717  4686  6658  5952 60033]]]
unstable
 
 err: 
done running mariposa 262.6
Bisecting: 130 revisions left to test after this (roughly 7 steps)
[9b4f327e29de8eadd112e53af5a8fb9f430fabf7] set upload mode to replace
running python3 /home/yizhou7/mariposa/scripts/z3-bisect.py /home/yizhou7/mariposa/data/bisect_tasks/d_lvbkv_z3_clean--Impl-MarshallingImpl.i.dfy.Impl__MarshallingImpl.__default.ValToBuckets.txt
building z3
done building z3 3.0
running mariposa
res: 0 
 out: [[[   2    2    2    2    2    2    2    2    2    2    2    2    2    2
      2    2    2    2    2    2    2    2    2    2    2    2    2    2
      2    2    2    2    2    2    2    2    2    2    2    2    2    2
      2    2    2    2    2    2    2    2    2    2    2    2    2    2
      2    2    2    2    2]
  [2508 3638 3660 3588 3572 3770 3722 3642 3730 3515 3703 3564 3724 3715
   3503 3558 3691 3697 3712 3569 3719 3671 3561 3691 3566 3692 3565 3699
   3533 3494 3546 3772 3690 3720 3711 3687 3489 3504 3767 3680 3748 3701
   3710 3645 3638 3695 3676 3608 3702 3606 3497 3473 3704 3723 3702 3575
   3706 3372 3449 3049 3120]]

 [[   2    2    2    2    2    2    2    2    2    2    2    2    2    2
      2    2    2    2    2    2    2    2    2    2    2    2    2    2
      2    2    2    2    2    2    2    2    2    2    2    2    2    2
      2    2    2    2    2    2    2    2    2    2    2    2    2    2
      2    2    2    2    2]
  [2508 3685 3657 3729 3547 3733 3582 3774 3718 3759 3818 3542 3678 3706
   3759 3737 3784 3650 3573 3674 3598 3631 3607 3747 3694 3552 3802 3690
   3905 3747 3754 3737 3564 3664 3714 3733 3799 3778 3748 3593 3705 3705
   3556 3581 3614 3697 3446 3497 3687 3570 3592 3787 3705 3468 3619 3643
   3729 3739 3621 3712 3565]]

 [[   2    2    2    2    2    2    2    2    2    2    2    2    2    2
      2    2    2    2    2    2    2    2    2    2    2    2    2    2
      2    2    2    2    2    2    2    2    2    2    2    2    2    2
      2    2    2    2    2    2    2    2    2    2    2    2    2    2
      2    2    2    2    2]
  [2508 4077 4072 4225 4214 4372 4822 5378 3945 4099 3970 4143 4756 4222
   4146 3534 4016 3926 4121 4180 4157 4514 3983 4246 4042 4531 4070 4486
   4758 4066 4848 3930 4239 4086 6231 3969 3873 4428 4515 4133 5094 4050
   3953 3896 3987 4048 4117 4187 4042 4131 4073 3876 4081 3678 4166 3644
   4592 3950 4052 4081 4734]]]
stable
 
 err: 
done running mariposa 125.8
Bisecting: 65 revisions left to test after this (roughly 6 steps)
[42ac3a536369a7d4a7eafa1fa15b571b146ba594] merge with csp
running python3 /home/yizhou7/mariposa/scripts/z3-bisect.py /home/yizhou7/mariposa/data/bisect_tasks/d_lvbkv_z3_clean--Impl-MarshallingImpl.i.dfy.Impl__MarshallingImpl.__default.ValToBuckets.txt
building z3
done building z3 3.1
running mariposa
res: 0 
 out: [[[   2    2    2    2    2    2    2    2    2    2    2    2    2    2
      2    2    2    2    2    2    2    2    2    2    2    2    2    2
      2    2    2    2    2    2    2    2    2    2    2    2    2    2
      2    2    2    2    2    2    2    2    2    2    2    2    2    2
      2    2    2    2    2]
  [2503 3762 3689 3580 3597 3724 3697 3651 3545 3759 3727 3614 3715 3710
   3502 3679 3537 3711 3809 3719 3573 3648 3598 3685 3570 3600 3728 3690
   3456 3571 3539 3712 3719 3719 3764 3660 3542 3516 3696 3697 3710 3747
   3699 3693 3674 3697 3546 3702 3756 3507 3527 3511 3723 3735 3690 3527
   3653 3321 3447 3167 3041]]

 [[   2    2    2    2    2    2    2    2    2    2    2    2    2    2
      2    2    2    2    2    2    2    2    2    2    2    2    2    2
      2    2    2    2    2    2    2    2    2    2    2    2    2    2
      2    2    2    2    2    2    2    2    2    2    2    2    2    2
      2    2    2    2    2]
  [2503 3649 3630 3715 3626 3735 3585 3712 3727 3743 3804 3623 3689 3736
   3717 3776 3738 3591 3607 3680 3600 3586 3591 3740 3719 3606 3822 3723
   3829 3750 3748 3744 3587 3744 3703 3754 3751 3767 3740 3593 3678 3698
   3584 3640 3596 3671 3420 3594 3687 3567 3642 3721 3708 3436 3718 3705
   3674 3755 3571 3740 3516]]

 [[   2    2    2    2    2    2    2    2    2    2    2    2    2    2
      2    2    2    2    2    2    2    2    2    2    2    2    2    2
      2    2    2    2    2    2    2    2    2    2    2    2    2    2
      2    2    2    2    2    2    2    2    2    2    2    2    2    2
      2    2    2    2    2]
  [2503 4120 4170 4132 4244 4318 4919 5326 3962 3914 4129 4191 4785 4237
   4149 3535 4016 3891 4100 4209 4160 4569 4162 3955 4012 4474 4065 4478
   4888 4130 4767 4163 3932 4052 6261 4063 3901 4456 4423 4123 5114 4046
   3981 3963 4047 4026 4057 4049 4166 4161 4023 3886 4144 3688 4080 3658
   4601 4023 4058 4123 4726]]]
stable
 
 err: 
done running mariposa 126.0
Bisecting: 32 revisions left to test after this (roughly 5 steps)
[b4290d4b3d7c021965e9ce7ee636caac0f9cac74] python regression
running python3 /home/yizhou7/mariposa/scripts/z3-bisect.py /home/yizhou7/mariposa/data/bisect_tasks/d_lvbkv_z3_clean--Impl-MarshallingImpl.i.dfy.Impl__MarshallingImpl.__default.ValToBuckets.txt
building z3
done building z3 3.1
running mariposa
res: 125 
 out: [[[    2     2     2     2     2     2     2     2     2     2     2
       2     2     2     2     2     2     2     2     2     2     2
       2     2     2     2     2     2     2     2     2     2     2
       2     2     2     2     2     2     2     2     2     2     2
       2     2     2     2     2     2     2     2     2     2     2
       2     2     2     2     2     4]
  [ 2146  5345  4595  6078  4687  4658  4499  3993  3717  4614  4676
    4619  3931  4156  5709  4622  3944  3882  5590  4609  4617  4574
    3896  5746  4427  4433  3828  4493  6228  3698  3916  3676  3708
    5747  3558  3643  3639  4260  3876  3408  4239  3785  4337  5765
    3502  4229  5480  4136  3583  5345  5472  3575  3391  3272  5607
    3373  3618  3483  4499  3338  5256]]

 [[    2     2     2     2     2     2     2     2     2     2     2
       2     2     2     2     2     2     2     2     2     2     2
       2     2     2     2     2     2     2     2     2     2     2
       2     2     2     2     2     2     3     2     2     2     2
       2     2     2     2     2     2     2     2     2     2     2
       2     2     2     2     3     3]
  [ 2146  4252  5436  4632  4811  4182  4686  6706  3857  4962  3410
    3746  7231  4968  4114  5583  9469  4495  4611  3479  4263  6388
    4800  5753  4937  5067  3887  4263  3597  5144  5560  4084  4012
    5434  3747  4518  3417  3205  5744 60040  3327  4288  3128  3584
    4793  4714  4514  7396  5250  5745  7509  4123  5804  3651  4038
    6748  3507  4608  3915 60023 60019]]

 [[    2     2     2     2     2     2     2     2     2     2     2
       2     2     2     2     2     2     2     2     2     2     2
       2     2     2     2     2     2     2     2     2     2     2
       2     2     2     2     2     2     2     2     2     2     2
       2     2     2     2     2     2     2     2     2     2     2
       2     2     3     3     3     3]
  [ 2146  2556  3304  3312  3757  3800  3831  5828  2701  3470  3091
    3269  4216  4249  3504  4145  3144  3256  2987  4136  3446  3185
    2909  3298  3917  3048  4741  3455  3453  3704  4434  3476  5080
    6456  4217  4438  4948  3387  5973  6948  3471  5560  6266  6992
    4238  5733  4241  6063  7748  4374  4903  7575  4563  5363  5634
    4527  3814 60041 60021 60020 60020]]]
inconclusive
 
 err: 
done running mariposa 201.3
Bisecting: 32 revisions left to test after this (roughly 5 steps)
[6e994f92794f72abdda28dcd7e9bebb7d6f0543e] temporarily disable delete
running python3 /home/yizhou7/mariposa/scripts/z3-bisect.py /home/yizhou7/mariposa/data/bisect_tasks/d_lvbkv_z3_clean--Impl-MarshallingImpl.i.dfy.Impl__MarshallingImpl.__default.ValToBuckets.txt
building z3
done building z3 3.1
running mariposa
res: 0 
 out: [[[    2     2     2     2     2     2     2     2     2     2     2
       2     2     2     2     2     2     2     2     2     2     2
       2     2     2     2     2     2     2     2     2     2     2
       2     2     2     2     2     2     2     2     2     2     2
       2     2     2     2     2     2     2     2     2     2     2
       2     2     2     2     2     2]
  [ 2353  4001  3121  2827  3997  3027  2932  3069  2954  2946  3069
    2942  2990  2967  2954  3025  3070  2996  3832  3726  2991  2984
    2741  3105  3721  3127  3071  3115  2793  3753  3141  3722  3779
    2780  3131  3080  3716  3076  3127  3382  3009  2763  3092  3067
    2954  3098  2958  2914  2961  2946  2942  3713  3061  3706  2973
    2953  3086  3698  2760  2966  2974]]

 [[    2     2     2     2     2     2     2     2     2     2     2
       2     2     2     2     2     2     2     2     2     2     2
       2     2     2     2     2     2     2     2     2     2     2
       2     2     2     2     2     2     2     2     2     2     2
       2     3     2     2     2     2     2     2     2     2     2
       2     2     2     2     3     3]
  [ 2353  3973  4810  3630  4583  6511  4567  5014  4343  5888  3969
    6565  4252  4591  8290  7225  6281  4149  4485  4489  5182  4773
    4338  4790  6229  5159  4542  4605  4762  4652  4913  6614  4828
    3040  4095  4472  4272  4409  3412  5319  3954  3772  4325  8580
    5486 60027  4354  3617  4330  3911  4186  6285  7394  5676  3698
    6917  4057  4454  3897 60025 60026]]

 [[    2     2     2     2     2     2     2     4     2     2     2
       2     2     2     2     2     2     2     2     2     2     2
       2     2     2     2     2     2     2     2     2     2     2
       2     2     2     2     2     2     2     2     2     2     2
       2     2     2     2     2     2     2     2     2     2     2
       2     2     2     2     3     3]
  [ 2353  2965  3080  3451  3683  3702  4739  5196  2884  3297  4132
    2888  4742  5531  3230  5028  3336  3689  3862  3472  4090  5455
    4329  5951  5074  3813  3932  3923  4786  5130  5936  4019  3469
    3930  7152  5145  3289  5135  3751  4455  3363  4775  6429  3864
    4065  3489  3850  4544  5389  4931  4571  3908  4026  4788  4012
    4959  3631  3605  3032 60022 60022]]]
stable
 
 err: 
done running mariposa 178.1
Bisecting: 11 revisions left to test after this (roughly 4 steps)
[df4065536fa51e81a664f506751a4ea547a20e6e] Cleaned up FP predicates in the Python API. Fixes #2323.
running python3 /home/yizhou7/mariposa/scripts/z3-bisect.py /home/yizhou7/mariposa/data/bisect_tasks/d_lvbkv_z3_clean--Impl-MarshallingImpl.i.dfy.Impl__MarshallingImpl.__default.ValToBuckets.txt
building z3
done building z3 3.1
running mariposa
res: 1 
 out: [[[    2     2     2     2     2     2     2     2     2     2     2
       2     2     2     2     2     2     2     2     2     2     2
       2     2     2     2     2     2     2     2     2     2     2
       2     2     2     2     2     2     2     2     2     2     2
       2     2     2     2     2     2     2     2     2     2     2
       2     2     2     2     2     3]
  [ 2546  4731  3655  3634  5824  5035  4253  4794  4458  5198  4968
    3467  4144  4809  9253  4052  5999  5592  4498  4494  5619  4538
    5119  3995  5053  3540  4924  4730  4751  4662  4212  4733  4303
    5489  3334  4516  4224  3831  4149  4041  4027  3412  3479  2685
    2684  2883  4517  3462  2853  2880  4571  3227  3841  4620  3609
    5392  2989  3920  3938  3514 60022]]

 [[    2     2     4     2     2     2     2     2     2     2     2
       2     2     2     2     2     2     2     2     2     2     2
       2     2     2     2     2     2     2     2     3     2     3
       2     2     2     2     2     2     2     2     3     2     2
       2     3     2     2     2     2     2     2     2     2     2
       2     2     2     3     3     3]
  [ 2546  2967  5540  3041  3357  5439  4166  3498  4352  7969  7957
    3712  4965  4986  4430  4236  4768  3398  4191  4297  5079  4973
    5823  8015  4915  4930  5151  4459  5120  4942 60026  4050 60029
    5079  4402  5100  4811  4158  4795  4059  5120 60033  4525  3713
    6479 60026  4868  5363 10679  4028  4293  6201  5410  4272 10770
    6632  3761  4186 60026 60025 60019]]

 [[    2     2     2     2     2     2     2     2     2     2     2
       2     2     2     2     2     2     2     2     2     2     2
       2     2     2     2     2     2     2     2     2     2     2
       2     2     3     2     3     2     2     2     3     2     2
       2     2     2     2     2     2     3     2     2     2     2
       2     2     2     2     2     3]
  [ 2546  3281  3321  3387  3402  3582  4111  2616  3025  3736  4419
    4381  4142  4605  4477  6532  3667  3589  6902  3965  5036  5174
    6718  5421  4847  4398  5038  7037  4964  3685  4580  6865  5595
    5775  5642 60024  4834 60016  3956  7876  4901 60019  5043  5514
    4834  5554  4271  4107  3852  4337 60020  3461  3864  6367  4267
    3721  3658  6646  4804  6042 60031]]]
unstable
 
 err: 
done running mariposa 261.5
Bisecting: 5 revisions left to test after this (roughly 3 steps)
[e5dffeace4b04b757aaa5f78e4e749034029fef0] fix #2365
running python3 /home/yizhou7/mariposa/scripts/z3-bisect.py /home/yizhou7/mariposa/data/bisect_tasks/d_lvbkv_z3_clean--Impl-MarshallingImpl.i.dfy.Impl__MarshallingImpl.__default.ValToBuckets.txt
building z3
done building z3 3.1
running mariposa
res: 0 
 out: [[[    2     2     2     2     2     2     2     2     2     2     2
       2     2     2     2     2     2     2     2     2     2     2
       2     2     2     2     2     2     2     2     2     2     2
       2     2     2     2     2     2     2     2     2     2     2
       2     2     2     2     2     2     2     2     2     2     2
       2     2     2     2     2     2]
  [ 2343  3971  2964  2763  3779  2944  3050  2962  3023  2934  2928
    3067  2951  3016  2950  3026  3068  2954  3806  3756  2968  2987
    2722  3081  3124  3719  3083  3107  3752  2776  3129  3727  3758
    2791  3111  3076  3715  3066  3098  3392  2982  2742  3070  3032
    3099  2964  2911  2892  2924  3673  2920  2971  3011  3689  2971
    2940  3068  3687  2727  2987  3004]]

 [[    2     2     2     2     2     2     2     2     2     2     2
       2     2     2     2     2     2     2     2     2     2     2
       2     2     2     2     2     2     2     2     2     2     2
       2     2     2     2     2     2     2     2     2     2     2
       2     3     2     2     2     2     2     2     2     2     2
       2     2     2     2     3     3]
  [ 2343  4008  4837  3699  6417  4601  4559  5061  4429  5846  6558
    3933  4240  4566  8331  7373  6174  4166  4427  4550  5162  4703
    4353  4514  6160  4863  5122  4509  4714  4654  4896  4821  6662
    2893  4295  3933  4448  4341  3375  5476  4049  4315  3828  8774
    5585 60027  4388  3568  4342  3960  4236  6309  7495  5691  3693
    6929  4092  4432  3849 60024 60028]]

 [[    2     2     2     2     2     2     2     4     2     2     2
       2     2     2     2     2     2     2     2     2     2     2
       2     2     2     2     2     2     2     2     2     2     2
       2     2     2     2     2     2     2     2     2     2     2
       2     2     2     2     2     2     2     2     2     2     2
       2     2     2     2     3     3]
  [ 2343  2931  3138  3428  3698  3696  4634  5309  2873  3295  2890
    4167  4755  5585  3198  5114  3368  3664  3933  3495  4093  5502
    5971  4355  5139  3839  3931  3928  5132  4878  5967  3930  3371
    3866  7157  5232  3298  5163  3786  4406  3338  6341  4856  3853
    3979  3529  4564  3884  5421  4876  4525  3896  4022  4790  3950
    4964  3594  3669  3091 60022 60021]]]
stable
 
 err: 
done running mariposa 178.0
Bisecting: 2 revisions left to test after this (roughly 2 steps)
[1202554dbcaa67b18e507206ee6f0e6f2a5c95d5] Merge branch 'master' of https://github.com/z3prover/z3
running python3 /home/yizhou7/mariposa/scripts/z3-bisect.py /home/yizhou7/mariposa/data/bisect_tasks/d_lvbkv_z3_clean--Impl-MarshallingImpl.i.dfy.Impl__MarshallingImpl.__default.ValToBuckets.txt
building z3
done building z3 3.0
running mariposa
res: 1 
 out: [[[    2     2     2     2     2     2     2     2     2     2     2
       2     2     2     2     2     2     2     2     2     2     2
       2     2     2     2     2     2     2     2     2     2     2
       2     2     2     2     2     2     2     2     2     2     2
       2     2     2     2     2     2     2     2     2     2     2
       2     2     2     2     2     3]
  [ 2566  4680  3686  3591  5849  5045  4308  4806  4434  5196  5102
    3462  4265  4722  9693  4055  5962  5640  4575  4573  5581  4554
    5142  4014  5130  3496  4670  4945  4741  4702  4221  4644  4316
    5543  3391  4549  4169  3800  3988  4030  4057  3460  3510  2726
    2737  2892  4499  3470  2857  2925  3272  3794  4656  5335  3642
    4577  3011  3944  3948  3451 60022]]

 [[    2     2     4     2     2     2     2     2     2     2     2
       2     2     2     2     2     2     2     2     2     2     2
       2     2     2     2     2     2     2     3     2     2     3
       2     2     2     2     2     2     2     2     3     2     2
       2     3     2     2     2     2     2     2     2     2     2
       2     2     2     3     3     3]
  [ 2566  3250  6111  3170  3312  5329  4174  4342  3479  7829  8123
    3702  4978  5073  4377  4317  3416  4878  4197  4294  5219  5012
    5978  8377  5013  5064  5157  4541  5123 60025  5031  4010 60031
    4457  5046  5165  4815  4204  4791  4053  5157 60031  4522  3727
    6494 60025  5285  4864 11017  4025  4321  6217  5442 10643  4258
    6606  3809  4148 60025 60025 60019]]

 [[    2     2     2     2     2     2     2     2     2     2     2
       2     2     2     2     2     2     2     2     2     2     2
       2     2     2     2     2     2     2     2     2     2     2
       2     2     3     2     3     2     2     2     3     2     2
       2     2     2     2     2     2     3     2     2     2     2
       2     2     2     2     2     3]
  [ 2566  3259  3315  3390  3403  3611  4104  2653  2997  4210  4417
    3751  4109  4603  4538  6271  3688  3588  6857  4021  5126  5235
    6705  5414  4783  4394  5014  7115  4983  3733  4604  6778  5644
    5739  5639 60025  4798 60015  3953  7873  4907 60019  5027  5604
    4852  5565  4175  4066  3824  4272 60019  3411  3832  6274  4217
    3742  3679  6771  4918  6435 60031]]]
unstable
 
 err: 
done running mariposa 262.1
Bisecting: 1 revision left to test after this (roughly 1 step)
[60c504f4ef64eaf085b1fec2773704cd1102c611] make a few helpers static
running python3 /home/yizhou7/mariposa/scripts/z3-bisect.py /home/yizhou7/mariposa/data/bisect_tasks/d_lvbkv_z3_clean--Impl-MarshallingImpl.i.dfy.Impl__MarshallingImpl.__default.ValToBuckets.txt
building z3
done building z3 3.1
running mariposa
res: 0 
 out: [[[    2     2     2     2     2     2     2     2     2     2     2
       2     2     2     2     2     2     2     2     2     2     2
       2     2     2     2     2     2     2     2     2     2     2
       2     2     2     2     2     2     2     2     2     2     2
       2     2     2     2     2     2     2     2     2     2     2
       2     2     2     2     2     2]
  [ 2334  4054  3289  3055  4210  3177  3044  3015  2936  2916  3069
    2932  2928  2937  2941  3030  3081  2935  3786  3695  2981  2988
    2680  3083  3130  3073  3711  3082  3768  2775  3118  3719  3730
    2738  3136  3065  3689  3059  3353  3131  3000  2711  3041  3012
    3039  2903  2892  2899  3659  2908  2917  2884  2984  3664  2942
    2939  3076  3633  2705  2963  2984]]

 [[    2     2     2     2     2     2     2     2     2     2     2
       2     2     2     2     2     2     2     2     2     2     2
       2     2     2     2     2     2     2     2     2     2     2
       2     2     2     2     2     2     2     2     2     2     3
       2     2     2     2     2     2     2     2     2     2     2
       2     2     2     2     3     3]
  [ 2334  3980  4865  3653  4583  6371  4579  5116  4410  5936  6697
    4039  4275  4728  8376  7278  6377  4229  4560  4560  5188  4798
    4437  4840  5243  4643  6324  4565  4857  4686  5025  6712  4811
    3085  4691  4248  4372  4511  3398  5319  4333  4760  4280 60022
    9451  5895  4429  3563  4347  3950  4196  7524  6201  5692  3738
    6974  4107  4424  3927 60024 60029]]

 [[    2     2     2     2     2     2     2     4     2     2     2
       2     2     2     2     2     2     2     2     2     2     2
       2     2     2     2     2     2     2     2     2     2     2
       2     2     2     2     2     2     2     2     2     2     2
       2     2     2     2     2     2     2     2     2     2     2
       2     2     2     2     3     3]
  [ 2334  2924  3108  3395  3695  3745  4642  5208  2913  3343  4126
    2846  4633  5516  3267  3281  5036  3669  3831  3380  4079  5735
    5512  4266  5044  3752  3898  3856  4848  5156  5903  3990  3400
    3897  7069  5137  3279  5127  3761  4398  3334  4751  3854  6350
    4026  3499  3822  4571  5483  4849  4508  3912  4049  4733  4942
    4004  3599  3658  3055 60023 60029]]]
stable
 
 err: 
done running mariposa 178.5
Bisecting: 0 revisions left to test after this (roughly 0 steps)
[db87f2aab055ab189a6c47cd9e2c4216fc65cf3f] separate rewriter used by smt context from asserted formulas to avoid term substitution, exposed by #2370
running python3 /home/yizhou7/mariposa/scripts/z3-bisect.py /home/yizhou7/mariposa/data/bisect_tasks/d_lvbkv_z3_clean--Impl-MarshallingImpl.i.dfy.Impl__MarshallingImpl.__default.ValToBuckets.txt
building z3
done building z3 3.1
running mariposa
res: 1 
 out: [[[    2     2     2     2     2     2     2     2     2     2     2
       2     2     2     2     2     2     2     2     2     2     2
       2     2     2     2     2     2     2     2     2     2     2
       2     2     2     2     2     2     2     2     2     2     2
       2     2     2     2     2     2     2     2     2     2     2
       2     2     2     2     2     3]
  [ 2601  4759  3640  3601  5847  5044  4304  4847  4477  5227  5009
    3499  4197  4768  9516  4085  6030  5642  4553  5623  4524  4580
    5198  4045  5066  3556  4711  4907  4707  4708  4193  4674  4283
    5446  3356  4511  4205  3789  4087  4115  4133  3542  2695  3547
    2861  2707  4498  3466  2843  2903  3249  3788  4688  5340  3600
    4580  3000  3924  3937  3458 60025]]

 [[    2     2     4     2     2     2     2     2     2     2     2
       2     2     2     2     2     2     2     2     2     2     2
       2     2     2     2     2     2     2     2     3     2     3
       2     2     2     2     2     2     2     2     3     2     2
       2     2     3     2     2     2     2     2     2     2     2
       2     2     2     3     3     3]
  [ 2601  2963  5611  3075  3424  5516  4171  3447  4306  7974  7956
    3801  4994  4996  4329  4252  4795  3482  4201  4359  5103  4972
    5907  8141  4963  5033  5222  4542  5098  4876 60026  3941 60031
    4389  4975  5066  4841  4073  4045  4817  5212 60035  4554  3736
    6571  4875 60024  5317 10778  4076  4310  6236  4247 10557  5462
    6631  3768  4133 60026 60025 60020]]

 [[    2     2     2     2     2     2     2     2     2     2     2
       2     2     2     2     2     2     2     2     2     2     2
       2     2     2     2     2     2     2     2     2     2     2
       2     2     3     2     3     2     2     2     3     2     2
       2     2     2     2     2     2     3     2     2     2     2
       2     2     2     2     2     3]
  [ 2601  3304  3384  3326  3395  3562  4119  2682  3046  4324  4426
    3759  4155  4609  4602  6418  3668  3682  7099  4009  5156  5285
    6723  5319  4830  4501  5046  5041  7055  3717  4667  7035  5714
    5672  5688 60028  4961 60016  3917  7846  4926 60019  5035  5513
    4862  5496  4233  4068  3766  4334 60019  3449  3826  6327  4272
    3747  3731  4864  6778  6041 60032]]]
unstable
 
 err: 
done running mariposa 262.0
db87f2aab055ab189a6c47cd9e2c4216fc65cf3f is the first bad commit
commit db87f2aab055ab189a6c47cd9e2c4216fc65cf3f
Author: Nikolaj Bjorner <nbjorner@microsoft.com>
Date:   Tue Jul 2 15:28:21 2019 +0700

    separate rewriter used by smt context from asserted formulas to avoid term substitution, exposed by #2370
    
    Signed-off-by: Nikolaj Bjorner <nbjorner@microsoft.com>

 src/smt/asserted_formulas.h | 2 +-
 src/smt/smt_context.cpp     | 2 ++
 src/smt/smt_context.h       | 3 ++-
 src/smt/theory_arith_core.h | 1 +
 4 files changed, 6 insertions(+), 2 deletions(-)
bisect run success
git bisect start
# good: [e79542cc689d52ec4cb34ce4ae3fbe56e7a0bf70] fix #2309
git bisect good e79542cc689d52ec4cb34ce4ae3fbe56e7a0bf70
# bad: [ad55a1f1c617a7f0c3dd735c0780fc758424c7f1] Update release.yml for Azure Pipelines
git bisect bad ad55a1f1c617a7f0c3dd735c0780fc758424c7f1
# skip: [e2702f3ae88f5c48a55f4473bb5c29184c182634] fixes in assigning constraints to intervals
git bisect skip e2702f3ae88f5c48a55f4473bb5c29184c182634
# skip: [1915812f84cf41a5f232eedf2a695a54d055aa88] add a test for intervals
git bisect skip 1915812f84cf41a5f232eedf2a695a54d055aa88
# bad: [8faf35e2e0c8fce99794e71bd3b5de74b95ceb5a] fix #3735
git bisect bad 8faf35e2e0c8fce99794e71bd3b5de74b95ceb5a
# skip: [d1a5635b4ad7f8632356b380f3a9b1fc83fdb04f] better model based lemmaas
git bisect skip d1a5635b4ad7f8632356b380f3a9b1fc83fdb04f
# skip: [0a86bd14f792ef5fadb8eeb346729a612f7e1588] start on test nla
git bisect skip 0a86bd14f792ef5fadb8eeb346729a612f7e1588
# bad: [f7747d9e76bd685a02ce5c5fbda91fc356856b5e] fix parameter collection for tactic-based solvers reported in #3065
git bisect bad f7747d9e76bd685a02ce5c5fbda91fc356856b5e
# skip: [0644194fc96a853df44c37f9e4522796aa40add8] work on lemma from product to factors, and some renaming
git bisect skip 0644194fc96a853df44c37f9e4522796aa40add8
# bad: [0321312c8db1d3f0edbd23e6e48884fbb7d77d1d] Changed to get_const_interp to match Java and C# bindings
git bisect bad 0321312c8db1d3f0edbd23e6e48884fbb7d77d1d
# bad: [6e637348826f0725ba8a01c455448023ca2889e4] Merge pull request #2368 from waywardmonkeys/fix-typo
git bisect bad 6e637348826f0725ba8a01c455448023ca2889e4
# good: [9b4f327e29de8eadd112e53af5a8fb9f430fabf7] set upload mode to replace
git bisect good 9b4f327e29de8eadd112e53af5a8fb9f430fabf7
# good: [42ac3a536369a7d4a7eafa1fa15b571b146ba594] merge with csp
git bisect good 42ac3a536369a7d4a7eafa1fa15b571b146ba594
# skip: [b4290d4b3d7c021965e9ce7ee636caac0f9cac74] python regression
git bisect skip b4290d4b3d7c021965e9ce7ee636caac0f9cac74
# good: [6e994f92794f72abdda28dcd7e9bebb7d6f0543e] temporarily disable delete
git bisect good 6e994f92794f72abdda28dcd7e9bebb7d6f0543e
# bad: [df4065536fa51e81a664f506751a4ea547a20e6e] Cleaned up FP predicates in the Python API. Fixes #2323.
git bisect bad df4065536fa51e81a664f506751a4ea547a20e6e
# good: [e5dffeace4b04b757aaa5f78e4e749034029fef0] fix #2365
git bisect good e5dffeace4b04b757aaa5f78e4e749034029fef0
# bad: [1202554dbcaa67b18e507206ee6f0e6f2a5c95d5] Merge branch 'master' of https://github.com/z3prover/z3
git bisect bad 1202554dbcaa67b18e507206ee6f0e6f2a5c95d5
# good: [60c504f4ef64eaf085b1fec2773704cd1102c611] make a few helpers static
git bisect good 60c504f4ef64eaf085b1fec2773704cd1102c611
# bad: [db87f2aab055ab189a6c47cd9e2c4216fc65cf3f] separate rewriter used by smt context from asserted formulas to avoid term substitution, exposed by #2370
git bisect bad db87f2aab055ab189a6c47cd9e2c4216fc65cf3f
# first bad commit: [db87f2aab055ab189a6c47cd9e2c4216fc65cf3f] separate rewriter used by smt context from asserted formulas to avoid term substitution, exposed by #2370
