running python3 /home/yizhou7/mariposa/scripts/z3-bisect.py /home/yizhou7/mariposa/data/bisect_tasks/d_lvbkv_z3_clean--lib-Buckets-PackedKV.i.dfy.Impl__PackedKV.__default.SplitRight.txt
building z3
Bisecting: 1453 revisions left to test after this (roughly 11 steps)
[1915812f84cf41a5f232eedf2a695a54d055aa88] add a test for intervals
running python3 /home/yizhou7/mariposa/scripts/z3-bisect.py /home/yizhou7/mariposa/data/bisect_tasks/d_lvbkv_z3_clean--lib-Buckets-PackedKV.i.dfy.Impl__PackedKV.__default.SplitRight.txt
building z3
Bisecting: 1453 revisions left to test after this (roughly 11 steps)
[8faf35e2e0c8fce99794e71bd3b5de74b95ceb5a] fix #3735
running python3 /home/yizhou7/mariposa/scripts/z3-bisect.py /home/yizhou7/mariposa/data/bisect_tasks/d_lvbkv_z3_clean--lib-Buckets-PackedKV.i.dfy.Impl__PackedKV.__default.SplitRight.txt
building z3
done building z3 3.2
running mariposa
res: 1 
 out: [[[    2     2     2     2     2     2     2     2     2     2     2
       2     2     2     2     2     2     2     2     2     2     2
       2     2     2     2     2     2     2     2     2     2     2
       2     2     2     2     2     2     2     2     2     2     2
       2     2     2     2     2     2     2     2     2     2     2
       2     2     2     2     2     2]
  [  370   589   590   596   594   606   608   607   616   606   602
     612   597   599   604   598   598   614   603   605   614   603
     636   612   606   604   604   604   606   600   596   597   597
     594   593   588   586   586   594   596   596   601   595   599
     598   596   598   599   599   598   597   595   591   586   583
     576   570   577   578   576   581]]

 [[    2     2     2     2     2     2     2     2     2     2     2
       2     2     2     2     2     2     2     2     2     2     2
       2     2     2     2     2     2     2     2     2     2     2
       2     2     2     2     2     2     2     2     2     2     2
       2     2     2     2     2     2     2     2     2     2     2
       2     3     3     3     3     3]
  [  370   613   556   506   497   500   480   539   517   468   498
     504   497   468   471   465   510   485   455   503   486   465
     463   453   464   520   494   514   490   498   463   484   454
     463   514   460   475   452   451   466   466   501   529   577
     490   533   579   545   547   535   569   527   533   542   562
     557 60034 60029 60026 60029 60026]]

 [[    2     2     2     2     2     2     2     2     2     2     2
       2     2     2     2     2     2     2     2     2     2     2
       2     2     2     2     2     2     2     2     2     2     2
       2     2     2     2     2     2     2     2     2     2     2
       2     2     2     2     2     2     2     2     2     2     2
       3     3     3     3     3     3]
  [  370   473   509   511   519   531   533   559   518   477   494
     522   548   506   489   524   528   546   557   560   544   556
     615   650   564   583   591   554   535   594   619   579   721
     689   626   619   794   704   698   655   687   793   735   664
     651   784   798   685   745   695   749   768   757   693   807
   60029 60028 60023 60027 60026 60029]]]
unstable
 
 err: 
done running mariposa 137.0
Bisecting: 1254 revisions left to test after this (roughly 10 steps)
[d1a5635b4ad7f8632356b380f3a9b1fc83fdb04f] better model based lemmaas
running python3 /home/yizhou7/mariposa/scripts/z3-bisect.py /home/yizhou7/mariposa/data/bisect_tasks/d_lvbkv_z3_clean--lib-Buckets-PackedKV.i.dfy.Impl__PackedKV.__default.SplitRight.txt
building z3
Bisecting: 1254 revisions left to test after this (roughly 10 steps)
[0a86bd14f792ef5fadb8eeb346729a612f7e1588] start on test nla
running python3 /home/yizhou7/mariposa/scripts/z3-bisect.py /home/yizhou7/mariposa/data/bisect_tasks/d_lvbkv_z3_clean--lib-Buckets-PackedKV.i.dfy.Impl__PackedKV.__default.SplitRight.txt
building z3
Bisecting: 1254 revisions left to test after this (roughly 10 steps)
[f7747d9e76bd685a02ce5c5fbda91fc356856b5e] fix parameter collection for tactic-based solvers reported in #3065
running python3 /home/yizhou7/mariposa/scripts/z3-bisect.py /home/yizhou7/mariposa/data/bisect_tasks/d_lvbkv_z3_clean--lib-Buckets-PackedKV.i.dfy.Impl__PackedKV.__default.SplitRight.txt
building z3
done building z3 3.2
running mariposa
res: 1 
 out: [[[    2     2     2     2     2     2     2     2     2     2     2
       2     2     2     2     2     2     2     2     2     2     2
       2     2     2     2     2     2     2     2     2     2     2
       2     2     2     2     2     2     2     2     2     2     2
       2     2     2     2     2     2     2     2     2     2     2
       2     2     2     2     2     2]
  [  369   624   615   617   634   628   634   626   631   627   634
     632   632   628   630   625   629   626   634   632   635   628
     632   617   616   597   597   592   607   607   614   606   601
     556   534   547   547   549   536   530   516   507   515   512
     513   519   526   522   524   518   519   524   520   522   523
     518   520   516   522   519   520]]

 [[    2     2     2     2     2     2     2     2     2     2     2
       2     2     2     2     2     2     2     2     2     2     2
       2     2     2     2     2     2     2     2     2     2     2
       2     2     2     2     2     2     2     2     2     2     2
       2     2     2     2     2     2     2     2     2     2     2
       2     3     3     3     3     3]
  [  369   490   490   510   479   499   482   523   513   508   508
     549   525   518   527   541   561   536   594   578   571   546
     562   611   628   640   618   706   590   551   573   582   723
     558   562   549   550   543   564   596   604   611   590   587
     764   619   642   571   634   594   593   608   586   580   599
     589 60036 60033 60033 60030 60030]]

 [[    2     2     2     2     2     2     2     2     2     2     2
       2     2     2     2     2     2     2     2     2     2     2
       2     2     2     2     2     2     2     2     2     2     2
       2     2     2     2     2     2     2     2     2     2     2
       2     2     2     2     2     2     2     3     2     3     2
       2     3     3     3     3     3]
  [  369   482   540   547   511   526   512   475   498   496   541
     523   547   546   579   584   593   628   558   676   581   620
     648   644   623   647   683   617   682   633   759   752   871
     650   662   668   783   709   656   907   708   682   727   674
     680   827   774   681   737   684   678 60030   652 60028   571
     607 60029 60025 60029 60032 60033]]]
unstable
 
 err: 
done running mariposa 139.8
Bisecting: 1034 revisions left to test after this (roughly 10 steps)
[0644194fc96a853df44c37f9e4522796aa40add8] work on lemma from product to factors, and some renaming
running python3 /home/yizhou7/mariposa/scripts/z3-bisect.py /home/yizhou7/mariposa/data/bisect_tasks/d_lvbkv_z3_clean--lib-Buckets-PackedKV.i.dfy.Impl__PackedKV.__default.SplitRight.txt
building z3
Bisecting: 1034 revisions left to test after this (roughly 10 steps)
[0321312c8db1d3f0edbd23e6e48884fbb7d77d1d] Changed to get_const_interp to match Java and C# bindings
running python3 /home/yizhou7/mariposa/scripts/z3-bisect.py /home/yizhou7/mariposa/data/bisect_tasks/d_lvbkv_z3_clean--lib-Buckets-PackedKV.i.dfy.Impl__PackedKV.__default.SplitRight.txt
building z3
done building z3 3.1
running mariposa
res: 1 
 out: [[[    2     2     2     2     2     2     2     2     2     2     2
       2     2     2     2     2     2     2     2     2     2     2
       2     2     2     2     2     2     2     2     2     2     2
       2     2     2     2     2     2     2     2     2     2     2
       2     2     2     2     2     2     2     2     2     2     2
       2     2     2     2     2     2]
  [  326   420   423   423   421   424   428   427   423   422   421
     421   419   426   438   456   460   459   459   459   462   462
     461   460   459   461   460   458   460   456   458   461   458
     458   458   462   460   460   459   458   459   460   461   460
     460   462   458   459   460   459   459   462   458   460   460
     462   462   458   455   449   444]]

 [[    2     2     2     2     2     2     2     2     2     2     2
       2     2     2     2     2     2     2     2     2     2     2
       2     2     2     2     2     2     2     2     3     2     2
       2     2     2     2     2     2     2     2     2     2     2
       2     2     2     2     2     2     2     2     2     2     2
       2     2     2     2     3     3]
  [  326   550   558   578   630   580   584   642   501   515   494
     524   471   457   453   437   465   499   471   448   453   460
     498   458   484   435   467   509   489   466 60022   430   431
     438   459   449   442   483   425   486   427   458   411   425
     460   452   457   417   421   431   432   453   472   448   430
     454   426   472   518 60031 60040]]

 [[    2     2     2     2     2     2     2     2     2     2     2
       2     2     2     2     2     2     2     2     2     2     2
       2     2     2     2     2     2     2     2     2     2     2
       2     2     2     2     2     2     2     2     2     3     3
       3     2     3     2     2     3     2     2     2     3     2
       3     3     3     3     3     3]
  [  326   442   490   450   447   477   490   474   512   460   521
     517   563   542   573   571   614   575   584   624   700   644
     630   695   653   719   727   753   716   773   749   650   687
     659   709   658   709   651   741   654   717   718 60034 60025
   60024   560 60026   623   563 60030   574   605   712 60033   679
   60031 60040 60033 60034 60026 60028]]]
unstable
 
 err: 
done running mariposa 192.6
Bisecting: 261 revisions left to test after this (roughly 8 steps)
[6e637348826f0725ba8a01c455448023ca2889e4] Merge pull request #2368 from waywardmonkeys/fix-typo
running python3 /home/yizhou7/mariposa/scripts/z3-bisect.py /home/yizhou7/mariposa/data/bisect_tasks/d_lvbkv_z3_clean--lib-Buckets-PackedKV.i.dfy.Impl__PackedKV.__default.SplitRight.txt
building z3
done building z3 3.1
running mariposa
res: 1 
 out: [[[    3     3     3     3     3     3     3     3     3     3     3
       3     3     3     3     3     3     3     3     3     3     3
       3     3     3     3     3     3     3     3     3     3     3
       3     3     3     3     3     3     3     3     3     3     3
       3     3     3     3     3     3     3     3     3     3     3
       3     3     3     3     3     3]
  [60028 60033 60029 60027 60024 60029 60033 60033 60025 60031 60025
   60036 60033 60033 60031 60030 60028 60027 60036 60030 60033 60031
   60035 60029 60028 60032 60027 60033 60035 60031 60029 60024 60031
   60033 60032 60033 60025 60030 60027 60033 60031 60034 60036 60030
   60024 60026 60035 60036 60034 60034 60030 60032 60028 60038 60030
   60034 60033 60027 60028 60024 60024]]

 [[    3     2     2     2     2     2     2     2     2     2     2
       2     2     2     2     2     2     2     2     2     2     2
       2     2     2     2     2     2     2     2     2     2     2
       2     2     2     2     2     2     2     2     2     2     3
       2     2     2     2     2     3     2     2     2     2     2
       2     3     3     3     3     3]
  [60028   478   506   524   497   513   524   508   580   514   507
     514   505   521   586   528   675   586   552   543   550   530
     546   546   520   571   534   538   534   563   525   556   649
     656   669   567   584   633   463   526   549   514   509 60043
     473   493   498   505   494 60031   469   455   478   545   598
     546 60031 60029 60033 60037 60038]]

 [[    3     2     2     2     2     2     2     2     2     2     2
       2     2     2     2     2     2     2     2     2     2     2
       2     2     2     2     2     2     2     2     2     2     2
       2     2     2     2     2     2     2     2     2     2     2
       2     2     2     2     3     3     2     2     3     2     2
       2     3     3     3     3     3]
  [60028   453   498   444   473   493   489   438   484   481   457
     501   570   476   491   481   464   525   519   523   500   615
     517   594   537   557   575   563   566   614   583   581   600
     579   587   563   576   619   559   557   597   580   639   614
     678   618   634   626 60026 60032   593   645 60026   610   620
     561 60026 60027 60027 60026 60041]]]
unstable
 
 err: 
done running mariposa 738.9
Bisecting: 130 revisions left to test after this (roughly 7 steps)
[9b4f327e29de8eadd112e53af5a8fb9f430fabf7] set upload mode to replace
running python3 /home/yizhou7/mariposa/scripts/z3-bisect.py /home/yizhou7/mariposa/data/bisect_tasks/d_lvbkv_z3_clean--lib-Buckets-PackedKV.i.dfy.Impl__PackedKV.__default.SplitRight.txt
building z3
done building z3 3.1
running mariposa
res: 0 
 out: [[[  2   2   2   2   2   2   2   2   2   2   2   2   2   2   2   2   2
     2   2   2   2   2   2   2   2   2   2   2   2   2   2   2   2   2
     2   2   2   2   2   2   2   2   2   2   2   2   2   2   2   2   2
     2   2   2   2   2   2   2   2   2   2]
  [320 385 385 383 385 389 389 385 386 385 383 389 388 387 386 384 382
   385 389 388 388 388 384 383 389 385 388 387 385 387 384 383 385 388
   388 385 384 384 383 384 388 387 386 383 384 384 383 384 390 386 383
   385 383 386 386 389 371 376 371 371 354]]

 [[  2   2   2   2   2   2   2   2   2   2   2   2   2   2   2   2   2
     2   2   2   2   2   2   2   2   2   2   2   2   2   2   2   2   2
     2   2   2   2   2   2   2   2   2   2   2   2   2   2   2   2   2
     2   2   2   2   2   2   2   2   2   2]
  [320 393 393 393 387 389 391 389 401 400 398 389 389 389 389 391 390
   390 386 388 391 392 391 392 390 386 388 391 390 390 392 392 387 391
   391 391 392 393 391 388 388 389 388 392 391 390 386 387 388 388 395
   391 392 388 386 388 389 395 393 395 390]]

 [[  2   2   2   2   2   2   2   2   2   2   2   2   2   2   2   2   2
     2   2   2   2   2   2   2   2   2   2   2   2   2   2   2   2   2
     2   2   2   2   2   2   2   2   2   2   2   2   2   2   2   2   2
     2   2   2   2   2   2   2   2   2   2]
  [320 429 447 443 438 438 441 453 420 433 428 437 444 439 440 421 436
   437 430 439 430 438 422 438 436 433 440 456 442 421 439 438 434 425
   435 444 417 431 429 437 437 439 448 417 456 440 438 440 436 440 428
   439 442 440 436 441 437 417 423 434 442]]]
stable
 
 err: 
done running mariposa 18.9
Bisecting: 65 revisions left to test after this (roughly 6 steps)
[42ac3a536369a7d4a7eafa1fa15b571b146ba594] merge with csp
running python3 /home/yizhou7/mariposa/scripts/z3-bisect.py /home/yizhou7/mariposa/data/bisect_tasks/d_lvbkv_z3_clean--lib-Buckets-PackedKV.i.dfy.Impl__PackedKV.__default.SplitRight.txt
building z3
done building z3 3.1
running mariposa
res: 0 
 out: [[[  2   2   2   2   2   2   2   2   2   2   2   2   2   2   2   2   2
     2   2   2   2   2   2   2   2   2   2   2   2   2   2   2   2   2
     2   2   2   2   2   2   2   2   2   2   2   2   2   2   2   2   2
     2   2   2   2   2   2   2   2   2   2]
  [316 382 384 384 381 385 386 382 383 384 378 382 383 386 382 384 384
   378 382 385 385 383 382 384 381 385 386 387 381 384 382 382 383 384
   385 381 382 384 381 381 384 387 381 385 384 381 378 383 387 382 385
   381 382 378 381 385 379 384 378 413 361]]

 [[  2   2   2   2   2   2   2   2   2   2   2   2   2   2   2   2   2
     2   2   2   2   2   2   2   2   2   2   2   2   2   2   2   2   2
     2   2   2   2   2   2   2   2   2   2   2   2   2   2   2   2   2
     2   2   2   2   2   2   2   2   2   2]
  [316 394 392 394 382 389 388 384 391 393 389 383 388 387 385 391 394
   389 382 388 391 386 390 392 389 384 387 388 389 388 394 390 387 390
   390 390 391 391 389 381 390 385 391 391 390 390 386 386 389 392 388
   390 391 387 389 386 392 388 391 393 384]]

 [[  2   2   2   2   2   2   2   2   2   2   2   2   2   2   2   2   2
     2   2   2   2   2   2   2   2   2   2   2   2   2   2   2   2   2
     2   2   2   2   2   2   2   2   2   2   2   2   2   2   2   2   2
     2   2   2   2   2   2   2   2   2   2]
  [316 434 433 443 444 443 441 448 425 428 429 446 445 433 438 425 431
   441 436 429 426 438 429 436 428 438 454 435 438 430 436 437 435 428
   440 436 425 423 431 430 444 434 437 422 444 443 435 433 431 433 434
   434 432 433 436 433 436 418 433 421 435]]]
stable
 
 err: 
done running mariposa 18.8
Bisecting: 32 revisions left to test after this (roughly 5 steps)
[b4290d4b3d7c021965e9ce7ee636caac0f9cac74] python regression
running python3 /home/yizhou7/mariposa/scripts/z3-bisect.py /home/yizhou7/mariposa/data/bisect_tasks/d_lvbkv_z3_clean--lib-Buckets-PackedKV.i.dfy.Impl__PackedKV.__default.SplitRight.txt
building z3
done building z3 3.1
running mariposa
res: 1 
 out: [[[    2     2     2     2     2     2     2     2     2     2     2
       2     2     2     2     2     2     2     2     2     2     2
       2     2     2     2     2     2     2     2     2     2     2
       2     2     2     2     2     2     2     2     2     2     2
       2     2     2     2     2     2     2     2     2     2     2
       2     2     2     2     2     2]
  [  321   458   454   446   488   494   489   488   482   479   480
     486   478   479   481   477   486   482   481   480   485   480
     483   483   478   482   470   469   483   476   468   472   465
     479   471   469   474   477   473   472   475   476   475   471
     473   481   475   470   470   479   473   472   474   478   473
     472   474   479   468   469   459]]

 [[    2     2     2     2     2     2     2     2     2     2     2
       2     2     2     2     2     2     2     2     2     2     2
       2     2     3     2     3     2     2     2     2     2     2
       2     2     2     2     2     2     2     2     2     2     2
       2     2     2     2     2     2     3     3     2     3     2
       2     3     3     3     3     3]
  [  321   542   731   569   697   630   657   552   643   723   635
     740   514   541   485   487   519   506   604   511   674   572
     719   582 60033   718 60033   608   559   551   644   579   599
     548   624   559   581   580   592   632   678   589   584   563
     657   719   577   633   527   581 60037 60026   541 60033   469
     496 60036 60033 60025 60032 60040]]

 [[    2     2     2     2     2     2     2     2     2     2     2
       2     2     3     3     3     3     3     2     2     2     2
       2     2     2     2     2     3     2     2     3     2     2
       2     2     2     2     3     3     3     3     2     3     2
       3     2     3     2     2     2     2     2     2     2     2
       2     3     3     3     3     3]
  [  321   466   505   508   567   544   467   521   596   586   670
     700   684 60028 60020 60014 60019 60024   571   577   571   603
     626   687   605   620   562 60028   584   631 60018   762   638
     602   598   629   676 60032 60023 60026 60029   684 60027   711
   60029   699 60025   695   673   727   673   637   719   670   696
     731 60033 60029 60031 60028 60029]]]
unstable
 
 err: 
done running mariposa 306.6
Bisecting: 16 revisions left to test after this (roughly 4 steps)
[0f7ff2a3d016ce6cc0dcc2654a6aa0187bc55192] swap
running python3 /home/yizhou7/mariposa/scripts/z3-bisect.py /home/yizhou7/mariposa/data/bisect_tasks/d_lvbkv_z3_clean--lib-Buckets-PackedKV.i.dfy.Impl__PackedKV.__default.SplitRight.txt
building z3
done building z3 3.1
running mariposa
res: 0 
 out: [[[  2   2   2   2   2   2   2   2   2   2   2   2   2   2   2   2   2
     2   2   2   2   2   2   2   2   2   2   2   2   2   2   2   2   2
     2   2   2   2   2   2   2   2   2   2   2   2   2   2   2   2   2
     2   2   2   2   2   2   2   2   2   2]
  [355 433 443 444 443 443 440 432 440 444 444 442 442 438 427 439 442
   441 446 439 441 428 436 441 440 448 440 441 423 440 440 439 448 442
   443 428 441 438 438 448 442 443 426 444 439 451 441 440 442 424 439
   438 441 447 440 444 415 417 421 416 407]]

 [[  2   2   2   2   2   2   2   2   2   2   2   2   2   2   2   2   2
     2   2   2   2   2   2   2   2   2   2   2   2   2   2   2   2   2
     2   2   2   2   2   2   2   2   2   2   2   2   2   2   2   2   2
     2   2   2   2   2   2   2   2   2   2]
  [355 440 440 440 434 436 437 444 438 443 439 434 439 439 435 435 439
   439 441 445 439 436 438 441 441 436 438 447 445 448 440 439 432 431
   437 440 438 441 438 428 441 437 435 444 443 440 429 435 437 438 436
   439 439 430 434 442 439 439 435 441 441]]

 [[  2   2   2   2   2   2   2   2   2   2   2   2   2   2   2   2   2
     2   2   2   2   2   2   2   2   2   2   2   2   2   2   2   2   2
     2   2   2   2   2   2   2   2   2   2   2   2   2   2   2   2   2
     2   2   2   2   2   2   2   2   2   2]
  [355 471 494 465 492 495 494 497 461 494 497 519 471 496 492 463 469
   462 492 496 499 497 481 492 467 485 497 487 489 486 492 504 496 467
   464 501 498 491 463 467 495 495 492 491 470 498 472 494 495 497 500
   502 533 499 466 494 497 450 474 476 493]]]
stable
 
 err: 
done running mariposa 20.2
Bisecting: 7 revisions left to test after this (roughly 3 steps)
[89e8a1392c992a6c37b8c5320b9e4b9b506bd4a1] na
running python3 /home/yizhou7/mariposa/scripts/z3-bisect.py /home/yizhou7/mariposa/data/bisect_tasks/d_lvbkv_z3_clean--lib-Buckets-PackedKV.i.dfy.Impl__PackedKV.__default.SplitRight.txt
building z3
done building z3 3.1
running mariposa
res: 1 
 out: [[[    2     2     2     2     2     2     2     2     2     2     2
       2     2     2     2     2     2     2     2     2     2     2
       2     2     2     2     2     2     2     2     2     2     2
       2     2     2     2     2     2     2     2     2     2     2
       2     2     2     2     2     2     2     2     2     2     2
       2     2     2     2     2     2]
  [  324   456   454   453   499   506   496   492   489   485   489
     491   487   488   487   485   490   491   486   488   493   490
     495   494   488   492   480   473   476   483   483   482   479
     484   480   479   480   479   480   483   481   480   482   481
     483   488   479   477   480   483   478   474   480   484   482
     483   478   481   476   475   463]]

 [[    2     2     2     2     2     2     2     2     2     2     2
       2     2     2     2     2     2     2     2     2     2     2
       2     2     3     2     3     2     2     2     2     2     2
       2     2     2     2     2     2     2     2     2     2     2
       2     2     2     2     2     2     3     3     2     3     2
       2     3     3     3     3     3]
  [  324   733   551   587   707   641   660   556   645   736   629
     737   516   535   487   488   522   512   606   513   686   573
     723   585 60032   698 60033   535   583   553   637   588   593
     559   635   603   588   604   591   658   712   631   627   591
     691   723   576   633   596   617 60040 60026   546 60030   466
     500 60038 60035 60029 60031 60038]]

 [[    2     2     2     2     2     2     2     2     2     2     2
       2     2     3     3     3     3     3     2     2     2     2
       2     2     2     2     2     2     3     2     3     2     2
       2     2     2     2     3     3     3     3     2     3     2
       3     2     3     2     2     2     2     2     2     2     2
       2     3     3     3     3     3]
  [  324   498   507   472   543   567   521   466   597   576   675
     695   689 60030 60022 60015 60020 60024   567   577   565   619
     599   688   571   622   563   589 60029   645 60017   772   649
     633   609   634   687 60031 60028 60024 60026   683 60025   729
   60030   700 60024   693   668   742   670   630   712   657   697
     728 60037 60031 60030 60025 60032]]]
unstable
 
 err: 
done running mariposa 306.6
Bisecting: 4 revisions left to test after this (roughly 2 steps)
[1827f98851e1866187abe743afd2d80bc786412f] more fixes for mutexes in shell
running python3 /home/yizhou7/mariposa/scripts/z3-bisect.py /home/yizhou7/mariposa/data/bisect_tasks/d_lvbkv_z3_clean--lib-Buckets-PackedKV.i.dfy.Impl__PackedKV.__default.SplitRight.txt
building z3
done building z3 3.0
running mariposa
res: 0 
 out: [[[  2   2   2   2   2   2   2   2   2   2   2   2   2   2   2   2   2
     2   2   2   2   2   2   2   2   2   2   2   2   2   2   2   2   2
     2   2   2   2   2   2   2   2   2   2   2   2   2   2   2   2   2
     2   2   2   2   2   2   2   2   2   2]
  [357 432 434 447 444 447 441 430 431 440 443 443 446 446 435 431 439
   443 443 445 442 433 428 441 443 443 445 443 429 427 442 442 442 442
   448 427 430 442 446 442 450 442 428 429 443 440 444 447 443 428 431
   442 442 444 449 447 417 415 412 411 411]]

 [[  2   2   2   2   2   2   2   2   2   2   2   2   2   2   2   2   2
     2   2   2   2   2   2   2   2   2   2   2   2   2   2   2   2   2
     2   2   2   2   2   2   2   2   2   2   2   2   2   2   2   2   2
     2   2   2   2   2   2   2   2   2   2]
  [357 436 437 439 439 438 439 438 436 436 443 436 439 443 435 434 440
   440 441 445 438 442 438 438 435 438 444 439 448 437 442 436 433 432
   438 440 436 434 432 427 442 438 443 441 438 438 433 437 434 445 436
   438 437 432 434 438 441 439 434 441 439]]

 [[  2   2   2   2   2   2   2   2   2   2   2   2   2   2   2   2   2
     2   2   2   2   2   2   2   2   2   2   2   2   2   2   2   2   2
     2   2   2   2   2   2   2   2   2   2   2   2   2   2   2   2   2
     2   2   2   2   2   2   2   2   2   2]
  [357 458 461 485 494 499 500 497 484 485 468 490 465 495 491 455 472
   492 465 489 498 494 488 484 459 487 481 489 490 488 485 493 461 462
   491 492 490 492 489 460 492 466 486 488 493 470 470 502 492 494 496
   532 496 499 462 494 496 452 475 485 475]]]
stable
 
 err: 
done running mariposa 20.1
Bisecting: 1 revision left to test after this (roughly 1 step)
[5177cc4a9a58df192c6a844ca13abf7e7cd3be15] change lt
running python3 /home/yizhou7/mariposa/scripts/z3-bisect.py /home/yizhou7/mariposa/data/bisect_tasks/d_lvbkv_z3_clean--lib-Buckets-PackedKV.i.dfy.Impl__PackedKV.__default.SplitRight.txt
building z3
done building z3 3.1
running mariposa
res: 1 
 out: [[[    2     2     2     2     2     2     2     2     2     2     2
       2     2     2     2     2     2     2     2     2     2     2
       2     2     2     2     2     2     2     2     2     2     2
       2     2     2     2     2     2     2     2     2     2     2
       2     2     2     2     2     2     2     2     2     2     2
       2     2     2     2     2     2]
  [  324   455   455   449   490   499   492   489   485   483   485
     487   484   482   480   482   484   489   483   485   487   487
     487   487   481   486   481   477   476   481   471   479   473
     478   474   478   477   475   474   479   478   478   478   481
     476   481   475   478   471   484   475   474   476   478   478
     477   471   477   474   472   466]]

 [[    2     2     2     2     2     2     2     2     2     2     2
       2     2     2     2     2     2     2     2     2     2     2
       2     2     3     2     3     2     2     2     2     2     2
       2     2     2     2     2     2     2     2     2     2     2
       2     2     2     2     2     2     3     3     2     3     2
       2     3     3     3     3     3]
  [  324   546   734   573   693   634   657   554   644   728   626
     745   516   538   488   487   520   509   604   511   671   576
     727   596 60034   710 60032   608   559   560   655   581   590
     540   616   580   560   604   586   659   706   610   598   567
     651   564   697   574   542   602 60038 60025   549 60031   465
     497 60035 60033 60027 60031 60041]]

 [[    2     2     2     2     2     2     2     2     2     2     2
       2     2     3     3     3     3     3     2     2     2     2
       2     2     2     2     2     2     3     2     2     3     2
       2     2     2     2     3     3     3     3     2     3     2
       3     3     2     2     2     2     2     2     2     2     2
       2     3     3     3     3     3]
  [  324   470   510   502   541   571   532   465   599   586   670
     692   685 60029 60022 60014 60021 60022   574   584   564   616
     602   696   582   614   573   581 60029   636   763 60018   635
     605   599   640   679 60027 60027 60026 60029   687 60027   722
   60033 60027   702   704   664   733   678   625   702   664   695
     724 60034 60029 60033 60030 60030]]]
unstable
 
 err: 
done running mariposa 306.6
Bisecting: 0 revisions left to test after this (roughly 1 step)
[7c9d2e0d75757ed6aa535f72c7dec70d5a527fed] pydoc test
running python3 /home/yizhou7/mariposa/scripts/z3-bisect.py /home/yizhou7/mariposa/data/bisect_tasks/d_lvbkv_z3_clean--lib-Buckets-PackedKV.i.dfy.Impl__PackedKV.__default.SplitRight.txt
building z3
done building z3 3.0
running mariposa
res: 0 
 out: [[[  2   2   2   2   2   2   2   2   2   2   2   2   2   2   2   2   2
     2   2   2   2   2   2   2   2   2   2   2   2   2   2   2   2   2
     2   2   2   2   2   2   2   2   2   2   2   2   2   2   2   2   2
     2   2   2   2   2   2   2   2   2   2]
  [352 435 438 436 438 440 436 434 440 437 436 436 445 442 440 441 436
   436 436 436 438 435 440 440 438 441 438 438 436 439 435 435 443 439
   439 432 439 437 435 441 440 438 432 439 440 434 438 441 445 434 434
   444 438 437 436 445 420 423 421 424 400]]

 [[  2   2   2   2   2   2   2   2   2   2   2   2   2   2   2   2   2
     2   2   2   2   2   2   2   2   2   2   2   2   2   2   2   2   2
     2   2   2   2   2   2   2   2   2   2   2   2   2   2   2   2   2
     2   2   2   2   2   2   2   2   2   2]
  [352 436 436 440 430 433 432 433 436 440 438 428 436 434 431 436 444
   436 431 442 434 432 437 436 436 428 436 436 446 437 441 437 430 431
   432 435 436 435 435 426 431 441 435 435 439 437 433 434 432 437 432
   436 437 429 436 437 434 437 432 440 433]]

 [[  2   2   2   2   2   2   2   2   2   2   2   2   2   2   2   2   2
     2   2   2   2   2   2   2   2   2   2   2   2   2   2   2   2   2
     2   2   2   2   2   2   2   2   2   2   2   2   2   2   2   2   2
     2   2   2   2   2   2   2   2   2   2]
  [352 460 460 492 491 495 500 497 489 461 495 496 494 471 493 456 469
   460 489 496 492 488 470 490 459 484 478 498 492 472 488 494 494 463
   463 495 477 488 488 463 492 463 488 469 494 477 468 493 492 490 501
   490 496 463 494 503 490 457 447 480 472]]]
stable
 
 err: 
done running mariposa 20.1
5177cc4a9a58df192c6a844ca13abf7e7cd3be15 is the first bad commit
commit 5177cc4a9a58df192c6a844ca13abf7e7cd3be15
Author: Nikolaj Bjorner <nbjorner@microsoft.com>
Date:   Fri Jun 21 09:08:20 2019 +0200

    change lt
    
    Signed-off-by: Nikolaj Bjorner <nbjorner@microsoft.com>

 src/ast/ast_lt.h                   | 4 ++++
 src/ast/rewriter/bool_rewriter.cpp | 6 ++++--
 2 files changed, 8 insertions(+), 2 deletions(-)
bisect run success
git bisect start
# good: [e79542cc689d52ec4cb34ce4ae3fbe56e7a0bf70] fix #2309
git bisect good e79542cc689d52ec4cb34ce4ae3fbe56e7a0bf70
# bad: [ad55a1f1c617a7f0c3dd735c0780fc758424c7f1] Update release.yml for Azure Pipelines
git bisect bad ad55a1f1c617a7f0c3dd735c0780fc758424c7f1
# skip: [e2702f3ae88f5c48a55f4473bb5c29184c182634] fixes in assigning constraints to intervals
git bisect skip e2702f3ae88f5c48a55f4473bb5c29184c182634
# skip: [1915812f84cf41a5f232eedf2a695a54d055aa88] add a test for intervals
git bisect skip 1915812f84cf41a5f232eedf2a695a54d055aa88
# bad: [8faf35e2e0c8fce99794e71bd3b5de74b95ceb5a] fix #3735
git bisect bad 8faf35e2e0c8fce99794e71bd3b5de74b95ceb5a
# skip: [d1a5635b4ad7f8632356b380f3a9b1fc83fdb04f] better model based lemmaas
git bisect skip d1a5635b4ad7f8632356b380f3a9b1fc83fdb04f
# skip: [0a86bd14f792ef5fadb8eeb346729a612f7e1588] start on test nla
git bisect skip 0a86bd14f792ef5fadb8eeb346729a612f7e1588
# bad: [f7747d9e76bd685a02ce5c5fbda91fc356856b5e] fix parameter collection for tactic-based solvers reported in #3065
git bisect bad f7747d9e76bd685a02ce5c5fbda91fc356856b5e
# skip: [0644194fc96a853df44c37f9e4522796aa40add8] work on lemma from product to factors, and some renaming
git bisect skip 0644194fc96a853df44c37f9e4522796aa40add8
# bad: [0321312c8db1d3f0edbd23e6e48884fbb7d77d1d] Changed to get_const_interp to match Java and C# bindings
git bisect bad 0321312c8db1d3f0edbd23e6e48884fbb7d77d1d
# bad: [6e637348826f0725ba8a01c455448023ca2889e4] Merge pull request #2368 from waywardmonkeys/fix-typo
git bisect bad 6e637348826f0725ba8a01c455448023ca2889e4
# good: [9b4f327e29de8eadd112e53af5a8fb9f430fabf7] set upload mode to replace
git bisect good 9b4f327e29de8eadd112e53af5a8fb9f430fabf7
# good: [42ac3a536369a7d4a7eafa1fa15b571b146ba594] merge with csp
git bisect good 42ac3a536369a7d4a7eafa1fa15b571b146ba594
# bad: [b4290d4b3d7c021965e9ce7ee636caac0f9cac74] python regression
git bisect bad b4290d4b3d7c021965e9ce7ee636caac0f9cac74
# good: [0f7ff2a3d016ce6cc0dcc2654a6aa0187bc55192] swap
git bisect good 0f7ff2a3d016ce6cc0dcc2654a6aa0187bc55192
# bad: [89e8a1392c992a6c37b8c5320b9e4b9b506bd4a1] na
git bisect bad 89e8a1392c992a6c37b8c5320b9e4b9b506bd4a1
# good: [1827f98851e1866187abe743afd2d80bc786412f] more fixes for mutexes in shell
git bisect good 1827f98851e1866187abe743afd2d80bc786412f
# bad: [5177cc4a9a58df192c6a844ca13abf7e7cd3be15] change lt
git bisect bad 5177cc4a9a58df192c6a844ca13abf7e7cd3be15
# good: [7c9d2e0d75757ed6aa535f72c7dec70d5a527fed] pydoc test
git bisect good 7c9d2e0d75757ed6aa535f72c7dec70d5a527fed
# first bad commit: [5177cc4a9a58df192c6a844ca13abf7e7cd3be15] change lt
