running python3 /home/yizhou7/mariposa/scripts/z3-bisect.py /home/yizhou7/mariposa/data/bisect_tasks/d_lvbkv_z3_clean--Betree-Betree_Refines_Map.i.dfy.Impl__Betree__Refines__Map.__default.GCStepRefinesMap.txt
building z3
Bisecting: 1453 revisions left to test after this (roughly 11 steps)
[1915812f84cf41a5f232eedf2a695a54d055aa88] add a test for intervals
running python3 /home/yizhou7/mariposa/scripts/z3-bisect.py /home/yizhou7/mariposa/data/bisect_tasks/d_lvbkv_z3_clean--Betree-Betree_Refines_Map.i.dfy.Impl__Betree__Refines__Map.__default.GCStepRefinesMap.txt
building z3
Bisecting: 1453 revisions left to test after this (roughly 11 steps)
[8faf35e2e0c8fce99794e71bd3b5de74b95ceb5a] fix #3735
running python3 /home/yizhou7/mariposa/scripts/z3-bisect.py /home/yizhou7/mariposa/data/bisect_tasks/d_lvbkv_z3_clean--Betree-Betree_Refines_Map.i.dfy.Impl__Betree__Refines__Map.__default.GCStepRefinesMap.txt
building z3
done building z3 3.2
running mariposa
res: 1 
 out: [[[    3     3     3     3     3     3     3     3     3     3     3
       3     3     3     3     3     3     3     3     3     3     3
       3     3     3     3     3     3     3     3     3     3     3
       3     3     3     3     3     3     3     3     3     3     3
       3     3     3     3     3     3     3     3     3     3     3
       3     3     3     3     3     3]
  [60014 60017 60019 60020 60019 60018 60018 60019 60018 60017 60018
   60020 60018 60019 60018 60019 60018 60018 60019 60018 60019 60020
   60017 60019 60018 60019 60018 60017 60018 60018 60019 60020 60019
   60019 60018 60019 60018 60018 60019 60019 60019 60017 60019 60019
   60018 60019 60019 60018 60017 60018 60017 60016 60019 60018 60020
   60017 60018 60017 60017 60017 60018]]

 [[    3     2     3     3     3     3     3     3     3     3     3
       3     3     3     3     3     3     3     3     3     3     3
       2     3     3     3     3     3     3     2     3     3     3
       3     3     3     3     3     3     3     3     2     3     3
       3     3     3     3     3     2     3     3     2     3     2
       3     3     3     3     3     3]
  [60014   369 60018 60020 60019 60019 60019 60018 60015 60019 60018
   60016 60017 60019 60020 60015 60021 60020 60019 60015 60018 60019
     361 60016 60019 60019 60018 60018 60020   364 60019 60017 60018
   60016 60016 60018 60016 60017 60016 60018 60017   383 60016 60017
   60019 60018 60018 60019 60018   375 60019 60021   375 60018 55917
   60019 60019 60016 60020 60021 60016]]

 [[    3     2     2     2     2     2     2     2     3     3     3
       3     3     2     2     2     2     2     2     2     2     2
       3     2     2     2     2     3     3     2     3     2     2
       3     2     2     2     2     2     2     3     3     3     3
       3     3     3     2     3     3     2     3     3     3     3
       3     3     3     3     3     3]
  [60014   369   391   392   414   454 47824 53013 60013 60017 60018
   60017 60020   459   502   475   469   471   523   451 47134   434
   60019   459   491 57335   416 60018 60016   461 60018   435   440
   60020   475   496   423   441 45417   475 60018 60019 60022 60019
   60020 60017 60019 45178 60018 60019   408 60018 60020 60016 60021
   60020 60020 60019 60018 60020 60018]]]
unstable
 
 err: 
done running mariposa 1374.2
Bisecting: 1254 revisions left to test after this (roughly 10 steps)
[d1a5635b4ad7f8632356b380f3a9b1fc83fdb04f] better model based lemmaas
running python3 /home/yizhou7/mariposa/scripts/z3-bisect.py /home/yizhou7/mariposa/data/bisect_tasks/d_lvbkv_z3_clean--Betree-Betree_Refines_Map.i.dfy.Impl__Betree__Refines__Map.__default.GCStepRefinesMap.txt
building z3
Bisecting: 1254 revisions left to test after this (roughly 10 steps)
[0a86bd14f792ef5fadb8eeb346729a612f7e1588] start on test nla
running python3 /home/yizhou7/mariposa/scripts/z3-bisect.py /home/yizhou7/mariposa/data/bisect_tasks/d_lvbkv_z3_clean--Betree-Betree_Refines_Map.i.dfy.Impl__Betree__Refines__Map.__default.GCStepRefinesMap.txt
building z3
Bisecting: 1254 revisions left to test after this (roughly 10 steps)
[f7747d9e76bd685a02ce5c5fbda91fc356856b5e] fix parameter collection for tactic-based solvers reported in #3065
running python3 /home/yizhou7/mariposa/scripts/z3-bisect.py /home/yizhou7/mariposa/data/bisect_tasks/d_lvbkv_z3_clean--Betree-Betree_Refines_Map.i.dfy.Impl__Betree__Refines__Map.__default.GCStepRefinesMap.txt
building z3
done building z3 3.2
running mariposa
res: 1 
 out: [[[    3     3     3     3     3     3     3     3     3     3     3
       3     3     3     3     3     3     3     3     3     3     3
       3     3     3     3     3     3     3     3     3     3     3
       3     3     3     3     3     3     3     3     3     3     3
       3     3     3     3     3     3     3     3     3     3     3
       3     3     3     3     3     3]
  [60014 60019 60017 60018 60019 60020 60016 60020 60018 60018 60020
   60019 60019 60017 60019 60018 60020 60020 60018 60019 60017 60020
   60018 60018 60018 60018 60019 60017 60018 60018 60019 60019 60018
   60018 60017 60019 60018 60019 60018 60018 60017 60016 60018 60018
   60019 60019 60018 60019 60017 60017 60016 60020 60019 60020 60019
   60016 60018 60017 60017 60017 60020]]

 [[    3     2     3     3     3     3     3     3     3     3     3
       3     3     3     3     3     3     3     3     3     3     3
       2     3     3     3     3     3     3     2     3     3     3
       3     3     3     3     3     3     3     3     2     3     3
       3     3     3     3     3     2     3     3     2     3     3
       3     3     2     3     3     3]
  [60014   368 60019 60019 60018 60018 60019 60018 60016 60019 60018
   60018 60019 60019 60016 60015 60019 60019 60020 60018 60019 60017
     364 60016 60019 60020 60019 60020 60020   365 60017 60015 60017
   60020 60017 60019 60016 60017 60017 60016 60019   380 60018 60018
   60018 60017 60018 60018 60019   373 60019 60018   362 60019 60018
   60020 60017 51702 60017 60018 60018]]

 [[    3     2     2     2     2     2     2     2     3     3     3
       3     2     3     2     2     2     2     2     2     2     2
       2     2     2     3     2     3     3     2     3     2     2
       3     2     2     2     2     3     2     3     2     3     3
       3     3     2     3     3     3     3     2     2     3     3
       3     2     3     3     3     3]
  [60014   367   393   401   403   448 52113 58955 60017 60017 60019
   60017   452 60019   495   478   449   449   515   458 41457   433
   51623   463   498 60019   404 60019 60018   465 60018   433   443
   60019   477   490   437   448 60021   464 60021 52199 60019 60019
   60020 60015 39402 60018 60019 60018 60016   397 50989 60016 60019
   60019 51278 60020 60018 60018 60016]]]
unstable
 
 err: 
done running mariposa 1371.2
Bisecting: 1034 revisions left to test after this (roughly 10 steps)
[0644194fc96a853df44c37f9e4522796aa40add8] work on lemma from product to factors, and some renaming
running python3 /home/yizhou7/mariposa/scripts/z3-bisect.py /home/yizhou7/mariposa/data/bisect_tasks/d_lvbkv_z3_clean--Betree-Betree_Refines_Map.i.dfy.Impl__Betree__Refines__Map.__default.GCStepRefinesMap.txt
building z3
Bisecting: 1034 revisions left to test after this (roughly 10 steps)
[0321312c8db1d3f0edbd23e6e48884fbb7d77d1d] Changed to get_const_interp to match Java and C# bindings
running python3 /home/yizhou7/mariposa/scripts/z3-bisect.py /home/yizhou7/mariposa/data/bisect_tasks/d_lvbkv_z3_clean--Betree-Betree_Refines_Map.i.dfy.Impl__Betree__Refines__Map.__default.GCStepRefinesMap.txt
building z3
done building z3 3.1
running mariposa
res: 1 
 out: [[[    3     3     3     3     3     3     3     3     3     3     3
       3     3     3     3     3     3     3     3     3     3     3
       3     3     3     3     3     3     3     3     3     3     3
       3     3     3     3     3     3     3     3     3     3     3
       3     3     3     3     3     3     3     3     3     3     3
       3     3     3     3     3     3]
  [60014 60019 60020 60020 60020 60019 60019 60019 60019 60020 60019
   60019 60020 60019 60019 60020 60018 60020 60020 60018 60017 60019
   60020 60020 60020 60019 60017 60018 60020 60019 60019 60021 60020
   60019 60018 60018 60021 60019 60019 60017 60019 60017 60019 60021
   60020 60019 60020 60018 60017 60019 60021 60020 60019 60020 60018
   60018 60020 60019 60019 60018 60017]]

 [[    3     3     2     3     3     3     3     3     3     3     3
       3     3     3     3     3     2     3     3     3     2     3
       3     3     3     3     3     3     3     2     3     3     3
       3     3     3     3     3     3     3     3     3     2     3
       3     3     3     3     3     3     3     3     3     2     3
       2     3     3     3     3     3]
  [60014 60020   355 60021 60016 60018 60020 60019 60019 60019 60019
   60020 60020 60019 60019 60018 44425 60020 60018 60019   346 60020
   60021 60020 60017 60022 60017 60019 60016 54685 60017 60018 60019
   60017 60018 60018 60018 60019 60018 60017 60019 60016 55795 60017
   60018 60017 60020 60017 60017 60018 60018 60019 60019 43871 60018
   53873 60018 60018 60019 60021 60020]]

 [[    3     2     2     2     2     2     2     2     2     3     3
       3     3     2     2     3     2     2     2     2     3     3
       2     2     2     3     3     3     2     2     3     2     2
       3     2     2     2     2     2     3     3     2     3     3
       3     2     3     2     2     3     2     2     3     3     2
       3     3     3     3     3     3]
  [60014   333   377   339   351   401 37423 40200   384 60017 60017
   60019 60016   420   423 60019   371   411   368   374 60020 60020
   49854   408 58142 60019 60020 60021   416   400 60020 47719   408
   60019 46363   451   418   403 53577 60020 60019 40783 60018 60017
   60020   450 60017   422   386 60019   401   380 60018 60019   613
   60020 60018 60017 60018 60017 60018]]]
unstable
 
 err: 
done running mariposa 1383.3
Bisecting: 261 revisions left to test after this (roughly 8 steps)
[6e637348826f0725ba8a01c455448023ca2889e4] Merge pull request #2368 from waywardmonkeys/fix-typo
running python3 /home/yizhou7/mariposa/scripts/z3-bisect.py /home/yizhou7/mariposa/data/bisect_tasks/d_lvbkv_z3_clean--Betree-Betree_Refines_Map.i.dfy.Impl__Betree__Refines__Map.__default.GCStepRefinesMap.txt
building z3
done building z3 3.1
running mariposa
res: 1 
 out: [[[    3     3     3     3     3     3     3     3     3     3     3
       3     3     3     3     3     3     3     3     3     3     3
       3     3     3     3     3     3     3     3     3     3     3
       3     3     3     3     3     3     3     3     3     3     3
       3     3     3     3     3     3     3     3     3     3     3
       3     3     3     3     3     3]
  [60013 60018 60018 60018 60017 60016 60019 60017 60017 60019 60018
   60016 60016 60018 60020 60019 60018 60018 60018 60018 60018 60017
   60018 60017 60018 60017 60018 60020 60018 60017 60017 60017 60017
   60017 60019 60019 60017 60018 60018 60016 60018 60018 60017 60019
   60019 60018 60016 60017 60020 60019 60019 60019 60019 60019 60016
   60020 60017 60017 60017 60017 60016]]

 [[    3     3     3     3     3     3     3     2     2     3     3
       3     3     3     3     3     3     3     3     3     3     3
       3     2     3     3     3     2     3     3     3     3     3
       3     3     3     3     3     3     2     2     3     3     3
       3     3     3     3     3     3     3     3     2     3     3
       2     3     3     3     3     3]
  [60013 60020 60019 60017 60016 60017 60015   344   336 60019 60016
   60016 60018 60015 60016 60017 60018 60019 60015 60016 60017 60015
   60017   340 60017 60017 60018 56271 60017 60017 60016 60016 60019
   60016 60019 60016 60018 60019 60018 57003 58453 60018 60017 60017
   60017 60018 60019 60018 60018 60017 60017 60016 50382 60018 60018
   48538 60017 60016 60017 60017 60019]]

 [[    3     2     2     2     2     2     2     2     3     3     3
       3     3     3     2     2     3     2     2     2     3     3
       3     2     3     2     2     2     3     2     3     2     3
       3     3     2     2     2     2     2     2     2     3     2
       2     3     2     2     3     3     3     2     2     2     3
       2     3     3     3     3     3]
  [60013   333   339   344   339   380   343 42434 60016 60016 60017
   60016 60018 60018   458   432 60019 54135   458   399 60019 60019
   60019 59993 60016   387   372 42737 60019   381 60016   380 60017
   60017 60017 59428   417   409   393   360 49144 38272 60019   385
     369 60020   585   420 60017 60017 60015   357 43833   371 60019
   56789 60020 60017 60018 60017 60018]]]
unstable
 
 err: 
done running mariposa 1389.2
Bisecting: 130 revisions left to test after this (roughly 7 steps)
[9b4f327e29de8eadd112e53af5a8fb9f430fabf7] set upload mode to replace
running python3 /home/yizhou7/mariposa/scripts/z3-bisect.py /home/yizhou7/mariposa/data/bisect_tasks/d_lvbkv_z3_clean--Betree-Betree_Refines_Map.i.dfy.Impl__Betree__Refines__Map.__default.GCStepRefinesMap.txt
building z3
done building z3 3.0
running mariposa
res: 0 
 out: [[[  2   2   2   2   2   2   2   2   2   2   2   2   2   2   2   2   2
     2   2   2   2   2   2   2   2   2   2   2   2   2   2   2   2   2
     2   2   2   2   2   2   2   2   2   2   2   2   2   2   2   2   2
     2   2   2   2   2   2   2   2   2   2]
  [251 298 302 296 295 299 302 297 298 299 299 296 300 299 299 300 301
   298 294 300 299 298 298 301 299 295 304 298 295 298 298 299 294 303
   298 297 298 302 297 296 302 300 297 297 297 296 297 301 301 295 300
   297 295 297 300 300 291 290 288 291 278]]

 [[  2   2   2   2   2   2   2   2   2   2   2   2   2   2   2   2   2
     2   2   2   2   2   2   2   2   2   2   2   2   2   2   2   2   2
     2   2   2   2   2   2   2   2   2   2   2   2   2   2   2   2   2
     2   2   2   2   2   2   2   2   2   2]
  [251 303 305 303 303 303 302 302 302 305 306 304 304 302 302 302 304
   306 304 306 304 301 302 306 304 302 303 306 304 304 305 303 304 305
   303 301 303 306 306 304 305 303 302 300 306 304 305 304 304 301 302
   305 306 304 303 304 301 303 308 306 306]]

 [[  2   2   2   2   2   2   2   2   2   2   2   2   2   2   2   2   2
     2   2   2   2   2   2   2   2   2   2   2   2   2   2   2   2   2
     2   2   2   2   2   2   2   2   2   2   2   2   2   2   2   2   2
     2   2   2   2   2   2   2   2   2   2]
  [251 336 334 329 333 331 387 387 326 327 330 373 328 332 387 389 337
   396 343 393 394 388 333 336 333 330 332 390 385 328 329 330 383 333
   386 387 327 330 330 325 387 388 396 328 331 382 383 393 390 390 334
   390 333 385 333 331 334 347 328 380 383]]]
stable
 
 err: 
done running mariposa 15.5
Bisecting: 65 revisions left to test after this (roughly 6 steps)
[42ac3a536369a7d4a7eafa1fa15b571b146ba594] merge with csp
running python3 /home/yizhou7/mariposa/scripts/z3-bisect.py /home/yizhou7/mariposa/data/bisect_tasks/d_lvbkv_z3_clean--Betree-Betree_Refines_Map.i.dfy.Impl__Betree__Refines__Map.__default.GCStepRefinesMap.txt
building z3
done building z3 3.0
running mariposa
res: 0 
 out: [[[  2   2   2   2   2   2   2   2   2   2   2   2   2   2   2   2   2
     2   2   2   2   2   2   2   2   2   2   2   2   2   2   2   2   2
     2   2   2   2   2   2   2   2   2   2   2   2   2   2   2   2   2
     2   2   2   2   2   2   2   2   2   2]
  [251 301 300 299 297 302 300 300 298 298 298 298 302 304 299 298 297
   295 296 303 300 302 302 298 295 295 299 301 299 300 297 297 297 301
   300 301 301 299 296 299 300 300 299 301 297 296 299 300 298 299 307
   300 297 297 300 301 291 291 288 285 278]]

 [[  2   2   2   2   2   2   2   2   2   2   2   2   2   2   2   2   2
     2   2   2   2   2   2   2   2   2   2   2   2   2   2   2   2   2
     2   2   2   2   2   2   2   2   2   2   2   2   2   2   2   2   2
     2   2   2   2   2   2   2   2   2   2]
  [251 305 307 308 303 303 301 303 304 309 305 303 305 306 303 306 303
   307 305 309 303 303 303 305 304 303 303 304 308 303 304 316 303 303
   304 302 303 307 308 305 305 305 304 302 304 303 306 303 304 306 309
   310 305 302 307 302 304 307 304 307 305]]

 [[  2   2   2   2   2   2   2   2   2   2   2   2   2   2   2   2   2
     2   2   2   2   2   2   2   2   2   2   2   2   2   2   2   2   2
     2   2   2   2   2   2   2   2   2   2   2   2   2   2   2   2   2
     2   2   2   2   2   2   2   2   2   2]
  [251 331 334 329 337 332 384 388 368 330 331 332 330 384 330 389 336
   394 395 339 394 391 335 336 334 329 329 389 391 331 335 334 388 333
   387 389 328 331 332 326 383 395 393 327 327 386 384 392 391 392 346
   388 330 390 331 335 333 330 329 382 385]]]
stable
 
 err: 
done running mariposa 15.5
Bisecting: 32 revisions left to test after this (roughly 5 steps)
[b4290d4b3d7c021965e9ce7ee636caac0f9cac74] python regression
running python3 /home/yizhou7/mariposa/scripts/z3-bisect.py /home/yizhou7/mariposa/data/bisect_tasks/d_lvbkv_z3_clean--Betree-Betree_Refines_Map.i.dfy.Impl__Betree__Refines__Map.__default.GCStepRefinesMap.txt
building z3
done building z3 3.0
running mariposa
res: 1 
 out: [[[    3     3     3     3     3     3     3     3     3     3     3
       3     3     3     3     3     3     3     3     3     3     3
       3     3     3     3     3     3     3     3     3     3     3
       3     3     3     3     3     3     3     3     3     3     3
       3     3     3     3     3     3     3     3     3     3     3
       3     3     3     3     3     3]
  [60013 60018 60018 60019 60019 60016 60016 60019 60019 60018 60020
   60018 60018 60018 60018 60018 60016 60020 60018 60016 60018 60018
   60018 60017 60018 60018 60016 60018 60019 60018 60017 60018 60018
   60016 60018 60017 60017 60017 60020 60019 60017 60018 60019 60016
   60016 60019 60019 60016 60018 60019 60016 60017 60020 60017 60018
   60016 60017 60017 60015 60018 60015]]

 [[    3     3     3     3     3     3     3     3     3     3     3
       3     3     3     3     3     3     3     3     3     3     3
       3     3     3     3     3     3     3     3     3     3     3
       3     3     3     3     3     3     3     3     3     3     3
       3     3     3     3     3     3     3     3     3     3     3
       3     3     3     3     3     3]
  [60013 60018 60017 60018 60018 60016 60017 60018 60018 60016 60018
   60019 60016 60018 60018 60017 60018 60016 60018 60017 60017 60020
   60017 60016 60018 60019 60017 60018 60021 60016 60018 60019 60018
   60017 60017 60019 60017 60017 60018 60021 60018 60017 60019 60017
   60018 60017 60019 60019 60018 60019 60018 60017 60017 60019 60019
   60017 60019 60018 60017 60016 60018]]

 [[    3     2     2     3     3     3     3     3     3     3     2
       2     2     3     3     3     3     3     3     2     2     3
       2     2     3     3     3     3     3     2     3     2     2
       2     3     2     2     2     2     2     3     3     2     3
       3     3     2     2     2     2     3     3     2     2     2
       2     3     2     3     3     3]
  [60013   355   347 60015 60018 60015 60014 60013 60015 60015 50328
     476   481 60021 60018 60016 60015 60017 60017   425   360 60016
     413   571 60018 60017 60016 60017 60018   443 60018   446   361
     368 60018   467   481 55052   383   403 60016 60017   474 60017
   60016 60016 39546 44641   381   413 60019 60017   402 55118   440
   55473 60016 42487 60016 60017 60017]]]
unstable
 
 err: 
done running mariposa 1444.1
Bisecting: 16 revisions left to test after this (roughly 4 steps)
[0f7ff2a3d016ce6cc0dcc2654a6aa0187bc55192] swap
running python3 /home/yizhou7/mariposa/scripts/z3-bisect.py /home/yizhou7/mariposa/data/bisect_tasks/d_lvbkv_z3_clean--Betree-Betree_Refines_Map.i.dfy.Impl__Betree__Refines__Map.__default.GCStepRefinesMap.txt
building z3
done building z3 3.0
running mariposa
res: 1 
 out: [[[    3     3     3     3     3     3     3     3     3     3     3
       3     3     3     3     3     3     3     3     3     3     3
       3     3     3     3     3     3     3     3     3     3     3
       3     3     3     3     3     3     3     3     3     3     3
       3     3     3     3     3     3     3     3     3     3     3
       3     3     3     3     3     3]
  [60013 60015 60016 60014 60015 60014 60014 60015 60015 60014 60015
   60014 60014 60013 60015 60014 60014 60013 60013 60014 60013 60015
   60014 60014 60013 60014 60013 60014 60015 60014 60014 60014 60015
   60013 60014 60015 60014 60014 60015 60013 60013 60013 60014 60014
   60014 60015 60013 60013 60013 60014 60014 60014 60014 60014 60012
   60011 60016 60015 60014 60014 60012]]

 [[    3     3     3     3     3     3     3     3     3     3     3
       3     3     3     3     3     3     3     3     3     3     3
       3     3     3     3     3     3     3     3     3     3     3
       3     3     3     3     3     3     3     3     3     3     3
       3     3     3     3     3     3     3     3     3     3     3
       3     3     3     3     3     3]
  [60013 60014 60013 60013 60017 60015 60014 60014 60015 60013 60013
   60015 60015 60015 60015 60014 60014 60012 60017 60015 60016 60014
   60014 60013 60014 60017 60015 60014 60015 60015 60015 60014 60016
   60016 60014 60014 60014 60015 60013 60015 60014 60014 60015 60015
   60015 60013 60016 60015 60014 60014 60014 60013 60014 60015 60015
   60014 60014 60014 60013 60015 60014]]

 [[    3     3     3     3     3     3     3     3     3     3     3
       3     3     3     3     3     3     3     3     3     3     3
       3     3     3     3     3     3     3     3     3     3     3
       3     3     3     3     3     3     3     3     3     3     3
       3     3     3     3     3     3     3     3     3     3     3
       3     3     3     3     3     3]
  [60013 60015 60016 60016 60016 60015 60013 60013 60018 60015 60017
   60014 60014 60014 60014 60016 60015 60015 60014 60015 60013 60013
   60015 60017 60014 60014 60015 60014 60013 60015 60015 60013 60014
   60014 60013 60015 60015 60016 60014 60014 60015 60014 60013 60016
   60015 60015 60016 60014 60015 60013 60015 60017 60016 60014 60015
   60015 60013 60015 60016 60014 60014]]]
unsolvable
 
 err: 
done running mariposa 1627.4
Bisecting: 7 revisions left to test after this (roughly 3 steps)
[d17248821ad047f889237ce20b6bdaa1465ceff9] include chronological backtracking, two-phase sat, xor inprocessing, probsat, ddfw
running python3 /home/yizhou7/mariposa/scripts/z3-bisect.py /home/yizhou7/mariposa/data/bisect_tasks/d_lvbkv_z3_clean--Betree-Betree_Refines_Map.i.dfy.Impl__Betree__Refines__Map.__default.GCStepRefinesMap.txt
building z3
done building z3 3.1
running mariposa
res: 0 
 out: [[[  2   2   2   2   2   2   2   2   2   2   2   2   2   2   2   2   2
     2   2   2   2   2   2   2   2   2   2   2   2   2   2   2   2   2
     2   2   2   2   2   2   2   2   2   2   2   2   2   2   2   2   2
     2   2   2   2   2   2   2   2   2   2]
  [249 299 297 299 302 300 299 299 299 295 298 298 300 299 299 298 297
   297 300 299 299 299 298 302 296 300 299 300 301 296 298 296 300 299
   300 298 298 299 295 298 300 298 300 298 297 295 298 300 299 299 297
   299 295 297 301 299 292 289 289 285 278]]

 [[  2   2   2   2   2   2   2   2   2   2   2   2   2   2   2   2   2
     2   2   2   2   2   2   2   2   2   2   2   2   2   2   2   2   2
     2   2   2   2   2   2   2   2   2   2   2   2   2   2   2   2   2
     2   2   2   2   2   2   2   2   2   2]
  [249 304 303 308 303 304 301 303 306 304 315 307 308 302 302 305 305
   305 303 304 304 301 304 307 307 303 301 304 304 303 303 305 305 308
   302 302 303 305 306 306 305 304 302 302 306 305 306 304 303 304 306
   304 303 305 302 302 304 306 306 308 302]]

 [[  2   2   2   2   2   2   2   2   2   2   2   2   2   2   2   2   2
     2   2   2   2   2   2   2   2   2   2   2   2   2   2   2   2   2
     2   2   2   2   2   2   2   2   2   2   2   2   2   2   2   2   2
     2   2   2   2   2   2   2   2   2   2]
  [249 332 332 330 332 332 387 386 331 367 329 331 333 384 332 393 334
   395 340 392 395 389 335 332 329 334 329 391 389 332 331 333 385 332
   385 389 329 332 329 331 384 384 387 329 327 384 385 393 388 388 330
   380 328 385 335 332 333 334 329 379 382]]]
stable
 
 err: 
done running mariposa 15.5
Bisecting: 3 revisions left to test after this (roughly 2 steps)
[ec1653fdff146ff8d1b3b2281e875494f4fc3a96] Merge pull request #2345 from schedutron/master
running python3 /home/yizhou7/mariposa/scripts/z3-bisect.py /home/yizhou7/mariposa/data/bisect_tasks/d_lvbkv_z3_clean--Betree-Betree_Refines_Map.i.dfy.Impl__Betree__Refines__Map.__default.GCStepRefinesMap.txt
building z3
done building z3 3.0
running mariposa
res: 0 
 out: [[[  2   2   2   2   2   2   2   2   2   2   2   2   2   2   2   2   2
     2   2   2   2   2   2   2   2   2   2   2   2   2   2   2   2   2
     2   2   2   2   2   2   2   2   2   2   2   2   2   2   2   2   2
     2   2   2   2   2   2   2   2   2   2]
  [252 299 300 298 300 300 303 301 301 300 297 299 299 302 298 302 298
   301 298 298 304 300 298 301 300 299 299 300 298 300 299 298 299 298
   304 300 300 299 300 301 299 301 303 300 302 298 299 299 302 299 298
   298 300 298 300 301 293 289 291 290 280]]

 [[  2   2   2   2   2   2   2   2   2   2   2   2   2   2   2   2   2
     2   2   2   2   2   2   2   2   2   2   2   2   2   2   2   2   2
     2   2   2   2   2   2   2   2   2   2   2   2   2   2   2   2   2
     2   2   2   2   2   2   2   2   2   2]
  [252 306 306 309 308 304 304 304 304 306 306 306 306 305 303 305 303
   307 305 305 304 303 305 307 307 305 306 304 308 303 305 305 308 304
   304 302 303 304 307 306 306 303 305 308 305 303 304 306 305 304 302
   305 305 305 304 304 302 306 304 309 307]]

 [[  2   2   2   2   2   2   2   2   2   2   2   2   2   2   2   2   2
     2   2   2   2   2   2   2   2   2   2   2   2   2   2   2   2   2
     2   2   2   2   2   2   2   2   2   2   2   2   2   2   2   2   2
     2   2   2   2   2   2   2   2   2   2]
  [252 335 332 343 332 337 393 390 370 333 331 334 331 331 385 335 338
   392 394 401 393 391 336 335 333 335 330 394 390 330 337 333 388 330
   386 392 327 333 335 329 388 386 392 328 332 387 388 390 393 391 335
   384 330 390 336 334 331 335 332 381 386]]]
stable
 
 err: 
done running mariposa 15.6
Bisecting: 1 revision left to test after this (roughly 1 step)
[f3b79087eef389011fa90eefcf64b987bed54a9d] add default tactic as option to overwrite the behavior of strategic solver factory
running python3 /home/yizhou7/mariposa/scripts/z3-bisect.py /home/yizhou7/mariposa/data/bisect_tasks/d_lvbkv_z3_clean--Betree-Betree_Refines_Map.i.dfy.Impl__Betree__Refines__Map.__default.GCStepRefinesMap.txt
building z3
done building z3 3.0
running mariposa
res: 1 
 out: [[[    3     3     3     3     3     3     3     3     3     3     3
       3     3     3     3     3     3     3     3     3     3     3
       3     3     3     3     3     3     3     3     3     3     3
       3     3     3     3     3     3     3     3     3     3     3
       3     3     3     3     3     3     3     3     3     3     3
       3     3     3     3     3     3]
  [60058 60064 60063 60060 60062 60052 60062 60066 60057 60062 60063
   60061 60055 60058 60058 60066 60062 60068 60068 60058 60057 60058
   60058 60065 60070 60067 60061 60061 60062 60057 60061 60069 60067
   60066 60062 60060 60058 60061 60065 60067 60060 60064 60068 60060
   60062 60067 60060 60060 60061 60057 60060 60068 60059 60062 60060
   60065 60062 60060 60065 60061 60058]]

 [[    3     3     3     3     3     3     3     3     3     3     3
       3     3     3     3     3     3     3     3     3     3     3
       3     3     3     3     3     3     3     3     3     3     3
       3     3     3     3     3     3     3     3     3     3     3
       3     3     3     3     3     3     3     3     3     3     3
       3     3     3     3     3     3]
  [60058 60056 60057 60059 60056 60068 60059 60061 60053 60055 60059
   60062 60065 60060 60062 60053 60058 60051 60059 60065 60059 60067
   60047 60061 60053 60054 60056 60053 60064 60057 60058 60056 60060
   60064 60055 60057 60057 60058 60057 60055 60064 60056 60060 60057
   60059 60056 60062 60058 60059 60054 60058 60056 60061 60062 60060
   60061 60053 60058 60060 60054 60060]]

 [[    3     3     3     3     3     3     3     3     3     3     3
       3     3     3     3     3     3     3     3     3     3     3
       3     3     3     3     3     3     3     3     3     3     3
       3     3     3     3     3     3     3     3     3     3     3
       3     3     3     3     3     3     3     3     3     3     3
       3     3     3     3     3     3]
  [60058 60058 60076 60077 60084 60072 60075 60075 60031 60056 60067
   60071 60065 60065 60071 60050 60058 60065 60070 60068 60066 60064
   60051 60060 60062 60054 60067 60066 60063 60051 60054 60062 60067
   60069 60066 60063 60054 60058 60030 60055 60062 60061 60059 60051
   60059 60061 60061 60062 60062 60061 60058 60053 60061 60061 60063
   60056 60058 60053 60063 60064 60052]]]
unsolvable
 
 err: 
done running mariposa 1628.7
Bisecting: 0 revisions left to test after this (roughly 0 steps)
[1e770af1cc04f85a8d7a990ba0c9c4e433b83fa8] local sort
running python3 /home/yizhou7/mariposa/scripts/z3-bisect.py /home/yizhou7/mariposa/data/bisect_tasks/d_lvbkv_z3_clean--Betree-Betree_Refines_Map.i.dfy.Impl__Betree__Refines__Map.__default.GCStepRefinesMap.txt
building z3
done building z3 3.0
running mariposa
res: 1 
 out: [[[    3     3     3     3     3     3     3     3     3     3     3
       3     3     3     3     3     3     3     3     3     3     3
       3     3     3     3     3     3     3     3     3     3     3
       3     3     3     3     3     3     3     3     3     3     3
       3     3     3     3     3     3     3     3     3     3     3
       3     3     3     3     3     3]
  [60063 60057 60065 60058 60057 60061 60062 60055 60057 60063 60054
   60060 60062 60062 60055 60059 60063 60056 60061 60064 60056 60055
   60064 60068 60063 60064 60057 60056 60054 60066 60060 60063 60059
   60063 60060 60067 60062 60068 60061 60057 60061 60057 60055 60061
   60062 60067 60060 60062 60061 60066 60063 60064 60060 60056 60063
   60061 60062 60060 60069 60065 60056]]

 [[    3     3     3     3     3     3     3     3     3     3     3
       3     3     3     3     3     3     3     3     3     3     3
       3     3     3     3     3     3     3     3     3     3     3
       3     3     3     3     3     3     3     3     3     3     3
       3     3     3     3     3     3     3     3     3     3     3
       3     3     3     3     3     3]
  [60063 60055 60061 60056 60052 60056 60062 60054 60061 60056 60062
   60064 60062 60064 60053 60055 60057 60053 60067 60064 60063 60060
   60058 60052 60059 60064 60060 60055 60066 60059 60060 60055 60059
   60071 60061 60056 60062 60062 60056 60055 60056 60068 60064 60056
   60062 60056 60065 60067 60063 60064 60062 60059 60054 60063 60065
   60061 60054 60054 60058 60059 60064]]

 [[    3     3     3     3     3     3     3     3     3     3     3
       3     3     3     3     3     3     3     3     3     3     3
       3     3     3     3     3     3     3     3     3     3     3
       3     3     3     3     3     3     3     3     3     3     3
       3     3     3     3     3     3     3     3     3     3     3
       3     3     3     3     3     3]
  [60063 60068 60073 60078 60072 60075 60073 60083 60031 60053 60067
   60068 60064 60068 60068 60059 60053 60071 60069 60066 60066 60064
   60066 60058 60060 60055 60068 60065 60062 60057 60055 60063 60069
   60059 60063 60063 60060 60062 60031 60058 60062 60056 60056 60060
   60060 60070 60060 60059 60062 60057 60060 60062 60068 60066 60060
   60063 60058 60055 60059 60064 60053]]]
unsolvable
 
 err: 
done running mariposa 1628.7
1e770af1cc04f85a8d7a990ba0c9c4e433b83fa8 is the first bad commit
commit 1e770af1cc04f85a8d7a990ba0c9c4e433b83fa8
Author: Nikolaj Bjorner <nbjorner@microsoft.com>
Date:   Fri Jun 14 09:29:41 2019 -0700

    local sort
    
    Signed-off-by: Nikolaj Bjorner <nbjorner@microsoft.com>

 src/ast/rewriter/bool_rewriter.cpp | 21 ++++++++++++++++++---
 1 file changed, 18 insertions(+), 3 deletions(-)
bisect run success
git bisect start
# good: [e79542cc689d52ec4cb34ce4ae3fbe56e7a0bf70] fix #2309
git bisect good e79542cc689d52ec4cb34ce4ae3fbe56e7a0bf70
# bad: [ad55a1f1c617a7f0c3dd735c0780fc758424c7f1] Update release.yml for Azure Pipelines
git bisect bad ad55a1f1c617a7f0c3dd735c0780fc758424c7f1
# skip: [e2702f3ae88f5c48a55f4473bb5c29184c182634] fixes in assigning constraints to intervals
git bisect skip e2702f3ae88f5c48a55f4473bb5c29184c182634
# skip: [1915812f84cf41a5f232eedf2a695a54d055aa88] add a test for intervals
git bisect skip 1915812f84cf41a5f232eedf2a695a54d055aa88
# bad: [8faf35e2e0c8fce99794e71bd3b5de74b95ceb5a] fix #3735
git bisect bad 8faf35e2e0c8fce99794e71bd3b5de74b95ceb5a
# skip: [d1a5635b4ad7f8632356b380f3a9b1fc83fdb04f] better model based lemmaas
git bisect skip d1a5635b4ad7f8632356b380f3a9b1fc83fdb04f
# skip: [0a86bd14f792ef5fadb8eeb346729a612f7e1588] start on test nla
git bisect skip 0a86bd14f792ef5fadb8eeb346729a612f7e1588
# bad: [f7747d9e76bd685a02ce5c5fbda91fc356856b5e] fix parameter collection for tactic-based solvers reported in #3065
git bisect bad f7747d9e76bd685a02ce5c5fbda91fc356856b5e
# skip: [0644194fc96a853df44c37f9e4522796aa40add8] work on lemma from product to factors, and some renaming
git bisect skip 0644194fc96a853df44c37f9e4522796aa40add8
# bad: [0321312c8db1d3f0edbd23e6e48884fbb7d77d1d] Changed to get_const_interp to match Java and C# bindings
git bisect bad 0321312c8db1d3f0edbd23e6e48884fbb7d77d1d
# bad: [6e637348826f0725ba8a01c455448023ca2889e4] Merge pull request #2368 from waywardmonkeys/fix-typo
git bisect bad 6e637348826f0725ba8a01c455448023ca2889e4
# good: [9b4f327e29de8eadd112e53af5a8fb9f430fabf7] set upload mode to replace
git bisect good 9b4f327e29de8eadd112e53af5a8fb9f430fabf7
# good: [42ac3a536369a7d4a7eafa1fa15b571b146ba594] merge with csp
git bisect good 42ac3a536369a7d4a7eafa1fa15b571b146ba594
# bad: [b4290d4b3d7c021965e9ce7ee636caac0f9cac74] python regression
git bisect bad b4290d4b3d7c021965e9ce7ee636caac0f9cac74
# bad: [0f7ff2a3d016ce6cc0dcc2654a6aa0187bc55192] swap
git bisect bad 0f7ff2a3d016ce6cc0dcc2654a6aa0187bc55192
# good: [d17248821ad047f889237ce20b6bdaa1465ceff9] include chronological backtracking, two-phase sat, xor inprocessing, probsat, ddfw
git bisect good d17248821ad047f889237ce20b6bdaa1465ceff9
# good: [ec1653fdff146ff8d1b3b2281e875494f4fc3a96] Merge pull request #2345 from schedutron/master
git bisect good ec1653fdff146ff8d1b3b2281e875494f4fc3a96
# bad: [f3b79087eef389011fa90eefcf64b987bed54a9d] add default tactic as option to overwrite the behavior of strategic solver factory
git bisect bad f3b79087eef389011fa90eefcf64b987bed54a9d
# bad: [1e770af1cc04f85a8d7a990ba0c9c4e433b83fa8] local sort
git bisect bad 1e770af1cc04f85a8d7a990ba0c9c4e433b83fa8
# first bad commit: [1e770af1cc04f85a8d7a990ba0c9c4e433b83fa8] local sort
