running python3 /home/yizhou7/mariposa/scripts/z3-bisect.py /home/yizhou7/mariposa/data/bisect_tasks/d_lvbkv_z3_clean--BlockCacheSystem-BetreeJournalSystem.i.dfy.Impl__BetreeJournalSystem.__default.OkaySendPersistentLocStep.txt
building z3
Bisecting: 1453 revisions left to test after this (roughly 11 steps)
[1915812f84cf41a5f232eedf2a695a54d055aa88] add a test for intervals
running python3 /home/yizhou7/mariposa/scripts/z3-bisect.py /home/yizhou7/mariposa/data/bisect_tasks/d_lvbkv_z3_clean--BlockCacheSystem-BetreeJournalSystem.i.dfy.Impl__BetreeJournalSystem.__default.OkaySendPersistentLocStep.txt
building z3
Bisecting: 1453 revisions left to test after this (roughly 11 steps)
[8faf35e2e0c8fce99794e71bd3b5de74b95ceb5a] fix #3735
running python3 /home/yizhou7/mariposa/scripts/z3-bisect.py /home/yizhou7/mariposa/data/bisect_tasks/d_lvbkv_z3_clean--BlockCacheSystem-BetreeJournalSystem.i.dfy.Impl__BetreeJournalSystem.__default.OkaySendPersistentLocStep.txt
building z3
done building z3 3.3
running mariposa
res: 1 
 out: [[[    2     2     2     2     2     2     2     2     2     2     2
       2     2     2     2     2     2     2     2     2     2     2
       2     2     2     2     2     2     2     2     2     2     2
       2     2     2     2     2     2     2     2     2     2     2
       2     2     2     2     2     2     2     2     2     2     2
       2     2     2     2     2     2]
  [ 9319 15476 15013 17084 16952 15429 16391 15419 14710 15983 14330
   14878 14248 14937 17232 14324 15235 14647 15016 16225 14989 14108
   15174 15345 14995 15608 14151 14794 16160 14682 15753 16442 14708
   15590 13951 16187 14763 17176 15834 14517 15498 16132 15728 15801
   14154 14992 14596 13691 14779 17094 15366 14830 14736 14797 15125
   13916 15805 15272 14197 13482 12536]]

 [[    2     2     2     3     3     3     3     3     3     2     2
       3     2     3     3     3     2     3     3     3     3     2
       3     3     3     3     3     3     3     3     3     3     3
       3     3     3     3     3     3     3     2     3     3     3
       3     3     3     2     3     3     3     2     3     3     3
       2     3     3     3     3     3]
  [ 9319 20976 12267 60020 60021 60024 60020 60021 60019 18727 13356
   60018 14479 60019 60023 60021 12534 60021 60021 60019 60018 16300
   60024 60022 60018 60020 60021 60019 60019 60022 60019 60020 60021
   60020 60018 60018 60019 60021 60019 60020 14540 60018 60020 60026
   60025 60022 60019 16560 60022 60022 60021 12020 60023 60019 60021
    9644 60019 60021 60019 60021 60019]]

 [[    2     2     2     3     3     3     3     3     3     2     2
       2     3     3     3     3     2     3     3     2     3     3
       3     3     3     3     3     3     3     3     3     3     3
       3     3     2     3     2     2     3     2     3     3     3
       3     3     3     3     3     3     3     2     3     3     3
       3     3     3     3     3     3]
  [ 9319  9391 32532 60022 60019 60021 60024 60022 60023 12762 16092
   10818 60021 60023 60020 60021  9198 60020 60020 16958 60021 60022
   60024 60027 60019 60022 60020 60021 60023 60023 60022 60024 60020
   60018 60025 12540 60021 22425 11273 60023 41681 60025 60024 60018
   60022 60020 60021 60024 60020 60019 60025 14262 60020 60021 60024
   60020 60023 60022 60018 60019 60019]]]
unstable
 
 err: 
done running mariposa 1049.4
Bisecting: 1254 revisions left to test after this (roughly 10 steps)
[d1a5635b4ad7f8632356b380f3a9b1fc83fdb04f] better model based lemmaas
running python3 /home/yizhou7/mariposa/scripts/z3-bisect.py /home/yizhou7/mariposa/data/bisect_tasks/d_lvbkv_z3_clean--BlockCacheSystem-BetreeJournalSystem.i.dfy.Impl__BetreeJournalSystem.__default.OkaySendPersistentLocStep.txt
building z3
Bisecting: 1254 revisions left to test after this (roughly 10 steps)
[0a86bd14f792ef5fadb8eeb346729a612f7e1588] start on test nla
running python3 /home/yizhou7/mariposa/scripts/z3-bisect.py /home/yizhou7/mariposa/data/bisect_tasks/d_lvbkv_z3_clean--BlockCacheSystem-BetreeJournalSystem.i.dfy.Impl__BetreeJournalSystem.__default.OkaySendPersistentLocStep.txt
building z3
Bisecting: 1254 revisions left to test after this (roughly 10 steps)
[f7747d9e76bd685a02ce5c5fbda91fc356856b5e] fix parameter collection for tactic-based solvers reported in #3065
running python3 /home/yizhou7/mariposa/scripts/z3-bisect.py /home/yizhou7/mariposa/data/bisect_tasks/d_lvbkv_z3_clean--BlockCacheSystem-BetreeJournalSystem.i.dfy.Impl__BetreeJournalSystem.__default.OkaySendPersistentLocStep.txt
building z3
done building z3 3.3
running mariposa
res: 1 
 out: [[[    2     2     2     2     2     2     2     2     2     2     2
       2     2     2     2     2     2     2     2     2     2     2
       2     2     2     2     2     2     2     2     2     2     2
       2     2     2     2     2     2     2     2     2     2     2
       2     2     2     2     2     2     2     2     2     2     2
       2     2     2     2     2     2]
  [14204 24644 23877 23057 24048 25535 21345 22386 23558 23110 23139
   23907 23452 24800 23287 21533 21779 20954 22019 23076 23131 24381
   22893 22182 21632 22606 21282 23820 23245 22126 22628 21496 22019
   21497 19416 22102 23033 22707 22006 23381 19160 22789 21638 21795
   21104 21610 21917 22285 22475 22055 21596 24551 21369 21645 21410
   20957 20555 22298 20308 20391 19813]]

 [[    2     2     3     3     3     3     3     2     3     3     3
       3     3     3     3     3     2     3     3     3     3     3
       3     3     3     3     3     2     3     3     2     3     3
       3     3     3     3     3     3     2     3     3     3     3
       3     2     3     3     3     3     3     3     2     3     3
       3     3     3     3     3     3]
  [14204 16802 60024 60019 60023 60023 60021 18032 60029 60028 60022
   60021 60023 60021 60022 60024 18947 60023 60028 60025 60023 60021
   60025 60022 60024 60025 60024 24352 60023 60022 19096 60028 60025
   60026 60027 60031 60021 60024 60024 17796 60029 60029 60027 60026
   60026 16838 60024 60026 60030 60026 60028 60023 19733 60024 60025
   60026 60024 60025 60021 60023 60026]]

 [[    2     2     2     3     3     3     3     3     3     3     3
       3     3     3     3     2     2     3     3     2     3     3
       3     3     3     3     3     3     3     3     3     3     3
       2     3     3     3     3     3     3     3     2     3     3
       3     2     3     3     3     3     3     2     3     3     2
       3     3     3     3     3     3]
  [14204 14199 15456 60016 60020 60018 60015 60016 60019 60018 60019
   60020 60018 60021 60018 12030 12209 60021 60017 18341 60022 60018
   60019 60020 60020 60019 60020 60026 60021 60019 60020 60020 60021
   15827 60019 60025 60019 60020 60023 60020 60015 13186 60019 60022
   60022 11542 60023 60018 60017 60021 60017 34302 60021 60021 13927
   60021 60017 60023 60021 60025 60023]]]
unstable
 
 err: 
done running mariposa 1150.6
Bisecting: 1034 revisions left to test after this (roughly 10 steps)
[0644194fc96a853df44c37f9e4522796aa40add8] work on lemma from product to factors, and some renaming
running python3 /home/yizhou7/mariposa/scripts/z3-bisect.py /home/yizhou7/mariposa/data/bisect_tasks/d_lvbkv_z3_clean--BlockCacheSystem-BetreeJournalSystem.i.dfy.Impl__BetreeJournalSystem.__default.OkaySendPersistentLocStep.txt
building z3
Bisecting: 1034 revisions left to test after this (roughly 10 steps)
[0321312c8db1d3f0edbd23e6e48884fbb7d77d1d] Changed to get_const_interp to match Java and C# bindings
running python3 /home/yizhou7/mariposa/scripts/z3-bisect.py /home/yizhou7/mariposa/data/bisect_tasks/d_lvbkv_z3_clean--BlockCacheSystem-BetreeJournalSystem.i.dfy.Impl__BetreeJournalSystem.__default.OkaySendPersistentLocStep.txt
building z3
done building z3 3.1
running mariposa
res: 1 
 out: [[[    3     3     3     3     3     3     3     3     3     3     3
       3     3     3     3     3     3     3     3     3     3     3
       3     3     3     3     3     3     3     3     3     3     3
       3     3     3     3     3     3     3     3     3     3     3
       3     3     3     3     3     3     3     3     3     3     3
       3     3     3     3     3     3]
  [60019 60030 60032 60033 60032 60030 60029 60030 60030 60029 60031
   60031 60032 60028 60030 60029 60031 60030 60032 60030 60029 60028
   60029 60030 60033 60031 60028 60028 60028 60032 60029 60032 60033
   60029 60033 60028 60031 60031 60031 60028 60029 60029 60029 60029
   60031 60030 60031 60030 60029 60029 60029 60031 60031 60030 60029
   60027 60027 60024 60025 60024 60024]]

 [[    3     3     3     3     3     3     3     3     2     3     3
       3     3     3     3     3     3     3     3     3     3     3
       2     3     2     3     3     3     3     3     3     3     2
       3     3     3     3     2     3     3     3     2     3     3
       3     3     3     2     3     3     3     3     3     3     3
       3     3     3     3     3     3]
  [60019 60029 60028 60028 60032 60029 60026 60026 12650 60027 60030
   60028 60030 60030 60025 60027 60028 60030 60029 60033 60029 60028
   13206 60029 14603 60029 60027 60030 60023 60029 60030 60030 11725
   60028 60027 60027 60031 10967 60026 60032 60031 17393 60026 60032
   60031 60033 60027 20131 60032 60028 60028 60034 60034 60025 60029
   60029 60035 60029 60031 60026 60028]]

 [[    3     2     2     2     2     3     3     3     3     3     2
       3     2     2     2     3     3     3     3     2     3     3
       3     2     3     3     2     2     2     3     3     3     3
       2     3     3     3     3     3     2     3     2     2     3
       2     3     3     3     3     3     3     2     2     3     3
       3     3     3     3     2     3]
  [60019 16373 19157 28113 19019 60023 60023 60027 60023 60028 16696
   60028 19474 11152  9693 60028 60028 60022 60027 17093 60023 60031
   60025 10710 60027 60027 12064 21353 12817 60028 60031 60026 60031
   25782 60031 60026 60031 60034 60026 14664 60026 25472  7164 60033
   12283 60026 60030 60030 60028 60023 60029 11493  8836 60036 60029
   60027 60028 60027 60023 13693 60026]]]
unstable
 
 err: 
done running mariposa 1479.3
Bisecting: 261 revisions left to test after this (roughly 8 steps)
[6e637348826f0725ba8a01c455448023ca2889e4] Merge pull request #2368 from waywardmonkeys/fix-typo
running python3 /home/yizhou7/mariposa/scripts/z3-bisect.py /home/yizhou7/mariposa/data/bisect_tasks/d_lvbkv_z3_clean--BlockCacheSystem-BetreeJournalSystem.i.dfy.Impl__BetreeJournalSystem.__default.OkaySendPersistentLocStep.txt
building z3
done building z3 3.1
running mariposa
res: 1 
 out: [[[    2     2     2     2     2     2     2     2     2     2     2
       2     2     2     2     2     2     2     2     2     2     2
       2     2     2     2     2     2     2     2     2     2     2
       2     2     2     2     2     2     2     2     2     2     2
       2     2     2     2     2     2     2     2     2     2     2
       2     2     2     2     2     2]
  [ 4965  8303  8245  8249  8192  8045  8161  7624  7653  7686  7624
    7753  7401  7523  7556  7654  7465  7720  7481  7408  7409  7479
    7409  7382  7451  7429  7400  7631  7386  7341  7486  7528  7412
    7399  7480  7464  7269  7476  7233  7523  7215  7580  7428  7408
    7366  7456  7529  7298  7548  7503  7463  7466  7424  7329  7489
    7461  7179  7205  6990  6509  6092]]

 [[    2     3     3     3     3     3     3     3     3     3     3
       3     3     3     3     3     3     3     3     3     3     2
       3     3     3     3     3     3     3     3     3     3     3
       3     3     3     3     3     3     3     3     3     3     3
       3     3     3     3     3     3     3     3     3     3     3
       3     3     3     3     3     3]
  [ 4965 60030 60032 60027 60034 60030 60029 60029 60028 60029 60026
   60028 60031 60027 60029 60031 60031 60032 60026 60028 60030 17249
   60030 60031 60032 60033 60036 60028 60028 60032 60028 60029 60033
   60035 60030 60033 60031 60027 60032 60028 60031 60029 60031 60032
   60036 60030 60032 60032 60039 60028 60033 60030 60032 60031 60031
   60028 60030 60033 60024 60027 60030]]

 [[    2     2     3     3     3     3     3     3     2     2     3
       2     2     2     2     3     3     3     3     3     3     3
       3     3     3     3     3     3     3     2     3     3     3
       2     2     3     3     2     3     2     3     3     3     3
       3     3     2     3     3     3     3     2     2     2     3
       3     3     3     3     3     3]
  [ 4965 16683 60025 60025 60022 60029 60025 60025 10460 14469 60030
   18225 10919 11551 21293 60033 60027 60022 60032 60029 60029 60025
   60028 60037 60030 60030 60028 60028 60026 29060 60032 60029 60026
   12714 11063 60032 60028 17810 60027 14548 60035 60028 60024 60029
   60027 60028 14313 60029 60030 60033 60032 13530 15639  8726 60027
   60030 60027 60025 60027 60027 60037]]]
unstable
 
 err: 
done running mariposa 1012.4
Bisecting: 130 revisions left to test after this (roughly 7 steps)
[9b4f327e29de8eadd112e53af5a8fb9f430fabf7] set upload mode to replace
running python3 /home/yizhou7/mariposa/scripts/z3-bisect.py /home/yizhou7/mariposa/data/bisect_tasks/d_lvbkv_z3_clean--BlockCacheSystem-BetreeJournalSystem.i.dfy.Impl__BetreeJournalSystem.__default.OkaySendPersistentLocStep.txt
building z3
done building z3 3.0
running mariposa
res: 0 
 out: [[[   2    2    2    2    2    2    2    2    2    2    2    2    2    2
      2    2    2    2    2    2    2    2    2    2    2    2    2    2
      2    2    2    2    2    2    2    2    2    2    2    2    2    2
      2    2    2    2    2    2    2    2    2    2    2    2    2    2
      2    2    2    2    2]
  [3237 5021 5061 5064 5096 5102 5000 5022 4998 5071 5096 5110 5125 5021
   5040 5010 5047 5083 5106 5068 5085 5024 4990 5042 5068 5118 5044 5029
   5036 4990 5099 5103 5087 5070 5028 5034 4995 5141 5060 5106 5088 5034
   5025 4983 5062 5055 5099 5135 5085 5038 4961 5051 5077 5073 5066 5069
   4810 4509 4404 4419 4271]]

 [[   2    2    2    2    2    2    2    2    2    2    2    2    2    2
      2    2    2    2    2    2    2    2    2    2    2    2    2    2
      2    2    2    2    2    2    2    2    2    2    2    2    2    2
      2    2    2    2    2    2    2    2    2    2    2    2    2    2
      2    2    2    2    2]
  [3237 4979 4959 5025 4937 5052 5057 5151 4989 5000 4964 4883 5132 5080
   5095 4993 5063 4983 4826 5068 5060 5115 5092 5003 5010 4840 5136 5176
   5028 4979 5076 4987 4835 4995 5142 5111 5070 5066 5023 4735 4924 4972
   5112 5079 4980 5080 4853 4987 4980 4969 5135 5028 5046 4849 4991 4976
   5061 5088 5021 5074 5110]]

 [[   2    2    2    2    2    2    2    2    2    2    2    2    2    2
      2    2    2    2    2    2    2    2    2    2    2    2    2    2
      2    2    2    2    2    2    2    2    2    2    2    2    2    2
      2    2    2    2    2    2    2    2    2    2    2    2    2    2
      2    2    2    2    2]
  [3237 3759 5279 5298 5379 5329 5397 5496 5217 5324 5322 5301 5397 5438
   5311 5235 5233 5352 5454 5405 5446 5779 5231 5317 5410 5283 5299 5319
   5413 5425 3899 3903 5327 5239 5274 5226 5124 5256 5185 5271 5365 5185
   5267 5556 5305 5314 4244 5307 5320 5304 3724 5294 5227 5220 4341 5202
   5041 5237 5172 5379 5479]]]
stable
 
 err: 
done running mariposa 154.5
Bisecting: 65 revisions left to test after this (roughly 6 steps)
[42ac3a536369a7d4a7eafa1fa15b571b146ba594] merge with csp
running python3 /home/yizhou7/mariposa/scripts/z3-bisect.py /home/yizhou7/mariposa/data/bisect_tasks/d_lvbkv_z3_clean--BlockCacheSystem-BetreeJournalSystem.i.dfy.Impl__BetreeJournalSystem.__default.OkaySendPersistentLocStep.txt
building z3
done building z3 3.0
running mariposa
res: 0 
 out: [[[   2    2    2    2    2    2    2    2    2    2    2    2    2    2
      2    2    2    2    2    2    2    2    2    2    2    2    2    2
      2    2    2    2    2    2    2    2    2    2    2    2    2    2
      2    2    2    2    2    2    2    2    2    2    2    2    2    2
      2    2    2    2    2]
  [3241 5018 5070 5052 5060 5063 5004 5051 5030 5068 5097 5060 5124 4973
   5042 5012 5079 5067 5091 5121 4996 4908 5131 5076 5050 5056 5103 5010
   4908 5132 5072 5068 5073 5107 5005 4934 5047 5072 5137 5103 5119 4974
   4956 5046 5034 5028 5079 5095 5071 5033 5146 5043 5039 5113 5065 5006
   4827 4478 4533 4394 4151]]

 [[   2    2    2    2    2    2    2    2    2    2    2    2    2    2
      2    2    2    2    2    2    2    2    2    2    2    2    2    2
      2    2    2    2    2    2    2    2    2    2    2    2    2    2
      2    2    2    2    2    2    2    2    2    2    2    2    2    2
      2    2    2    2    2]
  [3241 4942 4942 4974 4949 4936 5223 5127 4953 5018 4985 4817 4949 5112
   5065 5026 5020 4983 4807 4987 5130 5071 5084 4971 5004 4768 5071 4987
   5139 4987 5032 4919 4877 4942 5020 5131 5079 5026 4967 4745 4947 5056
   4988 4963 5013 5055 4753 5002 4922 5047 4973 5068 4977 4744 4992 4968
   5034 4998 5081 5032 5114]]

 [[   2    2    2    2    2    2    2    2    2    2    2    2    2    2
      2    2    2    2    2    2    2    2    2    2    2    2    2    2
      2    2    2    2    2    2    2    2    2    2    2    2    2    2
      2    2    2    2    2    2    2    2    2    2    2    2    2    2
      2    2    2    2    2]
  [3241 3700 5374 5343 5363 5404 5495 5443 5144 5346 5356 5406 5427 5404
   5415 5153 5248 5389 5479 5480 5477 5773 5199 5218 5353 5289 5297 5506
   5486 5415 3893 3888 5216 5189 5367 5277 5135 5163 5140 5261 5273 5275
   5324 5425 5256 5361 4180 5302 5358 5368 3731 5298 5181 5210 4211 5191
   5111 5236 5463 5205 5370]]]
stable
 
 err: 
done running mariposa 154.6
Bisecting: 32 revisions left to test after this (roughly 5 steps)
[b4290d4b3d7c021965e9ce7ee636caac0f9cac74] python regression
running python3 /home/yizhou7/mariposa/scripts/z3-bisect.py /home/yizhou7/mariposa/data/bisect_tasks/d_lvbkv_z3_clean--BlockCacheSystem-BetreeJournalSystem.i.dfy.Impl__BetreeJournalSystem.__default.OkaySendPersistentLocStep.txt
building z3
done building z3 3.0
running mariposa
res: 1 
 out: [[[    3     3     3     3     3     3     3     3     3     3     3
       3     3     3     3     3     3     3     3     3     3     3
       3     3     3     3     3     3     3     3     3     3     3
       3     3     3     3     3     3     3     3     3     3     3
       3     3     3     3     3     3     3     3     3     3     3
       3     3     3     3     3     3]
  [60021 60032 60033 60037 60033 60035 60033 60037 60034 60034 60033
   60031 60032 60032 60033 60034 60035 60035 60031 60033 60032 60034
   60033 60032 60032 60037 60034 60031 60030 60035 60036 60033 60035
   60036 60032 60034 60037 60035 60034 60032 60033 60031 60032 60034
   60035 60033 60034 60036 60032 60038 60032 60034 60033 60034 60032
   60033 60031 60027 60029 60025 60026]]

 [[    3     2     3     3     3     3     3     3     3     3     3
       3     3     3     3     3     3     3     2     3     3     3
       3     3     3     3     3     2     3     3     3     3     3
       3     3     3     3     3     3     3     3     3     2     3
       3     3     3     3     3     2     3     3     3     3     3
       3     3     3     3     3     3]
  [60021 19475 60032 60032 60032 60032 60025 60031 60028 60037 60033
   60032 60029 60034 60031 60029 60036 60030 11375 60041 60039 60031
   60026 60025 60033 60035 60034 17783 60038 60030 60030 60034 60036
   60027 60030 60024 60033 60035 60035 60036 60032 60030 18001 60029
   60034 60029 60038 60028 60030 16865 60026 60025 60026 60028 60030
   60035 60032 60024 60025 60027 60030]]

 [[    3     3     3     3     3     3     3     3     2     3     3
       3     3     3     3     2     2     3     3     3     3     3
       3     3     3     3     3     3     3     3     3     3     2
       3     3     3     3     3     3     2     2     3     3     3
       3     3     3     3     3     2     2     3     3     3     3
       3     3     3     3     3     3]
  [60021 60036 60032 60024 60027 60020 60028 60028 16384 60024 60026
   60024 60022 60021 60029 12292 14142 60031 60028 60030 60038 60030
   60042 60029 60034 60043 60034 60034 60033 60027 60030 60035  6991
   60033 60038 60027 60027 60033 60037 17900 23257 60037 60029 60037
   60036 60029 60035 60034 60028 17554 38885 60036 60038 60035 60037
   60036 60040 60036 60034 60031 60027]]]
unstable
 
 err: 
done running mariposa 1570.7
Bisecting: 16 revisions left to test after this (roughly 4 steps)
[0f7ff2a3d016ce6cc0dcc2654a6aa0187bc55192] swap
running python3 /home/yizhou7/mariposa/scripts/z3-bisect.py /home/yizhou7/mariposa/data/bisect_tasks/d_lvbkv_z3_clean--BlockCacheSystem-BetreeJournalSystem.i.dfy.Impl__BetreeJournalSystem.__default.OkaySendPersistentLocStep.txt
building z3
done building z3 3.1
running mariposa
res: 1 
 out: [[[    3     3     3     3     3     3     3     3     3     3     3
       3     3     3     3     3     3     3     3     3     3     3
       3     3     3     3     3     3     3     3     3     3     3
       3     3     3     3     3     3     3     3     3     3     3
       3     3     3     3     3     3     3     3     3     3     3
       3     3     3     3     3     3]
  [60018 60028 60029 60027 60025 60025 60023 60029 60028 60026 60025
   60025 60024 60022 60028 60027 60026 60027 60024 60023 60022 60030
   60027 60027 60026 60024 60023 60022 60028 60026 60025 60025 60024
   60023 60022 60029 60028 60024 60025 60024 60022 60022 60029 60028
   60025 60024 60023 60022 60022 60028 60028 60027 60026 60023 60024
   60023 60026 60023 60024 60021 60020]]

 [[    3     3     3     3     3     3     3     3     3     3     3
       3     3     3     3     3     3     3     3     3     3     3
       3     3     3     3     3     3     3     3     3     3     3
       3     3     3     3     3     3     3     3     3     3     3
       3     3     3     3     3     3     3     3     3     3     3
       3     3     3     3     3     3]
  [60018 60023 60023 60022 60028 60026 60024 60024 60024 60022 60022
   60030 60029 60027 60027 60023 60023 60023 60030 60030 60026 60025
   60023 60023 60022 60027 60024 60026 60023 60023 60023 60023 60026
   60026 60024 60025 60022 60024 60022 60030 60028 60026 60025 60023
   60024 60022 60029 60027 60028 60024 60022 60022 60022 60030 60029
   60026 60025 60023 60024 60022 60025]]

 [[    3     3     3     3     3     3     3     3     3     3     3
       3     3     3     3     3     3     3     3     3     3     3
       3     3     3     3     3     3     3     3     3     3     3
       3     3     3     3     3     3     3     3     3     3     3
       3     3     3     3     3     3     3     3     3     3     3
       3     3     3     3     3     3]
  [60018 60032 60031 60026 60025 60024 60024 60023 60028 60026 60028
   60026 60023 60024 60022 60028 60028 60026 60024 60021 60022 60022
   60027 60028 60025 60025 60024 60023 60022 60027 60027 60024 60024
   60024 60023 60022 60029 60029 60027 60026 60024 60022 60022 60028
   60026 60028 60023 60025 60024 60022 60027 60026 60026 60023 60023
   60022 60023 60029 60029 60029 60025]]]
unsolvable
 
 err: 
done running mariposa 1639.6
Bisecting: 7 revisions left to test after this (roughly 3 steps)
[d17248821ad047f889237ce20b6bdaa1465ceff9] include chronological backtracking, two-phase sat, xor inprocessing, probsat, ddfw
running python3 /home/yizhou7/mariposa/scripts/z3-bisect.py /home/yizhou7/mariposa/data/bisect_tasks/d_lvbkv_z3_clean--BlockCacheSystem-BetreeJournalSystem.i.dfy.Impl__BetreeJournalSystem.__default.OkaySendPersistentLocStep.txt
building z3
done building z3 3.1
running mariposa
res: 0 
 out: [[[   2    2    2    2    2    2    2    2    2    2    2    2    2    2
      2    2    2    2    2    2    2    2    2    2    2    2    2    2
      2    2    2    2    2    2    2    2    2    2    2    2    2    2
      2    2    2    2    2    2    2    2    2    2    2    2    2    2
      2    2    2    2    2]
  [3185 5027 5109 5050 5048 5077 4959 4894 5023 5125 5069 5110 5021 5006
   4894 5008 5057 5046 5106 5018 5012 4915 5106 5059 5030 5052 5048 5072
   4896 5102 5031 5048 5087 5035 5011 4895 5120 5036 5018 5154 5019 5048
   4906 5009 5030 5056 5078 5033 5113 4921 4984 5075 5030 5144 5046 5025
   4793 4469 4492 4380 4111]]

 [[   2    2    2    2    2    2    2    2    2    2    2    2    2    2
      2    2    2    2    2    2    2    2    2    2    2    2    2    2
      2    2    2    2    2    2    2    2    2    2    2    2    2    2
      2    2    2    2    2    2    2    2    2    2    2    2    2    2
      2    2    2    2    2]
  [3185 4913 4945 4945 5034 4940 5030 5122 4977 5003 4940 4835 4950 5099
   5053 4962 5054 4928 4839 5035 4927 5093 5075 4996 4951 4758 5052 5083
   5019 5023 4980 4888 4893 4913 5067 5056 5046 4967 5050 4781 4925 4989
   4961 4982 4894 5077 4768 4995 4886 4912 5055 4962 4926 4773 4979 4885
   5122 5062 4975 4969 5006]]

 [[   2    2    2    2    2    2    2    2    2    2    2    2    2    2
      2    2    2    2    2    2    2    2    2    2    2    2    2    2
      2    2    2    2    2    2    2    2    2    2    2    2    2    2
      2    2    2    2    2    2    2    2    2    2    2    2    2    2
      2    2    2    2    2]
  [3185 3800 5300 5318 5399 5300 5391 5470 5274 5320 5314 5355 5316 5426
   5320 5253 5351 5360 5383 5452 5470 5701 5233 5327 5365 5301 5399 5361
   5446 5311 3901 3893 5311 5215 5225 5366 5113 5128 5151 5354 5287 5272
   5295 5476 5283 5264 4172 5343 5238 5408 3710 5168 5168 5235 4248 5245
   5122 5252 5366 5346 5206]]]
stable
 
 err: 
done running mariposa 154.3
Bisecting: 3 revisions left to test after this (roughly 2 steps)
[ec1653fdff146ff8d1b3b2281e875494f4fc3a96] Merge pull request #2345 from schedutron/master
running python3 /home/yizhou7/mariposa/scripts/z3-bisect.py /home/yizhou7/mariposa/data/bisect_tasks/d_lvbkv_z3_clean--BlockCacheSystem-BetreeJournalSystem.i.dfy.Impl__BetreeJournalSystem.__default.OkaySendPersistentLocStep.txt
building z3
done building z3 3.0
running mariposa
res: 0 
 out: [[[   2    2    2    2    2    2    2    2    2    2    2    2    2    2
      2    2    2    2    2    2    2    2    2    2    2    2    2    2
      2    2    2    2    2    2    2    2    2    2    2    2    2    2
      2    2    2    2    2    2    2    2    2    2    2    2    2    2
      2    2    2    2    2]
  [3225 4955 5068 5120 5021 5049 4994 4916 4958 5071 5110 5047 5054 4995
   4884 4933 5011 5091 5136 5038 5038 4902 4925 5065 5043 5140 5058 5035
   4885 4932 5051 5039 5083 5149 5019 4880 4917 5013 5033 5147 5121 5026
   4889 4978 4976 5017 5068 5110 5021 4916 4955 5068 5018 5068 5117 5057
   4839 4589 4298 4188 4019]]

 [[   2    2    2    2    2    2    2    2    2    2    2    2    2    2
      2    2    2    2    2    2    2    2    2    2    2    2    2    2
      2    2    2    2    2    2    2    2    2    2    2    2    2    2
      2    2    2    2    2    2    2    2    2    2    2    2    2    2
      2    2    2    2    2]
  [3225 4915 4978 4938 4906 4962 4933 5070 4952 5058 4989 4809 5027 4956
   4983 5022 4986 4927 4779 5013 4985 5023 5020 4959 4966 4771 5053 5092
   4928 4917 5036 4867 4827 4910 5007 5101 5016 4977 4927 4748 4883 4970
   4971 4997 4914 4976 4730 4955 4880 4975 5108 4934 4931 4737 4899 4895
   5077 5058 4954 4982 4990]]

 [[   2    2    2    2    2    2    2    2    2    2    2    2    2    2
      2    2    2    2    2    2    2    2    2    2    2    2    2    2
      2    2    2    2    2    2    2    2    2    2    2    2    2    2
      2    2    2    2    2    2    2    2    2    2    2    2    2    2
      2    2    2    2    2]
  [3225 3690 5294 5278 5301 5373 5469 5454 5147 5431 5356 5392 5333 5340
   5319 5175 5309 5337 5427 5357 5517 5693 5216 5242 5243 5383 5355 5404
   5441 5243 3862 3880 5213 5207 5260 5390 5075 5096 5142 5232 5287 5247
   5292 5382 5305 5350 4163 5273 5239 5338 3695 5209 5250 5236 4212 5177
   5017 5232 5345 5167 5402]]]
stable
 
 err: 
done running mariposa 154.1
Bisecting: 1 revision left to test after this (roughly 1 step)
[f3b79087eef389011fa90eefcf64b987bed54a9d] add default tactic as option to overwrite the behavior of strategic solver factory
running python3 /home/yizhou7/mariposa/scripts/z3-bisect.py /home/yizhou7/mariposa/data/bisect_tasks/d_lvbkv_z3_clean--BlockCacheSystem-BetreeJournalSystem.i.dfy.Impl__BetreeJournalSystem.__default.OkaySendPersistentLocStep.txt
building z3
done building z3 3.0
running mariposa
res: 1 
 out: [[[    3     3     3     3     3     3     3     3     3     3     3
       3     3     3     3     3     3     3     3     3     3     3
       3     3     3     3     3     3     3     3     3     3     3
       3     3     3     3     3     3     3     3     3     3     3
       3     3     3     3     3     3     3     3     3     3     3
       3     3     3     3     3     3]
  [60122 60099 60100 60109 60082 60101 60078 60092 60091 60091 60090
   60099 60079 60084 60099 60100 60096 60096 60097 60085 60083 60076
   60082 60083 60089 60101 60082 60084 60080 60082 60089 60093 60087
   60082 60088 60097 60119 60096 60083 60082 60083 60084 60096 60097
   60112 60085 60090 60082 60083 60092 60091 60106 60081 60090 60083
   60078 60091 60088 60101 60089 60090]]

 [[    3     3     3     3     3     3     3     3     3     3     3
       3     3     3     3     3     3     3     3     3     3     3
       3     3     3     3     3     3     3     3     3     3     3
       3     3     3     3     3     3     3     3     3     3     3
       3     3     3     3     3     3     3     3     3     3     3
       3     3     3     3     3     3]
  [60122 60077 60082 60081 60093 60098 60090 60083 60082 60088 60101
   60107 60091 60091 60083 60088 60077 60077 60097 60123 60102 60107
   60067 60071 60075 60111 60104 60101 60122 60071 60082 60073 60107
   60097 60097 60093 60077 60074 60096 60092 60088 60089 60092 60092
   60069 60094 60111 60099 60099 60104 60088 60086 60072 60089 60104
   60105 60101 60083 60080 60074 60083]]

 [[    3     3     3     3     3     3     3     3     3     3     3
       3     3     3     3     3     3     3     3     3     3     3
       3     3     3     3     3     3     3     3     3     3     3
       3     3     3     3     3     3     3     3     3     3     3
       3     3     3     3     3     3     3     3     3     3     3
       3     3     3     3     3     3]
  [60122 60118 60122 60116 60105 60113 60116 60107 60104 60110 60108
   60102 60102 60111 60104 60102 60069 60096 60082 60095 60090 60085
   60090 60083 60089 60085 60086 60098 60086 60111 60089 60090 60090
   60080 60086 60086 60093 60088 60079 60089 60090 60078 60098 60095
   60107 60105 60068 60085 60081 60076 60092 60090 60088 60083 60089
   60079 60079 60108 60099 60092 60107]]]
unsolvable
 
 err: 
done running mariposa 1641.8
Bisecting: 0 revisions left to test after this (roughly 0 steps)
[1e770af1cc04f85a8d7a990ba0c9c4e433b83fa8] local sort
running python3 /home/yizhou7/mariposa/scripts/z3-bisect.py /home/yizhou7/mariposa/data/bisect_tasks/d_lvbkv_z3_clean--BlockCacheSystem-BetreeJournalSystem.i.dfy.Impl__BetreeJournalSystem.__default.OkaySendPersistentLocStep.txt
building z3
done building z3 3.0
running mariposa
res: 1 
 out: [[[    3     3     3     3     3     3     3     3     3     3     3
       3     3     3     3     3     3     3     3     3     3     3
       3     3     3     3     3     3     3     3     3     3     3
       3     3     3     3     3     3     3     3     3     3     3
       3     3     3     3     3     3     3     3     3     3     3
       3     3     3     3     3     3]
  [60124 60097 60095 60106 60097 60085 60072 60085 60083 60095 60074
   60080 60091 60075 60097 60098 60112 60088 60085 60078 60081 60098
   60092 60097 60081 60086 60075 60087 60104 60100 60115 60096 60092
   60084 60075 60097 60097 60114 60100 60101 60096 60101 60093 60099
   60088 60088 60107 60092 60094 60097 60097 60093 60083 60084 60095
   60099 60116 60092 60098 60084 60085]]

 [[    3     3     3     3     3     3     3     3     3     3     3
       3     3     3     3     3     3     3     3     3     3     3
       3     3     3     3     3     3     3     3     3     3     3
       3     3     3     3     3     3     3     3     3     3     3
       3     3     3     3     3     3     3     3     3     3     3
       3     3     3     3     3     3]
  [60124 60083 60077 60080 60091 60113 60088 60088 60085 60087 60081
   60088 60089 60093 60092 60075 60078 60078 60086 60092 60083 60092
   60074 60070 60079 60089 60089 60099 60090 60076 60079 60085 60080
   60083 60086 60095 60079 60074 60078 60085 60081 60088 60098 60092
   60075 60079 60094 60088 60089 60107 60085 60080 60076 60085 60094
   60083 60094 60085 60080 60071 60077]]

 [[    3     3     3     3     3     3     3     3     3     3     3
       3     3     3     3     3     3     3     3     3     3     3
       3     3     3     3     3     3     3     3     3     3     3
       3     3     3     3     3     3     3     3     3     3     3
       3     3     3     3     3     3     3     3     3     3     3
       3     3     3     3     3     3]
  [60124 60107 60105 60102 60109 60104 60110 60116 60102 60113 60105
   60100 60100 60090 60092 60086 60107 60072 60090 60101 60078 60081
   60096 60082 60085 60091 60095 60094 60103 60103 60089 60095 60086
   60083 60091 60088 60103 60090 60087 60092 60088 60091 60091 60111
   60100 60077 60115 60089 60090 60082 60107 60109 60099 60098 60085
   60087 60077 60101 60085 60087 60085]]]
unsolvable
 
 err: 
done running mariposa 1641.6
1e770af1cc04f85a8d7a990ba0c9c4e433b83fa8 is the first bad commit
commit 1e770af1cc04f85a8d7a990ba0c9c4e433b83fa8
Author: Nikolaj Bjorner <nbjorner@microsoft.com>
Date:   Fri Jun 14 09:29:41 2019 -0700

    local sort
    
    Signed-off-by: Nikolaj Bjorner <nbjorner@microsoft.com>

 src/ast/rewriter/bool_rewriter.cpp | 21 ++++++++++++++++++---
 1 file changed, 18 insertions(+), 3 deletions(-)
bisect run success
git bisect start
# good: [e79542cc689d52ec4cb34ce4ae3fbe56e7a0bf70] fix #2309
git bisect good e79542cc689d52ec4cb34ce4ae3fbe56e7a0bf70
# bad: [ad55a1f1c617a7f0c3dd735c0780fc758424c7f1] Update release.yml for Azure Pipelines
git bisect bad ad55a1f1c617a7f0c3dd735c0780fc758424c7f1
# skip: [e2702f3ae88f5c48a55f4473bb5c29184c182634] fixes in assigning constraints to intervals
git bisect skip e2702f3ae88f5c48a55f4473bb5c29184c182634
# skip: [1915812f84cf41a5f232eedf2a695a54d055aa88] add a test for intervals
git bisect skip 1915812f84cf41a5f232eedf2a695a54d055aa88
# bad: [8faf35e2e0c8fce99794e71bd3b5de74b95ceb5a] fix #3735
git bisect bad 8faf35e2e0c8fce99794e71bd3b5de74b95ceb5a
# skip: [d1a5635b4ad7f8632356b380f3a9b1fc83fdb04f] better model based lemmaas
git bisect skip d1a5635b4ad7f8632356b380f3a9b1fc83fdb04f
# skip: [0a86bd14f792ef5fadb8eeb346729a612f7e1588] start on test nla
git bisect skip 0a86bd14f792ef5fadb8eeb346729a612f7e1588
# bad: [f7747d9e76bd685a02ce5c5fbda91fc356856b5e] fix parameter collection for tactic-based solvers reported in #3065
git bisect bad f7747d9e76bd685a02ce5c5fbda91fc356856b5e
# skip: [0644194fc96a853df44c37f9e4522796aa40add8] work on lemma from product to factors, and some renaming
git bisect skip 0644194fc96a853df44c37f9e4522796aa40add8
# bad: [0321312c8db1d3f0edbd23e6e48884fbb7d77d1d] Changed to get_const_interp to match Java and C# bindings
git bisect bad 0321312c8db1d3f0edbd23e6e48884fbb7d77d1d
# bad: [6e637348826f0725ba8a01c455448023ca2889e4] Merge pull request #2368 from waywardmonkeys/fix-typo
git bisect bad 6e637348826f0725ba8a01c455448023ca2889e4
# good: [9b4f327e29de8eadd112e53af5a8fb9f430fabf7] set upload mode to replace
git bisect good 9b4f327e29de8eadd112e53af5a8fb9f430fabf7
# good: [42ac3a536369a7d4a7eafa1fa15b571b146ba594] merge with csp
git bisect good 42ac3a536369a7d4a7eafa1fa15b571b146ba594
# bad: [b4290d4b3d7c021965e9ce7ee636caac0f9cac74] python regression
git bisect bad b4290d4b3d7c021965e9ce7ee636caac0f9cac74
# bad: [0f7ff2a3d016ce6cc0dcc2654a6aa0187bc55192] swap
git bisect bad 0f7ff2a3d016ce6cc0dcc2654a6aa0187bc55192
# good: [d17248821ad047f889237ce20b6bdaa1465ceff9] include chronological backtracking, two-phase sat, xor inprocessing, probsat, ddfw
git bisect good d17248821ad047f889237ce20b6bdaa1465ceff9
# good: [ec1653fdff146ff8d1b3b2281e875494f4fc3a96] Merge pull request #2345 from schedutron/master
git bisect good ec1653fdff146ff8d1b3b2281e875494f4fc3a96
# bad: [f3b79087eef389011fa90eefcf64b987bed54a9d] add default tactic as option to overwrite the behavior of strategic solver factory
git bisect bad f3b79087eef389011fa90eefcf64b987bed54a9d
# bad: [1e770af1cc04f85a8d7a990ba0c9c4e433b83fa8] local sort
git bisect bad 1e770af1cc04f85a8d7a990ba0c9c4e433b83fa8
# first bad commit: [1e770af1cc04f85a8d7a990ba0c9c4e433b83fa8] local sort
