running python3 /home/yizhou7/mariposa/scripts/z3-bisect.py /home/yizhou7/mariposa/data/bisect_tasks/d_lvbkv_z3_clean--lib-Marshalling-GenericMarshalling.i.dfy.Impl__GenericMarshalling.__default.MarshallUint32Array.txt
building z3
Bisecting: 1453 revisions left to test after this (roughly 11 steps)
[1915812f84cf41a5f232eedf2a695a54d055aa88] add a test for intervals
running python3 /home/yizhou7/mariposa/scripts/z3-bisect.py /home/yizhou7/mariposa/data/bisect_tasks/d_lvbkv_z3_clean--lib-Marshalling-GenericMarshalling.i.dfy.Impl__GenericMarshalling.__default.MarshallUint32Array.txt
building z3
Bisecting: 1453 revisions left to test after this (roughly 11 steps)
[8faf35e2e0c8fce99794e71bd3b5de74b95ceb5a] fix #3735
running python3 /home/yizhou7/mariposa/scripts/z3-bisect.py /home/yizhou7/mariposa/data/bisect_tasks/d_lvbkv_z3_clean--lib-Marshalling-GenericMarshalling.i.dfy.Impl__GenericMarshalling.__default.MarshallUint32Array.txt
building z3
done building z3 3.2
running mariposa
res: 1 
 out: [[[  2   2   2   2   2   2   2   2   2   2   2   2   2   2   4   2   2
     2   2   2   2   2   2   2   2   2   2   2   2   4   2   2   4   2
     2   2   2   2   2   2   2   4   2   2   2   2   2   2   2   2   2
     2   2   2   2   2   2   4   2   2   2]
  [303 398 399 421 388 427 422 369 372 416 378 439 409 427 369 434 397
   420 407 427 429 411 424 382 432 361 365 420 373 450 429 460 376 416
   405 381 426 400 425 413 400 433 436 411 405 401 437 398 444 377 380
   407 412 420 376 407 426 430 438 398 320]]

 [[  2   4   4   2   4   4   4   4   4   4   4   4   2   2   4   4   2
     4   4   4   2   4   2   4   4   4   4   4   2   2   4   2   2   4
     4   2   4   2   4   4   4   2   2   2   4   4   4   2   4   2   4
     4   4   2   4   4   4   4   4   2   2]
  [303 222 222 312 257 241 214 217 249 220 229 229 363 383 220 331 383
   226 252 268 408 253 363 215 223 230 239 252 356 380 227 352 393 233
   240 387 373 371 220 260 258 366 370 333 225 381 234 296 240 415 228
   282 238 350 231 389 275 232 251 421 387]]

 [[  2   4   4   4   2   2   2   2   4   2   2   2   2   4   2   4   4
     2   2   2   4   2   4   4   4   4   4   4   4   4   2   2   2   2
     2   2   2   4   2   4   4   4   4   4   4   2   4   2   2   4   4
     4   4   2   2   2   4   4   4   2   2]
  [303 237 240 243 316 320 349 398 255 387 398 415 354 380 427 234 365
   358 405 368 243 417 219 230 239 230 871 418 219 235 388 377 365 414
   464 424 373 221 363 212 209 232 222 237 245 403 242 396 396 534 233
   235 238 450 400 410 247 230 248 430 371]]]
unstable
 
 err: 
done running mariposa 12.9
Bisecting: 1254 revisions left to test after this (roughly 10 steps)
[d1a5635b4ad7f8632356b380f3a9b1fc83fdb04f] better model based lemmaas
running python3 /home/yizhou7/mariposa/scripts/z3-bisect.py /home/yizhou7/mariposa/data/bisect_tasks/d_lvbkv_z3_clean--lib-Marshalling-GenericMarshalling.i.dfy.Impl__GenericMarshalling.__default.MarshallUint32Array.txt
building z3
Bisecting: 1254 revisions left to test after this (roughly 10 steps)
[0a86bd14f792ef5fadb8eeb346729a612f7e1588] start on test nla
running python3 /home/yizhou7/mariposa/scripts/z3-bisect.py /home/yizhou7/mariposa/data/bisect_tasks/d_lvbkv_z3_clean--lib-Marshalling-GenericMarshalling.i.dfy.Impl__GenericMarshalling.__default.MarshallUint32Array.txt
building z3
Bisecting: 1254 revisions left to test after this (roughly 10 steps)
[f7747d9e76bd685a02ce5c5fbda91fc356856b5e] fix parameter collection for tactic-based solvers reported in #3065
running python3 /home/yizhou7/mariposa/scripts/z3-bisect.py /home/yizhou7/mariposa/data/bisect_tasks/d_lvbkv_z3_clean--lib-Marshalling-GenericMarshalling.i.dfy.Impl__GenericMarshalling.__default.MarshallUint32Array.txt
building z3
done building z3 3.2
running mariposa
res: 1 
 out: [[[    2     4     2     2     2     2     2     2     2     2     2
       2     2     2     2     2     2     2     2     2     2     2
       2     2     2     2     2     2     2     2     2     2     2
       2     2     2     2     2     2     2     2     2     2     2
       2     2     2     2     2     2     2     2     2     2     2
       2     2     2     2     2     2]
  [  295   350   406   389   363   415   367   431   372   377   301
     408   389   421   361   365   366   385   371   398   395   420
     398   369   365   385   394   409   386   422   384   381   377
     301   371   371   363   342   371   373   373   368   303   379
     298   384   375   398   351   388   394   299   302   365   393
     351   298   372   288   373   278]]

 [[    2     4     4     4     2     4     4     4     4     4     2
       4     2     4     4     4     4     4     2     2     4     2
       4     4     4     4     4     2     4     4     2     2     2
       4     4     2     2     2     2     4     4     4     2     2
       4     2     4     2     4     4     4     4     2     4     4
       4     4     2     4     4     2]
  [  295   217   246   255   337   242   215   220   255   219   350
     244   344   311   224   213   249   223   368   407   265   359
     228   223   229   234   238   373   250   234   350   359   389
     231   235   371   373   314   368   257   256   219   365   327
     223   297   383   373   228   236   228   268   349   242   386
     233   272   364   256   237   367]]

 [[    2     4     4     4     2     2     2     2     4     2     2
       2     2     4     2     4     2     2     2     2     4     2
       4     4     4     4     4     4     4     4     2     2     2
       2     2     2     2     4     2     4     4     4     4     4
       2     4     4     2     2     4     4     4     4     2     2
       4     4     4     2     2     3]
  [  295   244   245   249   313   321   351   371   256   366   388
     411   352   421   429   238   371   351   396   346   241   398
     221   231   239   232   223   423   889   240   385   340   353
     377   444   414   367   220   368   211   214   231   238   239
     388   250   244   400   395   235   371   235   236   380   386
     232   246   251   417   373 60010]]]
unstable
 
 err: 
done running mariposa 63.7
Bisecting: 1034 revisions left to test after this (roughly 10 steps)
[0644194fc96a853df44c37f9e4522796aa40add8] work on lemma from product to factors, and some renaming
running python3 /home/yizhou7/mariposa/scripts/z3-bisect.py /home/yizhou7/mariposa/data/bisect_tasks/d_lvbkv_z3_clean--lib-Marshalling-GenericMarshalling.i.dfy.Impl__GenericMarshalling.__default.MarshallUint32Array.txt
building z3
Bisecting: 1034 revisions left to test after this (roughly 10 steps)
[0321312c8db1d3f0edbd23e6e48884fbb7d77d1d] Changed to get_const_interp to match Java and C# bindings
running python3 /home/yizhou7/mariposa/scripts/z3-bisect.py /home/yizhou7/mariposa/data/bisect_tasks/d_lvbkv_z3_clean--lib-Marshalling-GenericMarshalling.i.dfy.Impl__GenericMarshalling.__default.MarshallUint32Array.txt
building z3
done building z3 3.1
running mariposa
res: 1 
 out: [[[  4   4   4   4   4   4   4   4   4   4   4   4   4   4   4   4   4
     4   4   4   4   4   4   4   4   4   4   4   4   4   4   4   4   4
     4   4   4   4   4   4   4   4   4   4   4   4   4   4   4   4   4
     4   4   4   4   4   4   4   4   4   4]
  [193 233 236 253 238 243 232 237 242 238 230 234 236 233 230 234 231
   240 248 241 245 240 237 239 239 231 239 242 236 235 244 250 231 231
   231 240 239 241 231 230 243 236 233 263 233 267 230 233 238 246 236
   244 262 238 231 235 238 240 237 225 217]]

 [[  4   4   2   4   4   2   2   4   2   4   4   4   4   4   4   2   4
     4   4   2   4   2   4   4   2   2   4   2   4   4   4   4   4   4
     4   2   4   4   2   4   4   2   2   4   2   2   4   4   4   2   2
     4   2   2   4   4   2   4   2   2   4]
  [193 235 439 231 257 397 392 243 420 246 240 410 250 255 255 292 362
   231 270 334 231 369 251 233 370 361 250 414 247 296 237 233 251 250
   247 353 276 245 409 364 237 375 368 234 356 383 240 289 242 373 414
   246 371 411 232 238 376 229 385 391 242]]

 [[  4   4   4   2   2   2   4   4   4   2   2   2   2   4   2   4   2
     2   2   2   2   2   2   4   4   4   2   2   2   4   4   2   4   2
     2   2   2   2   4   2   2   2   2   2   4   4   2   2   2   4   2
     2   4   2   2   4   4   2   2   4   2]
  [193 250 239 340 375 382 441 431 258 377 307 436 419 378 460 238 395
   371 436 375 404 410 396 233 254 304 463 400 379 414 226 443 404 403
   410 346 423 411 259 430 445 399 392 548 271 243 391 339 371 237 401
   418 242 402 405 489 255 418 516 654 371]]]
unstable
 
 err: 
done running mariposa 11.7
Bisecting: 261 revisions left to test after this (roughly 8 steps)
[6e637348826f0725ba8a01c455448023ca2889e4] Merge pull request #2368 from waywardmonkeys/fix-typo
running python3 /home/yizhou7/mariposa/scripts/z3-bisect.py /home/yizhou7/mariposa/data/bisect_tasks/d_lvbkv_z3_clean--lib-Marshalling-GenericMarshalling.i.dfy.Impl__GenericMarshalling.__default.MarshallUint32Array.txt
building z3
done building z3 3.1
running mariposa
res: 1 
 out: [[[  4   4   4   4   4   4   4   4   4   4   4   4   4   4   4   4   4
     4   4   4   4   4   4   4   4   4   4   4   4   4   4   4   4   4
     4   4   4   4   4   4   4   4   4   4   4   4   4   4   4   4   4
     4   4   4   4   4   4   4   4   4   4]
  [192 241 240 258 240 244 228 243 255 231 232 235 234 235 240 244 233
   239 235 237 244 240 236 238 255 231 228 233 236 244 241 242 234 227
   230 227 229 231 232 241 227 229 230 232 231 235 236 234 227 231 233
   276 236 233 239 243 225 234 226 228 217]]

 [[  4   2   4   4   4   4   4   2   4   4   4   4   4   4   2   2   4
     4   2   4   4   4   2   4   2   4   2   2   4   4   4   4   4   4
     2   4   4   4   2   4   4   4   4   4   4   4   4   4   4   4   4
     4   4   4   4   4   2   4   4   4   4]
  [192 340 232 242 242 230 236 325 230 246 239 238 226 249 493 348 233
   236 374 229 249 253 293 234 376 234 398 371 236 248 229 228 245 240
   381 251 232 248 300 230 234 267 239 232 232 226 230 253 234 232 232
   227 230 249 234 289 309 263 248 243 233]]

 [[  4   4   4   4   2   2   2   2   4   2   2   2   4   4   2   2   4
     2   4   2   2   2   2   2   4   2   4   4   2   4   2   2   2   2
     4   4   4   2   2   2   2   2   2   4   2   2   2   4   2   4   2
     2   4   4   4   2   4   4   2   2   2]
  [192 222 239 247 367 384 417 431 257 365 384 421 409 245 389 427 234
   314 225 351 415 399 463 396 259 389 232 249 407 244 396 468 337 484
   235 234 190 381 371 330 404 399 388 236 449 441 410 247 388 379 351
   457 259 232 236 412 256 239 344 430 352]]]
unstable
 
 err: 
done running mariposa 11.0
Bisecting: 130 revisions left to test after this (roughly 7 steps)
[9b4f327e29de8eadd112e53af5a8fb9f430fabf7] set upload mode to replace
running python3 /home/yizhou7/mariposa/scripts/z3-bisect.py /home/yizhou7/mariposa/data/bisect_tasks/d_lvbkv_z3_clean--lib-Marshalling-GenericMarshalling.i.dfy.Impl__GenericMarshalling.__default.MarshallUint32Array.txt
building z3
done building z3 3.1
running mariposa
res: 0 
 out: [[[  2   2   2   2   2   2   2   2   2   2   2   2   2   2   2   2   2
     2   2   2   2   2   2   2   2   2   2   2   2   2   2   2   2   2
     2   2   2   2   2   2   2   2   2   2   2   2   2   2   2   2   2
     2   2   2   2   2   2   2   2   2   2]
  [210 287 352 304 294 300 484 354 298 297 307 354 300 307 407 353 348
   444 338 290 364 301 300 352 302 365 304 325 412 261 299 286 300 312
   312 302 294 360 361 301 363 324 360 296 308 490 295 285 327 370 292
   289 362 296 297 302 436 294 300 286 264]]

 [[  2   2   2   2   2   2   2   2   2   2   2   2   2   2   2   2   2
     2   2   2   2   2   2   2   2   2   2   2   2   2   2   2   2   2
     2   2   2   2   2   2   2   2   2   2   2   2   2   2   2   2   2
     2   2   2   2   2   2   2   2   2   2]
  [210 297 390 281 285 265 364 397 414 272 399 412 304 372 289 409 272
   298 282 408 265 413 411 262 253 274 272 262 263 365 414 291 291 283
   413 278 285 412 276 272 262 304 412 418 424 307 405 302 362 283 284
   408 395 282 403 387 278 263 409 415 359]]

 [[  2   2   2   2   2   2   2   2   2   2   2   2   2   2   2   2   2
     2   2   2   2   2   2   2   2   2   2   2   2   2   2   2   2   2
     2   2   2   2   2   2   2   2   2   2   2   2   2   2   2   2   2
     2   2   2   2   2   2   2   2   2   2]
  [210 269 359 411 412 424 454 448 285 283 268 303 330 326 421 326 337
   288 291 393 284 357 251 401 297 287 369 411 267 267 431 281 275 324
   370 265 331 329 416 292 440 331 324 423 280 290 329 428 369 366 312
   407 410 260 275 336 298 296 302 301 333]]]
stable
 
 err: 
done running mariposa 12.5
Bisecting: 65 revisions left to test after this (roughly 6 steps)
[42ac3a536369a7d4a7eafa1fa15b571b146ba594] merge with csp
running python3 /home/yizhou7/mariposa/scripts/z3-bisect.py /home/yizhou7/mariposa/data/bisect_tasks/d_lvbkv_z3_clean--lib-Marshalling-GenericMarshalling.i.dfy.Impl__GenericMarshalling.__default.MarshallUint32Array.txt
building z3
done building z3 3.1
running mariposa
res: 0 
 out: [[[  2   2   2   2   2   2   2   2   2   2   2   2   2   2   2   2   2
     2   2   2   2   2   2   2   2   2   2   2   2   2   2   2   2   2
     2   2   2   2   2   2   2   2   2   2   2   2   2   2   2   2   2
     2   2   2   2   2   2   2   2   2   2]
  [209 290 355 304 292 301 485 352 293 299 308 350 300 307 411 352 346
   440 337 292 371 304 299 352 301 366 321 308 410 260 299 285 299 311
   314 300 291 356 361 355 304 325 366 297 308 489 285 297 363 328 292
   290 365 298 293 303 436 293 302 286 263]]

 [[  2   2   2   2   2   2   2   2   2   2   2   2   2   2   2   2   2
     2   2   2   2   2   2   2   2   2   2   2   2   2   2   2   2   2
     2   2   2   2   2   2   2   2   2   2   2   2   2   2   2   2   2
     2   2   2   2   2   2   2   2   2   2]
  [209 296 387 280 279 262 363 392 408 270 399 411 307 287 367 407 272
   296 278 412 266 414 419 262 255 269 273 264 263 409 364 292 292 279
   409 283 406 288 278 270 257 305 410 410 427 309 407 355 302 283 285
   404 390 284 404 386 280 262 411 414 358]]

 [[  2   2   2   2   2   2   2   2   2   2   2   2   2   2   2   2   2
     2   2   2   2   2   2   2   2   2   2   2   2   2   2   2   2   2
     2   2   2   2   2   2   2   2   2   2   2   2   2   2   2   2   2
     2   2   2   2   2   2   2   2   2   2]
  [209 268 362 410 414 427 452 455 283 285 267 303 335 327 424 325 290
   337 291 288 393 355 253 400 284 303 370 413 268 435 268 280 278 321
   370 264 334 328 422 294 436 335 322 427 280 288 329 427 374 365 312
   406 410 275 258 338 294 298 302 300 328]]]
stable
 
 err: 
done running mariposa 12.5
Bisecting: 32 revisions left to test after this (roughly 5 steps)
[b4290d4b3d7c021965e9ce7ee636caac0f9cac74] python regression
running python3 /home/yizhou7/mariposa/scripts/z3-bisect.py /home/yizhou7/mariposa/data/bisect_tasks/d_lvbkv_z3_clean--lib-Marshalling-GenericMarshalling.i.dfy.Impl__GenericMarshalling.__default.MarshallUint32Array.txt
building z3
done building z3 3.1
running mariposa
res: 1 
 out: [[[    4     4     4     2     4     4     4     4     4     4     4
       4     4     4     4     4     4     4     4     4     4     4
       2     4     4     4     4     4     4     4     4     4     4
       4     4     4     4     4     4     4     4     4     4     4
       4     4     4     4     4     4     4     4     4     4     4
       4     4     4     4     4     3]
  [  252   300   327   438   309   453   304   321   296   481   337
     287   343   312   428   468   732   396   324   327   409   297
     470   316   283   286  1817   512   291   324   297   338   338
     753   305   357   329   292   294  5748   331   321   292  1441
     287   503   318   315   333   297   332   326   296   293   302
     319   343   336   292 10268 60011]]

 [[    4     4     4     2     4     4     4     4     2     4     2
       4     4     4     2     4     4     4     4     4     4     4
       2     2     2     4     4     4     4     4     4     4     4
       4     4     4     4     2     4     2     4     4     4     4
       4     2     2     2     4     4     4     2     2     4     4
       4     4     4     2     4     3]
  [  252   294   252   408   218   394   207   177   300   351   356
     224   254   297   264   210   207   210   273   352   247   374
     357   353   410   299   241   290   218   317   223   339   306
     179   247   234   193   452   282   396   222   232   306   203
     242   422   449   392   375   203   325   362   327   226   245
     259   317   430   424  1726 60012]]

 [[    4     4     4     2     2     2     4     2     4     4     4
       2     4     4     2     2     2     2     2     4     4     2
       4     2     4     2     2     4     4     4     2     4     4
       2     4     4     2     2     2     4     2     4     2     4
       4     2     4     4     2     4     2     4     4     2     2
       2     4     4     4     2     3]
  [  252   234   237   339   376   465   492   537   237   276   282
     374   267   242   360   332   510   363   341   282   400   579
     257   363   243   385   412   241   213   231   345   231   246
     429   247   253   468   367   387   244   353   260   312   298
     412   333   257   258   516   399   372   237   261   299   452
     335   258   233   244   454 60010]]]
unstable
 
 err: 
done running mariposa 70.8
Bisecting: 16 revisions left to test after this (roughly 4 steps)
[0f7ff2a3d016ce6cc0dcc2654a6aa0187bc55192] swap
running python3 /home/yizhou7/mariposa/scripts/z3-bisect.py /home/yizhou7/mariposa/data/bisect_tasks/d_lvbkv_z3_clean--lib-Marshalling-GenericMarshalling.i.dfy.Impl__GenericMarshalling.__default.MarshallUint32Array.txt
building z3
done building z3 3.1
running mariposa
res: 1 
 out: [[[    4     4     4     4     4     4     4     4     4     4     4
       4     4     4     4     4     4     4     4     4     4     4
       4     4     4     4     4     4     4     4     4     4     4
       4     4     4     4     4     4     4     4     4     4     4
       4     4     4     4     4     4     4     4     4     4     4
       4     3     3     4     3     3]
  [ 9655   204   234   196   198   195   253   210   194   200   204
     207   199   192   198   201   194   200   214   201   192   188
     200   197   189   190   198   189 11059   198   197   197   202
     202   197   192   189   199 12112   199   196   197   196   196
     198   190   199   198   195   188   212   200   187   193   223
     192 60011 60009 49595 60009 60010]]

 [[    4     4     4     4     4     4     4     4     2     4     4
       4     4     4     4     4     4     4     4     4     4     4
       4     4     4     4     4     4     4     4     4     4     4
       4     4     4     4     4     4     4     4     4     4     2
       4     4     4     4     4     4     4     4     4     4     4
       2     4     4     2     4     4]
  [ 9655   212   288   214   204   249   282   464   288   324   209
     200   229   201   210   258   208   205   203   209   263   202
     238   204   210   266   236   231   235   226   297   209   241
     211   232   266   205   209   201   202   350   243   264   293
     316   233   234   207   197   258   209   239   232   204   243
     313   198   317   340  1915 18939]]

 [[    4     4     4     4     4     4     4     4     4     4     4
       4     4     4     4     4     4     4     4     4     4     4
       4     4     4     4     4     4     4     4     4     4     4
       4     4     4     4     4     4     4     4     4     4     4
       4     4     4     4     4     4     4     4     4     4     4
       4     4     4     4     4     3]
  [ 9655   251   271   263   283   301   316   448   254   257   277
     272   231   280   279   265   256   268   288   258   230   251
     232   248   273   300   266   240   220   271   260   249   255
     230   254   319   218   253   216   217   413   269   240   267
     265   269   245   257   284   338   222   264   281   297   241
     254   217   272   278 22348 60009]]]
unstable
 
 err: 
done running mariposa 95.1
Bisecting: 7 revisions left to test after this (roughly 3 steps)
[d17248821ad047f889237ce20b6bdaa1465ceff9] include chronological backtracking, two-phase sat, xor inprocessing, probsat, ddfw
running python3 /home/yizhou7/mariposa/scripts/z3-bisect.py /home/yizhou7/mariposa/data/bisect_tasks/d_lvbkv_z3_clean--lib-Marshalling-GenericMarshalling.i.dfy.Impl__GenericMarshalling.__default.MarshallUint32Array.txt
building z3
done building z3 3.1
running mariposa
res: 0 
 out: [[[  2   2   2   2   2   2   2   2   2   2   2   2   2   2   2   2   2
     2   2   2   2   2   2   2   2   2   2   2   2   2   2   2   2   2
     2   2   2   2   2   2   2   2   2   2   2   2   2   2   2   2   2
     2   2   2   2   2   2   2   2   2   2]
  [211 288 352 305 293 299 485 347 298 295 307 351 297 305 408 351 346
   447 336 287 363 305 295 351 306 364 326 305 407 258 298 286 302 313
   299 313 292 356 355 304 362 322 357 298 303 491 286 297 362 326 288
   292 360 299 291 301 436 290 300 280 262]]

 [[  2   2   2   2   2   2   2   2   2   2   2   2   2   2   2   2   2
     2   2   2   2   2   2   2   2   2   2   2   2   2   2   2   2   2
     2   2   2   2   2   2   2   2   2   2   2   2   2   2   2   2   2
     2   2   2   2   2   2   2   2   2   2]
  [211 296 385 281 280 266 362 392 412 273 401 409 305 284 362 408 274
   296 278 413 269 413 420 261 254 270 274 263 260 408 366 291 294 281
   408 280 408 287 276 272 261 302 413 424 413 308 408 300 361 281 283
   392 405 280 403 388 278 260 405 414 361]]

 [[  2   2   2   2   2   2   2   2   2   2   2   2   2   2   2   2   2
     2   2   2   2   2   2   2   2   2   2   2   2   2   2   2   2   2
     2   2   2   2   2   2   2   2   2   2   2   2   2   2   2   2   2
     2   2   2   2   2   2   2   2   2   2]
  [211 267 360 409 426 415 453 445 282 282 264 303 329 328 427 331 285
   335 287 394 287 357 250 405 297 286 372 407 263 270 432 281 276 324
   374 262 329 325 413 294 443 333 420 323 277 289 330 429 371 365 313
   403 414 258 276 334 298 296 302 301 333]]]
stable
 
 err: 
done running mariposa 12.5
Bisecting: 3 revisions left to test after this (roughly 2 steps)
[ec1653fdff146ff8d1b3b2281e875494f4fc3a96] Merge pull request #2345 from schedutron/master
running python3 /home/yizhou7/mariposa/scripts/z3-bisect.py /home/yizhou7/mariposa/data/bisect_tasks/d_lvbkv_z3_clean--lib-Marshalling-GenericMarshalling.i.dfy.Impl__GenericMarshalling.__default.MarshallUint32Array.txt
building z3
done building z3 3.1
running mariposa
res: 0 
 out: [[[  2   2   2   2   2   2   2   2   2   2   2   2   2   2   2   2   2
     2   2   2   2   2   2   2   2   2   2   2   2   2   2   2   2   2
     2   2   2   2   2   2   2   2   2   2   2   2   2   2   2   2   2
     2   2   2   2   2   2   2   2   2   2]
  [212 289 356 304 293 300 347 482 302 295 308 349 294 304 416 353 346
   444 337 290 367 300 297 354 301 357 323 308 418 258 297 282 294 316
   301 293 315 356 356 356 305 326 360 297 304 486 294 288 329 367 290
   290 360 297 294 302 437 292 301 285 267]]

 [[  2   2   2   2   2   2   2   2   2   2   2   2   2   2   2   2   2
     2   2   2   2   2   2   2   2   2   2   2   2   2   2   2   2   2
     2   2   2   2   2   2   2   2   2   2   2   2   2   2   2   2   2
     2   2   2   2   2   2   2   2   2   2]
  [212 298 387 282 280 264 365 395 409 272 398 406 301 285 366 413 275
   295 277 414 265 412 411 263 256 270 274 263 261 362 412 290 292 283
   411 280 408 285 278 270 260 307 410 424 411 309 407 361 301 281 284
   404 394 282 404 384 278 262 404 414 365]]

 [[  2   2   2   2   2   2   2   2   2   2   2   2   2   2   2   2   2
     2   2   2   2   2   2   2   2   2   2   2   2   2   2   2   2   2
     2   2   2   2   2   2   2   2   2   2   2   2   2   2   2   2   2
     2   2   2   2   2   2   2   2   2   2]
  [212 268 361 408 411 433 445 453 284 281 264 327 307 330 420 326 334
   287 395 291 286 356 404 253 296 289 372 411 265 269 436 282 278 320
   370 261 332 327 420 293 440 335 420 324 277 289 332 429 377 311 364
   408 412 273 262 336 292 302 297 304 330]]]
stable
 
 err: 
done running mariposa 12.5
Bisecting: 1 revision left to test after this (roughly 1 step)
[f3b79087eef389011fa90eefcf64b987bed54a9d] add default tactic as option to overwrite the behavior of strategic solver factory
running python3 /home/yizhou7/mariposa/scripts/z3-bisect.py /home/yizhou7/mariposa/data/bisect_tasks/d_lvbkv_z3_clean--lib-Marshalling-GenericMarshalling.i.dfy.Impl__GenericMarshalling.__default.MarshallUint32Array.txt
building z3
done building z3 3.1
running mariposa
res: 1 
 out: [[[    4     4     4     4     4     4     4     4     4     4     4
       4     4     4     4     4     4     4     4     4     4     4
       4     4     4     4     4     4     4     4     4     4     4
       4     4     4     4     4     4     4     4     4     4     4
       4     4     4     4     4     4     4     4     4     4     4
       4     3     3     4     3     3]
  [ 9641   206   203   197   199   197   255   210   195   200   203
     208   199   194   197   203   195   200   213   201   193   189
     203   200   192   195   200   191 11027   198   192   190   200
     201   198   195   190   198 12014   196   198   198   199   196
     197   188   199   196   194   187   211   201   189   192   223
     192 60009 60010 49314 60010 60010]]

 [[    4     4     4     4     4     4     4     4     2     4     4
       4     4     4     4     4     4     4     4     4     4     4
       4     4     4     4     4     4     4     4     4     4     4
       4     4     4     4     4     4     4     4     4     4     2
       4     4     4     4     4     4     4     4     4     4     4
       2     4     4     2     4     4]
  [ 9641   209   286   214   208   249   286   469   288   322   209
     199   232   204   210   257   209   207   204   210   263   205
     238   205   209   272   237   231   235   228   208   301   243
     213   235   268   206   207   200   204   352   243   266   293
     319   232   236   209   197   257   208   238   231   204   244
     315   320   198   345  1912 18830]]

 [[    4     4     4     4     4     4     4     4     4     4     4
       4     4     4     4     4     4     4     4     4     4     4
       4     4     4     4     4     4     4     4     4     4     4
       4     4     4     4     4     4     4     4     4     4     4
       4     4     4     4     4     4     4     4     4     4     4
       4     4     4     4     4     3]
  [ 9641   222   273   276   265   282   317   453   257   256   277
     275   231   277   279   266   256   271   289   264   233   252
     233   248   270   303   262   238   222   272   263   252   257
     317   231   255   220   255   217   215   410   268   242   270
     264   270   255   244   282   343   227   263   296   281   245
     256   218   275   277 22052 60010]]]
unstable
 
 err: 
done running mariposa 95.0
Bisecting: 0 revisions left to test after this (roughly 0 steps)
[1e770af1cc04f85a8d7a990ba0c9c4e433b83fa8] local sort
running python3 /home/yizhou7/mariposa/scripts/z3-bisect.py /home/yizhou7/mariposa/data/bisect_tasks/d_lvbkv_z3_clean--lib-Marshalling-GenericMarshalling.i.dfy.Impl__GenericMarshalling.__default.MarshallUint32Array.txt
building z3
done building z3 3.1
running mariposa
res: 1 
 out: [[[    4     4     4     4     4     4     4     4     4     4     4
       4     4     4     4     4     4     4     4     4     4     4
       4     4     4     4     4     4     4     4     4     4     4
       4     4     4     4     4     4     4     4     4     4     4
       4     4     4     4     4     4     4     4     4     4     4
       4     3     3     4     3     3]
  [ 9594   203   202   196   197   197   254   210   197   202   203
     197   208   194   195   194   202   200   212   194   206   188
     200   200   191   194   202   191 10975   201   193   193   202
     203   198   195   188   197 12005   198   196   199   196   194
     198   189   197   199   194   187   213   202   207   193   224
     194 60010 60010 49273 60010 60009]]

 [[    4     4     4     4     4     4     4     4     2     4     4
       4     4     4     4     4     4     4     4     4     4     4
       4     4     4     4     4     4     4     4     4     4     4
       4     4     4     4     4     4     4     4     4     4     2
       4     4     4     4     4     4     4     4     4     4     4
       2     4     4     2     4     4]
  [ 9594   211   291   213   208   246   284   468   291   319   209
     200   228   204   211   259   208   205   206   212   261   204
     239   207   211   268   235   234   237   224   299   208   242
     211   233   270   207   212   203   203   349   245   266   291
     319   234   235   206   196   255   209   237   232   204   244
     314   316   199   341  1907 18827]]

 [[    4     4     4     4     4     4     4     4     4     4     4
       4     4     4     4     4     4     4     4     4     4     4
       4     4     4     4     4     4     4     4     4     4     4
       4     4     4     4     4     4     4     4     4     4     4
       4     4     4     4     4     4     4     4     4     4     4
       4     4     4     4     4     3]
  [ 9594   223   275   263   281   282   317   453   253   254   271
     231   278   283   281   262   257   271   289   261   236   251
     235   276   250   302   263   241   217   274   260   250   259
     257   234   321   218   256   215   217   411   271   241   267
     266   267   255   246   286   344   225   268   296   282   243
     256   220   275   277 22053 60010]]]
unstable
 
 err: 
done running mariposa 95.0
1e770af1cc04f85a8d7a990ba0c9c4e433b83fa8 is the first bad commit
commit 1e770af1cc04f85a8d7a990ba0c9c4e433b83fa8
Author: Nikolaj Bjorner <nbjorner@microsoft.com>
Date:   Fri Jun 14 09:29:41 2019 -0700

    local sort
    
    Signed-off-by: Nikolaj Bjorner <nbjorner@microsoft.com>

 src/ast/rewriter/bool_rewriter.cpp | 21 ++++++++++++++++++---
 1 file changed, 18 insertions(+), 3 deletions(-)
bisect run success
git bisect start
# good: [e79542cc689d52ec4cb34ce4ae3fbe56e7a0bf70] fix #2309
git bisect good e79542cc689d52ec4cb34ce4ae3fbe56e7a0bf70
# bad: [ad55a1f1c617a7f0c3dd735c0780fc758424c7f1] Update release.yml for Azure Pipelines
git bisect bad ad55a1f1c617a7f0c3dd735c0780fc758424c7f1
# skip: [e2702f3ae88f5c48a55f4473bb5c29184c182634] fixes in assigning constraints to intervals
git bisect skip e2702f3ae88f5c48a55f4473bb5c29184c182634
# skip: [1915812f84cf41a5f232eedf2a695a54d055aa88] add a test for intervals
git bisect skip 1915812f84cf41a5f232eedf2a695a54d055aa88
# bad: [8faf35e2e0c8fce99794e71bd3b5de74b95ceb5a] fix #3735
git bisect bad 8faf35e2e0c8fce99794e71bd3b5de74b95ceb5a
# skip: [d1a5635b4ad7f8632356b380f3a9b1fc83fdb04f] better model based lemmaas
git bisect skip d1a5635b4ad7f8632356b380f3a9b1fc83fdb04f
# skip: [0a86bd14f792ef5fadb8eeb346729a612f7e1588] start on test nla
git bisect skip 0a86bd14f792ef5fadb8eeb346729a612f7e1588
# bad: [f7747d9e76bd685a02ce5c5fbda91fc356856b5e] fix parameter collection for tactic-based solvers reported in #3065
git bisect bad f7747d9e76bd685a02ce5c5fbda91fc356856b5e
# skip: [0644194fc96a853df44c37f9e4522796aa40add8] work on lemma from product to factors, and some renaming
git bisect skip 0644194fc96a853df44c37f9e4522796aa40add8
# bad: [0321312c8db1d3f0edbd23e6e48884fbb7d77d1d] Changed to get_const_interp to match Java and C# bindings
git bisect bad 0321312c8db1d3f0edbd23e6e48884fbb7d77d1d
# bad: [6e637348826f0725ba8a01c455448023ca2889e4] Merge pull request #2368 from waywardmonkeys/fix-typo
git bisect bad 6e637348826f0725ba8a01c455448023ca2889e4
# good: [9b4f327e29de8eadd112e53af5a8fb9f430fabf7] set upload mode to replace
git bisect good 9b4f327e29de8eadd112e53af5a8fb9f430fabf7
# good: [42ac3a536369a7d4a7eafa1fa15b571b146ba594] merge with csp
git bisect good 42ac3a536369a7d4a7eafa1fa15b571b146ba594
# bad: [b4290d4b3d7c021965e9ce7ee636caac0f9cac74] python regression
git bisect bad b4290d4b3d7c021965e9ce7ee636caac0f9cac74
# bad: [0f7ff2a3d016ce6cc0dcc2654a6aa0187bc55192] swap
git bisect bad 0f7ff2a3d016ce6cc0dcc2654a6aa0187bc55192
# good: [d17248821ad047f889237ce20b6bdaa1465ceff9] include chronological backtracking, two-phase sat, xor inprocessing, probsat, ddfw
git bisect good d17248821ad047f889237ce20b6bdaa1465ceff9
# good: [ec1653fdff146ff8d1b3b2281e875494f4fc3a96] Merge pull request #2345 from schedutron/master
git bisect good ec1653fdff146ff8d1b3b2281e875494f4fc3a96
# bad: [f3b79087eef389011fa90eefcf64b987bed54a9d] add default tactic as option to overwrite the behavior of strategic solver factory
git bisect bad f3b79087eef389011fa90eefcf64b987bed54a9d
# bad: [1e770af1cc04f85a8d7a990ba0c9c4e433b83fa8] local sort
git bisect bad 1e770af1cc04f85a8d7a990ba0c9c4e433b83fa8
# first bad commit: [1e770af1cc04f85a8d7a990ba0c9c4e433b83fa8] local sort
