running python3 /home/yizhou7/mariposa/scripts/z3-bisect.py /home/yizhou7/mariposa/data/bisect_tasks/d_lvbkv_z3_clean--ByteBlockCacheSystem-ByteSystem.i.dfy.CheckWellformed__ByteSystem.__default.RespReadStepPreservesInv.txt
building z3
Bisecting: 1453 revisions left to test after this (roughly 11 steps)
[1915812f84cf41a5f232eedf2a695a54d055aa88] add a test for intervals
running python3 /home/yizhou7/mariposa/scripts/z3-bisect.py /home/yizhou7/mariposa/data/bisect_tasks/d_lvbkv_z3_clean--ByteBlockCacheSystem-ByteSystem.i.dfy.CheckWellformed__ByteSystem.__default.RespReadStepPreservesInv.txt
building z3
Bisecting: 1453 revisions left to test after this (roughly 11 steps)
[8faf35e2e0c8fce99794e71bd3b5de74b95ceb5a] fix #3735
running python3 /home/yizhou7/mariposa/scripts/z3-bisect.py /home/yizhou7/mariposa/data/bisect_tasks/d_lvbkv_z3_clean--ByteBlockCacheSystem-ByteSystem.i.dfy.CheckWellformed__ByteSystem.__default.RespReadStepPreservesInv.txt
building z3
done building z3 3.2
running mariposa
res: 1 
 out: [[[    3     3     3     3     3     3     3     3     3     3     3
       3     3     3     3     3     3     3     3     3     3     3
       3     3     3     3     3     3     3     3     3     3     3
       3     3     3     3     3     3     3     3     3     3     3
       3     3     3     3     3     3     3     3     3     3     3
       3     3     3     3     3     3]
  [60022 60030 60028 60026 60023 60024 60023 60032 60028 60029 60025
   60024 60024 60023 60031 60026 60027 60025 60024 60023 60024 60032
   60028 60026 60024 60023 60022 60022 60032 60024 60025 60024 60024
   60023 60022 60034 60025 60024 60025 60023 60022 60022 60032 60026
   60022 60023 60023 60023 60023 60032 60026 60026 60023 60022 60023
   60022 60025 60026 60026 60023 60022]]

 [[    3     3     3     3     3     3     3     3     3     3     3
       3     3     3     3     3     3     3     3     3     3     3
       3     3     3     3     3     3     3     3     3     3     2
       3     3     3     3     3     3     3     3     3     3     3
       3     3     3     3     3     3     3     3     3     3     3
       3     3     3     3     3     3]
  [60022 60023 60030 60024 60027 60029 60029 60030 60030 60026 60025
   60034 60029 60030 60028 60025 60024 60025 60037 60030 60031 60027
   60018 60026 60018 60032 60031 60029 60028 60028 60023 60028 33038
   60029 60030 60024 60026 60024 60025 60030 60031 60026 60027 60024
   60023 60023 60028 60025 60031 60026 60024 60024 60022 60024 60026
   60027 60025 60026 60025 60023 60036]]

 [[    3     3     3     3     3     3     3     3     3     3     3
       3     3     3     3     3     3     3     3     3     3     3
       3     3     3     3     3     3     3     2     3     3     3
       3     3     3     2     3     3     3     3     3     3     3
       3     3     3     3     3     3     3     3     3     3     3
       3     3     3     3     3     3]
  [60022 60027 60031 60036 60037 60028 60035 60031 60038 60037 60028
   60032 60033 60023 60025 60021 60022 60032 60029 60035 60025 60026
   60029 60024 60032 60021 60030 60027 60028 60022 60027 60020 60019
   60033 60029 60026 48032 60023 60024 60037 60019 60025 60022 60032
   60036 60024 60019 60027 60030 60032 60032 60028 60033 60020 60025
   60016 60028 60031 60023 60027 60023]]]
unstable
 
 err: 
done running mariposa 1643.5
Bisecting: 1254 revisions left to test after this (roughly 10 steps)
[d1a5635b4ad7f8632356b380f3a9b1fc83fdb04f] better model based lemmaas
running python3 /home/yizhou7/mariposa/scripts/z3-bisect.py /home/yizhou7/mariposa/data/bisect_tasks/d_lvbkv_z3_clean--ByteBlockCacheSystem-ByteSystem.i.dfy.CheckWellformed__ByteSystem.__default.RespReadStepPreservesInv.txt
building z3
Bisecting: 1254 revisions left to test after this (roughly 10 steps)
[0a86bd14f792ef5fadb8eeb346729a612f7e1588] start on test nla
running python3 /home/yizhou7/mariposa/scripts/z3-bisect.py /home/yizhou7/mariposa/data/bisect_tasks/d_lvbkv_z3_clean--ByteBlockCacheSystem-ByteSystem.i.dfy.CheckWellformed__ByteSystem.__default.RespReadStepPreservesInv.txt
building z3
Bisecting: 1254 revisions left to test after this (roughly 10 steps)
[f7747d9e76bd685a02ce5c5fbda91fc356856b5e] fix parameter collection for tactic-based solvers reported in #3065
running python3 /home/yizhou7/mariposa/scripts/z3-bisect.py /home/yizhou7/mariposa/data/bisect_tasks/d_lvbkv_z3_clean--ByteBlockCacheSystem-ByteSystem.i.dfy.CheckWellformed__ByteSystem.__default.RespReadStepPreservesInv.txt
building z3
done building z3 3.2
running mariposa
res: 1 
 out: [[[    3     3     3     3     3     3     3     3     3     3     3
       3     3     3     3     3     3     3     3     3     3     3
       3     3     3     3     3     3     3     3     3     3     3
       3     3     3     3     3     3     3     3     3     3     3
       3     3     3     3     3     3     3     3     3     3     3
       3     3     3     3     3     3]
  [60023 60030 60028 60028 60025 60026 60025 60027 60030 60027 60031
   60029 60028 60027 60028 60030 60027 60027 60025 60026 60024 60031
   60028 60031 60028 60027 60027 60025 60030 60029 60028 60026 60027
   60025 60026 60029 60029 60028 60027 60028 60026 60025 60031 60028
   60028 60027 60025 60025 60025 60033 60028 60026 60025 60024 60027
   60024 60025 60024 60027 60024 60025]]

 [[    3     3     3     3     3     3     3     3     3     3     3
       3     3     3     3     3     3     3     3     3     3     3
       3     3     3     3     3     3     3     3     3     3     3
       3     3     3     3     3     3     3     3     3     3     3
       3     3     3     3     3     3     3     3     3     3     3
       3     3     3     3     3     3]
  [60023 60023 60024 60024 60033 60025 60028 60027 60026 60025 60024
   60029 60025 60030 60028 60024 60024 60025 60029 60026 60030 60027
   60022 60025 60017 60025 60027 60030 60030 60025 60023 60025 60022
   60028 60030 60026 60023 60026 60023 60027 60027 60022 60029 60026
   60027 60025 60028 60029 60029 60030 60026 60024 60026 60024 60030
   60032 60032 60026 60022 60024 60028]]

 [[    3     3     3     3     3     3     3     3     3     3     3
       3     3     3     3     3     3     3     3     3     3     3
       2     3     3     3     3     3     3     3     3     3     3
       3     3     3     2     3     3     3     3     3     3     3
       3     3     3     3     3     3     3     3     3     3     3
       3     3     3     3     3     3]
  [60023 60027 60031 60022 60027 60024 60021 60020 60030 60024 60021
   60022 60022 60018 60020 60021 60027 60021 60024 60026 60024 60018
   29787 60028 60020 60024 60018 60023 60022 60028 60021 60025 60020
   60022 60026 60024 28670 60027 60020 60023 60019 60020 60024 60028
   60028 60024 60029 60026 60026 60020 60028 60023 60027 60023 60026
   60020 60019 60031 60025 60029 60020]]]
unstable
 
 err: 
done running mariposa 1644.2
Bisecting: 1034 revisions left to test after this (roughly 10 steps)
[0644194fc96a853df44c37f9e4522796aa40add8] work on lemma from product to factors, and some renaming
running python3 /home/yizhou7/mariposa/scripts/z3-bisect.py /home/yizhou7/mariposa/data/bisect_tasks/d_lvbkv_z3_clean--ByteBlockCacheSystem-ByteSystem.i.dfy.CheckWellformed__ByteSystem.__default.RespReadStepPreservesInv.txt
building z3
Bisecting: 1034 revisions left to test after this (roughly 10 steps)
[0321312c8db1d3f0edbd23e6e48884fbb7d77d1d] Changed to get_const_interp to match Java and C# bindings
running python3 /home/yizhou7/mariposa/scripts/z3-bisect.py /home/yizhou7/mariposa/data/bisect_tasks/d_lvbkv_z3_clean--ByteBlockCacheSystem-ByteSystem.i.dfy.CheckWellformed__ByteSystem.__default.RespReadStepPreservesInv.txt
building z3
done building z3 3.0
running mariposa
res: 1 
 out: [[[    3     3     3     3     3     3     3     3     3     3     3
       3     3     3     3     3     3     3     3     3     3     3
       3     3     3     3     3     3     3     3     3     3     3
       3     3     3     3     3     3     3     3     3     3     3
       3     3     3     3     3     3     3     3     3     3     3
       3     3     3     3     3     3]
  [60020 60026 60031 60027 60029 60028 60022 60030 60030 60031 60033
   60026 60026 60025 60029 60029 60030 60028 60027 60024 60025 60029
   60033 60032 60025 60030 60026 60022 60028 60026 60025 60024 60026
   60027 60022 60035 60027 60028 60029 60030 60025 60022 60026 60029
   60029 60025 60031 60028 60024 60033 60030 60030 60028 60024 60025
   60024 60025 60028 60023 60022 60023]]

 [[    3     3     3     3     3     3     3     3     3     3     3
       3     3     3     3     3     3     3     3     3     3     3
       3     3     3     2     3     3     3     3     3     3     3
       3     3     3     3     3     3     3     3     3     3     3
       3     3     3     2     3     3     3     3     3     3     3
       3     3     3     3     3     3]
  [60020 60028 60025 60025 60033 60029 60029 60028 60030 60028 60027
   60029 60029 60025 60025 60029 60027 60027 60028 60026 60024 60026
   60028 60028 60026 36214 60030 60023 60028 60030 60033 60028 60031
   60029 60032 60029 60032 60025 60026 60027 60032 60031 60028 60030
   60026 60027 60030 53653 60030 60030 60029 60026 60025 60025 60034
   60033 60031 60026 60028 60028 60030]]

 [[    3     3     3     3     3     3     3     3     3     3     3
       3     3     3     3     2     3     3     3     3     3     3
       2     3     3     3     3     3     3     3     3     3     3
       3     3     3     2     3     2     3     3     3     3     3
       3     3     3     3     3     3     3     3     3     3     3
       3     3     3     3     3     3]
  [60020 60026 60023 60027 60027 60026 60015 60016 60022 60024 60023
   60021 60024 60024 60024 49999 60026 60024 60019 60025 60025 60020
   48690 60030 60032 60029 60021 60020 60021 60029 60023 60027 60026
   60021 60025 60019 58183 60029 51447 60024 60020 60023 60020 60030
   60025 60025 60021 60021 60019 60026 60027 60025 60022 60024 60032
   60028 60026 60023 60026 60034 60028]]]
unstable
 
 err: 
done running mariposa 1644.5
Bisecting: 261 revisions left to test after this (roughly 8 steps)
[6e637348826f0725ba8a01c455448023ca2889e4] Merge pull request #2368 from waywardmonkeys/fix-typo
running python3 /home/yizhou7/mariposa/scripts/z3-bisect.py /home/yizhou7/mariposa/data/bisect_tasks/d_lvbkv_z3_clean--ByteBlockCacheSystem-ByteSystem.i.dfy.CheckWellformed__ByteSystem.__default.RespReadStepPreservesInv.txt
building z3
done building z3 3.1
running mariposa
res: 1 
 out: [[[    3     3     3     3     3     3     3     3     3     3     3
       3     3     3     3     3     3     3     3     3     3     3
       3     3     3     3     3     3     3     3     3     3     3
       3     3     3     3     3     3     3     3     3     3     3
       3     3     3     3     3     3     3     3     3     3     3
       3     3     3     3     3     3]
  [60026 60031 60030 60034 60029 60028 60030 60029 60030 60030 60029
   60032 60029 60027 60030 60030 60029 60029 60027 60030 60028 60030
   60029 60029 60031 60028 60026 60028 60033 60031 60030 60029 60027
   60028 60028 60029 60030 60029 60029 60029 60028 60029 60034 60033
   60031 60030 60031 60026 60027 60030 60029 60032 60028 60028 60030
   60026 60029 60025 60029 60028 60025]]

 [[    3     3     3     3     3     3     3     3     3     3     3
       3     3     3     3     3     3     3     3     3     3     3
       3     3     3     3     3     3     3     3     3     3     3
       3     3     3     3     3     3     3     3     3     3     3
       3     3     3     3     3     3     3     3     3     2     3
       3     3     3     3     3     3]
  [60026 60024 60027 60028 60028 60033 60029 60029 60027 60025 60026
   60030 60029 60028 60031 60028 60025 60023 60030 60028 60026 60028
   60027 60025 60024 60034 60031 60032 60029 60027 60025 60023 60030
   60029 60033 60030 60025 60024 60022 60028 60030 60026 60028 60031
   60025 60019 60024 60030 60032 60031 60027 60025 60025 21532 60027
   60028 60026 60028 60025 60026 60027]]

 [[    3     3     3     3     3     3     3     3     3     3     3
       3     3     3     3     3     3     3     3     3     3     3
       2     3     3     3     3     3     3     3     3     3     3
       3     3     3     3     3     3     3     3     3     3     3
       3     3     3     3     3     3     3     2     3     3     3
       3     3     3     3     3     3]
  [60026 60032 60029 60028 60030 60023 60029 60027 60023 60026 60026
   60022 60029 60019 60023 60029 60028 60021 60022 60024 60021 60024
   30713 60030 60019 60021 60017 60022 60024 60028 60020 60032 60022
   60022 60018 60027 60028 60021 60030 60020 60021 60024 60024 60024
   60019 60028 60020 60023 60017 60018 60028 38162 60024 60035 60025
   60022 60019 60024 60024 60021 60023]]]
unstable
 
 err: 
done running mariposa 1644.2
Bisecting: 130 revisions left to test after this (roughly 7 steps)
[9b4f327e29de8eadd112e53af5a8fb9f430fabf7] set upload mode to replace
running python3 /home/yizhou7/mariposa/scripts/z3-bisect.py /home/yizhou7/mariposa/data/bisect_tasks/d_lvbkv_z3_clean--ByteBlockCacheSystem-ByteSystem.i.dfy.CheckWellformed__ByteSystem.__default.RespReadStepPreservesInv.txt
building z3
done building z3 3.1
running mariposa
res: 0 
 out: [[[   2    2    2    2    2    2    2    2    2    2    2    2    2    2
      2    2    2    2    2    2    2    2    2    2    2    2    2    2
      2    2    2    2    2    2    2    2    2    2    2    2    2    2
      2    2    2    2    2    2    2    2    2    2    2    2    2    2
      2    2    2    2    2]
  [2398 3405 3344 3393 3295 3328 3318 3395 3314 3341 3310 3370 3318 3323
   3322 3328 3414 3302 3368 3330 3249 3253 3299 3324 3375 3441 3312 3269
   3331 3294 3369 3381 3382 3339 3257 3274 3320 3358 3306 3352 3298 3416
   3263 3404 3291 3347 3362 3274 3351 3262 3336 3392 3360 3358 3278 3237
   3303 3318 3163 2991 2905]]

 [[   2    2    2    2    2    2    2    2    2    2    2    2    2    2
      2    2    2    2    2    2    2    2    2    2    2    2    2    2
      2    2    2    2    2    2    2    2    2    2    2    2    2    2
      2    2    2    2    2    2    2    2    2    2    2    2    2    2
      2    2    2    2    2]
  [2398 3320 3413 3314 3416 3329 3393 3386 3386 3346 3331 3316 3403 3417
   3441 3372 3452 3304 3303 3367 3376 3379 3309 3425 3384 3311 3413 3390
   3409 3330 3359 3297 3292 3413 3320 3385 3311 3310 3375 3378 3362 3385
   3380 3312 3269 3269 3355 3383 3422 3411 3390 3293 3333 3299 3359 3401
   3367 3344 3364 3411 3440]]

 [[   2    2    2    2    2    2    2    2    2    2    2    2    2    2
      2    2    2    2    2    2    2    2    2    2    2    2    2    2
      2    2    2    2    2    2    2    2    2    2    2    2    2    2
      2    2    2    2    2    2    2    2    2    2    2    2    2    2
      2    2    2    2    2]
  [2398 3168 3448 3646 3735 3820 4459 4525 3603 3589 3721 3631 4357 4502
   4444 3201 3604 4448 4271 3855 4272 4467 3561 3437 3548 3589 4628 3367
   3201 2822 3306 4383 3362 3662 3721 3673 3625 3615 4410 3601 3764 3441
   3570 3579 3578 3552 3661 3462 3748 4408 3630 3626 4694 4230 3656 3519
   4393 3513 3631 3194 3622]]]
stable
 
 err: 
done running mariposa 116.7
Bisecting: 65 revisions left to test after this (roughly 6 steps)
[42ac3a536369a7d4a7eafa1fa15b571b146ba594] merge with csp
running python3 /home/yizhou7/mariposa/scripts/z3-bisect.py /home/yizhou7/mariposa/data/bisect_tasks/d_lvbkv_z3_clean--ByteBlockCacheSystem-ByteSystem.i.dfy.CheckWellformed__ByteSystem.__default.RespReadStepPreservesInv.txt
building z3
done building z3 3.0
running mariposa
res: 0 
 out: [[[   2    2    2    2    2    2    2    2    2    2    2    2    2    2
      2    2    2    2    2    2    2    2    2    2    2    2    2    2
      2    2    2    2    2    2    2    2    2    2    2    2    2    2
      2    2    2    2    2    2    2    2    2    2    2    2    2    2
      2    2    2    2    2]
  [2429 3397 3390 3384 3308 3374 3348 3386 3329 3396 3306 3327 3359 3345
   3305 3332 3477 3314 3312 3358 3287 3308 3333 3329 3377 3469 3287 3284
   3374 3316 3393 3420 3441 3308 3263 3255 3301 3369 3381 3437 3303 3347
   3259 3368 3313 3388 3429 3316 3268 3258 3299 3357 3401 3370 3311 3315
   3314 3277 3129 2974 2949]]

 [[   2    2    2    2    2    2    2    2    2    2    2    2    2    2
      2    2    2    2    2    2    2    2    2    2    2    2    2    2
      2    2    2    2    2    2    2    2    2    2    2    2    2    2
      2    2    2    2    2    2    2    2    2    2    2    2    2    2
      2    2    2    2    2]
  [2429 3327 3404 3320 3372 3353 3373 3378 3391 3316 3416 3312 3400 3431
   3436 3436 3380 3372 3292 3365 3418 3365 3403 3339 3398 3393 3410 3423
   3354 3327 3341 3326 3359 3426 3363 3347 3299 3295 3368 3418 3369 3409
   3401 3324 3272 3269 3378 3431 3421 3487 3345 3294 3327 3264 3372 3428
   3360 3425 3389 3425 3413]]

 [[   2    2    2    2    2    2    2    2    2    2    2    2    2    2
      2    2    2    2    2    2    2    2    2    2    2    2    2    2
      2    2    2    2    2    2    2    2    2    2    2    2    2    2
      2    2    2    2    2    2    2    2    2    2    2    2    2    2
      2    2    2    2    2]
  [2429 3136 3435 3636 3719 3800 4557 4543 3585 3597 3661 3617 4390 4459
   4533 3175 3612 4548 4203 3847 4360 4416 3568 3463 3606 3574 4547 3203
   3415 2840 3318 4327 3362 3713 3724 3665 3600 3629 4382 3605 3734 3477
   3650 3522 3584 3501 3677 3448 3811 4426 3650 3683 4633 4242 3642 3488
   4406 3515 3691 3182 3633]]]
stable
 
 err: 
done running mariposa 117.0
Bisecting: 32 revisions left to test after this (roughly 5 steps)
[b4290d4b3d7c021965e9ce7ee636caac0f9cac74] python regression
running python3 /home/yizhou7/mariposa/scripts/z3-bisect.py /home/yizhou7/mariposa/data/bisect_tasks/d_lvbkv_z3_clean--ByteBlockCacheSystem-ByteSystem.i.dfy.CheckWellformed__ByteSystem.__default.RespReadStepPreservesInv.txt
building z3
done building z3 3.0
running mariposa
res: 1 
 out: [[[    2     2     2     2     2     2     2     2     2     2     2
       2     2     2     2     2     2     2     2     2     2     2
       2     2     2     2     2     2     2     2     2     2     2
       2     2     2     2     2     2     2     2     2     2     2
       2     2     2     2     2     2     2     2     2     2     2
       2     2     2     2     2     2]
  [28164 46207 42654 43078 44561 45493 45276 48543 44380 45289 44660
   45950 47194 47516 47561 47155 47102 44041 48800 47547 46689 49101
   42588 43957 45347 46793 46308 43267 48682 45448 42083 44252 47037
   45680 45307 48560 46278 46469 42932 44373 49034 46467 48372 45101
   41297 45423 44747 49088 48855 46823 41188 45431 44508 49425 45408
   46873 47088 43344 40833 40525 37786]]

 [[    2     3     3     3     3     3     3     3     3     3     3
       3     3     3     3     3     3     3     3     3     3     3
       3     3     3     3     3     3     3     3     3     3     3
       3     3     3     3     3     3     3     3     3     3     3
       3     3     3     3     3     3     3     3     3     3     3
       3     2     3     3     3     3]
  [28164 60026 60026 60026 60023 60029 60029 60026 60019 60027 60027
   60026 60028 60030 60027 60025 60027 60025 60025 60033 60022 60027
   60025 60025 60025 60027 60031 60036 60027 60027 60026 60024 60020
   60034 60021 60029 60020 60026 60025 60018 60032 60029 60028 60025
   60020 60026 60019 60032 60029 60028 60027 60018 60026 60025 60031
   60028 59445 60025 60026 60024 60024]]

 [[    2     2     3     3     3     3     3     3     3     3     3
       3     3     3     3     3     3     3     3     3     3     3
       2     3     3     3     3     3     3     2     3     3     3
       3     3     3     3     3     3     3     3     3     3     3
       2     2     3     3     3     3     3     3     3     3     3
       3     3     3     3     3     3]
  [28164 52456 60026 60027 60022 60024 60024 60024 60028 60029 60022
   60025 60022 60023 60025 60029 60024 60026 60021 60018 60025 60018
   16644 60027 60026 60025 60023 60022 60024 53494 60028 60032 60022
   60025 60022 60017 60028 60023 60028 60025 60027 60028 60024 60021
   56272 47970 60028 60025 60027 60020 60020 60029 60028 60027 60028
   60021 60020 60021 60032 60031 60026]]]
unstable
 
 err: 
done running mariposa 1478.6
Bisecting: 16 revisions left to test after this (roughly 4 steps)
[0f7ff2a3d016ce6cc0dcc2654a6aa0187bc55192] swap
running python3 /home/yizhou7/mariposa/scripts/z3-bisect.py /home/yizhou7/mariposa/data/bisect_tasks/d_lvbkv_z3_clean--ByteBlockCacheSystem-ByteSystem.i.dfy.CheckWellformed__ByteSystem.__default.RespReadStepPreservesInv.txt
building z3
done building z3 3.0
running mariposa
res: 1 
 out: [[[    3     3     3     3     3     3     3     3     3     3     3
       3     3     3     3     3     3     3     3     3     3     3
       3     3     3     3     3     3     3     3     3     3     3
       3     3     3     3     3     3     3     3     3     3     3
       3     3     3     3     3     3     3     3     3     3     3
       3     3     3     3     3     3]
  [60022 60025 60024 60023 60023 60022 60023 60025 60025 60023 60026
   60025 60022 60021 60029 60025 60024 60023 60024 60023 60022 60028
   60023 60025 60024 60022 60023 60023 60031 60029 60026 60027 60025
   60024 60022 60030 60029 60023 60026 60024 60023 60022 60028 60027
   60025 60023 60022 60022 60023 60029 60028 60027 60026 60025 60023
   60023 60028 60025 60025 60022 60021]]

 [[    3     3     3     3     3     3     3     3     3     3     3
       3     3     3     3     3     3     3     3     3     3     3
       3     3     3     3     3     3     3     3     3     3     3
       3     3     3     3     3     3     3     3     3     3     3
       3     3     3     3     3     3     3     3     3     3     3
       3     3     3     3     3     3]
  [60022 60023 60022 60023 60029 60030 60025 60025 60023 60023 60022
   60029 60029 60028 60026 60023 60023 60022 60027 60029 60024 60024
   60024 60024 60022 60028 60025 60025 60023 60024 60022 60022 60029
   60027 60025 60025 60023 60023 60021 60030 60026 60026 60025 60023
   60021 60021 60031 60028 60027 60025 60023 60021 60021 60027 60027
   60024 60024 60023 60022 60022 60023]]

 [[    3     3     3     3     3     3     3     3     3     3     3
       3     3     3     3     3     3     3     3     3     3     3
       3     3     3     3     3     3     3     3     3     3     3
       3     3     3     3     3     3     3     3     3     3     3
       3     3     3     3     3     3     3     3     3     3     3
       3     3     3     3     3     3]
  [60022 60030 60029 60026 60027 60022 60023 60022 60028 60024 60024
   60024 60023 60024 60023 60028 60027 60025 60025 60026 60023 60023
   60030 60026 60025 60024 60023 60024 60021 60028 60027 60024 60021
   60024 60024 60024 60030 60028 60029 60027 60026 60023 60023 60029
   60028 60027 60025 60024 60020 60022 60027 60028 60027 60026 60024
   60022 60022 60027 60025 60026 60021]]]
unsolvable
 
 err: 
done running mariposa 1643.9
Bisecting: 7 revisions left to test after this (roughly 3 steps)
[d17248821ad047f889237ce20b6bdaa1465ceff9] include chronological backtracking, two-phase sat, xor inprocessing, probsat, ddfw
running python3 /home/yizhou7/mariposa/scripts/z3-bisect.py /home/yizhou7/mariposa/data/bisect_tasks/d_lvbkv_z3_clean--ByteBlockCacheSystem-ByteSystem.i.dfy.CheckWellformed__ByteSystem.__default.RespReadStepPreservesInv.txt
building z3
done building z3 3.0
running mariposa
res: 0 
 out: [[[   2    2    2    2    2    2    2    2    2    2    2    2    2    2
      2    2    2    2    2    2    2    2    2    2    2    2    2    2
      2    2    2    2    2    2    2    2    2    2    2    2    2    2
      2    2    2    2    2    2    2    2    2    2    2    2    2    2
      2    2    2    2    2]
  [2356 3303 3389 3415 3299 3312 3371 3366 3306 3294 3304 3336 3318 3359
   3292 3296 3364 3313 3297 3312 3286 3350 3293 3310 3337 3398 3230 3294
   3428 3310 3387 3327 3355 3241 3285 3350 3346 3369 3263 3351 3252 3357
   3354 3425 3313 3350 3352 3254 3235 3265 3343 3411 3371 3364 3332 3202
   3266 3288 3222 2972 2918]]

 [[   2    2    2    2    2    2    2    2    2    2    2    2    2    2
      2    2    2    2    2    2    2    2    2    2    2    2    2    2
      2    2    2    2    2    2    2    2    2    2    2    2    2    2
      2    2    2    2    2    2    2    2    2    2    2    2    2    2
      2    2    2    2    2]
  [2356 3309 3349 3307 3432 3330 3371 3373 3381 3283 3340 3367 3382 3407
   3486 3384 3379 3294 3376 3308 3380 3430 3325 3340 3376 3306 3393 3392
   3331 3400 3365 3295 3278 3371 3333 3319 3297 3369 3387 3363 3324 3313
   3321 3361 3335 3291 3333 3393 3368 3342 3443 3350 3372 3277 3348 3346
   3312 3373 3365 3425 3425]]

 [[   2    2    2    2    2    2    2    2    2    2    2    2    2    2
      2    2    2    2    2    2    2    2    2    2    2    2    2    2
      2    2    2    2    2    2    2    2    2    2    2    2    2    2
      2    2    2    2    2    2    2    2    2    2    2    2    2    2
      2    2    2    2    2]
  [2356 3149 3437 3615 3780 3807 4441 4483 3614 3585 3644 3621 4443 4441
   4435 3173 3638 4506 4199 3811 4335 4407 3542 3437 3570 3542 4566 3199
   3419 2813 3318 4319 3320 3659 3714 3662 3583 3602 4458 3615 3813 3420
   3572 3493 3602 3514 3659 3481 3819 4392 3617 3622 4585 4238 3651 3493
   4363 3526 3144 3632 3645]]]
stable
 
 err: 
done running mariposa 116.5
Bisecting: 3 revisions left to test after this (roughly 2 steps)
[ec1653fdff146ff8d1b3b2281e875494f4fc3a96] Merge pull request #2345 from schedutron/master
running python3 /home/yizhou7/mariposa/scripts/z3-bisect.py /home/yizhou7/mariposa/data/bisect_tasks/d_lvbkv_z3_clean--ByteBlockCacheSystem-ByteSystem.i.dfy.CheckWellformed__ByteSystem.__default.RespReadStepPreservesInv.txt
building z3
done building z3 3.0
running mariposa
res: 0 
 out: [[[   2    2    2    2    2    2    2    2    2    2    2    2    2    2
      2    2    2    2    2    2    2    2    2    2    2    2    2    2
      2    2    2    2    2    2    2    2    2    2    2    2    2    2
      2    2    2    2    2    2    2    2    2    2    2    2    2    2
      2    2    2    2    2]
  [2367 3400 3334 3351 3268 3381 3438 3390 3320 3326 3288 3257 3339 3323
   3460 3345 3397 3298 3243 3351 3356 3340 3387 3325 3409 3363 3220 3310
   3313 3471 3405 3405 3381 3240 3294 3306 3376 3400 3328 3244 3373 3350
   3324 3449 3331 3404 3331 3313 3275 3282 3368 3378 3395 3334 3310 3235
   3295 3342 3203 3017 2833]]

 [[   2    2    2    2    2    2    2    2    2    2    2    2    2    2
      2    2    2    2    2    2    2    2    2    2    2    2    2    2
      2    2    2    2    2    2    2    2    2    2    2    2    2    2
      2    2    2    2    2    2    2    2    2    2    2    2    2    2
      2    2    2    2    2]
  [2367 3357 3396 3313 3384 3334 3347 3360 3364 3331 3423 3335 3388 3390
   3412 3418 3424 3314 3323 3305 3399 3357 3360 3389 3380 3330 3385 3408
   3328 3361 3374 3310 3320 3372 3350 3312 3346 3306 3426 3370 3325 3344
   3356 3361 3275 3354 3350 3380 3404 3385 3285 3354 3363 3342 3312 3352
   3324 3382 3401 3457 3453]]

 [[   2    2    2    2    2    2    2    2    2    2    2    2    2    2
      2    2    2    2    2    2    2    2    2    2    2    2    2    2
      2    2    2    2    2    2    2    2    2    2    2    2    2    2
      2    2    2    2    2    2    2    2    2    2    2    2    2    2
      2    2    2    2    2]
  [2367 3176 3452 3670 3740 3854 4481 4475 3643 3606 3655 3622 4363 4470
   4502 3198 3606 4457 4270 3858 4327 4398 3564 3437 3551 3562 4622 3192
   3382 2842 3319 4353 3333 3739 3714 3600 3577 3640 4441 3593 3818 3490
   3592 3496 3599 3507 3667 3493 3741 4439 3644 3617 4646 4211 3712 3498
   4342 3505 3655 3172 3611]]]
stable
 
 err: 
done running mariposa 116.9
Bisecting: 1 revision left to test after this (roughly 1 step)
[f3b79087eef389011fa90eefcf64b987bed54a9d] add default tactic as option to overwrite the behavior of strategic solver factory
running python3 /home/yizhou7/mariposa/scripts/z3-bisect.py /home/yizhou7/mariposa/data/bisect_tasks/d_lvbkv_z3_clean--ByteBlockCacheSystem-ByteSystem.i.dfy.CheckWellformed__ByteSystem.__default.RespReadStepPreservesInv.txt
building z3
done building z3 3.1
running mariposa
res: 1 
 out: [[[    3     3     3     3     3     3     3     3     3     3     3
       3     3     3     3     3     3     3     3     3     3     3
       3     3     3     3     3     3     3     3     3     3     3
       3     3     3     3     3     3     3     3     3     3     3
       3     3     3     3     3     3     3     3     3     3     3
       3     3     3     3     3     3]
  [60112 60097 60082 60079 60104 60080 60080 60086 60097 60093 60097
   60093 60082 60073 60104 60092 60082 60086 60076 60082 60069 60105
   60089 60091 60075 60080 60089 60082 60084 60087 60098 60082 60089
   60091 60086 60085 60088 60087 60081 60083 60080 60079 60097 60080
   60096 60075 60077 60080 60080 60107 60103 60082 60075 60080 60081
   60081 60091 60088 60092 60092 60088]]

 [[    3     3     3     3     3     3     3     3     3     3     3
       3     3     3     3     3     3     3     3     3     3     3
       3     3     3     3     3     3     3     3     3     3     3
       3     3     3     3     3     3     3     3     3     3     3
       3     3     3     3     3     3     3     3     3     3     3
       3     3     3     3     3     3]
  [60112 60076 60076 60077 60094 60100 60094 60106 60080 60074 60073
   60072 60082 60085 60083 60072 60078 60069 60090 60096 60098 60100
   60069 60068 60080 60072 60066 60077 60081 60076 60080 60083 60095
   60081 60087 60086 60104 60077 60072 60090 60079 60088 60077 60083
   60078 60083 60090 60083 60075 60077 60093 60078 60086 60081 60080
   60068 60078 60069 60080 60074 60080]]

 [[    3     3     3     3     3     3     3     3     3     3     3
       3     3     3     3     3     3     3     3     3     3     3
       3     3     3     3     3     3     3     3     3     3     3
       3     3     3     3     3     3     3     3     3     3     3
       3     3     3     3     3     3     3     3     3     3     3
       3     3     3     3     3     3]
  [60112 60092 60101 60100 60098 60100 60098 60102 60083 60054 60080
   60081 60088 60082 60087 60093 60100 60062 60095 60083 60061 60082
   60083 60076 60082 60077 60080 60075 60075 60092 60080 60074 60058
   60079 60072 60090 60100 60080 60111 60066 60079 60073 60073 60085
   60085 60087 60062 60077 60058 60068 60108 60106 60089 60082 60071
   60074 60115 60079 60103 60054 60077]]]
unsolvable
 
 err: 
done running mariposa 1645.9
Bisecting: 0 revisions left to test after this (roughly 0 steps)
[1e770af1cc04f85a8d7a990ba0c9c4e433b83fa8] local sort
running python3 /home/yizhou7/mariposa/scripts/z3-bisect.py /home/yizhou7/mariposa/data/bisect_tasks/d_lvbkv_z3_clean--ByteBlockCacheSystem-ByteSystem.i.dfy.CheckWellformed__ByteSystem.__default.RespReadStepPreservesInv.txt
building z3
done building z3 3.0
running mariposa
res: 1 
 out: [[[    3     3     3     3     3     3     3     3     3     3     3
       3     3     3     3     3     3     3     3     3     3     3
       3     3     3     3     3     3     3     3     3     3     3
       3     3     3     3     3     3     3     3     3     3     3
       3     3     3     3     3     3     3     3     3     3     3
       3     3     3     3     3     3]
  [60112 60075 60087 60115 60102 60082 60079 60085 60095 60097 60083
   60086 60075 60073 60097 60089 60084 60100 60085 60080 60086 60112
   60104 60097 60073 60082 60083 60078 60095 60082 60100 60074 60078
   60089 60080 60080 60079 60085 60074 60073 60089 60125 60092 60081
   60093 60076 60073 60079 60084 60097 60082 60084 60086 60072 60088
   60082 60094 60092 60100 60094 60086]]

 [[    3     3     3     3     3     3     3     3     3     3     3
       3     3     3     3     3     3     3     3     3     3     3
       3     3     3     3     3     3     3     3     3     3     3
       3     3     3     3     3     3     3     3     3     3     3
       3     3     3     3     3     3     3     3     3     3     3
       3     3     3     3     3     3]
  [60112 60087 60078 60077 60094 60100 60080 60085 60092 60083 60079
   60071 60080 60084 60075 60075 60077 60086 60106 60094 60089 60088
   60075 60077 60081 60078 60081 60072 60079 60081 60076 60074 60093
   60099 60081 60075 60107 60084 60078 60091 60083 60079 60089 60086
   60078 60087 60091 60089 60083 60071 60100 60086 60096 60079 60084
   60081 60078 60068 60079 60074 60090]]

 [[    3     3     3     3     3     3     3     3     3     3     3
       3     3     3     3     3     3     3     3     3     3     3
       3     3     3     3     3     3     3     3     3     3     3
       3     3     3     3     3     3     3     3     3     3     3
       3     3     3     3     3     3     3     3     3     3     3
       3     3     3     3     3     3]
  [60112 60083 60097 60110 60109 60102 60099 60101 60083 60081 60052
   60084 60092 60093 60098 60077 60095 60059 60077 60083 60073 60079
   60110 60089 60089 60080 60081 60075 60071 60105 60096 60076 60097
   60090 60081 60088 60094 60109 60083 60079 60082 60084 60082 60093
   60095 60090 60074 60088 60064 60072 60113 60086 60091 60096 60082
   60077 60083 60095 60067 60058 60094]]]
unsolvable
 
 err: 
done running mariposa 1646.0
1e770af1cc04f85a8d7a990ba0c9c4e433b83fa8 is the first bad commit
commit 1e770af1cc04f85a8d7a990ba0c9c4e433b83fa8
Author: Nikolaj Bjorner <nbjorner@microsoft.com>
Date:   Fri Jun 14 09:29:41 2019 -0700

    local sort
    
    Signed-off-by: Nikolaj Bjorner <nbjorner@microsoft.com>

 src/ast/rewriter/bool_rewriter.cpp | 21 ++++++++++++++++++---
 1 file changed, 18 insertions(+), 3 deletions(-)
bisect run success
git bisect start
# good: [e79542cc689d52ec4cb34ce4ae3fbe56e7a0bf70] fix #2309
git bisect good e79542cc689d52ec4cb34ce4ae3fbe56e7a0bf70
# bad: [ad55a1f1c617a7f0c3dd735c0780fc758424c7f1] Update release.yml for Azure Pipelines
git bisect bad ad55a1f1c617a7f0c3dd735c0780fc758424c7f1
# skip: [e2702f3ae88f5c48a55f4473bb5c29184c182634] fixes in assigning constraints to intervals
git bisect skip e2702f3ae88f5c48a55f4473bb5c29184c182634
# skip: [1915812f84cf41a5f232eedf2a695a54d055aa88] add a test for intervals
git bisect skip 1915812f84cf41a5f232eedf2a695a54d055aa88
# bad: [8faf35e2e0c8fce99794e71bd3b5de74b95ceb5a] fix #3735
git bisect bad 8faf35e2e0c8fce99794e71bd3b5de74b95ceb5a
# skip: [d1a5635b4ad7f8632356b380f3a9b1fc83fdb04f] better model based lemmaas
git bisect skip d1a5635b4ad7f8632356b380f3a9b1fc83fdb04f
# skip: [0a86bd14f792ef5fadb8eeb346729a612f7e1588] start on test nla
git bisect skip 0a86bd14f792ef5fadb8eeb346729a612f7e1588
# bad: [f7747d9e76bd685a02ce5c5fbda91fc356856b5e] fix parameter collection for tactic-based solvers reported in #3065
git bisect bad f7747d9e76bd685a02ce5c5fbda91fc356856b5e
# skip: [0644194fc96a853df44c37f9e4522796aa40add8] work on lemma from product to factors, and some renaming
git bisect skip 0644194fc96a853df44c37f9e4522796aa40add8
# bad: [0321312c8db1d3f0edbd23e6e48884fbb7d77d1d] Changed to get_const_interp to match Java and C# bindings
git bisect bad 0321312c8db1d3f0edbd23e6e48884fbb7d77d1d
# bad: [6e637348826f0725ba8a01c455448023ca2889e4] Merge pull request #2368 from waywardmonkeys/fix-typo
git bisect bad 6e637348826f0725ba8a01c455448023ca2889e4
# good: [9b4f327e29de8eadd112e53af5a8fb9f430fabf7] set upload mode to replace
git bisect good 9b4f327e29de8eadd112e53af5a8fb9f430fabf7
# good: [42ac3a536369a7d4a7eafa1fa15b571b146ba594] merge with csp
git bisect good 42ac3a536369a7d4a7eafa1fa15b571b146ba594
# bad: [b4290d4b3d7c021965e9ce7ee636caac0f9cac74] python regression
git bisect bad b4290d4b3d7c021965e9ce7ee636caac0f9cac74
# bad: [0f7ff2a3d016ce6cc0dcc2654a6aa0187bc55192] swap
git bisect bad 0f7ff2a3d016ce6cc0dcc2654a6aa0187bc55192
# good: [d17248821ad047f889237ce20b6bdaa1465ceff9] include chronological backtracking, two-phase sat, xor inprocessing, probsat, ddfw
git bisect good d17248821ad047f889237ce20b6bdaa1465ceff9
# good: [ec1653fdff146ff8d1b3b2281e875494f4fc3a96] Merge pull request #2345 from schedutron/master
git bisect good ec1653fdff146ff8d1b3b2281e875494f4fc3a96
# bad: [f3b79087eef389011fa90eefcf64b987bed54a9d] add default tactic as option to overwrite the behavior of strategic solver factory
git bisect bad f3b79087eef389011fa90eefcf64b987bed54a9d
# bad: [1e770af1cc04f85a8d7a990ba0c9c4e433b83fa8] local sort
git bisect bad 1e770af1cc04f85a8d7a990ba0c9c4e433b83fa8
# first bad commit: [1e770af1cc04f85a8d7a990ba0c9c4e433b83fa8] local sort
