running python3 /home/yizhou7/mariposa/scripts/z3-bisect.py /home/yizhou7/mariposa/data/bisect_tasks/d_lvbkv_z3_clean--PivotBetree-PivotBetreeSpecWFNodes.i.dfy.Impl__PivotBetreeSpecWFNodes.__default.SplitMaps.txt
building z3
Bisecting: 1453 revisions left to test after this (roughly 11 steps)
[1915812f84cf41a5f232eedf2a695a54d055aa88] add a test for intervals
running python3 /home/yizhou7/mariposa/scripts/z3-bisect.py /home/yizhou7/mariposa/data/bisect_tasks/d_lvbkv_z3_clean--PivotBetree-PivotBetreeSpecWFNodes.i.dfy.Impl__PivotBetreeSpecWFNodes.__default.SplitMaps.txt
building z3
Bisecting: 1453 revisions left to test after this (roughly 11 steps)
[8faf35e2e0c8fce99794e71bd3b5de74b95ceb5a] fix #3735
running python3 /home/yizhou7/mariposa/scripts/z3-bisect.py /home/yizhou7/mariposa/data/bisect_tasks/d_lvbkv_z3_clean--PivotBetree-PivotBetreeSpecWFNodes.i.dfy.Impl__PivotBetreeSpecWFNodes.__default.SplitMaps.txt
building z3
done building z3 3.2
running mariposa
res: 1 
 out: [[[    2     2     2     3     3     3     3     2     3     2     3
       3     3     3     3     2     2     2     2     3     2     3
       3     3     2     3     3     3     3     2     3     3     2
       2     2     2     2     3     3     2     2     3     2     3
       2     2     3     2     2     2     2     3     3     3     2
       2     3     2     3     2     3]
  [56040 13229 56138 60046 60042 60041 60042 13269 60028 33225 60042
   60047 60045 60039 60048 13367 13391 30115 39702 60040 13514 60043
   60037 60043 13504 60038 60028 60040 60032 13412 60044 60042 32832
   57721 13218 56163   588 60049 60041 57718 33672 60042 13330 60037
   13697 13542 60028 39789 32740 32835 13463 60042 60027 60041   569
   13415 60042 26943 60041 27808 60034]]

 [[    2     2     2     2     2     2     2     3     2     2     2
       2     2     2     2     2     3     2     2     2     2     2
       3     3     3     2     2     3     3     2     2     3     3
       3     2     2     3     2     2     2     2     2     2     3
       2     2     3     2     2     2     2     2     2     2     2
       2     2     2     3     2     3]
  [56040   622   577   686 42027   676   588 60037   595   589 32496
   32621 35426   651 32894   602 60044 10170   610   524 34592 34098
   60041 60034 60040   614   649 60043 60047   660   758 60042 60046
   60048   691   660 60045   731   608 35681   609 32255   594 60040
     614   583 60047   519 57250  4567   625   621 35030 31085   605
     575 12352 34841 60039 33066 60051]]

 [[    2     2     2     2     2     2     2     2     2     2     2
       3     3     3     2     2     3     2     3     2     3     3
       3     3     2     3     2     3     2     3     3     3     3
       2     3     2     2     2     2     3     2     2     2     3
       2     2     2     3     2     2     3     3     2     3     2
       3     3     3     2     3     2]
  [56040   593   622   653   685   814 34899 37225 44863   641   758
   60025 60025 60047   666   703 60033 33832 60037   759 60032 60042
   60026 60025   678 60033   708 60044 46950 60034 60032 60037 60035
     623 60028   687   583   741   623 60033   643   712   726 60035
     662   682 36624 60026   864 15298 60062 60041   723 60039   679
   60038 60031 60032 36476 60045 57018]]]
unstable
 
 err: 
done running mariposa 930.3
Bisecting: 1254 revisions left to test after this (roughly 10 steps)
[d1a5635b4ad7f8632356b380f3a9b1fc83fdb04f] better model based lemmaas
running python3 /home/yizhou7/mariposa/scripts/z3-bisect.py /home/yizhou7/mariposa/data/bisect_tasks/d_lvbkv_z3_clean--PivotBetree-PivotBetreeSpecWFNodes.i.dfy.Impl__PivotBetreeSpecWFNodes.__default.SplitMaps.txt
building z3
Bisecting: 1254 revisions left to test after this (roughly 10 steps)
[0a86bd14f792ef5fadb8eeb346729a612f7e1588] start on test nla
running python3 /home/yizhou7/mariposa/scripts/z3-bisect.py /home/yizhou7/mariposa/data/bisect_tasks/d_lvbkv_z3_clean--PivotBetree-PivotBetreeSpecWFNodes.i.dfy.Impl__PivotBetreeSpecWFNodes.__default.SplitMaps.txt
building z3
Bisecting: 1254 revisions left to test after this (roughly 10 steps)
[f7747d9e76bd685a02ce5c5fbda91fc356856b5e] fix parameter collection for tactic-based solvers reported in #3065
running python3 /home/yizhou7/mariposa/scripts/z3-bisect.py /home/yizhou7/mariposa/data/bisect_tasks/d_lvbkv_z3_clean--PivotBetree-PivotBetreeSpecWFNodes.i.dfy.Impl__PivotBetreeSpecWFNodes.__default.SplitMaps.txt
building z3
done building z3 3.2
running mariposa
res: 1 
 out: [[[    3     2     2     2     2     2     2     3     2     2     2
       3     3     3     3     2     2     2     2     3     2     2
       2     2     2     2     2     2     2     2     2     2     2
       2     2     2     3     2     2     3     2     2     2     3
       2     2     3     3     3     3     2     3     2     3     3
       2     3     2     3     3     3]
  [60037 30449   570 32416 13519 33164 32806 60047 13284 32655 32416
   60045 60037 60044 60044   588 33621 13286   571 60041 22324 13152
     564 13114 32537 33097 13199 31474 13203 32051 32125 13121 30560
   31904 22467 32787 60051   591 13260 60037 13464 13457 22615 60043
   13251   560 60051 60044 60046 60043 33932 60043   575 60048 60037
   12804 60038 12837 60042 60046 60039]]

 [[    3     2     2     2     2     2     2     2     2     2     2
       2     2     2     2     2     3     2     2     3     3     3
       2     2     3     2     2     3     2     3     2     3     2
       3     2     2     2     2     2     2     2     3     2     2
       2     2     2     2     3     2     2     2     2     2     2
       2     3     2     3     2     3]
  [60037   603   619   602   639 34380 31016   691   591   578   562
   36544 32581   756 37273   758 60048   614   607 60051 60040 60043
   39147 35705 60043   647   540 60058   600 60045   755 60040 37970
   60046   656   600 14306   558 35686   627   608 60058   604   546
     684   610 35873   611 60043 57394 13828   647 34169   586   602
   14093 60045 34070 60046 33699 60052]]

 [[    3     2     2     2     2     2     2     2     2     2     2
       3     3     3     3     2     2     2     3     2     2     3
       2     3     3     3     2     3     2     3     3     3     2
       3     3     2     2     2     2     2     2     2     2     3
       2     3     2     3     2     3     3     3     2     3     2
       3     2     2     3     3     3]
  [60037   614   653   735   811 13132 26092 38526 35003   634   737
   60028 60033 60025 60024   696   781 42910 60044   777 36845 60031
     649 60042 60034 60038   793 60055 48105 60040 60039 60045   690
   60036 60031   737   855   693   685 45199   605   687   741 60051
     796 60037   668 60035 33855 60059 60042 60040 15189 60045   590
   60035 35101 51087 60043 60028 60042]]]
unstable
 
 err: 
done running mariposa 875.6
Bisecting: 1034 revisions left to test after this (roughly 10 steps)
[0644194fc96a853df44c37f9e4522796aa40add8] work on lemma from product to factors, and some renaming
running python3 /home/yizhou7/mariposa/scripts/z3-bisect.py /home/yizhou7/mariposa/data/bisect_tasks/d_lvbkv_z3_clean--PivotBetree-PivotBetreeSpecWFNodes.i.dfy.Impl__PivotBetreeSpecWFNodes.__default.SplitMaps.txt
building z3
Bisecting: 1034 revisions left to test after this (roughly 10 steps)
[0321312c8db1d3f0edbd23e6e48884fbb7d77d1d] Changed to get_const_interp to match Java and C# bindings
running python3 /home/yizhou7/mariposa/scripts/z3-bisect.py /home/yizhou7/mariposa/data/bisect_tasks/d_lvbkv_z3_clean--PivotBetree-PivotBetreeSpecWFNodes.i.dfy.Impl__PivotBetreeSpecWFNodes.__default.SplitMaps.txt
building z3
done building z3 3.2
running mariposa
res: 1 
 out: [[[    2     2     2     2     2     2     2     2     2     2     2
       2     2     2     2     2     2     2     2     2     2     2
       2     2     2     2     2     2     2     2     2     2     2
       2     2     2     2     2     2     2     2     2     2     2
       2     2     2     2     2     2     2     2     2     2     2
       2     2     2     2     2     2]
  [  413   564   537   578   568   579   559   563   568   566   575
     585   564   575   576   579   564   561   537   532   582   559
     561   578   571   576   566   520   554   530   559   546   520
     532   572   559   546   563   531   580   573   561   570   535
     550   566   565   527   575   574   568   570   567   522   566
     568   522   564   520   557   553]]

 [[    2     2     2     2     2     2     2     2     2     2     2
       2     3     2     3     3     2     2     3     2     2     2
       3     2     3     2     2     2     3     3     2     2     3
       3     3     2     3     3     2     3     2     2     3     3
       3     2     3     3     3     2     2     2     2     3     2
       2     2     2     2     3     3]
  [  413   544   627 34293 33824 34860   764   525 36908   611 14467
   34934 60049 35562 60037 60043 36373   581 60040   657   611 33700
   60047 35847 60040   677   677   631 60048 60047   600   562 60047
   60034 60042   597 60040 60040 57230 60051 34744 36965 60056 60055
   60038 33716 60034 60035 60050 34214   575   710 35599 60037   553
     570 38377 36586 35359 60039 60038]]

 [[    2     2     2     2     2     2     2     2     2     3     3
       3     3     2     3     2     3     3     2     2     3     3
       2     2     3     3     3     2     3     3     3     2     3
       3     2     3     3     2     3     3     3     2     2     2
       3     2     2     2     2     2     3     2     2     2     3
       2     3     3     2     3     3]
  [  413   517   507   552 15504 37559 38500   601   703 60030 60029
   60037 60047   640 60040 38858 60042 60060 42847   616 60026 60031
     616 25566 60040 60050 60055   578 60042 60042 60039   780 60054
   60043 35098 60037 60040   661 60038 60037 60044   605 34496   686
   60041   650   571   601   666 59913 60049   757   635   594 60037
     611 60050 60051 58217 60041 60052]]]
unstable
 
 err: 
done running mariposa 625.1
Bisecting: 261 revisions left to test after this (roughly 8 steps)
[6e637348826f0725ba8a01c455448023ca2889e4] Merge pull request #2368 from waywardmonkeys/fix-typo
running python3 /home/yizhou7/mariposa/scripts/z3-bisect.py /home/yizhou7/mariposa/data/bisect_tasks/d_lvbkv_z3_clean--PivotBetree-PivotBetreeSpecWFNodes.i.dfy.Impl__PivotBetreeSpecWFNodes.__default.SplitMaps.txt
building z3
done building z3 3.1
running mariposa
res: 1 
 out: [[[    3     3     3     3     3     3     3     3     3     3     3
       3     3     3     3     3     3     3     3     3     3     3
       3     3     3     3     3     3     3     3     3     3     3
       3     3     3     3     3     3     3     3     3     3     3
       3     3     3     3     3     3     3     3     3     3     3
       3     3     3     3     3     3]
  [60035 60041 60043 60043 60046 60049 60046 60046 60040 60040 60043
   60047 60048 60043 60044 60039 60043 60042 60045 60048 60043 60046
   60042 60041 60042 60044 60049 60043 60046 60040 60042 60044 60045
   60049 60046 60047 60039 60042 60041 60042 60048 60043 60046 60040
   60042 60042 60043 60048 60044 60045 60037 60045 60043 60043 60049
   60042 60041 60038 60035 60034 60038]]

 [[    3     2     2     2     3     3     2     2     3     2     2
       3     3     2     2     3     2     2     2     3     3     2
       2     3     3     2     3     3     3     2     3     3     2
       2     2     3     3     2     2     2     2     3     2     3
       2     2     2     3     2     2     2     2     3     3     2
       3     3     3     2     3     3]
  [60035   573   728   634 60041 60042   622   616 60042 15637   565
   60037 60038   645  5012 60042 14647   640   576 60042 60042   583
     637 60050 60045 36673 60042 60045 60041   624 60037 60045   594
     637   551 60039 60039 40710   510   585   590 60042   649 60042
   28917 35296   559 60047   618   617   634   540 60045 60040   531
   60048 60050 60048 39257 60050 60044]]

 [[    3     2     2     2     2     3     3     3     3     2     2
       3     2     2     3     3     3     2     2     2     2     2
       2     2     3     2     2     3     3     2     3     2     2
       3     3     2     2     3     2     3     2     2     2     3
       3     2     2     2     2     3     2     2     3     2     3
       2     3     3     3     2     3]
  [60035   542 16042 33176 35912 60039 60028 60028 60030   684 35718
   60048 33277 36284 60035 60029 60037   564   566   630   630   817
   58015 37906 60047   916   708 60033 60032   609 60036   599 60048
   60034 60031 58807   646 60044   553 60034   643 15080 55516 60054
   60042   713 59185   600 15351 60034   557   711 60036 35331 60034
   35717 60052 60045 60046 38158 60041]]]
unstable
 
 err: 
done running mariposa 1178.0
Bisecting: 130 revisions left to test after this (roughly 7 steps)
[9b4f327e29de8eadd112e53af5a8fb9f430fabf7] set upload mode to replace
running python3 /home/yizhou7/mariposa/scripts/z3-bisect.py /home/yizhou7/mariposa/data/bisect_tasks/d_lvbkv_z3_clean--PivotBetree-PivotBetreeSpecWFNodes.i.dfy.Impl__PivotBetreeSpecWFNodes.__default.SplitMaps.txt
building z3
done building z3 3.1
running mariposa
res: 0 
 out: [[[  2   2   2   2   2   2   2   2   2   2   2   2   2   2   2   2   2
     2   2   2   2   2   2   2   2   2   2   2   2   2   2   2   2   2
     2   2   2   2   2   2   2   2   2   2   2   2   2   2   2   2   2
     2   2   2   2   2   2   2   2   2   2]
  [371 455 460 454 455 458 459 398 397 453 452 402 401 454 401 451 401
   453 398 453 454 400 458 400 452 448 403 454 452 404 454 453 447 454
   455 398 403 451 451 394 455 451 397 454 399 454 453 396 400 449 398
   398 401 448 401 399 440 438 442 441 374]]

 [[  2   2   2   2   2   2   2   2   2   2   2   2   2   2   2   2   2
     2   2   2   2   2   2   2   2   2   2   2   2   2   2   2   2   2
     2   2   2   2   2   2   2   2   2   2   2   2   2   2   2   2   2
     2   2   2   2   2   2   2   2   2   2]
  [371 461 486 462 458 464 462 455 461 464 460 461 484 462 459 462 462
   461 462 461 466 461 459 462 461 455 460 457 460 460 463 459 455 456
   484 462 466 462 463 403 456 460 457 468 461 463 455 463 479 460 462
   466 464 454 458 457 461 467 468 468 462]]

 [[  2   2   2   2   2   2   2   2   2   2   2   2   2   2   2   2   2
     2   2   2   2   2   2   2   2   2   2   2   2   2   2   2   2   2
     2   2   2   2   2   2   2   2   2   2   2   2   2   2   2   2   2
     2   2   2   2   2   2   2   2   2   2]
  [371 447 464 525 527 521 519 530 517 528 466 453 555 537 525 457 519
   518 466 469 551 523 519 513 444 458 524 463 550 527 525 523 544 531
   554 544 461 451 527 453 531 525 537 439 514 455 520 452 509 516 534
   446 468 513 524 532 456 505 533 515 453]]]
stable
 
 err: 
done running mariposa 21.0
Bisecting: 65 revisions left to test after this (roughly 6 steps)
[42ac3a536369a7d4a7eafa1fa15b571b146ba594] merge with csp
running python3 /home/yizhou7/mariposa/scripts/z3-bisect.py /home/yizhou7/mariposa/data/bisect_tasks/d_lvbkv_z3_clean--PivotBetree-PivotBetreeSpecWFNodes.i.dfy.Impl__PivotBetreeSpecWFNodes.__default.SplitMaps.txt
building z3
done building z3 3.1
running mariposa
res: 0 
 out: [[[  2   2   2   2   2   2   2   2   2   2   2   2   2   2   2   2   2
     2   2   2   2   2   2   2   2   2   2   2   2   2   2   2   2   2
     2   2   2   2   2   2   2   2   2   2   2   2   2   2   2   2   2
     2   2   2   2   2   2   2   2   2   2]
  [376 455 454 458 453 463 458 402 403 454 455 398 406 457 400 403 452
   454 399 452 458 407 459 404 455 445 403 454 411 454 454 454 455 457
   454 400 405 454 455 395 454 452 401 455 404 452 453 402 400 449 402
   402 401 448 401 398 445 442 438 439 381]]

 [[  2   2   2   2   2   2   2   2   2   2   2   2   2   2   2   2   2
     2   2   2   2   2   2   2   2   2   2   2   2   2   2   2   2   2
     2   2   2   2   2   2   2   2   2   2   2   2   2   2   2   2   2
     2   2   2   2   2   2   2   2   2   2]
  [376 461 490 463 459 465 472 473 472 472 519 465 479 462 461 462 461
   466 463 460 463 461 461 464 462 461 458 464 460 459 464 463 456 481
   462 462 460 465 462 404 455 459 461 461 465 462 457 480 461 460 459
   465 467 458 460 463 460 460 465 467 462]]

 [[  2   2   2   2   2   2   2   2   2   2   2   2   2   2   2   2   2
     2   2   2   2   2   2   2   2   2   2   2   2   2   2   2   2   2
     2   2   2   2   2   2   2   2   2   2   2   2   2   2   2   2   2
     2   2   2   2   2   2   2   2   2   2]
  [376 450 462 527 526 517 534 532 518 523 467 460 562 538 530 454 522
   523 469 549 473 529 513 526 445 465 525 471 548 524 525 539 527 530
   558 547 464 451 521 536 456 525 542 447 521 458 520 451 510 520 539
   447 473 528 538 516 452 505 534 456 521]]]
stable
 
 err: 
done running mariposa 21.1
Bisecting: 32 revisions left to test after this (roughly 5 steps)
[b4290d4b3d7c021965e9ce7ee636caac0f9cac74] python regression
running python3 /home/yizhou7/mariposa/scripts/z3-bisect.py /home/yizhou7/mariposa/data/bisect_tasks/d_lvbkv_z3_clean--PivotBetree-PivotBetreeSpecWFNodes.i.dfy.Impl__PivotBetreeSpecWFNodes.__default.SplitMaps.txt
building z3
done building z3 3.1
running mariposa
res: 1 
 out: [[[    3     3     3     3     3     3     3     3     3     3     3
       3     3     3     3     3     3     3     3     3     3     3
       3     3     3     3     3     3     3     3     3     3     3
       3     3     3     3     3     3     3     3     3     3     3
       3     3     3     3     3     3     3     3     3     3     3
       3     3     3     3     3     3]
  [60034 60036 60040 60042 60042 60044 60039 60042 60042 60042 60045
   60044 60041 60041 60042 60039 60042 60041 60043 60043 60040 60040
   60040 60042 60041 60044 60038 60037 60042 60040 60041 60040 60044
   60039 60039 60042 60042 60041 60040 60044 60040 60039 60041 60041
   60042 60040 60044 60040 60040 60042 60043 60042 60042 60044 60041
   60038 60039 60038 60041 60037 60034]]

 [[    3     2     2     2     2     2     2     2     2     2     2
       2     2     2     2     2     2     2     3     2     3     3
       3     3     2     2     2     3     2     2     2     2     2
       3     3     2     2     2     3     2     2     3     3     2
       3     3     3     2     2     2     2     3     2     3     3
       3     2     3     2     3     3]
  [60034   612   614   766   582 39963   649   700   614   691   611
     640   617   544   666 35965   695   550 60035 37309 60039 60042
   60035 60044   714   550   592 60038   595   663   571   610 35608
   60043 60038 38305   581 36297 60037 36399 36954 60041 60047 37373
   60041 60040 60035   589   654   630   581 60047   679 60039 60039
   60042 36691 60047 37020 60052 60043]]

 [[    3     2     2     2     2     3     3     3     3     2     2
       2     2     3     3     3     2     3     3     3     2     3
       3     3     3     3     3     2     2     2     3     3     2
       2     2     3     2     2     3     2     2     3     3     2
       2     2     3     3     3     3     3     2     3     2     2
       3     3     3     2     3     3]
  [60034   562 14338 23532 42655 60030 60031 60047 60025   676   698
     750   626 60035 60032 60036 57882 60037 60033 60035   705 60043
   60037 60036 60035 60036 60036   589   616   678 60042 60032 15316
     722   617 60055   759 32843 60038   701 34457 60040 60032   812
     822   740 60040 60037 60050 60037 60045   720 60033   583 47764
   60038 60041 60039 38071 60042 60039]]]
unstable
 
 err: 
done running mariposa 1174.2
Bisecting: 16 revisions left to test after this (roughly 4 steps)
[0f7ff2a3d016ce6cc0dcc2654a6aa0187bc55192] swap
running python3 /home/yizhou7/mariposa/scripts/z3-bisect.py /home/yizhou7/mariposa/data/bisect_tasks/d_lvbkv_z3_clean--PivotBetree-PivotBetreeSpecWFNodes.i.dfy.Impl__PivotBetreeSpecWFNodes.__default.SplitMaps.txt
building z3
done building z3 3.1
running mariposa
res: 0 
 out: [[[  2   2   2   2   2   2   2   2   2   2   2   2   2   2   2   2   2
     2   2   2   2   2   2   2   2   2   2   2   2   2   2   2   2   2
     2   2   2   2   2   2   2   2   2   2   2   2   2   2   2   2   2
     2   2   2   2   2   2   2   2   2   2]
  [417 454 444 481 484 481 455 455 454 489 439 436 482 437 453 441 456
   453 439 482 484 455 440 436 471 455 459 509 436 479 434 440 478 458
   481 433 507 457 460 436 457 457 468 511 457 440 456 472 441 453 436
   485 470 481 455 475 471 444 460 437 411]]

 [[  2   2   2   2   2   2   2   2   2   2   2   2   2   2   2   2   2
     2   2   2   2   2   2   2   2   2   2   2   2   2   2   2   2   2
     2   2   2   2   2   2   2   2   2   2   2   2   2   2   2   2   2
     2   2   2   2   2   2   2   2   2   2]
  [417 455 459 469 442 533 486 498 482 459 446 488 444 506 518 450 513
   511 451 437 447 496 461 516 510 455 476 506 500 453 523 457 523 448
   464 461 464 454 493 439 442 512 500 498 500 510 486 494 499 547 508
   532 537 533 518 517 462 451 529 511 501]]

 [[  2   2   2   2   2   2   2   2   2   2   2   2   2   2   2   2   2
     2   2   2   2   2   2   2   2   2   2   2   2   2   2   2   2   2
     2   2   2   2   2   2   2   2   2   2   2   2   2   2   2   2   2
     2   2   2   2   2   2   2   2   2   2]
  [417 488 492 546 516 552 543 550 488 484 507 504 505 493 527 571 587
   564 574 537 559 524 525 528 521 500 520 553 582 492 549 516 582 525
   578 560 509 499 487 525 547 574 521 475 483 535 524 517 509 528 538
   562 501 589 524 585 613 477 535 562 523]]]
stable
 
 err: 
done running mariposa 21.8
Bisecting: 7 revisions left to test after this (roughly 3 steps)
[89e8a1392c992a6c37b8c5320b9e4b9b506bd4a1] na
running python3 /home/yizhou7/mariposa/scripts/z3-bisect.py /home/yizhou7/mariposa/data/bisect_tasks/d_lvbkv_z3_clean--PivotBetree-PivotBetreeSpecWFNodes.i.dfy.Impl__PivotBetreeSpecWFNodes.__default.SplitMaps.txt
building z3
done building z3 3.0
running mariposa
res: 1 
 out: [[[    3     3     3     3     3     3     3     3     3     3     3
       3     3     3     3     3     3     3     3     3     3     3
       3     3     3     3     3     3     3     3     3     3     3
       3     3     3     3     3     3     3     3     3     3     3
       3     3     3     3     3     3     3     3     3     3     3
       3     3     3     3     3     3]
  [60031 60037 60038 60039 60043 60042 60040 60044 60039 60041 60039
   60042 60040 60039 60044 60040 60043 60040 60044 60039 60038 60043
   60042 60043 60040 60043 60043 60039 60043 60041 60041 60039 60043
   60044 60043 60043 60040 60043 60041 60045 60040 60039 60045 60041
   60043 60041 60045 60043 60041 60042 60038 60041 60041 60044 60039
   60037 60040 60039 60040 60037 60034]]

 [[    3     2     2     2     2     2     2     2     2     2     2
       2     2     2     2     2     2     2     3     2     3     3
       3     3     2     2     3     2     2     2     2     2     2
       3     3     2     2     2     3     2     2     3     3     2
       3     3     2     3     2     2     2     3     2     3     3
       3     2     3     2     3     3]
  [60031   611   622   760   592 40533   652   694   610   683   588
     634   618   532   658 36052   700   556 60036 37186 60040 60041
   60037 60044   711   550 60041   590   589   670   550   638 35059
   60041 60046 38128   565 35277 60034 36508 36201 60040 60048 37796
   60037 60041   582 60034   646   619   574 60049   694 60035 60044
   60045 35810 60048 38035 60054 60039]]

 [[    3     2     2     2     2     3     3     3     3     2     2
       2     2     3     3     3     2     3     3     3     2     3
       3     3     3     3     3     2     2     2     3     3     2
       2     2     3     2     2     3     2     2     3     3     2
       2     2     3     3     3     3     3     2     3     2     2
       3     3     3     2     3     3]
  [60031   561 14794 23689 41989 60033 60030 60044 60025   667   707
     748   618 60037 60036 60038 58053 60038 60027 60036   696 60036
   60038 60034 60035 60037 60034   597   615   681 60041 60036 15413
     712   607 60058   745 32759 60042   701 35408 60034 60031   789
     838   735 60038 60033 60044 60034 60041   726 60035   671 47771
   60036 60040 60040 38655 60040 60037]]]
unstable
 
 err: 
done running mariposa 1174.7
Bisecting: 4 revisions left to test after this (roughly 2 steps)
[1827f98851e1866187abe743afd2d80bc786412f] more fixes for mutexes in shell
running python3 /home/yizhou7/mariposa/scripts/z3-bisect.py /home/yizhou7/mariposa/data/bisect_tasks/d_lvbkv_z3_clean--PivotBetree-PivotBetreeSpecWFNodes.i.dfy.Impl__PivotBetreeSpecWFNodes.__default.SplitMaps.txt
building z3
done building z3 3.1
running mariposa
res: 0 
 out: [[[  2   2   2   2   2   2   2   2   2   2   2   2   2   2   2   2   2
     2   2   2   2   2   2   2   2   2   2   2   2   2   2   2   2   2
     2   2   2   2   2   2   2   2   2   2   2   2   2   2   2   2   2
     2   2   2   2   2   2   2   2   2   2]
  [419 457 433 482 485 483 461 457 455 475 434 442 483 439 457 435 456
   452 442 483 479 440 458 436 470 453 460 511 433 479 439 438 479 457
   480 434 511 461 458 439 455 454 468 516 461 437 459 473 440 452 440
   489 475 484 454 469 466 443 468 437 414]]

 [[  2   2   2   2   2   2   2   2   2   2   2   2   2   2   2   2   2
     2   2   2   2   2   2   2   2   2   2   2   2   2   2   2   2   2
     2   2   2   2   2   2   2   2   2   2   2   2   2   2   2   2   2
     2   2   2   2   2   2   2   2   2   2]
  [419 448 464 468 441 529 493 500 481 459 445 487 441 502 516 509 454
   515 463 449 461 515 468 513 512 462 511 509 510 451 525 454 518 463
   449 471 459 456 492 437 444 507 498 501 500 508 478 490 492 500 551
   540 542 530 517 511 457 454 526 511 500]]

 [[  2   2   2   2   2   2   2   2   2   2   2   2   2   2   2   2   2
     2   2   2   2   2   2   2   2   2   2   2   2   2   2   2   2   2
     2   2   2   2   2   2   2   2   2   2   2   2   2   2   2   2   2
     2   2   2   2   2   2   2   2   2   2]
  [419 491 488 521 536 545 545 552 489 485 507 509 489 505 524 571 585
   570 534 523 560 571 524 532 518 490 518 556 579 491 552 508 569 585
   526 558 502 498 484 526 544 577 524 477 486 515 538 510 504 523 538
   567 506 589 515 610 591 480 534 570 522]]]
stable
 
 err: 
done running mariposa 21.8
Bisecting: 1 revision left to test after this (roughly 1 step)
[5177cc4a9a58df192c6a844ca13abf7e7cd3be15] change lt
running python3 /home/yizhou7/mariposa/scripts/z3-bisect.py /home/yizhou7/mariposa/data/bisect_tasks/d_lvbkv_z3_clean--PivotBetree-PivotBetreeSpecWFNodes.i.dfy.Impl__PivotBetreeSpecWFNodes.__default.SplitMaps.txt
building z3
done building z3 3.1
running mariposa
res: 1 
 out: [[[    3     3     3     3     3     3     3     3     3     3     3
       3     3     3     3     3     3     3     3     3     3     3
       3     3     3     3     3     3     3     3     3     3     3
       3     3     3     3     3     3     3     3     3     3     3
       3     3     3     3     3     3     3     3     3     3     3
       3     3     3     3     3     3]
  [60035 60036 60043 60041 60044 60042 60043 60043 60038 60042 60039
   60041 60044 60044 60045 60042 60042 60043 60040 60044 60041 60044
   60042 60041 60044 60042 60044 60041 60044 60043 60041 60043 60041
   60043 60040 60043 60040 60042 60044 60042 60044 60042 60045 60041
   60043 60045 60043 60044 60041 60043 60040 60043 60045 60044 60045
   60038 60041 60038 60042 60040 60036]]

 [[    3     2     2     2     2     2     2     2     2     2     2
       2     2     2     2     2     2     2     3     2     3     3
       3     3     2     2     2     2     3     2     2     2     2
       3     3     2     2     2     2     3     2     3     3     2
       3     3     3     2     2     2     2     3     2     3     3
       3     2     3     2     3     3]
  [60035   611   616   757   581 39954   655   693   606   695   615
     635   615   539   657 36660   699   552 60040 36745 60039 60044
   60042 60042   711   553   602   612 60040   653   561   635 34952
   60043 60046 38045   552 36259 35828 60036 36518 60038 60047 37442
   60039 60042 60034   601   663   613   599 60052   697 60038 60046
   60042 35943 60049 36761 60055 60039]]

 [[    3     2     2     2     2     3     3     3     3     2     2
       2     2     3     3     3     2     3     3     3     2     3
       3     3     3     3     3     2     2     2     3     3     2
       2     2     3     2     2     3     2     2     3     3     2
       2     2     3     3     3     3     3     2     3     2     2
       3     3     3     2     3     3]
  [60035   563 14237 23510 42258 60031 60050 60034 60025   682   722
     767   631 60040 60034 60037 57913 60037 60033 60037   713 60042
   60038 60038 60036 60036 60036   592   624   672 60045 60036 15251
     717   613 60057   747 32785 60043   700 34530 60041 60031   824
     836   743 60039 60037 60050 60034 60046   725 60033   582 47892
   60036 60043 60039 37961 60041 60039]]]
unstable
 
 err: 
done running mariposa 1173.9
Bisecting: 0 revisions left to test after this (roughly 1 step)
[7c9d2e0d75757ed6aa535f72c7dec70d5a527fed] pydoc test
running python3 /home/yizhou7/mariposa/scripts/z3-bisect.py /home/yizhou7/mariposa/data/bisect_tasks/d_lvbkv_z3_clean--PivotBetree-PivotBetreeSpecWFNodes.i.dfy.Impl__PivotBetreeSpecWFNodes.__default.SplitMaps.txt
building z3
done building z3 3.1
running mariposa
res: 0 
 out: [[[  2   2   2   2   2   2   2   2   2   2   2   2   2   2   2   2   2
     2   2   2   2   2   2   2   2   2   2   2   2   2   2   2   2   2
     2   2   2   2   2   2   2   2   2   2   2   2   2   2   2   2   2
     2   2   2   2   2   2   2   2   2   2]
  [420 457 437 485 488 489 457 457 456 478 441 440 482 439 458 444 455
   457 442 489 483 456 446 441 471 456 459 509 440 481 439 442 482 460
   482 439 511 460 459 436 458 458 470 517 463 438 459 475 441 451 443
   483 480 482 460 476 470 443 468 437 408]]

 [[  2   2   2   2   2   2   2   2   2   2   2   2   2   2   2   2   2
     2   2   2   2   2   2   2   2   2   2   2   2   2   2   2   2   2
     2   2   2   2   2   2   2   2   2   2   2   2   2   2   2   2   2
     2   2   2   2   2   2   2   2   2   2]
  [420 454 463 472 444 532 492 502 488 458 447 490 504 447 514 452 511
   519 454 441 450 499 465 514 515 464 478 508 503 454 525 458 526 467
   455 462 458 455 495 444 446 518 498 496 501 511 486 493 502 548 509
   533 534 539 522 512 459 457 531 512 500]]

 [[  2   2   2   2   2   2   2   2   2   2   2   2   2   2   2   2   2
     2   2   2   2   2   2   2   2   2   2   2   2   2   2   2   2   2
     2   2   2   2   2   2   2   2   2   2   2   2   2   2   2   2   2
     2   2   2   2   2   2   2   2   2   2]
  [420 495 486 520 541 559 555 541 486 486 508 505 494 504 524 578 573
   537 582 570 524 565 514 516 524 494 521 549 582 534 494 580 510 570
   533 559 498 493 487 520 544 579 525 472 483 536 515 519 511 529 543
   559 501 585 521 616 589 545 480 562 520]]]
stable
 
 err: 
done running mariposa 21.9
5177cc4a9a58df192c6a844ca13abf7e7cd3be15 is the first bad commit
commit 5177cc4a9a58df192c6a844ca13abf7e7cd3be15
Author: Nikolaj Bjorner <nbjorner@microsoft.com>
Date:   Fri Jun 21 09:08:20 2019 +0200

    change lt
    
    Signed-off-by: Nikolaj Bjorner <nbjorner@microsoft.com>

 src/ast/ast_lt.h                   | 4 ++++
 src/ast/rewriter/bool_rewriter.cpp | 6 ++++--
 2 files changed, 8 insertions(+), 2 deletions(-)
bisect run success
git bisect start
# good: [e79542cc689d52ec4cb34ce4ae3fbe56e7a0bf70] fix #2309
git bisect good e79542cc689d52ec4cb34ce4ae3fbe56e7a0bf70
# bad: [ad55a1f1c617a7f0c3dd735c0780fc758424c7f1] Update release.yml for Azure Pipelines
git bisect bad ad55a1f1c617a7f0c3dd735c0780fc758424c7f1
# skip: [e2702f3ae88f5c48a55f4473bb5c29184c182634] fixes in assigning constraints to intervals
git bisect skip e2702f3ae88f5c48a55f4473bb5c29184c182634
# skip: [1915812f84cf41a5f232eedf2a695a54d055aa88] add a test for intervals
git bisect skip 1915812f84cf41a5f232eedf2a695a54d055aa88
# bad: [8faf35e2e0c8fce99794e71bd3b5de74b95ceb5a] fix #3735
git bisect bad 8faf35e2e0c8fce99794e71bd3b5de74b95ceb5a
# skip: [d1a5635b4ad7f8632356b380f3a9b1fc83fdb04f] better model based lemmaas
git bisect skip d1a5635b4ad7f8632356b380f3a9b1fc83fdb04f
# skip: [0a86bd14f792ef5fadb8eeb346729a612f7e1588] start on test nla
git bisect skip 0a86bd14f792ef5fadb8eeb346729a612f7e1588
# bad: [f7747d9e76bd685a02ce5c5fbda91fc356856b5e] fix parameter collection for tactic-based solvers reported in #3065
git bisect bad f7747d9e76bd685a02ce5c5fbda91fc356856b5e
# skip: [0644194fc96a853df44c37f9e4522796aa40add8] work on lemma from product to factors, and some renaming
git bisect skip 0644194fc96a853df44c37f9e4522796aa40add8
# bad: [0321312c8db1d3f0edbd23e6e48884fbb7d77d1d] Changed to get_const_interp to match Java and C# bindings
git bisect bad 0321312c8db1d3f0edbd23e6e48884fbb7d77d1d
# bad: [6e637348826f0725ba8a01c455448023ca2889e4] Merge pull request #2368 from waywardmonkeys/fix-typo
git bisect bad 6e637348826f0725ba8a01c455448023ca2889e4
# good: [9b4f327e29de8eadd112e53af5a8fb9f430fabf7] set upload mode to replace
git bisect good 9b4f327e29de8eadd112e53af5a8fb9f430fabf7
# good: [42ac3a536369a7d4a7eafa1fa15b571b146ba594] merge with csp
git bisect good 42ac3a536369a7d4a7eafa1fa15b571b146ba594
# bad: [b4290d4b3d7c021965e9ce7ee636caac0f9cac74] python regression
git bisect bad b4290d4b3d7c021965e9ce7ee636caac0f9cac74
# good: [0f7ff2a3d016ce6cc0dcc2654a6aa0187bc55192] swap
git bisect good 0f7ff2a3d016ce6cc0dcc2654a6aa0187bc55192
# bad: [89e8a1392c992a6c37b8c5320b9e4b9b506bd4a1] na
git bisect bad 89e8a1392c992a6c37b8c5320b9e4b9b506bd4a1
# good: [1827f98851e1866187abe743afd2d80bc786412f] more fixes for mutexes in shell
git bisect good 1827f98851e1866187abe743afd2d80bc786412f
# bad: [5177cc4a9a58df192c6a844ca13abf7e7cd3be15] change lt
git bisect bad 5177cc4a9a58df192c6a844ca13abf7e7cd3be15
# good: [7c9d2e0d75757ed6aa535f72c7dec70d5a527fed] pydoc test
git bisect good 7c9d2e0d75757ed6aa535f72c7dec70d5a527fed
# first bad commit: [5177cc4a9a58df192c6a844ca13abf7e7cd3be15] change lt
