running python3 /home/yizhou7/mariposa/scripts/z3-bisect.py /home/yizhou7/mariposa/data/bisect_tasks/d_lvbkv_z3_clean--ByteBlockCacheSystem-ByteSystem.i.dfy.CheckWellformed__ByteSystem.__default.MachineStepPreservesInv.txt
building z3
Bisecting: 1453 revisions left to test after this (roughly 11 steps)
[1915812f84cf41a5f232eedf2a695a54d055aa88] add a test for intervals
running python3 /home/yizhou7/mariposa/scripts/z3-bisect.py /home/yizhou7/mariposa/data/bisect_tasks/d_lvbkv_z3_clean--ByteBlockCacheSystem-ByteSystem.i.dfy.CheckWellformed__ByteSystem.__default.MachineStepPreservesInv.txt
building z3
Bisecting: 1453 revisions left to test after this (roughly 11 steps)
[8faf35e2e0c8fce99794e71bd3b5de74b95ceb5a] fix #3735
running python3 /home/yizhou7/mariposa/scripts/z3-bisect.py /home/yizhou7/mariposa/data/bisect_tasks/d_lvbkv_z3_clean--ByteBlockCacheSystem-ByteSystem.i.dfy.CheckWellformed__ByteSystem.__default.MachineStepPreservesInv.txt
building z3
done building z3 3.2
running mariposa
res: 1 
 out: [[[    3     3     3     3     3     3     3     3     3     3     3
       3     3     3     3     3     3     3     3     3     3     3
       3     3     3     3     3     3     3     3     3     3     3
       3     3     3     3     3     3     3     3     3     3     3
       3     3     3     3     3     3     3     3     3     3     3
       3     3     3     3     3     3]
  [60025 60031 60030 60030 60028 60026 60023 60028 60032 60029 60028
   60028 60024 60023 60032 60032 60030 60030 60028 60025 60023 60031
   60030 60029 60026 60027 60024 60023 60030 60030 60030 60028 60027
   60024 60024 60031 60030 60029 60027 60026 60026 60024 60032 60032
   60029 60027 60026 60024 60024 60030 60028 60027 60025 60025 60023
   60022 60030 60027 60025 60023 60022]]

 [[    3     3     3     3     3     3     3     3     3     3     3
       3     3     3     3     3     3     3     3     3     3     3
       3     3     3     3     3     3     3     3     3     3     3
       3     3     3     3     3     3     3     3     3     3     3
       3     3     3     3     3     3     3     3     3     3     3
       3     3     3     3     3     3]
  [60025 60026 60026 60024 60032 60037 60033 60031 60029 60020 60025
   60034 60035 60031 60031 60027 60026 60027 60034 60029 60034 60031
   60026 60025 60025 60028 60028 60029 60028 60021 60025 60024 60031
   60029 60028 60025 60029 60026 60023 60035 60029 60028 60027 60028
   60026 60023 60032 60034 60031 60029 60027 60028 60024 60030 60033
   60033 60028 60027 60022 60023 60028]]

 [[    3     3     3     3     3     3     3     3     3     3     3
       3     3     3     3     3     3     3     3     3     3     3
       3     3     3     3     3     3     3     2     3     3     3
       3     3     3     3     3     3     3     3     3     3     3
       3     3     3     3     3     3     3     3     3     3     3
       3     3     3     3     3     3]
  [60025 60034 60035 60030 60025 60032 60024 60026 60031 60032 60032
   60025 60032 60028 60028 60026 60026 60025 60026 60030 60020 60022
   60027 60030 60036 60019 60023 60021 60029 47865 60025 60026 60030
   60025 60020 60021 60028 60037 60031 60031 60022 60026 60021 60036
   60029 60024 60021 60029 60020 60022 60037 60038 60035 60024 60024
   60022 60026 60038 60032 60033 60029]]]
unstable
 
 err: 
done running mariposa 1643.5
Bisecting: 1254 revisions left to test after this (roughly 10 steps)
[d1a5635b4ad7f8632356b380f3a9b1fc83fdb04f] better model based lemmaas
running python3 /home/yizhou7/mariposa/scripts/z3-bisect.py /home/yizhou7/mariposa/data/bisect_tasks/d_lvbkv_z3_clean--ByteBlockCacheSystem-ByteSystem.i.dfy.CheckWellformed__ByteSystem.__default.MachineStepPreservesInv.txt
building z3
Bisecting: 1254 revisions left to test after this (roughly 10 steps)
[0a86bd14f792ef5fadb8eeb346729a612f7e1588] start on test nla
running python3 /home/yizhou7/mariposa/scripts/z3-bisect.py /home/yizhou7/mariposa/data/bisect_tasks/d_lvbkv_z3_clean--ByteBlockCacheSystem-ByteSystem.i.dfy.CheckWellformed__ByteSystem.__default.MachineStepPreservesInv.txt
building z3
Bisecting: 1254 revisions left to test after this (roughly 10 steps)
[f7747d9e76bd685a02ce5c5fbda91fc356856b5e] fix parameter collection for tactic-based solvers reported in #3065
running python3 /home/yizhou7/mariposa/scripts/z3-bisect.py /home/yizhou7/mariposa/data/bisect_tasks/d_lvbkv_z3_clean--ByteBlockCacheSystem-ByteSystem.i.dfy.CheckWellformed__ByteSystem.__default.MachineStepPreservesInv.txt
building z3
done building z3 3.2
running mariposa
res: 1 
 out: [[[    3     3     3     3     3     3     3     3     3     3     3
       3     3     3     3     3     3     3     3     3     3     3
       3     3     3     3     3     3     3     3     3     3     3
       3     3     3     3     3     3     3     3     3     3     3
       3     3     3     3     3     3     3     3     3     3     3
       3     3     3     3     3     3]
  [60022 60029 60028 60027 60024 60023 60025 60031 60031 60028 60025
   60023 60023 60023 60031 60027 60028 60025 60025 60024 60023 60032
   60029 60027 60024 60023 60024 60021 60032 60028 60028 60026 60025
   60024 60024 60027 60025 60023 60024 60023 60023 60023 60027 60026
   60023 60024 60022 60022 60022 60026 60024 60024 60024 60024 60023
   60022 60025 60024 60022 60023 60021]]

 [[    3     3     3     3     3     3     3     3     3     3     3
       3     3     3     3     3     3     3     3     3     3     3
       3     3     3     3     3     3     3     3     3     3     3
       3     3     3     3     3     3     3     3     3     3     3
       3     3     3     3     3     3     3     3     3     3     3
       3     3     3     3     3     3]
  [60022 60024 60022 60020 60026 60026 60026 60022 60027 60016 60022
   60031 60030 60026 60023 60024 60020 60022 60028 60029 60027 60024
   60023 60023 60024 60031 60028 60027 60027 60017 60028 60026 60032
   60024 60026 60023 60022 60025 60022 60023 60026 60025 60025 60023
   60022 60021 60024 60029 60025 60025 60019 60025 60023 60028 60027
   60022 60023 60024 60022 60027 60023]]

 [[    3     3     3     3     3     3     3     3     3     3     3
       3     3     3     3     3     3     3     3     3     3     3
       3     3     3     3     3     3     3     3     3     3     3
       3     3     3     3     3     3     3     3     3     3     3
       3     3     3     3     3     3     3     3     3     3     3
       3     3     3     3     3     3]
  [60022 60021 60029 60024 60018 60023 60021 60023 60024 60026 60022
   60019 60023 60016 60024 60021 60021 60024 60025 60022 60024 60018
   60021 60023 60025 60020 60023 60020 60023 60020 60020 60018 60026
   60025 60025 60020 60021 60031 60022 60019 60025 60017 60022 60024
   60028 60028 60027 60023 60024 60021 60028 60026 60020 60022 60019
   60022 60019 60034 60032 60027 60021]]]
unsolvable
 
 err: 
done running mariposa 1644.0
Bisecting: 1034 revisions left to test after this (roughly 10 steps)
[0644194fc96a853df44c37f9e4522796aa40add8] work on lemma from product to factors, and some renaming
running python3 /home/yizhou7/mariposa/scripts/z3-bisect.py /home/yizhou7/mariposa/data/bisect_tasks/d_lvbkv_z3_clean--ByteBlockCacheSystem-ByteSystem.i.dfy.CheckWellformed__ByteSystem.__default.MachineStepPreservesInv.txt
building z3
Bisecting: 1034 revisions left to test after this (roughly 10 steps)
[0321312c8db1d3f0edbd23e6e48884fbb7d77d1d] Changed to get_const_interp to match Java and C# bindings
running python3 /home/yizhou7/mariposa/scripts/z3-bisect.py /home/yizhou7/mariposa/data/bisect_tasks/d_lvbkv_z3_clean--ByteBlockCacheSystem-ByteSystem.i.dfy.CheckWellformed__ByteSystem.__default.MachineStepPreservesInv.txt
building z3
done building z3 3.1
running mariposa
res: 1 
 out: [[[    3     3     3     3     3     3     3     3     3     3     3
       3     3     3     3     3     3     3     3     3     3     3
       3     3     3     3     3     3     3     3     3     3     3
       3     3     3     3     3     3     3     3     3     3     3
       3     3     3     3     3     3     3     3     3     3     3
       3     3     3     3     3     3]
  [60026 60034 60029 60030 60028 60026 60026 60033 60031 60029 60028
   60029 60025 60025 60033 60033 60034 60026 60027 60026 60023 60031
   60035 60030 60031 60027 60024 60023 60033 60031 60030 60029 60029
   60024 60026 60033 60031 60028 60029 60028 60025 60023 60033 60034
   60030 60032 60027 60026 60026 60033 60029 60029 60031 60030 60029
   60024 60033 60031 60027 60026 60025]]

 [[    3     3     3     3     3     3     3     3     3     3     3
       3     3     3     3     3     3     3     3     3     3     3
       3     3     3     3     3     3     3     3     3     3     3
       3     3     3     3     3     3     3     3     3     3     3
       3     3     3     3     3     3     3     3     3     3     3
       3     3     3     3     3     3]
  [60026 60026 60027 60026 60026 60030 60031 60027 60023 60025 60024
   60031 60034 60027 60026 60025 60022 60023 60024 60027 60028 60027
   60024 60022 60023 60030 60030 60027 60027 60024 60024 60019 60027
   60031 60025 60026 60029 60025 60024 60032 60027 60026 60024 60022
   60028 60023 60026 60032 60028 60025 60027 60025 60024 60028 60028
   60026 60029 60024 60024 60023 60032]]

 [[    3     3     3     3     3     3     3     3     3     3     3
       3     3     3     3     3     3     3     3     3     3     3
       3     3     3     3     3     3     3     3     3     3     3
       3     3     3     3     3     3     3     3     3     3     3
       3     3     3     3     3     3     2     3     3     3     3
       3     3     3     3     3     3]
  [60026 60025 60029 60022 60021 60026 60026 60022 60026 60024 60025
   60017 60027 60023 60021 60022 60021 60021 60019 60019 60021 60023
   60022 60019 60019 60029 60023 60024 60021 60030 60019 60020 60028
   60019 60025 60019 60032 60022 60027 60026 60018 60018 60017 60033
   60020 60022 60022 60026 60021 60022 44692 60023 60022 60028 60020
   60019 60018 60025 60028 60019 60022]]]
unstable
 
 err: 
done running mariposa 1644.0
Bisecting: 261 revisions left to test after this (roughly 8 steps)
[6e637348826f0725ba8a01c455448023ca2889e4] Merge pull request #2368 from waywardmonkeys/fix-typo
running python3 /home/yizhou7/mariposa/scripts/z3-bisect.py /home/yizhou7/mariposa/data/bisect_tasks/d_lvbkv_z3_clean--ByteBlockCacheSystem-ByteSystem.i.dfy.CheckWellformed__ByteSystem.__default.MachineStepPreservesInv.txt
building z3
done building z3 3.1
running mariposa
res: 1 
 out: [[[    3     3     3     3     3     3     3     3     3     3     3
       3     3     3     3     3     3     3     3     3     3     3
       3     3     3     3     3     3     3     3     3     3     3
       3     3     3     3     3     3     3     3     3     3     3
       3     3     3     3     3     3     3     3     3     3     3
       3     3     3     3     3     3]
  [60020 60028 60026 60028 60026 60024 60024 60030 60032 60027 60025
   60023 60023 60023 60033 60032 60026 60025 60025 60024 60024 60030
   60030 60028 60027 60024 60025 60025 60034 60028 60025 60025 60026
   60024 60023 60033 60032 60028 60027 60024 60023 60022 60032 60029
   60029 60028 60024 60026 60025 60030 60027 60028 60025 60023 60025
   60025 60025 60026 60024 60023 60023]]

 [[    3     3     3     3     3     3     3     3     3     3     3
       3     3     3     3     3     3     3     3     3     3     3
       3     3     3     3     3     3     3     3     3     3     3
       3     3     3     3     3     3     3     3     3     3     3
       3     3     3     3     3     3     3     3     3     3     3
       3     3     3     3     3     3]
  [60020 60027 60025 60025 60030 60030 60030 60028 60028 60024 60023
   60030 60028 60034 60031 60028 60026 60023 60031 60032 60028 60025
   60025 60027 60024 60030 60031 60019 60028 60026 60025 60025 60036
   60034 60033 60030 60030 60028 60024 60033 60031 60031 60028 60021
   60022 60023 60030 60031 60027 60026 60023 60028 60024 60034 60033
   60027 60027 60021 60020 60022 60039]]

 [[    3     3     3     3     3     3     3     3     3     3     3
       3     3     3     3     3     3     3     3     3     3     3
       2     3     3     3     3     3     3     3     3     3     3
       3     3     3     3     2     3     3     3     3     3     3
       3     3     3     3     3     3     3     3     3     3     3
       3     3     3     3     3     3]
  [60020 60030 60022 60030 60024 60018 60023 60019 60021 60021 60031
   60022 60026 60023 60019 60028 60028 60021 60020 60022 60026 60025
   48325 60020 60027 60026 60020 60020 60016 60027 60021 60027 60028
   60018 60017 60017 60034 55808 60023 60020 60028 60026 60018 60026
   60031 60022 60020 60029 60023 60025 60030 60023 60021 60026 60028
   60026 60024 60025 60031 60023 60027]]]
unsolvable
 
 err: 
done running mariposa 1644.1
Bisecting: 130 revisions left to test after this (roughly 7 steps)
[9b4f327e29de8eadd112e53af5a8fb9f430fabf7] set upload mode to replace
running python3 /home/yizhou7/mariposa/scripts/z3-bisect.py /home/yizhou7/mariposa/data/bisect_tasks/d_lvbkv_z3_clean--ByteBlockCacheSystem-ByteSystem.i.dfy.CheckWellformed__ByteSystem.__default.MachineStepPreservesInv.txt
building z3
done building z3 3.0
running mariposa
res: 0 
 out: [[[   2    2    2    2    2    2    2    2    2    2    2    2    2    2
      2    2    2    2    2    2    2    2    2    2    2    2    2    2
      2    2    2    2    2    2    2    2    2    2    2    2    2    2
      2    2    2    2    2    2    2    2    2    2    2    2    2    2
      2    2    2    2    2]
  [3820 5730 5749 5732 5715 5572 5694 5792 5717 5739 5722 5707 5667 5610
   5699 5723 5750 5843 5839 5661 5623 5688 5717 5681 5710 5829 5658 5613
   5695 5690 5721 5705 5819 5665 5606 5670 5695 5724 5703 5804 5558 5592
   5688 5746 5733 5691 5807 5575 5630 5679 5626 5665 5774 5805 5567 5605
   5611 5546 5435 5434 5170]]

 [[   2    2    2    2    2    2    2    2    2    2    2    2    2    2
      2    2    2    2    2    2    2    2    2    2    2    2    2    2
      2    2    2    2    2    2    2    2    2    2    2    2    2    2
      2    2    2    2    2    2    2    2    2    2    2    2    2    2
      2    2    2    2    2]
  [3820 5680 5583 5610 5758 5764 5836 5873 5664 5662 5585 5717 5740 5707
   5824 5729 5576 5578 5694 5711 5711 5763 5785 5541 5536 5672 5707 5704
   5761 5671 5504 5692 5619 5721 5711 5767 5678 5559 5698 5604 5689 5686
   5725 5675 5547 5708 5649 5686 5733 5700 5676 5520 5694 5600 5644 5735
   5652 5648 5557 5740 5790]]

 [[   2    2    2    2    2    2    2    2    2    2    2    2    2    2
      2    2    2    2    2    2    2    2    2    2    2    2    2    2
      2    2    2    2    2    2    2    2    2    2    2    2    2    2
      2    2    2    2    2    2    2    2    2    2    2    2    2    2
      2    2    2    2    2]
  [3820 6115 6264 6498 6882 7179 7363 7674 5811 6353 6545 7543 6468 6495
   8002 5830 6057 6413 6148 7315 6291 9172 6015 7563 6308 6503 7229 6342
   7895 6996 5850 6428 6213 6462 7392 7607 5969 6355 5941 6220 6030 5864
   6086 7659 6094 6480 7689 6012 6131 7640 6222 6664 6336 5867 6247 7500
   5852 8538 6465 6262 6545]]]
stable
 
 err: 
done running mariposa 183.2
Bisecting: 65 revisions left to test after this (roughly 6 steps)
[42ac3a536369a7d4a7eafa1fa15b571b146ba594] merge with csp
running python3 /home/yizhou7/mariposa/scripts/z3-bisect.py /home/yizhou7/mariposa/data/bisect_tasks/d_lvbkv_z3_clean--ByteBlockCacheSystem-ByteSystem.i.dfy.CheckWellformed__ByteSystem.__default.MachineStepPreservesInv.txt
building z3
done building z3 3.0
running mariposa
res: 0 
 out: [[[   2    2    2    2    2    2    2    2    2    2    2    2    2    2
      2    2    2    2    2    2    2    2    2    2    2    2    2    2
      2    2    2    2    2    2    2    2    2    2    2    2    2    2
      2    2    2    2    2    2    2    2    2    2    2    2    2    2
      2    2    2    2    2]
  [3814 5761 5741 5938 5750 5591 5588 5609 5748 5806 5743 5766 5745 5607
   5603 5750 5790 5722 5855 5618 5657 5580 5745 5786 5728 5834 5624 5632
   5629 5733 5789 5738 5714 5615 5752 5640 5737 5693 5716 5801 5602 5623
   5618 5724 5677 5847 5794 5630 5611 5591 5647 5781 5762 5835 5684 5598
   5530 5394 5410 5220 5310]]

 [[   2    2    2    2    2    2    2    2    2    2    2    2    2    2
      2    2    2    2    2    2    2    2    2    2    2    2    2    2
      2    2    2    2    2    2    2    2    2    2    2    2    2    2
      2    2    2    2    2    2    2    2    2    2    2    2    2    2
      2    2    2    2    2]
  [3814 5749 5545 5588 5797 5806 5862 5742 5715 5665 5573 5642 5775 5741
   5768 5835 5630 5575 5675 5716 5719 5745 5767 5607 5521 5629 5723 5710
   5762 5685 5610 5542 5657 5735 5731 5842 5672 5563 5545 5726 5717 5740
   5810 5656 5551 5544 5623 5796 5709 5848 5743 5546 5527 5556 5695 5745
   5811 5705 5590 5687 5650]]

 [[   2    2    2    2    2    2    2    2    2    2    2    2    2    2
      2    2    2    2    2    2    2    2    2    2    2    2    2    2
      2    2    2    2    2    2    2    2    2    2    2    2    2    2
      2    2    2    2    2    2    2    2    2    2    2    2    2    2
      2    2    2    2    2]
  [3814 6083 6202 6487 6933 7159 7272 7682 5967 6294 6629 7604 6433 6372
   8090 5987 5996 6385 6035 7440 6238 9147 6212 7607 6323 6359 7208 6227
   8044 7124 5992 6111 6480 6343 7270 7730 6131 5988 6438 6137 5925 5836
   6186 6158 6524 7640 7764 6019 7493 6094 6220 6502 6713 5890 6286 7509
   5798 8524 6512 6232 6538]]]
stable
 
 err: 
done running mariposa 183.6
Bisecting: 32 revisions left to test after this (roughly 5 steps)
[b4290d4b3d7c021965e9ce7ee636caac0f9cac74] python regression
running python3 /home/yizhou7/mariposa/scripts/z3-bisect.py /home/yizhou7/mariposa/data/bisect_tasks/d_lvbkv_z3_clean--ByteBlockCacheSystem-ByteSystem.i.dfy.CheckWellformed__ByteSystem.__default.MachineStepPreservesInv.txt
building z3
done building z3 3.0
running mariposa
res: 1 
 out: [[[    3     3     3     3     3     3     3     3     3     3     3
       3     3     3     3     3     3     3     3     3     3     3
       3     3     3     3     3     3     3     3     3     3     3
       3     3     3     3     3     3     3     3     3     3     3
       3     3     3     3     3     3     3     3     3     3     3
       3     3     3     3     3     3]
  [60015 60021 60020 60019 60019 60018 60019 60021 60019 60019 60019
   60018 60020 60019 60020 60017 60018 60020 60018 60018 60017 60021
   60021 60019 60018 60019 60018 60018 60021 60021 60018 60021 60019
   60018 60017 60020 60020 60019 60019 60019 60017 60019 60021 60019
   60019 60020 60019 60018 60017 60020 60019 60019 60020 60018 60019
   60017 60019 60019 60018 60017 60017]]

 [[    3     3     3     3     3     3     3     3     3     3     3
       3     3     3     3     3     3     3     3     3     3     3
       3     3     3     3     3     3     3     3     3     3     3
       3     3     3     3     3     3     3     3     3     3     3
       3     3     3     3     3     3     3     3     3     3     3
       3     3     3     3     3     3]
  [60015 60025 60025 60023 60022 60029 60032 60025 60021 60024 60016
   60033 60022 60028 60027 60024 60026 60026 60022 60030 60018 60025
   60018 60023 60025 60030 60029 60027 60025 60024 60024 60022 60024
   60034 60030 60020 60024 60024 60025 60027 60028 60027 60026 60026
   60023 60023 60029 60021 60020 60025 60025 60019 60023 60031 60030
   60027 60026 60027 60025 60018 60024]]

 [[    3     3     3     3     3     3     3     3     3     3     3
       3     3     3     3     3     3     3     3     3     3     3
       3     3     3     3     3     3     3     3     3     3     3
       3     3     3     3     3     3     3     3     3     3     3
       3     3     3     3     3     3     3     3     3     3     3
       3     3     3     3     3     3]
  [60015 60021 60021 60032 60023 60017 60025 60026 60022 60029 60029
   60026 60021 60023 60025 60028 60031 60028 60021 60018 60016 60022
   60021 60028 60018 60026 60017 60022 60025 60034 60021 60028 60026
   60025 60017 60017 60029 60027 60025 60020 60021 60024 60027 60035
   60019 60029 60029 60024 60022 60018 60027 60028 60021 60022 60026
   60023 60023 60021 60030 60023 60026]]]
unsolvable
 
 err: 
done running mariposa 1643.9
Bisecting: 16 revisions left to test after this (roughly 4 steps)
[0f7ff2a3d016ce6cc0dcc2654a6aa0187bc55192] swap
running python3 /home/yizhou7/mariposa/scripts/z3-bisect.py /home/yizhou7/mariposa/data/bisect_tasks/d_lvbkv_z3_clean--ByteBlockCacheSystem-ByteSystem.i.dfy.CheckWellformed__ByteSystem.__default.MachineStepPreservesInv.txt
building z3
done building z3 3.0
running mariposa
res: 1 
 out: [[[    3     3     3     3     3     3     3     3     3     3     3
       3     3     3     3     3     3     3     3     3     3     3
       3     3     3     3     3     3     3     3     3     3     3
       3     3     3     3     3     3     3     3     3     3     3
       3     3     3     3     3     3     3     3     3     3     3
       3     3     3     3     3     3]
  [60021 60030 60028 60027 60026 60024 60021 60031 60029 60027 60027
   60024 60024 60022 60030 60029 60027 60027 60025 60023 60022 60029
   60028 60026 60025 60025 60023 60022 60031 60029 60027 60027 60026
   60023 60022 60031 60028 60028 60028 60027 60024 60022 60030 60028
   60026 60025 60025 60024 60021 60031 60029 60027 60028 60026 60023
   60023 60026 60025 60024 60023 60022]]

 [[    3     3     3     3     3     3     3     3     3     3     3
       3     3     3     3     3     3     3     3     3     3     3
       3     3     3     3     3     3     3     3     3     3     3
       3     3     3     3     3     3     3     3     3     3     3
       3     3     3     3     3     3     3     3     3     3     3
       3     3     3     3     3     3]
  [60021 60025 60023 60022 60030 60028 60026 60025 60023 60023 60023
   60033 60031 60028 60028 60024 60023 60022 60031 60029 60028 60026
   60025 60024 60022 60028 60026 60026 60023 60023 60024 60022 60026
   60025 60024 60023 60023 60024 60022 60027 60025 60024 60023 60024
   60022 60022 60032 60030 60028 60027 60026 60024 60022 60028 60029
   60028 60026 60026 60024 60022 60024]]

 [[    3     3     3     3     3     3     3     3     3     3     3
       3     3     3     3     3     3     3     3     3     3     3
       3     3     3     3     3     3     3     3     3     3     3
       3     3     3     3     3     3     3     3     3     3     3
       3     3     3     3     3     3     3     3     3     3     3
       3     3     3     3     3     3]
  [60021 60034 60031 60029 60025 60024 60024 60022 60028 60027 60031
   60026 60026 60026 60023 60028 60026 60024 60025 60024 60022 60022
   60030 60026 60026 60024 60024 60022 60022 60030 60029 60029 60027
   60027 60020 60022 60025 60025 60027 60025 60025 60022 60022 60027
   60027 60026 60024 60023 60024 60023 60029 60029 60028 60027 60024
   60023 60022 60028 60029 60027 60027]]]
unsolvable
 
 err: 
done running mariposa 1643.9
Bisecting: 7 revisions left to test after this (roughly 3 steps)
[d17248821ad047f889237ce20b6bdaa1465ceff9] include chronological backtracking, two-phase sat, xor inprocessing, probsat, ddfw
running python3 /home/yizhou7/mariposa/scripts/z3-bisect.py /home/yizhou7/mariposa/data/bisect_tasks/d_lvbkv_z3_clean--ByteBlockCacheSystem-ByteSystem.i.dfy.CheckWellformed__ByteSystem.__default.MachineStepPreservesInv.txt
building z3
done building z3 3.0
running mariposa
res: 0 
 out: [[[   2    2    2    2    2    2    2    2    2    2    2    2    2    2
      2    2    2    2    2    2    2    2    2    2    2    2    2    2
      2    2    2    2    2    2    2    2    2    2    2    2    2    2
      2    2    2    2    2    2    2    2    2    2    2    2    2    2
      2    2    2    2    2]
  [3742 5667 5774 5696 5735 5650 5617 5768 5699 5670 5784 5705 5747 5613
   5685 5691 5678 5778 5838 5670 5772 5658 5682 5651 5763 5725 5645 5774
   5665 5676 5655 5771 5712 5643 5626 5779 5664 5688 5711 5712 5621 5643
   5644 5683 5778 5738 5655 5736 5687 5609 5672 5766 5666 5727 5626 5723
   5663 5516 5615 5345 5307]]

 [[   2    2    2    2    2    2    2    2    2    2    2    2    2    2
      2    2    2    2    2    2    2    2    2    2    2    2    2    2
      2    2    2    2    2    2    2    2    2    2    2    2    2    2
      2    2    2    2    2    2    2    2    2    2    2    2    2    2
      2    2    2    2    2]
  [3742 5646 5614 5595 5621 5794 5850 5814 5645 5603 5609 5612 5750 5788
   5739 5670 5562 5610 5631 5703 5675 5724 5776 5538 5567 5597 5678 5666
   5792 5678 5509 5653 5604 5679 5676 5793 5701 5505 5668 5613 5712 5641
   5647 5773 5564 5697 5622 5650 5603 5661 5698 5686 5584 5585 5656 5633
   5721 5666 5746 5620 5677]]

 [[   2    2    2    2    2    2    2    2    2    2    2    2    2    2
      2    2    2    2    2    2    2    2    2    2    2    2    2    2
      2    2    2    2    2    2    2    2    2    2    2    2    2    2
      2    2    2    2    2    2    2    2    2    2    2    2    2    2
      2    2    2    2    2]
  [3742 6079 6157 6463 6852 7163 7300 7639 5797 6476 6541 7522 6380 6381
   7985 5790 6122 6020 6513 7362 6207 9122 6019 6289 7486 6434 7294 6404
   7861 6982 5802 6081 6411 6376 7427 7567 5960 5925 6102 6491 5909 5880
   6197 7581 6060 6454 7645 6020 6139 7459 6153 6710 6473 5827 6250 5785
   7620 8434 6424 6426 6338]]]
stable
 
 err: 
done running mariposa 182.7
Bisecting: 3 revisions left to test after this (roughly 2 steps)
[ec1653fdff146ff8d1b3b2281e875494f4fc3a96] Merge pull request #2345 from schedutron/master
running python3 /home/yizhou7/mariposa/scripts/z3-bisect.py /home/yizhou7/mariposa/data/bisect_tasks/d_lvbkv_z3_clean--ByteBlockCacheSystem-ByteSystem.i.dfy.CheckWellformed__ByteSystem.__default.MachineStepPreservesInv.txt
building z3
done building z3 3.0
running mariposa
res: 0 
 out: [[[   2    2    2    2    2    2    2    2    2    2    2    2    2    2
      2    2    2    2    2    2    2    2    2    2    2    2    2    2
      2    2    2    2    2    2    2    2    2    2    2    2    2    2
      2    2    2    2    2    2    2    2    2    2    2    2    2    2
      2    2    2    2    2]
  [3757 5773 5808 5859 5759 5564 5742 5827 5773 5843 5837 5773 5692 5708
   5778 5823 5813 5836 5873 5677 5679 5761 5824 5819 5821 5768 5707 5663
   5719 5823 5809 5804 5810 5689 5623 5792 5705 5807 5795 5792 5734 5589
   5806 5721 5794 5784 5794 5590 5735 5799 5738 5781 5788 5768 5575 5586
   5569 5665 5492 5510 5567]]

 [[   2    2    2    2    2    2    2    2    2    2    2    2    2    2
      2    2    2    2    2    2    2    2    2    2    2    2    2    2
      2    2    2    2    2    2    2    2    2    2    2    2    2    2
      2    2    2    2    2    2    2    2    2    2    2    2    2    2
      2    2    2    2    2]
  [3757 5711 5529 5721 5750 5742 5796 5731 5680 5606 5718 5769 5719 5730
   5722 5682 5638 5721 5715 5686 5735 5731 5650 5570 5756 5745 5702 5751
   5733 5653 5511 5756 5760 5715 5726 5769 5704 5492 5784 5742 5708 5731
   5718 5673 5513 5713 5789 5676 5731 5776 5712 5520 5735 5743 5715 5783
   5743 5693 5483 5795 5858]]

 [[   2    2    2    2    2    2    2    2    2    2    2    2    2    2
      2    2    2    2    2    2    2    2    2    2    2    2    2    2
      2    2    2    2    2    2    2    2    2    2    2    2    2    2
      2    2    2    2    2    2    2    2    2    2    2    2    2    2
      2    2    2    2    2]
  [3757 6067 6271 6526 6807 7162 7368 7659 5789 6368 6492 7603 6508 6375
   8131 5809 6035 6036 6510 7334 6317 9119 6028 6291 7528 6460 7258 6238
   8014 6951 5792 6410 6186 6349 7298 7697 6094 6334 5940 6200 5969 5832
   6094 7640 6191 6416 7693 6038 7521 6034 6315 6671 6341 5880 6346 7523
   8392 5917 6424 6376 6211]]]
stable
 
 err: 
done running mariposa 183.4
Bisecting: 1 revision left to test after this (roughly 1 step)
[f3b79087eef389011fa90eefcf64b987bed54a9d] add default tactic as option to overwrite the behavior of strategic solver factory
running python3 /home/yizhou7/mariposa/scripts/z3-bisect.py /home/yizhou7/mariposa/data/bisect_tasks/d_lvbkv_z3_clean--ByteBlockCacheSystem-ByteSystem.i.dfy.CheckWellformed__ByteSystem.__default.MachineStepPreservesInv.txt
building z3
done building z3 3.1
running mariposa
res: 1 
 out: [[[    3     3     3     3     3     3     3     3     3     3     3
       3     3     3     3     3     3     3     3     3     3     3
       3     3     3     3     3     3     3     3     3     3     3
       3     3     3     3     3     3     3     3     3     3     3
       3     3     3     3     3     3     3     3     3     3     3
       3     3     3     3     3     3]
  [60120 60112 60091 60097 60070 60087 60072 60098 60098 60098 60074
   60080 60086 60081 60089 60085 60099 60074 60081 60074 60084 60092
   60084 60092 60087 60088 60082 60076 60097 60090 60102 60077 60078
   60097 60077 60091 60089 60109 60102 60093 60076 60085 60098 60106
   60094 60091 60096 60076 60088 60086 60091 60099 60089 60094 60089
   60090 60112 60097 60089 60092 60082]]

 [[    3     3     3     3     3     3     3     3     3     3     3
       3     3     3     3     3     3     3     3     3     3     3
       3     3     3     3     3     3     3     3     3     3     3
       3     3     3     3     3     3     3     3     3     3     3
       3     3     3     3     3     3     3     3     3     3     3
       3     3     3     3     3     3]
  [60120 60067 60074 60083 60084 60087 60092 60081 60086 60077 60079
   60096 60106 60088 60079 60076 60073 60077 60091 60081 60077 60068
   60097 60079 60075 60087 60098 60091 60092 60068 60068 60075 60089
   60097 60109 60091 60080 60079 60087 60090 60086 60101 60084 60080
   60073 60090 60090 60114 60092 60091 60098 60083 60076 60084 60082
   60082 60082 60070 60083 60085 60079]]

 [[    3     3     3     3     3     3     3     3     3     3     3
       3     3     3     3     3     3     3     3     3     3     3
       3     3     3     3     3     3     3     3     3     3     3
       3     3     3     3     3     3     3     3     3     3     3
       3     3     3     3     3     3     3     3     3     3     3
       3     3     3     3     3     3]
  [60120 60094 60099 60075 60095 60105 60096 60098 60080 60086 60090
   60063 60086 60083 60091 60090 60088 60070 60082 60082 60079 60077
   60078 60069 60078 60069 60077 60077 60077 60095 60087 60077 60078
   60070 60056 60068 60077 60084 60095 60074 60074 60078 60067 60094
   60085 60075 60131 60085 60088 60076 60099 60094 60089 60077 60090
   60073 60132 60060 60079 60077 60071]]]
unsolvable
 
 err: 
done running mariposa 1645.8
Bisecting: 0 revisions left to test after this (roughly 0 steps)
[1e770af1cc04f85a8d7a990ba0c9c4e433b83fa8] local sort
running python3 /home/yizhou7/mariposa/scripts/z3-bisect.py /home/yizhou7/mariposa/data/bisect_tasks/d_lvbkv_z3_clean--ByteBlockCacheSystem-ByteSystem.i.dfy.CheckWellformed__ByteSystem.__default.MachineStepPreservesInv.txt
building z3
done building z3 3.0
running mariposa
res: 1 
 out: [[[    3     3     3     3     3     3     3     3     3     3     3
       3     3     3     3     3     3     3     3     3     3     3
       3     3     3     3     3     3     3     3     3     3     3
       3     3     3     3     3     3     3     3     3     3     3
       3     3     3     3     3     3     3     3     3     3     3
       3     3     3     3     3     3]
  [60124 60069 60077 60064 60066 60085 60084 60095 60115 60086 60075
   60083 60081 60083 60075 60079 60090 60072 60073 60075 60088 60090
   60087 60073 60084 60080 60075 60083 60124 60106 60092 60078 60093
   60083 60092 60079 60075 60094 60079 60094 60075 60071 60088 60090
   60078 60087 60079 60082 60081 60091 60079 60071 60083 60091 60096
   60097 60084 60082 60082 60079 60081]]

 [[    3     3     3     3     3     3     3     3     3     3     3
       3     3     3     3     3     3     3     3     3     3     3
       3     3     3     3     3     3     3     3     3     3     3
       3     3     3     3     3     3     3     3     3     3     3
       3     3     3     3     3     3     3     3     3     3     3
       3     3     3     3     3     3]
  [60124 60071 60066 60079 60079 60083 60089 60088 60095 60078 60070
   60097 60089 60081 60087 60072 60072 60076 60091 60087 60078 60073
   60080 60088 60073 60091 60086 60096 60099 60067 60072 60086 60096
   60095 60108 60095 60068 60068 60080 60096 60090 60088 60081 60085
   60071 60087 60092 60128 60099 60082 60075 60085 60076 60084 60087
   60082 60077 60067 60083 60083 60083]]

 [[    3     3     3     3     3     3     3     3     3     3     3
       3     3     3     3     3     3     3     3     3     3     3
       3     3     3     3     3     3     3     3     3     3     3
       3     3     3     3     3     3     3     3     3     3     3
       3     3     3     3     3     3     3     3     3     3     3
       3     3     3     3     3     3]
  [60124 60083 60089 60075 60105 60106 60097 60099 60093 60092 60083
   60062 60101 60083 60087 60103 60090 60078 60075 60078 60104 60083
   60083 60077 60091 60076 60079 60081 60141 60093 60090 60087 60083
   60070 60056 60075 60099 60092 60086 60094 60083 60084 60070 60088
   60092 60080 60106 60089 60089 60074 60100 60095 60098 60084 60086
   60070 60122 60061 60083 60088 60089]]]
unsolvable
 
 err: 
done running mariposa 1645.9
1e770af1cc04f85a8d7a990ba0c9c4e433b83fa8 is the first bad commit
commit 1e770af1cc04f85a8d7a990ba0c9c4e433b83fa8
Author: Nikolaj Bjorner <nbjorner@microsoft.com>
Date:   Fri Jun 14 09:29:41 2019 -0700

    local sort
    
    Signed-off-by: Nikolaj Bjorner <nbjorner@microsoft.com>

 src/ast/rewriter/bool_rewriter.cpp | 21 ++++++++++++++++++---
 1 file changed, 18 insertions(+), 3 deletions(-)
bisect run success
git bisect start
# good: [e79542cc689d52ec4cb34ce4ae3fbe56e7a0bf70] fix #2309
git bisect good e79542cc689d52ec4cb34ce4ae3fbe56e7a0bf70
# bad: [ad55a1f1c617a7f0c3dd735c0780fc758424c7f1] Update release.yml for Azure Pipelines
git bisect bad ad55a1f1c617a7f0c3dd735c0780fc758424c7f1
# skip: [e2702f3ae88f5c48a55f4473bb5c29184c182634] fixes in assigning constraints to intervals
git bisect skip e2702f3ae88f5c48a55f4473bb5c29184c182634
# skip: [1915812f84cf41a5f232eedf2a695a54d055aa88] add a test for intervals
git bisect skip 1915812f84cf41a5f232eedf2a695a54d055aa88
# bad: [8faf35e2e0c8fce99794e71bd3b5de74b95ceb5a] fix #3735
git bisect bad 8faf35e2e0c8fce99794e71bd3b5de74b95ceb5a
# skip: [d1a5635b4ad7f8632356b380f3a9b1fc83fdb04f] better model based lemmaas
git bisect skip d1a5635b4ad7f8632356b380f3a9b1fc83fdb04f
# skip: [0a86bd14f792ef5fadb8eeb346729a612f7e1588] start on test nla
git bisect skip 0a86bd14f792ef5fadb8eeb346729a612f7e1588
# bad: [f7747d9e76bd685a02ce5c5fbda91fc356856b5e] fix parameter collection for tactic-based solvers reported in #3065
git bisect bad f7747d9e76bd685a02ce5c5fbda91fc356856b5e
# skip: [0644194fc96a853df44c37f9e4522796aa40add8] work on lemma from product to factors, and some renaming
git bisect skip 0644194fc96a853df44c37f9e4522796aa40add8
# bad: [0321312c8db1d3f0edbd23e6e48884fbb7d77d1d] Changed to get_const_interp to match Java and C# bindings
git bisect bad 0321312c8db1d3f0edbd23e6e48884fbb7d77d1d
# bad: [6e637348826f0725ba8a01c455448023ca2889e4] Merge pull request #2368 from waywardmonkeys/fix-typo
git bisect bad 6e637348826f0725ba8a01c455448023ca2889e4
# good: [9b4f327e29de8eadd112e53af5a8fb9f430fabf7] set upload mode to replace
git bisect good 9b4f327e29de8eadd112e53af5a8fb9f430fabf7
# good: [42ac3a536369a7d4a7eafa1fa15b571b146ba594] merge with csp
git bisect good 42ac3a536369a7d4a7eafa1fa15b571b146ba594
# bad: [b4290d4b3d7c021965e9ce7ee636caac0f9cac74] python regression
git bisect bad b4290d4b3d7c021965e9ce7ee636caac0f9cac74
# bad: [0f7ff2a3d016ce6cc0dcc2654a6aa0187bc55192] swap
git bisect bad 0f7ff2a3d016ce6cc0dcc2654a6aa0187bc55192
# good: [d17248821ad047f889237ce20b6bdaa1465ceff9] include chronological backtracking, two-phase sat, xor inprocessing, probsat, ddfw
git bisect good d17248821ad047f889237ce20b6bdaa1465ceff9
# good: [ec1653fdff146ff8d1b3b2281e875494f4fc3a96] Merge pull request #2345 from schedutron/master
git bisect good ec1653fdff146ff8d1b3b2281e875494f4fc3a96
# bad: [f3b79087eef389011fa90eefcf64b987bed54a9d] add default tactic as option to overwrite the behavior of strategic solver factory
git bisect bad f3b79087eef389011fa90eefcf64b987bed54a9d
# bad: [1e770af1cc04f85a8d7a990ba0c9c4e433b83fa8] local sort
git bisect bad 1e770af1cc04f85a8d7a990ba0c9c4e433b83fa8
# first bad commit: [1e770af1cc04f85a8d7a990ba0c9c4e433b83fa8] local sort
