running python3 /home/yizhou7/mariposa/scripts/z3-bisect.py /home/yizhou7/mariposa/data/bisect_tasks/d_lvbkv_z3_clean--Impl-MarshallingImpl.i.dfy.Impl__MarshallingImpl.__default.KeyValSeqToPivots.txt
building z3
Bisecting: 1453 revisions left to test after this (roughly 11 steps)
[1915812f84cf41a5f232eedf2a695a54d055aa88] add a test for intervals
running python3 /home/yizhou7/mariposa/scripts/z3-bisect.py /home/yizhou7/mariposa/data/bisect_tasks/d_lvbkv_z3_clean--Impl-MarshallingImpl.i.dfy.Impl__MarshallingImpl.__default.KeyValSeqToPivots.txt
building z3
Bisecting: 1453 revisions left to test after this (roughly 11 steps)
[8faf35e2e0c8fce99794e71bd3b5de74b95ceb5a] fix #3735
running python3 /home/yizhou7/mariposa/scripts/z3-bisect.py /home/yizhou7/mariposa/data/bisect_tasks/d_lvbkv_z3_clean--Impl-MarshallingImpl.i.dfy.Impl__MarshallingImpl.__default.KeyValSeqToPivots.txt
building z3
done building z3 3.2
running mariposa
res: 1 
 out: [[[   2    4    4    2    4    2    4    4    4    4    4    2    4    2
      2    2    4    2    4    4    4    2    2    2    2    2    2    2
      2    2    4    2    2    2    2    2    4    2    2    4    4    2
      2    2    4    4    2    2    2    2    2    4    4    2    2    2
      2    4    2    2    2]
  [1396 1745 1706 1706 1757 1739 1728 1795 1686 1822 1683 1849 1786 1785
   1849 1685 1877 1706 1872 1814 1677 1647 1677 1688 1676 1830 1704 1695
   1641 1843 1813 1949 1904 1935 1844 1661 1660 1670 1837 1691 1717 1927
   1781 1794 1813 1821 1878 1875 1878 1829 1704 1669 1782 1705 1669 1822
   1818 1714 1594 1916 1496]]

 [[   2    2    2    2    2    2    2    2    2    2    2    2    2    2
      2    2    2    2    4    2    2    2    2    2    2    2    2    2
      4    2    2    2    2    2    2    2    2    2    2    2    2    2
      2    2    2    2    2    2    2    2    2    2    2    2    2    2
      2    2    2    2    4]
  [1396 1431 1511 2120 1676 1702 1952 1646 1643 1466 1591 1591 1472 1836
   1776 1807 1586 1508 1540 1650 1543 1508 1534 1897 2044 1746 1549 1958
   1693 1789 1700 1680 1813 1506 1600 1718 1620 1729 1610 1527 1507 1662
   1651 1592 1722 1865 1812 1823 1704 1858 1587 1620 1507 1666 1587 1898
   1766 1561 1565 1512 1717]]

 [[   2    2    2    2    2    2    2    2    2    2    2    2    2    2
      2    2    2    2    2    2    2    2    2    2    2    2    2    2
      2    2    2    2    2    2    2    4    2    2    2    2    2    2
      2    2    2    2    2    2    2    2    2    2    2    4    2    4
      2    4    4    2    2]
  [1396 1754 1812 1871 1985 1990 2166 2183 1959 1882 1961 2109 2021 2407
   2323 1779 2118 2120 2006 2265 2047 2521 1853 2273 2120 1857 1987 2320
   2132 1572 1845 2008 1919 1837 2098 2229 1838 1849 2285 2321 2067 2206
   2147 1865 1809 2024 1896 1840 1913 2222 2137 1722 1827 2051 2223 2152
   2066 1819 2008 1884 1784]]]
unstable
 
 err: 
done running mariposa 70.7
Bisecting: 1254 revisions left to test after this (roughly 10 steps)
[d1a5635b4ad7f8632356b380f3a9b1fc83fdb04f] better model based lemmaas
running python3 /home/yizhou7/mariposa/scripts/z3-bisect.py /home/yizhou7/mariposa/data/bisect_tasks/d_lvbkv_z3_clean--Impl-MarshallingImpl.i.dfy.Impl__MarshallingImpl.__default.KeyValSeqToPivots.txt
building z3
Bisecting: 1254 revisions left to test after this (roughly 10 steps)
[0a86bd14f792ef5fadb8eeb346729a612f7e1588] start on test nla
running python3 /home/yizhou7/mariposa/scripts/z3-bisect.py /home/yizhou7/mariposa/data/bisect_tasks/d_lvbkv_z3_clean--Impl-MarshallingImpl.i.dfy.Impl__MarshallingImpl.__default.KeyValSeqToPivots.txt
building z3
Bisecting: 1254 revisions left to test after this (roughly 10 steps)
[f7747d9e76bd685a02ce5c5fbda91fc356856b5e] fix parameter collection for tactic-based solvers reported in #3065
running python3 /home/yizhou7/mariposa/scripts/z3-bisect.py /home/yizhou7/mariposa/data/bisect_tasks/d_lvbkv_z3_clean--Impl-MarshallingImpl.i.dfy.Impl__MarshallingImpl.__default.KeyValSeqToPivots.txt
building z3
done building z3 3.2
running mariposa
res: 1 
 out: [[[   2    2    2    2    2    2    2    2    2    4    4    2    2    2
      2    2    2    2    2    4    2    2    2    2    2    2    2    4
      4    2    2    2    2    2    2    2    2    2    2    2    2    2
      2    2    2    2    2    2    2    2    2    2    4    2    2    2
      2    2    2    2    2]
  [1365 1452 1700 1471 1438 1611 1437 1485 1453 1732 1812 1620 1459 1607
   1595 1440 1595 1610 1644 1674 1481 1453 1442 1570 1601 1643 1643 1756
   1599 1596 1423 1597 1648 1642 1639 1488 1446 1446 1578 1456 1650 1621
   1637 1620 1440 1713 1598 1630 1625 1646 1616 1753 1738 1668 1463 1627
   1631 1372 1571 1480 1446]]

 [[   2    2    4    2    2    2    2    2    2    2    4    4    2    2
      2    2    2    2    2    2    2    2    2    2    2    2    4    2
      2    2    4    2    2    2    2    2    2    2    2    2    2    2
      4    2    2    2    2    2    2    2    2    4    2    2    2    2
      2    2    2    2    2]
  [1365 1756 1887 1618 2090 1688 1556 1780 1668 1652 2024 1857 1519 1556
   1590 1534 2040 1674 1454 1640 1579 1714 1637 1753 1709 1686 1490 1734
   1480 1622 1899 1760 1686 1595 1669 1520 1669 1730 1615 1669 1855 1659
   1694 1680 1644 1612 1710 1686 1723 1678 2002 1712 1908 1569 1611 1695
   1466 1560 1597 1480 2025]]

 [[   2    2    2    2    2    2    2    2    2    2    2    2    2    2
      2    2    2    2    4    2    2    2    2    2    2    2    2    2
      2    2    2    2    2    2    2    2    2    2    2    2    2    2
      2    2    2    2    2    2    2    2    2    2    2    2    2    2
      2    2    2    2    2]
  [1365 2050 1971 2115 2091 2106 2312 2381 1646 1979 1954 2283 2166 1969
   2194 1956 2198 1867 2171 2118 1990 2020 1953 1850 1988 1888 1891 2090
   2007 1863 1900 2129 2142 1757 1961 2215 1739 2257 1908 2050 2134 2369
   2205 1735 1938 2302 2143 2232 2060 2191 2180 1895 2114 2311 2018 2172
   2081 1823 1579 1747 1981]]]
unstable
 
 err: 
done running mariposa 70.1
Bisecting: 1034 revisions left to test after this (roughly 10 steps)
[0644194fc96a853df44c37f9e4522796aa40add8] work on lemma from product to factors, and some renaming
running python3 /home/yizhou7/mariposa/scripts/z3-bisect.py /home/yizhou7/mariposa/data/bisect_tasks/d_lvbkv_z3_clean--Impl-MarshallingImpl.i.dfy.Impl__MarshallingImpl.__default.KeyValSeqToPivots.txt
building z3
Bisecting: 1034 revisions left to test after this (roughly 10 steps)
[0321312c8db1d3f0edbd23e6e48884fbb7d77d1d] Changed to get_const_interp to match Java and C# bindings
running python3 /home/yizhou7/mariposa/scripts/z3-bisect.py /home/yizhou7/mariposa/data/bisect_tasks/d_lvbkv_z3_clean--Impl-MarshallingImpl.i.dfy.Impl__MarshallingImpl.__default.KeyValSeqToPivots.txt
building z3
done building z3 3.1
running mariposa
res: 0 
 out: [[[   2    2    2    2    2    2    2    2    2    2    2    2    2    2
      2    2    2    2    2    2    2    2    2    2    2    2    2    2
      2    2    2    2    2    2    2    2    2    2    2    2    2    2
      2    2    2    2    2    2    2    2    2    2    2    2    2    2
      2    2    2    2    2]
  [1158 1485 1417 1513 1493 1572 1445 1435 1404 1475 1417 1587 1484 1584
   1598 1502 1450 1602 1593 1438 1467 1484 1497 1404 1490 1403 1585 1593
   1429 1584 1596 1535 1595 1626 1603 1543 1484 1530 1590 1497 1671 1604
   1585 1603 1438 1502 1609 1591 1586 1601 1587 1457 1426 1433 1405 1581
   1559 1439 1382 1491 1264]]

 [[   2    2    2    2    2    2    2    2    2    2    2    4    2    2
      2    2    2    2    2    2    2    2    2    2    2    2    2    2
      2    2    2    2    2    2    2    2    2    2    2    2    2    2
      2    2    2    2    2    2    2    2    2    2    2    2    2    2
      2    2    2    2    2]
  [1158 1409 1466 1537 1325 1505 1683 1657 1405 1598 1521 1795 1609 1634
   1481 1488 1548 1374 1421 1556 1419 1674 1333 1729 1506 1447 1771 1409
   1469 1490 1326 1636 1487 1522 1456 1431 1559 1486 1799 1565 1522 1832
   1491 1562 1557 1445 1662 1671 1604 1763 1589 1649 1745 1421 1573 1836
   1810 1717 1475 1586 1592]]

 [[   2    2    2    2    2    2    2    2    2    2    2    2    2    2
      2    2    2    2    2    2    2    4    2    2    2    2    2    2
      2    2    2    2    2    2    2    2    2    2    2    2    2    2
      2    2    2    2    2    2    2    2    2    2    2    2    2    2
      2    2    4    2    2]
  [1158 1472 1683 1850 1796 1842 1851 1923 1520 1605 1562 1692 1694 1781
   1919 1722 1544 1978 1602 1855 1867 2281 1746 1802 1680 1776 1864 1721
   2184 1787 1800 1539 1624 1650 1640 1775 1471 1797 1773 1576 1868 1725
   1804 1599 1557 1706 1820 1721 1767 2041 1673 1683 1610 1740 1854 1769
   1763 1485 1869 1700 1696]]]
stable
 
 err: 
done running mariposa 65.6
Bisecting: 771 revisions left to test after this (roughly 10 steps)
[c9e989ae853667faaa04c98e128e48130e05b07f] fix build of lp_tst
running python3 /home/yizhou7/mariposa/scripts/z3-bisect.py /home/yizhou7/mariposa/data/bisect_tasks/d_lvbkv_z3_clean--Impl-MarshallingImpl.i.dfy.Impl__MarshallingImpl.__default.KeyValSeqToPivots.txt
building z3
Bisecting: 771 revisions left to test after this (roughly 10 steps)
[73662ad60d26755b7cd4c65c88766298125ee6a5] fix #3016
running python3 /home/yizhou7/mariposa/scripts/z3-bisect.py /home/yizhou7/mariposa/data/bisect_tasks/d_lvbkv_z3_clean--Impl-MarshallingImpl.i.dfy.Impl__MarshallingImpl.__default.KeyValSeqToPivots.txt
building z3
done building z3 3.2
running mariposa
res: 1 
 out: [[[   2    2    2    2    2    2    2    2    2    4    4    2    2    2
      2    2    2    2    2    4    2    2    2    2    2    2    4    2
      4    2    2    2    2    2    2    2    2    2    2    2    2    2
      2    2    2    2    2    2    2    2    2    2    4    2    2    2
      2    2    2    2    2]
  [1383 1442 1464 1692 1440 1598 1434 1458 1466 1735 1799 1615 1445 1600
   1591 1453 1601 1617 1602 1670 1472 1450 1433 1573 1638 1612 1708 1626
   1582 1579 1446 1600 1591 1611 1629 1465 1440 1441 1605 1436 1633 1609
   1618 1609 1453 1734 1586 1641 1614 1590 1594 1767 1749 1666 1480 1622
   1572 1367 1564 1506 1512]]

 [[   2    2    2    4    2    2    2    2    2    2    4    4    2    2
      2    2    2    2    2    2    2    2    2    2    2    4    2    2
      2    2    4    2    2    2    2    2    2    2    2    2    2    2
      4    2    2    2    2    2    2    2    2    4    2    2    2    2
      2    2    2    2    2]
  [1383 1731 1605 1900 2104 1716 1555 1778 1630 1645 2033 1870 1536 1581
   1576 1987 1521 1679 1476 1630 1594 1690 1629 1730 1713 1495 1690 1744
   1627 1492 1877 1761 1598 1684 1651 1530 1688 1705 1622 1672 1876 1656
   1724 1693 1629 1610 1685 1674 1716 1678 1999 1717 1886 1553 1610 1693
   1448 1557 1605 1493 1992]]

 [[   2    2    2    2    2    2    2    2    2    2    2    2    2    2
      2    2    2    4    2    2    2    2    2    2    2    2    2    2
      2    2    2    2    2    2    2    2    2    2    2    2    2    2
      2    2    2    2    2    2    2    2    2    2    2    2    2    2
      2    2    2    2    2]
  [1383 1945 2111 2064 2095 2089 2405 2326 1644 1930 1944 2178 2267 1980
   2174 1986 2205 2144 1887 1982 2101 2019 1988 1855 2003 1908 1920 2081
   2013 1884 1891 2133 2169 1788 1940 2211 1740 1858 2315 2100 2044 2376
   2196 1734 1923 2121 2230 2326 2050 2186 2179 1904 2117 2306 2153 2005
   2095 1823 1604 1733 1986]]]
unstable
 
 err: 
done running mariposa 69.8
Bisecting: 685 revisions left to test after this (roughly 10 steps)
[403743cb30a07a99ef035f647993229b2960d9d6] switch to constraint based sign lemma
running python3 /home/yizhou7/mariposa/scripts/z3-bisect.py /home/yizhou7/mariposa/data/bisect_tasks/d_lvbkv_z3_clean--Impl-MarshallingImpl.i.dfy.Impl__MarshallingImpl.__default.KeyValSeqToPivots.txt
building z3
Bisecting: 685 revisions left to test after this (roughly 10 steps)
[130995a3db793cefb402d85431fa66b0fa8165ab] print terms as monomials
running python3 /home/yizhou7/mariposa/scripts/z3-bisect.py /home/yizhou7/mariposa/data/bisect_tasks/d_lvbkv_z3_clean--Impl-MarshallingImpl.i.dfy.Impl__MarshallingImpl.__default.KeyValSeqToPivots.txt
building z3
Bisecting: 685 revisions left to test after this (roughly 10 steps)
[bfc30440ac040d58fa05d76612fd766f512c0c5a] update nightly
running python3 /home/yizhou7/mariposa/scripts/z3-bisect.py /home/yizhou7/mariposa/data/bisect_tasks/d_lvbkv_z3_clean--Impl-MarshallingImpl.i.dfy.Impl__MarshallingImpl.__default.KeyValSeqToPivots.txt
building z3
done building z3 3.1
running mariposa
res: 0 
 out: [[[   2    2    2    2    2    2    2    2    2    2    2    2    2    2
      2    2    2    2    2    2    2    2    2    2    2    2    2    2
      2    2    2    2    2    2    2    2    2    2    2    2    2    2
      2    2    2    2    2    2    2    2    2    2    2    2    2    2
      2    2    2    2    2]
  [1147 1484 1455 1516 1528 1586 1434 1422 1394 1412 1520 1610 1485 1595
   1581 1489 1448 1628 1450 1609 1499 1468 1493 1399 1509 1407 1591 1618
   1425 1579 1588 1544 1607 1602 1545 1635 1464 1584 1535 1492 1690 1621
   1603 1593 1407 1530 1587 1596 1592 1626 1578 1431 1430 1433 1412 1569
   1571 1456 1347 1479 1287]]

 [[   2    2    2    2    2    2    2    2    2    2    2    4    2    2
      2    2    2    2    2    2    2    2    2    2    2    2    2    2
      2    2    2    2    2    2    2    2    2    2    2    2    2    2
      2    2    2    2    2    2    2    2    2    2    2    2    2    2
      2    2    2    2    2]
  [1147 1393 1493 1548 1314 1521 1695 1669 1585 1424 1544 1807 1604 1632
   1493 1493 1532 1391 1427 1569 1435 1334 1687 1710 1537 1785 1458 1424
   1490 1505 1326 1626 1491 1521 1470 1445 1547 1489 1788 1578 1531 1856
   1495 1555 1549 1439 1657 1707 1613 1752 1602 1657 1768 1407 1565 1734
   1886 1842 1481 1582 1580]]

 [[   2    2    2    2    2    2    2    2    2    2    2    2    2    2
      2    2    2    2    2    2    2    4    2    2    2    2    2    2
      2    2    2    2    2    2    2    2    2    2    2    2    2    2
      2    2    2    2    2    2    2    2    2    2    2    2    2    2
      2    4    2    2    2]
  [1147 1478 1684 1774 1845 1848 1864 1915 1557 1598 1563 1677 1707 1760
   1959 1516 1753 1632 1968 1863 1853 2260 1756 1830 1710 1750 1873 2192
   1721 1782 1842 1550 1642 1645 1639 1759 1462 1825 1787 1609 1865 1735
   1780 1605 1574 1715 1822 1726 1809 2020 1675 1680 1615 1757 1843 1787
   1761 1846 1487 1707 1726]]]
stable
 
 err: 
done running mariposa 65.5
Bisecting: 644 revisions left to test after this (roughly 9 steps)
[754656212d592947af3994df09d668aeca2000b7] allow more sign lemmas
running python3 /home/yizhou7/mariposa/scripts/z3-bisect.py /home/yizhou7/mariposa/data/bisect_tasks/d_lvbkv_z3_clean--Impl-MarshallingImpl.i.dfy.Impl__MarshallingImpl.__default.KeyValSeqToPivots.txt
building z3
Bisecting: 644 revisions left to test after this (roughly 9 steps)
[4a94abe7d7f3996cbdfac69e08836b3233f8efce] Update nightly.yaml
running python3 /home/yizhou7/mariposa/scripts/z3-bisect.py /home/yizhou7/mariposa/data/bisect_tasks/d_lvbkv_z3_clean--Impl-MarshallingImpl.i.dfy.Impl__MarshallingImpl.__default.KeyValSeqToPivots.txt
building z3
done building z3 3.1
running mariposa
res: 1 
 out: [[[   2    2    2    2    2    4    2    2    2    2    2    4    2    2
      4    2    4    2    2    2    2    2    2    2    2    2    2    2
      4    2    4    2    4    2    2    2    2    2    2    2    2    2
      4    2    2    2    4    4    4    4    4    2    2    2    2    2
      4    2    2    4    2]
  [1295 1694 1610 1634 1649 1753 1687 1677 1636 1588 1553 1703 1568 1730
   1764 1680 1660 1642 1721 1629 1582 1666 1661 1528 1626 1623 1726 1592
   1709 1786 1690 1647 1687 1713 1596 1780 1692 1672 1632 1559 1561 1679
   1728 1720 1633 1631 1697 1772 1717 1725 1692 1677 1552 1644 1553 1705
   1679 1608 1457 1566 1367]]

 [[   2    4    2    2    2    2    2    4    2    2    2    2    4    2
      2    2    2    2    2    2    2    2    2    4    2    2    2    2
      2    2    2    2    2    4    2    2    2    2    2    2    2    2
      2    2    2    2    2    2    2    2    2    4    2    2    2    2
      2    2    2    2    2]
  [1295 1619 1733 1841 1776 1755 1688 1612 1427 1867 1823 1561 1592 1510
   1678 1609 1544 1436 1371 1780 1693 1633 1777 1648 1694 1644 1721 1756
   1894 1562 1715 1578 1804 1493 1643 1772 1713 1645 1717 1855 1530 1605
   2192 1711 1838 1681 1619 1351 1769 1702 1944 1687 1950 1984 1694 1832
   1742 1681 1677 1686 1787]]

 [[   2    4    2    2    2    2    2    2    2    2    4    2    4    4
      2    2    2    2    2    2    2    2    2    2    2    2    2    2
      2    2    2    2    2    2    2    2    2    2    2    2    2    2
      2    2    4    2    4    4    2    4    2    4    4    2    4    2
      2    2    2    2    2]
  [1295 1780 2223 2084 2137 2214 2260 2287 1711 2044 2087 2055 2019 2272
   2180 1647 1732 1943 1872 2099 2263 2338 1901 2013 1803 1975 2068 1727
   2040 2130 1695 2119 1994 2380 2200 2045 1906 2026 1731 1925 2417 1891
   2283 1705 1857 1729 1769 1928 1618 2100 1753 1961 1977 1849 2107 1988
   1895 1873 1724 1748 1742]]]
unstable
 
 err: 
done running mariposa 70.1
Bisecting: 117 revisions left to test after this (roughly 7 steps)
[5f78ca9b588d3d0a7405e39630d548477f750710] z3str3: negative lengths in get_len_value don't count
running python3 /home/yizhou7/mariposa/scripts/z3-bisect.py /home/yizhou7/mariposa/data/bisect_tasks/d_lvbkv_z3_clean--Impl-MarshallingImpl.i.dfy.Impl__MarshallingImpl.__default.KeyValSeqToPivots.txt
building z3
done building z3 86.6
running mariposa
res: 0 
 out: [[[   2    2    2    2    2    2    2    2    2    2    2    2    2    2
      2    2    2    2    2    2    2    2    2    2    2    2    2    2
      2    2    2    2    2    2    2    2    2    2    2    2    2    2
      2    2    2    2    2    2    2    2    2    2    2    2    2    2
      2    2    2    2    2]
  [1218 1535 1567 1602 1474 1540 1572 1499 1538 1545 1549 1471 1529 1454
   1483 1545 1472 1534 1477 1515 1578 1506 1548 1543 1533 1462 1525 1467
   1545 1484 1471 1535 1466 1462 1467 1593 1536 1487 1530 1512 1581 1469
   1473 1469 1544 1525 1468 1457 1468 1477 1470 1530 1498 1511 1584 1466
   1425 1468 1447 1369 1341]]

 [[   2    2    2    2    2    2    2    2    2    2    2    2    2    2
      2    2    2    2    2    2    2    2    2    2    2    2    2    2
      2    2    2    2    2    2    2    2    2    2    2    2    4    2
      2    2    2    2    2    2    2    2    2    2    2    2    2    2
      2    2    2    2    2]
  [1218 1473 1553 1558 1633 1708 1596 1549 1399 1750 1597 1453 1473 1596
   1513 1479 1464 1408 1383 1645 1453 1462 1467 1655 1732 1656 1471 1493
   1607 1413 1553 1460 1557 1419 1379 1500 1571 1548 1600 1465 1811 1559
   1644 1594 1537 1715 1533 1440 1519 1569 1524 1676 1740 1618 1521 1506
   1594 1430 1543 1591 1788]]

 [[   2    2    2    2    2    2    2    4    2    2    2    2    2    2
      2    2    2    2    2    2    2    2    2    2    2    2    2    2
      2    2    2    2    2    2    2    4    2    2    2    2    2    2
      2    2    2    2    2    2    2    2    2    2    2    2    2    2
      2    2    2    2    2]
  [1218 1483 1636 1656 1814 1770 2080 2124 1673 1540 1782 1769 1876 1784
   1911 1598 1637 1793 1735 1861 1757 1981 1655 1869 1782 1883 1910 1532
   2093 1932 2004 1752 1668 1966 2044 2050 1709 1739 1749 2020 1912 1781
   1669 1692 1678 1709 1721 1840 1760 1635 1713 1643 1541 1749 1684 1901
   1778 1454 1690 1607 1846]]]
stable
 
 err: 
done running mariposa 65.9
Bisecting: 58 revisions left to test after this (roughly 6 steps)
[20754bc72d4520eedc1173fbb5c3eb24f4afc422] fix #2768
running python3 /home/yizhou7/mariposa/scripts/z3-bisect.py /home/yizhou7/mariposa/data/bisect_tasks/d_lvbkv_z3_clean--Impl-MarshallingImpl.i.dfy.Impl__MarshallingImpl.__default.KeyValSeqToPivots.txt
building z3
done building z3 85.3
running mariposa
res: 1 
 out: [[[   2    2    2    2    2    4    2    2    2    2    2    4    2    2
      2    4    4    2    2    2    2    2    2    2    2    2    2    4
      2    2    4    2    4    2    2    2    2    2    2    2    2    2
      4    2    2    2    4    4    4    4    4    2    2    2    2    2
      4    2    2    4    2]
  [1286 1668 1611 1635 1642 1751 1680 1656 1645 1611 1551 1684 1547 1733
   1662 1760 1675 1654 1708 1648 1579 1646 1660 1538 1632 1701 1630 1720
   1573 1782 1706 1630 1694 1700 1605 1788 1704 1673 1637 1575 1552 1675
   1706 1725 1648 1652 1739 1759 1711 1712 1718 1688 1562 1648 1552 1720
   1690 1590 1464 1566 1363]]

 [[   2    4    2    2    2    2    2    4    2    2    2    2    4    2
      2    2    2    2    2    2    2    2    4    2    2    2    2    2
      2    2    2    2    2    4    2    2    2    2    2    2    2    2
      2    2    2    2    2    2    2    2    2    4    2    2    2    2
      2    2    2    2    2]
  [1286 1608 1712 1850 1743 1754 1668 1627 1441 1867 1798 1525 1586 1514
   1676 1521 1633 1430 1380 1791 1691 1647 1616 1766 1686 1651 1739 1877
   1783 1563 1714 1572 1773 1499 1628 1769 1693 1649 1738 1859 1550 1601
   2164 1701 1839 1676 1624 1347 1766 1688 1948 1689 1944 1950 1700 1832
   1755 1655 1681 1695 1788]]

 [[   2    4    2    2    2    2    2    2    2    2    4    2    4    2
      4    2    2    2    2    2    2    2    2    2    2    2    2    2
      2    2    2    2    2    2    2    2    2    2    2    2    2    2
      2    2    4    2    4    4    2    4    2    4    2    4    4    2
      2    2    2    2    2]
  [1286 1780 2076 2194 2156 2230 2235 2300 1687 2033 2088 2046 2045 2178
   2288 1658 1694 1858 1945 2145 2275 2329 1910 1991 1802 1966 1702 2077
   2029 2148 1710 2085 1995 2376 2044 2204 1920 2045 2370 1751 1929 1880
   2286 1727 1846 1739 1761 1899 1611 2104 1758 2009 1826 1990 2069 1989
   1904 1865 1727 1789 1738]]]
unstable
 
 err: 
done running mariposa 70.1
Bisecting: 29 revisions left to test after this (roughly 5 steps)
[30d9ea5c2cd8c8e8d44780a8c197ede6af7f4557] Addressing comments from pull request: more descriptive variable names and m.mk_not
running python3 /home/yizhou7/mariposa/scripts/z3-bisect.py /home/yizhou7/mariposa/data/bisect_tasks/d_lvbkv_z3_clean--Impl-MarshallingImpl.i.dfy.Impl__MarshallingImpl.__default.KeyValSeqToPivots.txt
building z3
done building z3 84.4
running mariposa
res: 0 
 out: [[[   2    2    2    2    2    2    2    2    2    2    2    2    2    2
      2    2    2    2    2    2    2    2    2    2    2    2    2    2
      2    2    2    2    2    2    2    2    2    2    2    2    2    2
      2    2    2    2    2    2    2    2    2    2    2    2    2    2
      2    2    2    2    2]
  [1225 1577 1536 1598 1532 1466 1578 1502 1538 1556 1528 1476 1516 1459
   1477 1536 1476 1523 1488 1506 1578 1501 1532 1548 1526 1479 1522 1460
   1540 1470 1484 1526 1464 1465 1454 1577 1553 1476 1527 1516 1580 1454
   1457 1468 1532 1543 1475 1467 1458 1449 1457 1525 1519 1509 1590 1463
   1426 1460 1440 1363 1337]]

 [[   2    2    2    2    2    2    2    2    2    2    2    2    2    2
      2    2    2    2    2    2    2    2    2    2    2    2    2    2
      2    2    2    2    2    2    2    2    2    2    2    2    4    2
      2    2    2    2    2    2    2    2    2    2    2    2    2    2
      2    2    2    2    2]
  [1225 1463 1552 1558 1626 1696 1536 1612 1725 1403 1610 1438 1459 1517
   1610 1505 1487 1416 1378 1644 1465 1461 1474 1630 1746 1629 1466 1492
   1602 1420 1543 1478 1534 1399 1374 1488 1560 1620 1569 1464 1779 1541
   1648 1591 1526 1713 1439 1559 1502 1573 1658 1528 1732 1511 1646 1493
   1573 1422 1548 1599 1800]]

 [[   2    2    2    2    2    2    2    4    2    2    2    2    2    2
      2    2    2    2    2    2    2    2    2    2    2    2    2    2
      2    2    2    2    2    2    2    4    2    2    2    2    2    2
      2    2    2    2    2    2    2    2    2    2    2    2    2    2
      2    2    2    2    2]
  [1225 1466 1631 1640 1777 1835 2052 2131 1631 1549 1791 1750 1872 1814
   1887 1595 1583 1804 1746 1890 1747 1971 1855 1663 1756 1869 1918 1521
   2079 1940 1989 1734 1680 1966 2015 2045 1711 1748 2017 1752 1922 1757
   1668 1690 1679 1724 1733 1813 1779 1607 1652 1715 1538 1758 1686 1772
   1919 1439 1658 1617 1821]]]
stable
 
 err: 
done running mariposa 65.8
Bisecting: 14 revisions left to test after this (roughly 4 steps)
[86c35bc7c1d98dc4e5919933b1e52e37297a6489] fix #2763
running python3 /home/yizhou7/mariposa/scripts/z3-bisect.py /home/yizhou7/mariposa/data/bisect_tasks/d_lvbkv_z3_clean--Impl-MarshallingImpl.i.dfy.Impl__MarshallingImpl.__default.KeyValSeqToPivots.txt
building z3
done building z3 32.6
running mariposa
res: 1 
 out: [[[   2    2    2    2    2    4    2    2    2    2    2    4    2    2
      4    2    4    2    2    2    2    2    2    2    2    2    2    4
      2    2    4    2    4    2    2    2    2    2    2    2    2    2
      4    2    2    2    4    4    4    4    4    2    2    2    2    2
      4    2    2    4    2]
  [1292 1667 1621 1619 1647 1765 1666 1662 1663 1607 1541 1688 1580 1735
   1753 1655 1674 1649 1699 1642 1572 1652 1643 1531 1626 1691 1640 1706
   1597 1782 1679 1632 1681 1727 1611 1809 1697 1667 1630 1556 1559 1684
   1703 1731 1618 1630 1695 1756 1712 1734 1698 1685 1561 1640 1542 1713
   1686 1595 1497 1554 1359]]

 [[   2    4    2    2    2    2    2    4    2    2    2    2    4    2
      2    2    2    2    2    2    2    2    2    4    2    2    2    2
      2    2    2    2    2    4    2    2    2    2    2    2    2    2
      2    2    2    2    2    2    2    2    2    4    2    2    2    2
      2    2    2    2    2]
  [1292 1620 1709 1857 1764 1743 1672 1611 1411 1883 1824 1554 1577 1536
   1673 1609 1529 1375 1443 1788 1692 1631 1756 1640 1682 1646 1714 1755
   1893 1548 1725 1580 1754 1504 1630 1767 1696 1656 1737 1818 1537 1599
   2146 1699 1858 1698 1619 1364 1758 1884 1682 1676 1974 1954 1719 1826
   1642 1748 1689 1680 1793]]

 [[   2    4    2    2    2    2    2    2    2    2    4    2    4    2
      4    2    2    2    2    2    2    2    2    2    2    2    2    2
      2    2    2    2    2    2    2    2    2    2    2    2    2    2
      2    2    4    2    4    4    2    4    2    4    2    4    2    4
      2    2    2    2    2]
  [1292 1795 2102 2138 2256 2216 2235 2311 1672 2066 2091 2057 2034 2188
   2266 1636 1707 1854 1968 2101 2353 2297 1891 1986 1801 2003 2054 1715
   2016 2116 1683 2065 2002 2415 2202 2044 1913 2020 1748 2358 1955 1895
   2264 1725 1839 1736 1751 1906 1598 2133 1758 1962 1819 1983 1986 2091
   1914 1883 1727 1748 1737]]]
unstable
 
 err: 
done running mariposa 70.2
Bisecting: 6 revisions left to test after this (roughly 3 steps)
[0d004b5232d8f7ff6e8904e26adee09c6e19a27c] fix #2761
running python3 /home/yizhou7/mariposa/scripts/z3-bisect.py /home/yizhou7/mariposa/data/bisect_tasks/d_lvbkv_z3_clean--Impl-MarshallingImpl.i.dfy.Impl__MarshallingImpl.__default.KeyValSeqToPivots.txt
building z3
done building z3 47.4
running mariposa
res: 1 
 out: [[[   2    2    2    2    2    4    2    2    2    2    2    4    2    2
      4    2    4    2    2    2    2    2    2    2    2    2    2    4
      2    2    4    2    4    2    2    2    2    2    2    2    2    2
      4    2    2    2    4    4    4    4    4    2    2    2    2    4
      2    2    2    4    2]
  [1275 1673 1621 1631 1633 1741 1662 1682 1638 1606 1549 1708 1558 1729
   1770 1665 1681 1633 1742 1631 1576 1665 1650 1549 1615 1646 1724 1714
   1588 1766 1672 1621 1700 1710 1617 1805 1693 1658 1613 1570 1558 1677
   1719 1709 1612 1617 1718 1770 1724 1708 1698 1670 1541 1565 1622 1683
   1712 1620 1465 1572 1339]]

 [[   2    4    2    2    2    2    4    2    2    2    2    2    4    2
      2    2    2    2    2    2    2    2    2    4    2    2    2    2
      2    2    2    2    2    4    2    2    2    2    2    2    2    2
      2    2    2    2    2    2    2    2    2    4    2    2    2    2
      2    2    2    2    2]
  [1275 1630 1702 1835 1763 1758 1605 1679 1406 1876 1789 1516 1584 1512
   1686 1603 1519 1453 1366 1778 1696 1632 1767 1628 1697 1625 1712 1887
   1752 1563 1717 1569 1767 1486 1626 1780 1699 1664 1717 1826 1521 1608
   2155 1706 1840 1699 1603 1352 1774 1920 1683 1678 1981 1952 1686 1810
   1652 1743 1682 1715 1788]]

 [[   2    4    2    2    2    2    2    2    2    2    4    4    2    4
      2    2    2    2    2    2    2    2    2    2    2    2    2    2
      2    2    2    2    2    2    2    2    2    2    2    2    2    2
      2    2    4    2    4    4    2    4    2    4    2    4    4    2
      2    2    2    2    2]
  [1275 1777 2064 2132 2195 2233 2263 2311 1707 2001 2084 2001 2054 2267
   2192 1641 1656 1941 1855 2134 2276 2326 1916 1964 1801 1979 1698 2055
   2022 2154 2048 1725 1987 2408 2182 2032 1941 2035 2372 1738 1926 1876
   2260 1737 1851 1718 1769 1892 1602 2088 1765 1982 1841 1998 2081 1976
   1874 1864 1736 1749 1754]]]
unstable
 
 err: 
done running mariposa 70.3
Bisecting: 3 revisions left to test after this (roughly 2 steps)
[001ddef0580187e1cc954517efa1cf115f986283] fix #2749
running python3 /home/yizhou7/mariposa/scripts/z3-bisect.py /home/yizhou7/mariposa/data/bisect_tasks/d_lvbkv_z3_clean--Impl-MarshallingImpl.i.dfy.Impl__MarshallingImpl.__default.KeyValSeqToPivots.txt
building z3
done building z3 3.8
running mariposa
res: 1 
 out: [[[   2    2    2    2    2    4    2    2    2    2    2    4    2    2
      4    2    4    2    2    2    2    2    2    2    2    2    2    4
      2    2    4    2    4    2    2    2    2    2    2    2    2    2
      4    2    2    2    4    4    4    4    4    2    2    2    2    2
      4    2    2    4    2]
  [1291 1659 1609 1623 1631 1760 1655 1663 1645 1628 1556 1679 1569 1717
   1763 1657 1693 1671 1710 1645 1570 1640 1651 1551 1644 1696 1651 1706
   1571 1764 1673 1654 1705 1727 1778 1599 1705 1672 1619 1552 1563 1708
   1704 1726 1633 1633 1698 1780 1731 1708 1688 1691 1550 1632 1558 1697
   1702 1586 1465 1545 1384]]

 [[   2    4    2    2    2    2    4    2    2    2    2    2    4    2
      2    2    2    2    2    2    2    2    4    2    2    2    2    2
      2    2    2    2    2    4    2    2    2    2    2    2    2    2
      2    2    2    2    2    2    2    2    2    4    2    2    2    2
      2    2    2    2    2]
  [1291 1610 1714 1845 1762 1743 1628 1676 1425 1858 1800 1530 1574 1506
   1690 1617 1510 1426 1371 1775 1691 1637 1638 1791 1691 1635 1706 1872
   1758 1552 1709 1581 1778 1478 1621 1769 1699 1653 1737 1836 1520 1598
   2181 1717 1852 1691 1595 1360 1760 1692 1912 1691 1985 1948 1704 1817
   1744 1663 1691 1702 1787]]

 [[   2    4    2    2    2    2    2    2    2    2    4    2    4    2
      4    2    2    2    2    2    2    2    2    2    2    2    2    2
      2    2    2    2    2    2    2    2    2    2    2    2    2    2
      2    2    4    2    4    4    2    4    2    4    4    2    4    2
      2    2    2    2    2]
  [1291 1788 2214 2080 2168 2241 2236 2274 1688 2073 2103 2074 2012 2176
   2271 1636 1724 1860 1938 2113 2302 2352 1888 2007 1798 1965 2050 1711
   2044 2114 1691 2097 1991 2374 2208 2049 1938 2032 1737 1930 2382 1877
   2278 1732 1827 1724 1765 1894 1606 2092 1753 1962 2020 1846 2068 1997
   1895 1864 1716 1727 1774]]]
unstable
 
 err: 
done running mariposa 70.1
Bisecting: 1 revision left to test after this (roughly 1 step)
[b8f2cf5b0bf8b40d16647892db7ee273ba0ccbf5] z3str3: rewrite strong arrangement axiom to avoid assertion violation
running python3 /home/yizhou7/mariposa/scripts/z3-bisect.py /home/yizhou7/mariposa/data/bisect_tasks/d_lvbkv_z3_clean--Impl-MarshallingImpl.i.dfy.Impl__MarshallingImpl.__default.KeyValSeqToPivots.txt
building z3
done building z3 13.5
running mariposa
res: 0 
 out: [[[   2    2    2    2    2    2    2    2    2    2    2    2    2    2
      2    2    2    2    2    2    2    2    2    2    2    2    2    2
      2    2    2    2    2    2    2    2    2    2    2    2    2    2
      2    2    2    2    2    2    2    2    2    2    2    2    2    2
      2    2    2    2    2]
  [1235 1531 1560 1594 1485 1527 1580 1509 1527 1539 1539 1465 1535 1468
   1461 1534 1475 1530 1456 1523 1509 1601 1539 1549 1541 1459 1533 1471
   1539 1465 1475 1524 1463 1467 1462 1588 1535 1475 1523 1506 1595 1463
   1471 1468 1536 1526 1456 1478 1461 1463 1472 1539 1502 1493 1585 1467
   1449 1482 1458 1366 1359]]

 [[   2    2    2    2    2    2    2    2    2    2    2    2    2    2
      2    2    2    2    2    2    2    2    2    2    2    2    2    2
      2    2    2    2    2    2    2    2    2    2    2    4    2    2
      2    2    2    2    2    2    2    2    2    2    2    2    2    2
      2    2    2    2    2]
  [1235 1480 1556 1544 1650 1716 1596 1535 1394 1738 1607 1447 1468 1522
   1596 1480 1447 1422 1367 1654 1463 1475 1475 1728 1643 1635 1480 1497
   1599 1425 1464 1560 1545 1384 1381 1494 1583 1554 1609 1791 1472 1537
   1648 1618 1531 1735 1435 1540 1514 1573 1507 1649 1742 1522 1626 1495
   1576 1542 1426 1621 1756]]

 [[   2    2    2    2    2    2    2    4    2    2    2    2    2    2
      2    2    2    2    2    2    2    2    2    2    2    2    2    2
      2    2    2    2    2    2    2    4    2    2    2    2    2    2
      2    2    2    2    2    2    2    2    2    2    2    2    2    2
      2    2    2    2    2]
  [1235 1481 1658 1674 1785 1830 2060 2124 1673 1561 1782 1793 1888 1898
   1789 1622 1608 1809 1741 1877 1755 1989 1663 1848 1809 1545 1904 1924
   2068 1932 2024 1756 1693 1985 2027 2032 1705 1730 1741 2016 1945 1787
   1680 1697 1679 1716 1757 1835 1626 1789 1726 1642 1770 1550 1694 1804
   1914 1436 1675 1633 1821]]]
stable
 
 err: 
done running mariposa 65.9
Bisecting: 0 revisions left to test after this (roughly 0 steps)
[bf28b815faad1e4bfdcb02c24ebc66cd0ab2589a] z3str3: add a method to rewrite-and-assert an axiom to reduce boilerplate
running python3 /home/yizhou7/mariposa/scripts/z3-bisect.py /home/yizhou7/mariposa/data/bisect_tasks/d_lvbkv_z3_clean--Impl-MarshallingImpl.i.dfy.Impl__MarshallingImpl.__default.KeyValSeqToPivots.txt
building z3
done building z3 3.1
running mariposa
res: 0 
 out: [[[   2    2    2    2    2    2    2    2    2    2    2    2    2    2
      2    2    2    2    2    2    2    2    2    2    2    2    2    2
      2    2    2    2    2    2    2    2    2    2    2    2    2    2
      2    2    2    2    2    2    2    2    2    2    2    2    2    2
      2    2    2    2    2]
  [1235 1545 1541 1604 1531 1496 1569 1515 1519 1541 1543 1463 1542 1456
   1459 1545 1471 1523 1473 1521 1582 1507 1526 1538 1540 1452 1538 1489
   1523 1466 1461 1525 1455 1474 1468 1575 1537 1469 1523 1506 1597 1462
   1461 1467 1548 1531 1475 1457 1465 1454 1482 1526 1504 1512 1581 1466
   1431 1495 1435 1375 1341]]

 [[   2    2    2    2    2    2    2    2    2    2    2    2    2    2
      2    2    2    2    2    2    2    2    2    2    2    2    2    2
      2    2    2    2    2    2    2    2    2    2    2    2    4    2
      2    2    2    2    2    2    2    2    2    2    2    2    2    2
      2    2    2    2    2]
  [1235 1480 1557 1545 1656 1703 1533 1614 1413 1737 1598 1464 1475 1519
   1621 1450 1483 1421 1376 1663 1464 1473 1475 1662 1747 1656 1485 1505
   1608 1419 1466 1552 1574 1406 1399 1489 1566 1550 1630 1490 1793 1551
   1655 1603 1548 1727 1544 1443 1519 1600 1530 1659 1739 1629 1532 1530
   1581 1424 1544 1593 1755]]

 [[   2    2    2    2    2    2    2    4    2    2    2    2    2    2
      2    2    2    2    2    2    2    2    2    2    2    2    2    2
      2    2    2    2    2    2    2    4    2    2    2    2    2    2
      2    2    2    2    2    2    2    2    2    2    2    2    2    2
      2    2    2    2    2]
  [1235 1476 1648 1787 1673 1818 2048 2141 1668 1559 1797 1870 1789 1886
   1805 1626 1601 1791 1740 1867 1769 1994 1663 1876 1767 1890 1921 1528
   2094 1950 2057 1736 1695 1980 2027 2019 1722 1763 2003 1782 1928 1757
   1677 1689 1697 1723 1729 1828 1782 1611 1709 1662 1552 1758 1706 1899
   1767 1687 1447 1607 1806]]]
stable
 
 err: 
done running mariposa 65.9
001ddef0580187e1cc954517efa1cf115f986283 is the first bad commit
commit 001ddef0580187e1cc954517efa1cf115f986283
Author: Nikolaj Bjorner <nbjorner@microsoft.com>
Date:   Fri Nov 29 09:46:41 2019 -0800

    fix #2749
    
    Signed-off-by: Nikolaj Bjorner <nbjorner@microsoft.com>

 src/ast/macros/macro_util.cpp | 42 ++++++++++++++++++++----------------------
 src/smt/mam.cpp               |  1 +
 src/smt/smt_model_finder.cpp  |  4 ++--
 3 files changed, 23 insertions(+), 24 deletions(-)
bisect run success
git bisect start
# good: [e79542cc689d52ec4cb34ce4ae3fbe56e7a0bf70] fix #2309
git bisect good e79542cc689d52ec4cb34ce4ae3fbe56e7a0bf70
# bad: [ad55a1f1c617a7f0c3dd735c0780fc758424c7f1] Update release.yml for Azure Pipelines
git bisect bad ad55a1f1c617a7f0c3dd735c0780fc758424c7f1
# skip: [e2702f3ae88f5c48a55f4473bb5c29184c182634] fixes in assigning constraints to intervals
git bisect skip e2702f3ae88f5c48a55f4473bb5c29184c182634
# skip: [1915812f84cf41a5f232eedf2a695a54d055aa88] add a test for intervals
git bisect skip 1915812f84cf41a5f232eedf2a695a54d055aa88
# bad: [8faf35e2e0c8fce99794e71bd3b5de74b95ceb5a] fix #3735
git bisect bad 8faf35e2e0c8fce99794e71bd3b5de74b95ceb5a
# skip: [d1a5635b4ad7f8632356b380f3a9b1fc83fdb04f] better model based lemmaas
git bisect skip d1a5635b4ad7f8632356b380f3a9b1fc83fdb04f
# skip: [0a86bd14f792ef5fadb8eeb346729a612f7e1588] start on test nla
git bisect skip 0a86bd14f792ef5fadb8eeb346729a612f7e1588
# bad: [f7747d9e76bd685a02ce5c5fbda91fc356856b5e] fix parameter collection for tactic-based solvers reported in #3065
git bisect bad f7747d9e76bd685a02ce5c5fbda91fc356856b5e
# skip: [0644194fc96a853df44c37f9e4522796aa40add8] work on lemma from product to factors, and some renaming
git bisect skip 0644194fc96a853df44c37f9e4522796aa40add8
# good: [0321312c8db1d3f0edbd23e6e48884fbb7d77d1d] Changed to get_const_interp to match Java and C# bindings
git bisect good 0321312c8db1d3f0edbd23e6e48884fbb7d77d1d
# skip: [c9e989ae853667faaa04c98e128e48130e05b07f] fix build of lp_tst
git bisect skip c9e989ae853667faaa04c98e128e48130e05b07f
# bad: [73662ad60d26755b7cd4c65c88766298125ee6a5] fix #3016
git bisect bad 73662ad60d26755b7cd4c65c88766298125ee6a5
# skip: [403743cb30a07a99ef035f647993229b2960d9d6] switch to constraint based sign lemma
git bisect skip 403743cb30a07a99ef035f647993229b2960d9d6
# skip: [130995a3db793cefb402d85431fa66b0fa8165ab] print terms as monomials
git bisect skip 130995a3db793cefb402d85431fa66b0fa8165ab
# good: [bfc30440ac040d58fa05d76612fd766f512c0c5a] update nightly
git bisect good bfc30440ac040d58fa05d76612fd766f512c0c5a
# skip: [754656212d592947af3994df09d668aeca2000b7] allow more sign lemmas
git bisect skip 754656212d592947af3994df09d668aeca2000b7
# bad: [4a94abe7d7f3996cbdfac69e08836b3233f8efce] Update nightly.yaml
git bisect bad 4a94abe7d7f3996cbdfac69e08836b3233f8efce
# good: [5f78ca9b588d3d0a7405e39630d548477f750710] z3str3: negative lengths in get_len_value don't count
git bisect good 5f78ca9b588d3d0a7405e39630d548477f750710
# bad: [20754bc72d4520eedc1173fbb5c3eb24f4afc422] fix #2768
git bisect bad 20754bc72d4520eedc1173fbb5c3eb24f4afc422
# good: [30d9ea5c2cd8c8e8d44780a8c197ede6af7f4557] Addressing comments from pull request: more descriptive variable names and m.mk_not
git bisect good 30d9ea5c2cd8c8e8d44780a8c197ede6af7f4557
# bad: [86c35bc7c1d98dc4e5919933b1e52e37297a6489] fix #2763
git bisect bad 86c35bc7c1d98dc4e5919933b1e52e37297a6489
# bad: [0d004b5232d8f7ff6e8904e26adee09c6e19a27c] fix #2761
git bisect bad 0d004b5232d8f7ff6e8904e26adee09c6e19a27c
# bad: [001ddef0580187e1cc954517efa1cf115f986283] fix #2749
git bisect bad 001ddef0580187e1cc954517efa1cf115f986283
# good: [b8f2cf5b0bf8b40d16647892db7ee273ba0ccbf5] z3str3: rewrite strong arrangement axiom to avoid assertion violation
git bisect good b8f2cf5b0bf8b40d16647892db7ee273ba0ccbf5
# good: [bf28b815faad1e4bfdcb02c24ebc66cd0ab2589a] z3str3: add a method to rewrite-and-assert an axiom to reduce boilerplate
git bisect good bf28b815faad1e4bfdcb02c24ebc66cd0ab2589a
# first bad commit: [001ddef0580187e1cc954517efa1cf115f986283] fix #2749
