running python3 /home/yizhou7/mariposa/scripts/z3-bisect.py /home/yizhou7/mariposa/data/bisect_tasks/d_lvbkv_z3_clean--PivotBetree-PivotBetree.i.dfy.Impl__PivotBetree.__default.TransactionRefines.txt
building z3
Bisecting: 1453 revisions left to test after this (roughly 11 steps)
[1915812f84cf41a5f232eedf2a695a54d055aa88] add a test for intervals
running python3 /home/yizhou7/mariposa/scripts/z3-bisect.py /home/yizhou7/mariposa/data/bisect_tasks/d_lvbkv_z3_clean--PivotBetree-PivotBetree.i.dfy.Impl__PivotBetree.__default.TransactionRefines.txt
building z3
Bisecting: 1453 revisions left to test after this (roughly 11 steps)
[8faf35e2e0c8fce99794e71bd3b5de74b95ceb5a] fix #3735
running python3 /home/yizhou7/mariposa/scripts/z3-bisect.py /home/yizhou7/mariposa/data/bisect_tasks/d_lvbkv_z3_clean--PivotBetree-PivotBetree.i.dfy.Impl__PivotBetree.__default.TransactionRefines.txt
building z3
done building z3 3.2
running mariposa
res: 1 
 out: [[[    2     2     2     2     2     2     2     2     2     2     2
       2     2     2     2     2     2     2     2     2     2     2
       2     2     2     2     2     2     2     2     2     2     2
       2     2     2     2     2     2     2     2     2     2     2
       2     2     2     2     2     2     2     2     2     2     2
       2     2     2     2     2     2]
  [  758  1065  1077  1065  1040  1061  1054  1055  1048  1072  1064
    1066  1049  1070  1063  1061  1049  1065  1060  1071  1057  1071
    1062  1069  1051  1073  1062  1061  1043  1058  1065  1058  1048
    1056  1066  1057  1052  1055  1055  1053  1040  1064  1059  1059
    1053  1066  1062  1064  1058  1067  1058  1064  1055  1056  1055
    1071  1057  1059  1062  1053  1012]]

 [[    2     2     2     2     2     2     2     2     2     2     2
       2     2     2     2     2     2     2     2     2     2     2
       2     2     2     2     2     2     2     2     2     2     2
       2     2     2     2     2     2     2     2     2     2     2
       2     2     2     2     2     2     2     2     2     2     2
       2     2     2     3     3     3]
  [  758  3184  1862  1263   971  4797  1034   802  1043  1646  1062
     786   800  1359  1217   755   965   769   764   925  1141  1089
    1219   788   836  1366  1061   923   669   958   824   810  1199
     699   804   934   883   974   664  1011   772   833   888  1092
     854   858   950  6491  1092   745   772  1150   757   865   817
     840   762 11072 60020 60018 60018]]

 [[    2     2     2     2     2     2     2     2     2     2     2
       2     2     2     2     2     2     2     2     2     2     2
       2     2     2     2     2     2     2     2     2     2     2
       2     2     2     2     2     2     2     2     2     2     2
       2     2     2     2     2     2     2     2     3     2     2
       3     2     3     3     3     3]
  [  758   922   936   974  1057  1399   720   788   949  2266  1096
     969   730   756   940   848   812   817  1296   923  3294   998
     859   881   908  7510  1094   981  1002   836  1010  1640   994
    1044   891  1098  1098  8658   808  1114  1062  1096 27281   874
   44051  1354  1044  1276  1414  1120   874  1043 60018   946  2711
   60019  7376 60020 60040 60047 60044]]]
unstable
 
 err: 
done running mariposa 154.6
Bisecting: 1254 revisions left to test after this (roughly 10 steps)
[d1a5635b4ad7f8632356b380f3a9b1fc83fdb04f] better model based lemmaas
running python3 /home/yizhou7/mariposa/scripts/z3-bisect.py /home/yizhou7/mariposa/data/bisect_tasks/d_lvbkv_z3_clean--PivotBetree-PivotBetree.i.dfy.Impl__PivotBetree.__default.TransactionRefines.txt
building z3
Bisecting: 1254 revisions left to test after this (roughly 10 steps)
[0a86bd14f792ef5fadb8eeb346729a612f7e1588] start on test nla
running python3 /home/yizhou7/mariposa/scripts/z3-bisect.py /home/yizhou7/mariposa/data/bisect_tasks/d_lvbkv_z3_clean--PivotBetree-PivotBetree.i.dfy.Impl__PivotBetree.__default.TransactionRefines.txt
building z3
Bisecting: 1254 revisions left to test after this (roughly 10 steps)
[f7747d9e76bd685a02ce5c5fbda91fc356856b5e] fix parameter collection for tactic-based solvers reported in #3065
running python3 /home/yizhou7/mariposa/scripts/z3-bisect.py /home/yizhou7/mariposa/data/bisect_tasks/d_lvbkv_z3_clean--PivotBetree-PivotBetree.i.dfy.Impl__PivotBetree.__default.TransactionRefines.txt
building z3
done building z3 3.2
running mariposa
res: 1 
 out: [[[    2     2     2     2     2     2     2     2     2     2     2
       2     2     2     2     2     2     2     2     2     2     2
       2     2     2     2     2     2     2     2     2     2     2
       2     2     2     2     2     2     2     2     2     2     2
       2     2     2     2     2     2     2     2     2     2     2
       2     2     2     2     2     2]
  [  801  1249  1234  1266  1257  1250  1262  1250  1263  1252  1265
    1264  1257  1230  1242  1258  1259  1213  1194  1194  1191  1211
    1198  1223  1187  1208  1205  1206  1198  1196  1202  1205  1185
    1207  1209  1198  1178  1201  1185  1182  1206  1201  1140  1141
    1170  1151  1072  1068  1090  1093  1094  1093  1058  1067  1091
    1092  1088  1074  1017   994   945]]

 [[    2     2     2     2     2     2     2     2     2     2     2
       2     2     2     2     2     2     2     2     2     2     2
       2     2     2     2     2     2     2     2     2     2     2
       2     2     2     2     2     2     2     2     2     2     2
       2     2     2     2     2     2     2     2     2     2     2
       2     2     3     3     3     3]
  [  801  3853  2124  1096  2478   854   964   809  1044  1129  1338
     820   820   703   988  1296   725   776  1164   942  1112  1084
     735   799   808  1085   680  1149   937   869  1254   834   768
     837   973   983   897   779  1070   820   816  3173   911  1117
    2891   929   887  1008  1071   805   830  1096   801   934   880
     801   796 60017 60019 60020 60018]]

 [[    2     2     2     2     2     2     2     2     2     2     2
       2     2     2     2     2     2     2     2     2     2     2
       2     2     2     2     2     2     2     2     2     2     2
       2     2     2     2     2     2     2     2     2     3     3
       2     2     3     2     2     2     2     2     3     2     2
       3     3     3     2     2     3]
  [  801   913   981  1003  1055  1120  1267   698   769   912   755
    2423  1048  1053   938   822  1044   855  1270   800   905   935
     854   901   920  1123  1002  4814  1027   981  5125   760   982
    1830  1040   874  1091   789  1134   789   816  1128 60017 60017
     870  1032 60017   990  1218  1106   833  1050 60017   997  1087
   60017 60018 60017  5330 12368 60053]]]
unstable
 
 err: 
done running mariposa 163.3
Bisecting: 1034 revisions left to test after this (roughly 10 steps)
[0644194fc96a853df44c37f9e4522796aa40add8] work on lemma from product to factors, and some renaming
running python3 /home/yizhou7/mariposa/scripts/z3-bisect.py /home/yizhou7/mariposa/data/bisect_tasks/d_lvbkv_z3_clean--PivotBetree-PivotBetree.i.dfy.Impl__PivotBetree.__default.TransactionRefines.txt
building z3
Bisecting: 1034 revisions left to test after this (roughly 10 steps)
[0321312c8db1d3f0edbd23e6e48884fbb7d77d1d] Changed to get_const_interp to match Java and C# bindings
running python3 /home/yizhou7/mariposa/scripts/z3-bisect.py /home/yizhou7/mariposa/data/bisect_tasks/d_lvbkv_z3_clean--PivotBetree-PivotBetree.i.dfy.Impl__PivotBetree.__default.TransactionRefines.txt
building z3
done building z3 3.1
running mariposa
res: 1 
 out: [[[    2     2     2     2     2     2     2     2     2     2     2
       2     2     2     2     2     2     2     2     2     2     2
       2     2     2     2     2     2     2     2     2     2     2
       2     2     2     2     2     2     2     2     2     2     2
       2     2     2     2     2     2     2     2     2     2     2
       2     2     2     2     2     2]
  [  483   724   723   696   697   696   697   651   651   616   604
     620   633   637   641   641   649   647   639   638   640   641
     635   637   640   642   632   637   644   642   644   641   644
     643   633   636   644   638   636   639   639   639   635   645
     643   637   629   637   642   640   633   635   638   643   636
     649   650   646   634   630   631]]

 [[    2     2     2     2     2     2     2     2     2     2     2
       2     2     2     2     2     2     2     2     2     2     2
       2     2     2     2     2     2     2     2     2     2     2
       2     2     2     2     2     2     2     2     2     2     2
       2     2     2     2     2     2     2     2     2     2     2
       2     2     2     2     3     3]
  [  483   851   706   627   708   649  1319   732   864   618   699
     797   681   607  1065   871   645  4863  1559   749   947   904
     619   757   819  1184   784  5042   767  1064   756   750   853
     803   960  1039   637   712   755  2165   811   874  1114   837
     771   918   847   716 13255   982   753   748  1230   667  2310
     785   907 43893 31524 60020 60057]]

 [[    2     2     2     2     2     2     2     2     2     2     2
       2     2     2     2     2     2     2     2     2     2     2
       2     2     2     2     2     2     2     2     2     2     3
       3     2     3     2     3     2     2     2     2     2     2
       2     2     2     2     3     2     2     2     2     2     2
       3     3     3     3     3     3]
  [  483   594   718   821  3088  3655   824   874   883   705  1032
     963  7855   847  8706   697  2352 16883  6157  9856  1036  1162
     794 21782  5269  5301  3372  4527 12033   725 22089 12413 60020
   60050   885 60020   935 60020   759   916   846 11717  3654  2914
     859  2335  1686 29788 60020  3578  1026  3095 10347   973  1859
   60019 60018 60021 60019 60018 60019]]]
unstable
 
 err: 
done running mariposa 210.7
Bisecting: 261 revisions left to test after this (roughly 8 steps)
[6e637348826f0725ba8a01c455448023ca2889e4] Merge pull request #2368 from waywardmonkeys/fix-typo
running python3 /home/yizhou7/mariposa/scripts/z3-bisect.py /home/yizhou7/mariposa/data/bisect_tasks/d_lvbkv_z3_clean--PivotBetree-PivotBetree.i.dfy.Impl__PivotBetree.__default.TransactionRefines.txt
building z3
done building z3 3.1
running mariposa
res: 1 
 out: [[[    2     2     2     2     2     2     2     2     2     2     2
       2     2     2     2     2     2     2     2     2     2     2
       2     2     2     2     2     2     2     2     2     2     2
       2     2     2     2     2     2     2     2     2     2     2
       2     2     2     2     2     2     2     2     2     2     2
       2     2     2     2     2     2]
  [  534   772   755   723   717   710   692   695   697   706   701
     695   701   696   705   702   700   701   695   698   703   697
     701   693   704   702   695   696   694   703   700   694   698
     693   703   702   700   702   692   702   704   695   699   694
     701   703   697   698   695   698   699   694   696   700   704
     707   701   689   687   671   671]]

 [[    2     2     2     2     2     2     2     2     2     2     2
       2     2     2     2     2     2     2     2     2     2     2
       2     2     2     2     2     2     2     2     2     2     2
       2     2     2     2     2     2     2     2     2     2     2
       2     2     2     2     2     2     2     2     2     2     2
       2     2     3     3     3     3]
  [  534   923   869   767 11994   704   735  1365   842  1053   794
   11174   632   808   784   916   889   833  1021  3277   910   742
     882   833   881   729   658   739   996   750  1053  6976   987
     845   884   669   974  1428   873   906   937   679   648   698
     899  5567  2067   765   688   732   805   587   728   811   750
   10270   923 60050 60046 60015 60019]]

 [[    2     2     2     2     2     2     2     2     2     2     2
       2     2     2     2     2     2     2     2     2     2     2
       2     2     2     3     3     3     2     2     3     2     2
       3     2     2     2     2     2     2     3     2     2     2
       2     2     3     2     3     2     2     2     2     2     2
       2     3     3     3     3     3]
  [  534   644   894  1510  1749  1266  1046  1011  6967  1157  6631
     760  1003 10652  3757   992 19813  1103   786   914  9195  2929
     993  2781 37028 60018 60017 60019  6012  3196 60049  1392  1043
   60019  1001  8147   697  6115  1608 11913 60020 15016  1081   974
    2999  3208 60018  5954 60022  7228  2325  1915  4316   751  6072
    3435 60018 60057 60020 60018 60019]]]
unstable
 
 err: 
done running mariposa 226.8
Bisecting: 130 revisions left to test after this (roughly 7 steps)
[9b4f327e29de8eadd112e53af5a8fb9f430fabf7] set upload mode to replace
running python3 /home/yizhou7/mariposa/scripts/z3-bisect.py /home/yizhou7/mariposa/data/bisect_tasks/d_lvbkv_z3_clean--PivotBetree-PivotBetree.i.dfy.Impl__PivotBetree.__default.TransactionRefines.txt
building z3
done building z3 3.1
running mariposa
res: 0 
 out: [[[   2    2    2    2    2    2    2    2    2    2    2    2    2    2
      2    2    2    2    2    2    2    2    2    2    2    2    2    2
      2    2    2    2    2    2    2    2    2    2    2    2    2    2
      2    2    2    2    2    2    2    2    2    2    2    2    2    2
      2    2    2    2    2]
  [ 925 1290 1242 1256 1289 1274 1285 1296 1279 1250 1234 1287 1270 1308
   1307 1283 1258 1220 1271 1269 1294 1309 1279 1274 1228 1268 1278 1288
   1282 1292 1271 1225 1274 1275 1301 1300 1303 1270 1214 1267 1269 1299
   1286 1281 1285 1237 1277 1280 1634 1299 1311 1311 1234 1233 1281 1276
   1293 1291 1273 1139 1021]]

 [[   2    2    2    2    2    2    2    2    2    2    2    2    2    2
      2    2    2    2    2    2    2    2    2    2    2    2    2    2
      2    2    2    2    2    2    2    2    2    2    2    2    2    2
      2    2    2    2    2    2    2    2    2    2    2    2    2    2
      2    2    2    2    2]
  [ 925 1297 1297 1317 1261 1244 1253 1287 1319 1292 1295 1261 1252 1277
   1295 1290 1284 1312 1259 1212 1263 1294 1301 1299 1283 1282 1251 1211
   1307 1312 1292 1299 1259 1246 1223 1268 1293 1286 1320 1285 1267 1226
   1259 1258 1298 1293 1272 1272 1240 1293 1295 1298 1297 1287 1301 1238
   1271 1310 1285 1307 1298]]

 [[   2    2    2    2    2    2    2    2    2    2    2    2    2    2
      2    2    2    2    2    2    2    2    2    2    2    2    2    2
      2    2    2    2    2    2    2    2    2    2    2    2    2    2
      2    2    2    2    2    2    2    2    2    2    2    2    2    2
      2    2    2    2    2]
  [ 925 1629 1682 1969 1946 1983 2025 2095 1363 1897 1513 1625 1800 2113
   2099 1848 1449 1915 2017 1969 1807 1917 2046 1425 1420 2079 1937 1774
   2066 1396 1431 1894 1914 1409 1984 1990 1376 2058 1793 1967 1504 1531
   1920 1354 1349 1510 1403 1870 1863 1574 2018 1588 1772 1909 1802 2105
   1397 1478 2087 1429 1940]]]
stable
 
 err: 
done running mariposa 50.0
Bisecting: 65 revisions left to test after this (roughly 6 steps)
[42ac3a536369a7d4a7eafa1fa15b571b146ba594] merge with csp
running python3 /home/yizhou7/mariposa/scripts/z3-bisect.py /home/yizhou7/mariposa/data/bisect_tasks/d_lvbkv_z3_clean--PivotBetree-PivotBetree.i.dfy.Impl__PivotBetree.__default.TransactionRefines.txt
building z3
done building z3 3.1
running mariposa
res: 0 
 out: [[[   2    2    2    2    2    2    2    2    2    2    2    2    2    2
      2    2    2    2    2    2    2    2    2    2    2    2    2    2
      2    2    2    2    2    2    2    2    2    2    2    2    2    2
      2    2    2    2    2    2    2    2    2    2    2    2    2    2
      2    2    2    2    2]
  [ 932 1272 1259 1246 1260 1274 1284 1293 1274 1257 1228 1240 1270 1306
   1308 1278 1253 1239 1242 1259 1269 1293 1288 1261 1257 1258 1275 1264
   1282 1285 1260 1254 1267 1271 1279 1294 1298 1270 1240 1264 1268 1275
   1276 1279 1278 1252 1267 1268 1628 1296 1299 1305 1253 1244 1264 1270
   1274 1278 1268 1166 1093]]

 [[   2    2    2    2    2    2    2    2    2    2    2    2    2    2
      2    2    2    2    2    2    2    2    2    2    2    2    2    2
      2    2    2    2    2    2    2    2    2    2    2    2    2    2
      2    2    2    2    2    2    2    2    2    2    2    2    2    2
      2    2    2    2    2]
  [ 932 1300 1302 1323 1277 1255 1250 1288 1317 1301 1295 1286 1253 1295
   1300 1277 1290 1313 1280 1209 1260 1309 1291 1290 1282 1300 1253 1207
   1304 1314 1282 1310 1272 1250 1228 1266 1273 1306 1297 1295 1259 1250
   1249 1261 1308 1302 1281 1275 1251 1273 1272 1294 1290 1295 1294 1256
   1264 1298 1286 1292 1308]]

 [[   2    2    2    2    2    2    2    2    2    2    2    2    2    2
      2    2    2    2    2    2    2    2    2    2    2    2    2    2
      2    2    2    2    2    2    2    2    2    2    2    2    2    2
      2    2    2    2    2    2    2    2    2    2    2    2    2    2
      2    2    2    2    2]
  [ 932 1569 1663 1965 1953 1988 1992 2122 1366 1883 1503 1623 1805 2102
   2105 1867 1442 2018 1947 1957 1798 1916 2051 1426 1414 2110 1939 1772
   2060 1395 1454 1924 1901 1989 1405 1991 1387 2059 1773 1983 1486 1555
   1930 1354 1344 1498 1423 1870 1874 1585 2026 1588 1923 1765 1796 2108
   1404 1488 2100 1437 1918]]]
stable
 
 err: 
done running mariposa 49.8
Bisecting: 32 revisions left to test after this (roughly 5 steps)
[b4290d4b3d7c021965e9ce7ee636caac0f9cac74] python regression
running python3 /home/yizhou7/mariposa/scripts/z3-bisect.py /home/yizhou7/mariposa/data/bisect_tasks/d_lvbkv_z3_clean--PivotBetree-PivotBetree.i.dfy.Impl__PivotBetree.__default.TransactionRefines.txt
building z3
done building z3 3.1
running mariposa
res: 1 
 out: [[[    2     2     2     3     2     2     2     2     2     2     2
       3     2     2     2     2     3     2     2     3     3     3
       2     3     2     3     2     2     2     2     2     2     3
       2     2     2     2     2     3     2     3     2     3     2
       3     3     2     2     2     3     2     2     3     2     3
       2     2     2     2     2     3]
  [39411 35693 38457 60021 33680 36587 33328 25712 57003 54297 24960
   60020 34739 25645 24983 34166 60022 36250 30605 60023 60020 60024
   24941 60022 24877 60023 30665 25434 25748 46113 36404 25245 60022
   25248 33690 30758 55995 33249 60021 25880 60022 53761 60021 50314
   60021 60024 25325 34365 34092 60021 52843 46309 60022 30854 60021
   24962 33340 51936 46487 35957 60021]]

 [[    2     2     2     2     2     2     2     2     2     2     2
       2     2     2     2     2     2     2     2     2     2     2
       2     2     3     3     2     2     2     2     2     2     2
       2     2     2     2     2     2     2     2     2     3     2
       2     2     2     2     3     2     2     2     2     2     2
       2     2     3     3     2     3]
  [39411  1879  2340  4746  4191  8440  3015  2539 10618 10701  5056
    3432  6985  5406  1996  3005  4148 27450 16935  9777  3176  1485
    1918  3924 60024 60019  2491  4587 10507  1502 11344  1555  9207
    2391  3709 13624 10050 10509  2871  1654  5210  9963 60021  5289
    4661  2485  1675 13661 60021  7929  3135  4060  5262  2855 20284
    1444  3311 60022 60051 48721 60030]]

 [[    2     2     2     2     2     2     2     2     2     2     2
       2     2     2     2     2     2     2     2     3     3     2
       3     2     2     2     2     2     2     2     2     2     2
       2     2     3     3     2     2     2     2     2     2     2
       2     2     2     2     2     2     3     2     2     2     2
       3     2     2     2     2     3]
  [39411  1426  2907  7806  7782  1804  3212  9355  2357  1853 18570
    7285  2060  2669 10747  8727 40207  1976  2757 60018 60017   949
   60020  1815  4361  6587 11207  3376  9940  4059  6181 57817  8190
    3791  6886 60017 60018  2756  4747 18726  1935  2380  3485  1833
   30686  5687  2210 50395  5291 56688 60020 24911  2791  3038  2629
   60017  2420  7392 16318 27303 60020]]]
unstable
 
 err: 
done running mariposa 699.7
Bisecting: 16 revisions left to test after this (roughly 4 steps)
[0f7ff2a3d016ce6cc0dcc2654a6aa0187bc55192] swap
running python3 /home/yizhou7/mariposa/scripts/z3-bisect.py /home/yizhou7/mariposa/data/bisect_tasks/d_lvbkv_z3_clean--PivotBetree-PivotBetree.i.dfy.Impl__PivotBetree.__default.TransactionRefines.txt
building z3
done building z3 3.1
running mariposa
res: 0 
 out: [[[    2     2     2     2     2     2     2     2     2     2     2
       2     2     2     2     2     2     2     2     2     2     2
       2     2     2     2     2     2     2     2     2     2     2
       2     2     2     2     2     2     2     2     2     2     2
       2     2     2     2     2     2     2     2     2     2     2
       2     2     2     2     2     2]
  [18636 28720 29229 29293 28866 28674 29010 29033 29819 29126 29501
   28798 28971 29027 28722 28995 29104 29609 28800 29675 28989 28893
   29124 29220 29427 28739 28739 28965 28840 29796 29153 29087 28917
   28668 28984 29425 29835 29297 28939 29021 28842 28961 28719 29673
   29033 29081 29859 28905 28687 29171 28810 29353 29090 29132 29893
   28724 26709 25344 25332 24392 23831]]

 [[    2     2     2     2     2     2     2     2     2     2     2
       2     2     2     2     2     2     2     2     2     2     2
       2     2     2     2     2     2     2     2     2     2     2
       2     2     2     2     2     2     2     2     2     2     2
       2     2     2     2     2     2     2     2     2     2     2
       2     2     2     2     2     2]
  [18636 27139 28258 27547 28470 28571 35915 27591 34808 29014 29270
   29576 37886 29840 28206 29067 27538 29262 29974 29051 29976 28065
   29593 35153 28056 35077 30220 27704 29606 29496 29314 27248 29210
   29312 27950 29218 28191 29514 28154 28236 29958 30190 29064 30186
   29626 29420 28562 28973 28314 36552 34000 28358 37450 32399 33971
   27973 30237 27881 35132 28543 29927]]

 [[    2     2     2     2     2     2     2     2     2     2     2
       2     2     2     2     2     2     2     2     2     2     2
       2     2     2     2     2     2     2     2     2     2     2
       2     2     2     2     2     2     2     2     3     2     2
       2     2     3     2     2     2     2     2     2     2     2
       2     2     2     2     3     3]
  [18636 33570 33659 33775 34103 34436 34633 42349 28885 33168 33774
   34862 35123 29265 38261 34256 33075 33628 35480 34251 33716 56419
   32756 33128 32754 32695 34024 41790 29992 34970 33274 34015 33281
   37857 33851 29132 35707 28457 35312 40501 35842 60023 33515 32882
   32348 27882 60024 32706 33506 26769 32593 33515 38623 32782 44731
   26019 33509 32461 33250 60024 60024]]]
stable
 
 err: 
done running mariposa 851.3
Bisecting: 7 revisions left to test after this (roughly 3 steps)
[89e8a1392c992a6c37b8c5320b9e4b9b506bd4a1] na
running python3 /home/yizhou7/mariposa/scripts/z3-bisect.py /home/yizhou7/mariposa/data/bisect_tasks/d_lvbkv_z3_clean--PivotBetree-PivotBetree.i.dfy.Impl__PivotBetree.__default.TransactionRefines.txt
building z3
done building z3 3.1
running mariposa
res: 1 
 out: [[[    2     2     2     3     2     2     2     2     2     2     2
       3     2     2     2     2     3     2     2     3     3     3
       2     3     2     3     2     2     2     2     2     2     3
       2     2     2     2     2     3     2     3     2     3     2
       3     3     2     2     2     3     2     3     2     2     3
       2     2     2     2     2     3]
  [39555 36555 38525 60021 34373 36911 33933 25142 56713 54688 25423
   60022 34017 25560 25174 34410 60022 36409 30930 60022 60022 60023
   25687 60022 25097 60023 30438 25254 25228 45925 36957 25262 60022
   25258 33879 30917 57736 33747 60023 25505 60020 52289 60020 51571
   60020 60023 25115 34420 34435 60023 52781 60022 47350 30905 60019
   24902 33579 51632 45682 35742 60021]]

 [[    2     2     2     2     2     2     2     2     2     2     2
       2     2     2     2     2     2     2     2     2     2     2
       2     2     3     3     2     2     2     2     2     2     2
       2     2     2     2     2     2     2     2     2     3     2
       2     2     2     3     2     2     2     2     2     2     2
       2     2     3     3     2     3]
  [39555  1892  2329  4688  4165  8300  2995  2519 10627 10333  4989
    3512  7065  5470  2033  3079  4089 27655 17049  9818  3211  1887
    1502  3916 60026 60020  2486  4531 10578  1524 11401  1577  9131
    2391  3701 13633  9944  2887 10687  1629  5133  9959 60021  5369
    4600  2445  1649 60021 13745  8130  3149  5282  3951  2852 20558
    1433  3292 60020 60052 48138 60029]]

 [[    2     2     2     2     2     2     2     2     2     2     2
       2     2     2     2     2     2     2     2     3     3     2
       3     2     2     2     2     2     2     2     2     2     2
       2     2     3     3     2     2     2     2     2     2     2
       2     2     2     2     2     2     3     2     2     2     2
       2     3     2     2     2     3]
  [39555  1438  2906  7707  7834  1836  3209  9206  2368  1851 18273
    7407  2057  2656 10873  8677 39013  1977  2736 60021 60017   965
   60020  1817  4323 11258  6669  3432  9865  6207  4149 56859  8220
    3754  7056 60019 60021  2761  4729  1929 18814  2341  3498  1844
   30577  5650  2176  5318 50111 56963 60023 25170  2800  3079  2618
    2459 60017  7288 16377 27009 60022]]]
unstable
 
 err: 
done running mariposa 699.0
Bisecting: 4 revisions left to test after this (roughly 2 steps)
[1827f98851e1866187abe743afd2d80bc786412f] more fixes for mutexes in shell
running python3 /home/yizhou7/mariposa/scripts/z3-bisect.py /home/yizhou7/mariposa/data/bisect_tasks/d_lvbkv_z3_clean--PivotBetree-PivotBetree.i.dfy.Impl__PivotBetree.__default.TransactionRefines.txt
building z3
done building z3 3.1
running mariposa
res: 0 
 out: [[[    2     2     2     2     2     2     2     2     2     2     2
       2     2     2     2     2     2     2     2     2     2     2
       2     2     2     2     2     2     2     2     2     2     2
       2     2     2     2     2     2     2     2     2     2     2
       2     2     2     2     2     2     2     2     2     2     2
       2     2     2     2     2     2]
  [17957 29130 28985 29849 28801 29505 29103 28724 29023 28959 29875
   28726 29286 28913 28793 29545 28914 29907 28753 29303 29008 28850
   29514 28964 28738 29791 29269 28984 28783 29067 28918 28933 29814
   29505 29337 28964 29097 28865 28949 29789 28771 29247 29449 29039
   29032 28771 28903 29819 29313 28745 29048 29156 28777 28956 29891
   29442 26400 25698 25789 24970 23243]]

 [[    2     2     2     2     2     2     2     2     2     2     2
       2     2     2     2     2     2     2     2     2     2     2
       2     2     2     2     2     2     2     2     2     2     2
       2     2     2     2     2     2     2     2     2     2     2
       2     2     2     2     2     2     2     2     2     2     2
       2     2     2     2     2     2]
  [17957 27466 28106 26768 28738 29268 27249 36154 35649 28927 28628
   30343 36702 28228 29901 29253 28006 28552 30719 28732 28367 29724
   35091 29347 28440 29528 28319 35441 29780 29063 29549 27599 29181
   29045 28847 28586 27718 29835 28172 29426 30135 29084 28844 29959
   29864 29991 28477 28881 28263 34793 36928 36443 28127 32294 34427
   29961 28997 34670 28250 27910 29609]]

 [[    2     2     2     2     2     2     2     2     2     2     2
       2     2     2     2     2     2     2     2     2     2     2
       2     2     2     2     2     2     2     2     2     2     2
       2     2     2     2     2     2     2     2     3     2     2
       2     2     3     2     2     2     2     2     2     2     2
       2     2     2     3     2     3]
  [17957 33548 33703 33890 34276 34543 34885 41930 28711 33380 34035
   34253 35629 29873 38173 33591 33166 33662 35243 34173 34432 57447
   31586 32587 33065 33419 34306 41777 29899 33927 33389 33802 33353
   33539 39354 29567 34755 28595 35266 41005 35020 60025 33015 33726
   32766 28377 60023 32947 32591 26631 32569 34611 39104 32788 43558
   25666 32700 33109 60024 33478 60024]]]
stable
 
 err: 
done running mariposa 852.0
Bisecting: 1 revision left to test after this (roughly 1 step)
[5177cc4a9a58df192c6a844ca13abf7e7cd3be15] change lt
running python3 /home/yizhou7/mariposa/scripts/z3-bisect.py /home/yizhou7/mariposa/data/bisect_tasks/d_lvbkv_z3_clean--PivotBetree-PivotBetree.i.dfy.Impl__PivotBetree.__default.TransactionRefines.txt
building z3
done building z3 3.1
running mariposa
res: 1 
 out: [[[    2     2     2     3     2     2     2     2     2     2     2
       3     2     2     2     2     3     2     2     3     3     3
       2     3     2     3     2     2     2     2     2     2     3
       2     2     2     2     2     3     2     3     2     3     2
       3     3     2     2     2     3     2     2     3     3     2
       2     2     2     2     2     3]
  [39375 35391 37975 60020 33724 36417 33293 25071 57461 55767 25139
   60022 34159 24996 25184 34810 60022 36457 30952 60021 60023 60023
   24915 60021 25229 60023 30508 25044 25600 45913 36166 25796 60021
   25351 34084 30550 57068 33056 60021 26009 60023 52775 60022 50604
   60023 60022 25385 34509 34207 60021 52694 46118 60021 60021 30633
   24953 33120 53215 46578 35726 60022]]

 [[    2     2     2     2     2     2     2     2     2     2     2
       2     2     2     2     2     2     2     2     2     2     2
       2     2     3     2     3     2     2     2     2     2     2
       2     2     2     2     2     2     2     2     2     3     2
       2     2     2     3     2     2     2     2     2     2     2
       2     2     3     3     2     3]
  [39375  1855  2330  4660  4154  8306  2952  2456 10731 10447  5015
    3470  7067  5430  2009  3095  4082 27623 16636  3224  9823  1888
    1487  3903 60025  2506 60021 10486  4606 11053  1495  1593  9172
    2388  3708 13470 10632  9894  2922  1648  9832  5150 60021  5282
    4545  2374  1654 60020 13822  8082  3160  3999  5226  2835 20024
    3286  1418 60020 60056 48198 60031]]

 [[    2     2     2     2     2     2     2     2     2     2     2
       2     2     2     2     2     2     2     2     3     3     2
       3     2     2     2     2     2     2     2     2     2     2
       2     2     3     3     2     2     2     2     2     2     2
       2     2     2     2     2     3     2     2     2     2     2
       3     2     2     2     2     3]
  [39375  1425  2947  7758  7809  1823  3214  9254  2400  1873 18235
    7201  2049  2652 11014  8563 39801  1987  2777 60018 60016   955
   60021  1825  4351 11284  6565  3383  9897  4066  6226 57479  8186
    3727  7000 60019 60019  2748  4703  1962 18771  2392  3485  1833
   30307  5671  2189  5276 50037 60023 57435 25356  2848  3062  2649
   60017  2407  7281 16299 26415 60021]]]
unstable
 
 err: 
done running mariposa 699.6
Bisecting: 0 revisions left to test after this (roughly 1 step)
[7c9d2e0d75757ed6aa535f72c7dec70d5a527fed] pydoc test
running python3 /home/yizhou7/mariposa/scripts/z3-bisect.py /home/yizhou7/mariposa/data/bisect_tasks/d_lvbkv_z3_clean--PivotBetree-PivotBetree.i.dfy.Impl__PivotBetree.__default.TransactionRefines.txt
building z3
done building z3 3.0
running mariposa
res: 0 
 out: [[[    2     2     2     2     2     2     2     2     2     2     2
       2     2     2     2     2     2     2     2     2     2     2
       2     2     2     2     2     2     2     2     2     2     2
       2     2     2     2     2     2     2     2     2     2     2
       2     2     2     2     2     2     2     2     2     2     2
       2     2     2     2     2     2]
  [18642 29442 29146 28822 29076 28904 29824 29070 28882 28882 29520
   28902 29143 29730 29274 28827 29032 29256 28855 29086 29840 29492
   29331 28866 29158 29011 29062 28803 29657 29129 28874 29856 28889
   29141 29052 29362 29449 28860 29807 28902 28895 29065 29170 29631
   29248 28767 28810 29749 29017 28894 29727 29248 28874 29161 28983
   28625 26987 26566 25873 24908 24207]]

 [[    2     2     2     2     2     2     2     2     2     2     2
       2     2     2     2     2     2     2     2     2     2     2
       2     2     2     2     2     2     2     2     2     2     2
       2     2     2     2     2     2     2     2     2     2     2
       2     2     2     2     2     2     2     2     2     2     2
       2     2     2     2     2     2]
  [18642 27642 28104 27292 28322 28423 36020 28229 35342 28545 29354
   29480 37195 29867 28075 30096 27985 29220 29859 28426 29809 29099
   29643 35184 28815 34388 29549 27510 29755 29960 29680 27784 29543
   28754 27725 28114 27852 29626 28965 29703 30125 28834 28021 29895
   29939 30276 28483 28819 36911 34130 28699 36258 28208 32393 34783
   28514 29884 34678 27688 28507 29816]]

 [[    2     2     2     2     2     2     2     2     2     2     2
       2     2     2     2     2     2     2     2     2     2     2
       2     2     2     2     2     2     2     2     2     2     2
       2     2     2     2     2     2     2     2     3     2     2
       2     2     3     2     2     2     2     2     2     2     2
       2     2     2     2     3     3]
  [18642 33857 33867 33917 33923 33934 34354 43429 28765 33635 33834
   34769 35045 38550 30045 33348 33136 33860 35344 34240 33634 58031
   32844 32680 32578 32793 33800 41445 30424 35021 33504 33286 33449
   33227 38335 29335 35555 28760 35368 40791 35483 60024 33417 33319
   28185 32578 60024 32625 33699 26808 33244 33433 38628 33074 43559
   26222 33891 32219 33216 60025 60023]]]
stable
 
 err: 
done running mariposa 852.6
5177cc4a9a58df192c6a844ca13abf7e7cd3be15 is the first bad commit
commit 5177cc4a9a58df192c6a844ca13abf7e7cd3be15
Author: Nikolaj Bjorner <nbjorner@microsoft.com>
Date:   Fri Jun 21 09:08:20 2019 +0200

    change lt
    
    Signed-off-by: Nikolaj Bjorner <nbjorner@microsoft.com>

 src/ast/ast_lt.h                   | 4 ++++
 src/ast/rewriter/bool_rewriter.cpp | 6 ++++--
 2 files changed, 8 insertions(+), 2 deletions(-)
bisect run success
git bisect start
# good: [e79542cc689d52ec4cb34ce4ae3fbe56e7a0bf70] fix #2309
git bisect good e79542cc689d52ec4cb34ce4ae3fbe56e7a0bf70
# bad: [ad55a1f1c617a7f0c3dd735c0780fc758424c7f1] Update release.yml for Azure Pipelines
git bisect bad ad55a1f1c617a7f0c3dd735c0780fc758424c7f1
# skip: [e2702f3ae88f5c48a55f4473bb5c29184c182634] fixes in assigning constraints to intervals
git bisect skip e2702f3ae88f5c48a55f4473bb5c29184c182634
# skip: [1915812f84cf41a5f232eedf2a695a54d055aa88] add a test for intervals
git bisect skip 1915812f84cf41a5f232eedf2a695a54d055aa88
# bad: [8faf35e2e0c8fce99794e71bd3b5de74b95ceb5a] fix #3735
git bisect bad 8faf35e2e0c8fce99794e71bd3b5de74b95ceb5a
# skip: [d1a5635b4ad7f8632356b380f3a9b1fc83fdb04f] better model based lemmaas
git bisect skip d1a5635b4ad7f8632356b380f3a9b1fc83fdb04f
# skip: [0a86bd14f792ef5fadb8eeb346729a612f7e1588] start on test nla
git bisect skip 0a86bd14f792ef5fadb8eeb346729a612f7e1588
# bad: [f7747d9e76bd685a02ce5c5fbda91fc356856b5e] fix parameter collection for tactic-based solvers reported in #3065
git bisect bad f7747d9e76bd685a02ce5c5fbda91fc356856b5e
# skip: [0644194fc96a853df44c37f9e4522796aa40add8] work on lemma from product to factors, and some renaming
git bisect skip 0644194fc96a853df44c37f9e4522796aa40add8
# bad: [0321312c8db1d3f0edbd23e6e48884fbb7d77d1d] Changed to get_const_interp to match Java and C# bindings
git bisect bad 0321312c8db1d3f0edbd23e6e48884fbb7d77d1d
# bad: [6e637348826f0725ba8a01c455448023ca2889e4] Merge pull request #2368 from waywardmonkeys/fix-typo
git bisect bad 6e637348826f0725ba8a01c455448023ca2889e4
# good: [9b4f327e29de8eadd112e53af5a8fb9f430fabf7] set upload mode to replace
git bisect good 9b4f327e29de8eadd112e53af5a8fb9f430fabf7
# good: [42ac3a536369a7d4a7eafa1fa15b571b146ba594] merge with csp
git bisect good 42ac3a536369a7d4a7eafa1fa15b571b146ba594
# bad: [b4290d4b3d7c021965e9ce7ee636caac0f9cac74] python regression
git bisect bad b4290d4b3d7c021965e9ce7ee636caac0f9cac74
# good: [0f7ff2a3d016ce6cc0dcc2654a6aa0187bc55192] swap
git bisect good 0f7ff2a3d016ce6cc0dcc2654a6aa0187bc55192
# bad: [89e8a1392c992a6c37b8c5320b9e4b9b506bd4a1] na
git bisect bad 89e8a1392c992a6c37b8c5320b9e4b9b506bd4a1
# good: [1827f98851e1866187abe743afd2d80bc786412f] more fixes for mutexes in shell
git bisect good 1827f98851e1866187abe743afd2d80bc786412f
# bad: [5177cc4a9a58df192c6a844ca13abf7e7cd3be15] change lt
git bisect bad 5177cc4a9a58df192c6a844ca13abf7e7cd3be15
# good: [7c9d2e0d75757ed6aa535f72c7dec70d5a527fed] pydoc test
git bisect good 7c9d2e0d75757ed6aa535f72c7dec70d5a527fed
# first bad commit: [5177cc4a9a58df192c6a844ca13abf7e7cd3be15] change lt
