running python3 /home/yizhou7/mariposa/scripts/z3-bisect.py /home/yizhou7/mariposa/data/bisect_tasks/d_lvbkv_z3_clean--lib-Buckets-BucketImpl.i.dfy.Impl__BucketImpl.MutBucket.WeightKeyListIs.txt
building z3
Bisecting: 1453 revisions left to test after this (roughly 11 steps)
[1915812f84cf41a5f232eedf2a695a54d055aa88] add a test for intervals
running python3 /home/yizhou7/mariposa/scripts/z3-bisect.py /home/yizhou7/mariposa/data/bisect_tasks/d_lvbkv_z3_clean--lib-Buckets-BucketImpl.i.dfy.Impl__BucketImpl.MutBucket.WeightKeyListIs.txt
building z3
Bisecting: 1453 revisions left to test after this (roughly 11 steps)
[8faf35e2e0c8fce99794e71bd3b5de74b95ceb5a] fix #3735
running python3 /home/yizhou7/mariposa/scripts/z3-bisect.py /home/yizhou7/mariposa/data/bisect_tasks/d_lvbkv_z3_clean--lib-Buckets-BucketImpl.i.dfy.Impl__BucketImpl.MutBucket.WeightKeyListIs.txt
building z3
done building z3 3.2
running mariposa
res: 1 
 out: [[[    3     2     2     2     2     2     2     2     2     3     2
       3     3     2     3     2     2     2     2     2     2     2
       3     3     3     2     3     2     2     2     2     2     2
       3     3     2     3     3     2     2     3     3     3     2
       2     3     2     2     3     3     3     2     2     2     2
       2     2     3     3     3     3]
  [60013  7315  7602  7208  7263  7200  7353  7339  7392 60019  7191
   60020 60021  7730 60023  7412  7666  7377  7397  7745  7393  7669
   60022 60022 60021  7565 60019  7320  7407  7749  7437  7238  7356
   60020 60022  7339 60022 60022  7590  7232 60023 60020 60021  7162
    7445 60020  7283  7439 60019 60019 60022  7454  7533  7653  7752
    7707  7325 60022 60021 60018 60016]]

 [[    3     2     2     2     2     2     2     2     2     2     2
       2     2     2     2     2     2     2     2     2     2     2
       2     2     2     3     3     2     3     3     3     2     2
       2     2     2     2     2     2     2     2     2     3     3
       3     2     3     2     2     2     2     2     2     2     3
       2     3     2     3     3     3]
  [60013   680   685   742   642   674   663   663   688   657   735
     736   782 14783   714   862   746 12130   684   682   786   686
     693   658   813 60023 60029   711 60019 60026 60020   819   716
     771   738   961   896   724   715   724   723   853 60020 60022
   60023   691 60021   704   799   697   700   695   829   788 60021
     702 60024 32985 60024 60020 60022]]

 [[    3     2     2     2     2     2     2     2     2     2     2
       2     2     2     2     2     2     2     2     3     3     3
       2     2     3     2     2     2     3     2     2     2     2
       2     3     2     2     2     2     2     2     2     2     2
       2     2     2     3     2     3     2     3     2     3     2
       3     2     3     2     3     3]
  [60013   635   648   646   654   708   712   732   859   910   939
     924 46362   885   900   833   790   857   809 60012 60033 60038
     918   926 60016   902   869   849 60017   717   766   769   826
     749 60021   903   942   875   872   975   834   864   928   852
     845   969 36673 60020   858 60015   798 60018   852 60048  1028
   60024 30828 60020 24911 60022 60041]]]
unstable
 
 err: 
done running mariposa 612.1
Bisecting: 1254 revisions left to test after this (roughly 10 steps)
[d1a5635b4ad7f8632356b380f3a9b1fc83fdb04f] better model based lemmaas
running python3 /home/yizhou7/mariposa/scripts/z3-bisect.py /home/yizhou7/mariposa/data/bisect_tasks/d_lvbkv_z3_clean--lib-Buckets-BucketImpl.i.dfy.Impl__BucketImpl.MutBucket.WeightKeyListIs.txt
building z3
Bisecting: 1254 revisions left to test after this (roughly 10 steps)
[0a86bd14f792ef5fadb8eeb346729a612f7e1588] start on test nla
running python3 /home/yizhou7/mariposa/scripts/z3-bisect.py /home/yizhou7/mariposa/data/bisect_tasks/d_lvbkv_z3_clean--lib-Buckets-BucketImpl.i.dfy.Impl__BucketImpl.MutBucket.WeightKeyListIs.txt
building z3
Bisecting: 1254 revisions left to test after this (roughly 10 steps)
[f7747d9e76bd685a02ce5c5fbda91fc356856b5e] fix parameter collection for tactic-based solvers reported in #3065
running python3 /home/yizhou7/mariposa/scripts/z3-bisect.py /home/yizhou7/mariposa/data/bisect_tasks/d_lvbkv_z3_clean--lib-Buckets-BucketImpl.i.dfy.Impl__BucketImpl.MutBucket.WeightKeyListIs.txt
building z3
done building z3 3.2
running mariposa
res: 1 
 out: [[[    2     2     2     2     2     2     2     2     2     2     2
       2     2     2     2     2     2     2     2     2     2     2
       2     2     2     2     2     2     2     2     2     2     2
       2     2     2     2     2     2     2     2     2     2     2
       2     2     2     2     2     2     2     2     2     2     2
       2     2     3     3     3     3]
  [  536   832   857   842   896   853   862   846   789   777   946
     884   784   897   899   773   886   852   813   886   782   850
     824   908   765   846   853   842   808   734   805   727   784
     747  1623   852   766   822   824   762   798   742   801   736
     698   799   796   688   752   738   732   677   710   711   673
     713   723 60052 60045 60048 60047]]

 [[    2     2     2     2     2     2     2     2     2     2     2
       2     2     2     2     3     2     2     2     3     2     2
       3     3     2     2     2     2     2     2     2     2     2
       3     2     3     2     2     3     2     2     3     2     2
       2     3     3     2     2     2     2     2     2     2     2
       2     3     3     3     3     3]
  [  536   655   696   657   642   636   629   687   831   710   705
     706   737  8906   673 60021   816  6630   717 60016   691  1050
   60033 60022   678   793   799 15161   728  2729  3100   720  3530
   60043   709 60017   697   710 60022   714   693 60021   678   670
    4322 60018 60022   661   662   651   651   698   702   836   740
    2195 60022 60024 60020 60018 60020]]

 [[    2     2     2     2     2     2     2     2     2     2     2
       2     2     2     2     2     2     2     2     2     2     2
       2     2     2     2     3     2     3     3     2     2     3
       2     2     3     3     2     3     2     2     3     3     2
       3     2     3     2     2     2     2     2     2     2     2
       2     3     3     3     3     3]
  [  536   663   639   626   643   653   653   669   666   688   727
     608   624   838   808  1004   795   837   963  1017   937  1052
     934  1070   944 11833 60021   801 60019 60016   819   787 60019
     717   784 60021 60015   900 60028   887 43460 60017 60018   858
   60019   768 60017   760   855   721   831   832   715   810   747
     792 60019 60033 60017 60014 60022]]]
unstable
 
 err: 
done running mariposa 382.5
Bisecting: 1034 revisions left to test after this (roughly 10 steps)
[0644194fc96a853df44c37f9e4522796aa40add8] work on lemma from product to factors, and some renaming
running python3 /home/yizhou7/mariposa/scripts/z3-bisect.py /home/yizhou7/mariposa/data/bisect_tasks/d_lvbkv_z3_clean--lib-Buckets-BucketImpl.i.dfy.Impl__BucketImpl.MutBucket.WeightKeyListIs.txt
building z3
Bisecting: 1034 revisions left to test after this (roughly 10 steps)
[0321312c8db1d3f0edbd23e6e48884fbb7d77d1d] Changed to get_const_interp to match Java and C# bindings
running python3 /home/yizhou7/mariposa/scripts/z3-bisect.py /home/yizhou7/mariposa/data/bisect_tasks/d_lvbkv_z3_clean--lib-Buckets-BucketImpl.i.dfy.Impl__BucketImpl.MutBucket.WeightKeyListIs.txt
building z3
done building z3 3.1
running mariposa
res: 1 
 out: [[[    2     2     2     2     2     2     2     2     2     2     2
       2     2     2     2     2     2     2     2     2     2     2
       2     2     2     2     2     2     2     2     2     2     2
       2     2     2     2     2     2     2     2     2     2     2
       2     2     2     2     2     2     2     2     2     2     2
       2     2     2     2     2     2]
  [ 1544   670   704  1768  1828  1749  1744   658   684   685   677
    1736  1770   678   652  1810  1783   704  1809  1785   645   690
    1763   663  1733   648  1769  1766  1765   668  1750   639   642
     655  1773   629   662   657  1808  1729  1784   674   658  1750
    1718   684  1730  1774   645   657  1740   627  1722  1779   652
     641   650   616  1825   628  1738]]

 [[    2     2     2     2     2     2     2     2     2     2     2
       2     2     2     2     2     2     2     2     2     2     2
       2     2     2     2     2     3     2     2     2     3     2
       2     2     2     2     3     2     2     3     2     2     2
       2     3     3     2     2     3     2     2     2     2     2
       3     3     3     3     3     3]
  [ 1544   718   668   712   721   686   682   693   766   692   683
     692   707   692  1373   689  5887   862   746   675   687   760
     689  2522   608   662   696 60024   641   666   683 60028   675
     768   886   729   747 60036   726   682 60028   810   652   692
     686 60022 60018   654   631 60020   642   637   774   659   643
   60019 60020 60030 60020 60030 60016]]

 [[    2     2     2     2     2     2     2     2     2     2     2
       2     2     2     2     2     2     2     2     2     2     2
       2     2     2     2     2     2     2     3     3     3     2
       2     3     2     2     2     3     3     2     2     2     2
       2     2     2     2     2     2     2     2     2     2     2
       2     2     3     3     3     3]
  [ 1544   532   535   542   540   548   562   566   567   567   554
    1139   589   624   610   697   738   733   759   885   847   875
     838   869   880   915   854   866   849 60018 60038 60015   749
     824 60017   731   729   688 60035 60024   709   659   668   674
     627   728   620   629   661   760   718   692   767   731   749
     767   771 60024 60016 60018 60017]]]
unstable
 
 err: 
done running mariposa 254.2
Bisecting: 261 revisions left to test after this (roughly 8 steps)
[6e637348826f0725ba8a01c455448023ca2889e4] Merge pull request #2368 from waywardmonkeys/fix-typo
running python3 /home/yizhou7/mariposa/scripts/z3-bisect.py /home/yizhou7/mariposa/data/bisect_tasks/d_lvbkv_z3_clean--lib-Buckets-BucketImpl.i.dfy.Impl__BucketImpl.MutBucket.WeightKeyListIs.txt
building z3
done building z3 3.1
running mariposa
res: 1 
 out: [[[    2     2     2     2     2     2     2     2     2     2     2
       2     2     2     2     2     2     2     2     2     2     2
       2     2     2     2     2     2     2     2     2     2     2
       2     2     2     2     2     2     2     2     2     2     2
       2     2     2     2     2     2     2     2     2     2     2
       2     2     2     2     2     3]
  [  405   618   637   625   615   619   597   605   590   604   603
     592   605   599   609   592   591   632   603   616   603   584
     595   597   591   582   578   581   592   594   591   588   654
     607   604   603   570   584   584   581   601   581   601   590
     583   564   582   581   579   572   560   564   560   551   554
     549   539   534   545   520 60022]]

 [[    2     2     2     2     2     2     2     2     2     2     2
       2     2     3     2     2     3     2     2     3     2     3
       2     2     2     2     2     2     2     2     2     2     2
       2     2     2     2     2     2     2     2     2     2     2
       2     2     2     2     2     2     2     2     2     3     3
       2     3     3     3     3     3]
  [  405   658   640   713   626   714   801   621   601   719   616
     742   730 60018   590   632 60019   590   609 60018   620 60025
     633   663   629   664   622   648   785   720   644   631   821
     769   617   657   640   799   661   696   845   633   664   673
     649   665   662   665   694   659   642   674   634 60019 60021
     656 60035 60019 60019 60017 60018]]

 [[    2     2     2     2     2     2     2     2     2     2     2
       2     2     2     2     2     2     2     2     2     2     2
       2     2     3     2     3     2     3     3     3     2     2
       3     2     2     2     2     2     2     2     2     2     2
       2     2     2     2     2     2     2     2     2     3     2
       2     2     2     3     3     3]
  [  405   591   544   565   540   578   610   542   562   595   535
     575   575   595   556   592   570   656   579   613   700   822
     870   881 60038   735 60017   701 60019 60016 60016   736   665
   60017   675   673   665   648   646   642   626   633   623   641
     673   704   649   682   701   722   819   897   734 60020   742
     790   730   788 60038 60018 60021]]]
unstable
 
 err: 
done running mariposa 262.9
Bisecting: 130 revisions left to test after this (roughly 7 steps)
[9b4f327e29de8eadd112e53af5a8fb9f430fabf7] set upload mode to replace
running python3 /home/yizhou7/mariposa/scripts/z3-bisect.py /home/yizhou7/mariposa/data/bisect_tasks/d_lvbkv_z3_clean--lib-Buckets-BucketImpl.i.dfy.Impl__BucketImpl.MutBucket.WeightKeyListIs.txt
building z3
done building z3 3.0
running mariposa
res: 0 
 out: [[[  2   2   2   2   2   2   2   2   2   2   2   2   2   2   2   2   2
     2   2   2   2   2   2   2   2   2   2   2   2   2   2   2   2   2
     2   2   2   2   2   2   2   2   2   2   2   2   2   2   2   2   2
     2   2   2   2   2   2   2   2   2   2]
  [374 448 450 449 450 458 450 453 453 449 450 449 450 452 449 446 447
   449 447 450 451 450 448 451 453 449 450 451 449 451 446 451 452 450
   452 451 451 448 448 449 451 449 450 450 452 448 449 450 451 450 451
   451 448 451 448 448 438 437 439 431 431]]

 [[  2   2   2   2   2   2   2   2   2   2   2   2   2   2   2   2   2
     2   2   2   2   2   2   2   2   2   2   2   2   2   2   2   2   2
     2   2   2   2   2   2   2   2   2   2   2   2   2   2   2   2   2
     2   2   2   2   2   2   2   2   2   2]
  [374 458 463 461 457 458 459 458 457 459 456 459 458 459 458 463 459
   456 456 461 461 457 457 462 460 460 456 459 459 457 460 456 460 461
   461 460 457 471 457 460 458 459 455 459 463 457 457 458 458 456 456
   458 458 463 460 458 457 458 459 458 457]]

 [[  2   2   2   2   2   2   2   2   2   2   2   2   2   2   2   2   2
     2   2   2   2   2   2   2   2   2   2   2   2   2   2   2   2   2
     2   2   2   2   2   2   2   2   2   2   2   2   2   2   2   2   2
     2   2   2   2   2   2   2   2   2   2]
  [374 514 515 520 510 514 556 569 509 514 522 522 515 516 514 513 516
   514 517 516 517 518 516 510 520 515 518 509 515 506 505 518 511 513
   517 514 513 510 511 518 514 540 512 514 525 523 531 513 509 514 509
   511 513 514 517 517 512 513 507 508 516]]]
stable
 
 err: 
done running mariposa 23.0
Bisecting: 65 revisions left to test after this (roughly 6 steps)
[42ac3a536369a7d4a7eafa1fa15b571b146ba594] merge with csp
running python3 /home/yizhou7/mariposa/scripts/z3-bisect.py /home/yizhou7/mariposa/data/bisect_tasks/d_lvbkv_z3_clean--lib-Buckets-BucketImpl.i.dfy.Impl__BucketImpl.MutBucket.WeightKeyListIs.txt
building z3
done building z3 3.1
running mariposa
res: 0 
 out: [[[  2   2   2   2   2   2   2   2   2   2   2   2   2   2   2   2   2
     2   2   2   2   2   2   2   2   2   2   2   2   2   2   2   2   2
     2   2   2   2   2   2   2   2   2   2   2   2   2   2   2   2   2
     2   2   2   2   2   2   2   2   2   2]
  [378 450 452 449 448 451 450 447 452 449 448 449 453 453 448 449 448
   447 451 451 455 446 447 448 448 450 452 450 447 447 448 447 448 451
   453 449 446 448 449 448 451 449 447 447 450 451 451 451 452 453 448
   449 447 448 450 451 435 438 436 430 421]]

 [[  2   2   2   2   2   2   2   2   2   2   2   2   2   2   2   2   2
     2   2   2   2   2   2   2   2   2   2   2   2   2   2   2   2   2
     2   2   2   2   2   2   2   2   2   2   2   2   2   2   2   2   2
     2   2   2   2   2   2   2   2   2   2]
  [378 461 457 458 458 459 456 456 458 461 460 459 458 457 458 459 460
   458 458 456 456 455 460 456 457 457 455 457 454 456 460 457 458 456
   457 456 458 454 455 457 459 461 454 455 458 457 454 459 459 459 455
   459 456 457 459 459 457 458 457 456 454]]

 [[  2   2   2   2   2   2   2   2   2   2   2   2   2   2   2   2   2
     2   2   2   2   2   2   2   2   2   2   2   2   2   2   2   2   2
     2   2   2   2   2   2   2   2   2   2   2   2   2   2   2   2   2
     2   2   2   2   2   2   2   2   2   2]
  [378 503 522 505 524 519 515 519 504 514 515 518 517 519 517 510 507
   519 513 510 515 522 509 512 515 515 514 511 512 506 505 516 513 514
   520 516 510 507 505 517 535 514 517 512 523 514 528 510 513 515 511
   511 513 514 516 504 515 510 513 522 510]]]
stable
 
 err: 
done running mariposa 23.0
Bisecting: 32 revisions left to test after this (roughly 5 steps)
[b4290d4b3d7c021965e9ce7ee636caac0f9cac74] python regression
running python3 /home/yizhou7/mariposa/scripts/z3-bisect.py /home/yizhou7/mariposa/data/bisect_tasks/d_lvbkv_z3_clean--lib-Buckets-BucketImpl.i.dfy.Impl__BucketImpl.MutBucket.WeightKeyListIs.txt
building z3
done building z3 3.1
running mariposa
res: 1 
 out: [[[    2     2     2     2     2     2     2     2     2     2     2
       2     2     2     2     3     3     3     2     2     2     2
       2     2     2     3     3     2     2     2     2     2     2
       2     2     2     3     3     2     2     3     2     2     2
       2     2     2     2     3     3     2     2     2     2     2
       3     3     3     3     3     3]
  [  390   609   642   624   613   611   614   595   623   602   600
     589   591   594   599 60022 60021 60019   599   612   614   609
     613   613   615 60021 60019   620   601   609   620   621   616
     620   607   602 60023 60021   615   613 60022   618   589   593
     596   595   595   613 60020 60019   586   586   603   623   649
   60023 60022 60022 60021 60022 60018]]

 [[    2     2     2     2     2     2     2     2     2     2     2
       2     2     2     2     2     2     2     2     2     2     2
       2     2     2     2     2     2     3     2     2     3     2
       3     2     2     2     2     2     2     2     2     3     2
       2     2     2     2     3     3     2     2     3     2     2
       3     3     3     3     3     3]
  [  390   717   652   628   786   684   845   625   664   654   649
     649   673   710   645   638   660   659   656   644   639   635
     642   662   603   602   589   648 60023   665   640 60020   677
   60024   652   608   674   617   620   636 13806   678 60021   651
   20078   686   647   657 60021 60018   619   649 60019   635   665
   60023 60022 60042 60029 60023 60025]]

 [[    2     2     2     2     2     2     2     2     2     2     2
       2     2     2     2     2     2     2     2     2     2     2
       2     2     2     2     2     2     2     2     2     2     2
       2     2     2     2     2     2     3     3     3     2     3
       2     2     2     3     2     2     2     2     2     2     2
       2     3     3     3     3     3]
  [  390   526   552   526   541   540   583   554   574   554   695
     712   689   773   752   817   827   842   828   779   772   862
     763   768   790   786   802   807   826   816   800   816   844
     803   797   723   751   781   728 60015 60033 60016   703 60028
     716   731   662 60022   674   672   651   711   740   754   746
     770 60021 60027 60021 60019 60047]]]
unstable
 
 err: 
done running mariposa 387.1
Bisecting: 16 revisions left to test after this (roughly 4 steps)
[0f7ff2a3d016ce6cc0dcc2654a6aa0187bc55192] swap
running python3 /home/yizhou7/mariposa/scripts/z3-bisect.py /home/yizhou7/mariposa/data/bisect_tasks/d_lvbkv_z3_clean--lib-Buckets-BucketImpl.i.dfy.Impl__BucketImpl.MutBucket.WeightKeyListIs.txt
building z3
done building z3 3.1
running mariposa
res: 0 
 out: [[[  2   2   2   2   2   2   2   2   2   2   2   2   2   2   2   2   2
     2   2   2   2   2   2   2   2   2   2   2   2   2   2   2   2   2
     2   2   2   2   2   2   2   2   2   2   2   2   2   2   2   2   2
     2   2   2   2   2   2   2   2   2   2]
  [409 491 490 496 492 493 500 488 487 491 491 486 495 497 493 490 492
   490 491 492 492 489 489 495 488 487 493 492 485 494 493 492 486 494
   494 493 490 491 494 486 491 490 489 489 490 490 490 491 492 488 488
   493 492 489 490 491 470 472 476 471 464]]

 [[  2   2   2   2   2   2   2   2   2   2   2   2   2   2   2   2   2
     2   2   2   2   2   2   2   2   2   2   2   2   2   2   2   2   2
     2   2   2   2   2   2   2   2   2   2   2   2   2   2   2   2   2
     2   2   2   2   2   2   2   2   2   2]
  [409 497 512 508 494 495 503 496 502 503 501 494 495 496 497 499 498
   502 499 500 506 503 497 498 503 496 497 500 500 494 504 499 499 501
   502 494 504 502 497 494 495 499 500 502 499 499 500 494 499 508 501
   497 503 495 495 497 502 502 506 497 496]]

 [[  2   2   2   2   2   2   2   2   2   2   2   2   2   2   2   2   2
     2   2   2   2   2   2   2   2   2   2   2   2   2   2   2   2   2
     2   2   2   2   2   2   2   2   2   2   2   2   2   2   2   2   2
     2   2   2   2   2   2   2   2   2   2]
  [409 546 575 558 570 563 566 562 555 563 559 569 566 565 566 563 563
   556 555 560 563 563 568 565 559 555 563 558 556 554 558 562 558 555
   561 567 558 561 551 564 558 565 564 554 560 566 561 561 557 564 544
   562 565 543 565 552 564 563 550 556 562]]]
stable
 
 err: 
done running mariposa 24.1
Bisecting: 7 revisions left to test after this (roughly 3 steps)
[89e8a1392c992a6c37b8c5320b9e4b9b506bd4a1] na
running python3 /home/yizhou7/mariposa/scripts/z3-bisect.py /home/yizhou7/mariposa/data/bisect_tasks/d_lvbkv_z3_clean--lib-Buckets-BucketImpl.i.dfy.Impl__BucketImpl.MutBucket.WeightKeyListIs.txt
building z3
done building z3 3.0
running mariposa
res: 1 
 out: [[[    2     2     2     2     2     2     2     2     2     2     2
       2     2     2     2     3     3     3     2     2     2     2
       2     2     2     3     3     2     2     2     2     2     2
       2     2     2     3     3     2     2     3     2     2     2
       2     2     2     2     3     3     2     2     2     2     2
       3     3     3     3     3     3]
  [  396   627   645   636   622   617   631   621   601   606   604
     602   599   603   607 60021 60020 60020   604   608   617   611
     600   618   622 60023 60021   622   610   625   612   625   629
     623   600   636 60023 60022   631   617 60021   624   602   608
     613   612   590   616 60021 60020   580   578   597   618   652
   60022 60022 60023 60022 60021 60018]]

 [[    2     2     2     2     2     2     2     2     2     2     2
       2     2     2     2     2     2     2     2     2     2     2
       2     2     2     2     2     2     3     2     2     3     2
       3     2     2     2     2     2     2     2     2     3     2
       2     2     2     2     3     3     2     2     3     2     2
       3     3     3     3     3     3]
  [  396   710   668   632   787   696   843   620   673   657   659
     650   678   708   648   647   659   671   671   658   637   653
     643   662   611   612   593   657 60021   673   645 60020   679
   60027   665   621   665   622   636   636 14183   682 60023   639
   20633   695   653   658 60020 60018   638   655 60020   630   668
   60022 60024 60043 60027 60022 60025]]

 [[    2     2     2     2     2     2     2     2     2     2     2
       2     2     2     2     2     2     2     2     2     2     2
       2     2     2     2     2     2     2     2     2     2     2
       2     2     2     2     2     2     3     3     3     2     3
       2     2     2     3     2     2     2     2     2     2     2
       2     3     3     3     3     3]
  [  396   548   534   542   544   526   597   580   560   557   680
     706   713   745   776   810   838   848   836   776   773   870
     772   768   780   805   795   815   831   840   836   829   859
     809   754   763   755   791   735 60015 60033 60015   712 60026
     714   751   666 60020   657   657   681   717   731   760   755
     774 60020 60027 60020 60020 60049]]]
unstable
 
 err: 
done running mariposa 387.2
Bisecting: 4 revisions left to test after this (roughly 2 steps)
[1827f98851e1866187abe743afd2d80bc786412f] more fixes for mutexes in shell
running python3 /home/yizhou7/mariposa/scripts/z3-bisect.py /home/yizhou7/mariposa/data/bisect_tasks/d_lvbkv_z3_clean--lib-Buckets-BucketImpl.i.dfy.Impl__BucketImpl.MutBucket.WeightKeyListIs.txt
building z3
done building z3 3.1
running mariposa
res: 0 
 out: [[[  2   2   2   2   2   2   2   2   2   2   2   2   2   2   2   2   2
     2   2   2   2   2   2   2   2   2   2   2   2   2   2   2   2   2
     2   2   2   2   2   2   2   2   2   2   2   2   2   2   2   2   2
     2   2   2   2   2   2   2   2   2   2]
  [409 498 491 491 492 499 497 493 491 489 491 493 497 491 498 493 488
   491 487 497 495 490 492 494 491 486 494 499 492 492 492 494 486 491
   500 488 490 489 494 487 501 493 494 488 492 489 487 494 491 494 489
   489 493 488 489 494 479 476 473 476 464]]

 [[  2   2   2   2   2   2   2   2   2   2   2   2   2   2   2   2   2
     2   2   2   2   2   2   2   2   2   2   2   2   2   2   2   2   2
     2   2   2   2   2   2   2   2   2   2   2   2   2   2   2   2   2
     2   2   2   2   2   2   2   2   2   2]
  [409 498 506 506 493 499 504 497 501 504 504 498 499 498 495 497 503
   502 502 501 498 500 499 498 504 496 504 495 500 496 507 497 495 496
   499 497 503 500 502 497 495 500 501 502 497 500 499 495 494 503 504
   495 502 500 494 496 501 503 501 494 502]]

 [[  2   2   2   2   2   2   2   2   2   2   2   2   2   2   2   2   2
     2   2   2   2   2   2   2   2   2   2   2   2   2   2   2   2   2
     2   2   2   2   2   2   2   2   2   2   2   2   2   2   2   2   2
     2   2   2   2   2   2   2   2   2   2]
  [409 562 559 549 554 557 631 620 549 568 558 570 560 569 562 553 565
   577 559 558 561 563 555 558 567 562 557 559 560 543 554 559 563 556
   560 560 548 553 553 556 564 562 565 551 564 568 565 555 564 560 543
   560 561 537 572 560 558 550 552 553 560]]]
stable
 
 err: 
done running mariposa 24.2
Bisecting: 1 revision left to test after this (roughly 1 step)
[5177cc4a9a58df192c6a844ca13abf7e7cd3be15] change lt
running python3 /home/yizhou7/mariposa/scripts/z3-bisect.py /home/yizhou7/mariposa/data/bisect_tasks/d_lvbkv_z3_clean--lib-Buckets-BucketImpl.i.dfy.Impl__BucketImpl.MutBucket.WeightKeyListIs.txt
building z3
done building z3 3.1
running mariposa
res: 1 
 out: [[[    2     2     2     2     2     2     2     2     2     2     2
       2     2     2     2     3     3     3     2     2     2     2
       2     2     2     3     3     2     2     2     2     2     2
       2     2     2     3     3     2     2     2     3     2     2
       2     2     2     2     3     3     2     2     2     2     2
       3     3     3     3     3     3]
  [  391   622   637   634   613   606   622   630   600   608   601
     594   597   596   604 60020 60019 60021   604   611   610   612
     607   626   627 60021 60019   616   598   617   618   617   616
     635   595   623 60024 60020   625   647   625 60020   599   620
     589   604   599   614 60021 60018   593   598   599   622   647
   60022 60022 60022 60020 60021 60018]]

 [[    2     2     2     2     2     2     2     2     2     2     2
       2     2     2     2     2     2     2     2     2     2     2
       2     2     2     2     2     2     3     2     2     3     2
       3     2     2     2     2     2     2     2     2     3     2
       2     2     2     2     3     3     2     2     3     2     2
       3     3     3     3     3     3]
  [  391   727   666   637   799   694   861   630   666   654   669
     648   684   723   650   651   663   650   666   631   646   638
     643   666   608   614   606   651 60023   662   641 60020   682
   60025   666   626   675   629   627   642 13995   681 60021   654
   20207   684   652   653 60020 60019   624   650 60021   622   683
   60022 60022 60041 60028 60021 60026]]

 [[    2     2     2     2     2     2     2     2     2     2     2
       2     2     2     2     2     2     2     2     2     2     2
       2     2     2     2     2     2     2     2     2     2     2
       2     2     2     2     2     2     3     3     3     2     3
       2     2     2     3     2     2     2     2     2     2     2
       2     3     3     3     3     3]
  [  391   538   533   538   542   551   594   562   571   583   700
     685   723   790   749   821   839   859   842   772   769   865
     763   784   800   792   800   806   824   827   821   822   826
     772   772   748   775   777   750 60039 60019 60017   718 60028
     720   754   660 60022   660   684   660   725   737   760   756
     774 60020 60026 60021 60019 60048]]]
unstable
 
 err: 
done running mariposa 387.2
Bisecting: 0 revisions left to test after this (roughly 1 step)
[7c9d2e0d75757ed6aa535f72c7dec70d5a527fed] pydoc test
running python3 /home/yizhou7/mariposa/scripts/z3-bisect.py /home/yizhou7/mariposa/data/bisect_tasks/d_lvbkv_z3_clean--lib-Buckets-BucketImpl.i.dfy.Impl__BucketImpl.MutBucket.WeightKeyListIs.txt
building z3
done building z3 3.1
running mariposa
res: 0 
 out: [[[  2   2   2   2   2   2   2   2   2   2   2   2   2   2   2   2   2
     2   2   2   2   2   2   2   2   2   2   2   2   2   2   2   2   2
     2   2   2   2   2   2   2   2   2   2   2   2   2   2   2   2   2
     2   2   2   2   2   2   2   2   2   2]
  [409 491 490 497 491 495 490 488 492 489 491 485 494 493 490 491 493
   492 491 496 491 488 486 490 490 485 497 496 489 487 489 496 487 496
   493 490 489 490 495 490 491 489 494 489 492 489 489 496 495 492 490
   488 490 487 493 494 476 475 472 468 466]]

 [[  2   2   2   2   2   2   2   2   2   2   2   2   2   2   2   2   2
     2   2   2   2   2   2   2   2   2   2   2   2   2   2   2   2   2
     2   2   2   2   2   2   2   2   2   2   2   2   2   2   2   2   2
     2   2   2   2   2   2   2   2   2   2]
  [409 494 505 504 489 494 506 494 495 507 501 490 492 498 500 491 500
   498 499 498 498 509 492 499 504 497 495 497 498 495 506 492 492 501
   498 495 498 497 496 498 502 503 497 497 498 496 499 498 498 502 496
   496 505 493 497 501 500 503 503 495 492]]

 [[  2   2   2   2   2   2   2   2   2   2   2   2   2   2   2   2   2
     2   2   2   2   2   2   2   2   2   2   2   2   2   2   2   2   2
     2   2   2   2   2   2   2   2   2   2   2   2   2   2   2   2   2
     2   2   2   2   2   2   2   2   2   2]
  [409 549 548 563 552 561 559 575 547 557 554 560 560 564 566 554 561
   554 556 552 554 562 557 568 560 556 556 557 556 548 554 560 558 553
   555 561 547 564 548 557 553 557 558 552 559 565 553 559 555 553 540
   561 533 556 563 556 552 552 547 557 548]]]
stable
 
 err: 
done running mariposa 24.1
5177cc4a9a58df192c6a844ca13abf7e7cd3be15 is the first bad commit
commit 5177cc4a9a58df192c6a844ca13abf7e7cd3be15
Author: Nikolaj Bjorner <nbjorner@microsoft.com>
Date:   Fri Jun 21 09:08:20 2019 +0200

    change lt
    
    Signed-off-by: Nikolaj Bjorner <nbjorner@microsoft.com>

 src/ast/ast_lt.h                   | 4 ++++
 src/ast/rewriter/bool_rewriter.cpp | 6 ++++--
 2 files changed, 8 insertions(+), 2 deletions(-)
bisect run success
git bisect start
# good: [e79542cc689d52ec4cb34ce4ae3fbe56e7a0bf70] fix #2309
git bisect good e79542cc689d52ec4cb34ce4ae3fbe56e7a0bf70
# bad: [ad55a1f1c617a7f0c3dd735c0780fc758424c7f1] Update release.yml for Azure Pipelines
git bisect bad ad55a1f1c617a7f0c3dd735c0780fc758424c7f1
# skip: [e2702f3ae88f5c48a55f4473bb5c29184c182634] fixes in assigning constraints to intervals
git bisect skip e2702f3ae88f5c48a55f4473bb5c29184c182634
# skip: [1915812f84cf41a5f232eedf2a695a54d055aa88] add a test for intervals
git bisect skip 1915812f84cf41a5f232eedf2a695a54d055aa88
# bad: [8faf35e2e0c8fce99794e71bd3b5de74b95ceb5a] fix #3735
git bisect bad 8faf35e2e0c8fce99794e71bd3b5de74b95ceb5a
# skip: [d1a5635b4ad7f8632356b380f3a9b1fc83fdb04f] better model based lemmaas
git bisect skip d1a5635b4ad7f8632356b380f3a9b1fc83fdb04f
# skip: [0a86bd14f792ef5fadb8eeb346729a612f7e1588] start on test nla
git bisect skip 0a86bd14f792ef5fadb8eeb346729a612f7e1588
# bad: [f7747d9e76bd685a02ce5c5fbda91fc356856b5e] fix parameter collection for tactic-based solvers reported in #3065
git bisect bad f7747d9e76bd685a02ce5c5fbda91fc356856b5e
# skip: [0644194fc96a853df44c37f9e4522796aa40add8] work on lemma from product to factors, and some renaming
git bisect skip 0644194fc96a853df44c37f9e4522796aa40add8
# bad: [0321312c8db1d3f0edbd23e6e48884fbb7d77d1d] Changed to get_const_interp to match Java and C# bindings
git bisect bad 0321312c8db1d3f0edbd23e6e48884fbb7d77d1d
# bad: [6e637348826f0725ba8a01c455448023ca2889e4] Merge pull request #2368 from waywardmonkeys/fix-typo
git bisect bad 6e637348826f0725ba8a01c455448023ca2889e4
# good: [9b4f327e29de8eadd112e53af5a8fb9f430fabf7] set upload mode to replace
git bisect good 9b4f327e29de8eadd112e53af5a8fb9f430fabf7
# good: [42ac3a536369a7d4a7eafa1fa15b571b146ba594] merge with csp
git bisect good 42ac3a536369a7d4a7eafa1fa15b571b146ba594
# bad: [b4290d4b3d7c021965e9ce7ee636caac0f9cac74] python regression
git bisect bad b4290d4b3d7c021965e9ce7ee636caac0f9cac74
# good: [0f7ff2a3d016ce6cc0dcc2654a6aa0187bc55192] swap
git bisect good 0f7ff2a3d016ce6cc0dcc2654a6aa0187bc55192
# bad: [89e8a1392c992a6c37b8c5320b9e4b9b506bd4a1] na
git bisect bad 89e8a1392c992a6c37b8c5320b9e4b9b506bd4a1
# good: [1827f98851e1866187abe743afd2d80bc786412f] more fixes for mutexes in shell
git bisect good 1827f98851e1866187abe743afd2d80bc786412f
# bad: [5177cc4a9a58df192c6a844ca13abf7e7cd3be15] change lt
git bisect bad 5177cc4a9a58df192c6a844ca13abf7e7cd3be15
# good: [7c9d2e0d75757ed6aa535f72c7dec70d5a527fed] pydoc test
git bisect good 7c9d2e0d75757ed6aa535f72c7dec70d5a527fed
# first bad commit: [5177cc4a9a58df192c6a844ca13abf7e7cd3be15] change lt
