running python3 /home/yizhou7/mariposa/scripts/z3-bisect.py /home/yizhou7/mariposa/data/bisect_tasks/d_lvbkv_z3_clean--ByteBlockCacheSystem-ByteSystem.i.dfy.Impl__ByteSystem.__default.NoDiskOpStepPreservesInv.txt
building z3
Bisecting: 1453 revisions left to test after this (roughly 11 steps)
[1915812f84cf41a5f232eedf2a695a54d055aa88] add a test for intervals
running python3 /home/yizhou7/mariposa/scripts/z3-bisect.py /home/yizhou7/mariposa/data/bisect_tasks/d_lvbkv_z3_clean--ByteBlockCacheSystem-ByteSystem.i.dfy.Impl__ByteSystem.__default.NoDiskOpStepPreservesInv.txt
building z3
Bisecting: 1453 revisions left to test after this (roughly 11 steps)
[8faf35e2e0c8fce99794e71bd3b5de74b95ceb5a] fix #3735
running python3 /home/yizhou7/mariposa/scripts/z3-bisect.py /home/yizhou7/mariposa/data/bisect_tasks/d_lvbkv_z3_clean--ByteBlockCacheSystem-ByteSystem.i.dfy.Impl__ByteSystem.__default.NoDiskOpStepPreservesInv.txt
building z3
done building z3 3.2
running mariposa
res: 1 
 out: [[[    3     3     3     3     3     3     3     3     3     3     3
       3     3     3     3     3     3     3     3     3     3     3
       3     3     3     3     3     3     3     3     3     3     3
       3     3     3     3     3     3     3     3     3     3     3
       3     3     3     3     3     3     3     3     3     3     3
       3     3     3     3     3     3]
  [60022 60029 60028 60025 60028 60024 60023 60026 60031 60025 60029
   60028 60022 60023 60026 60028 60025 60028 60027 60025 60024 60025
   60025 60026 60026 60025 60026 60022 60026 60026 60026 60025 60027
   60024 60025 60022 60024 60024 60024 60027 60025 60023 60025 60027
   60023 60026 60026 60023 60022 60026 60024 60022 60028 60027 60025
   60024 60022 60025 60025 60024 60024]]

 [[    3     3     3     3     3     3     3     3     3     3     3
       3     3     3     3     3     3     3     3     3     3     3
       3     3     3     3     3     3     3     3     3     3     3
       3     3     3     3     3     3     3     3     3     3     3
       3     3     3     3     3     3     3     3     3     3     3
       3     3     3     3     3     3]
  [60022 60028 60026 60017 60030 60024 60027 60029 60027 60026 60022
   60025 60027 60026 60025 60028 60027 60023 60031 60025 60025 60030
   60026 60027 60023 60027 60029 60029 60024 60030 60028 60024 60026
   60028 60027 60023 60029 60026 60025 60025 60030 60028 60028 60027
   60025 60024 60025 60029 60025 60029 60027 60027 60024 60029 60031
   60029 60025 60025 60023 60022 60026]]

 [[    3     3     3     3     3     3     3     3     2     3     3
       3     3     3     3     3     3     3     3     3     3     3
       3     3     3     3     3     3     3     3     2     3     3
       3     3     3     3     3     3     3     3     3     3     3
       3     3     3     3     3     3     3     3     2     3     3
       3     3     2     3     3     3]
  [60022 60024 60024 60027 60031 60020 60023 60027 29296 60026 60027
   60026 60029 60023 60024 60023 60029 60028 60021 60023 60026 60022
   60027 60031 60026 60023 60025 60020 60019 60027 46334 60028 60027
   60027 60024 60021 60028 60027 60023 60023 60028 60024 60024 60022
   60028 60025 60021 60024 60022 60019 60030 60024 52748 60023 60027
   60020 60024 52420 60031 60028 60026]]]
unstable
 
 err: 
done running mariposa 1644.7
Bisecting: 1254 revisions left to test after this (roughly 10 steps)
[d1a5635b4ad7f8632356b380f3a9b1fc83fdb04f] better model based lemmaas
running python3 /home/yizhou7/mariposa/scripts/z3-bisect.py /home/yizhou7/mariposa/data/bisect_tasks/d_lvbkv_z3_clean--ByteBlockCacheSystem-ByteSystem.i.dfy.Impl__ByteSystem.__default.NoDiskOpStepPreservesInv.txt
building z3
Bisecting: 1254 revisions left to test after this (roughly 10 steps)
[0a86bd14f792ef5fadb8eeb346729a612f7e1588] start on test nla
running python3 /home/yizhou7/mariposa/scripts/z3-bisect.py /home/yizhou7/mariposa/data/bisect_tasks/d_lvbkv_z3_clean--ByteBlockCacheSystem-ByteSystem.i.dfy.Impl__ByteSystem.__default.NoDiskOpStepPreservesInv.txt
building z3
Bisecting: 1254 revisions left to test after this (roughly 10 steps)
[f7747d9e76bd685a02ce5c5fbda91fc356856b5e] fix parameter collection for tactic-based solvers reported in #3065
running python3 /home/yizhou7/mariposa/scripts/z3-bisect.py /home/yizhou7/mariposa/data/bisect_tasks/d_lvbkv_z3_clean--ByteBlockCacheSystem-ByteSystem.i.dfy.Impl__ByteSystem.__default.NoDiskOpStepPreservesInv.txt
building z3
done building z3 3.2
running mariposa
res: 1 
 out: [[[    3     3     3     3     3     3     3     3     3     3     3
       3     3     3     3     3     3     3     3     3     3     3
       3     3     3     3     3     3     3     3     3     3     3
       3     3     3     3     3     3     3     3     3     3     3
       3     3     3     3     3     3     3     3     3     3     3
       3     3     3     3     3     3]
  [60022 60025 60028 60027 60023 60027 60024 60030 60025 60029 60027
   60023 60023 60023 60030 60023 60029 60027 60023 60025 60024 60030
   60028 60031 60025 60023 60023 60023 60028 60029 60029 60025 60023
   60024 60022 60026 60028 60030 60024 60024 60023 60022 60031 60028
   60032 60026 60022 60022 60021 60030 60025 60029 60026 60025 60022
   60022 60027 60023 60027 60023 60024]]

 [[    3     3     3     3     3     3     3     3     3     3     3
       3     3     3     3     3     3     3     3     3     3     3
       3     3     3     3     3     3     3     3     3     3     3
       3     3     3     3     3     3     3     3     3     3     3
       3     3     3     3     3     3     3     3     3     3     3
       3     3     3     3     3     3]
  [60022 60024 60027 60018 60024 60023 60025 60026 60030 60025 60025
   60025 60029 60027 60028 60028 60024 60022 60027 60025 60019 60030
   60028 60026 60025 60027 60025 60030 60028 60021 60024 60022 60027
   60025 60024 60028 60026 60024 60023 60030 60027 60025 60026 60025
   60026 60020 60029 60026 60026 60029 60028 60023 60025 60029 60027
   60026 60029 60027 60026 60023 60027]]

 [[    3     3     3     3     3     3     3     3     2     3     3
       3     3     3     3     3     3     3     3     3     3     3
       3     3     3     3     3     3     3     2     3     3     3
       3     3     3     3     3     2     3     3     3     3     3
       3     3     3     3     3     3     3     2     2     2     3
       3     3     3     2     3     3]
  [60022 60024 60023 60017 60020 60018 60017 60020 50522 60023 60021
   60024 60021 60022 60022 60021 60024 60020 60023 60019 60021 60024
   60026 60021 60024 60022 60024 60020 60017 12079 60027 60025 60025
   60023 60025 60020 60023 60027 58875 60022 60026 60023 60024 60020
   60028 60032 60019 60023 60021 60016 60022 43293 38222 41183 60025
   60021 60022 60021 38330 60023 60031]]]
unstable
 
 err: 
done running mariposa 1645.4
Bisecting: 1034 revisions left to test after this (roughly 10 steps)
[0644194fc96a853df44c37f9e4522796aa40add8] work on lemma from product to factors, and some renaming
running python3 /home/yizhou7/mariposa/scripts/z3-bisect.py /home/yizhou7/mariposa/data/bisect_tasks/d_lvbkv_z3_clean--ByteBlockCacheSystem-ByteSystem.i.dfy.Impl__ByteSystem.__default.NoDiskOpStepPreservesInv.txt
building z3
Bisecting: 1034 revisions left to test after this (roughly 10 steps)
[0321312c8db1d3f0edbd23e6e48884fbb7d77d1d] Changed to get_const_interp to match Java and C# bindings
running python3 /home/yizhou7/mariposa/scripts/z3-bisect.py /home/yizhou7/mariposa/data/bisect_tasks/d_lvbkv_z3_clean--ByteBlockCacheSystem-ByteSystem.i.dfy.Impl__ByteSystem.__default.NoDiskOpStepPreservesInv.txt
building z3
done building z3 3.1
running mariposa
res: 1 
 out: [[[    3     3     3     3     3     3     3     3     3     3     3
       3     3     3     3     3     3     3     3     3     3     3
       3     3     3     3     3     3     3     3     3     3     3
       3     3     3     3     3     3     3     3     3     3     3
       3     3     3     3     3     3     3     3     3     3     3
       3     3     3     3     3     3]
  [60020 60024 60024 60026 60023 60032 60031 60029 60026 60024 60025
   60023 60031 60035 60030 60026 60025 60024 60022 60032 60034 60029
   60024 60025 60024 60021 60027 60034 60026 60026 60023 60026 60024
   60036 60031 60028 60023 60025 60025 60024 60031 60031 60028 60025
   60026 60027 60024 60032 60029 60029 60024 60024 60027 60021 60035
   60031 60029 60022 60020 60022 60019]]

 [[    3     3     3     2     3     3     3     3     3     3     3
       3     3     3     3     3     3     3     3     3     3     3
       3     3     3     3     3     3     3     3     3     3     3
       3     3     3     3     3     3     3     3     3     3     3
       3     3     3     3     3     3     3     3     3     3     3
       3     3     3     3     3     3]
  [60020 60026 60029 33275 60028 60026 60028 60026 60024 60031 60031
   60028 60027 60024 60026 60020 60033 60030 60026 60026 60026 60029
   60023 60028 60028 60027 60024 60023 60025 60024 60029 60031 60028
   60024 60023 60027 60027 60029 60028 60025 60022 60029 60021 60026
   60028 60030 60026 60024 60023 60028 60026 60032 60030 60029 60025
   60027 60024 60023 60025 60033 60026]]

 [[    3     2     2     2     3     3     3     3     2     2     3
       3     3     3     3     2     3     2     2     3     3     3
       3     3     2     3     2     3     3     3     3     3     2
       3     3     3     3     3     3     3     3     3     3     3
       3     3     3     3     2     3     3     3     3     3     3
       3     3     3     3     3     3]
  [60020 33984 42602 52671 60025 60026 60018 60023 21805 36488 60024
   60024 60024 60022 60021 34483 60025 50383 40313 60027 60020 60023
   60027 60019 36375 60023 37703 60031 60025 60021 60019 60026 41315
   60029 60023 60023 60031 60023 60024 60025 60025 60025 60025 60025
   60028 60026 60021 60020 45741 60022 60028 60023 60022 60023 60023
   60031 60025 60024 60024 60024 60024]]]
unstable
 
 err: 
done running mariposa 1605.1
Bisecting: 261 revisions left to test after this (roughly 8 steps)
[6e637348826f0725ba8a01c455448023ca2889e4] Merge pull request #2368 from waywardmonkeys/fix-typo
running python3 /home/yizhou7/mariposa/scripts/z3-bisect.py /home/yizhou7/mariposa/data/bisect_tasks/d_lvbkv_z3_clean--ByteBlockCacheSystem-ByteSystem.i.dfy.Impl__ByteSystem.__default.NoDiskOpStepPreservesInv.txt
building z3
done building z3 3.1
running mariposa
res: 1 
 out: [[[    3     3     3     3     3     3     3     3     3     3     3
       3     3     3     3     3     3     3     3     3     3     3
       3     3     3     3     3     3     3     3     3     3     3
       3     3     3     3     3     3     3     3     3     3     3
       3     3     3     3     3     3     3     3     3     3     3
       3     3     3     3     3     3]
  [60018 60027 60031 60028 60029 60027 60025 60027 60024 60028 60025
   60026 60024 60027 60030 60026 60031 60027 60025 60024 60026 60030
   60024 60030 60030 60026 60025 60028 60027 60026 60029 60025 60026
   60023 60027 60025 60025 60027 60030 60028 60025 60029 60029 60026
   60025 60028 60027 60027 60029 60028 60025 60026 60026 60025 60025
   60025 60025 60021 60027 60024 60024]]

 [[    3     3     3     3     3     3     3     3     3     2     3
       3     3     3     3     3     3     3     3     3     3     3
       2     3     3     3     3     3     3     3     3     3     3
       3     3     3     3     3     3     3     3     3     3     3
       3     3     3     3     3     2     3     3     3     3     3
       3     3     3     3     3     3]
  [60018 60027 60026 60021 60028 60026 60028 60026 60027 58736 60027
   60029 60029 60029 60028 60027 60027 60029 60024 60028 60026 60028
   55760 60029 60022 60026 60027 60028 60021 60025 60032 60024 60035
   60025 60028 60028 60026 60032 60025 60031 60027 60031 60030 60025
   60030 60028 60029 60030 60027 35477 60030 60030 60029 60027 60027
   60028 60027 60029 60025 60032 60030]]

 [[    3     2     3     3     3     3     3     3     2     2     2
       3     3     3     3     3     3     2     3     3     3     3
       3     2     3     3     3     3     2     3     3     3     3
       3     3     3     2     3     3     3     2     3     3     3
       3     3     3     3     3     3     3     3     3     3     3
       3     3     3     2     3     3]
  [60018 38291 60028 60023 60017 60022 60018 60019  6480 23437 35694
   60024 60025 60022 60021 60024 60024 31308 60029 60023 60025 60023
   60019 19155 60025 60024 60029 60020 38785 60023 60023 60026 60031
   60026 60021 60021  9704 60029 60025 60029 40589 60026 60023 60025
   60028 60030 60031 60022 60028 60021 60021 60028 60022 60025 60026
   60028 60025 60028 27620 60023 60024]]]
unstable
 
 err: 
done running mariposa 1606.1
Bisecting: 130 revisions left to test after this (roughly 7 steps)
[9b4f327e29de8eadd112e53af5a8fb9f430fabf7] set upload mode to replace
running python3 /home/yizhou7/mariposa/scripts/z3-bisect.py /home/yizhou7/mariposa/data/bisect_tasks/d_lvbkv_z3_clean--ByteBlockCacheSystem-ByteSystem.i.dfy.Impl__ByteSystem.__default.NoDiskOpStepPreservesInv.txt
building z3
done building z3 3.0
running mariposa
res: 0 
 out: [[[   2    2    2    2    2    2    2    2    2    2    2    2    2    2
      2    2    2    2    2    2    2    2    2    2    2    2    2    2
      2    2    2    2    2    2    2    2    2    2    2    2    2    2
      2    2    2    2    2    2    2    2    2    2    2    2    2    2
      2    2    2    2    2]
  [2294 3112 3296 3302 3356 3268 3249 3098 3194 3285 3249 3283 3233 3209
   3086 3188 3254 3255 3290 3230 3244 3114 3194 3273 3292 3278 3267 3208
   3040 3183 3270 3299 3291 3244 3213 3089 3165 3254 3268 3247 3293 3231
   3107 3114 3256 3222 3235 3246 3273 3073 3111 3224 3268 3278 3232 3218
   3056 2956 2838 2837 2812]]

 [[   2    2    2    2    2    2    2    2    2    2    2    2    2    2
      2    2    2    2    2    2    2    2    2    2    2    2    2    2
      2    2    2    2    2    2    2    2    2    2    2    2    2    2
      2    2    2    2    2    2    2    2    2    2    2    2    2    2
      2    2    2    2    2]
  [2294 3390 3313 3268 3200 3301 3330 3239 3334 3312 3222 3167 3259 3310
   3381 3342 3243 3210 3140 3157 3227 3330 3326 3220 3253 3207 3171 3313
   3259 3279 3214 3243 3186 3182 3379 3242 3341 3310 3162 3202 3259 3232
   3337 3322 3329 3294 3135 3191 3331 3356 3333 3233 3261 3148 3105 3298
   3395 3255 3197 3228 3202]]

 [[   2    2    2    2    2    2    2    2    2    2    2    2    2    2
      2    2    2    2    2    2    2    2    2    2    2    2    2    2
      2    2    2    2    2    2    2    2    2    2    2    2    2    2
      2    2    2    2    2    2    2    2    2    2    2    2    2    2
      2    2    2    2    2]
  [2294 2951 3424 3514 3738 3800 4164 4258 3478 3433 3648 4171 3647 3578
   4282 3504 3864 3423 3915 3648 3745 3637 3576 3557 3797 3438 3690 3588
   3629 3769 3646 4131 4939 3723 3675 3650 3690 3727 3677 3508 3856 3942
   4250 3551 3486 3562 3528 3630 4195 4293 3581 3479 3519 3562 3569 3491
   3580 3596 3476 4108 4185]]]
stable
 
 err: 
done running mariposa 114.9
Bisecting: 65 revisions left to test after this (roughly 6 steps)
[42ac3a536369a7d4a7eafa1fa15b571b146ba594] merge with csp
running python3 /home/yizhou7/mariposa/scripts/z3-bisect.py /home/yizhou7/mariposa/data/bisect_tasks/d_lvbkv_z3_clean--ByteBlockCacheSystem-ByteSystem.i.dfy.Impl__ByteSystem.__default.NoDiskOpStepPreservesInv.txt
building z3
done building z3 3.1
running mariposa
res: 0 
 out: [[[   2    2    2    2    2    2    2    2    2    2    2    2    2    2
      2    2    2    2    2    2    2    2    2    2    2    2    2    2
      2    2    2    2    2    2    2    2    2    2    2    2    2    2
      2    2    2    2    2    2    2    2    2    2    2    2    2    2
      2    2    2    2    2]
  [2280 3131 3259 3315 3269 3257 3238 3154 3123 3252 3221 3299 3215 3201
   3170 3113 3198 3261 3261 3191 3254 3129 3117 3239 3259 3285 3242 3210
   3129 3127 3230 3245 3297 3202 3218 3147 3130 3218 3241 3250 3293 3219
   3154 3091 3257 3199 3244 3207 3234 3117 3105 3211 3228 3297 3226 3256
   3097 3054 2812 2800 2747]]

 [[   2    2    2    2    2    2    2    2    2    2    2    2    2    2
      2    2    2    2    2    2    2    2    2    2    2    2    2    2
      2    2    2    2    2    2    2    2    2    2    2    2    2    2
      2    2    2    2    2    2    2    2    2    2    2    2    2    2
      2    2    2    2    2]
  [2280 3405 3290 3264 3152 3202 3314 3238 3307 3277 3210 3142 3191 3284
   3329 3312 3213 3199 3060 3185 3205 3272 3291 3186 3234 3144 3200 3300
   3204 3243 3173 3245 3121 3226 3312 3322 3217 3307 3156 3120 3225 3367
   3239 3297 3261 3264 3071 3222 3322 3327 3308 3209 3242 3055 3143 3228
   3280 3310 3225 3267 3160]]

 [[   2    2    2    2    2    2    2    2    2    2    2    2    2    2
      2    2    2    2    2    2    2    2    2    2    2    2    2    2
      2    2    2    2    2    2    2    2    2    2    2    2    2    2
      2    2    2    2    2    2    2    2    2    2    2    2    2    2
      2    2    2    2    2]
  [2280 2979 3551 3469 3733 3810 4157 4237 3449 3409 3640 4222 3627 3599
   4290 3504 3868 3452 3616 3711 3625 3933 3636 3556 3772 3429 3577 3570
   3704 3705 3650 4902 4186 3702 3675 3654 3666 3652 3662 3504 3775 3953
   4308 3517 3514 3485 3518 3625 4250 4245 3459 3522 3469 3534 3558 3543
   3524 3458 3441 4154 4136]]]
stable
 
 err: 
done running mariposa 114.5
Bisecting: 32 revisions left to test after this (roughly 5 steps)
[b4290d4b3d7c021965e9ce7ee636caac0f9cac74] python regression
running python3 /home/yizhou7/mariposa/scripts/z3-bisect.py /home/yizhou7/mariposa/data/bisect_tasks/d_lvbkv_z3_clean--ByteBlockCacheSystem-ByteSystem.i.dfy.Impl__ByteSystem.__default.NoDiskOpStepPreservesInv.txt
building z3
done building z3 3.1
running mariposa
res: 1 
 out: [[[    3     3     3     3     3     3     3     3     3     3     3
       3     3     3     3     3     3     3     3     3     3     3
       3     3     3     3     3     3     3     3     3     3     3
       3     3     3     3     3     3     3     3     3     3     3
       3     3     3     3     3     3     3     3     3     3     3
       3     3     3     3     3     3]
  [60016 60021 60019 60023 60021 60021 60020 60020 60021 60020 60024
   60023 60021 60021 60019 60021 60022 60023 60022 60022 60020 60021
   60021 60022 60023 60022 60021 60020 60020 60022 60022 60021 60023
   60021 60021 60020 60023 60022 60022 60023 60021 60021 60020 60022
   60021 60022 60023 60022 60022 60020 60022 60022 60021 60022 60020
   60021 60019 60022 60021 60019 60020]]

 [[    3     3     3     3     3     3     3     2     3     3     3
       3     3     2     3     3     3     3     2     3     3     3
       3     3     3     3     3     3     3     3     3     3     3
       3     3     3     3     3     3     3     3     3     3     3
       3     3     3     3     3     3     3     2     3     3     2
       3     3     3     3     3     3]
  [60016 60028 60026 60025 60026 60025 60030 51569 60026 60029 60026
   60022 60029 37695 60025 60027 60026 60026 48106 60029 60031 60029
   60029 60027 60025 60024 60028 60025 60029 60025 60019 60026 60030
   60028 60033 60022 60028 60027 60025 60030 60025 60032 60030 60028
   60028 60027 60027 60028 60026 60030 60020 44193 60022 60028 41688
   60028 60030 60028 60028 60025 60020]]

 [[    3     2     3     3     3     3     3     3     3     2     2
       3     3     3     3     2     3     3     3     3     3     3
       3     2     3     3     3     3     3     3     3     3     3
       3     3     3     3     3     3     3     3     3     3     3
       2     3     3     3     3     3     3     3     3     3     3
       3     3     3     3     3     3]
  [60016 38984 60025 60024 60023 60023 60020 60022 60024 50332 52974
   60023 60019 60024 60024 45883 60026 60025 60026 60023 60018 60020
   60019 43885 60021 60028 60026 60026 60019 60019 60026 60027 60029
   60020 60025 60026 60026 60029 60027 60025 60025 60026 60022 60024
   37219 60026 60029 60021 60021 60023 60025 60026 60031 60028 60024
   60024 60018 60027 60028 60029 60026]]]
unstable
 
 err: 
done running mariposa 1630.2
Bisecting: 16 revisions left to test after this (roughly 4 steps)
[0f7ff2a3d016ce6cc0dcc2654a6aa0187bc55192] swap
running python3 /home/yizhou7/mariposa/scripts/z3-bisect.py /home/yizhou7/mariposa/data/bisect_tasks/d_lvbkv_z3_clean--ByteBlockCacheSystem-ByteSystem.i.dfy.Impl__ByteSystem.__default.NoDiskOpStepPreservesInv.txt
building z3
done building z3 3.1
running mariposa
res: 1 
 out: [[[    3     3     3     3     3     3     3     3     3     3     3
       3     3     3     3     3     3     3     3     3     3     3
       3     3     3     3     3     3     3     3     3     3     3
       3     3     3     3     3     3     3     3     3     3     3
       3     3     3     3     3     3     3     3     3     3     3
       3     3     3     3     3     3]
  [60022 60026 60026 60024 60023 60020 60021 60023 60023 60021 60021
   60022 60020 60021 60024 60022 60021 60021 60021 60020 60021 60024
   60022 60021 60021 60021 60020 60021 60024 60022 60021 60021 60021
   60020 60021 60026 60023 60022 60021 60022 60020 60019 60024 60023
   60023 60022 60021 60020 60021 60026 60024 60023 60021 60021 60019
   60019 60024 60022 60021 60020 60019]]

 [[    3     3     3     3     3     3     3     3     3     3     3
       3     3     3     3     3     3     3     3     3     3     3
       3     3     3     3     3     3     3     3     3     3     3
       3     3     3     3     3     3     3     3     3     3     3
       3     3     3     3     3     3     3     3     3     3     3
       3     3     3     3     3     3]
  [60022 60021 60022 60019 60026 60024 60021 60020 60020 60021 60019
   60025 60026 60023 60020 60021 60022 60019 60029 60026 60025 60024
   60020 60020 60020 60028 60026 60024 60020 60021 60021 60020 60024
   60026 60023 60021 60021 60020 60019 60026 60022 60022 60021 60020
   60020 60019 60028 60026 60025 60024 60021 60020 60020 60026 60023
   60023 60023 60020 60019 60021 60022]]

 [[    3     3     3     3     3     3     3     3     3     3     3
       3     3     3     3     3     3     3     3     3     3     3
       3     3     3     3     3     3     3     3     3     3     3
       3     3     3     3     3     3     3     3     3     3     3
       3     3     3     3     3     3     3     3     3     3     3
       3     3     3     3     3     3]
  [60022 60024 60024 60023 60024 60023 60022 60021 60028 60027 60026
   60025 60024 60021 60020 60027 60023 60025 60023 60023 60021 60020
   60029 60026 60025 60026 60020 60021 60020 60022 60024 60024 60022
   60023 60019 60019 60024 60026 60024 60022 60022 60019 60018 60026
   60025 60025 60023 60022 60021 60020 60027 60026 60025 60023 60022
   60021 60020 60027 60024 60024 60023]]]
unsolvable
 
 err: 
done running mariposa 1644.6
Bisecting: 7 revisions left to test after this (roughly 3 steps)
[d17248821ad047f889237ce20b6bdaa1465ceff9] include chronological backtracking, two-phase sat, xor inprocessing, probsat, ddfw
running python3 /home/yizhou7/mariposa/scripts/z3-bisect.py /home/yizhou7/mariposa/data/bisect_tasks/d_lvbkv_z3_clean--ByteBlockCacheSystem-ByteSystem.i.dfy.Impl__ByteSystem.__default.NoDiskOpStepPreservesInv.txt
building z3
done building z3 3.0
running mariposa
res: 0 
 out: [[[   2    2    2    2    2    2    2    2    2    2    2    2    2    2
      2    2    2    2    2    2    2    2    2    2    2    2    2    2
      2    2    2    2    2    2    2    2    2    2    2    2    2    2
      2    2    2    2    2    2    2    2    2    2    2    2    2    2
      2    2    2    2    2]
  [2326 3162 3218 3242 3288 3234 3206 3127 3185 3260 3239 3240 3182 3168
   3142 3166 3200 3226 3238 3194 3221 3079 3171 3233 3237 3270 3218 3196
   3081 3134 3230 3225 3270 3195 3235 3120 3120 3186 3216 3206 3234 3233
   3134 3084 3213 3168 3197 3244 3197 3075 3078 3157 3194 3241 3194 3243
   3048 3046 2871 2865 2760]]

 [[   2    2    2    2    2    2    2    2    2    2    2    2    2    2
      2    2    2    2    2    2    2    2    2    2    2    2    2    2
      2    2    2    2    2    2    2    2    2    2    2    2    2    2
      2    2    2    2    2    2    2    2    2    2    2    2    2    2
      2    2    2    2    2]
  [2326 3352 3248 3197 3153 3222 3204 3296 3308 3170 3303 3152 3190 3264
   3286 3284 3205 3188 3054 3189 3180 3278 3264 3144 3236 3198 3145 3272
   3162 3221 3150 3280 3110 3191 3289 3337 3218 3260 3132 3156 3174 3279
   3252 3287 3265 3236 3113 3177 3227 3282 3346 3214 3193 3107 3075 3230
   3271 3269 3178 3197 3170]]

 [[   2    2    2    2    2    2    2    2    2    2    2    2    2    2
      2    2    2    2    2    2    2    2    2    2    2    2    2    2
      2    2    2    2    2    2    2    2    2    2    2    2    2    2
      2    2    2    2    2    2    2    2    2    2    2    2    2    2
      2    2    2    2    2]
  [2326 2930 3468 3529 3717 3766 4141 4296 3362 3482 3660 4190 3582 3655
   4255 3380 3423 3855 3643 3741 3609 3992 3518 3543 3741 3413 3535 3692
   3603 4843 3663 3633 4076 3683 3634 3677 3610 3697 3632 3769 3483 4000
   4216 3482 3571 3445 3516 3595 4184 4266 3461 3422 3493 3524 3558 3477
   3567 3464 3493 4082 4125]]]
stable
 
 err: 
done running mariposa 114.3
Bisecting: 3 revisions left to test after this (roughly 2 steps)
[ec1653fdff146ff8d1b3b2281e875494f4fc3a96] Merge pull request #2345 from schedutron/master
running python3 /home/yizhou7/mariposa/scripts/z3-bisect.py /home/yizhou7/mariposa/data/bisect_tasks/d_lvbkv_z3_clean--ByteBlockCacheSystem-ByteSystem.i.dfy.Impl__ByteSystem.__default.NoDiskOpStepPreservesInv.txt
building z3
done building z3 3.0
running mariposa
res: 0 
 out: [[[   2    2    2    2    2    2    2    2    2    2    2    2    2    2
      2    2    2    2    2    2    2    2    2    2    2    2    2    2
      2    2    2    2    2    2    2    2    2    2    2    2    2    2
      2    2    2    2    2    2    2    2    2    2    2    2    2    2
      2    2    2    2    2]
  [2312 3133 3277 3269 3273 3331 3249 3141 3152 3273 3261 3229 3277 3211
   3144 3142 3198 3242 3225 3240 3239 3110 3161 3249 3245 3268 3209 3281
   3103 3126 3230 3301 3278 3215 3205 3149 3125 3191 3259 3269 3212 3261
   3148 3057 3227 3184 3219 3232 3209 3113 3131 3173 3230 3261 3211 3229
   3065 2975 2860 2827 2742]]

 [[   2    2    2    2    2    2    2    2    2    2    2    2    2    2
      2    2    2    2    2    2    2    2    2    2    2    2    2    2
      2    2    2    2    2    2    2    2    2    2    2    2    2    2
      2    2    2    2    2    2    2    2    2    2    2    2    2    2
      2    2    2    2    2]
  [2312 3366 3310 3234 3218 3145 3224 3332 3382 3314 3194 3208 3115 3318
   3308 3385 3235 3191 3110 3089 3218 3248 3354 3208 3232 3119 3250 3204
   3307 3249 3213 3270 3179 3153 3322 3302 3223 3271 3222 3201 3164 3222
   3329 3296 3258 3255 3144 3196 3329 3292 3378 3230 3223 3130 3088 3307
   3323 3251 3259 3239 3148]]

 [[   2    2    2    2    2    2    2    2    2    2    2    2    2    2
      2    2    2    2    2    2    2    2    2    2    2    2    2    2
      2    2    2    2    2    2    2    2    2    2    2    2    2    2
      2    2    2    2    2    2    2    2    2    2    2    2    2    2
      2    2    2    2    2]
  [2312 2936 3478 3542 3758 3774 4154 4221 3441 3440 3647 4179 3606 3582
   4296 3487 3457 3885 3638 3689 3614 3950 3635 3612 3742 3440 3593 3664
   3593 3692 3658 4115 4994 3652 3716 3702 3689 3701 3507 3670 3796 4006
   4208 3513 3625 3503 3530 3623 4150 4274 3503 3452 3582 3572 3580 3517
   3551 3528 3456 4161 4181]]]
stable
 
 err: 
done running mariposa 114.6
Bisecting: 1 revision left to test after this (roughly 1 step)
[f3b79087eef389011fa90eefcf64b987bed54a9d] add default tactic as option to overwrite the behavior of strategic solver factory
running python3 /home/yizhou7/mariposa/scripts/z3-bisect.py /home/yizhou7/mariposa/data/bisect_tasks/d_lvbkv_z3_clean--ByteBlockCacheSystem-ByteSystem.i.dfy.Impl__ByteSystem.__default.NoDiskOpStepPreservesInv.txt
building z3
done building z3 3.0
running mariposa
res: 1 
 out: [[[    3     3     3     3     3     3     3     3     3     3     3
       3     3     3     3     3     3     3     3     3     3     3
       3     3     3     3     3     3     3     3     3     3     3
       3     3     3     3     3     3     3     3     3     3     3
       3     3     3     3     3     3     3     3     3     3     3
       3     3     3     3     3     3]
  [60089 60099 60090 60087 60090 60079 60090 60096 60098 60090 60094
   60078 60079 60084 60097 60101 60110 60092 60075 60078 60087 60098
   60080 60082 60101 60067 60078 60083 60093 60098 60088 60086 60079
   60100 60072 60087 60121 60088 60087 60076 60091 60083 60094 60124
   60091 60092 60077 60076 60089 60090 60123 60101 60101 60081 60080
   60071 60077 60115 60096 60101 60090]]

 [[    3     3     3     3     3     3     3     3     3     3     3
       3     3     3     3     3     3     3     3     3     3     3
       3     3     3     3     3     3     3     3     3     3     3
       3     3     3     3     3     3     3     3     3     3     3
       3     3     3     3     3     3     3     3     3     3     3
       3     3     3     3     3     3]
  [60089 60084 60087 60089 60088 60082 60097 60093 60081 60080 60090
   60088 60077 60083 60105 60074 60087 60079 60091 60077 60077 60098
   60077 60081 60079 60095 60110 60081 60073 60077 60075 60075 60094
   60103 60094 60096 60095 60075 60078 60095 60075 60082 60089 60088
   60090 60080 60094 60095 60086 60115 60079 60088 60084 60086 60104
   60080 60081 60072 60084 60080 60095]]

 [[    3     3     3     3     3     3     3     3     3     3     3
       3     3     3     3     3     3     3     3     3     3     3
       3     3     3     3     3     3     3     4     3     3     3
       3     3     3     3     3     3     3     3     3     3     3
       3     3     3     3     3     3     3     3     3     3     3
       3     3     3     3     3     3]
  [60089 60123 60126 60079 60090 60119 60114 60119 60090 60098 60075
   60094 60094 60088 60083 60099 60052 60069 60077 60079 60083 60074
   60088 60091 60085 60086 60080 60083 60099 33605 60084 60092 60099
   60085 60077 60073 60082 60102 60087 60071 60071 60078 60077 60077
   60088 60101 60077 60070 60078 60070 60073 60079 60091 60091 60080
   60076 60079 60082 60100 60094 60082]]]
unsolvable
 
 err: 
done running mariposa 1646.7
Bisecting: 0 revisions left to test after this (roughly 0 steps)
[1e770af1cc04f85a8d7a990ba0c9c4e433b83fa8] local sort
running python3 /home/yizhou7/mariposa/scripts/z3-bisect.py /home/yizhou7/mariposa/data/bisect_tasks/d_lvbkv_z3_clean--ByteBlockCacheSystem-ByteSystem.i.dfy.Impl__ByteSystem.__default.NoDiskOpStepPreservesInv.txt
building z3
done building z3 3.1
running mariposa
res: 1 
 out: [[[    3     3     3     3     3     3     3     3     3     3     3
       3     3     3     3     3     3     3     3     3     3     3
       3     3     3     3     3     3     3     3     3     3     3
       3     3     3     3     3     3     3     3     3     3     3
       3     3     3     3     3     3     3     3     3     3     3
       3     3     3     3     3     3]
  [60122 60096 60122 60087 60084 60075 60085 60086 60095 60093 60116
   60077 60071 60075 60087 60098 60098 60116 60079 60076 60075 60098
   60102 60110 60115 60080 60078 60070 60100 60098 60096 60099 60113
   60076 60065 60095 60085 60079 60082 60090 60094 60076 60086 60094
   60097 60090 60091 60072 60083 60086 60100 60097 60090 60087 60088
   60081 60085 60101 60091 60096 60090]]

 [[    3     3     3     3     3     3     3     3     3     3     3
       3     3     3     3     3     3     3     3     3     3     3
       3     3     3     3     3     3     3     3     3     3     3
       3     3     3     3     3     3     3     3     3     3     3
       3     3     3     3     3     3     3     3     3     3     3
       3     3     3     3     3     3]
  [60122 60072 60085 60079 60095 60106 60096 60082 60087 60077 60088
   60069 60079 60107 60079 60075 60096 60085 60081 60094 60096 60102
   60071 60095 60076 60095 60105 60084 60093 60077 60080 60092 60095
   60103 60086 60096 60082 60079 60076 60079 60082 60079 60095 60082
   60084 60091 60090 60081 60077 60095 60072 60074 60094 60074 60101
   60086 60085 60088 60077 60075 60080]]

 [[    3     3     3     3     3     3     3     3     3     3     3
       3     3     3     3     3     3     3     3     3     3     3
       3     3     3     3     3     3     3     4     3     3     3
       3     3     3     3     3     3     3     3     3     3     3
       3     3     3     3     3     3     3     3     3     3     3
       3     3     3     3     3     3]
  [60122 60100 60105 60082 60100 60100 60099 60103 60101 60101 60101
   60097 60094 60093 60101 60106 60062 60091 60088 60083 60088 60083
   60079 60080 60086 60068 60079 60076 60078 34882 60087 60079 60076
   60076 60075 60067 60074 60101 60090 60069 60069 60068 60074 60083
   60090 60078 60090 60080 60095 60110 60087 60077 60082 60102 60074
   60113 60092 60082 60086 60089 60094]]]
unsolvable
 
 err: 
done running mariposa 1646.9
1e770af1cc04f85a8d7a990ba0c9c4e433b83fa8 is the first bad commit
commit 1e770af1cc04f85a8d7a990ba0c9c4e433b83fa8
Author: Nikolaj Bjorner <nbjorner@microsoft.com>
Date:   Fri Jun 14 09:29:41 2019 -0700

    local sort
    
    Signed-off-by: Nikolaj Bjorner <nbjorner@microsoft.com>

 src/ast/rewriter/bool_rewriter.cpp | 21 ++++++++++++++++++---
 1 file changed, 18 insertions(+), 3 deletions(-)
bisect run success
git bisect start
# good: [e79542cc689d52ec4cb34ce4ae3fbe56e7a0bf70] fix #2309
git bisect good e79542cc689d52ec4cb34ce4ae3fbe56e7a0bf70
# bad: [ad55a1f1c617a7f0c3dd735c0780fc758424c7f1] Update release.yml for Azure Pipelines
git bisect bad ad55a1f1c617a7f0c3dd735c0780fc758424c7f1
# skip: [e2702f3ae88f5c48a55f4473bb5c29184c182634] fixes in assigning constraints to intervals
git bisect skip e2702f3ae88f5c48a55f4473bb5c29184c182634
# skip: [1915812f84cf41a5f232eedf2a695a54d055aa88] add a test for intervals
git bisect skip 1915812f84cf41a5f232eedf2a695a54d055aa88
# bad: [8faf35e2e0c8fce99794e71bd3b5de74b95ceb5a] fix #3735
git bisect bad 8faf35e2e0c8fce99794e71bd3b5de74b95ceb5a
# skip: [d1a5635b4ad7f8632356b380f3a9b1fc83fdb04f] better model based lemmaas
git bisect skip d1a5635b4ad7f8632356b380f3a9b1fc83fdb04f
# skip: [0a86bd14f792ef5fadb8eeb346729a612f7e1588] start on test nla
git bisect skip 0a86bd14f792ef5fadb8eeb346729a612f7e1588
# bad: [f7747d9e76bd685a02ce5c5fbda91fc356856b5e] fix parameter collection for tactic-based solvers reported in #3065
git bisect bad f7747d9e76bd685a02ce5c5fbda91fc356856b5e
# skip: [0644194fc96a853df44c37f9e4522796aa40add8] work on lemma from product to factors, and some renaming
git bisect skip 0644194fc96a853df44c37f9e4522796aa40add8
# bad: [0321312c8db1d3f0edbd23e6e48884fbb7d77d1d] Changed to get_const_interp to match Java and C# bindings
git bisect bad 0321312c8db1d3f0edbd23e6e48884fbb7d77d1d
# bad: [6e637348826f0725ba8a01c455448023ca2889e4] Merge pull request #2368 from waywardmonkeys/fix-typo
git bisect bad 6e637348826f0725ba8a01c455448023ca2889e4
# good: [9b4f327e29de8eadd112e53af5a8fb9f430fabf7] set upload mode to replace
git bisect good 9b4f327e29de8eadd112e53af5a8fb9f430fabf7
# good: [42ac3a536369a7d4a7eafa1fa15b571b146ba594] merge with csp
git bisect good 42ac3a536369a7d4a7eafa1fa15b571b146ba594
# bad: [b4290d4b3d7c021965e9ce7ee636caac0f9cac74] python regression
git bisect bad b4290d4b3d7c021965e9ce7ee636caac0f9cac74
# bad: [0f7ff2a3d016ce6cc0dcc2654a6aa0187bc55192] swap
git bisect bad 0f7ff2a3d016ce6cc0dcc2654a6aa0187bc55192
# good: [d17248821ad047f889237ce20b6bdaa1465ceff9] include chronological backtracking, two-phase sat, xor inprocessing, probsat, ddfw
git bisect good d17248821ad047f889237ce20b6bdaa1465ceff9
# good: [ec1653fdff146ff8d1b3b2281e875494f4fc3a96] Merge pull request #2345 from schedutron/master
git bisect good ec1653fdff146ff8d1b3b2281e875494f4fc3a96
# bad: [f3b79087eef389011fa90eefcf64b987bed54a9d] add default tactic as option to overwrite the behavior of strategic solver factory
git bisect bad f3b79087eef389011fa90eefcf64b987bed54a9d
# bad: [1e770af1cc04f85a8d7a990ba0c9c4e433b83fa8] local sort
git bisect bad 1e770af1cc04f85a8d7a990ba0c9c4e433b83fa8
# first bad commit: [1e770af1cc04f85a8d7a990ba0c9c4e433b83fa8] local sort
