running python3 /home/yizhou7/mariposa/scripts/z3-bisect.py /home/yizhou7/mariposa/data/bisect_tasks/d_lvbkv_z3_clean--Impl-NodeImpl.i.dfy.Impl__NodeImpl.Node.BoundedBucket.txt
building z3
Bisecting: 1453 revisions left to test after this (roughly 11 steps)
[1915812f84cf41a5f232eedf2a695a54d055aa88] add a test for intervals
running python3 /home/yizhou7/mariposa/scripts/z3-bisect.py /home/yizhou7/mariposa/data/bisect_tasks/d_lvbkv_z3_clean--Impl-NodeImpl.i.dfy.Impl__NodeImpl.Node.BoundedBucket.txt
building z3
Bisecting: 1453 revisions left to test after this (roughly 11 steps)
[8faf35e2e0c8fce99794e71bd3b5de74b95ceb5a] fix #3735
running python3 /home/yizhou7/mariposa/scripts/z3-bisect.py /home/yizhou7/mariposa/data/bisect_tasks/d_lvbkv_z3_clean--Impl-NodeImpl.i.dfy.Impl__NodeImpl.Node.BoundedBucket.txt
building z3
done building z3 3.2
running mariposa
res: 1 
 out: [[[    2     2     2     2     2     2     2     2     2     2     2
       2     2     2     2     2     2     2     2     2     2     2
       2     2     2     2     2     2     2     2     2     2     2
       2     2     2     2     2     2     2     2     2     2     2
       2     2     2     2     2     2     2     2     2     2     2
       2     2     2     2     2     2]
  [  902  1540  1577  1561  1451  1485  1443  1491  1490  1575  1443
    1477  1441  1482  1485  1459  1449  1456  1492  1618  1497  1516
    1368  1376  1382  1462  1431  1377  1380  1375  1402  1474  1382
    1378  1405  1409  1363  1347  1320  1339  1345  1362  1367  1322
    1338  1262  1258  1352  1273  1335  1236  1236  1238  1258  1256
    1250  1245  1290  1323  1338  1226]]

 [[    2     2     2     2     2     3     3     3     3     2     2
       3     3     2     3     3     3     3     3     2     3     2
       3     3     2     3     2     3     3     2     3     2     2
       3     2     3     3     2     2     3     3     3     2     3
       3     3     3     3     2     3     3     3     3     3     2
       3     3     3     3     3     3]
  [  902  1644  1322  1752  1759 60042 60030 60025 60027  1352  1348
   60025 60043  1731 60038 60030 60038 60033 60030  1400 60036  1199
   60028 60026  1573 60028  2076 60026 60021  1327 60024  1507  1374
   60025  2870 60034 60042 33274  1442 60022 60039 60028  1804 60038
   60029 60022 60027 60023  1520 60024 60033 60037 60028 60025  1326
   60039 60026 60042 60033 60037 60020]]

 [[    2     2     2     2     2     2     2     2     2     3     3
       3     3     2     3     3     2     3     2     3     3     3
       2     3     3     3     3     2     2     2     2     3     3
       2     3     3     2     2     3     3     2     3     2     2
       3     3     3     3     3     2     3     3     2     3     3
       3     2     3     3     3     3]
  [  902  1130  1264  1485  2433  1626  1803  1947  1948 60021 60023
   60030 60031  1359 60033 60037  3635 60028  1823 60042 60027 60025
    1947 60034 60025 60026 60025  1911  1812  2124  2020 60023 60041
    1907 60039 60032  1600  1740 60022 60029  2153 60024  1589  2127
   60042 60031 60036 60024 60031  1457 60041 60037  1618 60030 60026
   60020  2203 60033 60033 60043 60040]]]
unstable
 
 err: 
done running mariposa 690.1
Bisecting: 1254 revisions left to test after this (roughly 10 steps)
[d1a5635b4ad7f8632356b380f3a9b1fc83fdb04f] better model based lemmaas
running python3 /home/yizhou7/mariposa/scripts/z3-bisect.py /home/yizhou7/mariposa/data/bisect_tasks/d_lvbkv_z3_clean--Impl-NodeImpl.i.dfy.Impl__NodeImpl.Node.BoundedBucket.txt
building z3
Bisecting: 1254 revisions left to test after this (roughly 10 steps)
[0a86bd14f792ef5fadb8eeb346729a612f7e1588] start on test nla
running python3 /home/yizhou7/mariposa/scripts/z3-bisect.py /home/yizhou7/mariposa/data/bisect_tasks/d_lvbkv_z3_clean--Impl-NodeImpl.i.dfy.Impl__NodeImpl.Node.BoundedBucket.txt
building z3
Bisecting: 1254 revisions left to test after this (roughly 10 steps)
[f7747d9e76bd685a02ce5c5fbda91fc356856b5e] fix parameter collection for tactic-based solvers reported in #3065
running python3 /home/yizhou7/mariposa/scripts/z3-bisect.py /home/yizhou7/mariposa/data/bisect_tasks/d_lvbkv_z3_clean--Impl-NodeImpl.i.dfy.Impl__NodeImpl.Node.BoundedBucket.txt
building z3
done building z3 3.2
running mariposa
res: 1 
 out: [[[    3     3     3     3     3     3     3     3     3     3     3
       3     3     3     3     3     3     3     3     3     3     3
       3     3     3     3     3     3     3     3     3     3     3
       3     3     3     3     3     3     3     3     3     3     3
       3     3     3     3     3     3     3     3     3     3     3
       3     3     3     3     3     3]
  [60011 60021 60025 60024 60022 60023 60024 60030 60028 60020 60019
   60018 60023 60022 60024 60027 60026 60028 60018 60020 60021 60024
   60036 60026 60024 60019 60019 60026 60021 60028 60021 60023 60019
   60022 60022 60028 60028 60022 60025 60023 60020 60020 60023 60023
   60026 60023 60023 60022 60022 60038 60020 60024 60024 60033 60021
   60021 60023 60021 60020 60017 60020]]

 [[    3     2     2     2     3     3     3     2     2     2     2
       2     3     3     3     3     3     2     2     2     3     3
       3     3     3     2     3     3     3     2     3     3     3
       2     3     3     3     3     3     2     3     3     2     3
       3     2     2     2     3     2     2     3     3     3     3
       3     3     3     3     3     3]
  [60011  1378  1607  1518 60022 60032 60027  1631 10966  2207  1585
    1583 60028 60032 60032 60032 60020  1260  1555  1650 60025 60021
   60025 60027 60029  1557 60024 60036 60035  1627 60023 60028 60028
    3959 60022 60026 60037 60040 60027  1531 60025 60040  1346 60026
   60035  1438  1371  1277 60034  1436  1504 60037 60023 60047 60028
   60025 60019 60020 60021 60036 60037]]

 [[    3     2     2     3     3     3     3     3     3     2     3
       2     2     2     2     2     3     3     3     3     3     3
       3     3     3     3     3     3     2     2     2     2     2
       2     2     3     2     3     3     3     3     3     3     2
       2     3     2     2     3     3     3     3     3     2     3
       3     3     3     3     3     3]
  [60011  1210  1498 60025 60022 60019 60023 60024 60021  1319 60023
    1527  1723  3233  2038  1943 60029 60019 60030 60027 60016 60020
   60035 60027 60023 60029 60032 60022  1601  1509  1663  1657  1560
    1507  1597 60019  1433 60034 60038 60020 60025 60023 60029  1837
    1196 60026  1967  1744 60027 60036 60023 60021 60020  2053 60030
   60030 60023 60026 60024 60029 60035]]]
unstable
 
 err: 
done running mariposa 1291.8
Bisecting: 1034 revisions left to test after this (roughly 10 steps)
[0644194fc96a853df44c37f9e4522796aa40add8] work on lemma from product to factors, and some renaming
running python3 /home/yizhou7/mariposa/scripts/z3-bisect.py /home/yizhou7/mariposa/data/bisect_tasks/d_lvbkv_z3_clean--Impl-NodeImpl.i.dfy.Impl__NodeImpl.Node.BoundedBucket.txt
building z3
Bisecting: 1034 revisions left to test after this (roughly 10 steps)
[0321312c8db1d3f0edbd23e6e48884fbb7d77d1d] Changed to get_const_interp to match Java and C# bindings
running python3 /home/yizhou7/mariposa/scripts/z3-bisect.py /home/yizhou7/mariposa/data/bisect_tasks/d_lvbkv_z3_clean--Impl-NodeImpl.i.dfy.Impl__NodeImpl.Node.BoundedBucket.txt
building z3
done building z3 3.1
running mariposa
res: 1 
 out: [[[    3     3     3     3     3     3     3     3     3     3     3
       3     3     3     3     3     3     3     3     3     3     3
       3     3     3     3     3     3     3     3     3     3     3
       3     3     3     3     3     3     3     3     3     3     3
       3     3     3     3     3     3     3     3     3     3     3
       3     3     3     3     3     3]
  [60036 60042 60034 60032 60028 60031 60034 60038 60025 60034 60033
   60029 60035 60033 60033 60034 60032 60039 60031 60036 60033 60031
   60035 60038 60033 60029 60033 60035 60031 60034 60033 60038 60030
   60035 60033 60034 60033 60035 60033 60030 60037 60035 60034 60033
   60032 60034 60035 60033 60034 60032 60035 60032 60033 60035 60033
   60035 60032 60033 60030 60033 60025]]

 [[    3     2     2     2     2     3     3     3     2     2     2
       2     3     2     3     3     3     3     3     3     3     3
       2     2     2     3     3     3     3     2     3     2     3
       3     3     3     3     3     3     3     2     3     2     2
       3     3     3     3     3     3     2     3     2     3     3
       2     3     3     3     3     3]
  [60036  1386  3219  1507  1589 60030 60028 60032  1495  4966  1521
    1630 60035  1286 60024 60037 60020 60023 60036 60036 60020 60032
    1579  1299  1706 60036 60041 60031 60026  1551 60029  1741 60035
   60036 60037 60036 60025 60037 60026 60033  1737 60024  1552  1794
   60044 60028 60031 60032 60026 60040  1650 60021  1901 60047 60025
    1320 60032 60034 60023 60040 60027]]

 [[    3     2     3     3     3     3     3     3     2     2     2
       3     2     2     2     3     3     3     3     3     3     3
       2     2     2     2     2     2     2     3     3     3     3
       3     2     2     2     3     2     2     3     3     2     3
       3     3     2     3     2     3     2     3     3     3     3
       3     3     3     3     3     3]
  [60036  1214 60021 60023 60020 60027 60024 60024  1012  1236  1216
   60026  1395  1498  1158 60024 60021 60026 60025 60021 60026 60032
    1637  1483  1453  1582  1767  2039  1842 60034 60027 60018 60031
   60033  1515  1677  1798 60033  1447  1573 60025 60027  1633 60023
   60034 60021  1273 60022  1545 60027  1430 60031 60027 60033 60029
   60026 60030 60020 60037 60041 60022]]]
unstable
 
 err: 
done running mariposa 1282.2
Bisecting: 261 revisions left to test after this (roughly 8 steps)
[6e637348826f0725ba8a01c455448023ca2889e4] Merge pull request #2368 from waywardmonkeys/fix-typo
running python3 /home/yizhou7/mariposa/scripts/z3-bisect.py /home/yizhou7/mariposa/data/bisect_tasks/d_lvbkv_z3_clean--Impl-NodeImpl.i.dfy.Impl__NodeImpl.Node.BoundedBucket.txt
building z3
done building z3 3.1
running mariposa
res: 1 
 out: [[[    3     3     3     3     3     3     3     3     3     3     3
       3     3     3     3     3     3     3     3     3     3     3
       3     3     3     3     3     3     3     3     3     3     3
       3     3     3     3     3     3     3     3     3     3     3
       3     3     3     3     3     3     3     3     3     3     3
       3     3     3     3     3     3]
  [60022 60020 60034 60020 60026 60035 60023 60022 60021 60025 60031
   60021 60025 60023 60020 60020 60035 60030 60025 60036 60023 60020
   60020 60022 60031 60024 60023 60024 60022 60020 60032 60025 60027
   60036 60024 60022 60020 60032 60021 60026 60024 60029 60019 60020
   60024 60030 60024 60037 60022 60021 60020 60023 60029 60024 60024
   60022 60020 60021 60027 60025 60019]]

 [[    3     2     2     2     2     3     2     2     2     3     3
       2     2     3     3     2     3     3     3     3     2     3
       3     3     3     3     3     3     3     3     3     3     2
       3     3     3     3     3     3     3     3     3     3     2
       3     3     3     2     2     2     3     2     3     3     3
       3     3     3     3     3     3]
  [60022  1709  2013  1210  1521 60027  1389  1132  1368 60023 60020
    1161  1360 60035 60037  1478 60030 60032 60026 60023  1402 60035
   60037 60020 60026 60036 60023 60021 60031 60038 60028 60042  2675
   60040 60025 60021 60025 60034 60018 60039 60026 60026 60029  1268
   60032 60034 60033  1724  1751  1371 60032  1466 60037 60028 60023
   60035 60032 60027 60028 60040 60031]]

 [[    3     2     3     3     3     3     3     3     2     2     3
       2     2     2     2     2     2     3     3     3     3     2
       2     3     2     2     2     2     3     3     2     3     3
       2     3     2     3     3     3     3     3     3     3     3
       2     3     2     2     3     3     3     3     3     2     3
       3     2     3     3     3     3]
  [60022  1423 60021 60027 60016 60020 60026 60016  1303  1494 60022
    1605  1646  1425  1754  1575  1669 60022 60027 60031 60026  1285
    1432 60021  1556  1335  1301  1374 60035 60034 11762 60040 60026
    1605 60034  1448 60032 60024 60028 60035 60038 60036 60030 60034
    1601 60031  1397  1606 60038 60022 60029 60039 60033  1564 60018
   60033  1437 60031 60036 60034 60036]]]
unstable
 
 err: 
done running mariposa 1297.8
Bisecting: 130 revisions left to test after this (roughly 7 steps)
[9b4f327e29de8eadd112e53af5a8fb9f430fabf7] set upload mode to replace
running python3 /home/yizhou7/mariposa/scripts/z3-bisect.py /home/yizhou7/mariposa/data/bisect_tasks/d_lvbkv_z3_clean--Impl-NodeImpl.i.dfy.Impl__NodeImpl.Node.BoundedBucket.txt
building z3
done building z3 3.1
running mariposa
res: 0 
 out: [[[   2    2    2    2    2    2    2    2    2    2    2    2    2    2
      2    2    2    2    2    2    2    2    2    2    2    2    2    2
      2    2    2    2    2    2    2    2    2    2    2    2    2    2
      2    2    2    2    2    2    2    2    2    2    2    2    2    2
      2    2    2    2    2]
  [ 890 1132 1194 1206 1197 1209 1200 1141 1207 1207 1209 1201 1205 1196
   1154 1193 1210 1206 1214 1204 1185 1141 1192 1199 1199 1214 1213 1191
   1119 1195 1186 1196 1211 1206 1199 1126 1187 1198 1194 1209 1198 1193
   1118 1182 1201 1192 1195 1199 1194 1137 1171 1195 1184 1199 1214 1194
   1107 1080 1098 1083 1029]]

 [[   2    2    2    2    2    2    2    2    2    2    2    2    2    2
      2    2    2    2    2    2    2    2    2    2    2    2    2    2
      2    2    2    2    2    2    2    2    2    2    2    2    2    2
      2    2    2    2    2    2    2    2    2    2    2    2    2    2
      2    2    2    2    2]
  [ 890 1224 1218 1220 1199 1199 1224 1225 1215 1218 1215 1175 1193 1230
   1218 1201 1217 1209 1186 1196 1216 1223 1218 1216 1210 1187 1191 1206
   1224 1211 1217 1228 1177 1184 1213 1205 1209 1215 1213 1159 1188 1202
   1210 1200 1208 1211 1159 1165 1213 1209 1206 1209 1207 1192 1148 1212
   1203 1227 1223 1211 1203]]

 [[   2    2    2    2    2    2    2    2    2    2    2    2    2    2
      2    2    2    2    2    2    2    2    2    2    2    2    2    2
      2    2    2    2    2    2    2    2    2    2    2    2    2    2
      2    2    2    2    2    2    2    2    2    2    2    2    2    2
      2    2    2    2    2]
  [ 890 1346 1280 1348 1363 1372 1387 1373 1323 1277 1325 1415 1282 1353
   1446 1321 1281 1369 1328 1346 1385 1367 1258 1316 1341 1345 1383 1267
   1398 1299 1327 1288 1333 1347 1256 1351 1253 1346 1248 1324 1383 1254
   1380 1314 1320 1293 1303 1332 1396 1395 1265 1240 1352 1304 1300 1289
   1398 1370 1265 1345 1308]]]
stable
 
 err: 
done running mariposa 47.5
Bisecting: 65 revisions left to test after this (roughly 6 steps)
[42ac3a536369a7d4a7eafa1fa15b571b146ba594] merge with csp
running python3 /home/yizhou7/mariposa/scripts/z3-bisect.py /home/yizhou7/mariposa/data/bisect_tasks/d_lvbkv_z3_clean--Impl-NodeImpl.i.dfy.Impl__NodeImpl.Node.BoundedBucket.txt
building z3
done building z3 3.1
running mariposa
res: 0 
 out: [[[   2    2    2    2    2    2    2    2    2    2    2    2    2    2
      2    2    2    2    2    2    2    2    2    2    2    2    2    2
      2    2    2    2    2    2    2    2    2    2    2    2    2    2
      2    2    2    2    2    2    2    2    2    2    2    2    2    2
      2    2    2    2    2]
  [ 891 1157 1198 1196 1210 1241 1220 1164 1189 1190 1195 1207 1211 1217
   1164 1176 1197 1187 1218 1201 1203 1157 1173 1183 1205 1191 1211 1199
   1156 1161 1191 1198 1194 1188 1194 1154 1175 1187 1182 1197 1203 1185
   1157 1166 1193 1182 1198 1190 1203 1131 1158 1182 1184 1199 1192 1186
   1086 1104 1086 1078 1037]]

 [[   2    2    2    2    2    2    2    2    2    2    2    2    2    2
      2    2    2    2    2    2    2    2    2    2    2    2    2    2
      2    2    2    2    2    2    2    2    2    2    2    2    2    2
      2    2    2    2    2    2    2    2    2    2    2    2    2    2
      2    2    2    2    2]
  [ 891 1236 1218 1212 1195 1211 1214 1230 1228 1221 1215 1194 1218 1218
   1226 1202 1220 1222 1190 1226 1215 1228 1217 1220 1229 1185 1206 1252
   1219 1230 1218 1219 1174 1197 1232 1224 1235 1221 1222 1152 1206 1214
   1214 1216 1215 1216 1139 1192 1209 1210 1228 1216 1219 1183 1177 1213
   1206 1210 1214 1225 1195]]

 [[   2    2    2    2    2    2    2    2    2    2    2    2    2    2
      2    2    2    2    2    2    2    2    2    2    2    2    2    2
      2    2    2    2    2    2    2    2    2    2    2    2    2    2
      2    2    2    2    2    2    2    2    2    2    2    2    2    2
      2    2    2    2    2]
  [ 891 1286 1350 1373 1337 1360 1365 1396 1259 1321 1291 1416 1340 1358
   1445 1276 1321 1372 1333 1349 1394 1359 1269 1338 1336 1374 1331 1262
   1384 1302 1268 1343 1353 1333 1345 1261 1245 1339 1246 1363 1335 1267
   1378 1319 1292 1329 1304 1329 1389 1397 1268 1258 1344 1307 1302 1293
   1415 1376 1293 1342 1287]]]
stable
 
 err: 
done running mariposa 47.6
Bisecting: 32 revisions left to test after this (roughly 5 steps)
[b4290d4b3d7c021965e9ce7ee636caac0f9cac74] python regression
running python3 /home/yizhou7/mariposa/scripts/z3-bisect.py /home/yizhou7/mariposa/data/bisect_tasks/d_lvbkv_z3_clean--Impl-NodeImpl.i.dfy.Impl__NodeImpl.Node.BoundedBucket.txt
building z3
done building z3 3.1
running mariposa
res: 1 
 out: [[[    2     2     2     2     2     2     2     2     2     2     2
       2     2     3     2     2     2     2     2     2     2     3
       2     2     2     2     2     2     3     2     3     3     2
       3     2     2     2     3     2     2     2     2     2     3
       2     2     3     2     2     2     3     2     3     2     2
       3     3     3     3     3     3]
  [  878  1657  1664  1651  1666  1371  1594  1371  1497  1584  1425
    1488  1396 60023  1471  1317  1518  1510  1630  1555  1665 60029
    1660  1496  1680  1668  1673  1698 60030  1425 60029 60027  1581
   60026  1333  1549  1524 60025  1497  1482  1482  1388  1524 60026
    1567  1543 60029  1656  1497  1667 60028  1648 60028  1675  1676
   60025 60023 60024 60023 60028 60022]]

 [[    2     2     2     3     3     3     3     3     2     2     2
       3     3     3     2     3     3     3     2     2     2     3
       2     2     3     3     2     2     2     2     2     2     3
       3     3     2     2     3     2     2     2     2     2     3
       3     3     3     3     3     3     3     3     3     2     2
       3     3     3     3     3     3]
  [  878  1364  1311 60038 60036 60032 60035 60024  1463  1381  1454
   60024 60021 60042  1719 60042 60022 60033  1583  1401  1376 60035
    1740  1624 60031 60034  1342  1765  1244  1820  2524  1117 60028
   60021 60019  1317  1408 60040  1080  1416  1452  1364  1435 60043
   60035 60025 60042 60029 60027 60044 60024 60024 60024  2070  1614
   60045 60031 60044 60036 60038 60026]]

 [[    2     2     2     2     2     2     3     3     3     3     3
       2     2     3     3     2     2     2     2     2     2     2
       2     3     3     3     3     3     3     2     3     3     3
       3     2     2     3     2     3     2     3     3     3     3
       3     2     2     2     2     2     3     3     3     3     2
       3     3     3     3     3     3]
  [  878  1099  1314  1871  1947  1616 60033 60022 60017 60016 60020
    1396  1685 60032 60029  1558  1752  1831  4723  1508  1806  1797
   44863 60035 60017 60037 60035 60037 60029  1794 60034 60037 60030
   60020  1264  1631 60035  1557 60038  1874 60023 60041 60031 60036
   60026  1792  1431  1331  1337  1521 60025 60035 60035 60040  1783
   60030 60034 60020 60019 60041 60026]]]
unstable
 
 err: 
done running mariposa 810.0
Bisecting: 16 revisions left to test after this (roughly 4 steps)
[0f7ff2a3d016ce6cc0dcc2654a6aa0187bc55192] swap
running python3 /home/yizhou7/mariposa/scripts/z3-bisect.py /home/yizhou7/mariposa/data/bisect_tasks/d_lvbkv_z3_clean--Impl-NodeImpl.i.dfy.Impl__NodeImpl.Node.BoundedBucket.txt
building z3
done building z3 3.1
running mariposa
res: 0 
 out: [[[   2    2    2    2    2    2    2    2    2    2    2    2    2    2
      2    2    2    2    2    2    2    2    2    2    2    2    2    2
      2    2    2    2    2    2    2    2    2    2    2    2    2    2
      2    2    2    2    2    2    2    2    2    2    2    2    2    2
      2    2    2    2    2]
  [ 878 1106 1121 1010 1125 1019 1105 1117 1112 1138 1021 1045 1026 1100
   1128 1023 1141 1128 1126 1122 1019 1014 1013 1120 1167 1023 1034 1022
   1021 1013 1006 1004 1123 1109 1126 1019 1113 1008 1094 1010 1129 1109
   1025 1110 1112 1036 1001 1110 1097 1105 1101  999 1126 1011 1112 1112
   1068  982  985 1048  999]]

 [[   2    2    2    2    2    2    2    2    2    2    2    2    2    2
      2    2    2    2    2    2    2    2    2    2    2    2    2    2
      2    2    2    2    2    2    2    2    2    2    2    2    2    2
      2    2    2    2    2    2    2    2    2    2    2    2    2    2
      2    2    2    2    2]
  [ 878 1098 1140 1123 1016 1061 1017 1118 1097 1091 1143 1005 1112 1102
   1117 1099 1091 1141  986 1017 1065 1093 1090 1095 1122 1018 1088 1086
   1139 1118 1012 1018  993 1096 1015 1099 1137 1029 1098 1098 1079  997
   1105 1013 1099 1020 1102 1094 1022 1112 1008 1030 1119 1079 1077 1090
   1016 1128 1119 1120 1011]]

 [[   2    2    2    2    2    2    2    2    2    2    2    2    2    2
      2    2    2    2    2    2    2    2    2    2    2    2    2    2
      2    2    2    2    2    2    2    2    2    2    2    2    2    2
      2    2    2    2    2    2    2    2    2    2    2    2    2    2
      2    2    2    2    2]
  [ 878 1089 1147 1173 1166 1254 1303 1264 1138 1089 1160 1168 1156 1211
   1229 1044 1077 1095 1124 1147 1156 1298 1069 1231 1110 1090 1162 1159
   1315 1153 1117 1092 1082 1094 1076 1142 1063 1210 1133 1138 1085 1093
   1075 1050 1061 1075 1127 1139 1075 1233 1040 1065 1098 1089 1289 1083
   1241 1185 1038 1044 1096]]]
stable
 
 err: 
done running mariposa 43.6
Bisecting: 7 revisions left to test after this (roughly 3 steps)
[89e8a1392c992a6c37b8c5320b9e4b9b506bd4a1] na
running python3 /home/yizhou7/mariposa/scripts/z3-bisect.py /home/yizhou7/mariposa/data/bisect_tasks/d_lvbkv_z3_clean--Impl-NodeImpl.i.dfy.Impl__NodeImpl.Node.BoundedBucket.txt
building z3
done building z3 3.1
running mariposa
res: 1 
 out: [[[    2     2     2     2     2     2     2     2     2     2     2
       2     3     2     2     2     2     2     2     2     2     3
       2     2     2     2     2     3     2     3     3     2     3
       2     2     2     3     2     2     2     2     2     3     2
       2     2     3     2     3     3     2     2     2     2     3
       2     3     3     3     3     3]
  [  877  1674  1551  1628  1672  1369  1601  1373  1490  1455  1304
    1448 60023  1304  1396  1429  1330  1595  1494  1633  1625 60032
    1680  1516  1694  1696  1688 60029  1600 60026 60023  1341 60023
    1500  1335  1531 60025  1490  1490  1494  1491  1392 60027  1567
    1578  1525 60031  1683 60029 60029  1391  1539  1542  1542 60025
    1562 60024 60023 60022 60026 60024]]

 [[    2     2     2     3     3     3     2     3     3     2     2
       2     3     3     2     3     3     2     3     3     2     3
       2     2     2     2     2     2     3     2     2     2     3
       3     3     2     3     2     2     2     2     2     3     2
       3     3     3     3     3     3     3     3     3     2     2
       3     3     3     3     3     3]
  [  877  1336  1303 60038 60034 60031 46550 60034 60023  1469  1315
    1409 60023 60041  1733 60034 60020  1489 60030 60029  1394 60026
    1327  1688  1468  1344  1738  1238 60035  2516  1781  1116 60027
   60021 60018  1325 60033  1153  1364  1595  1678  1407 60033  1368
   60029 60022 60041 60027 60027 60036 60023 60031 60022  2121  1605
   60045 60023 60044 60034 60034 60026]]

 [[    2     2     2     2     2     2     3     3     3     3     3
       2     2     3     3     2     2     2     2     2     2     2
       2     3     3     3     3     3     3     2     3     3     3
       3     2     2     3     2     3     2     3     3     3     3
       3     2     2     2     2     3     2     3     3     3     2
       3     3     3     3     3     3]
  [  877  1088  1271  1820  1996  1614 60020 60020 60030 60018 60016
    1372  1661 60030 60029  1579  1791  4519  1862  1519  1778  1797
   52803 60018 60031 60036 60035 60036 60028  1754 60034 60033 60028
   60021  1271  1667 60036  1594 60039  1903 60023 60039 60031 60035
   60025  1872  1576  1462  1479 60023  1593 60037 60036 60044  1742
   60033 60032 60020 60018 60042 60028]]]
unstable
 
 err: 
done running mariposa 812.4
Bisecting: 4 revisions left to test after this (roughly 2 steps)
[1827f98851e1866187abe743afd2d80bc786412f] more fixes for mutexes in shell
running python3 /home/yizhou7/mariposa/scripts/z3-bisect.py /home/yizhou7/mariposa/data/bisect_tasks/d_lvbkv_z3_clean--Impl-NodeImpl.i.dfy.Impl__NodeImpl.Node.BoundedBucket.txt
building z3
done building z3 3.1
running mariposa
res: 0 
 out: [[[   2    2    2    2    2    2    2    2    2    2    2    2    2    2
      2    2    2    2    2    2    2    2    2    2    2    2    2    2
      2    2    2    2    2    2    2    2    2    2    2    2    2    2
      2    2    2    2    2    2    2    2    2    2    2    2    2    2
      2    2    2    2    2]
  [ 870 1124 1123 1030 1114 1024 1108 1134 1127 1034 1121 1038 1042 1119
   1029 1132 1127 1135 1132 1124 1027 1029 1021 1127 1157 1033 1028 1034
   1023 1028 1012 1006 1123 1112 1125 1028 1108 1022 1109 1015 1122 1107
   1021 1111 1122 1046 1016 1109 1102 1115 1004 1111 1130 1031 1127 1106
   1065  990  988 1058  990]]

 [[   2    2    2    2    2    2    2    2    2    2    2    2    2    2
      2    2    2    2    2    2    2    2    2    2    2    2    2    2
      2    2    2    2    2    2    2    2    2    2    2    2    2    2
      2    2    2    2    2    2    2    2    2    2    2    2    2    2
      2    2    2    2    2]
  [ 870 1110 1147 1134 1020 1063 1008 1113 1112 1160 1112 1002 1115 1106
   1099 1112 1103 1153 1001 1005 1071 1078 1129 1137 1104 1023 1103 1081
   1124 1140 1040 1012 1008 1117 1011 1076 1035 1129 1115 1114  999 1099
   1089 1027 1093 1024 1110 1021 1114 1108 1010 1031 1111 1095 1083 1092
   1015 1114 1109 1123 1020]]

 [[   2    2    2    2    2    2    2    2    2    2    2    2    2    2
      2    2    2    2    2    2    2    2    2    2    2    2    2    2
      2    2    2    2    2    2    2    2    2    2    2    2    2    2
      2    2    2    2    2    2    2    2    2    2    2    2    2    2
      2    2    2    2    2]
  [ 870 1095 1156 1155 1172 1262 1257 1307 1151 1176 1097 1216 1162 1151
   1248 1070 1092 1117 1135 1151 1161 1300 1088 1244 1105 1101 1178 1178
   1325 1071 1177 1127 1091 1096 1080 1151 1093 1152 1086 1220 1142 1101
   1083 1071 1086 1094 1131 1137 1087 1233 1060 1079 1095 1091 1089 1321
   1262 1189 1069 1052 1083]]]
stable
 
 err: 
done running mariposa 43.9
Bisecting: 1 revision left to test after this (roughly 1 step)
[5177cc4a9a58df192c6a844ca13abf7e7cd3be15] change lt
running python3 /home/yizhou7/mariposa/scripts/z3-bisect.py /home/yizhou7/mariposa/data/bisect_tasks/d_lvbkv_z3_clean--Impl-NodeImpl.i.dfy.Impl__NodeImpl.Node.BoundedBucket.txt
building z3
done building z3 13.4
running mariposa
res: 1 
 out: [[[    2     2     2     2     2     2     2     2     2     2     2
       2     3     2     2     2     2     2     2     2     2     3
       2     2     2     2     2     2     3     2     3     3     2
       3     2     2     2     3     2     2     2     2     2     3
       2     2     3     2     2     2     3     2     3     2     2
       3     3     3     3     3     3]
  [  875  1633  1639  1643  1646  1364  1587  1363  1489  1575  1414
    1515 60025  1394  1471  1504  1326  1510  1608  1549  1640 60029
    1655  1485  1663  1691  1672  1681 60029  1461 60029 60026  1578
   60027  1348  1551  1528 60026  1499  1482  1499  1388  1513 60026
    1559  1575 60032  1661  1487  1648 60030  1588 60030  1658  1687
   60025 60023 60025 60024 60028 60025]]

 [[    2     2     2     3     3     3     3     3     2     2     2
       3     3     3     2     3     3     2     3     2     3     2
       2     2     3     3     2     2     2     2     2     2     3
       3     3     2     3     2     2     2     2     2     2     3
       3     3     3     3     3     3     3     3     3     2     2
       3     3     3     3     3     3]
  [  875  1360  1312 60039 60036 60033 60038 60025  1468  1335  1477
   60024 60023 60043  1732 60046 60023  1602 60036  1403 60036  1383
    1725  1590 60033 60035  1356  1745  1256  1797  2512  1135 60028
   60022 60021  1316 60041  1401  1050  1454  1461  1369  1437 60037
   60036 60025 60047 60029 60031 60044 60026 60022 60023  2099  1609
   60045 60029 60042 60041 60037 60024]]

 [[    2     2     2     2     2     2     3     3     3     3     3
       2     2     3     3     2     2     2     2     2     2     2
       2     3     3     3     3     3     3     2     3     3     3
       3     2     2     3     2     3     2     3     3     3     3
       3     2     2     2     2     2     3     3     3     3     2
       3     3     3     3     3     3]
  [  875  1074  1267  1856  1984  1630 60026 60022 60033 60018 60015
    1388  1685 60033 60030  1584  1783  4441  1844  1516  1765  1794
   45685 60036 60019 60038 60035 60036 60028  1868 60033 60045 60033
   60023  1291  1708 60035  1604 60042  1922 60020 60041 60029 60037
   60026  1789  1438  1336  1343  1513 60026 60041 60038 60042  1783
   60034 60036 60020 60022 60042 60026]]]
unstable
 
 err: 
done running mariposa 810.8
Bisecting: 0 revisions left to test after this (roughly 1 step)
[7c9d2e0d75757ed6aa535f72c7dec70d5a527fed] pydoc test
running python3 /home/yizhou7/mariposa/scripts/z3-bisect.py /home/yizhou7/mariposa/data/bisect_tasks/d_lvbkv_z3_clean--Impl-NodeImpl.i.dfy.Impl__NodeImpl.Node.BoundedBucket.txt
building z3
done building z3 5.9
running mariposa
res: 0 
 out: [[[   2    2    2    2    2    2    2    2    2    2    2    2    2    2
      2    2    2    2    2    2    2    2    2    2    2    2    2    2
      2    2    2    2    2    2    2    2    2    2    2    2    2    2
      2    2    2    2    2    2    2    2    2    2    2    2    2    2
      2    2    2    2    2]
  [ 867 1133 1134 1027 1108 1017 1104 1123 1121 1142 1041 1031 1025 1097
   1031 1125 1132 1125 1138 1125 1024 1010 1021 1124 1158 1039 1022 1024
   1006 1018 1003 1011 1131 1105 1115 1017 1105 1022 1104 1016 1115 1098
   1019 1108 1124 1035 1010 1101 1097 1110 1115 1001 1121 1018 1109 1101
   1060  996  985 1044  969]]

 [[   2    2    2    2    2    2    2    2    2    2    2    2    2    2
      2    2    2    2    2    2    2    2    2    2    2    2    2    2
      2    2    2    2    2    2    2    2    2    2    2    2    2    2
      2    2    2    2    2    2    2    2    2    2    2    2    2    2
      2    2    2    2    2]
  [ 867 1122 1116 1139 1016 1056  998 1115 1114 1098 1148 1002 1119 1095
   1102 1094 1159 1092  995  998 1068 1084 1081 1097 1130 1012 1086 1081
   1138 1110 1026 1011  996 1105 1007 1093 1116 1025 1090 1111 1084 1001
   1098 1094 1006 1018 1097 1108 1010 1085 1019 1105 1026 1088 1102 1099
    993 1108 1104 1119 1026]]

 [[   2    2    2    2    2    2    2    2    2    2    2    2    2    2
      2    2    2    2    2    2    2    2    2    2    2    2    2    2
      2    2    2    2    2    2    2    2    2    2    2    2    2    2
      2    2    2    2    2    2    2    2    2    2    2    2    2    2
      2    2    2    2    2]
  [ 867 1087 1144 1154 1184 1253 1285 1258 1107 1156 1091 1204 1147 1231
   1161 1021 1088 1092 1121 1147 1137 1306 1212 1104 1093 1102 1157 1164
   1325 1134 1111 1060 1102 1089 1084 1143 1044 1109 1192 1082 1145 1097
   1075 1030 1043 1069 1120 1078 1131 1221 1036 1057 1286 1079 1098 1078
   1235 1189 1054 1084 1042]]]
stable
 
 err: 
done running mariposa 43.8
5177cc4a9a58df192c6a844ca13abf7e7cd3be15 is the first bad commit
commit 5177cc4a9a58df192c6a844ca13abf7e7cd3be15
Author: Nikolaj Bjorner <nbjorner@microsoft.com>
Date:   Fri Jun 21 09:08:20 2019 +0200

    change lt
    
    Signed-off-by: Nikolaj Bjorner <nbjorner@microsoft.com>

 src/ast/ast_lt.h                   | 4 ++++
 src/ast/rewriter/bool_rewriter.cpp | 6 ++++--
 2 files changed, 8 insertions(+), 2 deletions(-)
bisect run success
git bisect start
# good: [e79542cc689d52ec4cb34ce4ae3fbe56e7a0bf70] fix #2309
git bisect good e79542cc689d52ec4cb34ce4ae3fbe56e7a0bf70
# bad: [ad55a1f1c617a7f0c3dd735c0780fc758424c7f1] Update release.yml for Azure Pipelines
git bisect bad ad55a1f1c617a7f0c3dd735c0780fc758424c7f1
# skip: [e2702f3ae88f5c48a55f4473bb5c29184c182634] fixes in assigning constraints to intervals
git bisect skip e2702f3ae88f5c48a55f4473bb5c29184c182634
# skip: [1915812f84cf41a5f232eedf2a695a54d055aa88] add a test for intervals
git bisect skip 1915812f84cf41a5f232eedf2a695a54d055aa88
# bad: [8faf35e2e0c8fce99794e71bd3b5de74b95ceb5a] fix #3735
git bisect bad 8faf35e2e0c8fce99794e71bd3b5de74b95ceb5a
# skip: [d1a5635b4ad7f8632356b380f3a9b1fc83fdb04f] better model based lemmaas
git bisect skip d1a5635b4ad7f8632356b380f3a9b1fc83fdb04f
# skip: [0a86bd14f792ef5fadb8eeb346729a612f7e1588] start on test nla
git bisect skip 0a86bd14f792ef5fadb8eeb346729a612f7e1588
# bad: [f7747d9e76bd685a02ce5c5fbda91fc356856b5e] fix parameter collection for tactic-based solvers reported in #3065
git bisect bad f7747d9e76bd685a02ce5c5fbda91fc356856b5e
# skip: [0644194fc96a853df44c37f9e4522796aa40add8] work on lemma from product to factors, and some renaming
git bisect skip 0644194fc96a853df44c37f9e4522796aa40add8
# bad: [0321312c8db1d3f0edbd23e6e48884fbb7d77d1d] Changed to get_const_interp to match Java and C# bindings
git bisect bad 0321312c8db1d3f0edbd23e6e48884fbb7d77d1d
# bad: [6e637348826f0725ba8a01c455448023ca2889e4] Merge pull request #2368 from waywardmonkeys/fix-typo
git bisect bad 6e637348826f0725ba8a01c455448023ca2889e4
# good: [9b4f327e29de8eadd112e53af5a8fb9f430fabf7] set upload mode to replace
git bisect good 9b4f327e29de8eadd112e53af5a8fb9f430fabf7
# good: [42ac3a536369a7d4a7eafa1fa15b571b146ba594] merge with csp
git bisect good 42ac3a536369a7d4a7eafa1fa15b571b146ba594
# bad: [b4290d4b3d7c021965e9ce7ee636caac0f9cac74] python regression
git bisect bad b4290d4b3d7c021965e9ce7ee636caac0f9cac74
# good: [0f7ff2a3d016ce6cc0dcc2654a6aa0187bc55192] swap
git bisect good 0f7ff2a3d016ce6cc0dcc2654a6aa0187bc55192
# bad: [89e8a1392c992a6c37b8c5320b9e4b9b506bd4a1] na
git bisect bad 89e8a1392c992a6c37b8c5320b9e4b9b506bd4a1
# good: [1827f98851e1866187abe743afd2d80bc786412f] more fixes for mutexes in shell
git bisect good 1827f98851e1866187abe743afd2d80bc786412f
# bad: [5177cc4a9a58df192c6a844ca13abf7e7cd3be15] change lt
git bisect bad 5177cc4a9a58df192c6a844ca13abf7e7cd3be15
# good: [7c9d2e0d75757ed6aa535f72c7dec70d5a527fed] pydoc test
git bisect good 7c9d2e0d75757ed6aa535f72c7dec70d5a527fed
# first bad commit: [5177cc4a9a58df192c6a844ca13abf7e7cd3be15] change lt
