running python3 /home/yizhou7/mariposa/scripts/z3-bisect.py /home/yizhou7/mariposa/data/bisect_tasks/d_lvbkv_z3_clean--lib-Buckets-PackedKV.i.dfy.CheckWellformed__DynamicPkv.__default.PKVISeq.txt
building z3
Bisecting: 1453 revisions left to test after this (roughly 11 steps)
[1915812f84cf41a5f232eedf2a695a54d055aa88] add a test for intervals
running python3 /home/yizhou7/mariposa/scripts/z3-bisect.py /home/yizhou7/mariposa/data/bisect_tasks/d_lvbkv_z3_clean--lib-Buckets-PackedKV.i.dfy.CheckWellformed__DynamicPkv.__default.PKVISeq.txt
building z3
Bisecting: 1453 revisions left to test after this (roughly 11 steps)
[8faf35e2e0c8fce99794e71bd3b5de74b95ceb5a] fix #3735
running python3 /home/yizhou7/mariposa/scripts/z3-bisect.py /home/yizhou7/mariposa/data/bisect_tasks/d_lvbkv_z3_clean--lib-Buckets-PackedKV.i.dfy.CheckWellformed__DynamicPkv.__default.PKVISeq.txt
building z3
done building z3 3.2
running mariposa
res: 1 
 out: [[[    2     2     2     2     2     2     2     2     2     2     2
       2     2     2     2     2     2     2     2     2     2     2
       2     2     2     2     2     2     2     2     2     2     2
       2     2     2     2     2     2     2     2     2     2     2
       2     2     2     2     2     2     2     2     2     2     2
       2     2     2     2     2     2]
  [  384   588   577   586   578   588   567   560   569   568   559
     565   579   564   559   558   579   572   558   559   569   569
     560   542   549   557   558   558   551   539   554   556   544
     549   546   543   551   559   552   554   550   557   553   551
     553   549   553   557   565   549   546   548   549   554   554
     550   555   550   551   546   549]]

 [[    2     2     2     2     2     2     2     2     2     2     2
       2     2     2     2     2     2     2     2     2     2     2
       2     2     2     2     2     2     2     2     2     2     2
       2     2     2     2     2     2     2     2     2     2     2
       2     2     2     2     2     2     3     3     2     2     2
       2     3     3     3     3     3]
  [  384   621   585   672   619   634   633   621   603   608   553
     553   600   602   555   550   588   573   578   642   619   681
     655   679   623   622   661   676   643   666   613   647   626
     580   610   592   578   623   611   599   585   576   563   590
     583   616   607   628   590   594 60021 60019   567   576   608
     576 60022 60018 60022 60034 60037]]

 [[    2     2     2     2     2     2     2     2     2     2     2
       2     2     2     2     2     2     2     2     2     2     2
       2     2     2     2     2     2     2     2     2     2     2
       2     2     2     2     2     2     2     2     2     2     2
       2     2     2     2     2     2     2     2     2     2     2
       2     2     2     3     3     3]
  [  384   553   571   573   575   580   618   668   550   559   587
     601   587   594   679   592   583   590   575   622   656   591
     608   586   597   656   587   634   553   585   619   676   606
     598   622   584   638   677   748  6841   755   701   839   686
     701   649   700   728   816   751   752   748   709   785   800
     860 18881 18587 60014 60021 60017]]]
unstable
 
 err: 
done running mariposa 144.2
Bisecting: 1254 revisions left to test after this (roughly 10 steps)
[d1a5635b4ad7f8632356b380f3a9b1fc83fdb04f] better model based lemmaas
running python3 /home/yizhou7/mariposa/scripts/z3-bisect.py /home/yizhou7/mariposa/data/bisect_tasks/d_lvbkv_z3_clean--lib-Buckets-PackedKV.i.dfy.CheckWellformed__DynamicPkv.__default.PKVISeq.txt
building z3
Bisecting: 1254 revisions left to test after this (roughly 10 steps)
[0a86bd14f792ef5fadb8eeb346729a612f7e1588] start on test nla
running python3 /home/yizhou7/mariposa/scripts/z3-bisect.py /home/yizhou7/mariposa/data/bisect_tasks/d_lvbkv_z3_clean--lib-Buckets-PackedKV.i.dfy.CheckWellformed__DynamicPkv.__default.PKVISeq.txt
building z3
Bisecting: 1254 revisions left to test after this (roughly 10 steps)
[f7747d9e76bd685a02ce5c5fbda91fc356856b5e] fix parameter collection for tactic-based solvers reported in #3065
running python3 /home/yizhou7/mariposa/scripts/z3-bisect.py /home/yizhou7/mariposa/data/bisect_tasks/d_lvbkv_z3_clean--lib-Buckets-PackedKV.i.dfy.CheckWellformed__DynamicPkv.__default.PKVISeq.txt
building z3
done building z3 3.2
running mariposa
res: 1 
 out: [[[    2     2     2     2     2     2     2     2     2     2     2
       2     2     2     2     2     2     2     2     2     2     2
       2     2     2     2     2     2     2     2     2     2     2
       2     2     2     2     2     2     2     2     2     2     2
       2     2     2     2     2     2     2     2     2     2     2
       2     2     2     2     2     2]
  [  374   609   610   647   643   625   625   627   630   618   623
     623   637   625   630   630   638   627   622   624   631   628
     634   623   634   626   625   642   641   640   650   639   641
     642   646   628   638   647   646   643   636   644   648   640
     643   650   640   636   632   604   614   608   606   621   627
     629   628   622   622   621   625]]

 [[    2     2     2     2     2     2     2     2     2     2     2
       2     2     2     2     2     2     2     2     2     2     2
       2     2     2     2     2     2     2     2     2     2     2
       2     2     2     2     2     2     2     2     2     2     2
       2     2     2     3     2     2     2     3     2     2     2
       2     3     3     3     3     3]
  [  374   627   618   638   704   671   659   640   629   637   628
     628   675   658   618   634   677   625   567   582   593   613
     584   626   586   609   641   617   597   627   591   657   612
     592   606   594   602   608   631   620   600   606   623   629
     630   627   633 60021   650   614   609 60024   609   623   641
     643 60024 60020 60029 60018 60023]]

 [[    2     2     2     2     2     2     2     2     2     2     2
       2     2     2     2     2     2     2     2     2     2     2
       2     2     2     2     2     2     2     2     2     2     2
       2     2     2     2     2     2     2     2     2     2     2
       2     2     2     2     2     2     2     2     2     2     2
       2     3     3     3     3     3]
  [  374   551   573   554   562   574   612   669   543   553   596
     596   585   657   595   592   573   562   585   609   659   600
     612   622   635   659   623   737   672   627   671   648   677
     676   717   645   619   673   630   689   667   645   662   779
     645   620   671  8583   692   729   684   676   734   690   795
     798 60016 60013 60029 60019 60017]]]
unstable
 
 err: 
done running mariposa 147.3
Bisecting: 1034 revisions left to test after this (roughly 10 steps)
[0644194fc96a853df44c37f9e4522796aa40add8] work on lemma from product to factors, and some renaming
running python3 /home/yizhou7/mariposa/scripts/z3-bisect.py /home/yizhou7/mariposa/data/bisect_tasks/d_lvbkv_z3_clean--lib-Buckets-PackedKV.i.dfy.CheckWellformed__DynamicPkv.__default.PKVISeq.txt
building z3
Bisecting: 1034 revisions left to test after this (roughly 10 steps)
[0321312c8db1d3f0edbd23e6e48884fbb7d77d1d] Changed to get_const_interp to match Java and C# bindings
running python3 /home/yizhou7/mariposa/scripts/z3-bisect.py /home/yizhou7/mariposa/data/bisect_tasks/d_lvbkv_z3_clean--lib-Buckets-PackedKV.i.dfy.CheckWellformed__DynamicPkv.__default.PKVISeq.txt
building z3
done building z3 3.1
running mariposa
res: 1 
 out: [[[    2     2     2     2     2     2     2     2     2     2     2
       2     2     2     2     2     2     2     2     2     2     2
       2     2     2     2     2     2     2     2     2     2     2
       2     2     2     2     2     2     2     2     2     2     2
       2     2     2     2     2     2     2     2     2     2     2
       2     2     2     2     2     2]
  [  385   645   708   716   641   738   659   672   650   645   643
     634   619   697   691   684   691   700   628   627   685   611
     677   613   615   677   678   674   628   610   675   683   617
     677   679   604   667   679   678   677   616   675   683   611
     614   669   605   674   681   615   679   679   616   609   673
     671   671   685   612   607   683]]

 [[    2     2     2     2     2     2     2     2     2     2     2
       2     2     2     2     2     2     2     2     2     2     2
       2     2     2     2     2     2     2     2     2     2     2
       2     2     2     2     2     2     2     2     2     2     2
       2     3     2     3     2     2     2     2     2     3     2
       3     3     3     3     3     3]
  [  385   623   552   574   619   552   525   518   622   564   540
     555   550   558   621   542   612   553   573   564   579   627
     580   670   612   657   603   650   734   628   637   605   645
     635   606   584   602   611   650   745   632   690   681   637
     691 60021   641 60020   633   634   632   602   620 60022   589
   60031 60018 60018 60019 60021 60025]]

 [[    2     2     2     2     2     2     2     2     2     2     2
       2     2     2     2     2     2     2     2     2     2     2
       2     2     2     2     2     2     2     2     2     2     2
       2     2     2     2     2     2     2     2     2     2     2
       2     2     2     2     2     2     2     2     2     2     3
       3     3     3     3     3     3]
  [  385   494   491   495   496   564   515   513   493   528   540
     574   564   546   637   629   664   673   705   682   677   685
     705   673   699   731   679   697   671   722   746   763   758
     693   681   719   727   703   660   743   706   748   682   699
     709   746   744   718   708   717   745   713   716   835 60019
   60027 60026 60029 60019 60041 60020]]]
unstable
 
 err: 
done running mariposa 190.6
Bisecting: 261 revisions left to test after this (roughly 8 steps)
[6e637348826f0725ba8a01c455448023ca2889e4] Merge pull request #2368 from waywardmonkeys/fix-typo
running python3 /home/yizhou7/mariposa/scripts/z3-bisect.py /home/yizhou7/mariposa/data/bisect_tasks/d_lvbkv_z3_clean--lib-Buckets-PackedKV.i.dfy.CheckWellformed__DynamicPkv.__default.PKVISeq.txt
building z3
done building z3 3.1
running mariposa
res: 1 
 out: [[[    2     2     2     2     2     2     2     2     2     2     2
       2     2     2     2     2     2     2     2     2     2     2
       2     2     2     2     2     2     2     2     2     2     2
       2     2     2     2     2     2     2     2     2     2     2
       2     2     2     2     2     2     2     2     2     2     2
       2     2     2     2     2     2]
  [  344   548   564   559   545   575   556   556   554   551   560
     550   556   556   566   564   562   555   544   543   556   546
     554   538   537   549   554   549   546   539   544   549   524
     538   545   534   543   545   535   532   525   542   541   535
     525   541   530   540   538   534   540   541   534   529   541
     540   542   536   532   524   536]]

 [[    2     2     2     2     2     2     2     2     2     2     2
       2     2     2     2     2     2     2     2     2     2     2
       2     2     2     2     2     2     2     2     2     2     2
       2     2     2     2     2     2     2     2     2     2     2
       2     2     2     2     2     2     2     2     2     2     2
       2     2     3     3     3     3]
  [  344   731   653   608   717   703   618   637   721   624   640
     699   604   589   556   561   591   559   577   551   578   572
     622   605   589   574   569   542   538   556   538   595   635
     531   596   566   579   589   545   573   556   554   556   555
     576   581   625   580   596   639   561   560   557   537   554
     587   644 60021 60022 60018 60024]]

 [[    2     2     2     2     2     2     2     2     2     2     2
       2     2     2     2     2     2     2     2     2     2     2
       2     2     2     2     2     2     2     2     2     2     2
       2     2     2     2     2     2     2     2     2     2     2
       2     2     2     2     2     2     2     2     2     2     2
       3     3     3     3     3     3]
  [  344   482   484   504   522   519   535   493   490   493   512
     498   591   486   485   493   515   493   605   480   492   505
     502   565   538   561   527   519   536   543   607   627   598
     596   610   678   693   698   809   763   721   771   799   747
     757   805   756   730   792   745   812   760   764   766 15328
   60018 60017 60016 60019 60019 60023]]]
unstable
 
 err: 
done running mariposa 136.4
Bisecting: 130 revisions left to test after this (roughly 7 steps)
[9b4f327e29de8eadd112e53af5a8fb9f430fabf7] set upload mode to replace
running python3 /home/yizhou7/mariposa/scripts/z3-bisect.py /home/yizhou7/mariposa/data/bisect_tasks/d_lvbkv_z3_clean--lib-Buckets-PackedKV.i.dfy.CheckWellformed__DynamicPkv.__default.PKVISeq.txt
building z3
done building z3 3.1
running mariposa
res: 0 
 out: [[[  2   2   2   2   2   2   2   2   2   2   2   2   2   2   2   2   2
     2   2   2   2   2   2   2   2   2   2   2   2   2   2   2   2   2
     2   2   2   2   2   2   2   2   2   2   2   2   2   2   2   2   2
     2   2   2   2   2   2   2   2   2   2]
  [353 420 424 427 429 430 432 421 428 425 425 431 429 430 421 431 428
   424 428 429 430 423 426 429 428 427 430 430 422 427 425 428 433 430
   432 422 428 427 426 434 431 431 423 429 427 427 434 429 430 422 430
   427 428 435 431 430 409 411 411 406 402]]

 [[  2   2   2   2   2   2   2   2   2   2   2   2   2   2   2   2   2
     2   2   2   2   2   2   2   2   2   2   2   2   2   2   2   2   2
     2   2   2   2   2   2   2   2   2   2   2   2   2   2   2   2   2
     2   2   2   2   2   2   2   2   2   2]
  [353 440 435 440 442 438 440 438 436 436 436 435 438 434 437 437 438
   430 429 436 434 438 437 438 435 436 433 446 435 436 437 441 434 433
   428 435 439 436 431 425 435 430 433 437 439 439 425 434 435 435 441
   435 438 433 433 439 433 437 436 438 432]]

 [[  2   2   2   2   2   2   2   2   2   2   2   2   2   2   2   2   2
     2   2   2   2   2   2   2   2   2   2   2   2   2   2   2   2   2
     2   2   2   2   2   2   2   2   2   2   2   2   2   2   2   2   2
     2   2   2   2   2   2   2   2   2   2]
  [353 496 507 501 506 491 500 499 488 480 500 483 498 509 506 501 494
   495 495 479 483 492 487 498 475 481 499 507 484 510 494 499 481 492
   486 502 514 493 491 481 493 496 490 494 488 492 495 486 482 477 487
   479 482 493 499 481 491 471 487 491 473]]]
stable
 
 err: 
done running mariposa 21.4
Bisecting: 65 revisions left to test after this (roughly 6 steps)
[42ac3a536369a7d4a7eafa1fa15b571b146ba594] merge with csp
running python3 /home/yizhou7/mariposa/scripts/z3-bisect.py /home/yizhou7/mariposa/data/bisect_tasks/d_lvbkv_z3_clean--lib-Buckets-PackedKV.i.dfy.CheckWellformed__DynamicPkv.__default.PKVISeq.txt
building z3
done building z3 3.1
running mariposa
res: 0 
 out: [[[  2   2   2   2   2   2   2   2   2   2   2   2   2   2   2   2   2
     2   2   2   2   2   2   2   2   2   2   2   2   2   2   2   2   2
     2   2   2   2   2   2   2   2   2   2   2   2   2   2   2   2   2
     2   2   2   2   2   2   2   2   2   2]
  [352 426 429 427 432 430 433 426 426 428 425 431 433 432 432 427 426
   426 430 431 430 428 425 425 426 428 435 433 429 426 429 427 430 432
   432 430 425 428 427 429 435 432 430 426 427 426 429 436 435 428 427
   426 424 428 431 430 418 419 407 411 388]]

 [[  2   2   2   2   2   2   2   2   2   2   2   2   2   2   2   2   2
     2   2   2   2   2   2   2   2   2   2   2   2   2   2   2   2   2
     2   2   2   2   2   2   2   2   2   2   2   2   2   2   2   2   2
     2   2   2   2   2   2   2   2   2   2]
  [352 436 438 435 435 434 434 436 435 435 440 431 435 427 434 441 436
   432 423 435 430 435 436 439 436 436 432 433 433 436 439 439 430 433
   434 425 434 436 429 425 431 424 434 437 436 438 424 437 431 435 435
   439 440 434 429 432 431 438 439 441 432]]

 [[  2   2   2   2   2   2   2   2   2   2   2   2   2   2   2   2   2
     2   2   2   2   2   2   2   2   2   2   2   2   2   2   2   2   2
     2   2   2   2   2   2   2   2   2   2   2   2   2   2   2   2   2
     2   2   2   2   2   2   2   2   2   2]
  [352 499 511 496 500 500 494 500 474 493 482 478 510 499 513 498 494
   493 484 491 481 494 477 491 477 480 501 497 488 495 490 499 486 487
   484 500 503 481 492 475 500 492 490 483 481 491 491 479 470 482 477
   477 482 493 490 493 486 485 470 484 471]]]
stable
 
 err: 
done running mariposa 21.3
Bisecting: 32 revisions left to test after this (roughly 5 steps)
[b4290d4b3d7c021965e9ce7ee636caac0f9cac74] python regression
running python3 /home/yizhou7/mariposa/scripts/z3-bisect.py /home/yizhou7/mariposa/data/bisect_tasks/d_lvbkv_z3_clean--lib-Buckets-PackedKV.i.dfy.CheckWellformed__DynamicPkv.__default.PKVISeq.txt
building z3
done building z3 3.1
running mariposa
res: 1 
 out: [[[    2     2     2     2     2     2     2     2     2     2     2
       2     2     2     2     2     2     2     2     2     2     2
       2     2     2     2     2     2     2     2     2     2     2
       2     2     2     2     2     2     2     2     2     2     2
       2     2     2     2     2     2     2     2     2     2     2
       2     2     2     2     2     2]
  [  344   581   569   592   560   584   581   595   590   593   594
     574   607   574   561   565   556   565   546   547   563   546
     541   536   530   538   529   517   513   509   522   515   509
     520   521   508   520   518   524   520   509   522   525   508
     510   514   510   507   506   493   511   504   482   483   490
     487   487   492   469   462   478]]

 [[    2     2     2     2     2     2     2     2     2     2     2
       2     2     2     2     2     2     2     2     2     2     2
       2     2     2     2     2     2     2     2     2     2     2
       2     2     2     2     2     2     2     2     2     2     2
       2     2     2     2     2     3     2     2     2     2     2
       3     3     3     3     3     3]
  [  344   590   614   648   585   554   551   594   578   555   559
     543   569   556   526   558   539   545   540   524   527   550
     557   547   609   528   525   516   514   511   573   533   529
     546   589   582   594   581   571   660   577   579   591   620
     606   638   651   647   620 60031   607   593   602   592   602
   60020 60040 60021 60033 60029 60021]]

 [[    2     2     2     2     2     2     2     2     2     2     2
       2     2     2     2     2     2     2     2     2     2     2
       2     2     2     2     2     2     2     2     2     2     2
       2     2     2     2     2     2     2     2     2     2     2
       2     2     2     2     2     2     2     2     2     2     2
       3     3     3     3     3     3]
  [  344   507   477   484   490   485   496   495   477   474   470
     492   502   528   516   611   515   542   565   570   575   592
     569   589   566   583   628   657   654   636   622   647   696
     657   670   713   724   718   737   711   732   738 28061   710
     772   694   753   709   693   718   716   724   700   693   695
   60019 60031 60037 60020 60020 60018]]]
unstable
 
 err: 
done running mariposa 145.0
Bisecting: 16 revisions left to test after this (roughly 4 steps)
[0f7ff2a3d016ce6cc0dcc2654a6aa0187bc55192] swap
running python3 /home/yizhou7/mariposa/scripts/z3-bisect.py /home/yizhou7/mariposa/data/bisect_tasks/d_lvbkv_z3_clean--lib-Buckets-PackedKV.i.dfy.CheckWellformed__DynamicPkv.__default.PKVISeq.txt
building z3
done building z3 3.1
running mariposa
res: 0 
 out: [[[  2   2   2   2   2   2   2   2   2   2   2   2   2   2   2   2   2
     2   2   2   2   2   2   2   2   2   2   2   2   2   2   2   2   2
     2   2   2   2   2   2   2   2   2   2   2   2   2   2   2   2   2
     2   2   2   2   2   2   2   2   2   2]
  [343 415 416 415 416 417 419 414 414 415 420 417 417 419 416 416 418
   417 416 417 418 415 415 416 413 418 425 418 414 415 415 416 416 419
   423 416 416 416 416 415 420 423 418 417 416 417 419 417 417 419 422
   417 415 416 419 420 404 404 405 399 388]]

 [[  2   2   2   2   2   2   2   2   2   2   2   2   2   2   2   2   2
     2   2   2   2   2   2   2   2   2   2   2   2   2   2   2   2   2
     2   2   2   2   2   2   2   2   2   2   2   2   2   2   2   2   2
     2   2   2   2   2   2   2   2   2   2]
  [343 430 432 429 422 425 425 424 430 426 425 420 428 428 423 430 428
   425 423 422 426 426 423 430 423 423 425 424 426 424 428 428 427 428
   423 423 423 427 425 422 423 427 423 424 427 426 424 422 426 424 423
   423 426 421 424 422 421 426 425 428 419]]

 [[  2   2   2   2   2   2   2   2   2   2   2   2   2   2   2   2   2
     2   2   2   2   2   2   2   2   2   2   2   2   2   2   2   2   2
     2   2   2   2   2   2   2   2   2   2   2   2   2   2   2   2   2
     2   2   2   2   2   2   2   2   2   2]
  [343 480 489 487 484 483 486 497 471 474 485 489 479 484 481 478 479
   477 487 488 480 484 476 479 476 490 485 485 482 479 482 490 475 478
   483 485 478 478 480 475 483 478 484 479 477 481 476 488 480 475 475
   468 482 485 478 487 477 473 468 474 468]]]
stable
 
 err: 
done running mariposa 21.0
Bisecting: 7 revisions left to test after this (roughly 3 steps)
[89e8a1392c992a6c37b8c5320b9e4b9b506bd4a1] na
running python3 /home/yizhou7/mariposa/scripts/z3-bisect.py /home/yizhou7/mariposa/data/bisect_tasks/d_lvbkv_z3_clean--lib-Buckets-PackedKV.i.dfy.CheckWellformed__DynamicPkv.__default.PKVISeq.txt
building z3
done building z3 3.1
running mariposa
res: 1 
 out: [[[    2     2     2     2     2     2     2     2     2     2     2
       2     2     2     2     2     2     2     2     2     2     2
       2     2     2     2     2     2     2     2     2     2     2
       2     2     2     2     2     2     2     2     2     2     2
       2     2     2     2     2     2     2     2     2     2     2
       2     2     2     2     2     2]
  [  348   579   587   575   581   581   565   557   574   573   593
     570   605   579   606   585   560   560   547   552   556   540
     555   553   529   536   544   524   512   511   525   526   511
     522   522   515   521   525   521   521   510   533   522   509
     513   523   509   514   515   498   515   511   494   490   492
     502   496   493   479   479   476]]

 [[    2     2     2     2     2     2     2     2     2     2     2
       2     2     2     2     2     2     2     2     2     2     2
       2     2     2     2     2     2     2     2     2     2     2
       2     2     2     2     2     2     2     2     2     2     2
       2     2     2     2     2     3     2     2     2     2     2
       3     3     3     3     3     3]
  [  348   605   591   649   569   569   565   592   578   567   570
     530   557   556   532   563   534   545   532   538   545   548
     559   550   605   527   527   522   512   511   570   534   526
     544   588   583   590   582   573   666   577   575   593   624
     608   648   646   634   618 60031   613   608   581   578   585
   60019 60041 60020 60034 60029 60023]]

 [[    2     2     2     2     2     2     2     2     2     2     2
       2     2     2     2     2     2     2     2     2     2     2
       2     2     2     2     2     2     2     2     2     2     2
       2     2     2     2     2     2     2     2     2     2     2
       2     2     2     2     2     2     2     2     2     2     2
       3     3     3     3     3     3]
  [  348   489   485   488   490   483   495   512   479   477   474
     498   493   526   518   612   524   541   560   567   567   600
     554   572   546   573   631   648   651   638   620   651   692
     655   672   715   735   719   738   714   737   748 26786   667
     755   722   763   706   692   710   696   712   676   691   708
   60019 60033 60036 60019 60019 60019]]]
unstable
 
 err: 
done running mariposa 145.0
Bisecting: 4 revisions left to test after this (roughly 2 steps)
[1827f98851e1866187abe743afd2d80bc786412f] more fixes for mutexes in shell
running python3 /home/yizhou7/mariposa/scripts/z3-bisect.py /home/yizhou7/mariposa/data/bisect_tasks/d_lvbkv_z3_clean--lib-Buckets-PackedKV.i.dfy.CheckWellformed__DynamicPkv.__default.PKVISeq.txt
building z3
done building z3 3.0
running mariposa
res: 0 
 out: [[[  2   2   2   2   2   2   2   2   2   2   2   2   2   2   2   2   2
     2   2   2   2   2   2   2   2   2   2   2   2   2   2   2   2   2
     2   2   2   2   2   2   2   2   2   2   2   2   2   2   2   2   2
     2   2   2   2   2   2   2   2   2   2]
  [346 413 413 418 418 418 420 412 413 415 420 422 424 417 413 416 415
   421 421 420 418 416 415 414 415 421 423 418 417 413 413 414 423 427
   419 413 414 412 413 420 426 422 414 413 412 413 424 421 420 413 413
   413 415 421 422 420 404 401 400 398 386]]

 [[  2   2   2   2   2   2   2   2   2   2   2   2   2   2   2   2   2
     2   2   2   2   2   2   2   2   2   2   2   2   2   2   2   2   2
     2   2   2   2   2   2   2   2   2   2   2   2   2   2   2   2   2
     2   2   2   2   2   2   2   2   2   2]
  [346 425 429 429 425 426 426 424 431 426 425 425 424 424 422 429 427
   424 424 423 426 425 425 426 422 424 424 428 425 426 427 425 425 419
   425 424 426 425 425 426 421 423 425 424 423 428 427 423 422 426 424
   422 426 422 423 423 424 424 423 427 422]]

 [[  2   2   2   2   2   2   2   2   2   2   2   2   2   2   2   2   2
     2   2   2   2   2   2   2   2   2   2   2   2   2   2   2   2   2
     2   2   2   2   2   2   2   2   2   2   2   2   2   2   2   2   2
     2   2   2   2   2   2   2   2   2   2]
  [346 490 482 490 487 479 494 487 481 479 479 481 485 488 489 484 476
   481 484 480 485 485 481 480 478 490 484 483 480 490 488 495 475 486
   480 483 503 485 474 486 478 488 486 482 482 482 486 477 480 478 486
   477 477 484 483 484 479 479 472 477 471]]]
stable
 
 err: 
done running mariposa 21.1
Bisecting: 1 revision left to test after this (roughly 1 step)
[5177cc4a9a58df192c6a844ca13abf7e7cd3be15] change lt
running python3 /home/yizhou7/mariposa/scripts/z3-bisect.py /home/yizhou7/mariposa/data/bisect_tasks/d_lvbkv_z3_clean--lib-Buckets-PackedKV.i.dfy.CheckWellformed__DynamicPkv.__default.PKVISeq.txt
building z3
done building z3 3.1
running mariposa
res: 1 
 out: [[[    2     2     2     2     2     2     2     2     2     2     2
       2     2     2     2     2     2     2     2     2     2     2
       2     2     2     2     2     2     2     2     2     2     2
       2     2     2     2     2     2     2     2     2     2     2
       2     2     2     2     2     2     2     2     2     2     2
       2     2     2     2     2     2]
  [  347   577   583   588   573   578   571   593   585   588   592
     577   606   569   562   559   566   556   550   574   559   554
     546   529   531   535   527   525   507   506   522   520   511
     518   523   512   521   523   523   520   519   519   525   514
     515   517   501   511   499   509   507   503   483   485   491
     491   491   501   472   466   479]]

 [[    2     2     2     2     2     2     2     2     2     2     2
       2     2     2     2     2     2     2     2     2     2     2
       2     2     2     2     2     2     2     2     2     2     2
       2     2     2     2     2     2     2     2     2     2     2
       2     2     2     2     2     3     2     2     2     2     2
       3     3     3     3     3     3]
  [  347   602   604   656   584   562   558   597   583   549   555
     574   551   550   523   551   538   548   544   542   547   544
     561   555   616   540   533   522   510   509   572   532   529
     555   593   597   592   586   573   653   579   585   590   617
     604   648   672   654   625 60032   617   593   600   593   603
   60020 60043 60021 60032 60027 60021]]

 [[    2     2     2     2     2     2     2     2     2     2     2
       2     2     2     2     2     2     2     2     2     2     2
       2     2     2     2     2     2     2     2     2     2     2
       2     2     2     2     2     2     2     2     2     2     2
       2     2     2     2     2     2     2     2     2     2     2
       3     3     3     3     3     3]
  [  347   508   486   483   484   495   491   497   476   482   469
     506   495   543   522   515   539   613   551   574   594   564
     552   584   559   574   617   651   643   628   609   641   678
     655   670   709   739   731   743   717   744   745 27965   698
     771   701   731   700   697   725   703   744   695   673   701
   60019 60033 60038 60019 60020 60019]]]
unstable
 
 err: 
done running mariposa 145.1
Bisecting: 0 revisions left to test after this (roughly 1 step)
[7c9d2e0d75757ed6aa535f72c7dec70d5a527fed] pydoc test
running python3 /home/yizhou7/mariposa/scripts/z3-bisect.py /home/yizhou7/mariposa/data/bisect_tasks/d_lvbkv_z3_clean--lib-Buckets-PackedKV.i.dfy.CheckWellformed__DynamicPkv.__default.PKVISeq.txt
building z3
done building z3 3.1
running mariposa
res: 0 
 out: [[[  2   2   2   2   2   2   2   2   2   2   2   2   2   2   2   2   2
     2   2   2   2   2   2   2   2   2   2   2   2   2   2   2   2   2
     2   2   2   2   2   2   2   2   2   2   2   2   2   2   2   2   2
     2   2   2   2   2   2   2   2   2   2]
  [344 413 416 415 422 420 418 414 414 416 418 418 421 417 414 415 416
   412 418 417 418 415 416 417 414 419 422 418 414 416 418 412 418 419
   417 413 417 415 421 417 418 418 415 416 415 415 419 417 417 412 414
   416 414 416 420 417 400 403 400 395 393]]

 [[  2   2   2   2   2   2   2   2   2   2   2   2   2   2   2   2   2
     2   2   2   2   2   2   2   2   2   2   2   2   2   2   2   2   2
     2   2   2   2   2   2   2   2   2   2   2   2   2   2   2   2   2
     2   2   2   2   2   2   2   2   2   2]
  [344 424 426 423 427 424 423 425 429 425 423 426 425 425 424 427 428
   423 423 424 424 424 429 428 421 422 424 424 423 425 426 427 427 422
   426 420 425 425 424 424 426 425 422 426 429 426 422 422 446 427 423
   422 424 423 426 425 427 428 422 425 422]]

 [[  2   2   2   2   2   2   2   2   2   2   2   2   2   2   2   2   2
     2   2   2   2   2   2   2   2   2   2   2   2   2   2   2   2   2
     2   2   2   2   2   2   2   2   2   2   2   2   2   2   2   2   2
     2   2   2   2   2   2   2   2   2   2]
  [344 480 483 483 483 484 488 490 473 474 478 488 478 481 485 478 478
   476 483 481 480 485 475 477 473 490 487 486 478 481 477 489 477 480
   478 480 480 481 479 468 480 478 481 477 478 478 484 475 472 483 478
   472 476 477 478 476 484 483 471 473 474]]]
stable
 
 err: 
done running mariposa 21.0
5177cc4a9a58df192c6a844ca13abf7e7cd3be15 is the first bad commit
commit 5177cc4a9a58df192c6a844ca13abf7e7cd3be15
Author: Nikolaj Bjorner <nbjorner@microsoft.com>
Date:   Fri Jun 21 09:08:20 2019 +0200

    change lt
    
    Signed-off-by: Nikolaj Bjorner <nbjorner@microsoft.com>

 src/ast/ast_lt.h                   | 4 ++++
 src/ast/rewriter/bool_rewriter.cpp | 6 ++++--
 2 files changed, 8 insertions(+), 2 deletions(-)
bisect run success
git bisect start
# good: [e79542cc689d52ec4cb34ce4ae3fbe56e7a0bf70] fix #2309
git bisect good e79542cc689d52ec4cb34ce4ae3fbe56e7a0bf70
# bad: [ad55a1f1c617a7f0c3dd735c0780fc758424c7f1] Update release.yml for Azure Pipelines
git bisect bad ad55a1f1c617a7f0c3dd735c0780fc758424c7f1
# skip: [e2702f3ae88f5c48a55f4473bb5c29184c182634] fixes in assigning constraints to intervals
git bisect skip e2702f3ae88f5c48a55f4473bb5c29184c182634
# skip: [1915812f84cf41a5f232eedf2a695a54d055aa88] add a test for intervals
git bisect skip 1915812f84cf41a5f232eedf2a695a54d055aa88
# bad: [8faf35e2e0c8fce99794e71bd3b5de74b95ceb5a] fix #3735
git bisect bad 8faf35e2e0c8fce99794e71bd3b5de74b95ceb5a
# skip: [d1a5635b4ad7f8632356b380f3a9b1fc83fdb04f] better model based lemmaas
git bisect skip d1a5635b4ad7f8632356b380f3a9b1fc83fdb04f
# skip: [0a86bd14f792ef5fadb8eeb346729a612f7e1588] start on test nla
git bisect skip 0a86bd14f792ef5fadb8eeb346729a612f7e1588
# bad: [f7747d9e76bd685a02ce5c5fbda91fc356856b5e] fix parameter collection for tactic-based solvers reported in #3065
git bisect bad f7747d9e76bd685a02ce5c5fbda91fc356856b5e
# skip: [0644194fc96a853df44c37f9e4522796aa40add8] work on lemma from product to factors, and some renaming
git bisect skip 0644194fc96a853df44c37f9e4522796aa40add8
# bad: [0321312c8db1d3f0edbd23e6e48884fbb7d77d1d] Changed to get_const_interp to match Java and C# bindings
git bisect bad 0321312c8db1d3f0edbd23e6e48884fbb7d77d1d
# bad: [6e637348826f0725ba8a01c455448023ca2889e4] Merge pull request #2368 from waywardmonkeys/fix-typo
git bisect bad 6e637348826f0725ba8a01c455448023ca2889e4
# good: [9b4f327e29de8eadd112e53af5a8fb9f430fabf7] set upload mode to replace
git bisect good 9b4f327e29de8eadd112e53af5a8fb9f430fabf7
# good: [42ac3a536369a7d4a7eafa1fa15b571b146ba594] merge with csp
git bisect good 42ac3a536369a7d4a7eafa1fa15b571b146ba594
# bad: [b4290d4b3d7c021965e9ce7ee636caac0f9cac74] python regression
git bisect bad b4290d4b3d7c021965e9ce7ee636caac0f9cac74
# good: [0f7ff2a3d016ce6cc0dcc2654a6aa0187bc55192] swap
git bisect good 0f7ff2a3d016ce6cc0dcc2654a6aa0187bc55192
# bad: [89e8a1392c992a6c37b8c5320b9e4b9b506bd4a1] na
git bisect bad 89e8a1392c992a6c37b8c5320b9e4b9b506bd4a1
# good: [1827f98851e1866187abe743afd2d80bc786412f] more fixes for mutexes in shell
git bisect good 1827f98851e1866187abe743afd2d80bc786412f
# bad: [5177cc4a9a58df192c6a844ca13abf7e7cd3be15] change lt
git bisect bad 5177cc4a9a58df192c6a844ca13abf7e7cd3be15
# good: [7c9d2e0d75757ed6aa535f72c7dec70d5a527fed] pydoc test
git bisect good 7c9d2e0d75757ed6aa535f72c7dec70d5a527fed
# first bad commit: [5177cc4a9a58df192c6a844ca13abf7e7cd3be15] change lt
