running python3 /home/yizhou7/mariposa/scripts/z3-bisect.py /home/yizhou7/mariposa/data/bisect_tasks/d_lvbkv_z3_clean--lib-Marshalling-GenericMarshalling.i.dfy.Impl__GenericMarshalling.__default.MarshallArrayContents.txt
building z3
Bisecting: 1453 revisions left to test after this (roughly 11 steps)
[1915812f84cf41a5f232eedf2a695a54d055aa88] add a test for intervals
running python3 /home/yizhou7/mariposa/scripts/z3-bisect.py /home/yizhou7/mariposa/data/bisect_tasks/d_lvbkv_z3_clean--lib-Marshalling-GenericMarshalling.i.dfy.Impl__GenericMarshalling.__default.MarshallArrayContents.txt
building z3
Bisecting: 1453 revisions left to test after this (roughly 11 steps)
[8faf35e2e0c8fce99794e71bd3b5de74b95ceb5a] fix #3735
running python3 /home/yizhou7/mariposa/scripts/z3-bisect.py /home/yizhou7/mariposa/data/bisect_tasks/d_lvbkv_z3_clean--lib-Marshalling-GenericMarshalling.i.dfy.Impl__GenericMarshalling.__default.MarshallArrayContents.txt
building z3
done building z3 3.2
running mariposa
res: 1 
 out: [[[   2    4    2    2    2    2    2    2    2    2    2    2    2    2
      2    2    2    2    4    2    2    2    2    4    2    2    2    2
      2    2    2    4    2    2    4    2    2    2    2    4    2    2
      2    2    2    2    2    2    2    2    4    2    2    2    2    2
      2    4    2    2    2]
  [ 795  692 1348  905 1029 1206 1130 1223 1615 1512 1485 1168 1670 1253
   1346 1796 1360 1635 1102 1568 1486 1424 1255 1024 1570 1055 1307 1389
    860 1120 1328  673 1599 1712  855 2120 1648 1481 1037  943 1155 1063
   1229 1421 1813 1143 1252 1371 1476 1266 1253 1458 1076 1033 1256 1147
   1931  659  908  865  960]]

 [[   2    2    2    2    2    4    4    2    2    2    2    2    4    2
      2    2    2    2    2    2    2    4    2    2    2    2    2    2
      2    4    2    2    2    2    2    2    4    2    4    2    4    2
      2    2    2    2    2    2    2    2    2    2    2    2    2    2
      2    2    2    2    2]
  [ 795 1502 1480 1301 1396  806  696 1335 1071 1282 1523 1252 1407 1055
   1489 1209 1210 1619 1180 1279 1201  802 1427  941  945 1111 1736 1070
   1279  808  883 1746 1086 1113 1923 1103  710  908 1022 1134 1003  883
   1536 1411 1446 2055 1514  981 1216 1113 1500 1128 1427 1499 1987 1169
   1006 1202 1198 1221 1275]]

 [[   2    2    4    2    2    2    2    4    2    2    2    2    2    2
      2    2    2    2    2    2    2    2    2    2    2    4    4    2
      2    2    2    2    2    2    2    2    2    2    2    2    2    2
      2    2    2    2    2    4    2    2    2    2    2    2    2    2
      2    2    2    2    2]
  [ 795  881 1189 1424 1465 1548 1585  645 1981 1107 1320 1207 1609 2048
   1932 1127 2147 1338 1733 1634 1218 1264 2320 2402 2199  731 1011 1969
   1615 1491 1143 1239 1099 2105 1904 1350 1906 1471 1151 1743 2013 1343
   2194 2038 1392 1050 1322 1480 1369 1531 1314 1070 1472  784 1608 1300
   1704 1905 1428 2182 1742]]]
unstable
 
 err: 
done running mariposa 39.8
Bisecting: 1254 revisions left to test after this (roughly 10 steps)
[d1a5635b4ad7f8632356b380f3a9b1fc83fdb04f] better model based lemmaas
running python3 /home/yizhou7/mariposa/scripts/z3-bisect.py /home/yizhou7/mariposa/data/bisect_tasks/d_lvbkv_z3_clean--lib-Marshalling-GenericMarshalling.i.dfy.Impl__GenericMarshalling.__default.MarshallArrayContents.txt
building z3
Bisecting: 1254 revisions left to test after this (roughly 10 steps)
[0a86bd14f792ef5fadb8eeb346729a612f7e1588] start on test nla
running python3 /home/yizhou7/mariposa/scripts/z3-bisect.py /home/yizhou7/mariposa/data/bisect_tasks/d_lvbkv_z3_clean--lib-Marshalling-GenericMarshalling.i.dfy.Impl__GenericMarshalling.__default.MarshallArrayContents.txt
building z3
Bisecting: 1254 revisions left to test after this (roughly 10 steps)
[f7747d9e76bd685a02ce5c5fbda91fc356856b5e] fix parameter collection for tactic-based solvers reported in #3065
running python3 /home/yizhou7/mariposa/scripts/z3-bisect.py /home/yizhou7/mariposa/data/bisect_tasks/d_lvbkv_z3_clean--lib-Marshalling-GenericMarshalling.i.dfy.Impl__GenericMarshalling.__default.MarshallArrayContents.txt
building z3
done building z3 3.2
running mariposa
res: 1 
 out: [[[    2     2     2     2     2     2     2     2     2     2     2
       2     2     2     4     2     2     2     2     2     2     2
       2     2     2     2     2     2     2     4     2     2     2
       2     2     4     2     2     4     2     2     2     2     2
       2     2     2     2     4     2     2     2     2     2     2
       2     4     2     2     2     3]
  [  794   912  1171  1400  1041  1324  1282  1431  1263  1501  1463
    1037  1430  1116  1207  1337  1219  1303  1431  1746  1501  1268
    1400  1505  1688  1488  1167  1293  1373   999  1271  1344  1436
    1561  1597   761  1335  1676  1134  1358  1488  1444  1387  1695
    1632  1502  1514  1671  1320  1534  1224  1353  1586  1139  1016
    1235   658  1132  1204  1394 60144]]

 [[    2     2     2     2     2     2     2     2     2     2     2
       2     2     2     2     2     2     2     2     2     2     2
       2     2     2     2     2     2     2     2     2     2     2
       2     2     2     2     2     4     2     4     4     2     2
       2     2     2     2     2     2     2     2     2     2     2
       2     2     2     2     4     2]
  [  794  1218  1347  1058  1175  1161  1847  1426  1164  1526  1411
    1554  1185  1190  1317  1579  1190  1669  1285  1379  1255  1123
     923  1488  1665  1214  1054  1103  1173  1327  1639  1274   925
    1115  1484  1145   811  1148   784  1284   995  1002  1367  1248
    2120  1813  1158  1904  1464  1208  1400  1074  1111  1161  1096
    1158  1158  1169  1088   760  1146]]

 [[    2     2     2     2     2     2     2     2     4     2     2
       2     2     2     2     2     2     2     2     2     2     2
       2     2     2     4     2     4     2     4     2     2     2
       2     2     2     4     2     4     4     2     2     2     2
       2     2     2     2     2     2     2     2     2     2     2
       2     2     2     2     2     2]
  [  794  1091  1433  1515  1549  1543  1718  1733   625  1085  1096
    1536  1629  1917  1733  2141  1239  1179  1509  1613  2603  1331
    1995  1437  1645   754  1551   690  1164   920  1559  1001  1017
    1697  1427  1388  1011  1333   991  1616  1880  1474  1986  1410
    3085  1305  2088  1372  1903  1968  1708  1329  1427   961  1614
    1349  1347  1379  2055  1460  1421]]]
unstable
 
 err: 
done running mariposa 92.8
Bisecting: 1034 revisions left to test after this (roughly 10 steps)
[0644194fc96a853df44c37f9e4522796aa40add8] work on lemma from product to factors, and some renaming
running python3 /home/yizhou7/mariposa/scripts/z3-bisect.py /home/yizhou7/mariposa/data/bisect_tasks/d_lvbkv_z3_clean--lib-Marshalling-GenericMarshalling.i.dfy.Impl__GenericMarshalling.__default.MarshallArrayContents.txt
building z3
Bisecting: 1034 revisions left to test after this (roughly 10 steps)
[0321312c8db1d3f0edbd23e6e48884fbb7d77d1d] Changed to get_const_interp to match Java and C# bindings
running python3 /home/yizhou7/mariposa/scripts/z3-bisect.py /home/yizhou7/mariposa/data/bisect_tasks/d_lvbkv_z3_clean--lib-Marshalling-GenericMarshalling.i.dfy.Impl__GenericMarshalling.__default.MarshallArrayContents.txt
building z3
done building z3 3.1
running mariposa
res: 1 
 out: [[[    4     4     2     4     2     2     2     2     2     2     2
       2     2     2     2     2     2     2     2     2     2     2
       2     2     2     2     2     2     2     4     2     2     2
       2     2     2     2     2     2     2     2     2     2     2
       2     4     2     2     4     2     2     2     2     2     2
       2     2     2     2     2     3]
  [  466   869  1309  1291  1713  1360  1919  1511  1549  1458  1437
    1408  1426  1615  1580  1447  1389  1697  1580  1177  1356  1097
    1256  1640  1374  1124  1992  1350  1425   766  1411  1325  1571
    1431  1469  1296  1615  1425  1862  1565  2187  2345  1905  1464
    1330  1272  1561  1709   649  1746  1941  1371  1823  1249  1251
    1274  1603  1365  1944  1849 60117]]

 [[    4     2     2     2     2     2     2     2     2     2     2
       2     2     2     2     2     2     2     2     2     2     2
       2     2     2     2     2     4     2     2     2     2     2
       4     2     2     2     2     4     2     4     2     2     2
       2     2     2     2     4     4     2     2     2     2     2
       4     2     2     2     2     3]
  [  466  1352  1242   952  1180  1230  1542  1638  1409  1599  1765
    1799  1494  1361  1633  1287  1262  1309  1050  1275  1524  1521
    1338  1454  1151  1507  1407  1016  1247  1251  1366  1139  1410
     636  1165  1226  1672  1569  1194  1573   878  1385  1502  1757
    1341  1036  1361  1592   513   526  1842  1662  1612  1573  1847
    1089  1896  2230  1552  1861 60114]]

 [[    4     2     2     2     2     2     2     2     4     2     4
       2     2     2     2     2     2     2     2     2     2     2
       2     4     4     2     2     2     4     2     2     2     2
       2     2     2     2     4     2     2     2     2     2     2
       2     2     2     2     2     2     2     2     2     2     2
       2     2     2     2     2     2]
  [  466  1492  1522  1554  1635  1637  1787  1785   579  1231  1211
    1528  1576  2026  1675  2416  1221  2013  1548  1279  1595  1687
    2102   840  1214  3202  1951  1712   919  1486  1205  1869  1199
    1507   858  1266  1378  1192  2125  1244  1655  1971  1702  1286
    1751  1892   987  1439  1960  1433  1278  1243  1359  1478  2549
    1475  1883  1679  1829  2786  2130]]]
unstable
 
 err: 
done running mariposa 98.0
Bisecting: 261 revisions left to test after this (roughly 8 steps)
[6e637348826f0725ba8a01c455448023ca2889e4] Merge pull request #2368 from waywardmonkeys/fix-typo
running python3 /home/yizhou7/mariposa/scripts/z3-bisect.py /home/yizhou7/mariposa/data/bisect_tasks/d_lvbkv_z3_clean--lib-Marshalling-GenericMarshalling.i.dfy.Impl__GenericMarshalling.__default.MarshallArrayContents.txt
building z3
done building z3 3.1
running mariposa
res: 1 
 out: [[[    2     2     2     4     2     2     2     2     2     2     2
       2     2     2     2     2     2     2     2     2     2     2
       2     2     2     2     2     2     2     2     2     2     2
       2     4     2     2     2     2     2     2     4     2     2
       2     2     2     2     2     2     2     2     2     2     2
       2     2     2     2     2     2]
  [  846  1528  1801   709  2378  1249  1807  1567  1292  1496  1326
    1287  1353  1309  1322  1343  1468  1395  1820  1616  1397  1886
    1815  2019  1168  2090  1622  1485  1641  1467  1821  1469  1671
    1749  1120  1734  2026  1586  1384  2317  4766   958  1335  1732
    1441  1564  2047  1352  1407  1716  1537  1232  1352  1514  1681
    2428  1456  1554  2343  1320  1728]]

 [[    2     2     2     2     4     2     2     2     2     2     2
       2     2     2     2     4     2     2     2     2     2     2
       2     2     2     2     2     2     2     4     2     2     2
       2     4     2     2     2     2     2     4     2     2     2
       2     4     2     2     2     2     2     4     2     2     2
       2     2     2     2     2     2]
  [  846  1213  1431  1264   822  1517  1178  1288  1756  1520  1138
    1555  1276  1359  1793   714  1559  1001  1101  1426  1346  1460
    1709   897  1265  1279  1724  2349  1261   937  1888   893  1468
     795   641  1338  1510  1068  1360  1475   788  1557  1720  1395
    1294  1200  1761  1764  1623  1667  1847   487  1509  1373  1959
    1421  2005  1252  1325  1468  1347]]

 [[    2     4     2     2     2     2     2     2     2     2     2
       2     2     2     2     2     2     2     2     4     2     2
       2     2     2     2     2     2     2     2     2     2     4
       2     2     2     2     2     2     2     2     2     2     2
       2     4     2     2     2     2     2     2     4     2     2
       2     2     2     2     2     3]
  [  846   926   939  1307  1455  1475  1485  1719  1542  1801  1400
    1595  1850  1806  1876  1774  1617  1504  2817   983  1734  3080
    1951  2324  1906  2034  1727  1515  2271  2430  2086  1497  1286
    1964  1813  1960  2865  2080  1532  1950  1454  2870  1676  1235
    2151   810  1978  1437  1307  1585  1895  1496   897  1882  1395
    2005  1803  2377  2081  1852 60045]]]
unstable
 
 err: 
done running mariposa 63.1
Bisecting: 130 revisions left to test after this (roughly 7 steps)
[9b4f327e29de8eadd112e53af5a8fb9f430fabf7] set upload mode to replace
running python3 /home/yizhou7/mariposa/scripts/z3-bisect.py /home/yizhou7/mariposa/data/bisect_tasks/d_lvbkv_z3_clean--lib-Marshalling-GenericMarshalling.i.dfy.Impl__GenericMarshalling.__default.MarshallArrayContents.txt
building z3
done building z3 3.1
running mariposa
res: 0 
 out: [[[   2    2    2    2    2    2    2    2    2    2    2    2    2    2
      2    2    2    2    2    2    2    2    2    2    2    2    2    2
      2    2    2    2    2    2    2    2    2    2    2    2    2    2
      2    2    2    2    2    2    2    2    2    2    2    2    2    2
      2    2    2    2    2]
  [ 904 1645 1792 1653 1355 1447 2092 1319 1548 1635 1235 1757 1292 2085
   1166 1164 1504 1456 1041 1471 1612 1941 1571 1074 1168 1135 1643 1498
   1082 1048 1308 1161 1759 1244 1431 1649 1432 1158 2295 1510 1565 1949
   1401 1485 1591 1028 1929 1488 1055  966 1194 1075 2010 1224 1495 1553
   1353 1583 1037 1203 1399]]

 [[   2    2    2    2    2    2    2    2    2    2    2    2    2    2
      2    2    2    2    2    2    2    2    2    2    2    2    2    2
      2    2    2    2    2    2    2    2    2    2    2    2    2    2
      2    2    2    2    2    2    2    2    2    2    2    2    2    2
      2    2    2    2    2]
  [ 904 1388 1419 1745 1532 1412 1703 1705 1421 1120 1415 1741 1429 1402
   1390 1406 1418 1424 1415 1540 1372 1405 1277 1415 1387 1424 1401 1414
   1427 1853 1416 1422 1434 1569 1441 1650 1666 1396 1426 1671 1877 1418
   1611 1429 1427 1415 1692 1404 1869 1416 1417 1419 1932 2119 1603 1673
   1437 1590 1977 1658 1424]]

 [[   2    2    4    2    2    2    2    2    2    2    2    2    2    2
      2    2    2    2    2    2    2    2    2    2    2    2    2    2
      2    2    2    2    2    2    2    2    2    2    2    2    2    2
      2    2    2    2    2    2    2    2    2    2    2    2    2    2
      2    2    2    2    2]
  [ 904 1119 1308 1333 1378 1497 1713 1781 1307 1587 1283 1518 1165 1600
   2208 1036 1129 1084 1402 1762 1188 1595 1325 1554 1665 1893 1399 1336
   1054 1716 1041 1489 1182 1170 1475 1178 1798 1688 1180 1541 1709 1251
   1771 1435 1091 1607 1975 1264 2072 1659 1500 1301 1496 1432 1472 1704
   1091 1431  879 1305 1268]]]
stable
 
 err: 
done running mariposa 42.8
Bisecting: 65 revisions left to test after this (roughly 6 steps)
[42ac3a536369a7d4a7eafa1fa15b571b146ba594] merge with csp
running python3 /home/yizhou7/mariposa/scripts/z3-bisect.py /home/yizhou7/mariposa/data/bisect_tasks/d_lvbkv_z3_clean--lib-Marshalling-GenericMarshalling.i.dfy.Impl__GenericMarshalling.__default.MarshallArrayContents.txt
building z3
done building z3 3.1
running mariposa
res: 0 
 out: [[[   2    2    2    2    2    2    2    2    2    2    2    2    2    2
      2    2    2    2    2    2    2    2    2    2    2    2    2    2
      2    2    2    2    2    2    2    2    2    2    2    2    2    2
      2    2    2    2    2    2    2    2    2    2    2    2    2    2
      2    2    2    2    2]
  [ 913 1775 1652 1641 1359 1471 2094 1309 1559 1624 1238 1761 1317 2103
   1161 1161 1513 1038 1447 1457 1620 1976 1596 1072 1173 1111 1624 1519
   1097 1056 1315 1134 1760 1415 1259 1139 1680 1441 2287 1514 1577 1943
   1414 1464 1587 1039 1957 1495 1064  957 1200 1063 2006 1233 1504 1551
   1570 1374 1059 1194 1415]]

 [[   2    2    2    2    2    2    2    2    2    2    2    2    2    2
      2    2    2    2    2    2    2    2    2    2    2    2    2    2
      2    2    2    2    2    2    2    2    2    2    2    2    2    2
      2    2    2    2    2    2    2    2    2    2    2    2    2    2
      2    2    2    2    2]
  [ 913 1386 1437 1525 1734 1427 1704 1711 1405 1115 1401 1430 1741 1404
   1391 1416 1426 1532 1465 1413 1349 1410 1324 1432 1393 1385 1455 1436
   1416 1819 1407 1432 1447 1578 1426 1673 1666 1406 1409 1655 1922 1431
   1421 1616 1439 1399 1670 1412 1907 1407 1417 1398 1950 2098 1605 1662
   1439 1597 1980 1670 1443]]

 [[   2    2    4    2    2    2    2    2    2    2    2    2    2    2
      2    2    2    2    2    2    2    2    2    2    2    2    2    2
      2    2    2    2    2    2    2    2    2    2    2    2    2    2
      2    2    2    2    2    2    2    2    2    2    2    2    2    2
      2    2    2    2    2]
  [ 913 1143 1300 1335 1377 1473 1703 1788 1308 1617 1292 1527 1171 1607
   2171 1049 1133 1090 1376 1767 1181 1599 1334 1582 1654 1895 1324 1382
   1061 1713 1046 1509 1171 1188 1449 1178 1787 1693 1190 1563 1703 1248
   1770 1447 1107 1610 1967 1250 2083 1667 1499 1310 1511 1440 1702 1464
   1092 1425  887 1300 1273]]]
stable
 
 err: 
done running mariposa 42.9
Bisecting: 32 revisions left to test after this (roughly 5 steps)
[b4290d4b3d7c021965e9ce7ee636caac0f9cac74] python regression
running python3 /home/yizhou7/mariposa/scripts/z3-bisect.py /home/yizhou7/mariposa/data/bisect_tasks/d_lvbkv_z3_clean--lib-Marshalling-GenericMarshalling.i.dfy.Impl__GenericMarshalling.__default.MarshallArrayContents.txt
building z3
done building z3 3.1
running mariposa
res: 125 
 out: [[[   2    2    2    2    2    2    2    2    2    2    2    2    2    2
      2    4    2    2    2    2    2    2    2    2    2    2    2    2
      2    2    2    2    2    2    2    4    2    2    2    2    2    2
      2    2    2    2    2    2    2    2    2    2    2    2    2    2
      2    2    2    2    2]
  [1516 1740 1977 1704 1819 1775 1678 1481 1638 1776 2223 2294 1862 2460
   1549  955 1281 1888 1240 1617 1521 1911 2097 1683 2246 1612 2038 1446
   1702 2056 1885 2053 1882 1561 1584  983 1326 2087 2551 2044 1950 2412
   2174 2040 1719 2253 1547 1754 2046 1877 2282 1682 2062 1902 1671 1622
   1744 1036 1737 1736 2197]]

 [[   2    2    2    2    2    2    2    2    2    4    2    2    2    2
      2    2    4    2    2    2    2    2    2    2    2    2    2    2
      2    2    2    2    2    2    2    2    2    2    2    2    2    2
      2    2    2    2    2    2    2    2    2    2    2    2    2    4
      2    4    2    2    2]
  [1516 1711 1488  969 1704 1645 2116 1299 1824  794 2344 2009 1847 1785
   1789 1671 1240 2170 1789 1743 1716 2101 1911 1626 2616 1814 2005 1937
   1930 1590 1596 1565 1775 2375 1571 1874 2318 2001 2192 1484 1569 2646
   2178 2480 1583 1756 1910 1872 2327 1636 1499 2212 1247 1485 1303  879
   1840  772 1558 2265 2532]]

 [[   2    2    2    2    2    2    2    4    2    2    2    2    2    2
      2    2    2    2    2    2    2    2    2    2    2    2    2    2
      2    2    2    2    2    4    2    2    2    2    2    2    2    2
      2    2    2    2    2    2    2    2    2    2    2    2    2    2
      2    2    2    2    2]
  [1516 1496 1661 1862 1862 1976 2050  892 2567 1804 1751 1775 2224 2105
   2298 3028 1690 1508 2083 2647 2340 1867 1610 2214 1739 3010 1294 1937
   1820 1848 1320 2698 1904 2777 1776 2239 2399 1604 1364 2661 2020 2371
   1550 1821 1446 2740 1675 1861 1748 3132 1911 1918 3257 2121 1848 1611
   1603 1577 1682 2377 2022]]]
inconclusive
 
 err: 
done running mariposa 54.3
Bisecting: 32 revisions left to test after this (roughly 5 steps)
[6e994f92794f72abdda28dcd7e9bebb7d6f0543e] temporarily disable delete
running python3 /home/yizhou7/mariposa/scripts/z3-bisect.py /home/yizhou7/mariposa/data/bisect_tasks/d_lvbkv_z3_clean--lib-Marshalling-GenericMarshalling.i.dfy.Impl__GenericMarshalling.__default.MarshallArrayContents.txt
building z3
done building z3 3.1
running mariposa
res: 125 
 out: [[[   2    2    2    2    2    2    2    2    2    2    2    2    2    2
      4    2    2    2    2    2    2    2    2    2    2    2    2    2
      2    2    2    2    2    2    2    4    2    2    2    2    2    2
      2    2    2    2    2    2    2    2    2    2    2    2    2    2
      2    2    2    2    2]
  [1545 1715 1973 1708 1827 1778 1656 1628 1499 2172 1790 2341 1831 2465
    955 1547 1282 1887 1219 1650 1521 1942 2088 1675 2231 1652 2020 1445
   1681 2084 1910 2041 1565 1853 1604  978 1337 2125 2560 2037 1959 2408
   2148 2042 1722 1538 2290 1774 2016 1887 1679 2278 2073 1671 1901 1616
   1772 1025 1716 1751 2186]]

 [[   2    2    2    2    2    2    2    2    2    4    2    2    2    2
      2    2    4    2    2    2    2    2    2    2    2    2    2    2
      2    2    2    2    2    2    2    2    2    2    2    2    2    2
      2    2    2    2    2    2    2    2    2    2    2    2    2    4
      2    4    2    2    2]
  [1545 1479 1702  974 1699 1647 2141 1297 1866  788 2292 1993 1835 1795
   1805 1710 1228 2172 1768 1739 1707 2089 1878 2676 2041 1800 1625 1937
   1905 1584 1601 1557 1794 1855 2355 1567 2342 1994 2197 1508 1549 2657
   2184 2468 1599 1761 1975 1843 2328 1634 2167 1488 1269 1491 1306  877
   1867  781 1526 2230 2553]]

 [[   2    2    2    2    2    2    2    4    2    2    2    2    2    2
      2    2    2    2    2    2    2    2    2    2    2    2    2    2
      2    2    2    2    4    2    2    2    2    2    2    2    2    2
      2    2    2    2    2    2    2    2    2    2    2    2    2    2
      2    2    2    2    2]
  [1545 1487 1684 1828 1860 1979 2053  891 2577 1823 1749 1781 2252 2120
   2246 3009 1685 1537 2059 2635 1873 2372 2186 1601 1716 1304 3069 1920
   1848 1850 1316 2645 2788 1906 1798 2382 2243 1603 1381 2661 2044 2348
   1551 1786 1449 2727 1694 1860 1728 3173 1915 3226 1919 2125 1837 1604
   1630 1588 1685 2410 1986]]]
inconclusive
 
 err: 
done running mariposa 54.3
Bisecting: 32 revisions left to test after this (roughly 5 steps)
[6d244ed2aa311d07e8c8aaca9051308d0107ce03] internalize reflect
running python3 /home/yizhou7/mariposa/scripts/z3-bisect.py /home/yizhou7/mariposa/data/bisect_tasks/d_lvbkv_z3_clean--lib-Marshalling-GenericMarshalling.i.dfy.Impl__GenericMarshalling.__default.MarshallArrayContents.txt
building z3
done building z3 3.3
running mariposa
res: 1 
 out: [[[    2     2     2     4     2     2     2     2     2     2     2
       2     2     2     2     2     2     2     2     2     2     2
       2     2     2     2     2     2     2     2     2     2     2
       2     4     2     2     2     2     2     2     4     2     2
       2     2     2     2     2     2     2     2     2     2     2
       2     2     2     2     2     2]
  [  849  1533  1774   714  2386  1233  1808  1498  1591  1318  1325
    1290  1324  1321  1333  1367  1440  1401  1840  1612  1419  1869
    1834  2027  1167  2089  1625  1469  1674  1477  1468  1848  1673
    1749  1127  1747  2020  1569  2318  1406  4715   961  1347  1754
    1434  1539  2089  1342  1405  1723  1542  1352  1248  1528  1695
    2407  1452  1567  2324  1341  1723]]

 [[    2     2     2     2     4     2     2     2     2     2     2
       2     2     2     4     2     2     2     2     2     2     2
       2     2     2     2     2     2     2     4     2     2     2
       2     4     2     2     2     2     2     4     2     2     2
       2     4     2     2     2     2     2     4     2     2     2
       2     2     2     2     2     2]
  [  849  1427  1216  1265   829  1512  1185  1309  1754  1484  1150
    1555  1359  1277   720  1794  1558  1007  1088  1424  1360  1456
    1734   881  1243  1266  1751  2366  1269   928  1882  1460   902
     800   649  1339  1509  1098  1329  1484   782  1384  1558  1737
    1317  1203  1725  1778  1639  1717  1840   471  1484  1403  1416
    1961  1971  1254  1323  1454  1379]]

 [[    2     4     2     2     2     2     2     2     2     2     2
       2     2     2     2     2     2     2     2     4     2     2
       2     2     2     2     2     2     2     2     2     2     2
       4     2     2     2     2     2     2     2     2     2     2
       2     4     2     2     2     2     2     2     4     2     2
       2     2     2     2     2     3]
  [  849   919   923  1311  1455  1458  1496  1744  1546  1823  1380
    1612  1851  1862  1803  1875  1602  1503  2810   988  1733  1952
    3083  2373  1885  2054  1702  1505  2285  2470  2113  1507  1970
    1300  1800  1951  2808  2071  1436  1848  1465  1685  2856  2125
    1281   808  1985  1449  1321  1590  1862  1477   904  1902  1373
    2046  1802  2357  2073  1867 60044]]]
unstable
 
 err: 
done running mariposa 63.1
Bisecting: 29 revisions left to test after this (roughly 5 steps)
[333b32b0d2c829e771f2e9c9d632f00632220b44] disable adding redundant ite clauses as lemma. Add as non-redundant
running python3 /home/yizhou7/mariposa/scripts/z3-bisect.py /home/yizhou7/mariposa/data/bisect_tasks/d_lvbkv_z3_clean--lib-Marshalling-GenericMarshalling.i.dfy.Impl__GenericMarshalling.__default.MarshallArrayContents.txt
building z3
done building z3 3.1
running mariposa
res: 125 
 out: [[[   2    2    2    2    2    2    2    2    2    2    2    2    2    2
      4    2    2    2    2    2    2    2    2    2    2    2    2    2
      2    2    2    2    2    2    2    4    2    2    2    2    2    2
      2    2    2    2    2    2    2    2    2    2    2    2    2    2
      2    2    2    2    2]
  [1521 1717 1979 1713 1826 1774 1668 1501 1642 2175 1815 2296 1842 2436
    943 1557 1306 1890 1254 1632 1539 1918 2081 1656 2228 1623 2062 1459
   1685 2098 1878 2050 1853 1570 1600  978 1334 2122 2554 2034 1966 2432
   2131 2044 1734 1532 2288 1779 2034 1874 1682 2066 2278 1907 1677 1619
   1746 1023 1738 1724 2198]]

 [[   2    2    2    2    2    2    2    2    2    4    2    2    2    2
      2    2    4    2    2    2    2    2    2    2    2    2    2    2
      2    2    2    2    2    2    2    2    2    2    2    2    2    2
      2    2    2    2    2    2    2    2    2    2    2    2    4    2
      2    4    2    2    2]
  [1521 1483 1700  966 1728 1652 2111 1297 1827  804 2296 2025 1846 1792
   1788 1680 1214 2198 1805 1739 1721 2098 1878 2647 1814 1627 2000 1938
   1955 1589 1537 1617 1783 1592 2360 1873 2290 1963 2232 1568 1490 2652
   2189 2477 1587 1749 1962 1838 2368 1628 2164 1500 1277 1495  880 1306
   1830  784 1526 2247 2524]]

 [[   2    2    2    2    2    2    2    4    2    2    2    2    2    2
      2    2    2    2    2    2    2    2    2    2    2    2    2    2
      2    2    2    2    2    4    2    2    2    2    2    2    2    2
      2    2    2    2    2    2    2    2    2    2    2    2    2    2
      2    2    2    2    2]
  [1521 1477 1683 1835 1849 1987 2052  892 2605 1796 1751 1780 2275 2129
   2266 3014 1700 1517 2070 2633 1881 2395 1632 2191 1716 3013 1307 1923
   1867 1850 1326 2649 1881 2832 1778 2388 2266 1610 1360 2682 2029 2388
   1568 1782 1460 2719 1694 1903 1713 3128 1946 3224 1929 2116 1858 1623
   1616 1593 1704 2377 1998]]]
inconclusive
 
 err: 
done running mariposa 54.3
Bisecting: 29 revisions left to test after this (roughly 5 steps)
[89e8a1392c992a6c37b8c5320b9e4b9b506bd4a1] na
running python3 /home/yizhou7/mariposa/scripts/z3-bisect.py /home/yizhou7/mariposa/data/bisect_tasks/d_lvbkv_z3_clean--lib-Marshalling-GenericMarshalling.i.dfy.Impl__GenericMarshalling.__default.MarshallArrayContents.txt
building z3
done building z3 3.1
running mariposa
res: 125 
 out: [[[   2    2    2    2    2    2    2    2    2    2    2    2    2    2
      4    2    2    2    2    2    2    2    2    2    2    2    2    2
      2    2    2    2    2    2    2    4    2    2    2    2    2    2
      2    2    2    2    2    2    2    2    2    2    2    2    2    2
      2    2    2    2    2]
  [1518 1707 2006 1692 1803 1771 1684 1496 1666 2162 1779 2287 1847 2442
    942 1564 1291 1922 1227 1613 1522 1907 2084 1680 2258 1614 2024 1455
   1701 2067 1876 2082 1849 1578 1590  979 1332 2092 2573 2072 1953 2414
   2130 2038 1734 1563 2252 1758 2037 1868 1679 2060 2271 1657 1951 1618
   1755 1009 1706 1735 2176]]

 [[   2    2    2    2    2    2    2    2    2    4    2    2    2    2
      2    2    4    2    2    2    2    2    2    2    2    2    2    2
      2    2    2    2    2    2    2    2    2    2    2    2    2    2
      2    2    2    2    2    2    2    2    2    2    2    2    2    4
      2    4    2    2    2]
  [1518 1703 1493  969 1700 1650 2099 1297 1823  789 2337 2001 1852 1781
   1772 1668 1239 2188 1770 1749 1712 2102 1869 1789 1634 2665 2034 1933
   1912 1593 1608 1531 1783 1864 2384 1571 2298 1989 2233 1566 1520 2648
   2178 2474 1615 1725 1940 1845 2304 1632 2158 1485 1284 1496 1295  870
   1851  779 1526 2233 2514]]

 [[   2    2    2    2    2    2    2    4    2    2    2    2    2    2
      2    2    2    2    2    2    2    2    2    2    2    2    2    2
      2    2    2    2    2    4    2    2    2    2    2    2    2    2
      2    2    2    2    2    2    2    2    2    2    2    2    2    2
      2    2    2    2    2]
  [1518 1469 1659 1819 1871 2014 2061  894 2567 1789 1752 1819 2222 2120
   2275 3031 1677 1531 2070 2627 2346 1895 2192 1629 1709 3023 1282 1924
   1882 1835 1322 2690 1874 2797 1792 2389 2246 1628 1366 2679 2016 2330
   1566 1808 1462 2725 1688 1858 1745 3133 1920 3219 1917 2142 1842 1609
   1610 1594 1672 2386 2017]]]
inconclusive
 
 err: 
done running mariposa 54.3
Bisecting: 29 revisions left to test after this (roughly 5 steps)
[1202554dbcaa67b18e507206ee6f0e6f2a5c95d5] Merge branch 'master' of https://github.com/z3prover/z3
running python3 /home/yizhou7/mariposa/scripts/z3-bisect.py /home/yizhou7/mariposa/data/bisect_tasks/d_lvbkv_z3_clean--lib-Marshalling-GenericMarshalling.i.dfy.Impl__GenericMarshalling.__default.MarshallArrayContents.txt
building z3
done building z3 3.1
running mariposa
res: 1 
 out: [[[    2     2     2     4     2     2     2     2     2     2     2
       2     2     2     2     2     2     2     2     2     2     2
       2     2     2     2     2     2     2     2     2     2     2
       2     4     2     2     2     2     2     2     4     2     2
       2     2     2     2     2     2     2     2     2     2     2
       2     2     2     2     2     2]
  [  829  1519  1780   705  2412  1235  1786  1576  1303  1501  1338
    1308  1321  1321  1328  1341  1467  1402  1819  1613  1871  1415
    1840  2028  2077  1179  1621  1490  1658  1466  1835  1480  1672
    1752  1116  1753  1557  2031  1375  2323  4736   958  1354  1764
    1431  1540  2060  1345  1439  1718  1535  1357  1247  1528  1682
    2415  1459  1547  2305  1355  1714]]

 [[    2     2     2     2     4     2     2     2     2     2     2
       2     2     2     4     2     2     2     2     2     2     2
       2     2     2     2     2     2     2     4     2     2     2
       2     4     2     2     2     2     2     4     2     2     2
       2     4     2     2     2     2     2     4     2     2     2
       2     2     2     2     2     2]
  [  829  1429  1207  1262   818  1517  1177  1754  1300  1495  1137
    1558  1273  1373   710  1792  1568  1003  1087  1420  1344  1480
    1720   881  1257  1275  1754  2357  1271   929  1860  1470   903
     806   643  1337  1519  1081  1327  1498   790  1555  1381  1735
    1300  1204  1807  1764  1681  1621  1837   474  1509  1395  1421
    1972  1970  1242  1335  1471  1354]]

 [[    2     2     4     2     2     2     2     2     2     2     2
       2     2     2     2     2     2     2     2     4     2     2
       2     2     2     2     2     2     2     2     2     2     4
       2     2     2     2     2     2     2     2     2     2     2
       2     4     2     2     2     2     2     2     4     2     2
       2     2     2     2     2     3]
  [  829   919   931  1314  1451  1466  1493  1717  1560  1794  1390
    1618  1862  1828  1860  1774  1592  1507  2872   986  1709  3096
    1975  2305  1934  2047  1719  1519  2288  2424  2049  1508  1292
    1970  1846  2845  1934  2038  1437  1864  1471  2813  1677  1261
    2157   812  1981  1435  1315  1593  1866  1495   902  1882  1396
    2003  1800  2360  2087  1874 60044]]]
unstable
 
 err: 
done running mariposa 63.1
Bisecting: 24 revisions left to test after this (roughly 5 steps)
[11a8ced769c74353747c5dee7c4db8470dc44146] fix #2353
running python3 /home/yizhou7/mariposa/scripts/z3-bisect.py /home/yizhou7/mariposa/data/bisect_tasks/d_lvbkv_z3_clean--lib-Marshalling-GenericMarshalling.i.dfy.Impl__GenericMarshalling.__default.MarshallArrayContents.txt
building z3
done building z3 3.1
running mariposa
res: 125 
 out: [[[   2    2    2    2    2    2    2    2    2    2    2    2    2    2
      4    2    2    2    2    2    2    2    2    2    2    2    2    2
      2    2    2    2    2    2    2    4    2    2    2    2    2    2
      2    2    2    2    2    2    2    2    2    2    2    2    2    2
      2    2    2    2    2]
  [1534 1715 1988 1726 1813 1773 1665 1502 1633 2177 1800 2319 1839 2429
    955 1553 1280 1887 1245 1627 1529 2083 1944 1650 2239 1618 2026 1468
   1696 2071 1919 2048 1851 1568 1579  977 1317 2128 2575 2033 1935 2461
   2149 2021 1722 1530 2292 1750 2028 1919 1672 2262 2077 1668 1912 1621
   1746 1039 1738 1755 2200]]

 [[   2    2    2    2    2    2    2    2    2    4    2    2    2    2
      2    2    4    2    2    2    2    2    2    2    2    2    2    2
      2    2    2    2    2    2    2    2    2    2    2    2    2    2
      2    2    2    2    2    2    2    2    2    2    2    2    2    4
      4    2    2    2    2]
  [1534 1470 1727  971 1700 1663 2119 1284 1823  786 2343 2004 1864 1787
   1780 1679 1237 2167 1776 1756 1708 2100 1876 1813 2013 1640 2617 1951
   1935 1591 1545 1620 1789 1573 2350 1855 2296 1971 2218 1557 1495 2685
   2218 2481 1587 1715 1921 1857 2318 1630 2182 1493 1253 1505 1320  882
    783 1837 1524 2246 2499]]

 [[   2    2    2    2    2    2    2    4    2    2    2    2    2    2
      2    2    2    2    2    2    2    2    2    2    2    2    2    2
      2    2    2    2    4    2    2    2    2    2    2    2    2    2
      2    2    2    2    2    2    2    2    2    2    2    2    2    2
      2    2    2    2    2]
  [1534 1492 1651 1831 1856 2014 2047  897 2589 1790 1755 1782 2272 2137
   2256 3022 1683 1514 2052 2627 1870 2371 1618 2221 1708 3033 1305 1921
   1856 1828 1342 2641 2771 1902 1779 2389 2246 1615 1372 2039 2666 2385
   1552 1795 1456 2724 1680 1911 1725 3112 1928 1916 3259 2114 1897 1594
   1611 1585 1689 2369 2018]]]
inconclusive
 
 err: 
done running mariposa 54.3
Bisecting: 24 revisions left to test after this (roughly 5 steps)
[ec1653fdff146ff8d1b3b2281e875494f4fc3a96] Merge pull request #2345 from schedutron/master
running python3 /home/yizhou7/mariposa/scripts/z3-bisect.py /home/yizhou7/mariposa/data/bisect_tasks/d_lvbkv_z3_clean--lib-Marshalling-GenericMarshalling.i.dfy.Impl__GenericMarshalling.__default.MarshallArrayContents.txt
building z3
done building z3 3.1
running mariposa
res: 0 
 out: [[[   2    2    2    2    2    2    2    2    2    2    2    2    2    2
      2    2    2    2    2    2    2    2    2    2    2    2    2    2
      2    2    2    2    2    2    2    2    2    2    2    2    2    2
      2    2    2    2    2    2    2    2    2    2    2    2    2    2
      2    2    2    2    2]
  [ 921 1773 1668 1674 1375 1465 2100 1292 1553 1667 1252 1767 1290 2104
   1176 1143 1025 1498 1461 1472 1596 1920 1160 1072 1567 1134 1503 1645
   1081 1044 1317 1140 1758 1243 1435 1647 1135 1439 2308 1517 1551 1942
   1399 1581 1490 1038 1940 1493 1052  975 1199 1056 2005 1226 1520 1553
   1397 1573 1209 1056 1400]]

 [[   2    2    2    2    2    2    2    2    2    2    2    2    2    2
      2    2    2    2    2    2    2    2    2    2    2    2    2    2
      2    2    2    2    2    2    2    2    2    2    2    2    2    2
      2    2    2    2    2    2    2    2    2    2    2    2    2    2
      2    2    2    2    2]
  [ 921 1382 1457 1709 1540 1410 1696 1705 1434 1117 1392 1415 1760 1400
   1421 1409 1419 1407 1506 1417 1387 1414 1275 1434 1420 1387 1376 1418
   1434 1838 1431 1422 1421 1600 1427 1665 1657 1410 1407 1653 1917 1418
   1412 1612 1439 1403 1676 1409 1899 1412 1393 1417 1939 2085 1590 1685
   1446 1604 1964 1653 1420]]

 [[   2    2    4    2    2    2    2    2    2    2    2    2    2    2
      2    2    2    2    2    2    2    2    2    2    2    2    2    2
      2    2    2    2    2    2    2    2    2    2    2    2    2    2
      2    2    2    2    2    2    2    2    2    2    2    2    2    2
      2    2    2    2    2]
  [ 921 1134 1303 1335 1382 1475 1706 1813 1325 1584 1286 1503 1180 1611
   2204 1036 1142 1076 1374 1184 1793 1595 1318 1568 1665 1881 1387 1352
   1052 1713 1042 1499 1168 1447 1184 1179 1827 1687 1173 1541 1707 1228
   1787 1466 1092 1608 1982 1256 2033 1673 1488 1308 1481 1435 1445 1732
   1093 1430  879 1306 1270]]]
stable
 
 err: 
done running mariposa 42.8
Bisecting: 19 revisions left to test after this (roughly 4 steps)
[63a952f254d7f3f19cbd426690ff7b560da26ea2] setting ast to null on destructor to deal with #2350
running python3 /home/yizhou7/mariposa/scripts/z3-bisect.py /home/yizhou7/mariposa/data/bisect_tasks/d_lvbkv_z3_clean--lib-Marshalling-GenericMarshalling.i.dfy.Impl__GenericMarshalling.__default.MarshallArrayContents.txt
building z3
done building z3 3.1
running mariposa
res: 125 
 out: [[[   2    2    2    2    2    2    2    2    2    2    2    2    2    2
      4    2    2    2    2    2    2    2    2    2    2    2    2    2
      2    2    2    2    2    2    2    4    2    2    2    2    2    2
      2    2    2    2    2    2    2    2    2    2    2    2    2    2
      2    2    2    2    2]
  [1520 1709 1983 1697 1784 1804 1666 1522 1645 2171 1768 2295 1858 2452
    944 1550 1281 1903 1231 1654 1522 1912 2089 1657 2251 1634 2052 1456
   1697 2069 1873 2042 1875 1588 1605  983 1326 2088 2568 2033 1940 2450
   2156 2037 1725 1522 2269 1760 2046 1913 1680 2272 2066 1907 1663 1605
   1776 1021 1731 1767 2182]]

 [[   2    2    2    2    2    2    2    2    2    4    2    2    2    2
      2    2    4    2    2    2    2    2    2    2    2    2    2    2
      2    2    2    2    2    2    2    2    2    2    2    2    2    2
      2    2    2    2    2    2    2    2    2    2    2    2    2    4
      2    4    2    2    2]
  [1520 1485 1703  973 1705 1659 2121 1297 1868  797 2301 1996 1832 1809
   1788 1682 1227 2197 1779 1769 1733 2092 1885 2621 2037 1780 1648 1929
   1933 1588 1538 1782 1629 1566 1873 2375 2299 1979 2206 1563 1519 2709
   2190 2472 1587 1721 1936 1843 2316 1631 2209 1500 1251 1492 1319  878
   1845  774 1527 2238 2553]]

 [[   2    2    2    2    2    2    2    4    2    2    2    2    2    2
      2    2    2    2    2    2    2    2    2    2    2    2    2    2
      2    2    2    2    2    4    2    2    2    2    2    2    2    2
      2    2    2    2    2    2    2    2    2    2    2    2    2    2
      2    2    2    2    2]
  [1520 1508 1693 1834 1855 1993 2055  894 2566 1806 1785 1788 2231 2142
   2242 3019 1688 1511 2077 2641 1870 1608 2370 2225 1727 3016 1290 1936
   1832 1859 1325 2677 1888 2828 1778 2386 2244 1597 1375 2674 2054 2357
   1542 1787 1479 2735 1675 1872 1715 3181 1928 3219 1956 2124 1857 1601
   1607 1623 1675 2366 2000]]]
inconclusive
 
 err: 
done running mariposa 54.3
Bisecting: 19 revisions left to test after this (roughly 4 steps)
[f3b79087eef389011fa90eefcf64b987bed54a9d] add default tactic as option to overwrite the behavior of strategic solver factory
running python3 /home/yizhou7/mariposa/scripts/z3-bisect.py /home/yizhou7/mariposa/data/bisect_tasks/d_lvbkv_z3_clean--lib-Marshalling-GenericMarshalling.i.dfy.Impl__GenericMarshalling.__default.MarshallArrayContents.txt
building z3
done building z3 3.1
running mariposa
res: 1 
 out: [[[    2     4     2     2     2     2     2     2     2     2     2
       2     2     2     2     2     2     2     2     2     2     2
       2     2     2     2     2     2     2     2     2     2     2
       4     2     2     2     2     2     2     2     2     2     4
       2     2     4     2     4     2     2     4     2     2     2
       2     2     2     2     3     3]
  [  841   553  1189  1360  1469  1233  1251  1198  1285  1113  1049
    1403  1312  1575  1183  1264  1207  1329  1210  1266  1552  1237
    2333  1173  1525  1217  1302  1525  1383  2413  1333  1437  1682
     661  1497  1423  1380  1634  1456  1722  1497  1507  2555   651
    1674  1291   667  1820   829  1832  1805   701  1642  1836  1867
    1645  1527  1553  1743 60121 60046]]

 [[    2     2     2     2     2     2     2     2     2     2     2
       2     2     2     2     2     2     4     2     2     2     2
       4     2     2     2     2     2     2     2     2     2     2
       2     2     2     2     2     2     2     2     2     2     2
       2     2     4     2     2     2     2     2     2     2     2
       2     2     2     2     2     2]
  [  841  1540  1428  1425  1885  1427  1109  1404  1210  1051  1471
    1263  1066  1238  1294  1277  1627  1044  2113  1138  1550  1602
     513  1272  1001  2571  1449  2616  1910  2014  1306  1447  1961
    1702  1265  1196  1190  1912  1669  1230  1436  1553  1279  2382
    1514  1238   537  1557  1398  1535  1870  1779  1464  1177  1193
    1098  1270  1655  1419  1356  1721]]

 [[    2     2     2     2     2     2     2     2     2     2     2
       2     2     2     2     2     2     2     2     2     2     2
       2     2     2     2     2     2     2     2     2     2     2
       2     2     2     2     2     2     2     2     2     2     2
       2     2     2     2     2     2     2     2     2     2     2
       2     2     2     2     2     2]
  [  841  1215  1329  1505  1538  1700  1766  1120  1046  1415  2894
    1336  1662  1606  1506  1411  1339  1189  1113  1562  1661  1363
    1373  1306  1956  1968  1594  1669  1256  1251  1455  1799  1096
    1830  1454  1904  1631  1517  1493  1644  1430  1164  1360  1484
    1353  1176  1100  1657  1859  1381  1156  1519  1491  1446  1269
    1477  1650  1942  1620  1623  1929]]]
unstable
 
 err: 
done running mariposa 98.7
Bisecting: 0 revisions left to test after this (roughly 0 steps)
[1e770af1cc04f85a8d7a990ba0c9c4e433b83fa8] local sort
running python3 /home/yizhou7/mariposa/scripts/z3-bisect.py /home/yizhou7/mariposa/data/bisect_tasks/d_lvbkv_z3_clean--lib-Marshalling-GenericMarshalling.i.dfy.Impl__GenericMarshalling.__default.MarshallArrayContents.txt
building z3
done building z3 3.0
running mariposa
res: 1 
 out: [[[    2     4     2     2     2     2     2     2     2     2     2
       2     2     2     2     2     2     2     2     2     2     2
       2     2     2     2     2     2     2     2     2     2     2
       4     2     2     2     2     2     2     2     2     2     4
       2     2     4     2     4     2     2     2     4     2     2
       2     2     2     2     3     3]
  [  831   563  1198  1445  1355  1210  1269  1273  1192  1142  1052
    1401  1335  1550  1258  1177  1257  1319  1224  1245  1552  1282
    2359  1173  1489  1180  1266  1493  1383  2363  1327  1412  1677
     657  1496  1375  1427  1618  1445  1710  1484  1489  2613   694
    1745  1340   669  1878   827  1799  1803  1606   678  1830  1870
    1645  1481  1546  1753 60120 60046]]

 [[    2     2     2     2     2     2     2     2     2     2     2
       2     2     2     2     2     2     4     2     2     2     2
       4     2     2     2     2     2     2     2     2     2     2
       2     2     2     2     2     2     2     2     2     2     2
       2     2     2     4     2     2     2     2     2     2     2
       2     2     2     2     2     2]
  [  831  1542  1430  1430  1885  1427  1402  1113  1203  1035  1482
    1259  1069  1229  1307  1309  1594  1044  2147  1139  1545  1592
     503  1256  1024  2581  1451  2628  2014  1903  1322  1437  1965
    1713  1278  1180  1192  1891  1670  1231  1436  1563  1275  2384
    1509  1219  1408   536  1557  1859  1533  1785  1439  1173  1196
    1096  1259  1661  1416  1342  1689]]

 [[    2     2     2     2     2     2     2     2     2     2     2
       2     2     2     2     2     2     2     2     2     2     2
       2     2     2     2     2     2     2     2     2     2     2
       2     2     2     2     2     2     2     2     2     2     2
       2     2     2     2     2     2     2     2     2     2     2
       2     2     2     2     2     2]
  [  831  1218  1332  1500  1529  1756  1736  1115  1043  1396  2880
    1345  1667  1607  1381  1342  1512  1197  1114  1564  1690  1358
    1380  1305  1921  1971  1625  1664  1254  1262  1434  1098  1791
    1838  1448  1644  1931  1488  1508  1410  1641  1175  1356  1486
    1368  1179  1098  1663  1879  1398  1164  1531  1494  1422  1281
    1481  1672  1936  1637  1607  1914]]]
unstable
 
 err: 
done running mariposa 98.6
1e770af1cc04f85a8d7a990ba0c9c4e433b83fa8 is the first bad commit
commit 1e770af1cc04f85a8d7a990ba0c9c4e433b83fa8
Author: Nikolaj Bjorner <nbjorner@microsoft.com>
Date:   Fri Jun 14 09:29:41 2019 -0700

    local sort
    
    Signed-off-by: Nikolaj Bjorner <nbjorner@microsoft.com>

 src/ast/rewriter/bool_rewriter.cpp | 21 ++++++++++++++++++---
 1 file changed, 18 insertions(+), 3 deletions(-)
bisect run success
git bisect start
# good: [e79542cc689d52ec4cb34ce4ae3fbe56e7a0bf70] fix #2309
git bisect good e79542cc689d52ec4cb34ce4ae3fbe56e7a0bf70
# bad: [ad55a1f1c617a7f0c3dd735c0780fc758424c7f1] Update release.yml for Azure Pipelines
git bisect bad ad55a1f1c617a7f0c3dd735c0780fc758424c7f1
# skip: [e2702f3ae88f5c48a55f4473bb5c29184c182634] fixes in assigning constraints to intervals
git bisect skip e2702f3ae88f5c48a55f4473bb5c29184c182634
# skip: [1915812f84cf41a5f232eedf2a695a54d055aa88] add a test for intervals
git bisect skip 1915812f84cf41a5f232eedf2a695a54d055aa88
# bad: [8faf35e2e0c8fce99794e71bd3b5de74b95ceb5a] fix #3735
git bisect bad 8faf35e2e0c8fce99794e71bd3b5de74b95ceb5a
# skip: [d1a5635b4ad7f8632356b380f3a9b1fc83fdb04f] better model based lemmaas
git bisect skip d1a5635b4ad7f8632356b380f3a9b1fc83fdb04f
# skip: [0a86bd14f792ef5fadb8eeb346729a612f7e1588] start on test nla
git bisect skip 0a86bd14f792ef5fadb8eeb346729a612f7e1588
# bad: [f7747d9e76bd685a02ce5c5fbda91fc356856b5e] fix parameter collection for tactic-based solvers reported in #3065
git bisect bad f7747d9e76bd685a02ce5c5fbda91fc356856b5e
# skip: [0644194fc96a853df44c37f9e4522796aa40add8] work on lemma from product to factors, and some renaming
git bisect skip 0644194fc96a853df44c37f9e4522796aa40add8
# bad: [0321312c8db1d3f0edbd23e6e48884fbb7d77d1d] Changed to get_const_interp to match Java and C# bindings
git bisect bad 0321312c8db1d3f0edbd23e6e48884fbb7d77d1d
# bad: [6e637348826f0725ba8a01c455448023ca2889e4] Merge pull request #2368 from waywardmonkeys/fix-typo
git bisect bad 6e637348826f0725ba8a01c455448023ca2889e4
# good: [9b4f327e29de8eadd112e53af5a8fb9f430fabf7] set upload mode to replace
git bisect good 9b4f327e29de8eadd112e53af5a8fb9f430fabf7
# good: [42ac3a536369a7d4a7eafa1fa15b571b146ba594] merge with csp
git bisect good 42ac3a536369a7d4a7eafa1fa15b571b146ba594
# skip: [b4290d4b3d7c021965e9ce7ee636caac0f9cac74] python regression
git bisect skip b4290d4b3d7c021965e9ce7ee636caac0f9cac74
# skip: [6e994f92794f72abdda28dcd7e9bebb7d6f0543e] temporarily disable delete
git bisect skip 6e994f92794f72abdda28dcd7e9bebb7d6f0543e
# bad: [6d244ed2aa311d07e8c8aaca9051308d0107ce03] internalize reflect
git bisect bad 6d244ed2aa311d07e8c8aaca9051308d0107ce03
# skip: [333b32b0d2c829e771f2e9c9d632f00632220b44] disable adding redundant ite clauses as lemma. Add as non-redundant
git bisect skip 333b32b0d2c829e771f2e9c9d632f00632220b44
# skip: [89e8a1392c992a6c37b8c5320b9e4b9b506bd4a1] na
git bisect skip 89e8a1392c992a6c37b8c5320b9e4b9b506bd4a1
# bad: [1202554dbcaa67b18e507206ee6f0e6f2a5c95d5] Merge branch 'master' of https://github.com/z3prover/z3
git bisect bad 1202554dbcaa67b18e507206ee6f0e6f2a5c95d5
# skip: [11a8ced769c74353747c5dee7c4db8470dc44146] fix #2353
git bisect skip 11a8ced769c74353747c5dee7c4db8470dc44146
# good: [ec1653fdff146ff8d1b3b2281e875494f4fc3a96] Merge pull request #2345 from schedutron/master
git bisect good ec1653fdff146ff8d1b3b2281e875494f4fc3a96
# skip: [63a952f254d7f3f19cbd426690ff7b560da26ea2] setting ast to null on destructor to deal with #2350
git bisect skip 63a952f254d7f3f19cbd426690ff7b560da26ea2
# bad: [f3b79087eef389011fa90eefcf64b987bed54a9d] add default tactic as option to overwrite the behavior of strategic solver factory
git bisect bad f3b79087eef389011fa90eefcf64b987bed54a9d
# bad: [1e770af1cc04f85a8d7a990ba0c9c4e433b83fa8] local sort
git bisect bad 1e770af1cc04f85a8d7a990ba0c9c4e433b83fa8
# first bad commit: [1e770af1cc04f85a8d7a990ba0c9c4e433b83fa8] local sort
