running python3 /home/yizhou7/mariposa/scripts/z3-bisect.py /home/yizhou7/mariposa/data/bisect_tasks/d_lvbkv_z3_clean--lib-Buckets-PackedKV.i.dfy.CheckWellformed__PackedKV.__default.psaSeq__Messages.txt
building z3
Bisecting: 1453 revisions left to test after this (roughly 11 steps)
[1915812f84cf41a5f232eedf2a695a54d055aa88] add a test for intervals
running python3 /home/yizhou7/mariposa/scripts/z3-bisect.py /home/yizhou7/mariposa/data/bisect_tasks/d_lvbkv_z3_clean--lib-Buckets-PackedKV.i.dfy.CheckWellformed__PackedKV.__default.psaSeq__Messages.txt
building z3
Bisecting: 1453 revisions left to test after this (roughly 11 steps)
[8faf35e2e0c8fce99794e71bd3b5de74b95ceb5a] fix #3735
running python3 /home/yizhou7/mariposa/scripts/z3-bisect.py /home/yizhou7/mariposa/data/bisect_tasks/d_lvbkv_z3_clean--lib-Buckets-PackedKV.i.dfy.CheckWellformed__PackedKV.__default.psaSeq__Messages.txt
building z3
done building z3 3.2
running mariposa
res: 1 
 out: [[[    2     2     2     2     2     2     2     2     2     2     2
       2     2     2     2     2     2     2     2     2     2     2
       2     2     2     2     2     2     2     2     2     2     2
       2     2     2     2     2     2     2     2     2     2     2
       2     2     2     2     2     2     2     2     2     2     2
       2     2     2     2     2     2]
  [  323   494   478   477   474   473   475   474   483   477   474
     477   468   464   465   468   472   467   466   469   469   471
     472   466   464   466   471   460   463   462   463   457   461
     465   458   458   476   466   466   470   468   469   450   450
     452   457   456   459   462   459   459   440   441   444   427
     421   425   439   438   435   427]]

 [[    2     2     2     2     2     2     2     2     2     2     2
       2     2     2     2     2     2     2     2     2     2     2
       2     2     2     2     2     2     2     2     2     2     2
       2     2     2     2     2     2     2     2     2     2     2
       2     2     2     2     2     2     2     2     2     3     2
       3     3     3     3     3     3]
  [  323   467   458   468   459   450   470   483   489   616   491
     488   493   487   476   479   476   476   580   468   473   480
     540   469   479   496   565  1577 38503   501   496   636   492
     512   527 46936   491   501   511   616   490   471   512   511
     510   757   496   497   489   490   492   480   484 60018   503
   60020 60019 60040 60039 60026 60033]]

 [[    2     2     2     2     2     2     2     2     2     2     2
       2     2     2     2     2     2     2     2     2     2     2
       2     2     2     2     2     2     2     2     2     2     2
       2     2     2     2     2     2     2     2     2     2     2
       2     2     3     3     2     2     3     2     3     2     2
       2     3     3     3     3     3]
  [  323   414   411   424   450   458   461   420   425   470   463
     474   538   556   544   545   546   505   506   567   557   558
     509   546   620   561   563   603   678   541   608   555   595
     574   572   605   620   622   629   813   667   612   677   675
     609   611 60035 60028   673  1602 60013   547 60033   539   586
     622 60023 60017 60038 60039 60021]]]
unstable
 
 err: 
done running mariposa 195.0
Bisecting: 1254 revisions left to test after this (roughly 10 steps)
[d1a5635b4ad7f8632356b380f3a9b1fc83fdb04f] better model based lemmaas
running python3 /home/yizhou7/mariposa/scripts/z3-bisect.py /home/yizhou7/mariposa/data/bisect_tasks/d_lvbkv_z3_clean--lib-Buckets-PackedKV.i.dfy.CheckWellformed__PackedKV.__default.psaSeq__Messages.txt
building z3
Bisecting: 1254 revisions left to test after this (roughly 10 steps)
[0a86bd14f792ef5fadb8eeb346729a612f7e1588] start on test nla
running python3 /home/yizhou7/mariposa/scripts/z3-bisect.py /home/yizhou7/mariposa/data/bisect_tasks/d_lvbkv_z3_clean--lib-Buckets-PackedKV.i.dfy.CheckWellformed__PackedKV.__default.psaSeq__Messages.txt
building z3
Bisecting: 1254 revisions left to test after this (roughly 10 steps)
[f7747d9e76bd685a02ce5c5fbda91fc356856b5e] fix parameter collection for tactic-based solvers reported in #3065
running python3 /home/yizhou7/mariposa/scripts/z3-bisect.py /home/yizhou7/mariposa/data/bisect_tasks/d_lvbkv_z3_clean--lib-Buckets-PackedKV.i.dfy.CheckWellformed__PackedKV.__default.psaSeq__Messages.txt
building z3
done building z3 3.2
running mariposa
res: 1 
 out: [[[    2     2     2     2     2     2     2     2     2     2     2
       2     2     2     2     2     2     2     2     2     2     2
       2     2     2     2     2     2     2     2     2     2     2
       2     2     2     2     2     2     2     2     2     2     2
       2     2     2     2     2     2     2     2     2     2     2
       2     2     2     2     2     2]
  [  310   472   498   480   501   484   504   489   502   473   484
     483   494   488   502   491   504   496   504   483   472   479
     487   494   499   489   501   495   488   500   479   453   466
     465   452   465   460   453   457   466   457   451   460   456
     456   465   450   454   461   449   468   457   461   456   447
     463   461   440   464   462   456]]

 [[    2     2     2     2     2     2     2     2     2     2     2
       2     2     2     2     2     2     2     2     2     2     2
       3     2     3     2     3     2     2     2     2     2     2
       2     2     3     2     2     3     2     2     2     2     2
       2     2     2     2     2     3     2     2     2     2     2
       2     3     3     3     3     3]
  [  310   446   452   444   432   447   442   456   644   497   512
     523   514   521   516  1788  1878   514   528   627   545   486
   60018   568 60027   578 60018   492   478   479   493   488   477
     505   494 60022   485   482 60020   466   467   465   476   471
     456   473  1644   477   481 60017   468   478   488   509   661
   41088 60038 60032 60017 60032 60020]]

 [[    2     2     2     2     2     2     2     2     2     2     2
       2     2     2     2     2     2     2     2     2     2     2
       2     2     2     2     2     2     2     2     2     2     2
       2     2     2     2     2     2     3     3     3     2     2
       2     3     2     2     2     2     2     2     2     2     2
       2     2     3     3     3     3]
  [  310   409   416   419   448   433   442   481   570   597  1671
     607   604   630   622   634   568   573   604   615   563   675
     607   616   633   656   657   725   582   629   622   630   584
     592   628   634   646   631   662 60027 60030 60013   526   567
     567 60026   511   567   520   517   504   546   616   519   573
     516  1307 60025 60018 60038 60018]]]
unstable
 
 err: 
done running mariposa 203.7
Bisecting: 1034 revisions left to test after this (roughly 10 steps)
[0644194fc96a853df44c37f9e4522796aa40add8] work on lemma from product to factors, and some renaming
running python3 /home/yizhou7/mariposa/scripts/z3-bisect.py /home/yizhou7/mariposa/data/bisect_tasks/d_lvbkv_z3_clean--lib-Buckets-PackedKV.i.dfy.CheckWellformed__PackedKV.__default.psaSeq__Messages.txt
building z3
Bisecting: 1034 revisions left to test after this (roughly 10 steps)
[0321312c8db1d3f0edbd23e6e48884fbb7d77d1d] Changed to get_const_interp to match Java and C# bindings
running python3 /home/yizhou7/mariposa/scripts/z3-bisect.py /home/yizhou7/mariposa/data/bisect_tasks/d_lvbkv_z3_clean--lib-Buckets-PackedKV.i.dfy.CheckWellformed__PackedKV.__default.psaSeq__Messages.txt
building z3
done building z3 3.1
running mariposa
res: 1 
 out: [[[    2     2     2     2     2     2     2     2     2     2     2
       2     2     2     2     2     2     2     2     2     2     2
       2     2     2     2     2     2     2     2     2     2     2
       2     2     2     2     2     2     2     2     2     2     2
       2     2     2     2     2     2     2     2     2     2     2
       2     2     2     2     2     2]
  [  285   447   459   461   447   446   449   441   444   440   441
     445   449   443   448   450   450   437   443   446   454   444
     442   450   435   440   438   433   436   439   443   447   437
     429   424   424   418   418   426   431   424   432   434   434
     435   431   432   423   419   425   424   424   425   425   420
     414   416   414   414   407   405]]

 [[    2     2     2     2     2     2     2     2     2     2     2
       2     2     2     2     2     2     3     2     2     2     2
       2     2     2     2     3     2     2     2     2     2     3
       2     2     2     2     2     2     2     2     2     3     3
       3     2     2     2     2     2     3     2     2     2     2
       3     3     3     3     3     3]
  [  285   475   485   477   487   473   477   487   479   492   479
     475   488   472   464   439   451 60030   414   418   439   519
     476   458   474  8728 60031   484   483   490   497   472 60039
     495   479   486   474   490   465   465   465   463 60042 60022
   60035   445   448   444   593   449 60023   428   453  2330   457
   60035 60023 60019 60041 60027 60030]]

 [[    2     2     2     2     2     2     2     2     2     2     2
       2     2     2     2     2     2     2     2     2     2     2
       2     2     2     2     3     3     3     3     2     3     2
       2     3     3     2     2     2     2     2     2     2     2
       2     3     3     2     2     3     2     3     2     2     3
       3     3     3     3     3     3]
  [  285   389   390   390   388   389   393   386   394   387   394
     392   427   463   436   446   493   482   497   503   496   507
    8066  5503   580   559 60030 60032 60016 60020   550 60017   514
     531 60034 60035   609   591   576   606   587   583   575   578
     582 60033 60038   485   489 60033   497 60018   473   468 60034
   60035 60035 60019 60037 60017 60014]]]
unstable
 
 err: 
done running mariposa 310.0
Bisecting: 261 revisions left to test after this (roughly 8 steps)
[6e637348826f0725ba8a01c455448023ca2889e4] Merge pull request #2368 from waywardmonkeys/fix-typo
running python3 /home/yizhou7/mariposa/scripts/z3-bisect.py /home/yizhou7/mariposa/data/bisect_tasks/d_lvbkv_z3_clean--lib-Buckets-PackedKV.i.dfy.CheckWellformed__PackedKV.__default.psaSeq__Messages.txt
building z3
done building z3 3.1
running mariposa
res: 1 
 out: [[[    2     2     2     2     2     2     2     2     2     2     2
       2     2     2     2     2     2     2     2     2     2     2
       2     2     2     2     2     2     2     2     2     2     2
       2     2     2     2     2     2     2     2     2     2     2
       2     2     2     2     2     2     2     2     2     2     2
       2     2     2     2     2     2]
  [  289   468   463   457   471   465   466   466   474   470   462
     462   469   467   461   467   468   468   466   463   471   469
     466   460   472   474   470   464   470   470   475   467   468
     465   468   467   446   445   458   456   442   444   460   462
     461   455   451   454   445   442   449   450   440   441   439
     440   440   442   443   433   434]]

 [[    2     2     2     2     2     2     2     2     2     2     2
       2     2     2     2     2     2     2     3     2     3     2
       2     2     3     2     2     2     3     2     3     2     2
       3     2     2     2     2     2     3     2     2     3     2
       2     3     2     3     2     2     2     2     2     2     2
       2     2     3     3     3     3]
  [  289   472   486   475   484   435   457   431   430   430   416
     414   423   417   408   429   430   431 60019   430 60036   457
     453   469 60036  4488   482   474 60039   461 60019   443   456
   60033   441   437   444   425   453 60018   420   429 60020   453
     459 60019   485 60034   462   474   480   456   487  3997   475
     453 31041 60021 60034 60024 60029]]

 [[    2     2     2     2     2     2     2     2     2     2     2
       2     2     2     2     2     2     2     2     2     2     2
       2     2     2     2     2     2     3     3     3     3     2
       3     2     2     2     2     2     2     3     2     3     2
       3     3     2     3     2     3     2     2     3     3     2
       2     3     3     3     3     3]
  [  289   371   379   378   374   376   388   385   387   388   385
     439   455   468   509   518   524   531   532   536   537   533
     587   554   541   560   540   544 60032 60027 60030 60025   488
   60028   470   470   667   554   569   566 60029   568 60021   576
   60024 60018   496 60019   505 60017   491   504 60037 60019   564
     547 60038 60037 60019 60019 60017]]]
unstable
 
 err: 
done running mariposa 317.5
Bisecting: 130 revisions left to test after this (roughly 7 steps)
[9b4f327e29de8eadd112e53af5a8fb9f430fabf7] set upload mode to replace
running python3 /home/yizhou7/mariposa/scripts/z3-bisect.py /home/yizhou7/mariposa/data/bisect_tasks/d_lvbkv_z3_clean--lib-Buckets-PackedKV.i.dfy.CheckWellformed__PackedKV.__default.psaSeq__Messages.txt
building z3
done building z3 3.1
running mariposa
res: 0 
 out: [[[  2   2   2   2   2   2   2   2   2   2   2   2   2   2   2   2   2
     2   2   2   2   2   2   2   2   2   2   2   2   2   2   2   2   2
     2   2   2   2   2   2   2   2   2   2   2   2   2   2   2   2   2
     2   2   2   2   2   2   2   2   2   2]
  [273 323 323 321 323 320 322 323 320 322 319 322 321 321 324 324 320
   318 323 322 322 320 322 325 320 321 321 323 320 324 322 321 319 323
   323 320 322 322 322 321 321 322 321 320 323 321 322 322 322 322 320
   319 320 322 320 322 312 313 311 313 303]]

 [[  2   2   2   2   2   2   2   2   2   2   2   2   2   2   2   2   2
     2   2   2   2   2   2   2   2   2   2   2   2   2   2   2   2   2
     2   2   2   2   2   2   2   2   2   2   2   2   2   2   2   2   2
     2   2   2   2   2   2   2   2   2   2]
  [273 327 329 328 327 333 328 329 326 329 326 330 332 329 330 329 327
   329 331 328 328 326 330 330 328 331 329 332 328 329 328 328 329 329
   329 329 330 329 328 328 328 327 330 330 330 327 329 330 329 327 332
   327 326 328 329 328 329 327 326 328 327]]

 [[  2   2   2   2   2   2   2   2   2   2   2   2   2   2   2   2   2
     2   2   2   2   2   2   2   2   2   2   2   2   2   2   2   2   2
     2   2   2   2   2   2   2   2   2   2   2   2   2   2   2   2   2
     2   2   2   2   2   2   2   2   2   2]
  [273 361 363 359 362 367 360 366 362 365 363 365 362 365 368 364 367
   366 367 358 364 367 361 368 365 364 365 367 363 365 365 368 366 360
   371 365 364 364 363 365 366 365 364 361 370 366 368 361 361 364 360
   368 360 362 361 364 364 362 365 365 366]]]
stable
 
 err: 
done running mariposa 17.0
Bisecting: 65 revisions left to test after this (roughly 6 steps)
[42ac3a536369a7d4a7eafa1fa15b571b146ba594] merge with csp
running python3 /home/yizhou7/mariposa/scripts/z3-bisect.py /home/yizhou7/mariposa/data/bisect_tasks/d_lvbkv_z3_clean--lib-Buckets-PackedKV.i.dfy.CheckWellformed__PackedKV.__default.psaSeq__Messages.txt
building z3
done building z3 3.1
running mariposa
res: 0 
 out: [[[  2   2   2   2   2   2   2   2   2   2   2   2   2   2   2   2   2
     2   2   2   2   2   2   2   2   2   2   2   2   2   2   2   2   2
     2   2   2   2   2   2   2   2   2   2   2   2   2   2   2   2   2
     2   2   2   2   2   2   2   2   2   2]
  [271 321 319 320 323 324 326 322 319 319 320 323 321 323 321 320 322
   322 320 322 325 321 320 320 320 319 321 324 321 319 320 320 320 321
   323 321 319 320 320 322 319 324 325 321 320 322 320 323 322 319 325
   321 323 320 322 321 312 310 310 306 305]]

 [[  2   2   2   2   2   2   2   2   2   2   2   2   2   2   2   2   2
     2   2   2   2   2   2   2   2   2   2   2   2   2   2   2   2   2
     2   2   2   2   2   2   2   2   2   2   2   2   2   2   2   2   2
     2   2   2   2   2   2   2   2   2   2]
  [271 326 325 327 326 327 324 327 325 325 325 326 328 326 326 325 327
   328 329 327 327 327 324 325 328 327 326 329 326 325 325 326 327 325
   329 326 326 327 327 327 327 326 330 327 328 330 326 326 326 328 325
   326 329 327 325 326 327 327 330 330 325]]

 [[  2   2   2   2   2   2   2   2   2   2   2   2   2   2   2   2   2
     2   2   2   2   2   2   2   2   2   2   2   2   2   2   2   2   2
     2   2   2   2   2   2   2   2   2   2   2   2   2   2   2   2   2
     2   2   2   2   2   2   2   2   2   2]
  [271 356 356 364 362 362 366 367 358 362 362 364 362 365 365 363 360
   364 362 363 358 365 360 365 360 364 362 360 365 365 366 365 365 360
   362 366 363 360 363 364 363 364 364 360 365 365 358 367 360 366 362
   364 357 359 359 365 364 361 366 365 362]]]
stable
 
 err: 
done running mariposa 16.9
Bisecting: 32 revisions left to test after this (roughly 5 steps)
[b4290d4b3d7c021965e9ce7ee636caac0f9cac74] python regression
running python3 /home/yizhou7/mariposa/scripts/z3-bisect.py /home/yizhou7/mariposa/data/bisect_tasks/d_lvbkv_z3_clean--lib-Buckets-PackedKV.i.dfy.CheckWellformed__PackedKV.__default.psaSeq__Messages.txt
building z3
done building z3 3.1
running mariposa
res: 1 
 out: [[[    2     2     2     2     2     2     2     2     2     2     2
       2     2     2     2     2     2     2     2     2     2     2
       2     2     2     2     2     2     2     2     2     2     2
       2     2     2     2     2     2     2     2     2     2     2
       2     2     2     2     2     2     2     2     2     2     2
       2     2     2     2     2     2]
  [  285   473   467   463   468   463   466   463   466   465   465
     462   455   450   449   455   449   448   457   451   450   460
     453   453   457   452   452   457   450   454   460   456   456
     459   457   456   460   454   456   459   456   453   461   453
     454   461   454   454   449   445   445   460   449   449   447
     444   442   444   441   440   439]]

 [[    2     2     2     2     2     2     2     2     2     2     2
       2     2     2     2     2     2     2     2     2     2     3
       2     2     3     3     2     2     2     2     2     2     2
       2     3     2     2     2     2     2     2     3     2     3
       2     3     3     3     3     2     2     2     3     2     2
       3     3     3     3     3     3]
  [  285   395   396   399   404   402   405   404   412   432   421
     424   446   452   480   464   471   476   431   437   462 60036
     439   499 60019 60023   399   392   382   394   394   396   390
     402 60033   402   411   402   412   415   446 60036   468 60038
     469 60021 60022 60040 60035   442   446   440 60032   436   479
   60026 60036 60030 60037 60034 60029]]

 [[    2     2     2     2     2     2     2     2     2     2     2
       2     2     2     2     2     2     2     2     2     2     2
       2     2     2     2     2     2     2     2     2     2     2
       2     2     2     2     2     2     2     2     2     2     2
       2     3     3     2     2     3     3     2     2     2     2
       2     2     3     3     3     3]
  [  285   385   368   370   375   381   399   381   388   388   383
     418   417   413   446   429   463   459   455   485   492   485
     529   517   592   533   583   518   545   504   523   522   538
     542  4133   535   558   539   615   546   539   536   556   582
     566 60024 60031   471   457 60032 60031   463   454   450   456
     449   449 60022 60033 60039 60021]]]
unstable
 
 err: 
done running mariposa 254.9
Bisecting: 16 revisions left to test after this (roughly 4 steps)
[0f7ff2a3d016ce6cc0dcc2654a6aa0187bc55192] swap
running python3 /home/yizhou7/mariposa/scripts/z3-bisect.py /home/yizhou7/mariposa/data/bisect_tasks/d_lvbkv_z3_clean--lib-Buckets-PackedKV.i.dfy.CheckWellformed__PackedKV.__default.psaSeq__Messages.txt
building z3
done building z3 3.1
running mariposa
res: 0 
 out: [[[  2   2   2   2   2   2   2   2   2   2   2   2   2   2   2   2   2
     2   2   2   2   2   2   2   2   2   2   2   2   2   2   2   2   2
     2   2   2   2   2   2   2   2   2   2   2   2   2   2   2   2   2
     2   2   2   2   2   2   2   2   2   2]
  [277 328 327 326 329 331 331 327 329 326 326 329 327 331 327 327 327
   325 326 328 330 329 326 326 326 329 329 330 330 326 326 326 328 327
   328 327 327 326 328 331 328 330 328 326 328 327 327 331 328 329 329
   326 325 326 327 332 321 320 318 317 306]]

 [[  2   2   2   2   2   2   2   2   2   2   2   2   2   2   2   2   2
     2   2   2   2   2   2   2   2   2   2   2   2   2   2   2   2   2
     2   2   2   2   2   2   2   2   2   2   2   2   2   2   2   2   2
     2   2   2   2   2   2   2   2   2   2]
  [277 334 336 333 338 334 333 331 340 334 332 337 335 335 333 334 334
   333 336 333 333 331 331 335 332 336 333 334 335 330 331 333 335 336
   333 336 330 337 333 333 334 333 335 333 330 333 333 335 331 335 332
   331 333 333 333 332 333 334 334 334 331]]

 [[  2   2   2   2   2   2   2   2   2   2   2   2   2   2   2   2   2
     2   2   2   2   2   2   2   2   2   2   2   2   2   2   2   2   2
     2   2   2   2   2   2   2   2   2   2   2   2   2   2   2   2   2
     2   2   2   2   2   2   2   2   2   2]
  [277 364 367 371 371 375 371 371 367 374 370 374 371 371 373 367 371
   376 370 373 367 371 365 377 370 373 373 374 368 371 370 374 375 369
   369 370 372 367 374 373 372 371 372 370 373 374 365 368 370 369 369
   375 372 368 368 372 372 369 372 368 370]]]
stable
 
 err: 
done running mariposa 17.2
Bisecting: 7 revisions left to test after this (roughly 3 steps)
[89e8a1392c992a6c37b8c5320b9e4b9b506bd4a1] na
running python3 /home/yizhou7/mariposa/scripts/z3-bisect.py /home/yizhou7/mariposa/data/bisect_tasks/d_lvbkv_z3_clean--lib-Buckets-PackedKV.i.dfy.CheckWellformed__PackedKV.__default.psaSeq__Messages.txt
building z3
done building z3 3.0
running mariposa
res: 1 
 out: [[[    2     2     2     2     2     2     2     2     2     2     2
       2     2     2     2     2     2     2     2     2     2     2
       2     2     2     2     2     2     2     2     2     2     2
       2     2     2     2     2     2     2     2     2     2     2
       2     2     2     2     2     2     2     2     2     2     2
       2     2     2     2     2     2]
  [  284   472   467   466   468   472   468   470   466   469   466
     463   457   453   451   456   457   455   460   457   452   460
     454   452   460   455   453   456   453   452   460   458   452
     459   455   455   456   455   452   451   444   442   446   441
     443   443   443   439   449   444   446   445   447   447   447
     446   449   448   448   447   442]]

 [[    2     2     2     2     2     2     2     2     2     2     2
       2     2     2     2     2     2     2     2     2     2     3
       2     2     3     3     2     2     2     2     2     2     2
       2     3     2     2     2     2     2     2     3     2     3
       2     3     3     3     3     2     2     2     3     2     2
       3     3     3     3     3     3]
  [  284   397   397   395   400   407   412   407   430   432   429
     423   450   451   482   467   473   482   424   443   451 60036
     440   504 60019 60021   408   399   386   394   400   396   392
     398 60035   404   408   410   410   424   439 60036   457 60038
     465 60021 60022 60037 60034   448   444   448 60035   443   474
   60027 60036 60031 60038 60035 60030]]

 [[    2     2     2     2     2     2     2     2     2     2     2
       2     2     2     2     2     2     2     2     2     2     2
       2     2     2     2     2     2     2     2     2     2     2
       2     2     2     2     2     2     2     2     2     2     2
       2     3     3     2     2     3     3     2     2     2     2
       2     2     3     3     3     3]
  [  284   373   374   369   380   385   397   387   380   386   385
     425   436   451   425   436   459   460   462   495   490   483
     520   534   600   519   593   523   550   514   527   520   535
     540  4135   539   558   548   614   548   544   541   566   581
     561 60024 60034   472   480 60031 60032   469   451   448   457
     453   455 60022 60037 60037 60021]]]
unstable
 
 err: 
done running mariposa 254.9
Bisecting: 4 revisions left to test after this (roughly 2 steps)
[1827f98851e1866187abe743afd2d80bc786412f] more fixes for mutexes in shell
running python3 /home/yizhou7/mariposa/scripts/z3-bisect.py /home/yizhou7/mariposa/data/bisect_tasks/d_lvbkv_z3_clean--lib-Buckets-PackedKV.i.dfy.CheckWellformed__PackedKV.__default.psaSeq__Messages.txt
building z3
done building z3 3.1
running mariposa
res: 0 
 out: [[[  2   2   2   2   2   2   2   2   2   2   2   2   2   2   2   2   2
     2   2   2   2   2   2   2   2   2   2   2   2   2   2   2   2   2
     2   2   2   2   2   2   2   2   2   2   2   2   2   2   2   2   2
     2   2   2   2   2   2   2   2   2   2]
  [276 330 328 331 330 329 329 329 327 330 329 327 330 328 328 329 326
   328 327 331 328 328 328 329 326 329 327 330 327 327 329 327 328 328
   328 326 327 329 329 326 328 328 327 329 329 327 329 327 329 326 329
   330 328 326 328 326 323 321 316 317 308]]

 [[  2   2   2   2   2   2   2   2   2   2   2   2   2   2   2   2   2
     2   2   2   2   2   2   2   2   2   2   2   2   2   2   2   2   2
     2   2   2   2   2   2   2   2   2   2   2   2   2   2   2   2   2
     2   2   2   2   2   2   2   2   2   2]
  [276 334 333 336 332 335 331 333 335 333 333 334 335 333 336 334 331
   334 336 333 333 333 336 338 333 336 335 335 334 335 331 333 335 335
   334 335 333 333 333 333 333 333 332 337 334 340 335 334 334 333 334
   332 333 336 336 332 334 333 336 333 331]]

 [[  2   2   2   2   2   2   2   2   2   2   2   2   2   2   2   2   2
     2   2   2   2   2   2   2   2   2   2   2   2   2   2   2   2   2
     2   2   2   2   2   2   2   2   2   2   2   2   2   2   2   2   2
     2   2   2   2   2   2   2   2   2   2]
  [276 369 374 376 367 372 363 368 371 368 369 374 371 371 371 367 373
   373 370 372 367 371 372 372 371 369 372 365 373 370 375 374 373 368
   368 371 369 371 373 370 374 373 372 370 370 372 379 368 365 370 365
   370 369 369 365 373 374 368 369 372 370]]]
stable
 
 err: 
done running mariposa 17.2
Bisecting: 1 revision left to test after this (roughly 1 step)
[5177cc4a9a58df192c6a844ca13abf7e7cd3be15] change lt
running python3 /home/yizhou7/mariposa/scripts/z3-bisect.py /home/yizhou7/mariposa/data/bisect_tasks/d_lvbkv_z3_clean--lib-Buckets-PackedKV.i.dfy.CheckWellformed__PackedKV.__default.psaSeq__Messages.txt
building z3
done building z3 3.0
running mariposa
res: 1 
 out: [[[    2     2     2     2     2     2     2     2     2     2     2
       2     2     2     2     2     2     2     2     2     2     2
       2     2     2     2     2     2     2     2     2     2     2
       2     2     2     2     2     2     2     2     2     2     2
       2     2     2     2     2     2     2     2     2     2     2
       2     2     2     2     2     2]
  [  285   476   465   469   465   467   467   473   468   465   476
     460   453   455   455   461   456   452   461   456   452   459
     454   456   460   455   456   458   453   455   459   454   457
     458   458   461   459   454   459   458   455   462   460   457
     462   455   456   461   457   456   457   453   450   461   451
     448   455   445   444   448   434]]

 [[    2     2     2     2     2     2     2     2     2     2     2
       2     2     2     2     2     2     2     2     2     2     3
       2     2     3     3     2     2     2     2     2     2     2
       2     3     2     2     2     2     2     2     3     2     3
       2     3     3     3     3     2     2     2     3     2     2
       3     3     3     3     3     3]
  [  285   405   396   395   404   406   409   404   425   432   423
     426   447   453   483   471   474   485   446   461   449 60035
     444   503 60017 60020   406   394   386   393   400   398   395
     400 60034   402   405   407   412   415   443 60038   464 60040
     457 60021 60022 60038 60031   452   455   446 60033   445   483
   60025 60035 60032 60039 60035 60029]]

 [[    2     2     2     2     2     2     2     2     2     2     2
       2     2     2     2     2     2     2     2     2     2     2
       2     2     2     2     2     2     2     2     2     2     2
       2     2     2     2     2     2     2     2     2     2     2
       2     3     3     2     2     3     3     2     2     2     2
       2     2     3     3     3     3]
  [  285   366   378   369   383   384   395   382   384   383   387
     388   410   396   385   388   451   455   456   500   485   481
     531   525   600   519   593   526   551   512   533   525   545
     538  4028   537   558   544   621   556   545   536   557   578
     566 60022 60030   473   483 60030 60032   460   454   449   460
     451   459 60022 60036 60038 60020]]]
unstable
 
 err: 
done running mariposa 254.8
Bisecting: 0 revisions left to test after this (roughly 1 step)
[7c9d2e0d75757ed6aa535f72c7dec70d5a527fed] pydoc test
running python3 /home/yizhou7/mariposa/scripts/z3-bisect.py /home/yizhou7/mariposa/data/bisect_tasks/d_lvbkv_z3_clean--lib-Buckets-PackedKV.i.dfy.CheckWellformed__PackedKV.__default.psaSeq__Messages.txt
building z3
done building z3 3.1
running mariposa
res: 0 
 out: [[[  2   2   2   2   2   2   2   2   2   2   2   2   2   2   2   2   2
     2   2   2   2   2   2   2   2   2   2   2   2   2   2   2   2   2
     2   2   2   2   2   2   2   2   2   2   2   2   2   2   2   2   2
     2   2   2   2   2   2   2   2   2   2]
  [275 327 327 327 326 329 330 327 328 325 327 329 329 330 328 328 324
   327 328 330 330 327 328 325 328 327 330 331 327 327 328 326 327 330
   330 329 329 328 325 326 331 331 328 332 328 327 328 329 330 327 328
   329 327 327 328 330 322 318 318 318 306]]

 [[  2   2   2   2   2   2   2   2   2   2   2   2   2   2   2   2   2
     2   2   2   2   2   2   2   2   2   2   2   2   2   2   2   2   2
     2   2   2   2   2   2   2   2   2   2   2   2   2   2   2   2   2
     2   2   2   2   2   2   2   2   2   2]
  [275 342 332 332 334 337 332 332 333 335 334 334 333 335 334 333 332
   334 334 332 334 334 332 335 334 335 334 334 333 335 334 334 333 334
   332 333 335 334 333 334 333 332 335 334 331 334 333 336 333 334 335
   333 334 332 331 331 332 335 336 336 332]]

 [[  2   2   2   2   2   2   2   2   2   2   2   2   2   2   2   2   2
     2   2   2   2   2   2   2   2   2   2   2   2   2   2   2   2   2
     2   2   2   2   2   2   2   2   2   2   2   2   2   2   2   2   2
     2   2   2   2   2   2   2   2   2   2]
  [275 371 371 362 365 371 367 372 367 368 366 368 371 367 372 368 370
   366 377 370 365 368 368 373 368 370 374 364 368 369 370 373 364 371
   367 373 368 373 373 375 375 370 375 366 372 372 368 363 367 372 365
   373 365 370 366 369 372 367 368 370 370]]]
stable
 
 err: 
done running mariposa 17.2
5177cc4a9a58df192c6a844ca13abf7e7cd3be15 is the first bad commit
commit 5177cc4a9a58df192c6a844ca13abf7e7cd3be15
Author: Nikolaj Bjorner <nbjorner@microsoft.com>
Date:   Fri Jun 21 09:08:20 2019 +0200

    change lt
    
    Signed-off-by: Nikolaj Bjorner <nbjorner@microsoft.com>

 src/ast/ast_lt.h                   | 4 ++++
 src/ast/rewriter/bool_rewriter.cpp | 6 ++++--
 2 files changed, 8 insertions(+), 2 deletions(-)
bisect run success
git bisect start
# good: [e79542cc689d52ec4cb34ce4ae3fbe56e7a0bf70] fix #2309
git bisect good e79542cc689d52ec4cb34ce4ae3fbe56e7a0bf70
# bad: [ad55a1f1c617a7f0c3dd735c0780fc758424c7f1] Update release.yml for Azure Pipelines
git bisect bad ad55a1f1c617a7f0c3dd735c0780fc758424c7f1
# skip: [e2702f3ae88f5c48a55f4473bb5c29184c182634] fixes in assigning constraints to intervals
git bisect skip e2702f3ae88f5c48a55f4473bb5c29184c182634
# skip: [1915812f84cf41a5f232eedf2a695a54d055aa88] add a test for intervals
git bisect skip 1915812f84cf41a5f232eedf2a695a54d055aa88
# bad: [8faf35e2e0c8fce99794e71bd3b5de74b95ceb5a] fix #3735
git bisect bad 8faf35e2e0c8fce99794e71bd3b5de74b95ceb5a
# skip: [d1a5635b4ad7f8632356b380f3a9b1fc83fdb04f] better model based lemmaas
git bisect skip d1a5635b4ad7f8632356b380f3a9b1fc83fdb04f
# skip: [0a86bd14f792ef5fadb8eeb346729a612f7e1588] start on test nla
git bisect skip 0a86bd14f792ef5fadb8eeb346729a612f7e1588
# bad: [f7747d9e76bd685a02ce5c5fbda91fc356856b5e] fix parameter collection for tactic-based solvers reported in #3065
git bisect bad f7747d9e76bd685a02ce5c5fbda91fc356856b5e
# skip: [0644194fc96a853df44c37f9e4522796aa40add8] work on lemma from product to factors, and some renaming
git bisect skip 0644194fc96a853df44c37f9e4522796aa40add8
# bad: [0321312c8db1d3f0edbd23e6e48884fbb7d77d1d] Changed to get_const_interp to match Java and C# bindings
git bisect bad 0321312c8db1d3f0edbd23e6e48884fbb7d77d1d
# bad: [6e637348826f0725ba8a01c455448023ca2889e4] Merge pull request #2368 from waywardmonkeys/fix-typo
git bisect bad 6e637348826f0725ba8a01c455448023ca2889e4
# good: [9b4f327e29de8eadd112e53af5a8fb9f430fabf7] set upload mode to replace
git bisect good 9b4f327e29de8eadd112e53af5a8fb9f430fabf7
# good: [42ac3a536369a7d4a7eafa1fa15b571b146ba594] merge with csp
git bisect good 42ac3a536369a7d4a7eafa1fa15b571b146ba594
# bad: [b4290d4b3d7c021965e9ce7ee636caac0f9cac74] python regression
git bisect bad b4290d4b3d7c021965e9ce7ee636caac0f9cac74
# good: [0f7ff2a3d016ce6cc0dcc2654a6aa0187bc55192] swap
git bisect good 0f7ff2a3d016ce6cc0dcc2654a6aa0187bc55192
# bad: [89e8a1392c992a6c37b8c5320b9e4b9b506bd4a1] na
git bisect bad 89e8a1392c992a6c37b8c5320b9e4b9b506bd4a1
# good: [1827f98851e1866187abe743afd2d80bc786412f] more fixes for mutexes in shell
git bisect good 1827f98851e1866187abe743afd2d80bc786412f
# bad: [5177cc4a9a58df192c6a844ca13abf7e7cd3be15] change lt
git bisect bad 5177cc4a9a58df192c6a844ca13abf7e7cd3be15
# good: [7c9d2e0d75757ed6aa535f72c7dec70d5a527fed] pydoc test
git bisect good 7c9d2e0d75757ed6aa535f72c7dec70d5a527fed
# first bad commit: [5177cc4a9a58df192c6a844ca13abf7e7cd3be15] change lt
