running python3 /home/yizhou7/mariposa/scripts/z3-bisect.py /home/yizhou7/mariposa/data/bisect_tasks/d_lvbkv_z3_clean--lib-Buckets-PackedStringArray.i.dfy.Impl__PackedStringArray.__default.BinarySearchIndexOfFirstKeyGte.txt
building z3
Bisecting: 1453 revisions left to test after this (roughly 11 steps)
[1915812f84cf41a5f232eedf2a695a54d055aa88] add a test for intervals
running python3 /home/yizhou7/mariposa/scripts/z3-bisect.py /home/yizhou7/mariposa/data/bisect_tasks/d_lvbkv_z3_clean--lib-Buckets-PackedStringArray.i.dfy.Impl__PackedStringArray.__default.BinarySearchIndexOfFirstKeyGte.txt
building z3
Bisecting: 1453 revisions left to test after this (roughly 11 steps)
[8faf35e2e0c8fce99794e71bd3b5de74b95ceb5a] fix #3735
running python3 /home/yizhou7/mariposa/scripts/z3-bisect.py /home/yizhou7/mariposa/data/bisect_tasks/d_lvbkv_z3_clean--lib-Buckets-PackedStringArray.i.dfy.Impl__PackedStringArray.__default.BinarySearchIndexOfFirstKeyGte.txt
building z3
done building z3 3.2
running mariposa
res: 1 
 out: [[[    3     3     3     3     3     3     3     3     3     3     3
       3     3     3     3     3     3     3     3     3     3     3
       3     3     3     3     3     3     3     3     3     3     3
       3     3     3     3     3     3     3     3     3     3     3
       3     3     3     3     3     3     3     3     3     3     3
       3     3     3     3     3     3]
  [60052 60044 60046 60044 60042 60044 60048 60044 60040 60044 60045
   60041 60047 60049 60046 60041 60043 60045 60042 60046 60049 60044
   60039 60045 60045 60046 60047 60047 60045 60040 60043 60045 60046
   60048 60047 60043 60041 60047 60044 60046 60047 60047 60044 60040
   60046 60045 60045 60046 60048 60045 60039 60046 60043 60044 60045
   60044 60042 60039 60040 60036 60038]]

 [[    3     2     2     2     2     2     2     3     3     3     3
       2     3     2     3     2     3     3     2     2     3     2
       3     3     3     3     3     3     3     3     3     3     3
       2     3     3     2     2     3     2     2     2     2     2
       2     2     3     3     2     2     2     2     3     2     2
       3     3     3     3     3     3]
  [60052  1873  1739  2399  2287  2619  1971 60022 60047 60044 60026
    7214 60025   491 60047  4276 60037 60054  3059  6188 60043  3236
   60046 60046 60026 60040 60039 60043 60040 60052 60046 60024 60023
   14065 60032 60052  1784  3168 60049  1011  1574  1691  1150  6388
    2726  2895 60050 60024  2623  1520  4266   585 60049  8770 19544
   60051 60051 60056 60041 60045 60046]]

 [[    3     2     2     2     2     3     3     3     3     3     3
       2     3     2     3     3     3     3     3     2     2     3
       3     2     3     3     3     3     2     3     2     2     3
       2     2     2     2     3     2     2     2     2     3     3
       3     2     3     3     2     2     2     2     3     2     2
       3     3     3     3     3     3]
  [60052  1502  1739  4875  2053 60019 60024 60038 60039 60037 60035
    3796 60047  4368 60017 60039 60043 60039 60035  5605   730 60045
   60064  1272 60022 60020 60026 60043  2183 60046  4233  4944 60023
     452  1780  2110  1686 60041  3694  4215  4980 19141 60056 60027
   60049  4786 60022 60018  2689  2601  9208  6833 60025  1603   936
   60025 60057 60028 60025 60032 60055]]]
unstable
 
 err: 
done running mariposa 1187.4
Bisecting: 1254 revisions left to test after this (roughly 10 steps)
[d1a5635b4ad7f8632356b380f3a9b1fc83fdb04f] better model based lemmaas
running python3 /home/yizhou7/mariposa/scripts/z3-bisect.py /home/yizhou7/mariposa/data/bisect_tasks/d_lvbkv_z3_clean--lib-Buckets-PackedStringArray.i.dfy.Impl__PackedStringArray.__default.BinarySearchIndexOfFirstKeyGte.txt
building z3
Bisecting: 1254 revisions left to test after this (roughly 10 steps)
[0a86bd14f792ef5fadb8eeb346729a612f7e1588] start on test nla
running python3 /home/yizhou7/mariposa/scripts/z3-bisect.py /home/yizhou7/mariposa/data/bisect_tasks/d_lvbkv_z3_clean--lib-Buckets-PackedStringArray.i.dfy.Impl__PackedStringArray.__default.BinarySearchIndexOfFirstKeyGte.txt
building z3
Bisecting: 1254 revisions left to test after this (roughly 10 steps)
[f7747d9e76bd685a02ce5c5fbda91fc356856b5e] fix parameter collection for tactic-based solvers reported in #3065
running python3 /home/yizhou7/mariposa/scripts/z3-bisect.py /home/yizhou7/mariposa/data/bisect_tasks/d_lvbkv_z3_clean--lib-Buckets-PackedStringArray.i.dfy.Impl__PackedStringArray.__default.BinarySearchIndexOfFirstKeyGte.txt
building z3
done building z3 3.2
running mariposa
res: 1 
 out: [[[    3     3     3     3     3     3     3     3     3     3     3
       3     3     3     3     3     3     3     3     3     3     3
       3     3     3     3     3     3     3     3     3     3     3
       3     3     3     3     3     3     3     3     3     3     3
       3     3     3     3     3     3     3     3     3     3     3
       3     3     3     3     3     3]
  [60050 60046 60045 60046 60049 60043 60047 60047 60044 60045 60043
   60050 60044 60047 60048 60045 60046 60045 60050 60045 60048 60048
   60046 60046 60044 60049 60043 60049 60048 60046 60046 60046 60049
   60045 60048 60048 60046 60047 60044 60050 60046 60047 60048 60045
   60046 60046 60050 60046 60049 60047 60048 60045 60044 60049 60045
   60045 60045 60045 60041 60039 60050]]

 [[    3     2     2     2     2     2     3     3     3     2     3
       3     3     2     3     2     3     2     3     2     2     3
       3     3     3     3     3     3     3     3     3     3     2
       3     3     3     2     2     2     2     2     2     2     3
       3     2     3     2     3     3     3     2     2     3     3
       3     3     3     3     3     3]
  [60050  1664  1463  2099  3748  3548 60023 60046 60054  3833 60046
   60022 60022   491 60051  3309 60035  5588 60047  3956  1051 60050
   60049 60044 60025 60045 60026 60031 60041 60052 60043 60041 18365
   60023 60028 60042  8073  1084  1158  1881  1506  1648  1076 60048
   60030  1029 60047  3029 60027 60051 60037  3776  9576 60050 60021
   60040 60050 60049 60021 60047 60046]]

 [[    3     2     2     2     2     2     3     3     3     3     3
       2     3     3     2     3     3     3     3     3     2     2
       3     3     2     2     2     2     2     2     2     3     3
       2     3     2     3     3     3     2     2     2     3     3
       3     3     3     3     3     2     2     3     2     2     2
       2     3     3     3     3     3]
  [60050   800  1668  3040  1939  5637 60023 60035 60040 60035 60037
    2331 60032 60041  2147 60022 60035 60039 60039 60027   677  5934
   60020 60020  4416  1215  2768  2835  8027  2300  2416 60028 60048
     445 60025  1558 60024 60040 60028  3365  3320  5118 60042 60053
   60031 60027 60020 60044 60044  3069  4209 60044  5357 28099   789
    3228 60055 60051 60047 60039 60025]]]
unstable
 
 err: 
done running mariposa 1237.3
Bisecting: 1034 revisions left to test after this (roughly 10 steps)
[0644194fc96a853df44c37f9e4522796aa40add8] work on lemma from product to factors, and some renaming
running python3 /home/yizhou7/mariposa/scripts/z3-bisect.py /home/yizhou7/mariposa/data/bisect_tasks/d_lvbkv_z3_clean--lib-Buckets-PackedStringArray.i.dfy.Impl__PackedStringArray.__default.BinarySearchIndexOfFirstKeyGte.txt
building z3
Bisecting: 1034 revisions left to test after this (roughly 10 steps)
[0321312c8db1d3f0edbd23e6e48884fbb7d77d1d] Changed to get_const_interp to match Java and C# bindings
running python3 /home/yizhou7/mariposa/scripts/z3-bisect.py /home/yizhou7/mariposa/data/bisect_tasks/d_lvbkv_z3_clean--lib-Buckets-PackedStringArray.i.dfy.Impl__PackedStringArray.__default.BinarySearchIndexOfFirstKeyGte.txt
building z3
done building z3 3.1
running mariposa
res: 1 
 out: [[[    2     2     2     2     2     2     2     2     2     2     2
       2     2     2     2     2     2     2     2     2     2     2
       2     2     2     2     2     2     2     2     2     2     2
       2     2     2     2     2     2     2     2     2     2     2
       2     2     2     2     2     2     2     2     2     2     2
       2     2     3     3     3     3]
  [ 1003   527   521   518   513   522   512   515   516   513  2060
    1671   532  3688  1844   509   517   521   515   528   517   523
     523   528   531  2205  3580   516  2066  2587  2826   528  1973
    3069   488  1707   542  2604  2695  4732   539   530   539   534
    2062   555   551   547  3936   549   535   551   592   602   602
    3291  3884 60036 60028 60043 60040]]

 [[    2     2     2     2     2     3     3     3     3     2     3
       2     3     3     2     3     3     2     3     3     3     3
       3     2     3     3     2     3     3     3     2     3     3
       3     2     2     3     2     2     3     2     3     3     3
       3     2     3     3     2     3     2     3     3     3     3
       2     2     3     3     3     3]
  [ 1003  2204  3279  1523  4581 60043 60042 60047 60049  1565 60046
    1892 60034 60019  2463 60043 60040 11294 60051 60043 60051 60020
   60043  2194 60044 60044  2691 60045 60049 60044  2279 60037 60036
   60040  3623  9282 60046  2360  1716 60047  6908 60049 60030 60042
   60038  1798 60041 60021  1530 60046  5565 60047 60043 60040 60039
    2497  5928 60045 60020 60049 60049]]

 [[    2     3     3     3     3     3     3     3     3     3     3
       3     3     3     3     2     2     2     2     2     2     2
       2     3     3     3     3     3     3     2     3     2     3
       3     3     2     3     3     3     2     2     2     3     3
       3     2     3     2     3     2     3     3     2     2     2
       2     3     3     3     3     3]
  [ 1003 60021 60024 60037 60028 60035 60031 60032 60025 60016 60022
   60036 60037 60022 60030   284  2481  3606  4045  4115  4351 35700
    1549 60042 60027 60041 60044 60048 60033  1719 60043  3001 60032
   60044 60043  1665 60045 60023 60040  4053  3026  3512 60049 60041
   60044  2238 60042  2842 60041  2222 60022 60042  1841  3137 11549
    1062 60032 60044 60039 60031 60045]]]
unstable
 
 err: 
done running mariposa 770.2
Bisecting: 261 revisions left to test after this (roughly 8 steps)
[6e637348826f0725ba8a01c455448023ca2889e4] Merge pull request #2368 from waywardmonkeys/fix-typo
running python3 /home/yizhou7/mariposa/scripts/z3-bisect.py /home/yizhou7/mariposa/data/bisect_tasks/d_lvbkv_z3_clean--lib-Buckets-PackedStringArray.i.dfy.Impl__PackedStringArray.__default.BinarySearchIndexOfFirstKeyGte.txt
building z3
done building z3 3.1
running mariposa
res: 1 
 out: [[[    2     3     3     2     3     3     3     3     3     3     3
       3     2     3     3     3     3     3     3     3     3     3
       3     3     2     2     2     2     2     2     2     3     2
       3     3     3     3     2     3     3     3     2     2     3
       3     3     3     3     3     3     3     3     3     3     2
       2     3     3     3     3     3]
  [ 1754 60047 60054  1238 60046 60050 60043 60043 60048 60047 60060
   60050  1719 60046 60023 60046 60049 60047 60054 60051 60048 60044
   60042 60049 10092  1331  1445 34580  2752  1001  2265 60054 16933
   60052 60046 60047 60045  1201 60049 60049 60045  1656  1373 60051
   60049 60045 60043 60053 60054 60052 60049 60051 60031 60046  1402
    2880 60047 60050 60054 60047 60044]]

 [[    2     2     2     2     2     3     2     3     3     3     3
       3     3     2     3     3     3     3     2     2     2     3
       2     2     3     3     2     2     3     3     2     3     3
       3     3     3     3     3     3     3     3     3     3     2
       2     3     3     3     3     2     3     3     3     2     2
       3     3     3     3     3     3]
  [ 1754  3818  5783  5655  5427 60054  1376 60052 60050 60027 60046
   60050 60053  1685 60057 60046 60047 60041  1243   938  2038 60041
    3538   637 60026 60029  6589  4279 60025 60024  5050 60055 60050
   60049 60053 60047 60045 60048 60047 60043 60049 60049 60027  5070
    1201 60024 60054 60048 60048  2748 60025 60051 60047  2343   347
   60050 60047 60043 60040 60040 60053]]

 [[    2     3     3     3     3     3     3     3     2     2     3
       3     3     3     3     3     2     2     3     3     3     3
       3     2     3     3     3     2     2     2     2     2     3
       3     3     3     3     2     3     3     2     3     3     3
       3     3     3     3     2     2     2     2     2     2     3
       3     3     3     3     3     3]
  [ 1754 60035 60037 60025 60030 60032 60033 60034  3159  2426 60044
   60028 60013 60032 60043 60021  2509  4753 60046 60032 60035 60038
   60034  1143 60034 60042 60040  6187  2203  2082  3809   623 60040
   60043 60036 60040 60032  5325 60040 60044  4550 60045 60044 60046
   60044 60040 60040 60041  2924  2135  3707  2158  4114  2307 60050
   60047 60035 60044 60038 60041 60023]]]
unstable
 
 err: 
done running mariposa 1160.6
Bisecting: 130 revisions left to test after this (roughly 7 steps)
[9b4f327e29de8eadd112e53af5a8fb9f430fabf7] set upload mode to replace
running python3 /home/yizhou7/mariposa/scripts/z3-bisect.py /home/yizhou7/mariposa/data/bisect_tasks/d_lvbkv_z3_clean--lib-Buckets-PackedStringArray.i.dfy.Impl__PackedStringArray.__default.BinarySearchIndexOfFirstKeyGte.txt
building z3
done building z3 3.1
running mariposa
res: 0 
 out: [[[   2    2    2    2    2    2    2    2    2    2    2    2    2    2
      2    2    2    2    2    2    2    2    2    2    2    2    2    2
      2    2    2    2    2    2    2    2    2    2    2    2    2    2
      2    2    2    2    2    2    2    2    2    2    2    2    2    2
      2    2    2    2    2]
  [2014 2755 2449 2382 3500 2366 2147 2368 3256 2756 2731 3249 2533 2274
   3481 2823 2904 2801 2867 1702 1763 3502 3271 2708 3087 3113 3182 3470
   2760 3436 4183 3615 2113 2680 3515 2779 3538 2948 1724 2767 2123 4200
   2815 2826 2854 1649 2766 2114 2599 2759 2294 1666 3244 3009 2563 2801
   2568 2421 2377 2711 2930]]

 [[   2    2    2    2    2    2    2    2    2    2    2    2    2    2
      2    2    2    2    2    2    2    2    2    2    2    2    2    2
      2    2    2    2    2    2    2    2    2    2    2    2    2    2
      2    2    2    2    2    2    2    2    2    2    2    2    2    2
      2    2    2    2    2]
  [2014 2656 2911 3191 1874 3107 2111 3542 2203 1291 1618 1955 2809 2394
   3691 4259 2957 1340 3575 2635 2827 3543 4043 2519 3618 1927 2350 2141
   2356 2330 1365 2914 2848 3761 3109 2252 2650 3065 3410 2527 4068 1405
   3645 2971 2718 1815 3206 3129 1937 2765 3811 3188 3341 2713 1609 1828
   2527 2065 2709 3338 3018]]

 [[   2    2    2    2    2    2    2    2    2    2    2    2    2    2
      2    2    2    2    2    2    2    2    2    2    2    2    2    2
      2    2    2    2    2    2    2    2    2    2    2    2    2    2
      2    2    2    2    2    2    2    2    2    2    2    2    2    2
      2    2    2    2    2]
  [2014 2160 2281 3156 3196 3264 3796 1473 2335 2911 2948 2887 2461 7565
   1337 3997 1556 4321 2085 1966 3673 2738 1511 3865 5962 3125 4146 1971
   2052 2106 1642 4980 3419 1883 2087 6347 1941 2868 2473 3387 3682 3460
   5254 2496 3625 2064 1200 2554 4038 6122 3359 3574 1520 4949 1758 2025
   3022 3274 4234 3892 4176]]]
stable
 
 err: 
done running mariposa 82.7
Bisecting: 65 revisions left to test after this (roughly 6 steps)
[42ac3a536369a7d4a7eafa1fa15b571b146ba594] merge with csp
running python3 /home/yizhou7/mariposa/scripts/z3-bisect.py /home/yizhou7/mariposa/data/bisect_tasks/d_lvbkv_z3_clean--lib-Buckets-PackedStringArray.i.dfy.Impl__PackedStringArray.__default.BinarySearchIndexOfFirstKeyGte.txt
building z3
done building z3 3.1
running mariposa
res: 0 
 out: [[[   2    2    2    2    2    2    2    2    2    2    2    2    2    2
      2    2    2    2    2    2    2    2    2    2    2    2    2    2
      2    2    2    2    2    2    2    2    2    2    2    2    2    2
      2    2    2    2    2    2    2    2    2    2    2    2    2    2
      2    2    2    2    2]
  [2026 2415 2750 2395 3515 2409 2156 2363 3207 2732 2724 3211 2575 2286
   2832 3531 2897 2787 2862 1702 1790 3432 3307 2736 3115 3127 3164 3460
   2774 3430 4210 3622 2121 2710 3493 2786 3505 2991 1723 2796 2102 4224
   2813 2814 2897 1644 2775 2118 2613 2769 2329 3196 1670 2982 2550 2791
   2571 2416 2420 2968 2709]]

 [[   2    2    2    2    2    2    2    2    2    2    2    2    2    2
      2    2    2    2    2    2    2    2    2    2    2    2    2    2
      2    2    2    2    2    2    2    2    2    2    2    2    2    2
      2    2    2    2    2    2    2    2    2    2    2    2    2    2
      2    2    2    2    2]
  [2026 2614 2908 3225 1865 3149 2095 2213 3571 1279 1620 1950 2801 2410
   3712 4313 2924 1308 3562 2649 2840 3560 2551 1914 4088 3615 2328 2141
   2356 2394 1359 2882 2913 3737 3091 2234 2611 3078 3467 2532 1392 4135
   3645 2962 2713 1846 3233 3127 1942 3802 2811 3150 3348 1644 2709 1826
   2065 2526 2751 3293 3051]]

 [[   2    2    2    2    2    2    2    2    2    2    2    2    2    2
      2    2    2    2    2    2    2    2    2    2    2    2    2    2
      2    2    2    2    2    2    2    2    2    2    2    2    2    2
      2    2    2    2    2    2    2    2    2    2    2    2    2    2
      2    2    2    2    2]
  [2026 2160 2282 3154 3199 3289 1478 3818 2325 2889 2960 2921 2502 7571
   1340 1550 3970 4323 2073 1975 3726 2732 3923 1533 5919 3126 4072 1996
   2071 1635 2115 4954 3449 1875 2068 6385 1952 2838 2481 3348 3674 3452
   5254 3665 2508 2046 1174 2582 4022 6116 3380 1501 3575 4927 1731 2029
   3043 3274 4249 3951 4171]]]
stable
 
 err: 
done running mariposa 82.8
Bisecting: 32 revisions left to test after this (roughly 5 steps)
[b4290d4b3d7c021965e9ce7ee636caac0f9cac74] python regression
running python3 /home/yizhou7/mariposa/scripts/z3-bisect.py /home/yizhou7/mariposa/data/bisect_tasks/d_lvbkv_z3_clean--lib-Buckets-PackedStringArray.i.dfy.Impl__PackedStringArray.__default.BinarySearchIndexOfFirstKeyGte.txt
building z3
done building z3 3.1
running mariposa
res: 1 
 out: [[[    2     2     2     2     2     2     2     3     3     3     3
       3     3     3     2     3     3     2     3     3     3     3
       3     2     3     2     3     2     3     3     2     3     3
       3     3     2     2     2     3     3     3     3     3     2
       3     3     3     3     3     2     3     3     3     2     2
       3     3     3     3     3     3]
  [ 2556  3330  4109  3570  8305  5799  5273 60026 60052 60046 60046
   60054 60049 60047  5340 60050 60046  2174 60053 60053 60048 60049
   60029  3828 60051 14121 60048  4676 60058 60048  6119 60054 60046
   60054 60029  3888  5149  6235 60051 60052 60039 60056 60049  4092
   60047 60048 60054 60049 60049  2126 60046 60053 60046  4901 11985
   60049 60050 60048 60044 60044 60041]]

 [[    2     2     2     2     3     2     3     3     3     2     2
       3     3     2     3     3     3     3     3     3     3     3
       3     2     3     3     2     3     2     3     3     3     2
       2     3     3     2     3     3     3     2     2     2     3
       3     3     2     3     3     3     2     3     2     2     2
       3     3     3     3     3     3]
  [ 2556  2088  4188  4843 60045  2635 60033 60031 60052  1565  1710
   60028 60051  1221 60047 60045 60048 60055 60049 60044 60052 60049
   60029  3724 60045 60031  1246 60048  2574 60045 60054 60032  1384
    2094 60048 60045  3286 60024 60043 60043  4183  3844  4037 60060
   60052 60052  4125 60046 60053 60048   768 60048  5127  2594  2970
   60022 60043 60055 60032 60067 60050]]

 [[    2     2     2     2     3     3     3     3     3     3     2
       2     2     2     3     2     3     3     3     2     3     2
       2     3     2     3     2     3     3     3     3     3     2
       3     2     2     2     3     2     3     2     3     3     3
       2     2     3     3     3     3     2     2     3     3     3
       2     3     3     3     3     3]
  [ 2556  2170 42340  1743 60038 60027 60036 60026 60033 60041  2679
    4962  7056  1514 60043  4538 60020 60041 60053  2461 60039  3554
    1962 60019  3827 60047  9292 60025 60048 60043 60041 60034  2106
   60041  5219  2847  4928 60043  2589 60021  4700 60143 60025 60041
     615  4205 60043 60042 60027 60043  3424  1854 60044 60044 60042
    2342 60038 60045 60048 60051 60043]]]
unstable
 
 err: 
done running mariposa 1061.7
Bisecting: 16 revisions left to test after this (roughly 4 steps)
[0f7ff2a3d016ce6cc0dcc2654a6aa0187bc55192] swap
running python3 /home/yizhou7/mariposa/scripts/z3-bisect.py /home/yizhou7/mariposa/data/bisect_tasks/d_lvbkv_z3_clean--lib-Buckets-PackedStringArray.i.dfy.Impl__PackedStringArray.__default.BinarySearchIndexOfFirstKeyGte.txt
building z3
done building z3 3.1
running mariposa
res: 0 
 out: [[[   2    2    2    2    2    2    2    2    2    2    2    2    2    2
      2    2    2    2    2    2    2    2    2    2    2    2    2    2
      2    2    2    2    2    2    2    2    2    2    2    2    2    2
      2    2    2    2    2    2    2    2    2    2    2    2    2    2
      2    2    2    2    2]
  [ 958 1524 1518 1459 1510 2085 2178 1405 1453 2505 2448 2038 1470 2105
   3162 2551 1826 1479 2235 1397 1438 1866 2140 1421 2056 1513 2021 2573
   1895 1412 2064 1475 2288 2696 1372 1966 2102 1420 3122 1532 2094 1873
   1463 2582 3862 1456 1466 1659 2076 1469 6601 1412 1465 1906 1450 6593
   1937 5073 2967 2387 2631]]

 [[   2    2    2    2    2    2    2    2    2    2    2    2    2    2
      2    2    2    2    2    2    2    2    2    2    2    2    2    2
      2    2    2    2    2    2    2    2    2    2    2    2    2    2
      2    2    2    2    2    2    2    2    2    2    2    2    2    2
      2    2    2    2    2]
  [ 958 1959 1331 1356 1801 1362  896 2443 1186 4591 2426 1219 1981 3012
   3675 2143 2098  743 2553 2317 1712 3503 2150 4026 3384 2103  907 1164
   1471  989 3077 2205  961 2364 3057 1703 1877 1439 3916 2962 3223 1079
   3983 4319 2879 1063 1781 1615 2288 2165 5051 4081 2445 2047 1350  719
   1340 4053 3194 4616 3234]]

 [[   2    2    2    2    2    2    2    2    2    2    2    2    2    2
      2    2    2    2    2    2    2    2    2    2    2    2    2    2
      2    2    2    2    2    2    2    2    2    2    2    2    2    2
      2    2    2    2    2    2    2    2    2    2    2    2    2    2
      2    2    2    2    2]
  [ 958 1281 1556 2248 2387 3710 3741 4089 1922 2970 4183 3636 2127 2880
   3770 2856 2487 1939 1603 5512 4097 3281 2059 3132 4136 4835 2060 2487
   1464 4542 2946 2685 2265 3353 3250 3523 3344 4584 5477 1699 2052 2154
   1604 3731 4046 2531 2827 3233 2114 2542 2756 2588 1706 1397 1430 2434
   2772 4640 5158 2581 6576]]]
stable
 
 err: 
done running mariposa 72.1
Bisecting: 7 revisions left to test after this (roughly 3 steps)
[89e8a1392c992a6c37b8c5320b9e4b9b506bd4a1] na
running python3 /home/yizhou7/mariposa/scripts/z3-bisect.py /home/yizhou7/mariposa/data/bisect_tasks/d_lvbkv_z3_clean--lib-Buckets-PackedStringArray.i.dfy.Impl__PackedStringArray.__default.BinarySearchIndexOfFirstKeyGte.txt
building z3
done building z3 3.1
running mariposa
res: 1 
 out: [[[    2     2     2     2     2     2     2     3     3     3     3
       3     3     3     2     3     3     2     3     3     3     3
       3     2     3     2     3     2     3     3     2     3     3
       3     3     2     2     2     3     3     3     3     3     2
       3     3     3     3     3     2     3     3     3     2     2
       3     3     3     3     3     3]
  [ 2574  3278  4091  3529  8212  5688  5209 60026 60056 60045 60046
   60055 60049 60046  5373 60050 60049  2221 60053 60051 60050 60049
   60029  3797 60049 14083 60047  4697 60054 60047  6167 60054 60048
   60054 60028  3920  5190  6283 60050 60052 60040 60054 60049  4119
   60048 60048 60054 60050 60050  2138 60047 60053 60047  4835 12010
   60049 60049 60049 60043 60047 60043]]

 [[    2     2     2     2     3     2     3     3     3     2     2
       3     3     2     3     3     3     3     3     3     3     3
       3     2     3     3     2     3     3     2     3     3     2
       2     3     3     2     3     3     3     2     2     2     3
       3     3     2     3     3     3     2     3     2     2     2
       3     3     3     3     3     3]
  [ 2574  2132  4220  4813 60044  2601 60033 60032 60052  1552  1744
   60027 60052  1226 60048 60046 60047 60055 60050 60043 60054 60049
   60028  3708 60046 60031  1276 60048 60048  2636 60055 60031  1384
    2119 60049 60045  3348 60026 60043 60047  4244  3787  4109 60061
   60054 60050  4089 60045 60053 60049   798 60046  5167  2648  3029
   60022 60044 60054 60033 60065 60052]]

 [[    2     2     2     2     3     3     3     3     3     3     2
       2     2     2     3     2     3     3     3     2     3     2
       2     3     2     3     2     3     3     3     3     3     2
       3     2     2     2     3     2     3     2     3     3     3
       2     2     3     3     3     3     2     2     3     3     3
       2     3     3     3     3     3]
  [ 2574  2180 42005  1711 60038 60028 60028 60035 60036 60041  2691
    5024  6997  1505 60046  4505 60019 60043 60052  2472 60041  3566
    1980 60021  3803 60048  9132 60025 60050 60044 60041 60036  2108
   60040  5240  2842  4940 60043  2613 60019  4663 60141 60027 60042
     621  4153 60043 60042 60027 60042  3458  1852 60048 60042 60040
    2354 60040 60044 60048 60053 60046]]]
unstable
 
 err: 
done running mariposa 1062.0
Bisecting: 4 revisions left to test after this (roughly 2 steps)
[1827f98851e1866187abe743afd2d80bc786412f] more fixes for mutexes in shell
running python3 /home/yizhou7/mariposa/scripts/z3-bisect.py /home/yizhou7/mariposa/data/bisect_tasks/d_lvbkv_z3_clean--lib-Buckets-PackedStringArray.i.dfy.Impl__PackedStringArray.__default.BinarySearchIndexOfFirstKeyGte.txt
building z3
done building z3 3.0
running mariposa
res: 0 
 out: [[[   2    2    2    2    2    2    2    2    2    2    2    2    2    2
      2    2    2    2    2    2    2    2    2    2    2    2    2    2
      2    2    2    2    2    2    2    2    2    2    2    2    2    2
      2    2    2    2    2    2    2    2    2    2    2    2    2    2
      2    2    2    2    2]
  [ 968 1518 1517 1461 1507 2142 2091 1395 1444 2498 2448 2026 1459 2106
   3175 2555 1839 1445 1393 2238 1444 1877 2147 1423 2079 1516 2040 2521
   1873 1412 2071 1497 2319 2701 1372 1948 2105 1423 3068 1519 2104 1835
   1458 2580 3958 1454 1463 1626 2074 1471 6663 1417 1455 1899 1474 6513
   1920 5057 2943 2433 2720]]

 [[   2    2    2    2    2    2    2    2    2    2    2    2    2    2
      2    2    2    2    2    2    2    2    2    2    2    2    2    2
      2    2    2    2    2    2    2    2    2    2    2    2    2    2
      2    2    2    2    2    2    2    2    2    2    2    2    2    2
      2    2    2    2    2]
  [ 968 1959 1318 1803 1365 1377  905 1175 2467 4590 2403 1209 1961 3017
   2145 3683 2113  738 2563 2347 1712 3963 3527 2139 2122 3358  909 1162
    983 1453 3135 2171  974 2389 3040 1725 1881 1456 3833 3229 2956 1088
   3974 4343 2883 1076 1769 1621 2279 2164 5000 4054 2458 2066 1345  722
   1321 4037 3182 4616 3283]]

 [[   2    2    2    2    2    2    2    2    2    2    2    2    2    2
      2    2    2    2    2    2    2    2    2    2    2    2    2    2
      2    2    2    2    2    2    2    2    2    2    2    2    2    2
      2    2    2    2    2    2    2    2    2    2    2    2    2    2
      2    2    2    2    2]
  [ 968 1286 1535 2281 2395 3715 3731 4038 1925 3015 4143 3621 2078 2882
   3843 2860 1930 2513 1588 5509 4012 2040 3278 3142 4211 4881 2038 2489
   1442 4542 2980 2659 2258 3296 3257 3573 3348 4580 5509 1695 2060 2143
   3739 1615 4011 2815 2575 3233 2115 2530 2554 2818 1703 1398 1420 2440
   2807 4600 5207 2603 6569]]]
stable
 
 err: 
done running mariposa 72.0
Bisecting: 1 revision left to test after this (roughly 1 step)
[5177cc4a9a58df192c6a844ca13abf7e7cd3be15] change lt
running python3 /home/yizhou7/mariposa/scripts/z3-bisect.py /home/yizhou7/mariposa/data/bisect_tasks/d_lvbkv_z3_clean--lib-Buckets-PackedStringArray.i.dfy.Impl__PackedStringArray.__default.BinarySearchIndexOfFirstKeyGte.txt
building z3
done building z3 3.1
running mariposa
res: 1 
 out: [[[    2     2     2     2     2     2     2     3     3     3     3
       3     3     3     2     3     3     2     3     3     3     3
       3     2     3     2     3     2     3     3     2     3     3
       3     3     2     2     2     3     3     3     3     3     2
       3     3     3     3     3     2     3     3     3     2     2
       3     3     3     3     3     3]
  [ 2521  3290  4148  3474  8330  5658  5243 60023 60055 60045 60046
   60055 60050 60046  5392 60050 60049  2183 60053 60052 60049 60049
   60029  3796 60051 14212 60047  4631 60058 60048  6089 60055 60049
   60055 60028  3965  5255  6355 60052 60051 60038 60055 60050  4132
   60048 60047 60052 60048 60051  2224 60048 60051 60046  4858 12025
   60048 60048 60048 60043 60045 60041]]

 [[    2     2     2     2     3     2     3     3     3     2     2
       3     3     2     3     3     3     3     3     3     3     3
       3     2     3     3     2     3     3     2     3     3     2
       2     3     3     2     3     3     3     2     2     2     3
       3     3     2     3     3     3     2     3     2     2     2
       3     3     3     3     3     3]
  [ 2521  2113  4200  4826 60044  2592 60033 60032 60051  1554  1730
   60028 60054  1233 60048 60045 60048 60055 60050 60043 60054 60049
   60028  3674 60044 60030  1249 60048 60047  2575 60055 60030  1375
    2110 60048 60044  3313 60025 60044 60047  4223  3793  4137 60061
   60051 60052  4101 60047 60054 60048   771 60046  5142  2610  2987
   60022 60046 60056 60032 60069 60053]]

 [[    2     2     2     2     3     3     3     3     3     3     2
       2     2     2     3     2     3     3     3     2     3     2
       2     3     2     3     2     3     3     3     3     3     2
       3     2     2     2     3     2     3     2     3     3     3
       2     2     3     3     3     3     2     2     3     3     3
       2     3     3     3     3     3]
  [ 2521  2123 42059  1706 60031 60042 60027 60034 60036 60041  2664
    5066  6982  1498 60047  4501 60018 60042 60050  2447 60040  3571
    1994 60021  3813 60049  9117 60025 60050 60043 60042 60036  2106
   60040  5136  2849  4976 60043  2615 60021  4675 60142 60026 60045
     624  4162 60043 60041 60027 60042  3414  1856 60046 60041 60039
    2357 60040 60045 60048 60054 60045]]]
unstable
 
 err: 
done running mariposa 1061.9
Bisecting: 0 revisions left to test after this (roughly 1 step)
[7c9d2e0d75757ed6aa535f72c7dec70d5a527fed] pydoc test
running python3 /home/yizhou7/mariposa/scripts/z3-bisect.py /home/yizhou7/mariposa/data/bisect_tasks/d_lvbkv_z3_clean--lib-Buckets-PackedStringArray.i.dfy.Impl__PackedStringArray.__default.BinarySearchIndexOfFirstKeyGte.txt
building z3
done building z3 3.1
running mariposa
res: 0 
 out: [[[   2    2    2    2    2    2    2    2    2    2    2    2    2    2
      2    2    2    2    2    2    2    2    2    2    2    2    2    2
      2    2    2    2    2    2    2    2    2    2    2    2    2    2
      2    2    2    2    2    2    2    2    2    2    2    2    2    2
      2    2    2    2    2]
  [ 950 1550 1522 1474 1509 2149 2127 1408 1443 2449 2439 2075 2101 1462
   2549 3149 1802 1387 1481 1433 2228 1870 2149 2070 1423 1501 2014 2516
   1899 1421 2053 1490 2285 2696 1375 1971 2107 1420 3052 1517 2104 1837
   2616 1454 3862 1462 1463 1649 2062 1448 6568 1428 1451 1928 1445 6513
   1949 5073 2954 2385 2686]]

 [[   2    2    2    2    2    2    2    2    2    2    2    2    2    2
      2    2    2    2    2    2    2    2    2    2    2    2    2    2
      2    2    2    2    2    2    2    2    2    2    2    2    2    2
      2    2    2    2    2    2    2    2    2    2    2    2    2    2
      2    2    2    2    2]
  [ 950 1924 1791 1322 1352 1356  896 2440 1182 4580 2492 1211 1964 2971
   2137 3683 2095  749 2608 2308 1689 3519 3962 2165 3341  906 2114 1140
   1452  977 3084 2168  962 2394 3059 1712 1876 1457 3819 2969 3187 1097
   4389 3977 2911 1057 1771 1621 2160 2318 5037 3964 2458 2036 1368  723
   1316 4028 3108 4589 3241]]

 [[   2    2    2    2    2    2    2    2    2    2    2    2    2    2
      2    2    2    2    2    2    2    2    2    2    2    2    2    2
      2    2    2    2    2    2    2    2    2    2    2    2    2    2
      2    2    2    2    2    2    2    2    2    2    2    2    2    2
      2    2    2    2    2]
  [ 950 1276 1549 2239 2378 3743 3780 3999 1927 3017 4131 3631 2088 2869
   3784 2873 1921 2493 1585 5616 4033 2056 3267 3168 4126 4779 2016 2500
   1445 2953 4609 2699 3319 2280 3260 3496 3365 5424 4567 1662 2046 2144
   1579 3744 4055 2808 2548 3269 2100 2532 2769 1680 2545 1390 1398 2444
   2771 4595 5272 2596 6616]]]
stable
 
 err: 
done running mariposa 72.0
5177cc4a9a58df192c6a844ca13abf7e7cd3be15 is the first bad commit
commit 5177cc4a9a58df192c6a844ca13abf7e7cd3be15
Author: Nikolaj Bjorner <nbjorner@microsoft.com>
Date:   Fri Jun 21 09:08:20 2019 +0200

    change lt
    
    Signed-off-by: Nikolaj Bjorner <nbjorner@microsoft.com>

 src/ast/ast_lt.h                   | 4 ++++
 src/ast/rewriter/bool_rewriter.cpp | 6 ++++--
 2 files changed, 8 insertions(+), 2 deletions(-)
bisect run success
git bisect start
# good: [e79542cc689d52ec4cb34ce4ae3fbe56e7a0bf70] fix #2309
git bisect good e79542cc689d52ec4cb34ce4ae3fbe56e7a0bf70
# bad: [ad55a1f1c617a7f0c3dd735c0780fc758424c7f1] Update release.yml for Azure Pipelines
git bisect bad ad55a1f1c617a7f0c3dd735c0780fc758424c7f1
# skip: [e2702f3ae88f5c48a55f4473bb5c29184c182634] fixes in assigning constraints to intervals
git bisect skip e2702f3ae88f5c48a55f4473bb5c29184c182634
# skip: [1915812f84cf41a5f232eedf2a695a54d055aa88] add a test for intervals
git bisect skip 1915812f84cf41a5f232eedf2a695a54d055aa88
# bad: [8faf35e2e0c8fce99794e71bd3b5de74b95ceb5a] fix #3735
git bisect bad 8faf35e2e0c8fce99794e71bd3b5de74b95ceb5a
# skip: [d1a5635b4ad7f8632356b380f3a9b1fc83fdb04f] better model based lemmaas
git bisect skip d1a5635b4ad7f8632356b380f3a9b1fc83fdb04f
# skip: [0a86bd14f792ef5fadb8eeb346729a612f7e1588] start on test nla
git bisect skip 0a86bd14f792ef5fadb8eeb346729a612f7e1588
# bad: [f7747d9e76bd685a02ce5c5fbda91fc356856b5e] fix parameter collection for tactic-based solvers reported in #3065
git bisect bad f7747d9e76bd685a02ce5c5fbda91fc356856b5e
# skip: [0644194fc96a853df44c37f9e4522796aa40add8] work on lemma from product to factors, and some renaming
git bisect skip 0644194fc96a853df44c37f9e4522796aa40add8
# bad: [0321312c8db1d3f0edbd23e6e48884fbb7d77d1d] Changed to get_const_interp to match Java and C# bindings
git bisect bad 0321312c8db1d3f0edbd23e6e48884fbb7d77d1d
# bad: [6e637348826f0725ba8a01c455448023ca2889e4] Merge pull request #2368 from waywardmonkeys/fix-typo
git bisect bad 6e637348826f0725ba8a01c455448023ca2889e4
# good: [9b4f327e29de8eadd112e53af5a8fb9f430fabf7] set upload mode to replace
git bisect good 9b4f327e29de8eadd112e53af5a8fb9f430fabf7
# good: [42ac3a536369a7d4a7eafa1fa15b571b146ba594] merge with csp
git bisect good 42ac3a536369a7d4a7eafa1fa15b571b146ba594
# bad: [b4290d4b3d7c021965e9ce7ee636caac0f9cac74] python regression
git bisect bad b4290d4b3d7c021965e9ce7ee636caac0f9cac74
# good: [0f7ff2a3d016ce6cc0dcc2654a6aa0187bc55192] swap
git bisect good 0f7ff2a3d016ce6cc0dcc2654a6aa0187bc55192
# bad: [89e8a1392c992a6c37b8c5320b9e4b9b506bd4a1] na
git bisect bad 89e8a1392c992a6c37b8c5320b9e4b9b506bd4a1
# good: [1827f98851e1866187abe743afd2d80bc786412f] more fixes for mutexes in shell
git bisect good 1827f98851e1866187abe743afd2d80bc786412f
# bad: [5177cc4a9a58df192c6a844ca13abf7e7cd3be15] change lt
git bisect bad 5177cc4a9a58df192c6a844ca13abf7e7cd3be15
# good: [7c9d2e0d75757ed6aa535f72c7dec70d5a527fed] pydoc test
git bisect good 7c9d2e0d75757ed6aa535f72c7dec70d5a527fed
# first bad commit: [5177cc4a9a58df192c6a844ca13abf7e7cd3be15] change lt
