running python3 /home/yizhou7/mariposa/scripts/z3-bisect.py /home/yizhou7/mariposa/data/bisect_tasks/d_lvbkv_z3_clean--BlockCacheSystem-BetreeSystem.i.dfy.Impl__BetreeSystem.__default.BlockCacheMoveStepPreservesInv.txt
building z3
Bisecting: 1453 revisions left to test after this (roughly 11 steps)
[1915812f84cf41a5f232eedf2a695a54d055aa88] add a test for intervals
running python3 /home/yizhou7/mariposa/scripts/z3-bisect.py /home/yizhou7/mariposa/data/bisect_tasks/d_lvbkv_z3_clean--BlockCacheSystem-BetreeSystem.i.dfy.Impl__BetreeSystem.__default.BlockCacheMoveStepPreservesInv.txt
building z3
Bisecting: 1453 revisions left to test after this (roughly 11 steps)
[8faf35e2e0c8fce99794e71bd3b5de74b95ceb5a] fix #3735
running python3 /home/yizhou7/mariposa/scripts/z3-bisect.py /home/yizhou7/mariposa/data/bisect_tasks/d_lvbkv_z3_clean--BlockCacheSystem-BetreeSystem.i.dfy.Impl__BetreeSystem.__default.BlockCacheMoveStepPreservesInv.txt
building z3
done building z3 3.2
running mariposa
res: 1 
 out: [[[    3     3     3     3     3     3     3     3     3     3     3
       3     3     3     3     3     3     3     3     3     3     3
       3     3     3     3     3     3     3     3     3     3     3
       3     3     3     3     3     3     3     3     3     3     3
       3     3     3     3     3     3     3     3     3     3     3
       3     3     3     3     3     3]
  [60016 60020 60020 60020 60023 60019 60022 60019 60018 60019 60019
   60020 60019 60021 60019 60020 60021 60020 60022 60019 60022 60020
   60020 60022 60020 60022 60018 60021 60019 60020 60020 60019 60020
   60018 60022 60019 60020 60021 60019 60019 60019 60021 60021 60020
   60021 60019 60020 60018 60022 60020 60020 60021 60020 60019 60018
   60019 60019 60017 60020 60018 60019]]

 [[    3     2     2     3     3     3     3     3     3     3     3
       3     3     3     3     2     2     3     3     3     3     2
       3     3     3     3     3     2     3     3     2     2     3
       3     3     2     2     3     3     3     3     2     3     2
       2     3     3     3     3     3     3     3     3     3     3
       3     3     3     3     3     3]
  [60016  2882 16690 60019 60020 60019 60019 60021 60020 60020 60026
   60018 60019 60017 60020 27058 34992 60027 60025 60021 60017 11121
   60024 60018 60025 60026 60021  8037 60022 60026  9841 16194 60023
   60019 60021 20915 48951 60020 60019 60019 60020 42426 60024 43886
   47542 60019 60021 60019 60019 60023 60019 60018 60021 60019 60019
   60021 60020 60024 60023 60020 60019]]

 [[    3     2     2     2     2     2     3     3     3     2     3
       3     2     3     2     3     3     3     2     3     2     2
       3     2     3     3     3     2     3     3     2     3     2
       3     2     3     2     3     2     2     2     3     3     2
       2     2     3     3     3     2     2     3     2     2     2
       2     3     2     3     3     3]
  [60016  4978  9392 12131 41078 52248 60020 60017 60024  5174 60020
   60019 19162 60020 42331 60022 60024 60021  6360 60019 18386  9922
   60018  6912 60027 60020 60026  5309 60019 60025  4816 60019 11214
   60024 10264 60024 12252 60018  6384  9460  3935 60021 60022 24476
    6023  2288 60021 60021 60020 13359  4820 60018 12768  6904 48837
    9613 60021 13135 60024 60020 60020]]]
unstable
 
 err: 
done running mariposa 1388.1
Bisecting: 1254 revisions left to test after this (roughly 10 steps)
[d1a5635b4ad7f8632356b380f3a9b1fc83fdb04f] better model based lemmaas
running python3 /home/yizhou7/mariposa/scripts/z3-bisect.py /home/yizhou7/mariposa/data/bisect_tasks/d_lvbkv_z3_clean--BlockCacheSystem-BetreeSystem.i.dfy.Impl__BetreeSystem.__default.BlockCacheMoveStepPreservesInv.txt
building z3
Bisecting: 1254 revisions left to test after this (roughly 10 steps)
[0a86bd14f792ef5fadb8eeb346729a612f7e1588] start on test nla
running python3 /home/yizhou7/mariposa/scripts/z3-bisect.py /home/yizhou7/mariposa/data/bisect_tasks/d_lvbkv_z3_clean--BlockCacheSystem-BetreeSystem.i.dfy.Impl__BetreeSystem.__default.BlockCacheMoveStepPreservesInv.txt
building z3
Bisecting: 1254 revisions left to test after this (roughly 10 steps)
[f7747d9e76bd685a02ce5c5fbda91fc356856b5e] fix parameter collection for tactic-based solvers reported in #3065
running python3 /home/yizhou7/mariposa/scripts/z3-bisect.py /home/yizhou7/mariposa/data/bisect_tasks/d_lvbkv_z3_clean--BlockCacheSystem-BetreeSystem.i.dfy.Impl__BetreeSystem.__default.BlockCacheMoveStepPreservesInv.txt
building z3
done building z3 3.2
running mariposa
res: 1 
 out: [[[    3     3     3     3     3     3     3     3     3     3     3
       3     3     3     3     3     3     3     3     3     3     3
       3     3     3     3     3     3     3     3     3     3     3
       3     3     3     3     3     3     3     3     3     3     3
       3     3     3     3     3     3     3     3     3     3     3
       3     3     3     3     3     3]
  [60016 60019 60020 60020 60021 60019 60021 60019 60018 60020 60019
   60021 60018 60021 60019 60019 60019 60020 60020 60018 60020 60020
   60020 60019 60020 60020 60018 60021 60019 60020 60018 60021 60020
   60017 60021 60019 60020 60020 60021 60020 60018 60019 60020 60019
   60020 60021 60020 60019 60021 60019 60018 60018 60024 60020 60019
   60019 60018 60018 60017 60018 60019]]

 [[    3     2     2     3     3     3     3     3     3     3     3
       3     3     3     3     2     3     3     3     3     3     3
       2     3     3     2     2     3     3     3     2     3     3
       2     3     3     3     2     3     3     3     3     3     3
       3     3     3     2     3     3     3     3     3     3     3
       3     3     3     3     3     3]
  [60016  6134 15441 60018 60024 60019 60019 60021 60019 60020 60020
   60021 60018 60020 60019 29057 60022 60020 60021 60024 60021 60022
   12113 60018 60020  8641  9193 60021 60020 60024 13680 60025 60022
   18884 60022 60020 60023 45569 60019 60023 60018 60021 60023 60019
   60020 60019 60020 18141 60019 60020 60021 60021 60021 60019 60027
   60022 60018 60024 60020 60022 60022]]

 [[    3     2     2     2     2     2     2     2     3     3     3
       3     3     2     2     3     3     2     2     2     3     3
       3     2     3     2     2     2     3     3     2     3     3
       3     2     2     3     3     2     2     2     2     3     2
       2     2     3     2     3     3     2     2     2     2     2
       3     2     3     3     3     3]
  [60016  5018  8987  9776 10025 26835 29784  5474 60023 60017 60016
   60020 60022 11074 16023 60019 60018 14811 48395  4678 60022 60023
   60024 11349 60020 22910 10475 16397 60020 60024  5458 60020 60021
   60019  6318  5012 60018 60023 15468 12406  4392  7749 60024 24205
   11834  2640 60022 10191 60021 60020 12373  4865 30947  4762  8991
   60020  9859 60021 60023 60019 60021]]]
unstable
 
 err: 
done running mariposa 1366.9
Bisecting: 1034 revisions left to test after this (roughly 10 steps)
[0644194fc96a853df44c37f9e4522796aa40add8] work on lemma from product to factors, and some renaming
running python3 /home/yizhou7/mariposa/scripts/z3-bisect.py /home/yizhou7/mariposa/data/bisect_tasks/d_lvbkv_z3_clean--BlockCacheSystem-BetreeSystem.i.dfy.Impl__BetreeSystem.__default.BlockCacheMoveStepPreservesInv.txt
building z3
Bisecting: 1034 revisions left to test after this (roughly 10 steps)
[0321312c8db1d3f0edbd23e6e48884fbb7d77d1d] Changed to get_const_interp to match Java and C# bindings
running python3 /home/yizhou7/mariposa/scripts/z3-bisect.py /home/yizhou7/mariposa/data/bisect_tasks/d_lvbkv_z3_clean--BlockCacheSystem-BetreeSystem.i.dfy.Impl__BetreeSystem.__default.BlockCacheMoveStepPreservesInv.txt
building z3
done building z3 3.1
running mariposa
res: 1 
 out: [[[    2     2     2     2     2     2     2     2     2     2     2
       2     2     2     2     2     2     2     2     2     2     2
       2     2     2     2     2     2     2     2     2     2     2
       2     2     2     2     2     2     2     2     2     2     2
       2     2     2     2     2     2     2     2     2     2     2
       2     2     2     2     2     2]
  [ 2839  3988  4651  3981  4097  4530  4347  4803  4837  3904  5071
    4578  4757  3571  4118  4505  4186  4221  5520  6298  4610  4573
    3669  4355  3543  3554  3905  3520  3979  3567  3898  3983  3853
    4361  5458  3402  3761  3710  5730  4280  4013  3798  3779  4159
    3551  3399  5302  3556  4075  3898  3492  4122  4778  3869  3891
    4418  3599  3138  3458  4764  3593]]

 [[    2     2     2     2     3     3     2     3     3     2     3
       2     3     3     2     2     3     2     3     2     2     2
       2     3     3     3     3     2     2     2     2     3     3
       3     2     3     3     2     3     3     2     3     2     3
       2     3     3     2     2     3     3     2     3     3     2
       2     2     3     3     3     3]
  [ 2839 12125 21879 22573 60024 60024  6124 60019 60019 27911 60019
   15494 60020 60022 11858  2580 60026 15015 60019 12636  5365 24869
    8692 60023 60019 60019 60020 10877 28176 27507 38391 60023 60021
   60021  4510 60027 60021 19378 60020 60019  5008 60018 13092 60018
   55259 60019 60019  5229 50216 60019 60023 29611 60025 60020 36987
   13822 33384 60024 60023 60025 60019]]

 [[    2     2     2     2     2     2     2     3     3     3     3
       3     3     2     2     3     2     2     3     3     3     2
       2     2     2     2     3     2     2     2     2     3     3
       3     2     2     2     2     3     3     3     3     2     2
       3     2     3     2     2     3     3     2     2     2     2
       3     2     2     3     2     3]
  [ 2839  5924  6328 12413 25229 28894 38055 60016 60025 60018 60024
   60019 60018  6435  5935 60020  6498 29888 60022 60019 60017 14201
    4755  9409 30459 16442 60021  9574 18883  4187 20786 60023 60019
   60019  5927 10431  9401  3974 60019 60021 60019 60024 21587 40049
   60018 58950 60018  9812 53224 60024 60018 27189 12012  7441  7495
   60020 44282 18824 60020 35154 60020]]]
unstable
 
 err: 
done running mariposa 717.7
Bisecting: 261 revisions left to test after this (roughly 8 steps)
[6e637348826f0725ba8a01c455448023ca2889e4] Merge pull request #2368 from waywardmonkeys/fix-typo
running python3 /home/yizhou7/mariposa/scripts/z3-bisect.py /home/yizhou7/mariposa/data/bisect_tasks/d_lvbkv_z3_clean--BlockCacheSystem-BetreeSystem.i.dfy.Impl__BetreeSystem.__default.BlockCacheMoveStepPreservesInv.txt
building z3
done building z3 3.1
running mariposa
res: 1 
 out: [[[    2     2     2     2     2     2     2     2     2     2     2
       2     2     2     2     2     2     2     2     2     2     2
       2     2     2     2     2     2     2     2     2     2     2
       2     2     2     2     2     2     2     2     2     2     2
       2     2     2     2     2     2     2     2     2     2     2
       2     2     2     2     2     2]
  [ 3255  5154  5056  5030  4966  5012  5007  4919  4919  4936  4940
    4991  4903  4821  4870  4918  4965  4835  4795  4783  4892  4846
    4903  4965  4843  4862  4790  4874  4866  4879  4881  4876  4892
    4797  4911  4863  4880  4860  4853  4897  4793  4919  4903  4898
    4852  4865  4784  4886  4866  4929  4900  4900  4783  4800  4885
    4790  4870  4834  4770  4514  4396]]

 [[    2     2     2     2     2     2     3     2     2     2     3
       2     2     2     3     2     2     3     3     2     2     2
       3     3     2     2     3     2     3     3     3     2     2
       2     3     3     2     3     2     2     2     2     2     2
       2     2     2     3     2     2     3     2     2     2     3
       2     3     2     3     2     2]
  [ 3255  4438 19253 28158 11441 21865 60024 25484 24811 16252 60018
   27277 13744 21212 60020  5636  1965 60018 60023 25225 21858  6803
   60019 60018  7234  3918 60021  7840 60025 60020 60019 20346 26737
   22319 60019 60020 13631 60017  6215  4665  3678 14774  3630  4454
    2448  4981 25331 60018  3904  3807 60021 56927 23831  7460 60020
   32325 60017 17206 60018 23504 28854]]

 [[    2     2     2     2     2     2     2     3     3     3     3
       3     2     3     2     2     2     2     3     3     3     2
       2     3     2     3     2     2     3     2     3     2     2
       3     2     2     3     2     2     2     3     3     2     2
       2     2     3     3     3     2     3     2     3     2     2
       2     3     3     3     3     3]
  [ 3255  5836  3562 13347 27949 11390  7974 60020 60017 60019 60022
   60018 12140 60019  4749 21361 34200  4393 60024 60022 60020  7006
   11969 60021  4090 60025  4208  3170 60022 14470 60024 10531  4544
   60021 22482 13145 60019  5211  4606 59724 60019 60018 13084 19075
    6485 13474 60027 60019 60021  4019 60019 14584 60017 21105  5284
   14871 60019 60025 60024 60018 60019]]]
unstable
 
 err: 
done running mariposa 608.4
Bisecting: 130 revisions left to test after this (roughly 7 steps)
[9b4f327e29de8eadd112e53af5a8fb9f430fabf7] set upload mode to replace
running python3 /home/yizhou7/mariposa/scripts/z3-bisect.py /home/yizhou7/mariposa/data/bisect_tasks/d_lvbkv_z3_clean--BlockCacheSystem-BetreeSystem.i.dfy.Impl__BetreeSystem.__default.BlockCacheMoveStepPreservesInv.txt
building z3
done building z3 3.0
running mariposa
res: 0 
 out: [[[    2     2     2     2     2     2     2     2     2     2     2
       2     2     2     2     2     2     2     2     2     2     2
       2     2     2     2     2     2     2     2     2     2     2
       2     2     2     2     2     2     2     2     2     2     2
       2     2     2     2     2     2     2     2     2     2     2
       2     2     2     2     2     2]
  [ 8709 14426 14426 14659 14680 14347 14343 14510 14570 14544 14651
   14590 14301 14563 14757 14183 14436 14427 14817 14399 14399 14781
   14391 14322 14535 14687 14496 14316 14207 14566 14772 14791 15147
   14382 14522 14654 14367 14521 14515 14773 14765 14557 14123 14458
   14473 14432 14742 14661 14619 14432 14475 14420 14268 14747 14528
   14770 13807 13357 13237 11709 11280]]

 [[    2     2     2     2     2     2     2     2     2     2     2
       2     2     2     2     2     2     2     2     2     2     2
       2     2     2     2     2     2     2     2     2     2     2
       2     2     2     2     2     2     2     2     2     2     2
       2     2     2     2     2     2     2     2     2     2     2
       2     2     2     2     2     2]
  [ 8709 14404 14505 14794 14266 14526 14237 14399 14469 14703 14194
   14269 14312 14549 14471 14753 14430 14511 14315 14427 14396 14469
   14569 14574 14703 14255 14446 14298 14242 14595 14308 14538 14201
   14687 14637 14355 14465 14588 14572 14422 14284 14439 14501 14277
   14344 14530 14193 14501 14377 14633 14300 14266 14611 14338 14451
   14279 14488 14463 14563 14285 14304]]

 [[    2     2     2     2     2     2     2     2     2     2     2
       2     2     2     2     2     2     2     2     2     2     2
       2     2     2     2     2     2     2     2     2     2     2
       2     2     2     2     2     2     2     2     2     2     2
       2     2     2     2     2     2     2     2     2     2     2
       2     2     2     2     2     2]
  [ 8709 12399 12527 13513 14278 14763 14798 15572 13706 14709 13592
   13353 13637 15085 14661 13567 15394 14813 15034 14414 12971 14659
   12610 13325 14346 14737 13851 13265 14803 12678 12798 14560 13255
   13720 13619 15031 12317 12804 14721 13547 14223 15046 15035 13032
   15246 14737 14796 13094 15037 14795 14737 13683 13474 14732 13256
   13616 14608 14764 12766 13683 15050]]]
stable
 
 err: 
done running mariposa 396.2
Bisecting: 65 revisions left to test after this (roughly 6 steps)
[42ac3a536369a7d4a7eafa1fa15b571b146ba594] merge with csp
running python3 /home/yizhou7/mariposa/scripts/z3-bisect.py /home/yizhou7/mariposa/data/bisect_tasks/d_lvbkv_z3_clean--BlockCacheSystem-BetreeSystem.i.dfy.Impl__BetreeSystem.__default.BlockCacheMoveStepPreservesInv.txt
building z3
done building z3 3.0
running mariposa
res: 0 
 out: [[[    2     2     2     2     2     2     2     2     2     2     2
       2     2     2     2     2     2     2     2     2     2     2
       2     2     2     2     2     2     2     2     2     2     2
       2     2     2     2     2     2     2     2     2     2     2
       2     2     2     2     2     2     2     2     2     2     2
       2     2     2     2     2     2]
  [ 8632 14435 14282 14314 14862 14353 14435 14604 14661 14514 14270
   14587 14528 14589 14603 14180 14336 14532 14695 14678 14389 14859
   14375 14130 14459 14456 14569 14277 14533 14570 14653 14396 14454
   14984 14514 14735 14644 14490 14379 14519 14570 14517 14179 14762
   14334 14360 14497 14458 14905 14447 14439 14377 14256 14683 14565
   14483 13597 13107 12848 13003 11599]]

 [[    2     2     2     2     2     2     2     2     2     2     2
       2     2     2     2     2     2     2     2     2     2     2
       2     2     2     2     2     2     2     2     2     2     2
       2     2     2     2     2     2     2     2     2     2     2
       2     2     2     2     2     2     2     2     2     2     2
       2     2     2     2     2     2]
  [ 8632 14483 14498 14711 14283 14312 14685 14290 14352 14367 14239
   14239 14526 14911 14431 14522 14287 14449 14343 14358 14765 14315
   14520 14564 14626 14308 14285 14594 14235 14393 14541 14431 14245
   14275 14765 14529 14477 14313 14660 14495 14203 14683 14398 14269
   14366 14361 14362 14410 14353 14566 14578 14312 14393 14434 14339
   14428 14184 14462 14370 14594 14395]]

 [[    2     2     2     2     2     2     2     2     2     2     2
       2     2     2     2     2     2     2     2     2     2     2
       2     2     2     2     2     2     2     2     2     2     2
       2     2     2     2     2     2     2     2     2     2     2
       2     2     2     2     2     2     2     2     2     2     2
       2     2     2     2     2     2]
  [ 8632 12372 12546 13522 14223 14847 14832 15338 13759 13525 14729
   13667 13679 14447 15023 13502 15484 14806 15140 12807 14464 14921
   12526 14273 13479 13880 14928 14607 13312 12628 12862 14649 13373
   13783 13386 15004 12371 12989 14627 13478 13870 15274 15089 13094
   15493 14789 14902 14720 13199 14735 14760 13659 13784 14543 13323
   14516 13623 14680 13062 13748 14762]]]
stable
 
 err: 
done running mariposa 395.8
Bisecting: 32 revisions left to test after this (roughly 5 steps)
[b4290d4b3d7c021965e9ce7ee636caac0f9cac74] python regression
running python3 /home/yizhou7/mariposa/scripts/z3-bisect.py /home/yizhou7/mariposa/data/bisect_tasks/d_lvbkv_z3_clean--BlockCacheSystem-BetreeSystem.i.dfy.Impl__BetreeSystem.__default.BlockCacheMoveStepPreservesInv.txt
building z3
done building z3 3.1
running mariposa
res: 1 
 out: [[[    2     2     2     2     2     2     2     2     2     2     2
       2     2     2     2     2     2     2     2     2     2     2
       2     2     2     2     2     2     2     2     2     2     2
       2     2     2     2     2     2     2     2     2     2     2
       2     2     2     2     2     2     2     2     2     2     2
       2     2     2     2     2     2]
  [ 9300 17912 32181 15725 23872 15801 19641 16978 16109 14990 29817
   16950 26796 28231 28667 19214 27724 17706 27149 22782 15467 26788
   25964 26218 18003 16470 22204 17257 14764 18351 23782 20284 17346
   26732 17541 16688 35494 19301 17426 16271 25997 22324 16316 26895
   27260 24941 15529 25711 14646 15272 17435 15605 23580 26359 20698
   34002 16436 18915 14453 29437 29599]]

 [[    2     3     3     3     3     3     2     2     3     2     3
       3     2     3     2     2     3     2     3     3     2     3
       3     3     3     3     2     2     2     3     3     2     3
       2     3     3     3     3     2     3     3     2     3     2
       3     2     2     3     3     3     3     2     3     2     3
       3     3     3     3     3     3]
  [ 9300 60022 60020 60018 60017 60017 20485 24681 60021 16707 60022
   60020 40343 60019 13055 28098 60019  9106 60020 60024 25690 60020
   60019 60024 60018 60018 13367 17697 14903 60018 60019 13971 60023
   16829 60019 60021 60027 60025 24201 60019 60021 12014 60027  6497
   60021 14645 17161 60018 60020 60023 60018 18426 60020 14507 60023
   60020 60018 60020 60025 60032 60018]]

 [[    2     2     2     2     2     2     2     2     3     3     2
       2     2     3     2     3     3     2     2     2     2     3
       3     3     2     2     3     3     2     2     2     2     3
       3     2     2     2     2     3     3     2     3     2     3
       2     2     2     2     2     3     3     3     2     3     3
       3     2     3     3     3     3]
  [ 9300  4085  4562  4904 10312 18153 18200 47308 60021 60022 56160
    4177  3600 60022 16578 60020 60021  6166 14655  8107 32767 60018
   60018 60025 20684  4939 60021 60021 15389  5801  7808  8023 60021
   60018 56595 15835 15437  4199 60024 60020 15633 60023 21318 60027
   23102 12633 12610  4499 53624 60020 60025 60021 10843 60019 60022
   60017 11179 60018 60027 60024 60019]]]
unstable
 
 err: 
done running mariposa 916.3
Bisecting: 16 revisions left to test after this (roughly 4 steps)
[0f7ff2a3d016ce6cc0dcc2654a6aa0187bc55192] swap
running python3 /home/yizhou7/mariposa/scripts/z3-bisect.py /home/yizhou7/mariposa/data/bisect_tasks/d_lvbkv_z3_clean--BlockCacheSystem-BetreeSystem.i.dfy.Impl__BetreeSystem.__default.BlockCacheMoveStepPreservesInv.txt
building z3
done building z3 3.0
running mariposa
res: 1 
 out: [[[    3     3     3     3     3     3     3     3     3     3     3
       3     3     3     3     3     3     3     3     3     3     3
       3     3     3     3     3     3     3     3     3     3     3
       3     3     3     3     3     3     3     3     3     3     3
       3     3     3     3     3     3     3     3     3     3     3
       3     3     3     3     3     3]
  [60022 60018 60018 60018 60017 60018 60016 60018 60018 60017 60017
   60017 60017 60018 60018 60019 60017 60017 60018 60017 60016 60019
   60019 60017 60017 60018 60017 60017 60018 60019 60015 60017 60017
   60016 60017 60018 60017 60017 60017 60017 60016 60016 60019 60018
   60018 60017 60017 60016 60016 60018 60018 60017 60016 60017 60016
   60016 60019 60018 60017 60018 60017]]

 [[    3     3     3     3     3     3     3     3     3     3     3
       3     3     3     3     3     3     3     3     3     3     3
       3     3     3     3     3     3     3     3     3     3     3
       3     3     3     3     3     3     3     3     3     3     3
       3     3     3     3     3     3     3     3     3     3     3
       3     3     3     3     3     3]
  [60022 60017 60017 60016 60019 60018 60018 60017 60017 60018 60016
   60020 60019 60018 60018 60017 60016 60016 60018 60020 60018 60017
   60017 60016 60015 60018 60019 60015 60016 60017 60016 60016 60018
   60018 60017 60017 60017 60016 60016 60019 60017 60017 60016 60017
   60016 60017 60019 60019 60016 60017 60018 60016 60017 60019 60018
   60017 60017 60016 60015 60015 60016]]

 [[    3     3     3     3     3     3     3     3     3     3     3
       3     3     3     3     3     3     3     3     3     3     3
       3     3     3     3     3     3     3     3     3     3     3
       3     3     3     3     3     3     3     3     3     3     3
       3     3     3     3     3     3     3     3     3     3     3
       3     3     3     3     3     3]
  [60022 60018 60020 60018 60018 60019 60016 60018 60020 60016 60019
   60018 60018 60017 60018 60019 60020 60019 60018 60016 60017 60017
   60018 60019 60018 60019 60018 60017 60018 60018 60019 60017 60020
   60019 60017 60018 60019 60019 60018 60018 60019 60017 60017 60019
   60019 60019 60018 60019 60016 60016 60019 60019 60018 60020 60018
   60019 60016 60019 60018 60019 60017]]]
unsolvable
 
 err: 
done running mariposa 1634.9
Bisecting: 7 revisions left to test after this (roughly 3 steps)
[d17248821ad047f889237ce20b6bdaa1465ceff9] include chronological backtracking, two-phase sat, xor inprocessing, probsat, ddfw
running python3 /home/yizhou7/mariposa/scripts/z3-bisect.py /home/yizhou7/mariposa/data/bisect_tasks/d_lvbkv_z3_clean--BlockCacheSystem-BetreeSystem.i.dfy.Impl__BetreeSystem.__default.BlockCacheMoveStepPreservesInv.txt
building z3
done building z3 3.0
running mariposa
res: 0 
 out: [[[    2     2     2     2     2     2     2     2     2     2     2
       2     2     2     2     2     2     2     2     2     2     2
       2     2     2     2     2     2     2     2     2     2     2
       2     2     2     2     2     2     2     2     2     2     2
       2     2     2     2     2     2     2     2     2     2     2
       2     2     2     2     2     2]
  [ 8595 14679 14315 14244 14616 14374 14482 14236 14921 14552 14318
   14636 14268 14533 14697 14492 14392 14498 14477 14344 14353 14764
   14287 14642 14477 14179 14795 14251 14238 14739 14923 14492 14732
   14346 14524 14719 14314 14629 14491 14338 14855 14463 14118 14491
   14597 14416 14320 14621 14535 14481 14467 14602 14296 14350 14409
   14525 13716 13155 12932 12429 12192]]

 [[    2     2     2     2     2     2     2     2     2     2     2
       2     2     2     2     2     2     2     2     2     2     2
       2     2     2     2     2     2     2     2     2     2     2
       2     2     2     2     2     2     2     2     2     2     2
       2     2     2     2     2     2     2     2     2     2     2
       2     2     2     2     2     2]
  [ 8595 14514 14476 14708 14327 14268 14714 14201 14487 14372 14287
   14266 14199 14756 14577 14783 14237 14486 14337 14361 14508 14693
   14422 14594 14454 14311 14363 14501 14385 14384 14514 14253 14238
   14273 14736 14499 14487 14588 14538 14463 14274 14346 14571 14438
   14380 14497 14213 14413 14331 14506 14347 14327 14602 14430 14613
   14179 14226 14405 14415 14483 14347]]

 [[    2     2     2     2     2     2     2     2     2     2     2
       2     2     2     2     2     2     2     2     2     2     2
       2     2     2     2     2     2     2     2     2     2     2
       2     2     2     2     2     2     2     2     2     2     2
       2     2     2     2     2     2     2     2     2     2     2
       2     2     2     2     2     2]
  [ 8595 12324 12600 13638 14299 14734 14847 15452 13479 14695 13542
   13408 13831 15049 14581 13475 15155 14833 15136 12915 14496 14981
   12627 14398 13377 14692 13952 14612 13303 12878 12912 13050 14674
   13384 13825 15025 12548 13104 13430 14627 13926 14967 14940 13028
   15234 15061 14900 13126 14770 14724 14807 13604 13764 14553 13264
   14338 13795 14763 13095 13678 14783]]]
stable
 
 err: 
done running mariposa 395.1
Bisecting: 3 revisions left to test after this (roughly 2 steps)
[ec1653fdff146ff8d1b3b2281e875494f4fc3a96] Merge pull request #2345 from schedutron/master
running python3 /home/yizhou7/mariposa/scripts/z3-bisect.py /home/yizhou7/mariposa/data/bisect_tasks/d_lvbkv_z3_clean--BlockCacheSystem-BetreeSystem.i.dfy.Impl__BetreeSystem.__default.BlockCacheMoveStepPreservesInv.txt
building z3
done building z3 3.0
running mariposa
res: 0 
 out: [[[    2     2     2     2     2     2     2     2     2     2     2
       2     2     2     2     2     2     2     2     2     2     2
       2     2     2     2     2     2     2     2     2     2     2
       2     2     2     2     2     2     2     2     2     2     2
       2     2     2     2     2     2     2     2     2     2     2
       2     2     2     2     2     2]
  [ 8560 14325 14668 14252 14796 14404 14281 14192 14585 14425 14543
   14480 14583 14496 14531 14136 14368 14431 14480 14647 14350 14731
   14279 14198 14416 14248 14414 14496 14144 14772 14642 14557 14318
   14761 14671 14728 14233 14377 14431 14538 14747 14455 14099 14346
   14549 14400 14339 14663 14531 14476 14433 14593 14247 14704 14472
   14397 13623 12921 13110 12531 11250]]

 [[    2     2     2     2     2     2     2     2     2     2     2
       2     2     2     2     2     2     2     2     2     2     2
       2     2     2     2     2     2     2     2     2     2     2
       2     2     2     2     2     2     2     2     2     2     2
       2     2     2     2     2     2     2     2     2     2     2
       2     2     2     2     2     2]
  [ 8560 14470 14355 14750 14212 14383 14201 14149 14567 14538 14164
   14130 14212 14560 14318 14591 14509 14366 14256 14528 14340 14338
   14304 14612 14342 14225 14638 14255 14412 14406 14414 14260 14177
   14264 14392 14635 14719 14385 14482 14345 14259 14327 14152 14476
   14453 14586 14170 14378 14289 14371 14384 14332 14345 14392 14541
   14333 14084 14592 14318 14265 14251]]

 [[    2     2     2     2     2     2     2     2     2     2     2
       2     2     2     2     2     2     2     2     2     2     2
       2     2     2     2     2     2     2     2     2     2     2
       2     2     2     2     2     2     2     2     2     2     2
       2     2     2     2     2     2     2     2     2     2     2
       2     2     2     2     2     2]
  [ 8560 12354 12578 13501 14243 14711 14902 15229 13767 13449 14887
   13400 13628 14369 15003 13447 14793 15504 15260 12744 14515 14602
   12771 14284 13352 14601 13975 13200 14516 12607 13046 14558 13227
   13254 13774 14892 12420 12761 13502 14677 14111 14924 14783 13019
   15565 14711 14764 13027 14617 14952 14659 13715 13560 14464 13483
   14200 13797 14609 12802 13651 14802]]]
stable
 
 err: 
done running mariposa 394.6
Bisecting: 1 revision left to test after this (roughly 1 step)
[f3b79087eef389011fa90eefcf64b987bed54a9d] add default tactic as option to overwrite the behavior of strategic solver factory
running python3 /home/yizhou7/mariposa/scripts/z3-bisect.py /home/yizhou7/mariposa/data/bisect_tasks/d_lvbkv_z3_clean--BlockCacheSystem-BetreeSystem.i.dfy.Impl__BetreeSystem.__default.BlockCacheMoveStepPreservesInv.txt
building z3
done building z3 3.0
running mariposa
res: 1 
 out: [[[    3     3     3     3     3     3     3     3     3     3     3
       3     3     3     3     3     3     3     3     3     3     3
       3     3     3     3     3     3     3     3     3     3     3
       3     3     3     3     3     3     3     3     3     3     3
       3     3     3     3     3     3     3     3     3     3     3
       3     3     3     3     3     3]
  [60039 60033 60029 60028 60030 60028 60029 60029 60029 60031 60031
   60029 60028 60027 60032 60030 60029 60028 60029 60029 60029 60032
   60029 60029 60029 60028 60030 60028 60030 60030 60029 60031 60029
   60029 60027 60029 60030 60029 60031 60029 60028 60028 60029 60030
   60028 60031 60028 60029 60028 60030 60029 60029 60031 60030 60029
   60028 60035 60031 60033 60030 60036]]

 [[    3     3     3     3     3     3     3     3     3     3     3
       3     3     3     3     3     3     3     3     3     3     3
       3     3     3     3     3     3     3     3     3     3     3
       3     3     3     3     3     3     3     3     3     3     3
       3     3     3     3     3     3     3     3     3     3     3
       3     3     3     3     3     3]
  [60039 60026 60026 60028 60029 60030 60028 60027 60027 60028 60027
   60033 60029 60029 60028 60029 60026 60027 60031 60031 60030 60029
   60028 60027 60027 60030 60032 60030 60029 60027 60027 60023 60030
   60029 60029 60030 60027 60027 60026 60031 60029 60029 60029 60028
   60029 60028 60030 60030 60030 60029 60029 60026 60026 60031 60031
   60029 60029 60027 60027 60027 60026]]

 [[    3     3     3     3     3     3     3     3     3     3     3
       3     3     3     3     3     3     3     3     3     3     3
       3     3     3     3     3     3     3     3     3     3     3
       3     3     3     3     3     3     3     3     3     3     3
       3     3     3     3     3     3     3     3     3     3     3
       3     3     3     3     3     3]
  [60039 60032 60033 60031 60032 60031 60031 60030 60032 60030 60030
   60028 60029 60029 60029 60030 60032 60030 60028 60030 60028 60028
   60033 60031 60031 60031 60028 60027 60028 60034 60032 60031 60031
   60030 60027 60027 60032 60032 60032 60029 60031 60029 60030 60030
   60031 60029 60030 60031 60030 60028 60032 60030 60029 60028 60029
   60031 60028 60031 60033 60030 60029]]]
unsolvable
 
 err: 
done running mariposa 1635.4
Bisecting: 0 revisions left to test after this (roughly 0 steps)
[1e770af1cc04f85a8d7a990ba0c9c4e433b83fa8] local sort
running python3 /home/yizhou7/mariposa/scripts/z3-bisect.py /home/yizhou7/mariposa/data/bisect_tasks/d_lvbkv_z3_clean--BlockCacheSystem-BetreeSystem.i.dfy.Impl__BetreeSystem.__default.BlockCacheMoveStepPreservesInv.txt
building z3
done building z3 3.0
running mariposa
res: 1 
 out: [[[    3     3     3     3     3     3     3     3     3     3     3
       3     3     3     3     3     3     3     3     3     3     3
       3     3     3     3     3     3     3     3     3     3     3
       3     3     3     3     3     3     3     3     3     3     3
       3     3     3     3     3     3     3     3     3     3     3
       3     3     3     3     3     3]
  [60040 60031 60032 60030 60029 60028 60028 60030 60030 60029 60029
   60029 60029 60028 60031 60031 60029 60030 60029 60029 60029 60033
   60033 60031 60029 60030 60028 60028 60033 60030 60032 60029 60029
   60030 60029 60033 60034 60030 60029 60029 60029 60028 60033 60031
   60030 60031 60029 60027 60028 60031 60031 60029 60030 60031 60031
   60029 60040 60032 60034 60030 60032]]

 [[    3     3     3     3     3     3     3     3     3     3     3
       3     3     3     3     3     3     3     3     3     3     3
       3     3     3     3     3     3     3     3     3     3     3
       3     3     3     3     3     3     3     3     3     3     3
       3     3     3     3     3     3     3     3     3     3     3
       3     3     3     3     3     3]
  [60040 60027 60026 60028 60029 60030 60028 60027 60027 60028 60029
   60031 60030 60031 60028 60031 60026 60026 60031 60031 60032 60029
   60029 60028 60027 60030 60031 60029 60028 60030 60029 60025 60033
   60029 60028 60028 60029 60028 60027 60030 60031 60030 60027 60028
   60029 60028 60031 60031 60028 60029 60027 60026 60027 60032 60033
   60030 60029 60027 60029 60026 60026]]

 [[    3     3     3     3     3     3     3     3     3     3     3
       3     3     3     3     3     3     3     3     3     3     3
       3     3     3     3     3     3     3     3     3     3     3
       3     3     3     3     3     3     3     3     3     3     3
       3     3     3     3     3     3     3     3     3     3     3
       3     3     3     3     3     3]
  [60040 60030 60032 60032 60032 60031 60033 60031 60031 60028 60031
   60032 60032 60029 60029 60030 60031 60031 60030 60029 60029 60027
   60029 60030 60029 60030 60029 60029 60027 60030 60031 60029 60031
   60031 60030 60029 60030 60030 60030 60030 60029 60029 60028 60030
   60031 60029 60029 60029 60029 60028 60031 60029 60029 60029 60028
   60029 60028 60032 60031 60032 60030]]]
unsolvable
 
 err: 
done running mariposa 1635.3
1e770af1cc04f85a8d7a990ba0c9c4e433b83fa8 is the first bad commit
commit 1e770af1cc04f85a8d7a990ba0c9c4e433b83fa8
Author: Nikolaj Bjorner <nbjorner@microsoft.com>
Date:   Fri Jun 14 09:29:41 2019 -0700

    local sort
    
    Signed-off-by: Nikolaj Bjorner <nbjorner@microsoft.com>

 src/ast/rewriter/bool_rewriter.cpp | 21 ++++++++++++++++++---
 1 file changed, 18 insertions(+), 3 deletions(-)
bisect run success
git bisect start
# good: [e79542cc689d52ec4cb34ce4ae3fbe56e7a0bf70] fix #2309
git bisect good e79542cc689d52ec4cb34ce4ae3fbe56e7a0bf70
# bad: [ad55a1f1c617a7f0c3dd735c0780fc758424c7f1] Update release.yml for Azure Pipelines
git bisect bad ad55a1f1c617a7f0c3dd735c0780fc758424c7f1
# skip: [e2702f3ae88f5c48a55f4473bb5c29184c182634] fixes in assigning constraints to intervals
git bisect skip e2702f3ae88f5c48a55f4473bb5c29184c182634
# skip: [1915812f84cf41a5f232eedf2a695a54d055aa88] add a test for intervals
git bisect skip 1915812f84cf41a5f232eedf2a695a54d055aa88
# bad: [8faf35e2e0c8fce99794e71bd3b5de74b95ceb5a] fix #3735
git bisect bad 8faf35e2e0c8fce99794e71bd3b5de74b95ceb5a
# skip: [d1a5635b4ad7f8632356b380f3a9b1fc83fdb04f] better model based lemmaas
git bisect skip d1a5635b4ad7f8632356b380f3a9b1fc83fdb04f
# skip: [0a86bd14f792ef5fadb8eeb346729a612f7e1588] start on test nla
git bisect skip 0a86bd14f792ef5fadb8eeb346729a612f7e1588
# bad: [f7747d9e76bd685a02ce5c5fbda91fc356856b5e] fix parameter collection for tactic-based solvers reported in #3065
git bisect bad f7747d9e76bd685a02ce5c5fbda91fc356856b5e
# skip: [0644194fc96a853df44c37f9e4522796aa40add8] work on lemma from product to factors, and some renaming
git bisect skip 0644194fc96a853df44c37f9e4522796aa40add8
# bad: [0321312c8db1d3f0edbd23e6e48884fbb7d77d1d] Changed to get_const_interp to match Java and C# bindings
git bisect bad 0321312c8db1d3f0edbd23e6e48884fbb7d77d1d
# bad: [6e637348826f0725ba8a01c455448023ca2889e4] Merge pull request #2368 from waywardmonkeys/fix-typo
git bisect bad 6e637348826f0725ba8a01c455448023ca2889e4
# good: [9b4f327e29de8eadd112e53af5a8fb9f430fabf7] set upload mode to replace
git bisect good 9b4f327e29de8eadd112e53af5a8fb9f430fabf7
# good: [42ac3a536369a7d4a7eafa1fa15b571b146ba594] merge with csp
git bisect good 42ac3a536369a7d4a7eafa1fa15b571b146ba594
# bad: [b4290d4b3d7c021965e9ce7ee636caac0f9cac74] python regression
git bisect bad b4290d4b3d7c021965e9ce7ee636caac0f9cac74
# bad: [0f7ff2a3d016ce6cc0dcc2654a6aa0187bc55192] swap
git bisect bad 0f7ff2a3d016ce6cc0dcc2654a6aa0187bc55192
# good: [d17248821ad047f889237ce20b6bdaa1465ceff9] include chronological backtracking, two-phase sat, xor inprocessing, probsat, ddfw
git bisect good d17248821ad047f889237ce20b6bdaa1465ceff9
# good: [ec1653fdff146ff8d1b3b2281e875494f4fc3a96] Merge pull request #2345 from schedutron/master
git bisect good ec1653fdff146ff8d1b3b2281e875494f4fc3a96
# bad: [f3b79087eef389011fa90eefcf64b987bed54a9d] add default tactic as option to overwrite the behavior of strategic solver factory
git bisect bad f3b79087eef389011fa90eefcf64b987bed54a9d
# bad: [1e770af1cc04f85a8d7a990ba0c9c4e433b83fa8] local sort
git bisect bad 1e770af1cc04f85a8d7a990ba0c9c4e433b83fa8
# first bad commit: [1e770af1cc04f85a8d7a990ba0c9c4e433b83fa8] local sort
