running python3 /home/yizhou7/mariposa/scripts/z3-bisect.py /home/yizhou7/mariposa/data/bisect_tasks/d_lvbkv_z3_clean--lib-Buckets-PackedKV.i.dfy.Impl__PackedKV.__default.ComputeIsSorted.txt
building z3
Bisecting: 1453 revisions left to test after this (roughly 11 steps)
[1915812f84cf41a5f232eedf2a695a54d055aa88] add a test for intervals
running python3 /home/yizhou7/mariposa/scripts/z3-bisect.py /home/yizhou7/mariposa/data/bisect_tasks/d_lvbkv_z3_clean--lib-Buckets-PackedKV.i.dfy.Impl__PackedKV.__default.ComputeIsSorted.txt
building z3
Bisecting: 1453 revisions left to test after this (roughly 11 steps)
[8faf35e2e0c8fce99794e71bd3b5de74b95ceb5a] fix #3735
running python3 /home/yizhou7/mariposa/scripts/z3-bisect.py /home/yizhou7/mariposa/data/bisect_tasks/d_lvbkv_z3_clean--lib-Buckets-PackedKV.i.dfy.Impl__PackedKV.__default.ComputeIsSorted.txt
building z3
done building z3 3.2
running mariposa
res: 1 
 out: [[[    3     3     3     3     3     3     3     3     3     3     3
       3     3     3     3     3     3     3     3     3     3     3
       3     3     3     3     3     3     3     3     3     3     3
       3     3     3     3     3     3     3     3     3     3     3
       3     3     3     3     3     3     3     3     3     3     3
       3     3     3     3     3     3]
  [60029 60033 60034 60032 60034 60035 60024 60030 60037 60026 60024
   60036 60027 60024 60028 60026 60026 60030 60036 60028 60031 60023
   60026 60027 60030 60037 60027 60023 60031 60024 60027 60030 60037
   60026 60025 60031 60025 60027 60031 60034 60027 60034 60033 60027
   60026 60031 60035 60029 60025 60030 60027 60027 60034 60033 60027
   60034 60029 60026 60025 60029 60035]]

 [[    3     2     2     2     2     3     2     3     3     3     3
       2     3     3     2     2     2     2     3     2     2     3
       2     2     3     2     3     3     2     2     2     2     2
       3     3     2     3     3     3     2     2     3     2     3
       2     3     2     2     3     3     2     2     3     3     2
       3     3     3     3     3     3]
  [60029   743  3059   610   730 60024   549 60022 60022 60040 60026
     620 60026 60018   667   541   591   572 60033   617   594 60019
     673  1529 60031   653 60021 60022   702   565   688   756  1289
   60037 60036   626 60027 60033 60020   560   627 60041   725 60033
     821 60020   509   569 60032 60034   583   566 60030 60034   612
   60029 60033 60037 60034 60033 60033]]

 [[    3     2     2     2     3     3     3     3     3     3     3
       2     2     2     2     2     2     2     2     2     2     2
       2     2     2     2     2     2     2     2     2     2     2
       2     2     3     3     3     2     3     2     2     2     3
       3     3     2     2     2     3     3     2     3     3     2
       3     2     3     3     3     3]
  [60029   502   559   563 60020 60018 60024 60024 60016 60021 60023
     580   616   453   647   725   648   702   756   799   758   725
     693   777   868  4854   707   681   786   860   689   774  2714
     926   776 60030 60035 60027   588 60019   572   633   665 60030
   60035 60035   797   757   929 60034 60020   716 60030 60019   736
   60020  7379 60024 60033 60036 60030]]]
unstable
 
 err: 
done running mariposa 1090.9
Bisecting: 1254 revisions left to test after this (roughly 10 steps)
[d1a5635b4ad7f8632356b380f3a9b1fc83fdb04f] better model based lemmaas
running python3 /home/yizhou7/mariposa/scripts/z3-bisect.py /home/yizhou7/mariposa/data/bisect_tasks/d_lvbkv_z3_clean--lib-Buckets-PackedKV.i.dfy.Impl__PackedKV.__default.ComputeIsSorted.txt
building z3
Bisecting: 1254 revisions left to test after this (roughly 10 steps)
[0a86bd14f792ef5fadb8eeb346729a612f7e1588] start on test nla
running python3 /home/yizhou7/mariposa/scripts/z3-bisect.py /home/yizhou7/mariposa/data/bisect_tasks/d_lvbkv_z3_clean--lib-Buckets-PackedKV.i.dfy.Impl__PackedKV.__default.ComputeIsSorted.txt
building z3
Bisecting: 1254 revisions left to test after this (roughly 10 steps)
[f7747d9e76bd685a02ce5c5fbda91fc356856b5e] fix parameter collection for tactic-based solvers reported in #3065
running python3 /home/yizhou7/mariposa/scripts/z3-bisect.py /home/yizhou7/mariposa/data/bisect_tasks/d_lvbkv_z3_clean--lib-Buckets-PackedKV.i.dfy.Impl__PackedKV.__default.ComputeIsSorted.txt
building z3
done building z3 3.8
running mariposa
res: 1 
 out: [[[    3     2     2     2     2     2     2     2     2     2     2
       2     2     3     2     3     2     2     2     3     2     3
       3     3     2     2     3     2     3     2     2     2     2
       3     2     2     3     2     3     2     2     3     3     3
       2     3     2     2     2     3     3     3     2     2     2
       3     3     3     3     3     3]
  [60012   978   617   567   907   907   932   610   936   658  1007
     670   654 60018   649 60019   598   587   578 60019   581 60018
   60016 60017   589   584 60021   961 60021   939   939   602   614
   60018   880   581 60018   878 60019   572   569 60022 60016 60016
     990 60021   947   609   966 60018 60017 60019   909   887   577
   60020 60018 60017 60015 60018 60018]]

 [[    3     2     2     3     3     3     2     2     3     2     2
       2     2     2     3     2     2     3     2     2     2     3
       2     3     3     2     3     3     2     2     3     3     3
       3     2     2     3     3     3     3     3     3     2     3
       3     3     2     2     3     2     3     2     3     2     2
       3     3     3     3     3     3]
  [60012   613   651 60022 60016 60021   546   630 60029   630   595
     616   649   608 60029   587   596 60022  2748   687   607 60035
     656 60030 60025   883 60028 60027   614   901 60017 60027 60024
   60019   913   665 60030 60019 60017 60020 60029 60020   588 60031
   60028 60017   550   632 60019   535 60019   636 60019  1619   628
   60019 60020 60028 60028 60017 60027]]

 [[    3     2     2     2     2     2     3     3     3     3     2
       2     3     3     2     2     2     3     3     3     3     3
       2     2     3     2     2     2     3     3     2     2     2
       2     2     2     3     3     2     2     3     3     2     2
       2     2     3     2     3     2     3     3     3     3     3
       2     2     3     3     3     3]
  [60012   531  1001   674  2729   728 60024 60024 60022 60020   669
     630 60024 60020   664   765   685 60023 60027 60026 60033 60031
     608   811 60018   666   629   682 60022 60017   629   779  3549
     754   877  8956 60020 60024   669   708 60018 60019   670   685
     638   627 60028   647 60029   814 60021 60035 60020 60016 60019
     549  1851 60019 60033 60027 60033]]]
unstable
 
 err: 
done running mariposa 857.1
Bisecting: 1034 revisions left to test after this (roughly 10 steps)
[0644194fc96a853df44c37f9e4522796aa40add8] work on lemma from product to factors, and some renaming
running python3 /home/yizhou7/mariposa/scripts/z3-bisect.py /home/yizhou7/mariposa/data/bisect_tasks/d_lvbkv_z3_clean--lib-Buckets-PackedKV.i.dfy.Impl__PackedKV.__default.ComputeIsSorted.txt
building z3
Bisecting: 1034 revisions left to test after this (roughly 10 steps)
[0321312c8db1d3f0edbd23e6e48884fbb7d77d1d] Changed to get_const_interp to match Java and C# bindings
running python3 /home/yizhou7/mariposa/scripts/z3-bisect.py /home/yizhou7/mariposa/data/bisect_tasks/d_lvbkv_z3_clean--lib-Buckets-PackedKV.i.dfy.Impl__PackedKV.__default.ComputeIsSorted.txt
building z3
done building z3 3.1
running mariposa
res: 1 
 out: [[[    3     3     3     3     3     3     3     3     3     3     3
       3     3     3     3     3     3     3     3     3     3     3
       3     3     3     3     3     3     3     3     3     3     3
       3     3     3     3     3     3     3     3     3     3     3
       3     3     3     3     3     3     3     3     3     3     3
       3     3     3     3     3     3]
  [60028 60032 60033 60035 60029 60030 60029 60029 60032 60030 60024
   60028 60027 60032 60030 60032 60033 60036 60029 60029 60031 60031
   60033 60034 60033 60028 60027 60032 60029 60031 60033 60033 60029
   60029 60022 60030 60029 60035 60032 60022 60030 60029 60023 60031
   60034 60031 60028 60029 60033 60029 60032 60033 60036 60029 60021
   60023 60028 60031 60029 60031 60028]]

 [[    3     2     2     3     3     3     3     3     3     2     2
       2     2     3     3     2     2     3     2     3     3     3
       3     3     2     3     3     3     3     3     2     3     3
       3     3     3     3     3     3     3     2     3     3     3
       2     2     3     3     3     2     3     3     3     3     2
       2     3     3     3     3     3]
  [60028   644   552 60031 60031 60031 60033 60027 60021   551   656
     703   727 60030 60030   866   545 60027   592 60019 60032 60017
   60026 60026   535 60032 60030 60032 60023 60017   648 60032 60027
   60018 60030 60031 60034 60035 60018 60024  9606 60028 60018 60032
     692   552 60032 60025 60031   535 60018 60027 60021 60030   631
   33979 60029 60022 60029 60031 60020]]

 [[    3     2     2     2     2     3     3     3     3     3     2
       3     3     2     2     2     2     2     2     2     3     3
       3     3     2     2     2     3     3     2     2     3     2
       3     3     3     3     2     2     3     2     3     2     2
       3     2     3     3     3     3     3     2     2     2     3
       3     2     3     3     3     3]
  [60028   503   501   588   676 60024 60024 60025 60012 60019   578
   60016 60021   732   562   814   836   650   677   716 60032 60026
   60016 60023   511   802   591 60014 60024   761  3037 60029   613
   60028 60029 60020 60024   670   494 60018   603 60019   618   590
   60034 24776 60021 60017 60027 60018 60027   682   768   867 60030
   60031 29988 60028 60027 60031 60032]]]
unstable
 
 err: 
done running mariposa 1276.6
Bisecting: 261 revisions left to test after this (roughly 8 steps)
[6e637348826f0725ba8a01c455448023ca2889e4] Merge pull request #2368 from waywardmonkeys/fix-typo
running python3 /home/yizhou7/mariposa/scripts/z3-bisect.py /home/yizhou7/mariposa/data/bisect_tasks/d_lvbkv_z3_clean--lib-Buckets-PackedKV.i.dfy.Impl__PackedKV.__default.ComputeIsSorted.txt
building z3
done building z3 3.1
running mariposa
res: 1 
 out: [[[    2     2     2     2     2     2     2     2     2     2     2
       2     2     2     2     2     2     2     2     2     2     2
       2     2     2     2     2     2     2     3     3     3     2
       2     2     2     2     2     2     3     2     2     2     2
       2     2     2     2     2     2     2     2     2     2     2
       2     2     3     3     3     3]
  [  377   591   594   603   602   575   498   528   538   564   533
     469   464   526   460   524   516   507   477   479   444   474
     477   480   473   496   505   477   475 60026 60025 60022   428
     590   433   477   469   435   451 60021   447   426   455   448
     450   477   418   412   449   415   425   411   451   461   466
     451   407 60026 60026 60023 60020]]

 [[    2     2     2     2     2     2     2     2     2     2     3
       3     3     2     2     3     2     2     3     2     2     3
       3     2     2     3     2     3     2     2     2     3     2
       3     3     3     3     3     3     3     2     2     3     3
       2     3     3     2     2     3     3     3     3     2     2
       2     2     3     3     3     3]
  [  377   472   495   532   500   473   509   485   514   552 60029
   60027 60027   580   613 60026   583   525 60021   620   573 60031
   60025   489   704 60029   508 60027   551   556   521 60027   511
   60017 60026 60030 60024 60020 60032 60018   516   531 60026 60017
     618 60032 60020   592   620 60028 60028 60019 60017   489   551
     649   513 60036 60020 60030 60028]]

 [[    2     2     2     2     2     3     3     3     3     3     3
       2     3     2     2     2     3     3     3     3     3     2
       2     3     3     2     2     3     3     3     2     3     2
       3     3     2     3     3     3     3     2     3     3     2
       2     2     2     2     2     3     3     2     3     3     3
       3     3     3     3     3     3]
  [  377   429   418   480   543 60016 60024 60017 60022 60021 60013
     544 60016   635   645  1680 60027 60027 60032 60024 60014   550
     466 60029 60033  3168   752 60031 60020 60022   505 60017   505
   60023 60030   617 60028 60032 60024 60017   574 60023 60032   560
     601   630   589   674  1785 60021 60018   656 60034 60025 60025
   60027 60017 60030 60028 60026 60017]]]
unstable
 
 err: 
done running mariposa 678.9
Bisecting: 130 revisions left to test after this (roughly 7 steps)
[9b4f327e29de8eadd112e53af5a8fb9f430fabf7] set upload mode to replace
running python3 /home/yizhou7/mariposa/scripts/z3-bisect.py /home/yizhou7/mariposa/data/bisect_tasks/d_lvbkv_z3_clean--lib-Buckets-PackedKV.i.dfy.Impl__PackedKV.__default.ComputeIsSorted.txt
building z3
done building z3 3.1
running mariposa
res: 0 
 out: [[[  2   2   2   2   2   2   2   2   2   2   2   2   2   2   2   2   2
     2   2   2   2   2   2   2   2   2   2   2   2   2   2   2   2   2
     2   2   2   2   2   2   2   2   2   2   2   2   2   2   2   2   2
     2   2   2   2   2   2   2   2   2   2]
  [303 356 358 359 357 361 362 360 357 356 357 365 363 359 361 358 356
   362 358 359 364 361 358 358 357 358 362 367 357 360 359 362 362 362
   363 357 357 360 363 362 357 366 361 362 358 363 362 365 361 361 357
   356 361 356 359 364 353 347 349 343 339]]

 [[  2   2   2   2   2   2   2   2   2   2   2   2   2   2   2   2   2
     2   2   2   2   2   2   2   2   2   2   2   2   2   2   2   2   2
     2   2   2   2   2   2   2   2   2   2   2   2   2   2   2   2   2
     2   2   2   2   2   2   2   2   2   2]
  [303 375 368 365 368 365 365 363 362 367 369 370 370 370 367 370 366
   364 367 366 367 367 366 366 363 367 367 368 368 365 367 369 369 369
   367 371 366 365 366 366 367 369 363 363 368 365 367 367 372 364 370
   364 367 363 364 366 363 371 365 367 364]]

 [[  2   2   2   2   2   2   2   2   2   2   2   2   2   2   2   2   2
     2   2   2   2   2   2   2   2   2   2   2   2   2   2   2   2   2
     2   2   2   2   2   2   2   2   2   2   2   2   2   2   2   2   2
     2   2   2   2   2   2   2   2   2   2]
  [303 396 404 406 411 411 407 410 393 406 400 404 403 402 402 398 399
   402 403 405 406 406 407 396 404 402 406 405 405 400 402 401 406 400
   403 402 396 403 408 401 404 399 408 400 404 404 408 411 407 407 405
   403 399 404 399 405 408 399 403 402 393]]]
stable
 
 err: 
done running mariposa 18.1
Bisecting: 65 revisions left to test after this (roughly 6 steps)
[42ac3a536369a7d4a7eafa1fa15b571b146ba594] merge with csp
running python3 /home/yizhou7/mariposa/scripts/z3-bisect.py /home/yizhou7/mariposa/data/bisect_tasks/d_lvbkv_z3_clean--lib-Buckets-PackedKV.i.dfy.Impl__PackedKV.__default.ComputeIsSorted.txt
building z3
done building z3 3.1
running mariposa
res: 0 
 out: [[[  2   2   2   2   2   2   2   2   2   2   2   2   2   2   2   2   2
     2   2   2   2   2   2   2   2   2   2   2   2   2   2   2   2   2
     2   2   2   2   2   2   2   2   2   2   2   2   2   2   2   2   2
     2   2   2   2   2   2   2   2   2   2]
  [300 355 360 361 358 359 360 360 357 356 359 362 362 360 359 357 357
   358 362 360 362 359 359 362 357 361 362 363 356 359 363 359 360 362
   360 358 356 362 360 360 366 362 358 359 361 358 366 363 363 360 358
   355 357 360 358 364 350 348 348 348 335]]

 [[  2   2   2   2   2   2   2   2   2   2   2   2   2   2   2   2   2
     2   2   2   2   2   2   2   2   2   2   2   2   2   2   2   2   2
     2   2   2   2   2   2   2   2   2   2   2   2   2   2   2   2   2
     2   2   2   2   2   2   2   2   2   2]
  [300 366 366 366 361 364 364 362 363 361 366 364 370 370 364 367 364
   367 360 367 362 362 365 362 363 363 367 366 368 364 366 367 362 367
   364 367 368 366 362 364 367 361 366 365 362 366 365 364 361 372 367
   365 370 364 363 364 362 369 366 368 361]]

 [[  2   2   2   2   2   2   2   2   2   2   2   2   2   2   2   2   2
     2   2   2   2   2   2   2   2   2   2   2   2   2   2   2   2   2
     2   2   2   2   2   2   2   2   2   2   2   2   2   2   2   2   2
     2   2   2   2   2   2   2   2   2   2]
  [300 400 405 406 415 410 407 405 394 395 412 401 407 400 402 397 403
   401 395 403 410 406 406 398 405 403 403 404 405 401 405 404 407 405
   404 403 398 404 407 400 404 398 407 399 408 403 408 409 404 411 402
   407 399 403 402 403 407 393 405 397 394]]]
stable
 
 err: 
done running mariposa 18.1
Bisecting: 32 revisions left to test after this (roughly 5 steps)
[b4290d4b3d7c021965e9ce7ee636caac0f9cac74] python regression
running python3 /home/yizhou7/mariposa/scripts/z3-bisect.py /home/yizhou7/mariposa/data/bisect_tasks/d_lvbkv_z3_clean--lib-Buckets-PackedKV.i.dfy.Impl__PackedKV.__default.ComputeIsSorted.txt
building z3
done building z3 3.1
running mariposa
res: 1 
 out: [[[    2     2     2     2     2     2     2     2     2     2     2
       2     2     2     2     2     2     2     2     2     2     2
       2     2     3     2     2     2     2     3     2     2     2
       2     2     3     3     2     2     3     2     2     3     2
       2     2     3     3     2     3     2     2     2     3     2
       3     3     3     3     3     3]
  [  476   573   572   569   754   783   582   781   766   565   778
     679   502   656   460   461   651   489   498   485   516   534
     538   726 60030   578   567   565   587 60033   782   773   758
     563   569 60036 60033   726   490 60027   482   491 60029   475
     657   478 60030 60032   589 60034   588   779   582 60035   731
   60030 60025 60027 60027 60030 60031]]

 [[    2     2     2     2     2     2     2     2     3     2     3
       2     3     2     3     2     2     2     3     2     2     2
       2     2     3     3     2     3     3     3     2     2     3
       2     2     3     2     2     3     3     2     2     2     3
       2     2     2     3     3     2     3     2     2     2     3
       2     3     3     3     3     3]
  [  476   574   540   557   530   736   604   622 60023   512 60026
     634 60017   521 60028   696   566   618 60031   540   648   768
     681   715 60033 60019   631 60025 60031 60025   555   528 60031
     560   632 60031   586   748 60016 60023   468   474   495 60030
     480   438   490 60026 60032   558 60030   654   676   631 60030
     615 60019 60030 60027 60030 60027]]

 [[    2     2     2     2     2     2     2     2     2     2     2
       2     3     3     3     3     2     3     3     2     2     2
       3     2     3     3     3     2     3     3     2     3     3
       3     3     3     2     3     2     3     2     3     2     2
       2     2     3     2     2     2     2     3     3     2     2
       3     3     3     3     3     3]
  [  476   445   470   498   489   480   605   643   687   773   614
     810 60025 60025 60012 60024   516 60024 60016   633   631   709
   60018   764 60021 60017 60027   526 60017 60025   654 60028 60029
   60029 60021 60016   498 60026   566 60027   571 60030   596   683
     611   697 60027   684 55627   594   566 60035 60022   551   555
   60028 60029 60029 60029 60018 60029]]]
unstable
 
 err: 
done running mariposa 641.7
Bisecting: 16 revisions left to test after this (roughly 4 steps)
[0f7ff2a3d016ce6cc0dcc2654a6aa0187bc55192] swap
running python3 /home/yizhou7/mariposa/scripts/z3-bisect.py /home/yizhou7/mariposa/data/bisect_tasks/d_lvbkv_z3_clean--lib-Buckets-PackedKV.i.dfy.Impl__PackedKV.__default.ComputeIsSorted.txt
building z3
done building z3 3.1
running mariposa
res: 0 
 out: [[[  2   2   2   2   2   2   2   2   2   2   2   2   2   2   2   2   2
     2   2   2   2   2   2   2   2   2   2   2   2   2   2   2   2   2
     2   2   2   2   2   2   2   2   2   2   2   2   2   2   2   2   2
     2   2   2   2   2   2   2   2   2   2]
  [306 363 364 362 364 366 365 365 363 366 360 364 365 366 362 366 362
   364 365 365 366 363 364 362 363 367 368 365 364 366 363 364 367 367
   364 363 366 364 362 366 366 365 361 363 361 363 363 366 365 361 363
   362 362 362 365 364 352 354 353 349 342]]

 [[  2   2   2   2   2   2   2   2   2   2   2   2   2   2   2   2   2
     2   2   2   2   2   2   2   2   2   2   2   2   2   2   2   2   2
     2   2   2   2   2   2   2   2   2   2   2   2   2   2   2   2   2
     2   2   2   2   2   2   2   2   2   2]
  [306 375 382 375 374 375 383 369 370 376 375 378 371 371 375 369 368
   377 377 375 382 374 373 370 375 373 385 374 375 370 377 372 377 382
   370 370 376 370 392 370 375 369 383 373 368 375 370 374 375 387 391
   372 377 370 376 385 388 376 371 382 371]]

 [[  2   2   2   2   2   2   2   2   2   2   2   2   2   2   2   2   2
     2   2   2   2   2   2   2   2   2   2   2   2   2   2   2   2   2
     2   2   2   2   2   2   2   2   2   2   2   2   2   2   2   2   2
     2   2   2   2   2   2   2   2   2   2]
  [306 404 428 411 411 408 429 432 408 435 406 415 416 407 418 393 409
   411 422 422 421 425 403 412 439 406 419 411 420 410 419 408 430 404
   407 423 407 408 404 415 412 430 419 405 406 405 433 413 429 421 405
   417 405 410 409 436 409 470 408 411 409]]]
stable
 
 err: 
done running mariposa 18.3
Bisecting: 7 revisions left to test after this (roughly 3 steps)
[89e8a1392c992a6c37b8c5320b9e4b9b506bd4a1] na
running python3 /home/yizhou7/mariposa/scripts/z3-bisect.py /home/yizhou7/mariposa/data/bisect_tasks/d_lvbkv_z3_clean--lib-Buckets-PackedKV.i.dfy.Impl__PackedKV.__default.ComputeIsSorted.txt
building z3
done building z3 3.0
running mariposa
res: 1 
 out: [[[    2     2     2     2     2     2     2     2     2     2     2
       2     2     2     2     2     2     2     2     2     2     2
       2     2     3     2     2     2     2     3     2     2     2
       2     2     3     3     2     2     3     2     2     3     2
       2     2     3     3     2     3     2     2     2     3     2
       3     3     3     3     3     3]
  [  476   574   571   572   772   790   600   770   786   586   752
     731   498   651   465   453   654   497   498   493   517   529
     541   723 60035   571   565   594   585 60033   792   779   776
     577   568 60035 60033   702   496 60029   485   491 60025   478
     658   484 60029 60033   593 60033   567   776   589 60036   687
   60030 60027 60027 60027 60030 60032]]

 [[    2     2     2     2     2     2     2     2     3     2     3
       2     3     2     3     2     2     2     3     2     2     2
       2     2     3     3     2     3     3     3     2     2     3
       2     2     3     2     2     3     3     2     2     2     3
       2     2     2     3     3     2     3     2     2     2     3
       2     3     3     3     3     3]
  [  476   581   537   564   529   741   611   629 60032   511 60026
     633 60017   543 60030   699   548   619 60032   540   652   782
     675   716 60034 60019   620 60022 60030 60036   552   528 60033
     561   647 60033   584   765 60018 60026   470   484   503 60029
     485   443   492 60026 60031   558 60033   658   668   634 60030
     617 60019 60023 60034 60027 60031]]

 [[    2     2     2     2     2     2     2     2     2     2     2
       2     3     3     3     3     2     3     3     2     2     2
       3     2     3     3     3     2     3     3     2     3     3
       3     3     3     2     3     3     2     2     3     2     2
       2     2     3     2     2     2     2     3     3     2     2
       3     3     3     3     3     3]
  [  476   469   447   502   486   491   616   642   704   774   627
     807 60024 60012 60020 60023   544 60024 60015   621   634   709
   60020   755 60023 60027 60017   528 60015 60022   648 60028 60032
   60028 60020 60016   511 60024 60026   570   580 60031   605   681
     613   699 60029   681 55956   605   565 60042 60021   549   550
   60025 60030 60029 60028 60018 60029]]]
unstable
 
 err: 
done running mariposa 641.9
Bisecting: 4 revisions left to test after this (roughly 2 steps)
[1827f98851e1866187abe743afd2d80bc786412f] more fixes for mutexes in shell
running python3 /home/yizhou7/mariposa/scripts/z3-bisect.py /home/yizhou7/mariposa/data/bisect_tasks/d_lvbkv_z3_clean--lib-Buckets-PackedKV.i.dfy.Impl__PackedKV.__default.ComputeIsSorted.txt
building z3
done building z3 3.0
running mariposa
res: 0 
 out: [[[  2   2   2   2   2   2   2   2   2   2   2   2   2   2   2   2   2
     2   2   2   2   2   2   2   2   2   2   2   2   2   2   2   2   2
     2   2   2   2   2   2   2   2   2   2   2   2   2   2   2   2   2
     2   2   2   2   2   2   2   2   2   2]
  [306 360 361 364 368 369 365 361 358 366 363 369 366 365 363 360 364
   365 367 367 365 360 361 360 364 366 370 366 361 360 360 364 365 365
   370 361 359 360 368 369 368 369 363 362 361 363 369 368 369 363 360
   362 367 366 367 367 354 352 348 347 342]]

 [[  2   2   2   2   2   2   2   2   2   2   2   2   2   2   2   2   2
     2   2   2   2   2   2   2   2   2   2   2   2   2   2   2   2   2
     2   2   2   2   2   2   2   2   2   2   2   2   2   2   2   2   2
     2   2   2   2   2   2   2   2   2   2]
  [306 374 379 377 374 375 386 370 368 377 373 381 370 371 377 367 375
   365 371 378 384 374 374 370 375 384 374 368 372 370 376 373 376 383
   369 371 376 371 390 366 374 369 387 372 373 368 370 377 372 388 391
   381 371 373 374 380 390 374 371 377 376]]

 [[  2   2   2   2   2   2   2   2   2   2   2   2   2   2   2   2   2
     2   2   2   2   2   2   2   2   2   2   2   2   2   2   2   2   2
     2   2   2   2   2   2   2   2   2   2   2   2   2   2   2   2   2
     2   2   2   2   2   2   2   2   2   2]
  [306 432 413 434 413 416 412 432 413 415 419 407 409 423 436 402 410
   411 421 421 420 429 405 409 438 407 415 409 419 416 420 408 404 432
   406 424 410 415 409 411 431 411 420 403 407 410 434 413 427 421 403
   416 407 414 438 409 407 468 410 412 411]]]
stable
 
 err: 
done running mariposa 18.4
Bisecting: 1 revision left to test after this (roughly 1 step)
[5177cc4a9a58df192c6a844ca13abf7e7cd3be15] change lt
running python3 /home/yizhou7/mariposa/scripts/z3-bisect.py /home/yizhou7/mariposa/data/bisect_tasks/d_lvbkv_z3_clean--lib-Buckets-PackedKV.i.dfy.Impl__PackedKV.__default.ComputeIsSorted.txt
building z3
done building z3 3.0
running mariposa
res: 1 
 out: [[[    2     2     2     2     2     2     2     2     2     2     2
       2     2     2     2     2     2     2     2     2     2     2
       2     2     3     2     2     2     2     3     2     2     2
       2     2     3     3     2     2     3     2     2     3     2
       2     2     3     3     2     3     2     2     2     3     2
       3     3     3     3     3     3]
  [  477   566   563   570   762   789   600   790   788   585   767
     713   493   672   476   449   613   494   494   494   489   533
     539   727 60033   588   579   564   574 60033   792   781   782
     577   571 60034 60030   738   506 60028   490   488 60030   487
     484   652 60030 60033   587 60034   585   799   595 60035   677
   60030 60025 60025 60025 60031 60031]]

 [[    2     2     2     2     2     2     2     2     3     2     3
       2     3     2     3     2     2     2     3     2     2     2
       2     2     3     3     2     3     3     3     2     2     3
       2     2     3     2     2     3     3     2     2     3     2
       2     2     2     3     3     2     3     2     2     2     2
       3     3     3     3     3     3]
  [  477   583   548   560   536   742   625   633 60030   545 60028
     629 60017   538 60032   710   554   629 60028   550   662   786
     699   742 60030 60016   619 60023 60032 60028   553   526 60031
     566   639 60030   595   752 60017 60028   492   471 60031   497
     485   447   486 60026 60030   559 60034   658   668   636   631
   60032 60019 60032 60028 60026 60029]]

 [[    2     2     2     2     2     2     2     2     2     2     2
       2     3     3     3     3     2     3     3     2     2     2
       3     2     3     3     3     2     3     3     2     3     3
       3     3     3     2     3     2     3     2     3     2     2
       2     2     3     2     2     2     3     3     2     2     2
       3     3     3     3     3     3]
  [  477   443   501   468   494   494   609   640   693   772   612
     799 60021 60024 60012 60021   534 60026 60015   621   626   721
   60018   761 60023 60017 60026   525 60017 60024   653 60026 60027
   60030 60020 60016   510 60025   577 60027   580 60030   601   689
     613   698 60030   686 56848   596 60040 60021   536   547   548
   60026 60030 60029 60031 60017 60027]]]
unstable
 
 err: 
done running mariposa 642.2
Bisecting: 0 revisions left to test after this (roughly 1 step)
[7c9d2e0d75757ed6aa535f72c7dec70d5a527fed] pydoc test
running python3 /home/yizhou7/mariposa/scripts/z3-bisect.py /home/yizhou7/mariposa/data/bisect_tasks/d_lvbkv_z3_clean--lib-Buckets-PackedKV.i.dfy.Impl__PackedKV.__default.ComputeIsSorted.txt
building z3
done building z3 3.1
running mariposa
res: 0 
 out: [[[  2   2   2   2   2   2   2   2   2   2   2   2   2   2   2   2   2
     2   2   2   2   2   2   2   2   2   2   2   2   2   2   2   2   2
     2   2   2   2   2   2   2   2   2   2   2   2   2   2   2   2   2
     2   2   2   2   2   2   2   2   2   2]
  [307 361 361 359 367 364 365 362 361 362 363 362 362 364 364 361 363
   362 367 363 366 360 362 362 363 364 364 364 362 360 363 363 364 363
   365 361 362 364 362 364 363 361 360 363 363 363 363 371 363 359 360
   363 366 366 363 362 350 351 351 350 342]]

 [[  2   2   2   2   2   2   2   2   2   2   2   2   2   2   2   2   2
     2   2   2   2   2   2   2   2   2   2   2   2   2   2   2   2   2
     2   2   2   2   2   2   2   2   2   2   2   2   2   2   2   2   2
     2   2   2   2   2   2   2   2   2   2]
  [307 375 380 375 374 374 384 371 369 376 374 377 371 370 380 367 372
   369 373 371 383 375 372 373 370 369 382 369 373 370 375 372 374 371
   387 371 379 371 392 368 372 368 389 372 372 368 370 374 371 385 391
   374 371 371 373 378 385 380 370 379 373]]

 [[  2   2   2   2   2   2   2   2   2   2   2   2   2   2   2   2   2
     2   2   2   2   2   2   2   2   2   2   2   2   2   2   2   2   2
     2   2   2   2   2   2   2   2   2   2   2   2   2   2   2   2   2
     2   2   2   2   2   2   2   2   2   2]
  [307 407 432 416 410 409 433 428 407 416 417 408 434 402 418 393 410
   410 419 424 416 425 408 406 436 406 406 415 417 410 423 410 431 403
   405 417 406 411 401 416 412 431 417 403 411 407 428 414 433 427 403
   404 421 430 413 410 412 467 403 416 412]]]
stable
 
 err: 
done running mariposa 18.3
5177cc4a9a58df192c6a844ca13abf7e7cd3be15 is the first bad commit
commit 5177cc4a9a58df192c6a844ca13abf7e7cd3be15
Author: Nikolaj Bjorner <nbjorner@microsoft.com>
Date:   Fri Jun 21 09:08:20 2019 +0200

    change lt
    
    Signed-off-by: Nikolaj Bjorner <nbjorner@microsoft.com>

 src/ast/ast_lt.h                   | 4 ++++
 src/ast/rewriter/bool_rewriter.cpp | 6 ++++--
 2 files changed, 8 insertions(+), 2 deletions(-)
bisect run success
git bisect start
# good: [e79542cc689d52ec4cb34ce4ae3fbe56e7a0bf70] fix #2309
git bisect good e79542cc689d52ec4cb34ce4ae3fbe56e7a0bf70
# bad: [ad55a1f1c617a7f0c3dd735c0780fc758424c7f1] Update release.yml for Azure Pipelines
git bisect bad ad55a1f1c617a7f0c3dd735c0780fc758424c7f1
# skip: [e2702f3ae88f5c48a55f4473bb5c29184c182634] fixes in assigning constraints to intervals
git bisect skip e2702f3ae88f5c48a55f4473bb5c29184c182634
# skip: [1915812f84cf41a5f232eedf2a695a54d055aa88] add a test for intervals
git bisect skip 1915812f84cf41a5f232eedf2a695a54d055aa88
# bad: [8faf35e2e0c8fce99794e71bd3b5de74b95ceb5a] fix #3735
git bisect bad 8faf35e2e0c8fce99794e71bd3b5de74b95ceb5a
# skip: [d1a5635b4ad7f8632356b380f3a9b1fc83fdb04f] better model based lemmaas
git bisect skip d1a5635b4ad7f8632356b380f3a9b1fc83fdb04f
# skip: [0a86bd14f792ef5fadb8eeb346729a612f7e1588] start on test nla
git bisect skip 0a86bd14f792ef5fadb8eeb346729a612f7e1588
# bad: [f7747d9e76bd685a02ce5c5fbda91fc356856b5e] fix parameter collection for tactic-based solvers reported in #3065
git bisect bad f7747d9e76bd685a02ce5c5fbda91fc356856b5e
# skip: [0644194fc96a853df44c37f9e4522796aa40add8] work on lemma from product to factors, and some renaming
git bisect skip 0644194fc96a853df44c37f9e4522796aa40add8
# bad: [0321312c8db1d3f0edbd23e6e48884fbb7d77d1d] Changed to get_const_interp to match Java and C# bindings
git bisect bad 0321312c8db1d3f0edbd23e6e48884fbb7d77d1d
# bad: [6e637348826f0725ba8a01c455448023ca2889e4] Merge pull request #2368 from waywardmonkeys/fix-typo
git bisect bad 6e637348826f0725ba8a01c455448023ca2889e4
# good: [9b4f327e29de8eadd112e53af5a8fb9f430fabf7] set upload mode to replace
git bisect good 9b4f327e29de8eadd112e53af5a8fb9f430fabf7
# good: [42ac3a536369a7d4a7eafa1fa15b571b146ba594] merge with csp
git bisect good 42ac3a536369a7d4a7eafa1fa15b571b146ba594
# bad: [b4290d4b3d7c021965e9ce7ee636caac0f9cac74] python regression
git bisect bad b4290d4b3d7c021965e9ce7ee636caac0f9cac74
# good: [0f7ff2a3d016ce6cc0dcc2654a6aa0187bc55192] swap
git bisect good 0f7ff2a3d016ce6cc0dcc2654a6aa0187bc55192
# bad: [89e8a1392c992a6c37b8c5320b9e4b9b506bd4a1] na
git bisect bad 89e8a1392c992a6c37b8c5320b9e4b9b506bd4a1
# good: [1827f98851e1866187abe743afd2d80bc786412f] more fixes for mutexes in shell
git bisect good 1827f98851e1866187abe743afd2d80bc786412f
# bad: [5177cc4a9a58df192c6a844ca13abf7e7cd3be15] change lt
git bisect bad 5177cc4a9a58df192c6a844ca13abf7e7cd3be15
# good: [7c9d2e0d75757ed6aa535f72c7dec70d5a527fed] pydoc test
git bisect good 7c9d2e0d75757ed6aa535f72c7dec70d5a527fed
# first bad commit: [5177cc4a9a58df192c6a844ca13abf7e7cd3be15] change lt
