running python3 /home/yizhou7/mariposa/scripts/z3-bisect.py /home/yizhou7/mariposa/data/bisect_tasks/d_lvbkv_z3_clean--Betree-BetreeInv.i.dfy.Impl__BetreeInv.__default.InitImpliesInv.txt
building z3
Bisecting: 1453 revisions left to test after this (roughly 11 steps)
[1915812f84cf41a5f232eedf2a695a54d055aa88] add a test for intervals
running python3 /home/yizhou7/mariposa/scripts/z3-bisect.py /home/yizhou7/mariposa/data/bisect_tasks/d_lvbkv_z3_clean--Betree-BetreeInv.i.dfy.Impl__BetreeInv.__default.InitImpliesInv.txt
building z3
Bisecting: 1453 revisions left to test after this (roughly 11 steps)
[8faf35e2e0c8fce99794e71bd3b5de74b95ceb5a] fix #3735
running python3 /home/yizhou7/mariposa/scripts/z3-bisect.py /home/yizhou7/mariposa/data/bisect_tasks/d_lvbkv_z3_clean--Betree-BetreeInv.i.dfy.Impl__BetreeInv.__default.InitImpliesInv.txt
building z3
done building z3 3.3
running mariposa
res: 1 
 out: [[[   4    4    4    4    4    4    4    4    4    4    4    4    4    4
      4    4    4    4    4    4    4    4    4    4    4    4    4    4
      4    4    4    4    4    4    4    4    4    4    4    4    4    4
      4    4    4    4    4    4    4    4    4    4    4    4    4    4
      4    4    4    4    4]
  [ 341  399  397  402  406  404  407  407  402  395  399  401  402  403
    407  402  395  400  399  403  406  406  405  395  398  401  407  405
    404  404  398  396  402  405  400  403  401  394  399  405  405  405
    404  401  402  396  400  405  406  405  400  399  400  400  400  405
    407  387  378  376  371]]

 [[   4    4    4    4    2    4    4    4    4    4    4    4    4    4
      4    4    4    4    4    4    4    4    4    4    4    4    4    4
      4    4    4    4    4    4    4    4    4    4    4    4    4    4
      4    4    4    4    2    4    4    4    4    4    4    4    4    4
      4    4    4    4    4]
  [ 341  457  416  452  424  443  428  432  363  431 1131  404  627  435
    451  414  595  581  404  409  419  632  407  442  445  348  429  403
    440  407  677  351  440  416  446  413  608  421  428  419  515  445
    404  675  450  525  393  433  442  669  620  463  437  458  673  608
    422  647  450  447  461]]

 [[   4    4    4    2    4    4    4    4    4    4    4    4    4    4
      4    4    2    4    4    4    4    4    4    2    4    2    4    4
      4    4    4    4    2    4    4    4    4    4    4    4    4    4
      4    4    4    4    4    4    4    4    4    4    4    4    4    4
      4    4    4    4    4]
  [ 341  488  494  517  557  748  771  844  476  472  483  592  512  705
    813  497  499  593  811  557  516  512  507  491  806  591  577  803
    592  592  471  816  450  477  520 1157  737  531  742  474  623  483
    543  565  508  575  714  567  797  537  479  594  604  503  522  610
    463  576  605  563  586]]]
unstable
 
 err: 
done running mariposa 20.1
Bisecting: 1254 revisions left to test after this (roughly 10 steps)
[d1a5635b4ad7f8632356b380f3a9b1fc83fdb04f] better model based lemmaas
running python3 /home/yizhou7/mariposa/scripts/z3-bisect.py /home/yizhou7/mariposa/data/bisect_tasks/d_lvbkv_z3_clean--Betree-BetreeInv.i.dfy.Impl__BetreeInv.__default.InitImpliesInv.txt
building z3
Bisecting: 1254 revisions left to test after this (roughly 10 steps)
[0a86bd14f792ef5fadb8eeb346729a612f7e1588] start on test nla
running python3 /home/yizhou7/mariposa/scripts/z3-bisect.py /home/yizhou7/mariposa/data/bisect_tasks/d_lvbkv_z3_clean--Betree-BetreeInv.i.dfy.Impl__BetreeInv.__default.InitImpliesInv.txt
building z3
Bisecting: 1254 revisions left to test after this (roughly 10 steps)
[f7747d9e76bd685a02ce5c5fbda91fc356856b5e] fix parameter collection for tactic-based solvers reported in #3065
running python3 /home/yizhou7/mariposa/scripts/z3-bisect.py /home/yizhou7/mariposa/data/bisect_tasks/d_lvbkv_z3_clean--Betree-BetreeInv.i.dfy.Impl__BetreeInv.__default.InitImpliesInv.txt
building z3
done building z3 3.3
running mariposa
res: 1 
 out: [[[   4    4    4    4    4    4    4    4    4    4    4    4    4    4
      4    4    4    4    4    4    4    4    4    4    4    4    4    4
      4    4    4    4    4    4    4    4    4    4    4    4    4    4
      4    4    4    4    4    4    4    4    4    4    4    4    4    4
      4    4    4    4    4]
  [ 514  616  629  637  632  633  637  631  622  634  627  628  635  633
    642  625  632  633  630  631  632  629  626  635  634  628  633  633
    632  623  636  633  634  634  630  629  626  632  628  636  634  634
    633  619  633  625  631  633  636  637  624  633  628  627  632  632
    639  606  586  588  567]]

 [[   4    4    4    4    4    2    4    4    4    4    4    4    4    4
      4    4    4    4    4    4    4    4    4    4    4    4    4    4
      4    4    4    4    4    4    4    4    4    4    4    4    4    4
      4    4    4    4    2    4    4    4    4    4    4    4    4    4
      4    4    4    4    4]
  [ 514  465  459  426  413  425  439  424  667  442  670  425  413  423
    440  664  427  758 1055  643  355  421  410  448  455  415  435  407
    423  660  410  446  446  422  420  661  626  391  433  549  641  550
    424  681  455  533  377  450  424  414  637  455  426  698  680  360
    618  645  464  680  459]]

 [[   4    4    4    2    4    4    4    4    4    4    4    4    4    4
      4    4    2    4    4    4    4    4    4    4    2    2    4    4
      4    4    4    4    4    2    4    4    2    4    4    4    4    4
      4    4    4    4    4    4    4    4    4    4    4    4    4    4
      4    4    4    4    4]
  [ 514  494  501  520  527  586  626  744  487  484  493  513  649  719
    595  492  500  620  574  523  801  761  513  597  495  542  602  815
    583  477  621  701  830  441  470  504  539  589  749  476  779  444
    556  552  509  564  574  668  712  595  486  625  517  520  497  630
    886  617  574  786  789]]]
unstable
 
 err: 
done running mariposa 22.5
Bisecting: 1034 revisions left to test after this (roughly 10 steps)
[0644194fc96a853df44c37f9e4522796aa40add8] work on lemma from product to factors, and some renaming
running python3 /home/yizhou7/mariposa/scripts/z3-bisect.py /home/yizhou7/mariposa/data/bisect_tasks/d_lvbkv_z3_clean--Betree-BetreeInv.i.dfy.Impl__BetreeInv.__default.InitImpliesInv.txt
building z3
Bisecting: 1034 revisions left to test after this (roughly 10 steps)
[0321312c8db1d3f0edbd23e6e48884fbb7d77d1d] Changed to get_const_interp to match Java and C# bindings
running python3 /home/yizhou7/mariposa/scripts/z3-bisect.py /home/yizhou7/mariposa/data/bisect_tasks/d_lvbkv_z3_clean--Betree-BetreeInv.i.dfy.Impl__BetreeInv.__default.InitImpliesInv.txt
building z3
done building z3 3.1
running mariposa
res: 1 
 out: [[[   4    4    4    4    4    4    4    4    4    4    4    4    4    4
      4    4    4    4    4    4    4    4    4    4    4    4    4    4
      4    4    4    4    4    4    4    4    4    4    4    4    4    4
      4    4    4    4    4    4    4    4    4    4    4    4    4    4
      4    4    4    4    4]
  [ 524  651  651  634  635  657  654  656  646  655  642  651  653  638
    654  654  653  640  640  655  649  645  654  665  641  637  639  657
    640  657  654  654  634  653  654  654  655  643  650  640  641  652
    652  652  662  646  642  649  639  639  642  652  646  651  655  652
    632  639  615  634  591]]

 [[   4    4    4    4    4    2    4    4    4    4    4    4    4    4
      4    4    4    4    4    4    4    4    4    4    4    4    4    4
      4    4    4    4    4    4    4    4    4    4    4    4    4    4
      4    4    4    2    4    4    4    4    4    4    4    4    4    4
      4    4    4    4    4]
  [ 524  413  401  432  425  408  396  399  430  435  429  423  428  415
    430  415  656  511  419  654  434  412  396  422  428  662  419  413
    427  431  443  435  438  440  425  442  650  671  444  415  441  445
    440  522  512  349  431  410  675  434  611  433  671  705  676  431
    428  426  414  404 1095]]

 [[   4    4    4    4    4    4    4    4    4    4    4    4    4    4
      4    2    4    2    4    2    4    4    4    4    4    4    4    4
      4    2    4    4    4    4    2    4    4    4    4    4    4    4
      4    4    4    4    4    2    4    4    4    4    4    4    4    4
      4    4    4    4    4]
  [ 524  480  564  535  569  600  697  805  491  512  461  460  684  474
    527  416  459  551  458  552  801  452  535 1285  485  586  475  791
    618  557 1296  463  455  514  404 1170  539  584  516  436  546  521
    435  573  584 1247  462  419  675  869  582  454  497  523  539  521
    620  535  562 1341  607]]]
unstable
 
 err: 
done running mariposa 22.6
Bisecting: 261 revisions left to test after this (roughly 8 steps)
[6e637348826f0725ba8a01c455448023ca2889e4] Merge pull request #2368 from waywardmonkeys/fix-typo
running python3 /home/yizhou7/mariposa/scripts/z3-bisect.py /home/yizhou7/mariposa/data/bisect_tasks/d_lvbkv_z3_clean--Betree-BetreeInv.i.dfy.Impl__BetreeInv.__default.InitImpliesInv.txt
building z3
done building z3 3.0
running mariposa
res: 1 
 out: [[[   4    4    4    4    4    4    4    4    4    4    4    4    4    4
      4    4    4    4    4    4    4    4    4    4    4    4    4    4
      4    4    4    4    4    4    4    4    4    4    4    4    4    4
      4    4    4    4    4    4    4    4    4    4    4    4    4    4
      4    4    4    4    4]
  [ 355  458  463  460  456  448  450  452  449  451  452  442  449  448
    452  453  450  449  443  448  448  450  452  450  452  446  452  448
    450  451  449  449  443  451  446  449  452  450  450  442  442  445
    452  448  450  454  441  450  447  448  453  449  447  440  444  444
    446  446  449  445  420]]

 [[   4    4    4    4    4    4    4    4    4    4    4    4    4    4
      4    4    4    4    4    4    4    4    4    4    4    4    4    4
      4    4    4    4    4    4    4    4    4    4    4    4    4    4
      4    4    4    4    4    4    4    4    4    4    4    4    4    4
      4    4    4    4    4]
  [ 355  499  702  419  508  528  522  718  692  487  558  504  528  672
    530  466  676  502  752  499  747  716  600  508  693  569  666  518
    473  521  579  560  535  727  449  746  513  710  558  691  526  726
    549  509  510  494  531  685  515  564  455  493  709  539  748  528
    757  766  724  508  686]]

 [[   4    4    4    4    4    4    4    4    4    4    4    4    4    4
      4    2    4    4    4    4    4    4    4    2    4    4    4    4
      4    4    4    4    4    4    4    4    4    4    4    4    4    4
      2    4    4    4    4    4    4    2    4    4    4    4    4    4
      4    4    4    4    4]
  [ 355  442  469  595  631  641  761  815  461  457  574  458  574  630
    482  518  525  600  454  446  540  566  459  406  708  568  459  455
    588  617  577  549  468  678  716  456  429  578  600  454 1178  464
    401  561  432  452  767  695  806  384  436  558  447  623  489  564
    546  591  718  580  607]]]
unstable
 
 err: 
done running mariposa 21.1
Bisecting: 130 revisions left to test after this (roughly 7 steps)
[9b4f327e29de8eadd112e53af5a8fb9f430fabf7] set upload mode to replace
running python3 /home/yizhou7/mariposa/scripts/z3-bisect.py /home/yizhou7/mariposa/data/bisect_tasks/d_lvbkv_z3_clean--Betree-BetreeInv.i.dfy.Impl__BetreeInv.__default.InitImpliesInv.txt
building z3
done building z3 3.1
running mariposa
res: 0 
 out: [[[  2   2   2   2   2   2   2   2   2   2   2   2   2   2   2   2   2
     2   2   2   2   2   2   2   2   2   2   2   2   2   2   2   2   2
     2   2   2   2   2   2   2   2   2   2   2   2   2   2   2   2   2
     2   2   2   2   2   2   2   2   2   2]
  [276 327 327 327 326 328 332 327 326 326 330 326 328 331 326 327 327
   328 328 327 332 328 328 327 326 325 331 330 329 327 331 326 325 330
   329 327 328 328 327 326 328 330 329 333 326 327 327 329 333 329 332
   330 327 326 328 332 320 318 318 316 310]]

 [[  2   2   2   2   2   2   2   2   2   2   2   2   2   2   2   2   2
     2   2   2   2   2   2   2   2   2   2   2   2   2   2   2   2   2
     2   2   2   2   2   2   2   2   2   2   2   2   2   2   2   2   2
     2   2   2   2   2   2   2   2   2   2]
  [276 334 334 332 333 338 334 335 332 333 334 337 333 334 335 336 337
   334 330 333 334 334 334 334 337 333 333 333 332 335 335 333 331 335
   333 333 334 336 334 331 334 332 333 335 338 336 332 332 335 335 334
   336 335 333 332 335 335 333 336 338 335]]

 [[  2   2   2   2   2   2   2   2   2   2   2   2   2   2   2   2   2
     2   2   2   2   2   2   2   2   2   2   2   2   2   2   2   2   2
     2   2   2   2   2   2   2   2   2   2   2   2   2   2   2   2   2
     2   2   2   2   2   2   2   2   2   2]
  [276 363 369 365 368 367 372 370 365 368 366 368 372 362 369 365 366
   365 365 370 362 364 369 367 372 368 367 369 366 359 366 369 367 370
   366 367 360 365 368 366 369 365 364 363 368 373 367 364 362 366 361
   359 365 365 364 366 372 364 361 360 358]]]
stable
 
 err: 
done running mariposa 16.1
Bisecting: 65 revisions left to test after this (roughly 6 steps)
[42ac3a536369a7d4a7eafa1fa15b571b146ba594] merge with csp
running python3 /home/yizhou7/mariposa/scripts/z3-bisect.py /home/yizhou7/mariposa/data/bisect_tasks/d_lvbkv_z3_clean--Betree-BetreeInv.i.dfy.Impl__BetreeInv.__default.InitImpliesInv.txt
building z3
done building z3 3.1
running mariposa
res: 0 
 out: [[[  2   2   2   2   2   2   2   2   2   2   2   2   2   2   2   2   2
     2   2   2   2   2   2   2   2   2   2   2   2   2   2   2   2   2
     2   2   2   2   2   2   2   2   2   2   2   2   2   2   2   2   2
     2   2   2   2   2   2   2   2   2   2]
  [271 325 324 326 331 328 328 325 324 326 328 328 328 332 325 323 323
   328 328 328 331 325 324 324 327 330 328 329 325 324 323 329 331 331
   332 327 324 324 328 330 330 328 326 327 324 324 330 328 331 326 324
   325 324 330 328 329 316 316 314 310 307]]

 [[  2   2   2   2   2   2   2   2   2   2   2   2   2   2   2   2   2
     2   2   2   2   2   2   2   2   2   2   2   2   2   2   2   2   2
     2   2   2   2   2   2   2   2   2   2   2   2   2   2   2   2   2
     2   2   2   2   2   2   2   2   2   2]
  [271 334 331 335 333 332 335 334 333 332 333 332 331 335 332 332 332
   334 331 332 333 334 333 331 336 333 333 331 334 335 331 331 335 331
   333 332 334 332 332 334 329 331 332 332 334 331 330 333 332 332 331
   333 330 333 334 330 334 333 332 331 333]]

 [[  2   2   2   2   2   2   2   2   2   2   2   2   2   2   2   2   2
     2   2   2   2   2   2   2   2   2   2   2   2   2   2   2   2   2
     2   2   2   2   2   2   2   2   2   2   2   2   2   2   2   2   2
     2   2   2   2   2   2   2   2   2   2]
  [271 367 369 365 363 371 362 365 367 370 366 370 371 367 362 367 365
   367 366 366 365 366 368 367 365 366 368 368 371 363 368 363 365 365
   365 365 364 370 366 368 370 363 364 367 366 365 366 361 362 369 364
   362 364 364 365 365 366 363 357 357 361]]]
stable
 
 err: 
done running mariposa 16.1
Bisecting: 32 revisions left to test after this (roughly 5 steps)
[b4290d4b3d7c021965e9ce7ee636caac0f9cac74] python regression
running python3 /home/yizhou7/mariposa/scripts/z3-bisect.py /home/yizhou7/mariposa/data/bisect_tasks/d_lvbkv_z3_clean--Betree-BetreeInv.i.dfy.Impl__BetreeInv.__default.InitImpliesInv.txt
building z3
done building z3 3.1
running mariposa
res: 1 
 out: [[[   2    2    2    2    2    2    2    2    2    2    2    2    2    2
      2    2    2    2    2    2    2    2    2    2    2    2    2    2
      2    2    2    2    2    2    2    2    2    2    2    2    2    2
      2    2    2    2    2    2    2    2    2    2    2    2    2    2
      2    2    2    2    2]
  [ 290  351  358  356  357  349  344  346  354  352  359  353  353  349
    348  355  359  356  359  354  349  348  350  352  355  354  352  349
    358  353  356  358  353  349  350  348  364  357  355  358  353  354
    351  353  353  356  355  355  352  349  364  357  358  354  356  351
    348  347  344  344  345]]

 [[   2    4    4    2    2    4    2    4    4    4    4    2    4    2
      2    4    4    4    4    4    4    4    4    4    2    4    4    4
      4    4    4    4    4    4    4    2    4    4    4    4    4    2
      2    4    4    4    2    4    4    4    2    4    4    4    4    4
      4    2    4    4    4]
  [ 290  398  437  365  377  438  369  789  442  388  412  352  417  359
    354  712  406  417  431  662  429  437  648 1192  353  422  410  604
    653  418  412  574  417  545  434  396  680  391  661  561  380  366
    355  428  596  455  374  434  639  423  543  645  665  686  415  657
    624  356  402  385  610]]

 [[   2    4    4    4    4    4    4    4    4    4    4    4    4    4
      4    4    4    4    4    4    4    2    4    4    4    4    4    4
      4    4    4    4    4    4    4    4    4    4    4    4    4    4
      4    4    4    4    4    4    4    4    4    4    4    4    4    4
      4    4    4    4    4]
  [ 290  567  593  640  636  700  800  790  507  605  645  716  652  907
    725  619  453  462  469  801  706  400  627 1202  712  532  707  862
    596  648  705  504  464  477  595  776  558  521  832  565  709  686
    514  626  561  606  619  757  610  600  490  592  774  798  617  710
    567  458  825 1251 1973]]]
unstable
 
 err: 
done running mariposa 20.4
Bisecting: 16 revisions left to test after this (roughly 4 steps)
[0f7ff2a3d016ce6cc0dcc2654a6aa0187bc55192] swap
running python3 /home/yizhou7/mariposa/scripts/z3-bisect.py /home/yizhou7/mariposa/data/bisect_tasks/d_lvbkv_z3_clean--Betree-BetreeInv.i.dfy.Impl__BetreeInv.__default.InitImpliesInv.txt
building z3
done building z3 3.1
running mariposa
res: 1 
 out: [[[  4   4   4   4   4   4   4   4   4   4   4   4   4   4   4   4   4
     4   4   4   4   4   4   4   4   4   4   4   4   4   4   4   4   4
     4   4   4   4   4   4   4   4   4   4   4   4   4   4   4   4   4
     4   4   4   4   4   4   4   4   4   4]
  [421 526 548 545 791 795 811 549 771 532 534 539 801 795 786 532 785
   535 798 535 533 531 771 535 538 784 794 792 536 530 530 785 530 780
   542 806 788 537 792 794 543 534 781 531 532 795 791 801 809 813 813
   542 524 766 525 533 537 527 765 717 664]]

 [[  4   4   4   4   4   4   4   4   4   4   4   4   4   4   4   4   4
     4   4   4   4   4   4   4   4   4   4   4   4   4   4   4   4   4
     4   4   4   4   4   4   4   4   4   4   4   4   4   4   4   4   4
     4   4   4   4   4   4   4   4   4   4]
  [421 534 532 811 529 538 537 530 797 533 788 538 811 796 800 541 802
   529 781 549 812 799 815 800 784 779 541 551 824 811 790 538 535 534
   785 812 814 549 551 541 785 529 534 547 539 834 784 795 538 543 540
   798 531 526 532 796 550 813 817 549 787]]

 [[  4   4   4   4   4   4   4   4   4   4   4   4   4   4   4   4   4
     4   4   4   4   4   4   4   4   4   4   4   4   4   4   4   4   4
     4   4   4   4   4   4   4   4   4   4   4   4   4   4   4   4   4
     4   4   4   4   4   4   4   4   4   4]
  [421 585 595 588 592 595 595 828 574 591 587 591 595 849 813 582 588
   576 591 836 845 583 511 541 557 580 592 836 844 582 578 840 587 829
   580 585 589 580 821 557 568 579 571 566 576 570 842 592 587 838 571
   832 569 585 578 583 578 830 572 839 587]]]
unsolvable
 
 err: 
done running mariposa 24.7
Bisecting: 7 revisions left to test after this (roughly 3 steps)
[d17248821ad047f889237ce20b6bdaa1465ceff9] include chronological backtracking, two-phase sat, xor inprocessing, probsat, ddfw
running python3 /home/yizhou7/mariposa/scripts/z3-bisect.py /home/yizhou7/mariposa/data/bisect_tasks/d_lvbkv_z3_clean--Betree-BetreeInv.i.dfy.Impl__BetreeInv.__default.InitImpliesInv.txt
building z3
done building z3 3.1
running mariposa
res: 0 
 out: [[[  2   2   2   2   2   2   2   2   2   2   2   2   2   2   2   2   2
     2   2   2   2   2   2   2   2   2   2   2   2   2   2   2   2   2
     2   2   2   2   2   2   2   2   2   2   2   2   2   2   2   2   2
     2   2   2   2   2   2   2   2   2   2]
  [273 327 325 323 328 329 327 325 331 323 327 329 327 325 324 324 323
   326 328 329 331 324 323 323 325 329 328 330 326 324 322 325 328 328
   331 325 327 326 325 329 327 329 325 328 324 327 328 328 328 325 326
   324 326 329 330 331 315 313 317 305 303]]

 [[  2   2   2   2   2   2   2   2   2   2   2   2   2   2   2   2   2
     2   2   2   2   2   2   2   2   2   2   2   2   2   2   2   2   2
     2   2   2   2   2   2   2   2   2   2   2   2   2   2   2   2   2
     2   2   2   2   2   2   2   2   2   2]
  [273 330 333 333 331 334 331 332 330 330 332 332 332 331 334 331 331
   331 331 329 332 329 333 331 331 331 332 332 330 330 333 330 331 331
   331 329 332 329 328 334 331 330 333 330 331 333 330 330 333 330 331
   329 332 331 334 331 331 333 330 330 328]]

 [[  2   2   2   2   2   2   2   2   2   2   2   2   2   2   2   2   2
     2   2   2   2   2   2   2   2   2   2   2   2   2   2   2   2   2
     2   2   2   2   2   2   2   2   2   2   2   2   2   2   2   2   2
     2   2   2   2   2   2   2   2   2   2]
  [273 366 369 364 367 364 369 366 363 365 367 364 363 365 369 368 361
   374 365 363 363 362 369 365 366 365 371 363 366 361 363 362 368 362
   362 365 366 365 365 369 365 363 361 363 364 365 364 361 366 361 362
   359 362 362 365 366 365 363 358 357 356]]]
stable
 
 err: 
done running mariposa 16.1
Bisecting: 3 revisions left to test after this (roughly 2 steps)
[ec1653fdff146ff8d1b3b2281e875494f4fc3a96] Merge pull request #2345 from schedutron/master
running python3 /home/yizhou7/mariposa/scripts/z3-bisect.py /home/yizhou7/mariposa/data/bisect_tasks/d_lvbkv_z3_clean--Betree-BetreeInv.i.dfy.Impl__BetreeInv.__default.InitImpliesInv.txt
building z3
done building z3 3.1
running mariposa
res: 0 
 out: [[[  2   2   2   2   2   2   2   2   2   2   2   2   2   2   2   2   2
     2   2   2   2   2   2   2   2   2   2   2   2   2   2   2   2   2
     2   2   2   2   2   2   2   2   2   2   2   2   2   2   2   2   2
     2   2   2   2   2   2   2   2   2   2]
  [273 329 326 328 328 327 330 327 329 329 328 329 328 328 329 327 326
   331 331 329 332 326 328 327 327 328 327 331 327 327 327 327 329 327
   329 329 329 325 326 327 326 330 330 329 327 327 327 327 329 329 327
   326 329 326 327 328 320 317 315 319 308]]

 [[  2   2   2   2   2   2   2   2   2   2   2   2   2   2   2   2   2
     2   2   2   2   2   2   2   2   2   2   2   2   2   2   2   2   2
     2   2   2   2   2   2   2   2   2   2   2   2   2   2   2   2   2
     2   2   2   2   2   2   2   2   2   2]
  [273 335 337 334 332 333 332 332 332 334 332 330 332 331 332 332 335
   332 330 333 335 331 331 333 332 329 332 331 334 333 334 333 330 333
   331 333 332 335 333 330 331 331 334 333 336 334 329 332 330 334 335
   333 332 330 333 329 332 334 333 334 331]]

 [[  2   2   2   2   2   2   2   2   2   2   2   2   2   2   2   2   2
     2   2   2   2   2   2   2   2   2   2   2   2   2   2   2   2   2
     2   2   2   2   2   2   2   2   2   2   2   2   2   2   2   2   2
     2   2   2   2   2   2   2   2   2   2]
  [273 361 373 365 366 369 369 367 361 365 364 371 359 366 367 358 362
   363 375 367 362 367 359 366 362 370 368 365 367 354 367 366 364 369
   367 365 360 366 365 369 367 361 367 360 366 366 363 368 366 363 362
   358 363 365 365 367 367 359 356 358 356]]]
stable
 
 err: 
done running mariposa 16.1
Bisecting: 1 revision left to test after this (roughly 1 step)
[f3b79087eef389011fa90eefcf64b987bed54a9d] add default tactic as option to overwrite the behavior of strategic solver factory
running python3 /home/yizhou7/mariposa/scripts/z3-bisect.py /home/yizhou7/mariposa/data/bisect_tasks/d_lvbkv_z3_clean--Betree-BetreeInv.i.dfy.Impl__BetreeInv.__default.InitImpliesInv.txt
building z3
done building z3 3.1
running mariposa
res: 1 
 out: [[[  4   4   4   4   4   4   4   4   4   4   4   4   4   4   4   4   4
     4   4   4   4   4   4   4   4   4   4   4   4   4   4   4   4   4
     4   4   4   4   4   4   4   4   4   4   4   4   4   4   4   4   4
     4   4   4   4   4   4   4   4   4   4]
  [421 529 545 543 792 798 824 549 775 528 530 545 802 797 799 531 782
   537 796 536 530 533 787 534 536 790 783 799 539 543 778 530 531 775
   547 806 793 542 796 798 535 533 776 532 531 795 793 803 815 828 816
   548 524 770 526 539 529 527 756 715 684]]

 [[  4   4   4   4   4   4   4   4   4   4   4   4   4   4   4   4   4
     4   4   4   4   4   4   4   4   4   4   4   4   4   4   4   4   4
     4   4   4   4   4   4   4   4   4   4   4   4   4   4   4   4   4
     4   4   4   4   4   4   4   4   4   4]
  [421 536 532 820 537 541 546 530 816 540 783 538 815 808 814 544 804
   530 780 552 813 812 812 798 781 781 537 542 827 810 784 546 552 533
   805 803 810 554 557 549 792 523 537 544 541 832 785 792 535 535 535
   797 543 533 527 798 551 819 814 558 787]]

 [[  4   4   4   4   4   4   4   4   4   4   4   4   4   4   4   4   4
     4   4   4   4   4   4   4   4   4   4   4   4   4   4   4   4   4
     4   4   4   4   4   4   4   4   4   4   4   4   4   4   4   4   4
     4   4   4   4   4   4   4   4   4   4]
  [421 595 587 590 592 592 602 833 588 586 605 589 595 839 825 585 586
   577 590 843 844 579 513 542 558 580 596 838 836 589 574 843 580 831
   580 587 587 589 816 560 578 576 573 566 576 580 846 588 586 837 571
   829 576 584 576 586 574 834 587 846 590]]]
unsolvable
 
 err: 
done running mariposa 24.7
Bisecting: 0 revisions left to test after this (roughly 0 steps)
[1e770af1cc04f85a8d7a990ba0c9c4e433b83fa8] local sort
running python3 /home/yizhou7/mariposa/scripts/z3-bisect.py /home/yizhou7/mariposa/data/bisect_tasks/d_lvbkv_z3_clean--Betree-BetreeInv.i.dfy.Impl__BetreeInv.__default.InitImpliesInv.txt
building z3
done building z3 3.1
running mariposa
res: 1 
 out: [[[  4   4   4   4   4   4   4   4   4   4   4   4   4   4   4   4   4
     4   4   4   4   4   4   4   4   4   4   4   4   4   4   4   4   4
     4   4   4   4   4   4   4   4   4   4   4   4   4   4   4   4   4
     4   4   4   4   4   4   4   4   4   4]
  [418 539 553 797 550 805 820 555 777 531 531 539 811 804 810 534 796
   537 802 538 533 532 784 536 542 795 790 805 538 534 541 794 533 792
   538 815 796 546 797 802 536 534 791 534 533 809 795 812 824 824 825
   544 533 774 528 535 530 527 760 715 683]]

 [[  4   4   4   4   4   4   4   4   4   4   4   4   4   4   4   4   4
     4   4   4   4   4   4   4   4   4   4   4   4   4   4   4   4   4
     4   4   4   4   4   4   4   4   4   4   4   4   4   4   4   4   4
     4   4   4   4   4   4   4   4   4   4]
  [418 537 530 825 539 545 537 533 817 534 794 539 814 808 809 541 810
   532 789 545 820 815 812 800 786 792 544 542 823 818 791 543 543 539
   809 798 805 551 551 550 798 521 539 539 543 867 785 790 542 542 537
   804 532 529 526 798 549 818 819 548 786]]

 [[  4   4   4   4   4   4   4   4   4   4   4   4   4   4   4   4   4
     4   4   4   4   4   4   4   4   4   4   4   4   4   4   4   4   4
     4   4   4   4   4   4   4   4   4   4   4   4   4   4   4   4   4
     4   4   4   4   4   4   4   4   4   4]
  [418 592 601 590 593 596 598 835 584 588 600 590 592 857 824 581 588
   579 599 838 841 583 515 542 563 579 590 842 842 580 576 849 582 832
   586 588 594 579 822 558 580 569 578 569 584 574 834 591 592 845 573
   831 572 580 583 590 576 581 844 846 590]]]
unsolvable
 
 err: 
done running mariposa 24.8
1e770af1cc04f85a8d7a990ba0c9c4e433b83fa8 is the first bad commit
commit 1e770af1cc04f85a8d7a990ba0c9c4e433b83fa8
Author: Nikolaj Bjorner <nbjorner@microsoft.com>
Date:   Fri Jun 14 09:29:41 2019 -0700

    local sort
    
    Signed-off-by: Nikolaj Bjorner <nbjorner@microsoft.com>

 src/ast/rewriter/bool_rewriter.cpp | 21 ++++++++++++++++++---
 1 file changed, 18 insertions(+), 3 deletions(-)
bisect run success
git bisect start
# good: [e79542cc689d52ec4cb34ce4ae3fbe56e7a0bf70] fix #2309
git bisect good e79542cc689d52ec4cb34ce4ae3fbe56e7a0bf70
# bad: [ad55a1f1c617a7f0c3dd735c0780fc758424c7f1] Update release.yml for Azure Pipelines
git bisect bad ad55a1f1c617a7f0c3dd735c0780fc758424c7f1
# skip: [e2702f3ae88f5c48a55f4473bb5c29184c182634] fixes in assigning constraints to intervals
git bisect skip e2702f3ae88f5c48a55f4473bb5c29184c182634
# skip: [1915812f84cf41a5f232eedf2a695a54d055aa88] add a test for intervals
git bisect skip 1915812f84cf41a5f232eedf2a695a54d055aa88
# bad: [8faf35e2e0c8fce99794e71bd3b5de74b95ceb5a] fix #3735
git bisect bad 8faf35e2e0c8fce99794e71bd3b5de74b95ceb5a
# skip: [d1a5635b4ad7f8632356b380f3a9b1fc83fdb04f] better model based lemmaas
git bisect skip d1a5635b4ad7f8632356b380f3a9b1fc83fdb04f
# skip: [0a86bd14f792ef5fadb8eeb346729a612f7e1588] start on test nla
git bisect skip 0a86bd14f792ef5fadb8eeb346729a612f7e1588
# bad: [f7747d9e76bd685a02ce5c5fbda91fc356856b5e] fix parameter collection for tactic-based solvers reported in #3065
git bisect bad f7747d9e76bd685a02ce5c5fbda91fc356856b5e
# skip: [0644194fc96a853df44c37f9e4522796aa40add8] work on lemma from product to factors, and some renaming
git bisect skip 0644194fc96a853df44c37f9e4522796aa40add8
# bad: [0321312c8db1d3f0edbd23e6e48884fbb7d77d1d] Changed to get_const_interp to match Java and C# bindings
git bisect bad 0321312c8db1d3f0edbd23e6e48884fbb7d77d1d
# bad: [6e637348826f0725ba8a01c455448023ca2889e4] Merge pull request #2368 from waywardmonkeys/fix-typo
git bisect bad 6e637348826f0725ba8a01c455448023ca2889e4
# good: [9b4f327e29de8eadd112e53af5a8fb9f430fabf7] set upload mode to replace
git bisect good 9b4f327e29de8eadd112e53af5a8fb9f430fabf7
# good: [42ac3a536369a7d4a7eafa1fa15b571b146ba594] merge with csp
git bisect good 42ac3a536369a7d4a7eafa1fa15b571b146ba594
# bad: [b4290d4b3d7c021965e9ce7ee636caac0f9cac74] python regression
git bisect bad b4290d4b3d7c021965e9ce7ee636caac0f9cac74
# bad: [0f7ff2a3d016ce6cc0dcc2654a6aa0187bc55192] swap
git bisect bad 0f7ff2a3d016ce6cc0dcc2654a6aa0187bc55192
# good: [d17248821ad047f889237ce20b6bdaa1465ceff9] include chronological backtracking, two-phase sat, xor inprocessing, probsat, ddfw
git bisect good d17248821ad047f889237ce20b6bdaa1465ceff9
# good: [ec1653fdff146ff8d1b3b2281e875494f4fc3a96] Merge pull request #2345 from schedutron/master
git bisect good ec1653fdff146ff8d1b3b2281e875494f4fc3a96
# bad: [f3b79087eef389011fa90eefcf64b987bed54a9d] add default tactic as option to overwrite the behavior of strategic solver factory
git bisect bad f3b79087eef389011fa90eefcf64b987bed54a9d
# bad: [1e770af1cc04f85a8d7a990ba0c9c4e433b83fa8] local sort
git bisect bad 1e770af1cc04f85a8d7a990ba0c9c4e433b83fa8
# first bad commit: [1e770af1cc04f85a8d7a990ba0c9c4e433b83fa8] local sort
