running python3 /home/yizhou7/mariposa/scripts/z3-bisect.py /home/yizhou7/mariposa/data/bisect_tasks/d_lvbkv_z3_clean--Impl-LeafModel.i.dfy.Impl__LeafModel.__default.repivotLeafCorrect.txt
building z3
Bisecting: 1453 revisions left to test after this (roughly 11 steps)
[1915812f84cf41a5f232eedf2a695a54d055aa88] add a test for intervals
running python3 /home/yizhou7/mariposa/scripts/z3-bisect.py /home/yizhou7/mariposa/data/bisect_tasks/d_lvbkv_z3_clean--Impl-LeafModel.i.dfy.Impl__LeafModel.__default.repivotLeafCorrect.txt
building z3
Bisecting: 1453 revisions left to test after this (roughly 11 steps)
[8faf35e2e0c8fce99794e71bd3b5de74b95ceb5a] fix #3735
running python3 /home/yizhou7/mariposa/scripts/z3-bisect.py /home/yizhou7/mariposa/data/bisect_tasks/d_lvbkv_z3_clean--Impl-LeafModel.i.dfy.Impl__LeafModel.__default.repivotLeafCorrect.txt
building z3
done building z3 3.2
running mariposa
res: 1 
 out: [[[    3     3     3     3     3     3     3     3     3     3     3
       3     3     3     3     3     3     3     3     3     3     3
       3     3     3     3     3     3     3     3     3     3     3
       3     3     3     3     3     3     3     3     3     3     3
       3     3     3     3     3     3     3     3     3     3     3
       3     3     3     3     3     3]
  [60041 60041 60043 60045 60044 60050 60047 60036 60041 60044 60038
   60037 60038 60041 60049 60042 60048 60033 60036 60052 60039 60041
   60044 60039 60035 60040 60041 60040 60021 60021 60042 60019 60042
   60042 60042 60020 60044 60020 60041 60043 60042 60041 60038 60018
   60019 60044 60043 60022 60023 60043 60041 60038 60038 60036 60039
   60036 60040 60039 60017 60040 60017]]

 [[    3     2     2     2     2     2     2     2     2     3     2
       2     2     2     2     2     3     3     2     3     3     2
       2     3     3     2     2     2     3     2     3     2     3
       2     3     3     2     3     3     2     2     3     2     2
       2     2     2     2     2     2     3     2     2     2     3
       3     3     3     3     3     3]
  [60041 14407 10666  6191 10171  5997  7959  9690  7934 60020 11614
   12289  8126 16862  6529 17660 60045 60041  6797 60036 60020 11697
    9416 60021 60039  8019 14850 10862 60051  8503 60020  6019 60032
    6821 60040 60044  7239 60038 60036 17483 14062 60019  9376 17056
   10389 11128 15952 17141  7653 11177 60047  9868 10255  6775 60041
   60020 60042 60040 60045 60047 60032]]

 [[    3     2     2     2     2     2     2     2     2     2     2
       3     3     3     2     2     3     2     3     2     2     3
       2     2     3     3     2     3     3     3     2     3     2
       3     2     3     2     3     2     3     3     2     2     2
       3     3     3     2     2     3     3     3     2     3     3
       2     3     3     3     3     3]
  [60041  9856 11687 16008 16473 11374 11945 14465 15610  8478  6916
   60035 60032 60032  7119 12975 60038 10213 60019 10420  9320 60019
   11467 19709 60018 60041 14642 60047 60039 60044 10504 60021 12386
   60038 17627 60038 12185 60049 16177 60041 60018  8698 11795 12925
   60028 60020 60045 11443 17534 60021 60045 60020 23311 60041 60047
   14423 60022 60042 60033 60019 60037]]]
unstable
 
 err: 
done running mariposa 1190.7
Bisecting: 1254 revisions left to test after this (roughly 10 steps)
[d1a5635b4ad7f8632356b380f3a9b1fc83fdb04f] better model based lemmaas
running python3 /home/yizhou7/mariposa/scripts/z3-bisect.py /home/yizhou7/mariposa/data/bisect_tasks/d_lvbkv_z3_clean--Impl-LeafModel.i.dfy.Impl__LeafModel.__default.repivotLeafCorrect.txt
building z3
Bisecting: 1254 revisions left to test after this (roughly 10 steps)
[0a86bd14f792ef5fadb8eeb346729a612f7e1588] start on test nla
running python3 /home/yizhou7/mariposa/scripts/z3-bisect.py /home/yizhou7/mariposa/data/bisect_tasks/d_lvbkv_z3_clean--Impl-LeafModel.i.dfy.Impl__LeafModel.__default.repivotLeafCorrect.txt
building z3
Bisecting: 1254 revisions left to test after this (roughly 10 steps)
[f7747d9e76bd685a02ce5c5fbda91fc356856b5e] fix parameter collection for tactic-based solvers reported in #3065
running python3 /home/yizhou7/mariposa/scripts/z3-bisect.py /home/yizhou7/mariposa/data/bisect_tasks/d_lvbkv_z3_clean--Impl-LeafModel.i.dfy.Impl__LeafModel.__default.repivotLeafCorrect.txt
building z3
done building z3 3.2
running mariposa
res: 1 
 out: [[[    3     3     3     3     3     3     3     3     3     3     3
       3     3     2     3     3     3     3     3     3     3     3
       3     3     3     3     2     3     3     3     3     3     3
       3     3     2     2     3     2     3     3     3     3     3
       2     2     3     3     3     3     3     3     3     2     2
       2     3     2     3     3     3]
  [60038 60037 60029 60028 60036 60037 60040 60040 60036 60030 60031
   60036 60038 17406 60040 60042 60036 60029 60032 60037 60039 60042
   60041 60035 60029 60032 19188 60038 60042 60043 60034 60029 60030
   60033 60037 16118 14549 60039 13826 60041 60037 60031 60034 60034
   15184 21080 60042 60042 60034 60037 60035 60043 60038 18480 14148
   11193 60036 14227 60043 60035 60036]]

 [[    3     2     2     2     2     2     2     2     2     3     2
       2     2     3     2     2     3     3     2     3     2     2
       2     2     2     3     3     3     2     3     2     3     2
       2     2     2     3     2     2     2     3     2     2     3
       2     3     3     2     3     3     2     2     2     2     3
       3     2     2     3     3     3]
  [60038 11937  7298  8420  8307 16181 13701 13205  9843 60040 12944
    7921  6425 60037  5920 18231 60022 60050 13528 60040  9750  7171
   15409 17186 11098 60036 60047 60037 11882 60038 21249 60034  8133
    9809  9021  9423 60035  6810 11426 13996 60042 16332 14542 60042
   11347 60020 60040  9498 60032 60041 15582  9750 17661 15539 60044
   60032 10496  6121 60021 60022 60037]]

 [[    3     2     2     2     2     2     2     2     2     2     2
       2     3     3     3     2     3     2     3     3     3     2
       3     3     2     2     2     2     3     3     2     3     3
       2     3     3     3     3     2     2     3     3     2     3
       3     3     3     3     2     3     3     2     2     2     3
       2     2     3     3     3     3]
  [60038  8717  8980 11816 12899  6727 13161  9306 15032 12363  5925
   33666 60039 60018 60039 10151 60021 11981 60019 60017 60044  7972
   60043 60037 13950 12701 20757 15266 60021 60037  7596 60021 60050
   13128 60026 60035 60035 60033 13715  7698 60032 60035  8705 60038
   60041 60021 60035 60032  9942 60017 60017 12507 14480 21682 60038
   15795 27766 60020 60039 60045 60039]]]
unstable
 
 err: 
done running mariposa 1123.6
Bisecting: 1034 revisions left to test after this (roughly 10 steps)
[0644194fc96a853df44c37f9e4522796aa40add8] work on lemma from product to factors, and some renaming
running python3 /home/yizhou7/mariposa/scripts/z3-bisect.py /home/yizhou7/mariposa/data/bisect_tasks/d_lvbkv_z3_clean--Impl-LeafModel.i.dfy.Impl__LeafModel.__default.repivotLeafCorrect.txt
building z3
Bisecting: 1034 revisions left to test after this (roughly 10 steps)
[0321312c8db1d3f0edbd23e6e48884fbb7d77d1d] Changed to get_const_interp to match Java and C# bindings
running python3 /home/yizhou7/mariposa/scripts/z3-bisect.py /home/yizhou7/mariposa/data/bisect_tasks/d_lvbkv_z3_clean--Impl-LeafModel.i.dfy.Impl__LeafModel.__default.repivotLeafCorrect.txt
building z3
done building z3 3.1
running mariposa
res: 1 
 out: [[[    2     2     2     2     2     2     2     2     2     2     2
       2     2     2     2     2     2     2     2     2     2     2
       2     2     2     2     2     2     2     2     2     2     2
       2     2     2     2     2     2     2     2     2     2     2
       2     2     2     2     2     2     2     2     2     2     2
       2     2     2     2     2     2]
  [ 8997 18505 20866 16269 18355 13821 20614 15075 11755 12200 13609
   16196 21288 16505 21067 21322 13243 12584 18040 17441 13296 15723
   18006 15672 18886 15188 14530 17874 18334 16420 19200 12320 15566
   18591 14792 18144 16118 14622 17981 12712 13433 16470 12534 17061
   18312 11803 15838 13450 12725 15024 23570 17538 16952 15164 16079
   15251 12328 13547 16566 13210 15325]]

 [[    2     2     2     2     2     2     2     2     3     2     3
       2     3     2     2     2     3     2     3     2     2     2
       2     2     2     2     2     2     2     2     3     2     3
       2     2     2     2     2     2     2     3     2     2     2
       2     2     3     2     2     3     3     2     2     2     3
       3     3     2     3     3     3]
  [ 8997  7340 10098 14260 10566 14041 10673  7359 60021 12138 60033
   10794 60038  9024  9441 11022 60035 10330 60034 10707  5513  5678
   11925 11205  4253 12374  7531 12083  6455 12135 60019  8802 60021
   12504  6973 15963 12356  8651 13713 58121 60019 16311  5140  4838
    6872 12257 60041  8341  9423 60021 60038 11238 16100 10177 60042
   60019 60041 12643 60040 60038 60043]]

 [[    2     2     2     2     2     2     2     2     3     3     3
       3     3     3     2     2     2     2     2     3     2     3
       2     3     3     2     3     3     2     2     2     2     3
       2     3     3     3     2     3     2     3     2     2     3
       3     2     3     2     3     2     3     3     2     3     3
       3     2     3     3     3     3]
  [ 8997  8300  8248  8502 10903 11393 15154 13113 60019 60033 60039
   60020 60031 60034 13584 18972 12249  9534 13291 60019 14153 60027
   12811 60035 60046  7088 60044 60033 13083 12208 11795 10556 60041
    7698 60041 60036 60022 20310 60048 10068 60025  9079 15911 60047
   60021 10554 60021 16930 60043  9340 60045 60037 10676 60020 60051
   60019 14448 60020 60046 60043 60021]]]
unstable
 
 err: 
done running mariposa 712.4
Bisecting: 261 revisions left to test after this (roughly 8 steps)
[6e637348826f0725ba8a01c455448023ca2889e4] Merge pull request #2368 from waywardmonkeys/fix-typo
running python3 /home/yizhou7/mariposa/scripts/z3-bisect.py /home/yizhou7/mariposa/data/bisect_tasks/d_lvbkv_z3_clean--Impl-LeafModel.i.dfy.Impl__LeafModel.__default.repivotLeafCorrect.txt
building z3
done building z3 3.1
running mariposa
res: 1 
 out: [[[    3     3     3     3     3     3     3     3     3     3     3
       3     3     3     3     3     3     3     3     3     3     3
       3     3     3     3     3     3     3     3     3     3     3
       3     3     3     3     3     3     3     3     3     3     3
       3     3     3     3     3     3     3     3     3     3     3
       3     3     3     3     3     3]
  [60041 60048 60050 60048 60044 60036 60049 60044 60035 60034 60032
   60050 60037 60051 60038 60037 60034 60033 60035 60036 60039 60037
   60037 60035 60050 60037 60036 60039 60046 60037 60036 60036 60038
   60035 60051 60038 60036 60035 60049 60037 60038 60040 60037 60038
   60036 60034 60037 60037 60039 60054 60038 60038 60033 60048 60038
   60048 60038 60034 60029 60039 60039]]

 [[    3     2     2     2     2     2     2     2     2     2     3
       3     2     3     2     2     2     2     3     3     3     2
       2     2     3     2     3     3     2     3     2     3     3
       2     2     2     2     2     3     2     2     2     3     2
       2     2     2     2     2     3     3     3     2     2     2
       2     2     3     3     3     3]
  [60041 10622  8222 18841 15749 11043 10125 26633 10216 17715 60041
   60050 11843 60037 23227  6909  8507  6888 60048 60043 60037 10873
   14809  7415 60041  8702 60021 60053  7003 60035  9633 60039 60047
    5126 24656  9719  7517 11557 60040  8321 17110 15296 60040 13091
   10133  8871  9516 16301  9816 60019 60019 60049 16690  7103 10544
   10161 15975 60020 60053 60046 60037]]

 [[    3     2     2     2     2     2     3     3     3     3     3
       2     2     2     3     2     3     3     3     2     3     2
       2     2     3     2     2     3     2     2     2     3     2
       2     2     2     3     3     3     3     3     2     2     3
       2     3     3     2     3     3     3     2     2     2     2
       2     3     2     3     3     3]
  [60041  6949 13957 23602 12893 11505 60021 60037 60026 60017 60025
    8848 15116 18970 60038 16511 60018 60020 60043 12268 60028  7784
   10726 11588 60020  8084 11195 60043 14081  8137 16226 60046 10080
   13432 12008 21825 60038 60047 60019 60022 60027  8073 16044 60019
   21998 60047 60040 10823 60034 60036 60019 16775  9316 19770 20179
    8506 60046 23708 60046 60050 60040]]]
unstable
 
 err: 
done running mariposa 1176.8
Bisecting: 130 revisions left to test after this (roughly 7 steps)
[9b4f327e29de8eadd112e53af5a8fb9f430fabf7] set upload mode to replace
running python3 /home/yizhou7/mariposa/scripts/z3-bisect.py /home/yizhou7/mariposa/data/bisect_tasks/d_lvbkv_z3_clean--Impl-LeafModel.i.dfy.Impl__LeafModel.__default.repivotLeafCorrect.txt
building z3
done building z3 3.0
running mariposa
res: 0 
 out: [[[    2     2     2     2     2     2     2     2     2     2     2
       2     2     2     2     2     2     2     2     2     2     2
       2     2     2     2     2     2     2     2     2     2     2
       2     2     2     2     2     2     2     2     2     2     2
       2     2     2     2     2     2     2     2     2     2     2
       2     2     2     2     2     2]
  [ 4448  6759  6576  6601  6650  6538  6609  6450  6670  6486  6530
    6726  6672  6552  6650  6552  6708  6623  6688  6666  6754  6562
    6572  6589  6627  6509  6716  6591  6503  6663  6627  6634  6505
    6703  6731  6701  6670  6646  6636  6745  6625  6537  6618  6673
    6780  6677  6565  6698  6728  6728  6722  6527  6681  6712  6564
    6720  6543  6656  5983  5711  5625]]

 [[    2     2     2     2     2     2     2     2     2     2     2
       2     2     2     2     2     2     2     2     2     2     2
       2     2     2     2     2     2     2     2     2     2     2
       2     2     2     2     2     2     2     2     2     2     2
       2     2     2     2     2     2     2     2     2     2     2
       2     2     2     2     2     2]
  [ 4448  6762  6699  6466  6578  6620  6725  6453  6656  6689  6521
    6656  6516  6530  6563  6773  6643  6522  6512  6739  6588  6675
    6642  6699  6503  6584  6638  6522  6663  6546  6529  6522  6673
    6552  6495  6668  6684  6758  6555  6583  6603  6434  6610  6646
    6718  6666  6551  6582  6521  6708  6589  6674  6639  6568  6737
    6342  6624  6587  6710  6488  6674]]

 [[    2     2     2     2     2     2     2     2     2     2     2
       2     2     2     2     2     2     2     2     2     2     2
       2     2     2     2     2     2     2     2     2     2     2
       2     2     2     2     2     2     2     2     2     2     2
       2     2     2     2     2     2     2     2     2     2     2
       2     2     2     2     2     2]
  [ 4448  7190  7252  7303  7479  7893  8476  9894  7794  8189  8045
    8054  9191  9950  8272  8614  8404  7377  8296  7929  7927  9272
    7123  7747  7881  8413  8679 10112  6955  7601  8066  7989  8438
    7808  8282  8850  6919  8155  7572  8055  7048  7911 10512  7278
    7750  8497  7685  7284  7716  7794  7073  6940  7915  8404  8590
    8363  8018  7851  7078  7965  7615]]]
stable
 
 err: 
done running mariposa 213.9
Bisecting: 65 revisions left to test after this (roughly 6 steps)
[42ac3a536369a7d4a7eafa1fa15b571b146ba594] merge with csp
running python3 /home/yizhou7/mariposa/scripts/z3-bisect.py /home/yizhou7/mariposa/data/bisect_tasks/d_lvbkv_z3_clean--Impl-LeafModel.i.dfy.Impl__LeafModel.__default.repivotLeafCorrect.txt
building z3
done building z3 3.1
running mariposa
res: 0 
 out: [[[    2     2     2     2     2     2     2     2     2     2     2
       2     2     2     2     2     2     2     2     2     2     2
       2     2     2     2     2     2     2     2     2     2     2
       2     2     2     2     2     2     2     2     2     2     2
       2     2     2     2     2     2     2     2     2     2     2
       2     2     2     2     2     2]
  [ 4429  6676  6593  6543  6628  6540  6576  6688  6486  6552  6456
    6740  6615  6565  6506  6805  6597  6652  6639  6592  6773  6589
    6624  6439  6649  6467  6618  6668  6506  6697  6519  6686  6471
    6628  6664  6674  6749  6683  6626  6670  6647  6470  6661  6609
    6768  6662  6669  6699  6649  6678  6702  6511  6749  6812  6549
    6600  6542  6462  6109  5870  5654]]

 [[    2     2     2     2     2     2     2     2     2     2     2
       2     2     2     2     2     2     2     2     2     2     2
       2     2     2     2     2     2     2     2     2     2     2
       2     2     2     2     2     2     2     2     2     2     2
       2     2     2     2     2     2     2     2     2     2     2
       2     2     2     2     2     2]
  [ 4429  6681  6741  6468  6609  6710  6667  6435  6636  6760  6572
    6495  6548  6538  6511  6623  6752  6589  6496  6777  6571  6679
    6581  6716  6449  6576  6704  6508  6489  6624  6593  6553  6579
    6811  6471  6525  6635  6843  6577  6577  6581  6439  6592  6629
    6738  6618  6555  6672  6497  6704  6754  6596  6673  6649  6741
    6316  6545  6714  6607  6469  6718]]

 [[    2     2     2     2     2     2     2     2     2     2     2
       2     2     2     2     2     2     2     2     2     2     2
       2     2     2     2     2     2     2     2     2     2     2
       2     2     2     2     2     2     2     2     2     2     2
       2     2     2     2     2     2     2     2     2     2     2
       2     2     2     2     2     2]
  [ 4429  7127  7290  7364  7411  7893  8521  9912  7728  8266  8009
    8131  9253  9740  8302  8558  7296  8285  8525  8080  7887  9121
    7686  7179  7770  8418  8782 10157  6971  7462  8105  7990  8423
    7843  8247  9029  6944  7958  7542  7017  8094  7961 10808  7174
    7759  8472  7264  7597  7684  7026  7953  7009  7880  8352  8332
    8556  7123  8058  7935  8066  7498]]]
stable
 
 err: 
done running mariposa 214.0
Bisecting: 32 revisions left to test after this (roughly 5 steps)
[b4290d4b3d7c021965e9ce7ee636caac0f9cac74] python regression
running python3 /home/yizhou7/mariposa/scripts/z3-bisect.py /home/yizhou7/mariposa/data/bisect_tasks/d_lvbkv_z3_clean--Impl-LeafModel.i.dfy.Impl__LeafModel.__default.repivotLeafCorrect.txt
building z3
done building z3 3.3
running mariposa
res: 1 
 out: [[[    2     2     2     2     2     2     2     2     2     2     2
       2     2     2     2     2     2     2     2     2     2     2
       2     2     2     2     2     2     2     2     2     2     2
       2     2     2     2     2     2     2     2     2     2     2
       2     2     2     2     2     2     2     2     2     2     2
       2     2     2     2     2     2]
  [13216 17446 20761 15119 23027 13855 13082 13476 13501 18239 19580
   22847 19136 13965 13510 21356 21024 12798 13325 19936 23259 18391
   20650 19139 18205 15786 13806 19829 20616 15492 13653 15395 14566
   13483 20644 13592 20511 13568 20506 17000 13387 21829 15288 19964
   19000 13795 13813 14653 21705 25149 17728 22444 12717 15417 12770
   12777 15773 15205 17591 12916 16807]]

 [[    2     2     2     2     2     2     2     3     2     2     3
       3     3     3     3     2     3     3     2     3     2     2
       2     2     2     2     2     3     2     3     2     3     2
       3     3     3     3     2     3     3     2     2     2     3
       3     2     2     2     2     2     2     3     3     3     2
       2     3     3     3     3     3]
  [13216  9522 16135  9556 18360  7498  8374 60038 17443  8586 60045
   60029 60039 60039 60022  7433 60039 60020 12244 60039 11268 16524
    7391  6782 14484  7069  5341 60040  7851 60044 12382 60048 11140
   60023 60046 60031 60019  6531 60041 60047 12279 19434 12581 60022
   60028 11021 11370 17241  8064 18693  6260 60046 60046 60048  9807
   10136 60027 60039 60038 60033 60031]]

 [[    2     2     2     3     3     3     3     3     3     2     2
       2     2     2     2     3     2     2     2     2     2     2
       2     3     2     2     3     2     3     3     2     2     2
       3     2     2     2     3     3     3     3     3     2     3
       3     2     3     2     3     3     2     2     2     3     3
       3     3     3     3     3     3]
  [13216 10038 10148 60029 60017 60028 60038 60017 60032  7575  7614
   10287 12606  7174 12194 60035 22041 15237 13618  9642 11891 15116
   16859 60043 15973  7992 60020 11257 60041 60037  6704  9085 42897
   60038  8681 16502 42314 60020 60040 60034 60020 60037 14937 60040
   60021 10622 60041 17072 60041 60021  7265 11410  9652 60043 60046
   60042 60021 60041 60026 60036 60034]]]
unstable
 
 err: 
done running mariposa 804.5
Bisecting: 16 revisions left to test after this (roughly 4 steps)
[0f7ff2a3d016ce6cc0dcc2654a6aa0187bc55192] swap
running python3 /home/yizhou7/mariposa/scripts/z3-bisect.py /home/yizhou7/mariposa/data/bisect_tasks/d_lvbkv_z3_clean--Impl-LeafModel.i.dfy.Impl__LeafModel.__default.repivotLeafCorrect.txt
building z3
done building z3 3.1
running mariposa
res: 0 
 out: [[[   2    2    2    2    2    2    2    2    2    2    2    2    2    2
      2    2    2    2    2    2    2    2    2    2    2    2    2    2
      2    2    2    2    2    2    2    2    2    2    2    2    2    2
      2    2    2    2    2    2    2    2    2    2    2    2    2    2
      2    2    2    2    2]
  [4723 7325 7259 7307 7332 7359 7385 7086 7326 7224 7296 7348 7352 7412
   7050 7222 7221 7309 7296 7381 7385 7048 7233 7246 7289 7306 7447 7320
   7046 7189 7255 7260 7293 7456 7381 7060 7164 7210 7269 7372 7288 7450
   7046 7164 7209 7270 7368 7294 7433 7063 7192 7198 7253 7325 7231 7379
   7041 6507 6395 6025 5868]]

 [[   2    2    2    2    2    2    2    2    2    2    2    2    2    2
      2    2    2    2    2    2    2    2    2    2    2    2    2    2
      2    2    2    2    2    2    2    2    2    2    2    2    2    2
      2    2    2    2    2    2    2    2    2    2    2    2    2    2
      2    2    2    2    2]
  [4723 7705 7568 7947 7586 7669 7570 7713 8097 7865 7595 7424 7565 7758
   7524 7544 7658 7740 7386 7073 7015 7453 7886 7580 8034 7244 7567 7496
   7204 7475 7455 6914 6871 7274 7805 7430 7559 7708 7608 7288 7422 6901
   7569 7289 7475 7885 6373 7381 7629 7310 7456 7479 7515 6451 6868 7008
   7626 7078 6832 7510 7369]]

 [[   2    2    2    2    2    2    2    2    2    2    2    2    2    2
      2    2    2    2    2    2    2    2    2    2    2    2    2    2
      2    2    2    2    2    2    2    2    2    2    2    2    2    2
      2    2    2    2    2    2    2    2    2    2    2    2    2    2
      2    2    2    2    2]
  [4723 7042 7992 7843 8047 8032 8088 8530 8009 7340 8059 8026 8068 8052
   7584 7294 8086 7904 7330 7856 7906 8139 7807 8054 8326 7647 7802 8757
   7850 7772 7316 7424 7597 8084 8370 8154 8038 7275 7704 8093 7948 8086
   8577 7862 8218 7901 7916 8119 8111 8020 8067 7929 7819 7647 8163 8016
   8004 7725 7976 8044 8103]]]
stable
 
 err: 
done running mariposa 225.7
Bisecting: 7 revisions left to test after this (roughly 3 steps)
[89e8a1392c992a6c37b8c5320b9e4b9b506bd4a1] na
running python3 /home/yizhou7/mariposa/scripts/z3-bisect.py /home/yizhou7/mariposa/data/bisect_tasks/d_lvbkv_z3_clean--Impl-LeafModel.i.dfy.Impl__LeafModel.__default.repivotLeafCorrect.txt
building z3
done building z3 3.0
running mariposa
res: 1 
 out: [[[    2     2     2     2     2     2     2     2     2     2     2
       2     2     2     2     2     2     2     2     2     2     2
       2     2     2     2     2     2     2     2     2     2     2
       2     2     2     2     2     2     2     2     2     2     2
       2     2     2     2     2     2     2     2     2     2     2
       2     2     2     2     2     2]
  [13017 17757 20809 15088 22930 13904 13361 13378 13685 18280 19198
   22700 19172 14102 13574 21392 21097 12755 13504 19724 23403 18498
   20743 19578 18159 15575 13843 19908 20647 15619 13706 15325 14270
   13379 21171 13717 20737 13634 20476 17175 21621 13375 15361 19886
   19061 13867 13715 14897 22254 25116 22035 17883 12790 15251 12871
   12752 15954 15378 17502 12769 17048]]

 [[    2     2     2     2     2     2     2     3     2     2     3
       3     3     3     2     3     3     3     3     2     2     2
       2     2     2     2     2     3     2     3     2     3     2
       3     3     3     3     2     3     3     2     2     2     3
       3     2     2     2     2     2     2     3     3     3     2
       2     3     3     3     3     3]
  [13017  9447 15891  9812 18224  7317  8249 60037 17318  8575 60044
   60029 60039 60039  7521 60018 60040 60019 60042 12292 11083 16565
    7421  6736 14517  7142  5350 60041  7890 60044 12551 60048 11041
   60023 60035 60031 60020  6618 60042 60046 12367 19445 12584 60022
   60029 11046 11109 17172  7911 18919  6156 60050 60043 60051  9931
   10387 60026 60037 60034 60037 60034]]

 [[    2     2     2     3     3     3     3     3     3     2     2
       2     2     2     2     3     2     2     2     2     2     2
       2     3     2     2     3     2     3     3     2     2     2
       3     2     2     2     3     3     3     3     3     2     3
       3     2     3     2     3     3     2     3     2     2     3
       3     3     3     3     3     3]
  [13017 10010 10393 60032 60018 60016 60029 60027 60028  7708  7691
   10396 12536  7226 11920 60035 21883 15256 13847  9459 11706 14663
   16881 60044 15849  8286 60019 11314 60040 60035  6714 42731  9005
   60039  8348 16589 42628 60019 60038 60035 60020 60037 15319 60038
   60019 10604 60042 16675 60041 60022  7237 60040 11228  9875 60043
   60041 60020 60039 60028 60040 60033]]]
unstable
 
 err: 
done running mariposa 803.4
Bisecting: 4 revisions left to test after this (roughly 2 steps)
[1827f98851e1866187abe743afd2d80bc786412f] more fixes for mutexes in shell
running python3 /home/yizhou7/mariposa/scripts/z3-bisect.py /home/yizhou7/mariposa/data/bisect_tasks/d_lvbkv_z3_clean--Impl-LeafModel.i.dfy.Impl__LeafModel.__default.repivotLeafCorrect.txt
building z3
done building z3 3.1
running mariposa
res: 0 
 out: [[[   2    2    2    2    2    2    2    2    2    2    2    2    2    2
      2    2    2    2    2    2    2    2    2    2    2    2    2    2
      2    2    2    2    2    2    2    2    2    2    2    2    2    2
      2    2    2    2    2    2    2    2    2    2    2    2    2    2
      2    2    2    2    2]
  [4823 7202 7267 7332 7341 7397 7337 7189 7378 7330 7343 7304 7322 7362
   7244 7361 7322 7357 7298 7316 7350 7231 7357 7319 7334 7355 7315 7341
   7222 7359 7333 7357 7332 7321 7337 7180 7334 7288 7291 7325 7425 7335
   7210 7362 7272 7297 7318 7323 7410 7183 7387 7224 7338 7306 7341 7389
   6743 6575 6724 5984 5984]]

 [[   2    2    2    2    2    2    2    2    2    2    2    2    2    2
      2    2    2    2    2    2    2    2    2    2    2    2    2    2
      2    2    2    2    2    2    2    2    2    2    2    2    2    2
      2    2    2    2    2    2    2    2    2    2    2    2    2    2
      2    2    2    2    2]
  [4823 7700 7573 7938 7614 7608 7413 7714 8109 7857 7650 7350 7511 7496
   7471 7512 7614 7691 7448 6796 7058 7420 7454 7939 7990 7322 7443 7484
   7142 7396 6826 7431 6955 7242 7540 7399 7461 7535 7620 6682 7422 7398
   7704 7327 7283 7801 6483 7396 7429 7281 7277 7583 7425 6657 6857 6829
   6768 7014 7440 7855 7584]]

 [[   2    2    2    2    2    2    2    2    2    2    2    2    2    2
      2    2    2    2    2    2    2    2    2    2    2    2    2    2
      2    2    2    2    2    2    2    2    2    2    2    2    2    2
      2    2    2    2    2    2    2    2    2    2    2    2    2    2
      2    2    2    2    2]
  [4823 7082 7823 7936 8035 7996 8087 8662 8213 7430 7867 8053 8049 8070
   7553 7124 7283 7982 8247 7835 8029 7966 7667 7591 8120 8345 7749 8761
   7937 7656 7252 7419 7513 7971 8192 8366 8040 7168 7937 8013 7867 8579
   7788 8144 7866 7933 7890 8070 8094 8017 8073 7756 7744 7645 8179 7945
   8019 7729 7898 7985 8082]]]
stable
 
 err: 
done running mariposa 225.8
Bisecting: 1 revision left to test after this (roughly 1 step)
[5177cc4a9a58df192c6a844ca13abf7e7cd3be15] change lt
running python3 /home/yizhou7/mariposa/scripts/z3-bisect.py /home/yizhou7/mariposa/data/bisect_tasks/d_lvbkv_z3_clean--Impl-LeafModel.i.dfy.Impl__LeafModel.__default.repivotLeafCorrect.txt
building z3
done building z3 3.0
running mariposa
res: 1 
 out: [[[    2     2     2     2     2     2     2     2     2     2     2
       2     2     2     2     2     2     2     2     2     2     2
       2     2     2     2     2     2     2     2     2     2     2
       2     2     2     2     2     2     2     2     2     2     2
       2     2     2     2     2     2     2     2     2     2     2
       2     2     2     2     2     2]
  [13068 17993 21443 14795 22736 14065 13133 13465 13590 18425 19332
   22958 19519 13965 13592 21351 21209 13012 13465 19661 23353 18449
   20784 19429 18297 15581 13815 19978 20931 15560 13454 15516 14687
   13539 20796 13664 20703 13598 20826 17055 13510 21668 15335 19668
   19096 13875 14003 14662 21765 17847 22594 25261 12703 15258 12815
   12794 15921 15679 17993 12843 16776]]

 [[    2     2     2     2     2     2     2     3     2     2     3
       3     3     3     2     3     3     3     3     2     2     2
       2     2     2     2     2     3     2     3     2     3     2
       3     3     3     3     2     3     3     2     2     2     3
       3     2     2     2     2     2     2     3     3     3     2
       2     3     3     3     3     3]
  [13068  9458 15870  9740 18481  7501  8359 60040 17607  8552 60044
   60028 60038 60039  7427 60021 60039 60020 60041 12254 11143 16671
    7398  6780 14648  7089  5385 60039  8198 60044 12609 60048 10975
   60022 60035 60049 60020  7205 60042 60048 12476 19613 12839 60021
   60026 10429 11245 17006  8479 18684  6157 60053 60048 60052  9983
   10157 60027 60039 60034 60033 60032]]

 [[    2     2     2     3     3     3     3     3     3     2     2
       2     2     2     2     3     2     2     2     2     2     2
       2     3     2     2     3     2     3     3     2     2     2
       3     2     2     2     3     3     3     3     3     2     3
       3     2     3     2     3     3     2     3     2     2     3
       3     3     3     3     3     3]
  [13068  9942 10348 60040 60016 60017 60033 60026 60028  7595  7575
   10363 12748  7191 11924 60037 22005 15140 13936  9518 11898 14827
   16827 60044 16094  7996 60021 11343 60040 60037  6733 42638  9004
   60038  8429 16494 43415 60020 60040 60036 60018 60036 15142 60041
   60020 10553 60042 17011 60041 60021  7185 60042 11320  9746 60045
   60040 60019 60040 60027 60036 60035]]]
unstable
 
 err: 
done running mariposa 804.8
Bisecting: 0 revisions left to test after this (roughly 1 step)
[7c9d2e0d75757ed6aa535f72c7dec70d5a527fed] pydoc test
running python3 /home/yizhou7/mariposa/scripts/z3-bisect.py /home/yizhou7/mariposa/data/bisect_tasks/d_lvbkv_z3_clean--Impl-LeafModel.i.dfy.Impl__LeafModel.__default.repivotLeafCorrect.txt
building z3
done building z3 3.1
running mariposa
res: 0 
 out: [[[   2    2    2    2    2    2    2    2    2    2    2    2    2    2
      2    2    2    2    2    2    2    2    2    2    2    2    2    2
      2    2    2    2    2    2    2    2    2    2    2    2    2    2
      2    2    2    2    2    2    2    2    2    2    2    2    2    2
      2    2    2    2    2]
  [4712 7184 7259 7416 7359 7357 7474 7084 7294 7256 7380 7328 7330 7440
   7089 7186 7259 7348 7389 7331 7435 7097 7270 7199 7331 7340 7362 7436
   7082 7278 7177 7325 7314 7348 7419 7105 7275 7229 7288 7329 7347 7255
   7106 7306 7310 7300 7298 7338 7257 7120 7352 7205 7293 7309 7351 7270
   6888 6389 6514 5982 5997]]

 [[   2    2    2    2    2    2    2    2    2    2    2    2    2    2
      2    2    2    2    2    2    2    2    2    2    2    2    2    2
      2    2    2    2    2    2    2    2    2    2    2    2    2    2
      2    2    2    2    2    2    2    2    2    2    2    2    2    2
      2    2    2    2    2]
  [4712 7730 7611 7938 7791 7481 7696 7749 7583 8134 7872 7524 7603 7566
   7519 7621 7701 7733 6804 7219 7436 7548 7554 7983 8063 7248 7455 7726
   7249 7399 7469 6909 6836 7436 7705 7435 7647 7670 7611 7260 6783 7546
   7572 7342 7545 7900 6347 7479 7509 7302 7411 7511 7528 6444 6976 6911
   7659 7051 6818 7630 7391]]

 [[   2    2    2    2    2    2    2    2    2    2    2    2    2    2
      2    2    2    2    2    2    2    2    2    2    2    2    2    2
      2    2    2    2    2    2    2    2    2    2    2    2    2    2
      2    2    2    2    2    2    2    2    2    2    2    2    2    2
      2    2    2    2    2]
  [4712 7021 7922 8008 7965 8016 8037 8540 8007 7271 7878 8074 8065 8079
   7667 7196 8032 7860 7261 7952 8035 7955 7825 7881 8305 7721 7761 8741
   7843 7722 7372 7533 8062 7569 8403 8031 8125 7181 7639 8010 8008 7917
   8517 7956 8268 7888 7969 8077 7853 8151 7949 8182 8118 7766 7649 7948
   8024 7883 8025 7995 8118]]]
stable
 
 err: 
done running mariposa 225.8
5177cc4a9a58df192c6a844ca13abf7e7cd3be15 is the first bad commit
commit 5177cc4a9a58df192c6a844ca13abf7e7cd3be15
Author: Nikolaj Bjorner <nbjorner@microsoft.com>
Date:   Fri Jun 21 09:08:20 2019 +0200

    change lt
    
    Signed-off-by: Nikolaj Bjorner <nbjorner@microsoft.com>

 src/ast/ast_lt.h                   | 4 ++++
 src/ast/rewriter/bool_rewriter.cpp | 6 ++++--
 2 files changed, 8 insertions(+), 2 deletions(-)
bisect run success
git bisect start
# good: [e79542cc689d52ec4cb34ce4ae3fbe56e7a0bf70] fix #2309
git bisect good e79542cc689d52ec4cb34ce4ae3fbe56e7a0bf70
# bad: [ad55a1f1c617a7f0c3dd735c0780fc758424c7f1] Update release.yml for Azure Pipelines
git bisect bad ad55a1f1c617a7f0c3dd735c0780fc758424c7f1
# skip: [e2702f3ae88f5c48a55f4473bb5c29184c182634] fixes in assigning constraints to intervals
git bisect skip e2702f3ae88f5c48a55f4473bb5c29184c182634
# skip: [1915812f84cf41a5f232eedf2a695a54d055aa88] add a test for intervals
git bisect skip 1915812f84cf41a5f232eedf2a695a54d055aa88
# bad: [8faf35e2e0c8fce99794e71bd3b5de74b95ceb5a] fix #3735
git bisect bad 8faf35e2e0c8fce99794e71bd3b5de74b95ceb5a
# skip: [d1a5635b4ad7f8632356b380f3a9b1fc83fdb04f] better model based lemmaas
git bisect skip d1a5635b4ad7f8632356b380f3a9b1fc83fdb04f
# skip: [0a86bd14f792ef5fadb8eeb346729a612f7e1588] start on test nla
git bisect skip 0a86bd14f792ef5fadb8eeb346729a612f7e1588
# bad: [f7747d9e76bd685a02ce5c5fbda91fc356856b5e] fix parameter collection for tactic-based solvers reported in #3065
git bisect bad f7747d9e76bd685a02ce5c5fbda91fc356856b5e
# skip: [0644194fc96a853df44c37f9e4522796aa40add8] work on lemma from product to factors, and some renaming
git bisect skip 0644194fc96a853df44c37f9e4522796aa40add8
# bad: [0321312c8db1d3f0edbd23e6e48884fbb7d77d1d] Changed to get_const_interp to match Java and C# bindings
git bisect bad 0321312c8db1d3f0edbd23e6e48884fbb7d77d1d
# bad: [6e637348826f0725ba8a01c455448023ca2889e4] Merge pull request #2368 from waywardmonkeys/fix-typo
git bisect bad 6e637348826f0725ba8a01c455448023ca2889e4
# good: [9b4f327e29de8eadd112e53af5a8fb9f430fabf7] set upload mode to replace
git bisect good 9b4f327e29de8eadd112e53af5a8fb9f430fabf7
# good: [42ac3a536369a7d4a7eafa1fa15b571b146ba594] merge with csp
git bisect good 42ac3a536369a7d4a7eafa1fa15b571b146ba594
# bad: [b4290d4b3d7c021965e9ce7ee636caac0f9cac74] python regression
git bisect bad b4290d4b3d7c021965e9ce7ee636caac0f9cac74
# good: [0f7ff2a3d016ce6cc0dcc2654a6aa0187bc55192] swap
git bisect good 0f7ff2a3d016ce6cc0dcc2654a6aa0187bc55192
# bad: [89e8a1392c992a6c37b8c5320b9e4b9b506bd4a1] na
git bisect bad 89e8a1392c992a6c37b8c5320b9e4b9b506bd4a1
# good: [1827f98851e1866187abe743afd2d80bc786412f] more fixes for mutexes in shell
git bisect good 1827f98851e1866187abe743afd2d80bc786412f
# bad: [5177cc4a9a58df192c6a844ca13abf7e7cd3be15] change lt
git bisect bad 5177cc4a9a58df192c6a844ca13abf7e7cd3be15
# good: [7c9d2e0d75757ed6aa535f72c7dec70d5a527fed] pydoc test
git bisect good 7c9d2e0d75757ed6aa535f72c7dec70d5a527fed
# first bad commit: [5177cc4a9a58df192c6a844ca13abf7e7cd3be15] change lt
