running python3 /home/yizhou7/mariposa/scripts/z3-bisect.py /home/yizhou7/mariposa/data/bisect_tasks/d_lvbkv_z3_clean--BlockCacheSystem-BlockSystem.i.dfy.Impl__BlockSystem.__default.WriteBackNodeReqStepPreservesGraphs.txt
building z3
Bisecting: 1453 revisions left to test after this (roughly 11 steps)
[1915812f84cf41a5f232eedf2a695a54d055aa88] add a test for intervals
running python3 /home/yizhou7/mariposa/scripts/z3-bisect.py /home/yizhou7/mariposa/data/bisect_tasks/d_lvbkv_z3_clean--BlockCacheSystem-BlockSystem.i.dfy.Impl__BlockSystem.__default.WriteBackNodeReqStepPreservesGraphs.txt
building z3
Bisecting: 1453 revisions left to test after this (roughly 11 steps)
[8faf35e2e0c8fce99794e71bd3b5de74b95ceb5a] fix #3735
running python3 /home/yizhou7/mariposa/scripts/z3-bisect.py /home/yizhou7/mariposa/data/bisect_tasks/d_lvbkv_z3_clean--BlockCacheSystem-BlockSystem.i.dfy.Impl__BlockSystem.__default.WriteBackNodeReqStepPreservesGraphs.txt
building z3
done building z3 3.2
running mariposa
res: 1 
 out: [[[    2     3     3     3     3     3     3     3     3     3     3
       3     3     3     3     3     3     3     3     3     3     3
       3     3     3     3     3     3     3     3     3     3     3
       3     3     3     3     3     3     3     3     3     3     3
       3     3     3     3     3     3     3     3     3     3     3
       3     3     3     3     2     2]
  [40338 60019 60020 60021 60018 60020 60018 60019 60020 60019 60019
   60018 60019 60020 60018 60019 60019 60019 60019 60018 60018 60019
   60019 60019 60019 60020 60019 60018 60018 60021 60020 60019 60020
   60019 60018 60018 60020 60021 60019 60019 60018 60019 60019 60019
   60019 60019 60019 60018 60019 60018 60019 60019 60019 60018 60020
   60018 60017 60019 60018 56869 58255]]

 [[    2     2     2     2     2     3     2     2     3     2     2
       2     2     2     3     2     2     2     2     2     2     2
       2     3     3     2     2     2     2     2     2     3     2
       3     2     2     3     2     2     2     2     2     3     2
       2     2     2     3     2     3     2     2     2     2     3
       2     2     2     3     2     2]
  [40338 55458 57585 54145 57416 60020 37565 46833 60021 51952 47132
   47943 53850 57358 60021 53724 50307 51443 32462 56185 58355 57703
   55792 60019 60018 27348 46658 53176 35567 28202 33028 60019 32508
   60019 48813 37248 60019 54773 44229 38241 39262 55591 60019 49068
   50409 48171 45110 60021 39182 60019 38513 50214 43394 46501 60021
   42773 53465 37379 60019 50132 51438]]

 [[    2     2     2     2     2     2     3     3     2     2     2
       2     2     2     2     2     2     2     2     2     2     2
       3     2     2     2     2     2     2     2     2     2     2
       2     2     2     2     2     3     2     2     2     3     2
       2     2     2     2     2     3     3     2     2     2     2
       2     2     2     2     2     3]
  [40338 31283 39365 47254 47706 54553 60019 60017 35811 35086 38944
   56418 49613 42389 38535 48820 42763 31921 33851 40697 36920 44978
   60020 25279 48642 45186 46234 43978 56299 42976 40662 44423 46392
   52739 52756 40959 37753 41054 60021 43803 53621 25680 60019 49712
   40170 49709 51755 35282 50019 60020 60020 43308 34896 32436 58794
   44403 53977 38579 52569 48486 60019]]]
unstable
 
 err: 
done running mariposa 1415.7
Bisecting: 1254 revisions left to test after this (roughly 10 steps)
[d1a5635b4ad7f8632356b380f3a9b1fc83fdb04f] better model based lemmaas
running python3 /home/yizhou7/mariposa/scripts/z3-bisect.py /home/yizhou7/mariposa/data/bisect_tasks/d_lvbkv_z3_clean--BlockCacheSystem-BlockSystem.i.dfy.Impl__BlockSystem.__default.WriteBackNodeReqStepPreservesGraphs.txt
building z3
Bisecting: 1254 revisions left to test after this (roughly 10 steps)
[0a86bd14f792ef5fadb8eeb346729a612f7e1588] start on test nla
running python3 /home/yizhou7/mariposa/scripts/z3-bisect.py /home/yizhou7/mariposa/data/bisect_tasks/d_lvbkv_z3_clean--BlockCacheSystem-BlockSystem.i.dfy.Impl__BlockSystem.__default.WriteBackNodeReqStepPreservesGraphs.txt
building z3
Bisecting: 1254 revisions left to test after this (roughly 10 steps)
[f7747d9e76bd685a02ce5c5fbda91fc356856b5e] fix parameter collection for tactic-based solvers reported in #3065
running python3 /home/yizhou7/mariposa/scripts/z3-bisect.py /home/yizhou7/mariposa/data/bisect_tasks/d_lvbkv_z3_clean--BlockCacheSystem-BlockSystem.i.dfy.Impl__BlockSystem.__default.WriteBackNodeReqStepPreservesGraphs.txt
building z3
done building z3 3.2
running mariposa
res: 1 
 out: [[[    2     3     3     3     3     3     3     3     3     3     3
       3     3     3     3     3     3     3     3     3     3     3
       3     3     3     3     3     3     3     3     3     3     3
       3     3     3     3     3     3     3     3     3     3     3
       3     3     3     3     3     3     3     3     3     3     3
       3     3     3     3     3     3]
  [46463 60019 60020 60021 60019 60020 60021 60020 60019 60020 60021
   60020 60020 60020 60019 60019 60020 60019 60019 60019 60020 60018
   60019 60020 60020 60020 60019 60020 60019 60018 60020 60019 60021
   60018 60019 60019 60019 60021 60020 60019 60019 60020 60020 60019
   60020 60018 60020 60019 60020 60018 60019 60019 60019 60018 60019
   60019 60020 60017 60017 60017 60018]]

 [[    2     2     3     3     3     3     2     2     2     2     2
       2     2     2     2     2     2     2     2     2     2     2
       2     2     2     2     3     2     2     2     2     3     2
       3     2     2     2     2     3     2     2     2     3     2
       2     3     2     2     3     2     2     2     2     2     2
       2     2     2     2     3     2]
  [46463 48476 60019 60019 60020 60019 43968 42614 55614 43532 55545
   52781 51088 56694 48819 57104 49851 56870 44791 32333 48832 54216
   54598 49126 31824 52441 60019 52801 30035 22514 57822 60020 33620
   60021 49491 41066 36767 42208 60019 44254 51182 43845 60021 59552
   56573 60021 49543 47447 60019 37000 39560 41867 41826 42455 27302
   53638 56256 46550 38601 60019 57283]]

 [[    2     2     2     2     2     2     2     3     2     2     2
       2     2     2     2     2     2     2     2     2     2     2
       2     2     2     2     2     2     2     2     2     2     2
       2     2     2     2     2     3     2     2     2     3     2
       2     2     2     2     3     3     3     2     2     3     2
       2     3     2     2     2     2]
  [46463 42483 47677 49463 51468 57700 57754 60017 31625 27688 40692
   37338 40627 51761 52874 44604 46994 39375 34517 32819 42731 36324
   43941 44740 54730 48171 46252 36352 58509 39115 28456 45665 41466
   52438 53030 33944 42921 36015 60021 57299 46562 33745 60020 42897
   39761 51996 40284 49154 60019 60018 60020 50858 29219 60018 43252
   42593 60019 36052 58891 60019 53699]]]
unstable
 
 err: 
done running mariposa 1423.0
Bisecting: 1034 revisions left to test after this (roughly 10 steps)
[0644194fc96a853df44c37f9e4522796aa40add8] work on lemma from product to factors, and some renaming
running python3 /home/yizhou7/mariposa/scripts/z3-bisect.py /home/yizhou7/mariposa/data/bisect_tasks/d_lvbkv_z3_clean--BlockCacheSystem-BlockSystem.i.dfy.Impl__BlockSystem.__default.WriteBackNodeReqStepPreservesGraphs.txt
building z3
Bisecting: 1034 revisions left to test after this (roughly 10 steps)
[0321312c8db1d3f0edbd23e6e48884fbb7d77d1d] Changed to get_const_interp to match Java and C# bindings
running python3 /home/yizhou7/mariposa/scripts/z3-bisect.py /home/yizhou7/mariposa/data/bisect_tasks/d_lvbkv_z3_clean--BlockCacheSystem-BlockSystem.i.dfy.Impl__BlockSystem.__default.WriteBackNodeReqStepPreservesGraphs.txt
building z3
done building z3 3.1
running mariposa
res: 1 
 out: [[[    2     2     2     2     2     2     2     2     2     2     2
       2     2     2     2     2     2     2     2     2     2     2
       2     2     2     2     2     2     2     2     2     2     2
       2     2     2     2     2     2     2     2     2     2     2
       2     2     2     2     2     2     2     2     2     2     2
       2     2     2     2     2     2]
  [20985 38491 38831 38171 39091 37830 38079 37940 38413 38160 37725
   37813 38218 37754 38079 37765 38167 38416 38850 38286 38063 37953
   38644 38081 38208 38103 38143 37831 39017 38128 37895 38167 38697
   38177 38116 38908 38005 38102 38118 37825 38138 38571 37972 38141
   38853 38142 38297 37269 38496 39335 40002 39338 39444 38562 39563
   39026 35586 35554 35889 33969 26980]]

 [[    2     2     2     2     2     2     2     3     2     2     2
       3     2     2     2     2     3     2     2     2     2     3
       2     2     3     2     3     2     2     2     2     2     2
       2     2     3     2     2     2     2     2     2     2     2
       3     2     2     2     2     3     2     2     2     2     2
       2     2     2     2     2     3]
  [20985 40094 47553 25068 54051 36966 39603 60021 44171 56885 43885
   60021 37992 54855 50984 39170 60020 41897 56658 51141 51804 60020
   43546 37122 60021 29225 60020 50863 27309 49150 55455 48846 54325
   32460 43526 60019 45614 42398 48280 44663 32654 50247 44299 49722
   60019 42201 39267 53941 46186 60019 43204 40097 57789 52305 42667
   51573 45603 58740 44930 47645 60019]]

 [[    2     2     2     2     2     2     2     3     2     2     2
       2     2     2     2     2     2     3     2     2     2     2
       2     2     2     2     2     2     2     2     3     2     2
       2     2     2     2     2     2     2     2     2     2     2
       2     2     2     2     2     2     2     2     2     2     2
       2     2     2     3     2     3]
  [20985 25279 28541 32106 47315 49386 57368 60016 43213 24400 42086
   48120 35837 28016 42474 41229 27658 60021 57612 57503 22887 39382
   33760 21690 45080 46511 48878 33517 36648 29940 60019 42302 32148
   39119 56673 23086 40668 31539 47743 35322 43767 51601 39273 34690
   43978 59276 53028 28311 29943 42064 36101 42325 41593 55521 28449
   37074 26999 42173 60019 56021 60018]]]
unstable
 
 err: 
done running mariposa 1138.8
Bisecting: 261 revisions left to test after this (roughly 8 steps)
[6e637348826f0725ba8a01c455448023ca2889e4] Merge pull request #2368 from waywardmonkeys/fix-typo
running python3 /home/yizhou7/mariposa/scripts/z3-bisect.py /home/yizhou7/mariposa/data/bisect_tasks/d_lvbkv_z3_clean--BlockCacheSystem-BlockSystem.i.dfy.Impl__BlockSystem.__default.WriteBackNodeReqStepPreservesGraphs.txt
building z3
done building z3 3.1
running mariposa
res: 125 
 out: [[[    2     3     3     3     3     3     3     3     3     3     3
       3     3     3     3     3     3     3     3     3     3     3
       3     3     3     3     3     3     3     3     3     3     3
       3     3     3     3     3     3     3     3     3     3     3
       3     3     3     3     3     3     3     3     3     3     3
       3     3     2     2     2     2]
  [36473 60019 60018 60019 60020 60019 60020 60019 60018 60018 60018
   60019 60019 60019 60019 60020 60019 60018 60019 60019 60018 60019
   60020 60019 60019 60019 60021 60019 60019 60019 60020 60019 60018
   60019 60019 60020 60019 60020 60020 60020 60020 60021 60019 60019
   60019 60019 60019 60020 60020 60018 60019 60019 60020 60019 60021
   60018 60019 56526 56456 56440 47049]]

 [[    2     2     2     2     2     2     2     2     2     2     2
       2     2     2     2     2     3     2     2     2     2     2
       2     2     2     2     2     2     2     2     2     2     2
       3     2     2     2     2     2     2     2     2     2     2
       2     2     2     2     2     2     2     2     2     2     2
       2     2     2     3     2     2]
  [36473 34103 48967 49038 40581 58958 38549 30958 34078 57182 26611
   52591 57602 40158 44351 54582 60021 54946 41524 58603 44028 46558
   40334 55517 27883 47890 41800 56939 35030 58159 42893 47855 57322
   60018 36129 42219 50229 56782 55211 31712 55412 55575 52328 57406
   56694 48463 45104 29614 43856 35841 33601 44002 26741 44945 41458
   48033 48801 43237 60019 40913 55101]]

 [[    2     2     2     2     2     2     2     2     2     2     3
       2     2     2     2     2     2     2     2     2     2     2
       2     2     2     2     2     2     3     3     2     2     2
       2     2     2     2     2     2     2     2     3     2     2
       2     2     2     2     2     2     2     2     2     2     2
       2     2     2     2     2     2]
  [36473 27043 28575 34047 36920 42309 46538 47628 44049 39269 60019
   51749 57014 49494 50218 21662 43073 37436 31703 28789 36262 24480
   51227 32939 50420 49581 48737 38528 60018 60021 46959 26432 17884
   43726 35148 38703 29975 36258 42769 36161 38761 60020 58365 29853
   30990 57628 38527 25110 55594 34965 32209 36524 26811 44079 44477
   47114 41736 39310 31646 50501 47672]]]
inconclusive
 
 err: 
done running mariposa 1329.5
Bisecting: 261 revisions left to test after this (roughly 8 steps)
[4307c28d171cad821b0b6af4cffa0bb85836de6d] Update azure-pipeline.vs.yaml for Azure Pipelines
running python3 /home/yizhou7/mariposa/scripts/z3-bisect.py /home/yizhou7/mariposa/data/bisect_tasks/d_lvbkv_z3_clean--BlockCacheSystem-BlockSystem.i.dfy.Impl__BlockSystem.__default.WriteBackNodeReqStepPreservesGraphs.txt
building z3
done building z3 75.0
running mariposa
res: 0 
 out: [[[    2     2     2     2     2     2     2     2     2     2     2
       2     2     2     2     2     2     2     2     2     2     2
       2     2     2     2     2     2     2     2     2     2     2
       2     2     2     2     2     2     2     2     2     2     2
       2     2     2     2     2     2     2     2     2     2     2
       2     2     2     2     2     2]
  [18094 30856 31821 31253 31341 32553 31640 31881 31474 32316 31775
   31826 31685 32280 31409 32053 31944 31585 30994 31047 31511 31749
   31490 32330 31798 31423 32101 31663 31830 31973 32299 31836 31745
   31177 32106 31950 31867 31585 31834 31832 31609 32304 31046 31600
   31379 31294 31032 31616 32581 31796 32458 31903 31364 31696 31556
   31820 31242 30393 26625 26268 25046]]

 [[    2     2     2     2     2     2     2     2     2     2     2
       2     2     2     2     2     2     2     2     2     2     2
       2     2     2     2     2     2     2     2     2     2     2
       2     2     2     2     2     2     2     2     2     2     2
       2     2     2     2     2     2     2     2     2     2     2
       2     2     2     2     2     2]
  [18094 29055 31893 30305 31779 31484 32083 31835 31120 31042 28927
   30942 29518 29486 31039 30875 30752 31792 31242 31067 31615 29644
   30842 31780 31713 31173 30940 29503 31641 31576 30521 31615 31944
   30983 30923 32528 31970 28794 29290 30991 30381 29091 29439 31423
   31081 33045 31161 28951 30687 31814 31117 31852 30908 32543 30872
   30834 31867 32315 30624 31949 33626]]

 [[    2     2     2     2     2     2     2     2     2     2     2
       2     2     2     2     2     2     2     2     2     2     2
       2     2     2     2     2     2     2     2     2     2     2
       2     2     2     2     2     2     2     2     2     2     2
       2     2     2     2     2     2     2     2     2     2     2
       2     2     2     2     2     2]
  [18094 25902 29943 31053 31773 32279 32694 33277 25307 24424 31348
   31501 32109 31306 32013 25449 30991 26611 31786 30985 31181 31316
   25677 31024 31794 32439 31277 32198 24937 32112 31820 26344 32415
   31169 29607 31289 32665 22832 31272 32526 26048 31027 31422 31853
   23372 24824 32083 26310 30718 25870 31258 31419 25660 31981 31104
   32319 32454 31484 31976 31786 32342]]]
stable
 
 err: 
done running mariposa 834.3
Bisecting: 219 revisions left to test after this (roughly 8 steps)
[43a19cadf6c80ea0b31a7638b5b7939b69b264c6] avoid reorder regression. affects performance of SAT and also noticably for #2405
running python3 /home/yizhou7/mariposa/scripts/z3-bisect.py /home/yizhou7/mariposa/data/bisect_tasks/d_lvbkv_z3_clean--BlockCacheSystem-BlockSystem.i.dfy.Impl__BlockSystem.__default.WriteBackNodeReqStepPreservesGraphs.txt
building z3
done building z3 94.6
running mariposa
res: 125 
 out: [[[    2     3     3     3     3     3     3     3     3     3     3
       3     3     3     3     3     3     3     3     3     3     3
       3     3     3     3     3     3     3     3     3     3     3
       3     3     3     3     3     3     3     3     3     3     3
       3     3     3     3     3     3     3     3     3     3     3
       3     2     2     2     2     2]
  [35072 60019 60019 60020 60021 60019 60019 60019 60020 60019 60020
   60018 60021 60020 60019 60021 60020 60020 60020 60021 60020 60020
   60020 60020 60020 60019 60021 60019 60019 60022 60020 60019 60019
   60020 60020 60021 60020 60019 60019 60019 60019 60018 60019 60020
   60020 60020 60020 60021 60019 60019 60020 60020 60021 60019 60019
   60019 59368 56217 56159 54839 49905]]

 [[    2     2     2     2     2     2     2     2     2     2     2
       2     2     2     2     2     2     2     2     2     2     2
       2     2     2     2     2     2     2     2     2     2     2
       3     2     2     2     2     2     2     2     2     2     2
       2     2     2     2     2     2     2     2     2     2     2
       2     2     2     3     2     2]
  [35072 34219 50179 48141 40290 60022 37882 34395 31081 57021 27013
   51536 57358 44481 41335 55009 59677 55787 41408 57521 43899 47021
   40043 27494 57048 48329 41642 55927 34759 58733 43340 49348 58121
   60019 36623 42628 48787 56231 56435 31731 56546 55534 52840 55442
   57424 48944 29897 44985 45043 35903 32749 43650 26710 45009 49263
   48964 41205 43296 60021 41306 55118]]

 [[    2     2     2     2     2     2     2     2     2     2     2
       3     2     2     2     2     2     2     2     2     2     2
       2     2     2     2     2     2     3     3     2     2     2
       2     2     2     2     2     2     2     2     3     2     2
       2     2     2     2     2     2     2     2     2     2     2
       2     2     2     2     2     2]
  [35072 27302 28753 33280 35840 42842 47921 47946 43850 50481 40161
   60021 56385 49635 51096 21705 43277 37136 31550 35725 29397 24539
   51657 32859 50322 49254 48486 37944 60019 60021 48187 26700 17588
   43910 35317 38625 29407 36838 35980 43686 38678 60020 58286 29663
   31736 56349 39169 25016 56375 34781 32134 36785 43373 26776 45708
   46536 42496 39111 31910 50542 47080]]]
inconclusive
 
 err: 
done running mariposa 1328.8
Bisecting: 219 revisions left to test after this (roughly 8 steps)
[5820b16800d91794a4ff3921986cb86585e5f7ba] mark assumption literals to be skolem to hide them from models #2406
running python3 /home/yizhou7/mariposa/scripts/z3-bisect.py /home/yizhou7/mariposa/data/bisect_tasks/d_lvbkv_z3_clean--BlockCacheSystem-BlockSystem.i.dfy.Impl__BlockSystem.__default.WriteBackNodeReqStepPreservesGraphs.txt
building z3
done building z3 15.4
running mariposa
res: 125 
 out: [[[    2     3     3     3     3     3     3     3     3     3     3
       3     3     3     3     3     3     3     3     3     3     3
       3     3     3     3     3     3     3     3     3     3     3
       3     3     3     3     3     3     3     3     3     3     3
       3     3     3     3     3     3     3     3     3     3     3
       3     2     2     2     2     2]
  [35209 60019 60019 60020 60019 60020 60019 60020 60019 60020 60021
   60020 60021 60021 60020 60019 60019 60020 60019 60020 60019 60019
   60018 60019 60020 60020 60021 60019 60018 60018 60019 60020 60018
   60021 60021 60019 60019 60018 60018 60019 60021 60020 60018 60018
   60020 60018 60019 60021 60020 60018 60019 60020 60018 60019 60021
   60020 59698 58166 56557 55416 47800]]

 [[    2     2     2     2     2     2     2     2     2     2     2
       2     2     2     2     2     2     2     2     2     2     2
       2     2     2     2     2     2     2     2     2     2     2
       3     2     2     2     2     2     2     2     2     2     2
       2     2     2     2     2     2     2     2     2     2     2
       2     2     2     3     2     2]
  [35209 34191 49633 47884 40435 59220 38657 31088 34051 57544 26427
   51409 58141 45494 40105 55038 54756 59812 41055 57426 44632 46613
   40298 57125 27659 48001 41742 55750 34899 58119 44055 48708 57464
   60020 42340 49130 37068 55843 55879 31645 55404 55535 53119 55220
   58611 48686 29362 45333 43682 35913 33633 43654 26742 46023 40972
   48095 48842 43268 60020 41206 56174]]

 [[    2     2     2     2     2     2     2     2     2     2     2
       3     2     2     2     2     2     2     2     2     2     2
       2     2     2     2     2     2     3     3     2     2     2
       2     2     2     2     2     2     2     2     3     2     2
       2     2     2     2     2     2     2     2     2     2     2
       2     2     2     2     2     2]
  [35209 27259 28934 33424 36037 42258 47624 47718 44121 50710 40159
   60021 57199 49566 49850 22327 43277 31416 37324 28611 36121 24674
   51438 32643 50716 49597 48843 37862 60019 60019 47912 17584 26458
   43931 35323 38654 29200 36926 36008 43690 38689 60020 58241 29724
   30930 55966 38551 25634 56665 34494 32598 36356 43379 27090 44220
   47377 42089 39209 31811 50740 46463]]]
inconclusive
 
 err: 
done running mariposa 1327.5
Bisecting: 219 revisions left to test after this (roughly 8 steps)
[9949f165257721a456a53543df36d69099021ce5] Fix release note typos.
running python3 /home/yizhou7/mariposa/scripts/z3-bisect.py /home/yizhou7/mariposa/data/bisect_tasks/d_lvbkv_z3_clean--BlockCacheSystem-BlockSystem.i.dfy.Impl__BlockSystem.__default.WriteBackNodeReqStepPreservesGraphs.txt
building z3
done building z3 85.6
running mariposa
res: 1 
 out: [[[    2     2     2     2     2     2     2     2     2     2     2
       2     2     2     2     2     2     2     2     2     2     2
       2     2     2     2     2     2     2     2     2     2     2
       2     2     2     2     2     2     2     2     2     2     2
       2     2     2     2     2     2     2     2     2     2     2
       2     2     2     2     2     2]
  [29597 48397 56410 57090 51263 55804 49515 54903 53296 54312 48067
   56891 48311 49304 57111 53835 47396 54729 47632 56710 47977 47239
   48420 53584 48158 48589 48898 48485 53930 47455 51145 47098 55649
   47281 56860 52165 48948 54161 49966 54392 47315 54425 47449 57802
   48910 49818 47139 56747 48679 48827 46986 48114 54634 46954 46814
   46710 46553 45506 41131 43070 43367]]

 [[    2     2     2     2     2     2     2     3     2     2     2
       2     2     2     2     3     2     2     2     3     2     2
       2     2     2     2     2     2     2     2     2     2     2
       3     2     2     2     2     2     3     3     2     2     2
       2     2     2     2     2     2     2     2     2     3     3
       2     2     2     2     3     2]
  [29597 40336 45335 31914 55683 42025 51830 60020 45306 51569 41371
   19621 58770 52835 35822 60018 37572 47129 30942 60019 38307 47383
   49695 33064 49887 49019 48425 33569 38155 47676 31223 41593 42517
   60019 52800 39499 35008 33413 52973 60018 60019 25981 41815 51244
   53097 56458 33536 29557 43304 43183 46321 44604 41716 60019 60020
   40499 43915 39495 56964 60019 43132]]

 [[    2     2     2     2     2     2     2     2     2     2     2
       2     3     2     2     2     2     2     2     2     2     2
       2     2     2     2     2     2     3     2     2     2     2
       2     2     3     2     2     2     2     2     2     2     2
       2     2     2     2     2     2     2     3     2     2     2
       2     2     3     2     2     2]
  [29597 30445 33075 34100 41653 43492 49461 59043 34702 32672 42794
   39718 60021 43461 53760 40717 39941 20074 45644 34409 55998 33148
   36080 52857 46210 45189 42002 53870 60020 40556 31461 31247 59325
   37863 26978 60020 46322 38759 40445 49415 56110 54977 40917 43141
   40097 50883 42111 39120 37239 36329 42709 60022 57527 31304 48050
   53353 42546 60019 32545 38622 55681]]]
unstable
 
 err: 
done running mariposa 1257.5
Bisecting: 155 revisions left to test after this (roughly 7 steps)
[1f0d162b7fc4ebd368bdaf159d3a414f33f0a334] fix segfault #2360
running python3 /home/yizhou7/mariposa/scripts/z3-bisect.py /home/yizhou7/mariposa/data/bisect_tasks/d_lvbkv_z3_clean--BlockCacheSystem-BlockSystem.i.dfy.Impl__BlockSystem.__default.WriteBackNodeReqStepPreservesGraphs.txt
building z3
done building z3 9.2
running mariposa
res: 1 
 out: [[[    2     2     2     2     2     2     2     2     2     2     2
       2     2     2     2     2     2     2     2     2     2     2
       2     2     2     2     2     2     2     2     2     2     2
       2     2     2     2     2     2     2     2     2     2     2
       2     2     2     2     2     2     2     2     2     2     2
       2     2     2     2     2     2]
  [20559 36910 36162 39931 41108 39103 36292 38116 38253 40404 40273
   41091 41183 41574 40863 40901 40993 40316 38282 41241 41385 41656
   40510 40624 40367 40803 40403 36765 38292 41471 40750 40976 40652
   36440 38259 37846 40442 40143 41252 37935 41001 36561 36383 40275
   41375 40384 41372 38071 40524 40760 40521 38531 36921 40806 38484
   41454 40078 40183 39214 38169 25879]]

 [[    2     2     2     2     2     2     2     2     2     2     2
       2     2     2     2     2     2     2     2     2     2     2
       2     2     2     2     2     2     2     2     2     2     2
       2     2     2     2     2     2     2     2     3     2     2
       2     2     2     2     2     2     2     2     2     2     2
       2     2     2     2     2     3]
  [20559 33625 34242 37002 28833 34282 45815 39226 48492 33807 39874
   47887 44362 38444 44933 42946 31306 31073 33966 59099 52197 22919
   43541 38782 28363 36054 44649 44212 41806 34100 29760 48650 40445
   25957 42392 30144 60021 38630 44769 33900 30704 60018 32348 42269
   30031 32392 49589 36860 42690 34939 32507 39047 43866 40183 34257
   43337 32908 51933 42744 47904 60021]]

 [[    2     2     2     2     2     2     2     3     3     2     2
       2     2     2     2     2     3     2     2     2     2     2
       2     2     2     2     2     2     2     3     2     2     2
       2     2     2     2     2     2     2     2     2     2     2
       2     2     2     2     2     2     2     2     2     2     3
       2     2     2     3     2     2]
  [20559 25011 36237 38441 51126 27210 52822 60018 60015 36604 43869
   34123 31984 34669 46286 26455 60018 42086 28443 34454 43935 39755
   40984 32724 28669 29493 39752 26146 51479 60020 29075 55770 35847
   51709 51635 40299 44319 37423 31371 56707 34708 27594 50579 42090
   32944 51949 40134 52007 56918 55454 30737 50688 40147 49465 60020
   27090 29727 53042 60018 44626 43609]]]
unstable
 
 err: 
done running mariposa 1088.9
Bisecting: 77 revisions left to test after this (roughly 6 steps)
[7bfb730fee5e6cf2154768f1d8576cf91b3d49bd] fix traffic jam
running python3 /home/yizhou7/mariposa/scripts/z3-bisect.py /home/yizhou7/mariposa/data/bisect_tasks/d_lvbkv_z3_clean--BlockCacheSystem-BlockSystem.i.dfy.Impl__BlockSystem.__default.WriteBackNodeReqStepPreservesGraphs.txt
building z3
done building z3 6.4
running mariposa
res: 0 
 out: [[[    2     2     2     2     2     2     2     2     2     2     2
       2     2     2     2     2     2     2     2     2     2     2
       2     2     2     2     2     2     2     2     2     2     2
       2     2     2     2     2     2     2     2     2     2     2
       2     2     2     2     2     2     2     2     2     2     2
       2     2     2     2     2     2]
  [18179 31227 32567 31089 31267 31877 31822 32040 31118 32562 31808
   32019 32097 31762 31518 31915 31246 31559 30996 31850 31465 32260
   31410 31694 32041 31561 31236 31615 32655 31866 31758 31974 31825
   31743 31781 32720 31903 31221 31696 31877 32349 31493 31785 31649
   31485 31389 31216 31365 31901 32428 32031 32346 31197 31970 31476
   31262 31211 29909 27595 28028 24083]]

 [[    2     2     2     2     2     2     2     2     2     2     2
       2     2     2     2     2     2     2     2     2     2     2
       2     2     2     2     2     2     2     2     2     2     2
       2     2     2     2     2     2     2     2     2     2     2
       2     2     2     2     2     2     2     2     2     2     2
       2     2     2     2     2     2]
  [18179 29169 32163 31934 30191 31726 31899 31019 32301 30858 29160
   31089 29676 28784 30830 30942 31000 31619 31050 31037 31591 28845
   31395 31648 31917 31111 31561 28775 30973 32057 30806 31691 31987
   31643 30375 31732 32014 29243 28778 31590 30617 28966 29193 31028
   31128 32820 31732 28675 30688 31561 31106 32056 30250 32668 31479
   30883 31854 31814 30762 31814 32970]]

 [[    2     2     2     2     2     2     2     2     2     2     2
       2     2     2     2     2     2     2     2     2     2     2
       2     2     2     2     2     2     2     2     2     2     2
       2     2     2     2     2     2     2     2     2     2     2
       2     2     2     2     2     2     2     2     2     2     2
       2     2     2     2     2     2]
  [18179 26237 30482 31401 31425 32068 32531 33005 25189 24578 32315
   32093 31446 31306 31835 25271 31022 26169 31105 31218 31931 31423
   25487 30901 31542 31269 31951 24932 32848 32276 31839 25965 32744
   29389 31084 31346 32228 23108 32056 31623 26049 31398 30918 31825
   23218 24939 32207 26183 31443 25221 31392 31802 25612 31884 31030
   32165 32760 31484 32199 31191 32063]]]
stable
 
 err: 
done running mariposa 835.5
Bisecting: 38 revisions left to test after this (roughly 5 steps)
[d1cbde33906f7e9e40480c8fee7eca3e283a565e] fix crash in 'test-z3 prime_generator'
running python3 /home/yizhou7/mariposa/scripts/z3-bisect.py /home/yizhou7/mariposa/data/bisect_tasks/d_lvbkv_z3_clean--BlockCacheSystem-BlockSystem.i.dfy.Impl__BlockSystem.__default.WriteBackNodeReqStepPreservesGraphs.txt
building z3
done building z3 32.4
running mariposa
res: 0 
 out: [[[    2     2     2     2     2     2     2     2     2     2     2
       2     2     2     2     2     2     2     2     2     2     2
       2     2     2     2     2     2     2     2     2     2     2
       2     2     2     2     2     2     2     2     2     2     2
       2     2     2     2     2     2     2     2     2     2     2
       2     2     2     2     2     2]
  [18420 30590 31731 31412 31322 31942 32487 31728 31404 31826 32153
   31701 31688 31404 31650 32447 31519 31824 31203 31400 31224 31761
   31134 31785 32306 31631 31884 31441 31668 31917 31909 31836 31888
   31993 31784 32321 31928 31084 31595 31847 32498 31499 31435 31610
   31325 31144 30917 31909 32232 32211 31974 31742 31194 31710 31465
   31271 31817 30747 27047 26738 23786]]

 [[    2     2     2     2     2     2     2     2     2     2     2
       2     2     2     2     2     2     2     2     2     2     2
       2     2     2     2     2     2     2     2     2     2     2
       2     2     2     2     2     2     2     2     2     2     2
       2     2     2     2     2     2     2     2     2     2     2
       2     2     2     2     2     2]
  [18420 29188 32343 31711 30223 30693 31982 31817 31572 31494 30857
   28935 28917 28893 30966 31406 31691 31229 31040 30413 31725 28930
   31317 31020 31590 31821 31393 28900 31122 32005 30658 31761 31811
   30945 30996 31890 31667 29028 29465 30954 30413 29508 28998 30933
   31019 32851 31109 28484 31370 31524 31153 32039 30329 32504 30514
   30741 32188 31719 31379 31595 33225]]

 [[    2     2     2     2     2     2     2     2     2     2     2
       2     2     2     2     2     2     2     2     2     2     2
       2     2     2     2     2     2     2     2     2     2     2
       2     2     2     2     2     2     2     2     2     2     2
       2     2     2     2     2     2     2     2     2     2     2
       2     2     2     2     2     2]
  [18420 26595 29645 31112 31331 32001 32403 33101 25284 24413 31386
   32081 31588 31290 31843 25473 30962 26704 31155 31092 31000 31307
   25499 31553 31717 31768 31105 32252 32175 24719 25698 32368 32375
   31098 29942 32168 31014 22949 31114 32510 25956 30732 31558 31648
   23416 24859 32046 30634 26084 25070 31646 32078 25850 32021 31063
   31886 31867 31577 31860 31333 32673]]]
stable
 
 err: 
done running mariposa 834.4
Bisecting: 18 revisions left to test after this (roughly 4 steps)
[89e8a1392c992a6c37b8c5320b9e4b9b506bd4a1] na
running python3 /home/yizhou7/mariposa/scripts/z3-bisect.py /home/yizhou7/mariposa/data/bisect_tasks/d_lvbkv_z3_clean--BlockCacheSystem-BlockSystem.i.dfy.Impl__BlockSystem.__default.WriteBackNodeReqStepPreservesGraphs.txt
building z3
done building z3 3.0
running mariposa
res: 1 
 out: [[[    2     2     2     2     2     2     2     2     2     2     2
       2     2     2     2     2     2     2     2     2     2     2
       2     2     2     2     2     2     2     2     2     2     2
       2     2     2     2     2     2     2     2     2     2     2
       2     2     2     2     2     2     2     2     2     2     2
       2     2     2     2     2     2]
  [23923 38059 39782 37368 36728 39628 39185 37289 38264 37104 39245
   38096 37007 37366 37448 37853 37024 38955 39219 36885 37297 37261
   38062 37113 40025 37044 37453 37303 38741 38999 38821 37723 37013
   38490 39294 39933 38257 37050 39806 38769 38100 37183 37856 37594
   37116 37563 37668 38942 38033 37207 38494 39141 38712 37047 40396
   37472 38638 36523 35072 30426 32309]]

 [[    2     2     2     2     2     2     2     2     2     2     2
       2     2     2     2     2     2     2     2     2     2     2
       2     2     2     2     2     2     2     2     2     2     2
       2     2     2     2     2     2     3     2     2     2     2
       2     2     2     2     2     2     2     2     2     2     2
       2     2     2     2     2     3]
  [23923 33144 36105 35460 29993 36111 44190 46998 46975 36714 32343
   39345 52145 36299 46914 25649 38076 30965 56744 34300 55497 22137
   41980 38452 30467 35231 42543 41691 48913 32867 33462 41347 38369
   26303 27983 58444 49918 42181 38116 60019 41695 37074 40734 47921
   29811 29684 31241 50683 21458 40054 39357 36653 41755 36911 41815
   56960 39324 47215 42223 45476 60024]]

 [[    2     2     2     2     2     2     3     3     2     2     2
       2     2     3     2     2     2     2     2     2     2     2
       2     2     2     2     2     2     2     3     2     2     2
       2     2     2     2     2     2     2     2     2     2     2
       2     2     2     2     2     2     2     2     2     3     2
       2     2     2     3     3     2]
  [23923 31530 40193 40505 41350 55758 60017 60016 40701 19362 41780
   43950 43420 60019 46287 42349 33472 37850 47103 33477 34870 32544
   52995 40765 28953 49741 25992 51507 30164 60018 52806 37926 24572
   48855 41703 52809 45960 42029 43758 47663 42357 37648 40802 44625
   25792 39798 35339 50126 49610 47164 44653 26948 36103 60021 46936
   32987 43860 37856 60020 60018 43361]]]
unstable
 
 err: 
done running mariposa 1084.2
Bisecting: 9 revisions left to test after this (roughly 3 steps)
[262acc0556d0890c06dc2828c1fe62838ac3cd4f] guard insertion into enode vector @Nils-Becker, produces overflow during heavy quantifier instantiation
running python3 /home/yizhou7/mariposa/scripts/z3-bisect.py /home/yizhou7/mariposa/data/bisect_tasks/d_lvbkv_z3_clean--BlockCacheSystem-BlockSystem.i.dfy.Impl__BlockSystem.__default.WriteBackNodeReqStepPreservesGraphs.txt
building z3
done building z3 3.4
running mariposa
res: 1 
 out: [[[    2     3     3     3     3     3     3     3     3     3     3
       3     3     3     3     3     3     3     3     3     3     3
       3     3     3     3     3     3     3     3     3     3     3
       3     3     3     3     3     3     3     3     3     3     3
       3     3     3     3     3     3     3     3     3     3     3
       3     2     2     2     2     2]
  [33428 60018 60018 60016 60015 60016 60014 60018 60017 60016 60016
   60015 60015 60016 60018 60017 60018 60015 60015 60015 60014 60019
   60017 60018 60016 60015 60015 60015 60018 60018 60017 60015 60015
   60015 60015 60020 60017 60017 60016 60015 60014 60014 60019 60017
   60015 60015 60015 60015 60016 60020 60017 60015 60015 60016 60016
   60014 55873 56191 57089 57293 57329]]

 [[    2     3     3     3     3     3     3     3     3     3     3
       3     3     3     3     3     3     3     2     3     3     3
       3     3     3     3     3     3     3     3     3     3     3
       3     3     3     3     3     3     3     3     3     3     3
       3     2     3     3     3     3     3     3     3     3     3
       3     3     3     3     3     3]
  [33428 60018 60016 60015 60018 60018 60017 60017 60016 60016 60015
   60018 60018 60017 60017 60016 60016 60015 59761 60018 60018 60016
   60016 60015 60015 60017 60017 60018 60016 60016 60016 60015 60018
   60017 60017 60018 60016 60015 60015 60019 60018 60017 60017 60016
   60015 60015 60017 60018 60017 60016 60016 60014 60015 60017 60018
   60017 60016 60015 60016 60016 60016]]

 [[    2     3     3     3     3     3     3     3     3     3     3
       3     3     3     3     3     3     3     3     3     3     3
       3     3     3     3     3     3     3     3     3     3     3
       3     3     3     3     3     3     3     3     3     3     3
       3     3     3     3     3     3     3     3     3     3     3
       3     3     3     3     3     3]
  [33428 60020 60019 60018 60017 60015 60016 60015 60018 60018 60017
   60017 60017 60016 60016 60020 60017 60017 60017 60017 60017 60015
   60018 60018 60017 60017 60018 60015 60015 60020 60016 60016 60015
   60016 60015 60015 60019 60019 60017 60017 60016 60015 60015 60018
   60018 60018 60017 60016 60014 60015 60019 60018 60017 60017 60016
   60017 60015 60018 60019 60018 60016]]]
unstable
 
 err: 
done running mariposa 1604.0
Bisecting: 4 revisions left to test after this (roughly 2 steps)
[d1719ee605cd0371bdf72432406fb6a7e72a3162] try dealing with mac pipeline
running python3 /home/yizhou7/mariposa/scripts/z3-bisect.py /home/yizhou7/mariposa/data/bisect_tasks/d_lvbkv_z3_clean--BlockCacheSystem-BlockSystem.i.dfy.Impl__BlockSystem.__default.WriteBackNodeReqStepPreservesGraphs.txt
building z3
done building z3 3.4
running mariposa
res: 0 
 out: [[[    2     2     2     2     2     2     2     2     2     2     2
       2     2     2     2     2     2     2     2     2     2     2
       2     2     2     2     2     2     2     2     2     2     2
       2     2     2     2     2     2     2     2     2     2     2
       2     2     2     2     2     2     2     2     2     2     2
       2     2     2     2     2     2]
  [18008 31454 32266 31219 31045 31851 31962 31212 31891 31780 32408
   32338 31494 31420 31370 31843 31684 31458 31719 31549 31350 31644
   31329 31586 31735 32163 31453 31505 31816 32318 31706 31800 32415
   31336 31856 31738 32269 30904 31916 32351 31781 31568 31078 31959
   31114 31099 31726 31530 31864 31876 32027 31580 31256 32554 31707
   30962 31098 30908 28037 27073 23198]]

 [[    2     2     2     2     2     2     2     2     2     2     2
       2     2     2     2     2     2     2     2     2     2     2
       2     2     2     2     2     2     2     2     2     2     2
       2     2     2     2     2     2     2     2     2     2     2
       2     2     2     2     2     2     2     2     2     2     2
       2     2     2     2     2     2]
  [18008 29127 31684 30815 32376 31043 31529 30928 31683 30872 29117
   31418 29065 28678 30954 31596 31500 30719 31497 30511 31360 29004
   30757 31467 32306 31388 30896 30815 28952 31249 31561 31292 32099
   31065 30403 31678 31997 28818 29260 31760 30506 28853 28800 30943
   31006 33832 31439 28613 30609 31017 31008 31971 30402 30717 33314
   31249 31867 31408 30809 31626 32885]]

 [[    2     2     2     2     2     2     2     2     2     2     2
       2     2     2     2     2     2     2     2     2     2     2
       2     2     2     2     2     2     2     2     2     2     2
       2     2     2     2     2     2     2     2     2     2     2
       2     2     2     2     2     2     2     2     2     2     2
       2     2     2     2     2     2]
  [18008 25983 29755 31379 31764 31809 32505 32808 25203 24496 31554
   31866 31228 31148 32172 25177 31538 25877 31061 31052 31109 31830
   25450 31575 30799 31962 31138 32012 24875 32733 25961 32368 32031
   29241 31375 32032 31698 22678 31392 32302 25837 31295 30857 32372
   22811 24892 31857 25992 31233 25781 31450 31250 25322 32091 30729
   32574 32607 31761 31550 31070 32091]]]
stable
 
 err: 
done running mariposa 835.0
Bisecting: 1 revision left to test after this (roughly 1 step)
[1e770af1cc04f85a8d7a990ba0c9c4e433b83fa8] local sort
running python3 /home/yizhou7/mariposa/scripts/z3-bisect.py /home/yizhou7/mariposa/data/bisect_tasks/d_lvbkv_z3_clean--BlockCacheSystem-BlockSystem.i.dfy.Impl__BlockSystem.__default.WriteBackNodeReqStepPreservesGraphs.txt
building z3
done building z3 3.0
running mariposa
res: 1 
 out: [[[    2     3     3     3     3     3     3     3     3     3     3
       3     3     3     3     3     3     3     3     3     3     3
       3     3     3     3     3     3     3     3     3     3     3
       3     3     3     3     3     3     3     3     3     3     3
       3     3     3     3     3     3     3     3     3     3     3
       3     2     2     2     2     2]
  [34798 60030 60029 60028 60028 60027 60025 60033 60031 60029 60028
   60026 60027 60025 60033 60031 60029 60027 60027 60025 60025 60032
   60030 60030 60028 60025 60026 60024 60032 60031 60028 60027 60026
   60025 60024 60031 60030 60028 60027 60026 60026 60025 60032 60029
   60027 60027 60026 60025 60025 60034 60030 60029 60028 60026 60025
   60024 56356 56613 57653 58476 58177]]

 [[    2     3     3     3     3     3     3     3     3     3     3
       3     3     3     3     3     3     3     2     3     3     3
       3     3     3     3     3     3     3     3     3     3     3
       3     3     3     3     3     3     3     3     3     3     3
       3     3     3     3     3     3     3     3     3     3     3
       3     3     3     3     3     3]
  [34798 60028 60028 60025 60030 60030 60029 60028 60028 60027 60025
   60031 60029 60029 60029 60027 60025 60026 58661 60032 60029 60029
   60028 60027 60025 60032 60030 60029 60029 60027 60028 60025 60032
   60029 60029 60028 60029 60027 60025 60033 60031 60029 60028 60027
   60028 60027 60033 60032 60030 60027 60028 60027 60026 60032 60030
   60030 60027 60028 60028 60026 60032]]

 [[    2     3     3     3     3     3     3     3     3     3     3
       3     3     3     3     3     3     3     3     3     3     3
       3     3     3     3     3     3     3     3     3     3     3
       3     3     3     3     3     3     3     3     3     3     3
       3     3     3     3     3     3     3     3     3     3     3
       3     3     3     3     3     3]
  [34798 60034 60035 60032 60031 60031 60028 60027 60030 60030 60029
   60029 60029 60027 60025 60033 60029 60029 60028 60028 60028 60026
   60031 60032 60029 60029 60028 60028 60027 60032 60031 60029 60028
   60028 60027 60026 60032 60031 60030 60028 60027 60027 60025 60030
   60030 60029 60029 60029 60027 60027 60031 60032 60031 60029 60028
   60023 60024 60031 60031 60030 60028]]]
unstable
 
 err: 
done running mariposa 1606.6
Bisecting: 1 revision left to test after this (roughly 1 step)
[2fd579bdd2385bbb7c448646e64d5d1310c0a4b6] Fix typo in ForAll Doc
running python3 /home/yizhou7/mariposa/scripts/z3-bisect.py /home/yizhou7/mariposa/data/bisect_tasks/d_lvbkv_z3_clean--BlockCacheSystem-BlockSystem.i.dfy.Impl__BlockSystem.__default.WriteBackNodeReqStepPreservesGraphs.txt
building z3
done building z3 3.0
running mariposa
res: 0 
 out: [[[    2     2     2     2     2     2     2     2     2     2     2
       2     2     2     2     2     2     2     2     2     2     2
       2     2     2     2     2     2     2     2     2     2     2
       2     2     2     2     2     2     2     2     2     2     2
       2     2     2     2     2     2     2     2     2     2     2
       2     2     2     2     2     2]
  [18143 30763 31931 30997 31328 32253 31723 31821 31906 31903 31737
   31985 31451 31904 31308 31677 32269 31612 31212 31168 31225 32283
   31167 31606 32504 31480 31416 31411 32253 31671 31752 32621 31806
   31349 31772 31909 31653 31549 32441 31779 31989 31507 31111 31366
   31157 31971 31540 31510 31951 31860 31657 31985 31097 32313 31315
   31092 31588 30412 26561 25889 23996]]

 [[    2     2     2     2     2     2     2     2     2     2     2
       2     2     2     2     2     2     2     2     2     2     2
       2     2     2     2     2     2     2     2     2     2     2
       2     2     2     2     2     2     2     2     2     2     2
       2     2     2     2     2     2     2     2     2     2     2
       2     2     2     2     2     2]
  [18143 29534 31804 31792 30238 31091 32460 31630 31196 30995 28938
   30778 29162 29449 30918 30809 31691 30678 31552 30319 32284 28787
   30752 31708 31717 31000 31383 28880 30762 31540 30713 31900 31655
   31756 30915 31597 31898 28936 28820 30828 30583 29489 29358 30793
   30843 33127 31007 28629 31277 31124 30807 31810 31146 32512 30729
   31009 31753 32048 30536 32404 32955]]

 [[    2     2     2     2     2     2     2     2     2     2     2
       2     2     2     2     2     2     2     2     2     2     2
       2     2     2     2     2     2     2     2     2     2     2
       2     2     2     2     2     2     2     2     2     2     2
       2     2     2     2     2     2     2     2     2     2     2
       2     2     2     2     2     2]
  [18143 26161 29769 31069 31900 31979 32032 33059 25674 24235 31686
   31009 31253 31244 32683 25647 30902 26655 31288 31137 30856 31213
   25759 31707 30821 31931 31130 32088 32015 25100 32564 25908 32074
   31107 29333 32231 31596 23304 31304 31831 25997 31204 30820 31715
   23304 24849 30759 25959 32626 25129 31347 31424 25233 32025 31343
   31997 31820 32479 31836 30985 32323]]]
stable
 
 err: 
done running mariposa 833.3
Bisecting: 0 revisions left to test after this (roughly 0 steps)
[ec1653fdff146ff8d1b3b2281e875494f4fc3a96] Merge pull request #2345 from schedutron/master
running python3 /home/yizhou7/mariposa/scripts/z3-bisect.py /home/yizhou7/mariposa/data/bisect_tasks/d_lvbkv_z3_clean--BlockCacheSystem-BlockSystem.i.dfy.Impl__BlockSystem.__default.WriteBackNodeReqStepPreservesGraphs.txt
building z3
done building z3 3.0
running mariposa
res: 0 
 out: [[[    2     2     2     2     2     2     2     2     2     2     2
       2     2     2     2     2     2     2     2     2     2     2
       2     2     2     2     2     2     2     2     2     2     2
       2     2     2     2     2     2     2     2     2     2     2
       2     2     2     2     2     2     2     2     2     2     2
       2     2     2     2     2     2]
  [18097 31224 31806 31185 31243 32445 31925 31744 31087 32219 31904
   31875 31512 31523 32174 31771 31336 31633 31424 31025 31262 32451
   31138 31833 31830 31354 31801 31488 31718 31720 32501 31952 31646
   31779 31907 31759 31947 31043 31842 32541 32199 31615 30923 31347
   31211 31348 31031 32163 32338 31873 31757 31646 31486 31820 31303
   31853 30850 30508 27373 27008 23637]]

 [[    2     2     2     2     2     2     2     2     2     2     2
       2     2     2     2     2     2     2     2     2     2     2
       2     2     2     2     2     2     2     2     2     2     2
       2     2     2     2     2     2     2     2     2     2     2
       2     2     2     2     2     2     2     2     2     2     2
       2     2     2     2     2     2]
  [18097 28932 31933 31961 30097 30860 31675 32203 31490 30880 29044
   31124 28969 28590 30946 31233 31525 31400 31098 30535 31400 28976
   30666 31717 31013 32395 30964 31319 28778 31567 31601 30618 32359
   31002 30529 31527 32324 28877 28821 31038 31243 29061 28554 30984
   30869 33469 31034 28797 30781 31658 31032 31779 30254 32958 30750
   30989 32385 31462 30856 31543 32969]]

 [[    2     2     2     2     2     2     2     2     2     2     2
       2     2     2     2     2     2     2     2     2     2     2
       2     2     2     2     2     2     2     2     2     2     2
       2     2     2     2     2     2     2     2     2     2     2
       2     2     2     2     2     2     2     2     2     2     2
       2     2     2     2     2     2]
  [18097 26181 29918 31003 31093 31931 31975 33524 25860 24362 31661
   31008 32043 31385 31644 25301 31707 26439 30997 31053 31281 31093
   25402 30947 31160 32307 31291 32012 32062 24722 32745 26168 32362
   29236 31222 32189 31146 22950 31138 32255 25975 30731 31965 31728
   22919 24884 25909 31828 30867 25593 32059 31256 25447 32088 30846
   31974 32090 31989 31709 31195 32818]]]
stable
 
 err: 
done running mariposa 833.3
1e770af1cc04f85a8d7a990ba0c9c4e433b83fa8 is the first bad commit
commit 1e770af1cc04f85a8d7a990ba0c9c4e433b83fa8
Author: Nikolaj Bjorner <nbjorner@microsoft.com>
Date:   Fri Jun 14 09:29:41 2019 -0700

    local sort
    
    Signed-off-by: Nikolaj Bjorner <nbjorner@microsoft.com>

 src/ast/rewriter/bool_rewriter.cpp | 21 ++++++++++++++++++---
 1 file changed, 18 insertions(+), 3 deletions(-)
bisect run success
git bisect start
# good: [e79542cc689d52ec4cb34ce4ae3fbe56e7a0bf70] fix #2309
git bisect good e79542cc689d52ec4cb34ce4ae3fbe56e7a0bf70
# bad: [ad55a1f1c617a7f0c3dd735c0780fc758424c7f1] Update release.yml for Azure Pipelines
git bisect bad ad55a1f1c617a7f0c3dd735c0780fc758424c7f1
# skip: [e2702f3ae88f5c48a55f4473bb5c29184c182634] fixes in assigning constraints to intervals
git bisect skip e2702f3ae88f5c48a55f4473bb5c29184c182634
# skip: [1915812f84cf41a5f232eedf2a695a54d055aa88] add a test for intervals
git bisect skip 1915812f84cf41a5f232eedf2a695a54d055aa88
# bad: [8faf35e2e0c8fce99794e71bd3b5de74b95ceb5a] fix #3735
git bisect bad 8faf35e2e0c8fce99794e71bd3b5de74b95ceb5a
# skip: [d1a5635b4ad7f8632356b380f3a9b1fc83fdb04f] better model based lemmaas
git bisect skip d1a5635b4ad7f8632356b380f3a9b1fc83fdb04f
# skip: [0a86bd14f792ef5fadb8eeb346729a612f7e1588] start on test nla
git bisect skip 0a86bd14f792ef5fadb8eeb346729a612f7e1588
# bad: [f7747d9e76bd685a02ce5c5fbda91fc356856b5e] fix parameter collection for tactic-based solvers reported in #3065
git bisect bad f7747d9e76bd685a02ce5c5fbda91fc356856b5e
# skip: [0644194fc96a853df44c37f9e4522796aa40add8] work on lemma from product to factors, and some renaming
git bisect skip 0644194fc96a853df44c37f9e4522796aa40add8
# bad: [0321312c8db1d3f0edbd23e6e48884fbb7d77d1d] Changed to get_const_interp to match Java and C# bindings
git bisect bad 0321312c8db1d3f0edbd23e6e48884fbb7d77d1d
# skip: [6e637348826f0725ba8a01c455448023ca2889e4] Merge pull request #2368 from waywardmonkeys/fix-typo
git bisect skip 6e637348826f0725ba8a01c455448023ca2889e4
# good: [4307c28d171cad821b0b6af4cffa0bb85836de6d] Update azure-pipeline.vs.yaml for Azure Pipelines
git bisect good 4307c28d171cad821b0b6af4cffa0bb85836de6d
# skip: [43a19cadf6c80ea0b31a7638b5b7939b69b264c6] avoid reorder regression. affects performance of SAT and also noticably for #2405
git bisect skip 43a19cadf6c80ea0b31a7638b5b7939b69b264c6
# skip: [5820b16800d91794a4ff3921986cb86585e5f7ba] mark assumption literals to be skolem to hide them from models #2406
git bisect skip 5820b16800d91794a4ff3921986cb86585e5f7ba
# bad: [9949f165257721a456a53543df36d69099021ce5] Fix release note typos.
git bisect bad 9949f165257721a456a53543df36d69099021ce5
# bad: [1f0d162b7fc4ebd368bdaf159d3a414f33f0a334] fix segfault #2360
git bisect bad 1f0d162b7fc4ebd368bdaf159d3a414f33f0a334
# good: [7bfb730fee5e6cf2154768f1d8576cf91b3d49bd] fix traffic jam
git bisect good 7bfb730fee5e6cf2154768f1d8576cf91b3d49bd
# good: [d1cbde33906f7e9e40480c8fee7eca3e283a565e] fix crash in 'test-z3 prime_generator'
git bisect good d1cbde33906f7e9e40480c8fee7eca3e283a565e
# bad: [89e8a1392c992a6c37b8c5320b9e4b9b506bd4a1] na
git bisect bad 89e8a1392c992a6c37b8c5320b9e4b9b506bd4a1
# bad: [262acc0556d0890c06dc2828c1fe62838ac3cd4f] guard insertion into enode vector @Nils-Becker, produces overflow during heavy quantifier instantiation
git bisect bad 262acc0556d0890c06dc2828c1fe62838ac3cd4f
# good: [d1719ee605cd0371bdf72432406fb6a7e72a3162] try dealing with mac pipeline
git bisect good d1719ee605cd0371bdf72432406fb6a7e72a3162
# bad: [1e770af1cc04f85a8d7a990ba0c9c4e433b83fa8] local sort
git bisect bad 1e770af1cc04f85a8d7a990ba0c9c4e433b83fa8
# good: [2fd579bdd2385bbb7c448646e64d5d1310c0a4b6] Fix typo in ForAll Doc
git bisect good 2fd579bdd2385bbb7c448646e64d5d1310c0a4b6
# good: [ec1653fdff146ff8d1b3b2281e875494f4fc3a96] Merge pull request #2345 from schedutron/master
git bisect good ec1653fdff146ff8d1b3b2281e875494f4fc3a96
# first bad commit: [1e770af1cc04f85a8d7a990ba0c9c4e433b83fa8] local sort
