running python3 /home/yizhou7/mariposa/scripts/z3-bisect.py /home/yizhou7/mariposa/data/bisect_tasks/fs_dice_z3_clean--queries-L0.X509.DeviceIDCRI.Subject-7.txt
building z3
Bisecting: 1453 revisions left to test after this (roughly 11 steps)
[1915812f84cf41a5f232eedf2a695a54d055aa88] add a test for intervals
running python3 /home/yizhou7/mariposa/scripts/z3-bisect.py /home/yizhou7/mariposa/data/bisect_tasks/fs_dice_z3_clean--queries-L0.X509.DeviceIDCRI.Subject-7.txt
building z3
Bisecting: 1453 revisions left to test after this (roughly 11 steps)
[8faf35e2e0c8fce99794e71bd3b5de74b95ceb5a] fix #3735
running python3 /home/yizhou7/mariposa/scripts/z3-bisect.py /home/yizhou7/mariposa/data/bisect_tasks/fs_dice_z3_clean--queries-L0.X509.DeviceIDCRI.Subject-7.txt
building z3
done building z3 3.3
running mariposa
res: 1 
 out: [[[    2     3     3     3     3     3     3     3     3     3     3
       3     3     3     3     3     3     3     3     3     3     3
       3     3     3     3     3     3     3     3     3     3     3
       3     3     3     3     3     3     3     3     3     3     3
       3     3     3     3     3     3     3     3     3     3     3
       3     3     3     3     3     3]
  [31557 60023 60024 60023 60022 60023 60022 60021 60021 60021 60021
   60022 60023 60021 60021 60022 60021 60023 60021 60023 60020 60021
   60022 60022 60022 60022 60022 60021 60023 60022 60022 60022 60022
   60023 60023 60023 60023 60022 60022 60023 60022 60022 60023 60023
   60022 60024 60023 60024 60022 60022 60022 60024 60022 60022 60023
   60023 60022 60020 60020 60020 60019]]

 [[    2     3     3     3     3     3     3     3     3     3     3
       3     3     3     3     3     3     3     3     3     3     3
       3     3     3     3     3     3     3     3     3     3     3
       3     3     3     3     3     3     2     3     3     3     3
       3     3     3     3     3     3     3     3     3     3     3
       3     3     3     3     3     3]
  [31557 60021 60019 60019 60020 60020 60022 60020 60022 60021 60020
   60020 60021 60020 60021 60023 60022 60022 60022 60022 60020 60022
   60023 60022 60022 60023 60022 60022 60020 60023 60022 60022 60024
   60023 60023 60021 60024 60022 60023 39408 60023 60023 60022 60023
   60022 60020 60021 60024 60025 60021 60022 60023 60023 60021 60024
   60023 60022 60023 60023 60022 60022]]

 [[    2     3     3     3     3     3     3     3     2     3     3
       3     3     3     3     3     3     3     3     3     3     3
       3     2     3     3     3     3     3     3     3     3     3
       3     3     3     3     2     2     3     3     3     3     3
       3     3     3     3     3     3     3     2     3     3     3
       3     3     3     3     3     3]
  [31557 60018 60017 60015 60015 60014 60014 60014 42175 60017 60017
   60014 60014 60014 60015 60018 60019 60016 60017 60017 60014 60016
   60019 54413 60017 60019 60017 60017 60015 60019 60020 60020 60018
   60017 60016 60015 60020 57136 53547 60018 60018 60017 60016 60020
   60020 60018 60021 60020 60017 60018 60019 47408 60019 60019 60019
   60019 60019 60020 60021 60022 60019]]]
unstable
 
 err: 
done running mariposa 1616.7
Bisecting: 1254 revisions left to test after this (roughly 10 steps)
[d1a5635b4ad7f8632356b380f3a9b1fc83fdb04f] better model based lemmaas
running python3 /home/yizhou7/mariposa/scripts/z3-bisect.py /home/yizhou7/mariposa/data/bisect_tasks/fs_dice_z3_clean--queries-L0.X509.DeviceIDCRI.Subject-7.txt
building z3
Bisecting: 1254 revisions left to test after this (roughly 10 steps)
[0a86bd14f792ef5fadb8eeb346729a612f7e1588] start on test nla
running python3 /home/yizhou7/mariposa/scripts/z3-bisect.py /home/yizhou7/mariposa/data/bisect_tasks/fs_dice_z3_clean--queries-L0.X509.DeviceIDCRI.Subject-7.txt
building z3
Bisecting: 1254 revisions left to test after this (roughly 10 steps)
[f7747d9e76bd685a02ce5c5fbda91fc356856b5e] fix parameter collection for tactic-based solvers reported in #3065
running python3 /home/yizhou7/mariposa/scripts/z3-bisect.py /home/yizhou7/mariposa/data/bisect_tasks/fs_dice_z3_clean--queries-L0.X509.DeviceIDCRI.Subject-7.txt
building z3
done building z3 3.2
running mariposa
res: 1 
 out: [[[    2     3     3     3     3     3     3     3     3     3     3
       3     3     3     3     3     3     3     3     3     3     3
       3     3     3     3     3     3     3     3     3     3     3
       3     3     3     3     3     3     3     3     3     3     3
       3     3     3     3     3     3     3     3     3     3     3
       3     3     3     3     3     3]
  [31203 60022 60022 60023 60023 60022 60022 60023 60023 60021 60023
   60024 60023 60021 60023 60021 60021 60022 60024 60023 60022 60022
   60021 60022 60022 60024 60023 60024 60023 60022 60022 60023 60024
   60024 60022 60024 60023 60021 60025 60024 60024 60022 60024 60023
   60023 60024 60024 60024 60022 60023 60023 60023 60022 60024 60022
   60022 60021 60020 60019 60020 60019]]

 [[    2     3     3     3     3     3     3     3     3     3     3
       3     2     3     3     3     3     3     3     3     3     3
       3     3     3     3     3     3     3     3     3     3     3
       3     3     3     3     3     3     3     2     3     3     3
       3     3     3     3     3     3     3     3     3     3     3
       3     2     3     3     3     3]
  [31203 60021 60022 60019 60022 60021 60022 60019 60022 60022 60021
   60023 57325 60021 60020 60023 60023 60021 60022 60022 60021 60021
   60021 60021 60022 60022 60024 60022 60023 60023 60022 60021 60024
   60025 60023 60021 60023 60022 60022 60023 40923 60023 60023 60021
   60024 60024 60023 60023 60022 60023 60023 60025 60023 60023 60024
   60023 56867 60023 60025 60023 60025]]

 [[    2     3     3     3     3     3     3     3     2     3     3
       3     3     3     3     3     3     3     3     3     3     3
       3     3     3     3     3     3     3     2     3     3     3
       3     3     3     3     3     2     3     3     3     3     3
       3     3     2     3     3     3     3     3     3     2     3
       3     3     3     3     3     3]
  [31203 60019 60018 60017 60014 60014 60013 60014 42111 60017 60019
   60015 60016 60013 60012 60020 60018 60017 60017 60016 60016 60015
   60021 60020 60017 60018 60016 60016 60016 32888 60021 60017 60017
   60017 60017 60014 60020 60021 47705 60019 60019 60017 60016 60020
   60021 60019 56770 60019 60019 60018 60018 60020 60019 48385 60021
   60021 60018 60020 60020 60019 60019]]]
unstable
 
 err: 
done running mariposa 1612.1
Bisecting: 1034 revisions left to test after this (roughly 10 steps)
[0644194fc96a853df44c37f9e4522796aa40add8] work on lemma from product to factors, and some renaming
running python3 /home/yizhou7/mariposa/scripts/z3-bisect.py /home/yizhou7/mariposa/data/bisect_tasks/fs_dice_z3_clean--queries-L0.X509.DeviceIDCRI.Subject-7.txt
building z3
Bisecting: 1034 revisions left to test after this (roughly 10 steps)
[0321312c8db1d3f0edbd23e6e48884fbb7d77d1d] Changed to get_const_interp to match Java and C# bindings
running python3 /home/yizhou7/mariposa/scripts/z3-bisect.py /home/yizhou7/mariposa/data/bisect_tasks/fs_dice_z3_clean--queries-L0.X509.DeviceIDCRI.Subject-7.txt
building z3
done building z3 3.1
running mariposa
res: 1 
 out: [[[    2     3     3     3     3     3     3     3     3     3     3
       3     3     3     3     3     3     3     3     3     3     3
       3     3     3     3     3     3     3     3     3     3     3
       3     3     3     3     3     3     3     3     3     3     3
       3     3     3     3     3     3     3     3     3     3     3
       3     3     3     3     3     2]
  [43589 60024 60023 60024 60025 60023 60022 60021 60024 60022 60024
   60024 60023 60023 60021 60024 60025 60024 60023 60022 60023 60021
   60024 60022 60025 60025 60022 60024 60021 60022 60022 60023 60025
   60022 60022 60021 60022 60023 60024 60025 60021 60023 60023 60022
   60023 60025 60028 60021 60023 60021 60023 60023 60025 60024 60022
   60024 60021 60021 60020 60021 54273]]

 [[    2     3     3     3     2     3     2     3     3     3     3
       3     3     3     3     3     3     3     3     3     3     3
       3     3     3     3     3     3     3     3     3     3     3
       2     3     3     3     3     3     2     3     3     3     3
       3     3     3     3     3     3     3     3     3     3     3
       2     3     2     2     3     3]
  [43589 60024 60022 60020 50886 60024 54098 60022 60022 60020 60021
   60025 60023 60021 60023 60023 60021 60021 60024 60026 60022 60021
   60023 60021 60019 60024 60025 60022 60021 60022 60021 60021 60024
   50792 60025 60022 60022 60021 60019 57429 60025 60024 60023 60022
   60021 60020 60025 60025 60024 60023 60023 60023 60020 60024 60024
   56550 60024 51940 46154 60023 60022]]

 [[    2     3     3     3     3     3     3     3     3     3     3
       3     3     3     3     2     3     3     3     3     3     3
       3     3     3     3     3     3     3     2     3     3     3
       3     3     3     3     2     2     3     3     3     3     3
       3     3     3     3     3     3     2     3     3     3     3
       3     3     3     3     3     3]
  [43589 60018 60017 60016 60015 60017 60015 60014 60018 60016 60016
   60018 60015 60013 60014 48138 60018 60017 60017 60017 60016 60013
   60020 60018 60018 60017 60017 60017 60015 32916 60020 60018 60018
   60017 60017 60015 60020 38020 42744 60021 60019 60018 60019 60020
   60021 60020 60021 60021 60022 60019 33658 60022 60022 60021 60021
   60021 60019 60022 60023 60023 60023]]]
unstable
 
 err: 
done running mariposa 1622.9
Bisecting: 261 revisions left to test after this (roughly 8 steps)
[6e637348826f0725ba8a01c455448023ca2889e4] Merge pull request #2368 from waywardmonkeys/fix-typo
running python3 /home/yizhou7/mariposa/scripts/z3-bisect.py /home/yizhou7/mariposa/data/bisect_tasks/fs_dice_z3_clean--queries-L0.X509.DeviceIDCRI.Subject-7.txt
building z3
done building z3 3.1
running mariposa
res: 1 
 out: [[[    2     3     3     3     3     3     3     3     3     3     3
       3     3     3     3     3     2     3     3     3     3     3
       3     3     3     3     3     3     3     3     3     3     3
       3     3     3     3     3     3     3     3     3     3     3
       3     3     3     3     3     3     3     3     3     3     3
       3     3     3     3     3     3]
  [33571 60023 60023 60023 60020 60020 60019 60021 60024 60023 60022
   60021 60020 60019 60019 60023 50402 60025 60021 60021 60020 60019
   60025 60023 60023 60024 60020 60022 60020 60023 60024 60023 60021
   60020 60022 60021 60023 60025 60022 60021 60023 60021 60020 60022
   60024 60023 60020 60019 60018 60017 60023 60024 60022 60019 60019
   60019 60018 60022 60021 60019 60018]]

 [[    2     3     3     3     3     3     3     3     3     3     3
       3     3     3     3     2     3     3     3     3     3     3
       3     3     3     3     3     3     3     3     3     3     2
       3     2     3     3     3     3     2     3     3     3     3
       3     3     2     2     3     3     3     3     3     3     3
       3     3     3     3     3     3]
  [33571 60021 60021 60019 60022 60022 60021 60021 60020 60020 60018
   60022 60022 60021 60020 59027 60020 60019 60022 60024 60020 60021
   60021 60020 60019 60025 60023 60021 60023 60021 60021 60018 47203
   60024 55662 60022 60021 60022 60019 47582 60023 60023 60023 60022
   60021 60021 40211 57951 60025 60024 60021 60020 60019 60020 60025
   60024 60023 60021 60021 60020 60019]]

 [[    2     3     3     3     3     3     3     3     2     3     3
       3     3     3     3     3     3     3     3     3     3     3
       3     3     3     3     3     3     3     3     2     3     3
       3     3     3     3     3     3     3     3     3     3     3
       3     3     3     3     3     3     2     3     2     3     3
       3     3     3     3     3     3]
  [33571 60016 60016 60017 60017 60013 60015 60014 42562 60017 60016
   60017 60016 60014 60013 60021 60019 60017 60016 60017 60014 60015
   60020 60018 60017 60016 60016 60015 60015 60020 54750 60018 60018
   60017 60017 60017 60020 60022 60020 60018 60019 60017 60016 60021
   60022 60021 60018 60017 60016 60016 35562 60021 58541 60019 60017
   60018 60016 60022 60021 60020 60018]]]
unstable
 
 err: 
done running mariposa 1624.2
Bisecting: 130 revisions left to test after this (roughly 7 steps)
[9b4f327e29de8eadd112e53af5a8fb9f430fabf7] set upload mode to replace
running python3 /home/yizhou7/mariposa/scripts/z3-bisect.py /home/yizhou7/mariposa/data/bisect_tasks/fs_dice_z3_clean--queries-L0.X509.DeviceIDCRI.Subject-7.txt
building z3
done building z3 3.1
running mariposa
res: 1 
 out: [[[    2     2     2     2     2     2     2     2     2     2     2
       2     2     2     2     2     2     2     2     2     2     2
       2     2     2     2     2     2     2     2     2     2     2
       2     2     2     2     2     2     2     2     2     2     2
       2     2     2     2     2     2     2     2     2     2     2
       2     2     2     2     2     2]
  [14987 36927 37486 36830 37878 37339 36575 38102 36829 35897 36801
   37230 36894 36711 36329 35976 36677 37300 36847 37017 36806 36602
   36422 37281 36973 37097 36736 37259 37193 36690 36499 37087 37890
   36949 37904 36461 36731 36903 36886 35918 37702 37567 36986 36433
   35332 37237 36453 38097 36438 36902 35445 36521 36260 36719 36011
   37497 34125 32140 28684 26493 23441]]

 [[    2     2     2     2     2     2     2     2     2     2     2
       2     2     2     2     2     2     2     2     2     2     2
       2     2     2     2     2     2     2     2     2     2     2
       2     2     2     2     2     2     2     2     2     2     2
       2     2     2     2     2     2     2     2     2     2     2
       2     2     2     2     2     2]
  [14987 36956 37440 38924 39439 40847 40531 39870 41130 41730 43491
   40214 40551 41493 39918 40239 40998 42257 39730 42120 42194 40720
   39686 41411 39910 39809 42093 43760 40820 39905 40771 40636 40164
   40857 42697 41160 40565 41037 41168 40864 40595 42352 40482 40789
   40251 41855 40593 40370 42788 40581 41247 40827 41525 40145 41228
   41845 41985 40761 40499 40776 41004]]

 [[    2     2     3     3     3     3     3     3     2     2     2
       2     3     3     3     3     2     2     2     3     3     3
       3     3     3     3     2     2     3     3     3     2     2
       3     2     3     2     3     3     3     3     2     2     2
       3     3     3     3     2     3     3     3     3     2     3
       2     3     2     3     3     3]
  [14987 38023 60038 60034 60036 60047 60031 60033 32997 38268 38990
   35889 60034 60043 60035 60038 36214 36247 36027 60038 60035 60031
   60029 60046 60040 60039 36375 37357 60036 60034 60034 36554 34887
   60046 37148 60042 59023 60037 60037 60030 60055 37852 37333 37666
   60034 60044 60040 60039 35563 60036 60040 60041 60043 38625 60039
   36258 60043 37823 60036 60042 60043]]]
unstable
 
 err: 
done running mariposa 1166.6
Bisecting: 65 revisions left to test after this (roughly 6 steps)
[451e70afee4b2208c09d2f4d30aca7f7a59395c8] Update azure-pipeline.vs.yaml for Azure Pipelines
running python3 /home/yizhou7/mariposa/scripts/z3-bisect.py /home/yizhou7/mariposa/data/bisect_tasks/fs_dice_z3_clean--queries-L0.X509.DeviceIDCRI.Subject-7.txt
building z3
done building z3 3.0
running mariposa
res: 1 
 out: [[[    2     2     2     2     2     2     2     2     2     2     2
       2     2     2     2     2     2     2     2     2     2     2
       2     2     2     2     2     2     2     2     2     2     2
       2     2     2     2     2     2     2     2     2     2     2
       2     2     2     2     2     2     2     2     2     2     2
       2     2     2     2     2     2]
  [15202 38180 37775 36286 36701 37029 37981 37074 36670 35518 36471
   36983 37070 37415 36970 36651 36217 35578 36702 36994 36828 37829
   37061 36541 35432 36499 37313 37219 37618 37018 36371 37773 36985
   37252 36870 37358 37368 36290 37267 37974 36339 36664 36748 36532
   35604 37016 37390 37222 36563 37550 35811 35795 35259 37473 36180
   36792 35998 35051 31571 28766 19242]]

 [[    2     2     2     2     2     2     2     2     2     2     2
       2     2     2     2     2     2     2     2     2     2     2
       2     2     2     2     2     2     2     2     2     2     2
       2     2     2     2     2     2     2     2     2     2     2
       2     2     2     2     2     2     2     2     2     2     2
       2     2     2     2     2     2]
  [15202 37354 38274 38402 37910 41281 42387 39490 40582 41727 41551
   39710 41290 42104 40791 40199 41486 40968 39440 40763 42201 43060
   40917 40792 40627 39629 40893 41412 41191 42639 41327 42302 40079
   39945 40523 40412 42585 41856 42294 40486 41168 40341 40485 40921
   41591 41906 40815 40060 42109 39519 42559 42093 42069 40221 39979
   42897 40473 40992 40970 41954 40305]]

 [[    2     2     3     3     3     3     3     3     2     2     2
       2     3     3     3     3     2     2     2     3     3     3
       3     3     3     3     2     2     3     3     3     2     2
       3     2     3     2     3     3     3     3     2     2     2
       3     3     3     3     2     3     3     3     3     2     3
       2     3     2     3     3     3]
  [15202 38224 60033 60038 60034 60029 60030 60031 33045 39310 39209
   35777 60043 60046 60031 60031 36287 36970 36338 60036 60036 60033
   60035 60040 60039 60039 37553 37300 60035 60043 60031 35793 35264
   60043 37216 60039 58357 60039 60036 60032 60053 37559 38179 38159
   60033 60048 60049 60043 37485 60039 60040 60040 60041 39486 60042
   36078 60041 37881 60052 60043 60040]]]
unstable
 
 err: 
done running mariposa 1170.3
Bisecting: 31 revisions left to test after this (roughly 5 steps)
[dd4088dd252b82eb18379e7d95ecb88e4ea58fba] update path
running python3 /home/yizhou7/mariposa/scripts/z3-bisect.py /home/yizhou7/mariposa/data/bisect_tasks/fs_dice_z3_clean--queries-L0.X509.DeviceIDCRI.Subject-7.txt
building z3
done building z3 3.1
running mariposa
res: 1 
 out: [[[    2     2     2     2     2     2     2     2     2     2     2
       2     2     2     2     2     2     2     2     2     2     2
       2     2     2     2     2     2     2     2     2     2     2
       2     2     2     2     2     2     2     2     2     2     2
       2     2     2     2     2     2     2     2     2     2     2
       2     2     2     2     2     2]
  [14752 38234 39219 36379 36969 37071 36665 36929 37501 36280 36456
   35563 38133 36954 36560 37608 36838 35836 36361 36818 36873 36808
   37093 37136 36111 37662 36736 37221 36898 36624 37090 38174 36958
   35842 37914 37058 36623 37328 37176 37785 36628 37441 36828 36273
   36065 37152 37655 37150 37589 36923 35701 35309 36019 37500 36261
   36217 36208 34908 31488 28303 20947]]

 [[    2     2     2     2     2     2     2     2     2     2     2
       2     2     2     2     2     2     2     2     2     2     2
       2     2     2     2     2     2     2     2     2     2     2
       2     2     2     2     2     2     2     2     2     2     2
       2     2     2     2     2     2     2     2     2     2     2
       2     2     2     2     2     2]
  [14752 39291 39178 39290 37775 39372 39959 41885 41236 41472 42567
   39430 40426 40024 40847 43378 41887 41922 39445 40506 40766 40069
   41055 42332 43419 40798 40092 40423 40297 40022 42255 40699 41834
   41702 41100 39822 41000 41309 41548 41307 41558 40214 40387 41048
   41495 41281 41209 40602 42417 41092 41098 40819 41977 41132 40779
   43161 40088 41486 41190 39887 39698]]

 [[    2     2     3     3     3     3     3     3     2     2     2
       2     3     3     3     3     2     2     2     3     3     3
       3     3     3     3     2     2     3     3     3     2     2
       3     2     3     2     3     3     3     3     2     2     2
       3     3     3     3     2     3     3     3     3     2     3
       2     3     2     3     3     3]
  [14752 38650 60032 60032 60028 60026 60029 60030 33679 38531 39029
   35683 60036 60031 60029 60030 35614 36711 36199 60035 60029 60030
   60030 60038 60033 60034 37022 37329 60034 60036 60030 35702 34942
   60037 37434 60035 57970 60036 60034 60034 60040 37678 36944 39013
   60037 60040 60037 60044 36952 60040 60036 60041 60040 38835 60036
   36207 60040 36366 60036 60039 60044]]]
unstable
 
 err: 
done running mariposa 1169.9
Bisecting: 16 revisions left to test after this (roughly 4 steps)
[1155a29c6e2b42b975bf6ea64de1703464829c2a] spelling
running python3 /home/yizhou7/mariposa/scripts/z3-bisect.py /home/yizhou7/mariposa/data/bisect_tasks/fs_dice_z3_clean--queries-L0.X509.DeviceIDCRI.Subject-7.txt
building z3
done building z3 3.1
running mariposa
res: 1 
 out: [[[    2     2     2     2     2     2     2     2     2     2     2
       2     2     2     2     2     2     2     2     2     2     2
       2     2     2     2     2     2     2     2     2     2     2
       2     2     2     2     2     2     2     2     2     2     2
       2     2     2     2     2     2     2     2     2     2     2
       2     2     2     2     2     2]
  [14747 37981 38571 35849 36494 37509 38560 37279 36829 36476 36424
   35279 37079 37941 37640 37102 36930 35716 36215 35756 36871 37381
   36963 37441 35865 38220 36415 36855 36554 36956 37927 36768 36718
   36652 38151 36339 37940 37438 36458 36903 36057 36799 37642 36096
   36619 36631 36441 37834 37366 36380 36195 35913 36748 37303 36551
   37226 35085 31993 32291 27937 23429]]

 [[    2     2     2     2     2     2     2     2     2     2     2
       2     2     2     2     2     2     2     2     2     2     2
       2     2     2     2     2     2     2     2     2     2     2
       2     2     2     2     2     2     2     2     2     2     2
       2     2     2     2     2     2     2     2     2     2     2
       2     2     2     2     2     2]
  [14747 37903 37244 39015 38766 39848 40533 40717 41158 41952 42053
   39228 40722 41066 39172 41119 42735 42669 40387 39769 40720 40245
   40483 41457 41954 41382 42251 40732 40405 40514 40430 41119 40523
   41836 40998 42219 40255 40922 41374 41090 41563 40773 42062 41311
   40866 41162 39639 41008 40899 42474 42666 40456 41225 39941 41103
   41127 41021 42639 41333 40744 40344]]

 [[    2     2     3     3     3     3     3     3     2     2     2
       2     3     3     3     3     2     2     2     3     3     3
       3     3     3     3     2     2     2     3     3     3     2
       3     2     3     2     3     3     3     3     2     2     2
       3     3     3     3     2     3     3     3     3     2     3
       2     3     2     3     3     3]
  [14747 37856 60029 60031 60027 60028 60023 60025 33023 38812 39070
   35665 60030 60037 60029 60031 36469 36356 35461 60035 60033 60031
   60031 60039 60035 60038 36933 38063 35466 60032 60031 60031 34788
   60043 37071 60036 59082 60035 60032 60032 60043 38001 37480 39142
   60033 60042 60038 60039 36919 60037 60038 60040 60039 39161 60043
   35733 60041 36618 60039 60039 60043]]]
unstable
 
 err: 
done running mariposa 1167.1
Bisecting: 8 revisions left to test after this (roughly 3 steps)
[3c3e5d7f7dc9f70cd9fed455e9462c48f581bf1b] Merge pull request #2313 from waywardmonkeys/fix-cppapi-comment-typo
running python3 /home/yizhou7/mariposa/scripts/z3-bisect.py /home/yizhou7/mariposa/data/bisect_tasks/fs_dice_z3_clean--queries-L0.X509.DeviceIDCRI.Subject-7.txt
building z3
done building z3 3.1
running mariposa
res: 1 
 out: [[[    2     2     2     2     2     2     2     2     2     2     2
       2     2     2     2     2     2     2     2     2     2     2
       2     2     2     2     2     2     2     2     2     2     2
       2     2     2     2     2     2     2     2     2     2     2
       2     2     2     2     2     2     2     2     2     2     2
       2     2     2     2     2     2]
  [15030 37946 38592 36888 37686 37559 36262 36609 37058 36666 36913
   37033 37545 36863 37094 37732 36151 36131 37177 37078 35853 37479
   38599 36065 36124 36965 37251 36573 37285 37728 37016 36872 37027
   37631 36562 37263 36623 36557 36862 36741 36297 36960 38019 36821
   35582 37345 37310 37548 36485 36656 35759 35438 36620 36645 37876
   36461 35196 34812 32649 21939 19830]]

 [[    2     2     2     2     2     2     2     2     2     2     2
       2     2     2     2     2     2     2     2     2     2     2
       2     2     2     2     2     2     2     2     2     2     2
       2     2     2     2     2     2     2     2     2     2     2
       2     2     2     2     2     2     2     2     2     2     2
       2     2     2     2     2     2]
  [15030 38075 38319 38786 38441 40179 41713 39905 41126 41949 43153
   39523 40609 41165 41118 40150 40928 42559 39628 39567 40461 41950
   40804 40421 42138 40340 39747 40558 43104 41378 40431 41973 39794
   39217 40769 42271 41958 42060 42325 39967 39574 39790 41989 41122
   41522 41969 40935 40020 40494 41846 42020 41510 41627 41225 39565
   41486 40414 41542 41575 39973 41473]]

 [[    2     2     3     3     3     3     3     3     2     2     2
       2     3     3     3     3     2     2     2     3     3     3
       3     3     3     3     2     2     3     3     3     2     2
       3     2     3     2     3     3     3     3     2     2     2
       3     3     3     2     3     3     3     3     2     3     3
       3     2     2     3     3     3]
  [15030 38001 60030 60031 60033 60031 60024 60027 31934 38785 39423
   34708 60037 60036 60037 60031 35990 36181 36905 60039 60033 60031
   60031 60038 60043 60040 36581 38193 60034 60038 60029 36383 34892
   60043 37785 60037 58953 60038 60031 60031 60046 37566 39341 38565
   60038 60038 60039 35754 60038 60037 60035 60038 38113 60042 60043
   60042 36579 36753 60037 60042 60039]]]
unstable
 
 err: 
done running mariposa 1169.4
Bisecting: 2 revisions left to test after this (roughly 2 steps)
[17a0d75436c368853e0a75b42247498ad7398a7d] Fix C++ API comment typo.
running python3 /home/yizhou7/mariposa/scripts/z3-bisect.py /home/yizhou7/mariposa/data/bisect_tasks/fs_dice_z3_clean--queries-L0.X509.DeviceIDCRI.Subject-7.txt
building z3
done building z3 3.2
running mariposa
res: 1 
 out: [[[    2     2     2     2     2     2     2     2     2     2     2
       2     2     2     2     2     2     2     2     2     2     2
       2     2     2     2     2     2     2     2     2     2     2
       2     2     2     2     2     2     2     2     2     2     2
       2     2     2     2     2     2     2     2     2     2     2
       2     2     2     2     2     2]
  [15026 38251 38257 36244 37237 36954 37040 36903 37294 36163 36213
   38090 36503 36965 36621 37155 37080 36920 37984 35995 37252 36875
   36551 36663 35841 38295 36926 37176 36856 36341 37756 36645 37026
   36935 37027 38335 36820 36581 36628 37790 36483 37410 36515 36436
   36595 36593 37694 36655 37625 36992 35620 36483 35521 35655 37684
   36919 36431 32648 30179 24873 19953]]

 [[    2     2     2     2     2     2     2     2     2     2     2
       2     2     2     2     2     2     2     2     2     2     2
       2     2     2     2     2     2     2     2     2     2     2
       2     2     2     2     2     2     2     2     2     2     2
       2     2     2     2     2     2     2     2     2     2     2
       2     2     2     2     2     2]
  [15026 38293 37828 38811 38089 39903 40997 40763 41209 41065 42238
   39858 40557 39636 41337 41196 41397 41389 39994 40606 42256 39371
   40981 42137 41718 39221 40993 40827 42674 39609 41914 40628 39846
   40551 40175 41341 40444 41739 43418 38950 40725 39919 41900 40395
   40494 42027 39998 40251 40640 42050 41214 40427 41256 40104 41825
   41211 41089 42024 40315 40762 39257]]

 [[    2     2     3     3     3     3     3     3     2     2     2
       2     3     3     3     3     2     2     2     3     3     3
       3     3     3     3     2     2     3     3     3     2     2
       3     2     3     2     3     3     3     3     2     2     2
       3     3     3     3     2     3     3     3     3     2     3
       2     3     2     3     3     3]
  [15026 37956 60032 60033 60030 60027 60027 60027 32634 38634 38804
   35829 60039 60029 60030 60036 35401 35815 35559 60035 60033 60031
   60030 60037 60049 60037 36800 37331 60035 60033 60032 36008 33518
   60044 36648 60040 58397 60036 60036 60030 60041 36593 38317 39115
   60037 60041 60041 60040 35955 60044 60036 60036 60046 37706 60046
   36436 60038 37791 60040 60049 60047]]]
unstable
 
 err: 
done running mariposa 1166.5
Bisecting: 1 revision left to test after this (roughly 1 step)
[01f64898922564a550574d936c517675da150fba] fix #2310
running python3 /home/yizhou7/mariposa/scripts/z3-bisect.py /home/yizhou7/mariposa/data/bisect_tasks/fs_dice_z3_clean--queries-L0.X509.DeviceIDCRI.Subject-7.txt
building z3
done building z3 3.1
running mariposa
res: 1 
 out: [[[    2     2     2     2     2     2     2     2     2     2     2
       2     2     2     2     2     2     2     2     2     2     2
       2     2     2     2     2     2     2     2     2     2     2
       2     2     2     2     2     2     2     2     2     2     2
       2     2     2     2     2     2     2     2     2     2     2
       2     2     2     2     2     2]
  [14810 37151 37362 36795 36999 38018 37505 36568 36601 35247 38014
   36008 36973 37821 36820 36389 36498 36042 36926 36246 38241 36831
   36662 37278 36249 36401 37274 36719 36886 36715 37380 37076 36517
   36924 36885 38108 36625 36522 37614 36586 35918 36989 37987 36479
   35484 37103 36995 36910 37415 37835 35691 35430 35986 37011 36018
   37120 36295 34317 30461 22965 21793]]

 [[    2     2     2     2     2     2     2     2     2     2     2
       2     2     2     2     2     2     2     2     2     2     2
       2     2     2     2     2     2     2     2     2     2     2
       2     2     2     2     2     2     2     2     2     2     2
       2     2     2     2     2     2     2     2     2     2     2
       2     2     2     2     2     2]
  [14810 38404 38430 38592 38706 39614 41656 39106 41568 41752 42739
   39793 40359 41617 41140 41338 41515 40944 40522 40288 42601 40574
   41176 42105 41447 40024 41018 42354 41359 41119 41345 41590 40535
   40174 42010 41792 41085 41125 41651 40824 40776 40416 41714 41007
   40932 40719 39382 41244 39646 42973 41870 41274 41677 39447 40562
   41105 42859 40884 40935 42136 39540]]

 [[    2     2     3     3     3     3     3     3     2     2     2
       2     3     3     3     3     2     2     2     3     3     3
       3     3     3     3     2     2     3     3     3     2     2
       3     2     3     3     2     3     3     3     2     2     2
       3     3     3     3     2     3     3     3     3     2     3
       3     2     2     3     3     3]
  [14810 38483 60033 60036 60030 60033 60034 60034 32726 38718 39126
   35719 60045 60031 60043 60033 36271 36053 36127 60037 60032 60033
   60032 60042 60046 60040 36855 37471 60035 60037 60033 35430 34245
   60041 37081 60039 60038 59901 60041 60033 60043 38595 38369 38361
   60038 60041 60038 60041 36139 60038 60039 60039 60049 39030 60039
   60047 36627 37098 60050 60044 60049]]]
unstable
 
 err: 
done running mariposa 1167.9
Bisecting: 0 revisions left to test after this (roughly 0 steps)
[dd452e0ac1aa75863ba9d29fbfd12bd7606affc6] eq
running python3 /home/yizhou7/mariposa/scripts/z3-bisect.py /home/yizhou7/mariposa/data/bisect_tasks/fs_dice_z3_clean--queries-L0.X509.DeviceIDCRI.Subject-7.txt
building z3
done building z3 3.1
running mariposa
res: 1 
 out: [[[    2     2     2     2     2     2     2     2     2     2     2
       2     2     2     2     2     2     2     2     2     2     2
       2     2     2     2     2     2     2     2     2     2     2
       2     2     2     2     2     2     2     2     2     2     2
       2     2     2     2     2     2     2     2     2     2     2
       2     2     2     2     2     2]
  [14553 37086 38055 36122 37424 38251 36705 37882 36164 35688 36713
   35918 37079 37076 38083 37675 36625 35559 36604 37107 35649 38067
   36957 37611 35622 36834 36430 36753 37707 36626 37318 36405 36930
   37237 36655 37810 37629 36735 36475 36612 36077 36835 37635 36508
   36046 36482 37128 38110 36471 37795 35771 36175 35434 36985 37001
   36545 34814 33138 30816 26120 21425]]

 [[    2     2     2     2     2     2     2     2     2     2     2
       2     2     2     2     2     2     2     2     2     2     2
       2     2     2     2     2     2     2     2     2     2     2
       2     2     2     2     2     2     2     2     2     2     2
       2     2     2     2     2     2     2     2     2     2     2
       2     2     2     2     2     2]
  [14553 37542 37785 39378 37594 41055 39860 41052 40861 41330 42980
   38320 40796 41123 40956 40803 40667 41373 39553 41247 41655 41080
   41347 40811 41283 38912 40967 40874 39968 41060 41302 41597 39981
   40530 41938 40358 41398 40930 42086 40112 40808 40644 42037 40757
   40970 41296 40659 40369 40955 41944 41211 42153 41591 40829 40611
   41865 42660 41241 42663 40475 40279]]

 [[    2     2     3     3     3     3     3     3     2     2     2
       2     3     3     3     3     2     2     2     3     3     3
       3     3     3     3     2     2     3     3     3     2     2
       3     2     3     2     3     3     3     3     2     2     2
       3     3     3     3     2     3     3     3     3     2     3
       2     3     2     3     3     3]
  [14553 38364 60030 60030 60030 60026 60028 60029 34312 38289 39000
   34515 60036 60028 60032 60033 35429 35335 36000 60035 60030 60034
   60029 60035 60033 60036 36978 37309 60037 60036 60032 34886 35011
   60036 37145 60035 58161 60034 60038 60030 60037 38678 37004 38415
   60034 60036 60042 60039 36085 60035 60041 60036 60041 37554 60035
   36541 60044 37357 60037 60039 60036]]]
unstable
 
 err: 
done running mariposa 1166.0
dd452e0ac1aa75863ba9d29fbfd12bd7606affc6 is the first bad commit
commit dd452e0ac1aa75863ba9d29fbfd12bd7606affc6
Author: Nikolaj Bjorner <nbjorner@microsoft.com>
Date:   Wed May 29 20:36:12 2019 -0700

    eq
    
    Signed-off-by: Nikolaj Bjorner <nbjorner@microsoft.com>

 src/ast/ast.cpp              |   2 +-
 src/math/grobner/grobner.cpp | 113 +++++++++++++------------------------------
 src/model/model.cpp          |   2 +-
 3 files changed, 35 insertions(+), 82 deletions(-)
bisect run success
git bisect start
# good: [e79542cc689d52ec4cb34ce4ae3fbe56e7a0bf70] fix #2309
git bisect good e79542cc689d52ec4cb34ce4ae3fbe56e7a0bf70
# bad: [ad55a1f1c617a7f0c3dd735c0780fc758424c7f1] Update release.yml for Azure Pipelines
git bisect bad ad55a1f1c617a7f0c3dd735c0780fc758424c7f1
# skip: [e2702f3ae88f5c48a55f4473bb5c29184c182634] fixes in assigning constraints to intervals
git bisect skip e2702f3ae88f5c48a55f4473bb5c29184c182634
# skip: [1915812f84cf41a5f232eedf2a695a54d055aa88] add a test for intervals
git bisect skip 1915812f84cf41a5f232eedf2a695a54d055aa88
# bad: [8faf35e2e0c8fce99794e71bd3b5de74b95ceb5a] fix #3735
git bisect bad 8faf35e2e0c8fce99794e71bd3b5de74b95ceb5a
# skip: [d1a5635b4ad7f8632356b380f3a9b1fc83fdb04f] better model based lemmaas
git bisect skip d1a5635b4ad7f8632356b380f3a9b1fc83fdb04f
# skip: [0a86bd14f792ef5fadb8eeb346729a612f7e1588] start on test nla
git bisect skip 0a86bd14f792ef5fadb8eeb346729a612f7e1588
# bad: [f7747d9e76bd685a02ce5c5fbda91fc356856b5e] fix parameter collection for tactic-based solvers reported in #3065
git bisect bad f7747d9e76bd685a02ce5c5fbda91fc356856b5e
# skip: [0644194fc96a853df44c37f9e4522796aa40add8] work on lemma from product to factors, and some renaming
git bisect skip 0644194fc96a853df44c37f9e4522796aa40add8
# bad: [0321312c8db1d3f0edbd23e6e48884fbb7d77d1d] Changed to get_const_interp to match Java and C# bindings
git bisect bad 0321312c8db1d3f0edbd23e6e48884fbb7d77d1d
# bad: [6e637348826f0725ba8a01c455448023ca2889e4] Merge pull request #2368 from waywardmonkeys/fix-typo
git bisect bad 6e637348826f0725ba8a01c455448023ca2889e4
# bad: [9b4f327e29de8eadd112e53af5a8fb9f430fabf7] set upload mode to replace
git bisect bad 9b4f327e29de8eadd112e53af5a8fb9f430fabf7
# bad: [451e70afee4b2208c09d2f4d30aca7f7a59395c8] Update azure-pipeline.vs.yaml for Azure Pipelines
git bisect bad 451e70afee4b2208c09d2f4d30aca7f7a59395c8
# bad: [dd4088dd252b82eb18379e7d95ecb88e4ea58fba] update path
git bisect bad dd4088dd252b82eb18379e7d95ecb88e4ea58fba
# bad: [1155a29c6e2b42b975bf6ea64de1703464829c2a] spelling
git bisect bad 1155a29c6e2b42b975bf6ea64de1703464829c2a
# bad: [3c3e5d7f7dc9f70cd9fed455e9462c48f581bf1b] Merge pull request #2313 from waywardmonkeys/fix-cppapi-comment-typo
git bisect bad 3c3e5d7f7dc9f70cd9fed455e9462c48f581bf1b
# bad: [17a0d75436c368853e0a75b42247498ad7398a7d] Fix C++ API comment typo.
git bisect bad 17a0d75436c368853e0a75b42247498ad7398a7d
# bad: [01f64898922564a550574d936c517675da150fba] fix #2310
git bisect bad 01f64898922564a550574d936c517675da150fba
# bad: [dd452e0ac1aa75863ba9d29fbfd12bd7606affc6] eq
git bisect bad dd452e0ac1aa75863ba9d29fbfd12bd7606affc6
# first bad commit: [dd452e0ac1aa75863ba9d29fbfd12bd7606affc6] eq
