running python3 /home/yizhou7/mariposa/scripts/z3-bisect.py /home/yizhou7/mariposa/data/bisect_tasks/fs_dice_z3_clean--queries-L0.Impl.Certificate-14.txt
building z3
Bisecting: 1453 revisions left to test after this (roughly 11 steps)
[1915812f84cf41a5f232eedf2a695a54d055aa88] add a test for intervals
running python3 /home/yizhou7/mariposa/scripts/z3-bisect.py /home/yizhou7/mariposa/data/bisect_tasks/fs_dice_z3_clean--queries-L0.Impl.Certificate-14.txt
building z3
Bisecting: 1453 revisions left to test after this (roughly 11 steps)
[8faf35e2e0c8fce99794e71bd3b5de74b95ceb5a] fix #3735
running python3 /home/yizhou7/mariposa/scripts/z3-bisect.py /home/yizhou7/mariposa/data/bisect_tasks/fs_dice_z3_clean--queries-L0.Impl.Certificate-14.txt
building z3
done building z3 3.2
running mariposa
res: 1 
 out: [[[    2     3     3     3     3     3     3     3     3     3     3
       3     3     3     3     3     3     3     3     3     3     3
       3     3     3     3     3     3     3     3     3     3     3
       3     3     3     3     3     3     3     3     3     3     3
       3     3     3     3     3     3     3     3     3     3     3
       3     3     3     3     2     3]
  [28686 60023 60022 60020 60023 60021 60021 60024 60023 60023 60020
   60022 60021 60021 60022 60023 60024 60021 60024 60021 60021 60023
   60024 60023 60020 60023 60022 60022 60023 60023 60024 60021 60021
   60022 60021 60023 60021 60023 60022 60023 60023 60021 60024 60022
   60023 60021 60022 60021 60020 60023 60021 60023 60020 60022 60022
   60020 60024 60022 60022 59216 60020]]

 [[    2     3     3     3     3     3     3     3     3     3     3
       2     3     3     3     3     3     3     3     3     3     3
       3     3     3     3     3     3     3     3     3     3     3
       2     2     3     3     3     3     3     3     3     3     3
       3     3     3     3     3     3     3     3     3     3     3
       3     3     3     2     3     3]
  [28686 60019 60017 60017 60023 60021 60023 60022 60021 60020 60021
   58844 60024 60023 60023 60023 60022 60021 60025 60021 60022 60024
   60022 60022 60021 60027 60023 60022 60021 60022 60019 60019 60025
   58155 57318 60020 60021 60022 60022 60025 60023 60021 60023 60022
   60021 60022 60024 60022 60022 60020 60022 60021 60021 60027 60024
   60023 60022 60022 59181 60021 60026]]

 [[    2     3     3     3     3     3     3     3     2     3     3
       3     3     3     3     3     3     3     3     3     3     3
       3     2     3     3     3     3     3     3     3     3     3
       3     3     3     2     3     3     3     3     3     3     3
       3     3     3     3     3     3     3     3     3     3     3
       3     3     3     2     2     3]
  [28686 60019 60018 60018 60019 60016 60015 60015 58304 60017 60018
   60015 60016 60015 60013 60023 60017 60018 60014 60014 60014 60014
   60021 59838 60015 60016 60016 60015 60015 60020 60018 60017 60016
   60016 60014 60014 53797 60020 60019 60020 60017 60015 60016 60021
   60017 60018 60017 60015 60016 60015 60022 60015 60018 60019 60016
   60016 60015 60021 56539 59255 60017]]]
unstable
 
 err: 
done running mariposa 1624.1
Bisecting: 1254 revisions left to test after this (roughly 10 steps)
[d1a5635b4ad7f8632356b380f3a9b1fc83fdb04f] better model based lemmaas
running python3 /home/yizhou7/mariposa/scripts/z3-bisect.py /home/yizhou7/mariposa/data/bisect_tasks/fs_dice_z3_clean--queries-L0.Impl.Certificate-14.txt
building z3
Bisecting: 1254 revisions left to test after this (roughly 10 steps)
[0a86bd14f792ef5fadb8eeb346729a612f7e1588] start on test nla
running python3 /home/yizhou7/mariposa/scripts/z3-bisect.py /home/yizhou7/mariposa/data/bisect_tasks/fs_dice_z3_clean--queries-L0.Impl.Certificate-14.txt
building z3
Bisecting: 1254 revisions left to test after this (roughly 10 steps)
[f7747d9e76bd685a02ce5c5fbda91fc356856b5e] fix parameter collection for tactic-based solvers reported in #3065
running python3 /home/yizhou7/mariposa/scripts/z3-bisect.py /home/yizhou7/mariposa/data/bisect_tasks/fs_dice_z3_clean--queries-L0.Impl.Certificate-14.txt
building z3
done building z3 3.2
running mariposa
res: 1 
 out: [[[    2     3     3     3     3     3     3     3     3     3     3
       3     3     3     3     3     3     3     3     3     3     3
       3     3     3     3     3     3     3     3     3     3     3
       3     3     3     3     3     3     3     3     3     3     3
       3     3     3     3     3     3     3     3     3     3     3
       3     3     3     3     3     3]
  [27721 60024 60023 60021 60020 60020 60018 60025 60025 60023 60022
   60019 60018 60018 60024 60023 60024 60019 60019 60021 60019 60024
   60023 60024 60021 60021 60018 60018 60024 60025 60023 60020 60020
   60020 60019 60025 60024 60022 60019 60020 60021 60018 60025 60023
   60021 60020 60020 60018 60018 60025 60024 60020 60019 60019 60018
   60017 60024 60022 60019 60019 60017]]

 [[    2     3     3     3     3     3     3     3     3     3     3
       3     3     3     3     3     3     3     3     3     3     3
       3     3     3     3     3     3     3     3     3     3     3
       3     3     3     3     3     3     3     3     3     3     3
       3     3     3     3     3     3     3     3     3     3     3
       3     3     3     3     3     3]
  [27721 60021 60022 60020 60023 60025 60023 60023 60020 60018 60018
   60023 60023 60022 60023 60021 60021 60019 60024 60024 60024 60023
   60021 60020 60020 60025 60024 60024 60021 60020 60021 60021 60025
   60025 60023 60022 60022 60021 60019 60024 60024 60024 60022 60020
   60020 60019 60027 60024 60023 60021 60021 60018 60019 60026 60025
   60025 60021 60020 60020 60019 60028]]

 [[    2     3     3     3     3     3     3     3     3     3     3
       3     3     3     3     3     3     3     3     3     3     3
       3     3     2     3     3     3     3     3     3     3     3
       3     3     3     2     3     3     3     3     3     3     2
       2     3     3     3     3     3     3     3     3     3     3
       3     3     3     3     3     3]
  [27721 60019 60020 60019 60016 60016 60016 60015 60017 60017 60017
   60017 60014 60013 60015 60019 60019 60017 60016 60016 60016 60015
   60018 60016 59768 60016 60016 60015 60014 60019 60018 60017 60016
   60016 60015 60014 57771 60018 60018 60016 60016 60015 60014 51120
   54194 60022 60019 60017 60016 60017 60021 60021 60023 60020 60018
   60019 60018 60021 60023 60022 60020]]]
unstable
 
 err: 
done running mariposa 1625.8
Bisecting: 1034 revisions left to test after this (roughly 10 steps)
[0644194fc96a853df44c37f9e4522796aa40add8] work on lemma from product to factors, and some renaming
running python3 /home/yizhou7/mariposa/scripts/z3-bisect.py /home/yizhou7/mariposa/data/bisect_tasks/fs_dice_z3_clean--queries-L0.Impl.Certificate-14.txt
building z3
Bisecting: 1034 revisions left to test after this (roughly 10 steps)
[0321312c8db1d3f0edbd23e6e48884fbb7d77d1d] Changed to get_const_interp to match Java and C# bindings
running python3 /home/yizhou7/mariposa/scripts/z3-bisect.py /home/yizhou7/mariposa/data/bisect_tasks/fs_dice_z3_clean--queries-L0.Impl.Certificate-14.txt
building z3
done building z3 3.1
running mariposa
res: 1 
 out: [[[    2     3     3     3     3     3     3     3     3     3     3
       3     3     3     3     3     3     3     3     3     3     3
       3     3     3     3     3     3     3     3     3     3     3
       3     3     3     3     3     3     3     3     3     3     3
       3     3     3     3     3     3     3     3     3     3     3
       3     3     2     2     2     2]
  [26865 60025 60027 60026 60023 60024 60024 60027 60027 60027 60028
   60023 60024 60023 60027 60025 60027 60027 60024 60026 60023 60025
   60026 60026 60026 60024 60025 60024 60026 60026 60027 60026 60024
   60025 60025 60026 60025 60027 60026 60024 60026 60025 60028 60026
   60025 60027 60024 60026 60025 60026 60027 60026 60026 60024 60026
   60024 60026 59271 56121 48702 46174]]

 [[    2     3     3     3     3     3     3     3     3     3     3
       3     3     3     3     3     3     3     3     3     3     3
       3     3     3     3     3     3     3     3     3     3     3
       3     3     3     3     3     3     3     3     3     3     3
       3     3     3     3     3     3     3     3     3     3     3
       3     3     3     3     3     3]
  [26865 60025 60024 60021 60029 60027 60024 60025 60023 60025 60023
   60028 60026 60026 60028 60026 60025 60023 60027 60029 60026 60029
   60027 60026 60024 60028 60027 60030 60030 60027 60027 60024 60028
   60027 60032 60028 60026 60024 60026 60030 60028 60030 60031 60028
   60026 60025 60030 60027 60030 60030 60027 60023 60026 60029 60026
   60029 60031 60029 60026 60024 60030]]

 [[    2     2     2     2     2     3     3     3     3     2     2
       3     3     3     3     2     2     3     3     3     3     3
       2     2     2     2     3     3     3     3     2     3     3
       2     3     3     2     3     3     3     3     2     3     2
       2     2     3     3     3     3     3     2     3     3     3
       3     3     2     3     2     2]
  [26865 45743 50250 58966 59278 60018 60020 60015 60022 58927 51119
   60019 60019 60019 60017 48503 52980 60022 60019 60020 60019 60019
   53518 57963 53541 58178 60022 60021 60019 60022 56834 60020 60023
   58993 60019 60020 57503 60021 60021 60023 60021 60027 60020 57040
   58868 60023 60022 60021 60021 60018 60026 57290 60020 60023 60023
   60020 60021 45309 60024 59859 54288]]]
unstable
 
 err: 
done running mariposa 1613.4
Bisecting: 261 revisions left to test after this (roughly 8 steps)
[6e637348826f0725ba8a01c455448023ca2889e4] Merge pull request #2368 from waywardmonkeys/fix-typo
running python3 /home/yizhou7/mariposa/scripts/z3-bisect.py /home/yizhou7/mariposa/data/bisect_tasks/fs_dice_z3_clean--queries-L0.Impl.Certificate-14.txt
building z3
done building z3 3.1
running mariposa
res: 1 
 out: [[[    2     3     3     3     3     3     3     3     3     3     3
       3     3     3     3     3     3     3     3     3     3     3
       3     3     3     3     3     3     3     3     3     3     3
       3     3     3     3     3     3     3     3     3     3     3
       3     3     3     3     3     3     3     3     3     3     3
       3     2     2     2     2     2]
  [23774 60027 60026 60025 60028 60026 60027 60026 60026 60026 60025
   60028 60025 60028 60027 60027 60028 60025 60026 60028 60028 60028
   60028 60027 60025 60027 60026 60027 60027 60030 60026 60025 60028
   60027 60028 60026 60028 60028 60026 60028 60026 60027 60027 60026
   60025 60025 60027 60025 60027 60025 60026 60027 60024 60027 60026
   60027 58023 55983 52337 53142 47747]]

 [[    2     3     3     3     3     3     3     3     3     3     3
       3     3     3     3     3     3     3     3     3     3     3
       3     3     3     3     3     3     3     3     3     3     3
       3     3     3     3     3     3     3     3     3     3     3
       3     3     3     3     3     3     3     3     3     3     3
       3     3     3     3     3     3]
  [23774 60028 60025 60026 60028 60027 60026 60023 60028 60028 60028
   60028 60029 60027 60024 60026 60029 60026 60029 60028 60027 60027
   60029 60026 60028 60030 60029 60028 60025 60029 60029 60030 60029
   60027 60027 60027 60027 60027 60030 60028 60030 60028 60025 60028
   60027 60031 60030 60031 60028 60029 60030 60028 60031 60029 60029
   60029 60028 60030 60029 60029 60029]]

 [[    2     2     2     2     2     2     3     3     2     2     3
       3     3     3     3     3     3     3     3     3     3     3
       3     2     2     3     2     3     3     3     2     3     3
       3     3     3     3     3     3     2     2     3     3     2
       3     2     3     3     2     3     3     3     3     3     3
       2     3     3     2     3     3]
  [23774 48132 50677 51576 54427 58116 60018 60016 50996 47642 60021
   60023 60023 60022 60021 60023 60024 60022 60021 60023 60023 60022
   60024 45363 49845 60024 48320 60024 60022 60023 60023 60020 60025
   60023 60022 60024 60023 60022 60019 58594 59761 60025 60023 44093
   60024 52141 60020 60025 58796 60024 60024 60023 60022 60020 60026
   56828 60025 60025 51527 60024 60022]]]
unstable
 
 err: 
done running mariposa 1600.2
Bisecting: 130 revisions left to test after this (roughly 7 steps)
[9b4f327e29de8eadd112e53af5a8fb9f430fabf7] set upload mode to replace
running python3 /home/yizhou7/mariposa/scripts/z3-bisect.py /home/yizhou7/mariposa/data/bisect_tasks/fs_dice_z3_clean--queries-L0.Impl.Certificate-14.txt
building z3
done building z3 3.1
running mariposa
res: 1 
 out: [[[    2     3     3     3     3     3     3     3     3     3     3
       3     3     3     3     3     3     3     3     3     3     3
       3     3     3     3     3     3     3     3     3     3     3
       3     3     3     3     3     3     3     3     3     3     3
       3     3     3     3     3     3     3     3     3     3     3
       3     2     2     2     2     2]
  [24589 60032 60030 60030 60029 60026 60024 60032 60030 60030 60027
   60025 60025 60024 60032 60030 60028 60028 60025 60024 60022 60032
   60028 60028 60029 60027 60025 60025 60034 60032 60029 60027 60027
   60024 60024 60032 60030 60029 60027 60026 60025 60024 60031 60032
   60028 60029 60026 60026 60023 60032 60030 60030 60028 60026 60025
   60022 55757 56283 56325 56821 56896]]

 [[    2     3     3     3     3     3     3     3     3     3     3
       3     3     3     3     3     3     3     3     3     3     3
       3     3     3     3     3     3     3     3     3     3     3
       3     3     3     3     3     3     3     3     3     3     3
       3     3     3     3     3     3     3     3     3     3     3
       3     3     3     3     3     3]
  [24589 60027 60025 60022 60031 60032 60029 60026 60026 60023 60024
   60029 60027 60027 60025 60025 60023 60021 60030 60029 60028 60028
   60024 60024 60021 60030 60029 60030 60026 60024 60023 60021 60028
   60028 60027 60024 60025 60023 60022 60031 60027 60027 60025 60024
   60023 60022 60033 60029 60027 60026 60026 60024 60024 60033 60035
   60030 60026 60024 60024 60024 60026]]

 [[    2     3     3     3     3     3     3     3     3     3     3
       3     3     3     3     3     3     3     3     3     3     3
       3     3     3     3     3     3     3     3     3     3     3
       3     3     3     3     3     3     3     3     3     3     3
       3     3     3     3     3     3     3     3     3     3     3
       3     3     3     3     3     3]
  [24589 60034 60035 60025 60026 60025 60030 60023 60034 60029 60027
   60029 60030 60027 60025 60029 60025 60026 60025 60025 60021 60021
   60028 60026 60026 60026 60024 60024 60023 60029 60028 60027 60024
   60024 60023 60023 60028 60026 60026 60024 60023 60023 60022 60026
   60026 60025 60024 60024 60023 60022 60028 60028 60028 60026 60025
   60023 60022 60029 60030 60029 60028]]]
unstable
 
 err: 
done running mariposa 1618.9
Bisecting: 65 revisions left to test after this (roughly 6 steps)
[451e70afee4b2208c09d2f4d30aca7f7a59395c8] Update azure-pipeline.vs.yaml for Azure Pipelines
running python3 /home/yizhou7/mariposa/scripts/z3-bisect.py /home/yizhou7/mariposa/data/bisect_tasks/fs_dice_z3_clean--queries-L0.Impl.Certificate-14.txt
building z3
done building z3 96.5
running mariposa
res: 1 
 out: [[[    2     3     3     3     3     3     3     3     3     3     3
       3     3     3     3     3     3     3     3     3     3     3
       3     3     3     3     3     3     3     3     3     3     3
       3     3     3     3     3     3     3     3     3     3     3
       3     3     3     3     3     3     3     3     3     3     3
       3     2     2     2     2     2]
  [24389 60030 60027 60026 60025 60023 60022 60030 60028 60027 60025
   60024 60023 60023 60030 60030 60027 60026 60025 60023 60023 60030
   60029 60027 60026 60025 60023 60022 60030 60029 60027 60026 60024
   60024 60023 60031 60028 60028 60026 60024 60023 60022 60030 60030
   60028 60027 60024 60025 60022 60029 60029 60030 60028 60025 60025
   60023 54749 55692 55182 56220 56433]]

 [[    2     3     3     3     3     3     3     3     3     3     3
       3     3     3     3     3     3     3     3     3     3     3
       3     3     3     3     3     3     3     3     3     3     3
       3     3     3     3     3     3     3     3     3     3     3
       3     3     3     3     3     3     3     3     3     3     3
       3     3     3     3     3     3]
  [24389 60026 60023 60024 60032 60034 60030 60028 60024 60026 60023
   60032 60033 60028 60027 60027 60025 60024 60031 60033 60029 60027
   60026 60025 60023 60033 60031 60030 60029 60028 60024 60024 60033
   60029 60029 60027 60024 60024 60023 60032 60031 60028 60028 60026
   60025 60023 60043 60041 60035 60032 60030 60028 60024 60036 60044
   60040 60036 60034 60034 60026 60024]]

 [[    2     3     3     3     3     3     3     3     3     3     3
       3     3     3     3     3     3     3     3     3     3     3
       3     3     3     3     3     3     3     3     3     3     3
       3     3     3     3     3     3     3     3     3     3     3
       3     3     3     3     3     3     3     3     3     3     3
       3     3     3     3     3     3]
  [24389 60030 60027 60026 60026 60025 60026 60026 60027 60028 60027
   60024 60024 60022 60021 60029 60028 60025 60024 60024 60022 60021
   60029 60027 60027 60026 60023 60023 60022 60029 60027 60026 60025
   60024 60024 60024 60028 60027 60025 60024 60023 60022 60021 60029
   60026 60028 60025 60023 60022 60021 60029 60029 60027 60026 60024
   60021 60022 60030 60029 60030 60027]]]
unstable
 
 err: 
done running mariposa 1617.6
Bisecting: 31 revisions left to test after this (roughly 5 steps)
[dd4088dd252b82eb18379e7d95ecb88e4ea58fba] update path
running python3 /home/yizhou7/mariposa/scripts/z3-bisect.py /home/yizhou7/mariposa/data/bisect_tasks/fs_dice_z3_clean--queries-L0.Impl.Certificate-14.txt
building z3
done building z3 95.7
running mariposa
res: 1 
 out: [[[    2     3     3     3     3     3     3     3     3     3     3
       3     3     3     3     3     3     3     3     3     3     3
       3     3     3     3     3     3     3     3     3     3     3
       3     3     3     3     3     3     3     3     3     3     3
       3     3     3     3     3     3     3     3     3     3     3
       3     2     2     2     2     2]
  [24975 60032 60035 60032 60032 60027 60026 60036 60035 60030 60029
   60029 60028 60027 60034 60031 60033 60032 60030 60029 60026 60035
   60034 60030 60031 60028 60027 60026 60032 60033 60031 60031 60029
   60027 60026 60032 60033 60033 60031 60028 60029 60026 60034 60031
   60032 60033 60028 60027 60027 60039 60032 60035 60031 60028 60027
   60026 55861 55990 56030 56061 56331]]

 [[    2     3     3     3     3     3     3     3     3     3     3
       3     3     3     3     3     3     3     3     3     3     3
       3     3     3     3     3     3     3     3     3     3     3
       3     3     3     3     3     3     3     3     3     3     3
       3     3     3     3     3     3     3     3     3     3     3
       3     3     3     3     3     3]
  [24975 60028 60024 60025 60036 60035 60033 60030 60028 60025 60023
   60036 60032 60032 60029 60029 60026 60024 60033 60031 60033 60029
   60029 60026 60025 60037 60033 60031 60032 60026 60025 60025 60035
   60035 60031 60031 60027 60027 60026 60035 60033 60034 60031 60028
   60025 60026 60038 60035 60035 60031 60030 60027 60025 60036 60035
   60037 60033 60027 60027 60027 60031]]

 [[    2     3     3     3     3     3     3     3     3     3     3
       3     3     3     3     3     3     3     3     3     3     3
       3     3     3     3     3     3     3     3     3     3     3
       3     3     3     3     3     3     3     3     3     3     3
       3     3     3     3     3     3     3     3     3     3     3
       3     3     3     3     3     3]
  [24975 60031 60028 60028 60029 60026 60026 60026 60033 60030 60028
   60028 60026 60023 60023 60033 60030 60030 60026 60025 60024 60024
   60032 60032 60029 60027 60025 60024 60023 60032 60032 60028 60025
   60025 60024 60023 60033 60029 60030 60026 60024 60025 60024 60030
   60032 60030 60029 60026 60025 60025 60031 60031 60030 60027 60026
   60025 60023 60033 60032 60033 60029]]]
unstable
 
 err: 
done running mariposa 1618.8
Bisecting: 16 revisions left to test after this (roughly 4 steps)
[1155a29c6e2b42b975bf6ea64de1703464829c2a] spelling
running python3 /home/yizhou7/mariposa/scripts/z3-bisect.py /home/yizhou7/mariposa/data/bisect_tasks/fs_dice_z3_clean--queries-L0.Impl.Certificate-14.txt
building z3
done building z3 3.1
running mariposa
res: 1 
 out: [[[    2     3     3     3     3     3     3     3     3     3     3
       3     3     3     3     3     3     3     3     3     3     3
       3     3     3     3     3     3     3     3     3     3     3
       3     3     3     3     3     3     3     3     3     3     3
       3     3     3     3     3     3     3     3     3     3     3
       3     2     2     2     2     2]
  [25063 60033 60034 60035 60033 60032 60030 60035 60036 60034 60032
   60031 60029 60028 60033 60036 60033 60032 60031 60030 60028 60034
   60036 60034 60032 60032 60031 60026 60033 60034 60035 60032 60032
   60028 60028 60037 60032 60036 60034 60030 60029 60027 60037 60032
   60032 60031 60031 60028 60028 60036 60037 60033 60030 60031 60030
   60027 56085 56261 56668 56302 56568]]

 [[    2     3     3     3     3     3     3     3     3     3     3
       3     3     3     3     3     3     3     3     3     3     3
       3     3     3     3     3     3     3     3     3     3     3
       3     3     3     3     3     3     3     3     3     3     3
       3     3     3     3     3     3     3     3     3     3     3
       3     3     3     3     3     3]
  [25063 60034 60025 60028 60036 60031 60040 60033 60028 60029 60027
   60036 60037 60037 60033 60030 60028 60025 60038 60033 60035 60033
   60030 60029 60027 60038 60035 60035 60032 60030 60026 60026 60038
   60037 60034 60032 60030 60028 60026 60035 60036 60036 60030 60028
   60028 60026 60039 60037 60033 60033 60031 60027 60027 60039 60040
   60037 60033 60031 60026 60026 60029]]

 [[    2     3     3     3     3     3     3     3     3     3     3
       3     3     3     3     3     3     3     3     3     3     3
       3     3     3     3     3     3     3     3     3     3     3
       3     3     3     3     3     3     3     3     3     3     3
       3     3     3     3     3     3     3     3     3     3     3
       3     3     3     3     3     3]
  [25063 60034 60035 60035 60028 60027 60030 60030 60038 60034 60032
   60029 60030 60023 60027 60036 60035 60029 60033 60029 60026 60027
   60036 60035 60031 60032 60030 60028 60026 60037 60031 60034 60033
   60029 60029 60026 60035 60031 60033 60031 60031 60027 60026 60034
   60034 60034 60033 60029 60030 60026 60037 60035 60031 60032 60032
   60029 60025 60037 60032 60035 60033]]]
unstable
 
 err: 
done running mariposa 1619.0
Bisecting: 8 revisions left to test after this (roughly 3 steps)
[3c3e5d7f7dc9f70cd9fed455e9462c48f581bf1b] Merge pull request #2313 from waywardmonkeys/fix-cppapi-comment-typo
running python3 /home/yizhou7/mariposa/scripts/z3-bisect.py /home/yizhou7/mariposa/data/bisect_tasks/fs_dice_z3_clean--queries-L0.Impl.Certificate-14.txt
building z3
done building z3 79.8
running mariposa
res: 1 
 out: [[[    2     3     3     3     3     3     3     3     3     3     3
       3     3     3     3     3     3     3     3     3     3     3
       3     3     3     3     3     3     3     3     3     3     3
       3     3     3     3     3     3     3     3     3     3     3
       3     3     3     3     3     3     3     3     3     3     3
       3     2     2     2     2     2]
  [24716 60036 60034 60033 60033 60030 60028 60037 60031 60035 60032
   60030 60028 60027 60037 60036 60031 60032 60031 60028 60027 60033
   60034 60034 60032 60029 60028 60029 60036 60032 60036 60034 60031
   60028 60025 60033 60034 60034 60032 60031 60029 60027 60033 60035
   60033 60031 60030 60028 60027 60035 60035 60029 60032 60030 60028
   60027 55316 55883 56394 56645 56731]]

 [[    2     3     3     3     3     3     3     3     3     3     3
       3     3     3     3     3     3     3     3     3     3     3
       3     3     3     3     3     3     3     3     3     3     3
       3     3     3     3     3     3     3     3     3     3     3
       3     3     3     3     3     3     3     3     3     3     3
       3     3     3     3     3     3]
  [24716 60036 60029 60027 60039 60035 60040 60031 60029 60028 60026
   60035 60037 60035 60034 60031 60030 60028 60035 60034 60033 60034
   60029 60031 60026 60037 60033 60036 60033 60033 60029 60025 60037
   60034 60035 60034 60032 60027 60027 60034 60035 60035 60033 60028
   60027 60027 60036 60035 60037 60031 60031 60028 60026 60039 60038
   60036 60036 60030 60026 60025 60028]]

 [[    2     3     3     3     3     3     3     3     3     3     3
       3     3     3     3     3     3     3     3     3     3     3
       3     3     3     3     3     3     3     3     3     3     3
       3     3     3     3     3     3     3     3     3     3     3
       3     3     3     3     3     3     3     3     3     3     3
       3     3     3     3     3     3]
  [24716 60038 60037 60034 60029 60031 60032 60031 60035 60033 60035
   60027 60032 60027 60026 60032 60035 60032 60032 60028 60028 60027
   60035 60031 60033 60032 60032 60030 60028 60037 60036 60033 60032
   60029 60028 60027 60036 60031 60033 60033 60030 60029 60027 60033
   60034 60032 60032 60031 60028 60027 60037 60036 60034 60032 60031
   60029 60024 60034 60036 60035 60033]]]
unstable
 
 err: 
done running mariposa 1618.9
Bisecting: 2 revisions left to test after this (roughly 2 steps)
[17a0d75436c368853e0a75b42247498ad7398a7d] Fix C++ API comment typo.
running python3 /home/yizhou7/mariposa/scripts/z3-bisect.py /home/yizhou7/mariposa/data/bisect_tasks/fs_dice_z3_clean--queries-L0.Impl.Certificate-14.txt
building z3
done building z3 4.5
running mariposa
res: 1 
 out: [[[    2     3     3     3     3     3     3     3     3     3     3
       3     3     3     3     3     3     3     3     3     3     3
       3     3     3     3     3     3     3     3     3     3     3
       3     3     3     3     3     3     3     3     3     3     3
       3     3     3     3     3     3     3     3     3     3     3
       3     2     2     2     2     2]
  [24822 60037 60037 60032 60035 60030 60029 60034 60035 60034 60035
   60033 60032 60030 60037 60033 60030 60032 60031 60033 60030 60034
   60034 60035 60033 60030 60029 60029 60033 60033 60033 60032 60029
   60029 60029 60033 60035 60033 60033 60030 60028 60028 60036 60032
   60032 60033 60030 60028 60027 60033 60033 60033 60031 60030 60028
   60027 56040 56184 56363 55962 56596]]

 [[    2     3     3     3     3     3     3     3     3     3     3
       3     3     3     3     3     3     3     3     3     3     3
       3     3     3     3     3     3     3     3     3     3     3
       3     3     3     3     3     3     3     3     3     3     3
       3     3     3     3     3     3     3     3     3     3     3
       3     3     3     3     3     3]
  [24822 60031 60027 60029 60035 60036 60032 60033 60032 60027 60027
   60036 60034 60037 60030 60030 60028 60027 60037 60036 60033 60032
   60030 60029 60027 60038 60033 60033 60032 60031 60026 60027 60037
   60036 60034 60032 60030 60029 60026 60036 60034 60033 60033 60030
   60030 60027 60036 60034 60035 60034 60032 60024 60025 60038 60039
   60035 60030 60029 60025 60026 60037]]

 [[    2     3     3     3     3     3     3     3     3     3     3
       3     3     3     3     3     3     3     3     3     3     3
       3     3     3     3     3     3     3     3     3     3     3
       3     3     3     3     3     3     3     3     3     3     3
       3     3     3     3     3     3     3     3     3     3     3
       3     3     3     3     3     3]
  [24822 60035 60035 60030 60032 60034 60028 60027 60038 60032 60035
   60033 60027 60028 60031 60033 60034 60034 60032 60030 60030 60027
   60032 60036 60033 60030 60032 60031 60028 60032 60037 60033 60034
   60030 60029 60029 60033 60035 60031 60030 60029 60026 60028 60032
   60038 60032 60030 60030 60027 60029 60035 60034 60034 60032 60030
   60028 60025 60033 60035 60037 60034]]]
unstable
 
 err: 
done running mariposa 1619.7
Bisecting: 1 revision left to test after this (roughly 1 step)
[01f64898922564a550574d936c517675da150fba] fix #2310
running python3 /home/yizhou7/mariposa/scripts/z3-bisect.py /home/yizhou7/mariposa/data/bisect_tasks/fs_dice_z3_clean--queries-L0.Impl.Certificate-14.txt
building z3
done building z3 6.0
running mariposa
res: 1 
 out: [[[    2     3     3     3     3     3     3     3     3     3     3
       3     3     3     3     3     3     3     3     3     3     3
       3     3     3     3     3     3     3     3     3     3     3
       3     3     3     3     3     3     3     3     3     3     3
       3     3     3     3     3     3     3     3     3     3     3
       3     2     2     2     2     2]
  [24258 60033 60035 60035 60032 60031 60028 60036 60031 60034 60033
   60032 60028 60028 60037 60033 60030 60032 60031 60030 60030 60037
   60033 60031 60033 60032 60029 60027 60038 60034 60032 60032 60031
   60028 60028 60035 60035 60033 60033 60030 60028 60027 60035 60034
   60032 60032 60031 60028 60029 60034 60034 60034 60031 60030 60028
   60028 55922 56259 55862 56318 56888]]

 [[    2     3     3     3     3     3     3     3     3     3     3
       3     3     3     3     3     3     3     3     3     3     3
       3     3     3     3     3     3     3     3     3     3     3
       3     3     3     3     3     3     3     3     3     3     3
       3     3     3     3     3     3     3     3     3     3     3
       3     3     3     3     3     3]
  [24258 60032 60028 60027 60035 60035 60037 60034 60030 60029 60026
   60039 60033 60033 60032 60030 60029 60027 60040 60035 60034 60034
   60029 60029 60026 60035 60037 60032 60034 60031 60029 60027 60040
   60034 60034 60032 60030 60029 60027 60036 60038 60035 60029 60032
   60027 60028 60034 60036 60034 60030 60034 60028 60026 60036 60039
   60038 60032 60029 60028 60025 60031]]

 [[    2     3     3     3     3     3     3     3     3     3     3
       3     3     3     3     3     3     3     3     3     3     3
       3     3     3     3     3     3     3     3     3     3     3
       3     3     3     3     3     3     3     3     3     3     3
       3     3     3     3     3     3     3     3     3     3     3
       3     3     3     3     3     3]
  [24258 60038 60035 60037 60037 60029 60027 60027 60035 60031 60032
   60032 60031 60028 60026 60035 60030 60031 60032 60029 60027 60027
   60036 60033 60032 60030 60030 60028 60028 60037 60033 60033 60032
   60032 60028 60027 60033 60035 60029 60032 60029 60028 60029 60035
   60035 60031 60032 60029 60028 60027 60037 60037 60032 60031 60031
   60028 60025 60036 60038 60033 60033]]]
unstable
 
 err: 
done running mariposa 1618.3
Bisecting: 0 revisions left to test after this (roughly 0 steps)
[dd452e0ac1aa75863ba9d29fbfd12bd7606affc6] eq
running python3 /home/yizhou7/mariposa/scripts/z3-bisect.py /home/yizhou7/mariposa/data/bisect_tasks/fs_dice_z3_clean--queries-L0.Impl.Certificate-14.txt
building z3
done building z3 4.1
running mariposa
res: 1 
 out: [[[    2     3     3     3     3     3     3     3     3     3     3
       3     3     3     3     3     3     3     3     3     3     3
       3     3     3     3     3     3     3     3     3     3     3
       3     3     3     3     3     3     3     3     3     3     3
       3     3     3     3     3     3     3     3     3     3     3
       3     2     2     2     2     2]
  [24974 60038 60035 60031 60033 60031 60029 60037 60036 60030 60033
   60030 60028 60027 60036 60037 60035 60034 60028 60029 60027 60034
   60036 60033 60031 60030 60028 60028 60034 60037 60034 60033 60030
   60028 60028 60039 60033 60033 60033 60029 60027 60028 60033 60035
   60036 60031 60032 60027 60027 60038 60033 60036 60031 60029 60028
   60027 55364 55612 55582 55575 55813]]

 [[    2     3     3     3     3     3     3     3     3     3     3
       3     3     3     3     3     3     3     3     3     3     3
       3     3     3     3     3     3     3     3     3     3     3
       3     3     3     3     3     3     3     3     3     3     3
       3     3     3     3     3     3     3     3     3     3     3
       3     3     3     3     3     3]
  [24974 60033 60030 60027 60037 60041 60036 60031 60029 60027 60025
   60038 60036 60037 60031 60028 60029 60027 60036 60035 60035 60032
   60031 60030 60027 60037 60038 60033 60034 60030 60028 60026 60038
   60034 60035 60033 60032 60029 60027 60036 60034 60032 60035 60029
   60028 60027 60039 60037 60031 60034 60031 60027 60025 60039 60038
   60036 60038 60030 60026 60026 60028]]

 [[    2     3     3     3     3     3     3     3     3     3     3
       3     3     3     3     3     3     3     3     3     3     3
       3     3     3     3     3     3     3     3     3     3     3
       3     3     3     3     3     3     3     3     3     3     3
       3     3     3     3     3     3     3     3     3     3     3
       3     3     3     3     3     3]
  [24974 60037 60037 60037 60031 60032 60031 60028 60037 60035 60034
   60032 60032 60027 60029 60035 60031 60035 60031 60029 60026 60027
   60037 60037 60036 60033 60028 60027 60026 60034 60035 60036 60033
   60030 60028 60028 60036 60035 60034 60033 60027 60028 60028 60033
   60036 60032 60034 60031 60028 60027 60037 60036 60034 60034 60031
   60029 60025 60038 60034 60035 60031]]]
unstable
 
 err: 
done running mariposa 1618.3
dd452e0ac1aa75863ba9d29fbfd12bd7606affc6 is the first bad commit
commit dd452e0ac1aa75863ba9d29fbfd12bd7606affc6
Author: Nikolaj Bjorner <nbjorner@microsoft.com>
Date:   Wed May 29 20:36:12 2019 -0700

    eq
    
    Signed-off-by: Nikolaj Bjorner <nbjorner@microsoft.com>

 src/ast/ast.cpp              |   2 +-
 src/math/grobner/grobner.cpp | 113 +++++++++++++------------------------------
 src/model/model.cpp          |   2 +-
 3 files changed, 35 insertions(+), 82 deletions(-)
bisect run success
git bisect start
# good: [e79542cc689d52ec4cb34ce4ae3fbe56e7a0bf70] fix #2309
git bisect good e79542cc689d52ec4cb34ce4ae3fbe56e7a0bf70
# bad: [ad55a1f1c617a7f0c3dd735c0780fc758424c7f1] Update release.yml for Azure Pipelines
git bisect bad ad55a1f1c617a7f0c3dd735c0780fc758424c7f1
# skip: [e2702f3ae88f5c48a55f4473bb5c29184c182634] fixes in assigning constraints to intervals
git bisect skip e2702f3ae88f5c48a55f4473bb5c29184c182634
# skip: [1915812f84cf41a5f232eedf2a695a54d055aa88] add a test for intervals
git bisect skip 1915812f84cf41a5f232eedf2a695a54d055aa88
# bad: [8faf35e2e0c8fce99794e71bd3b5de74b95ceb5a] fix #3735
git bisect bad 8faf35e2e0c8fce99794e71bd3b5de74b95ceb5a
# skip: [d1a5635b4ad7f8632356b380f3a9b1fc83fdb04f] better model based lemmaas
git bisect skip d1a5635b4ad7f8632356b380f3a9b1fc83fdb04f
# skip: [0a86bd14f792ef5fadb8eeb346729a612f7e1588] start on test nla
git bisect skip 0a86bd14f792ef5fadb8eeb346729a612f7e1588
# bad: [f7747d9e76bd685a02ce5c5fbda91fc356856b5e] fix parameter collection for tactic-based solvers reported in #3065
git bisect bad f7747d9e76bd685a02ce5c5fbda91fc356856b5e
# skip: [0644194fc96a853df44c37f9e4522796aa40add8] work on lemma from product to factors, and some renaming
git bisect skip 0644194fc96a853df44c37f9e4522796aa40add8
# bad: [0321312c8db1d3f0edbd23e6e48884fbb7d77d1d] Changed to get_const_interp to match Java and C# bindings
git bisect bad 0321312c8db1d3f0edbd23e6e48884fbb7d77d1d
# bad: [6e637348826f0725ba8a01c455448023ca2889e4] Merge pull request #2368 from waywardmonkeys/fix-typo
git bisect bad 6e637348826f0725ba8a01c455448023ca2889e4
# bad: [9b4f327e29de8eadd112e53af5a8fb9f430fabf7] set upload mode to replace
git bisect bad 9b4f327e29de8eadd112e53af5a8fb9f430fabf7
# bad: [451e70afee4b2208c09d2f4d30aca7f7a59395c8] Update azure-pipeline.vs.yaml for Azure Pipelines
git bisect bad 451e70afee4b2208c09d2f4d30aca7f7a59395c8
# bad: [dd4088dd252b82eb18379e7d95ecb88e4ea58fba] update path
git bisect bad dd4088dd252b82eb18379e7d95ecb88e4ea58fba
# bad: [1155a29c6e2b42b975bf6ea64de1703464829c2a] spelling
git bisect bad 1155a29c6e2b42b975bf6ea64de1703464829c2a
# bad: [3c3e5d7f7dc9f70cd9fed455e9462c48f581bf1b] Merge pull request #2313 from waywardmonkeys/fix-cppapi-comment-typo
git bisect bad 3c3e5d7f7dc9f70cd9fed455e9462c48f581bf1b
# bad: [17a0d75436c368853e0a75b42247498ad7398a7d] Fix C++ API comment typo.
git bisect bad 17a0d75436c368853e0a75b42247498ad7398a7d
# bad: [01f64898922564a550574d936c517675da150fba] fix #2310
git bisect bad 01f64898922564a550574d936c517675da150fba
# bad: [dd452e0ac1aa75863ba9d29fbfd12bd7606affc6] eq
git bisect bad dd452e0ac1aa75863ba9d29fbfd12bd7606affc6
# first bad commit: [dd452e0ac1aa75863ba9d29fbfd12bd7606affc6] eq
