running python3 /home/yizhou7/mariposa/scripts/z3-bisect.py /home/yizhou7/mariposa/data/bisect_tasks/fs_vwasm_z3_clean--compiler-common-queries-Compiler.Common.Dataflow-41.txt
building z3
Bisecting: 1453 revisions left to test after this (roughly 11 steps)
[1915812f84cf41a5f232eedf2a695a54d055aa88] add a test for intervals
running python3 /home/yizhou7/mariposa/scripts/z3-bisect.py /home/yizhou7/mariposa/data/bisect_tasks/fs_vwasm_z3_clean--compiler-common-queries-Compiler.Common.Dataflow-41.txt
building z3
Bisecting: 1453 revisions left to test after this (roughly 11 steps)
[8faf35e2e0c8fce99794e71bd3b5de74b95ceb5a] fix #3735
running python3 /home/yizhou7/mariposa/scripts/z3-bisect.py /home/yizhou7/mariposa/data/bisect_tasks/fs_vwasm_z3_clean--compiler-common-queries-Compiler.Common.Dataflow-41.txt
building z3
done building z3 3.2
running mariposa
res: 1 
 out: [[[  2   2   2   2   2   2   2   2   2   2   2   2   2   2   2   2   2
     2   2   2   2   2   2   2   2   2   2   2   2   2   2   2   2   2
     2   2   2   2   2   2   2   2   2   2   2   2   2   2   2   2   2
     2   2   2   2   2   2   2   2   2   2]
  [ 46  49  48  49  49  49  48  47  48  48  49  49  51  48  48  48  49
    49  49  49  48  47  48  48  49  49  49  48  49  49  49  49  49  49
    48  49  48  48  49  49  50  49  48  48  49  51  49  49  48  50  50
    50  49  50  50  48  48  48  48  50  47]]

 [[  2   2   4   4   2   2   4   4   2   2   4   2   2   4   2   2   2
     4   2   2   2   2   4   4   4   2   4   2   4   4   2   2   2   2
     2   4   2   2   2   2   2   2   2   2   2   2   2   4   2   2   4
     2   4   4   4   2   2   2   4   2   2]
  [ 46  48  61  65  49  48  57  65  50  48  56  49  49  62  49  49  49
    61  50  50  50  51 116  65  65  50  60  51 118  58  50  49  50  49
    50  67  50  48  50  49  48  50  49  49  49  49 131  67  49  48  65
    50  57  65  68  51  50  48  68  50  48]]

 [[  2   2   2   2   2   2   2   2   2   2   2   2   2   2   2   2   2
     2   2   2   2   2   2   2   2   2   2   2   2   2   2   2   2   2
     2   2   2   2   2   2   2   2   2   2   2   2   2   2   2   2   2
     2   2   2   2   2   2   2   2   2   2]
  [ 46  50  50  50  50  50  50  50  49  49  50  48  49  50  48  49  50
    48  50  48  47  48  49  49  47  47  48  48  48  49  48  49  49  47
    48  48  49  50  50  50  49  52  51  49  49  49  50  48  49  48  48
    48  49  49  49  50  49  47  48  48  48]]]
unstable
 
 err: 
done running mariposa 3.8
Bisecting: 1254 revisions left to test after this (roughly 10 steps)
[d1a5635b4ad7f8632356b380f3a9b1fc83fdb04f] better model based lemmaas
running python3 /home/yizhou7/mariposa/scripts/z3-bisect.py /home/yizhou7/mariposa/data/bisect_tasks/fs_vwasm_z3_clean--compiler-common-queries-Compiler.Common.Dataflow-41.txt
building z3
Bisecting: 1254 revisions left to test after this (roughly 10 steps)
[0a86bd14f792ef5fadb8eeb346729a612f7e1588] start on test nla
running python3 /home/yizhou7/mariposa/scripts/z3-bisect.py /home/yizhou7/mariposa/data/bisect_tasks/fs_vwasm_z3_clean--compiler-common-queries-Compiler.Common.Dataflow-41.txt
building z3
Bisecting: 1254 revisions left to test after this (roughly 10 steps)
[f7747d9e76bd685a02ce5c5fbda91fc356856b5e] fix parameter collection for tactic-based solvers reported in #3065
running python3 /home/yizhou7/mariposa/scripts/z3-bisect.py /home/yizhou7/mariposa/data/bisect_tasks/fs_vwasm_z3_clean--compiler-common-queries-Compiler.Common.Dataflow-41.txt
building z3
done building z3 3.2
running mariposa
res: 1 
 out: [[[  2   2   2   2   2   2   2   2   2   2   2   2   2   2   2   2   2
     2   2   2   2   2   2   2   2   2   2   2   2   2   2   2   2   2
     2   2   2   2   2   2   2   2   2   2   2   2   2   2   2   2   2
     2   2   2   2   2   2   2   2   2   2]
  [ 42  51  50  50  51  49  49  51  50  50  51  50  48  48  49  49  50
    49  48  48  48  49  49  49  49  49  49  49  51  50  51  49  49  50
    50  52  49  49  49  49  48  49  49  49  49  49  48  49  49  51  49
    49  49  49  50  50  50  48  49  47  46]]

 [[  2   2   4   4   2   2   4   4   2   2   4   2   2   2   4   2   2
     4   2   2   2   2   2   4   4   2   4   4   2   2   4   2   2   2
     4   2   2   2   2   2   2   2   2   2   2   2   2   4   2   2   2
     4   4   4   2   4   2   2   2   2   4]
  [ 42  49  68  72  48  49  57  67  49  50  61  50  49  51  66  49  50
    66  50  50  50  51 143  68  67  51  60  73  51  51  61  51  51  50
    65  49  48  50  50  51  50  49  49  49 134  51  50  69  48  51  52
    60  71  66  49  69  51  49  51  52  71]]

 [[  2   2   2   2   2   2   2   2   2   2   2   2   2   2   2   2   2
     2   2   2   2   2   2   2   2   2   2   2   2   2   2   2   2   2
     2   2   2   2   2   2   2   2   2   2   2   2   2   2   2   2   2
     2   2   2   2   2   2   2   2   2   2]
  [ 42  51  51  51  52  49  49  50  49  49  49  50  49  49  49  49  50
    49  49  49  49  49  49  49  49  50  49  49  49  49  49  49  49  49
    50  50  49  49  49  49  49  49  49  48  49  47  48  48  49  49  49
    49  48  49  48  49  49  49  48  46  46]]]
unstable
 
 err: 
done running mariposa 3.8
Bisecting: 1034 revisions left to test after this (roughly 10 steps)
[0644194fc96a853df44c37f9e4522796aa40add8] work on lemma from product to factors, and some renaming
running python3 /home/yizhou7/mariposa/scripts/z3-bisect.py /home/yizhou7/mariposa/data/bisect_tasks/fs_vwasm_z3_clean--compiler-common-queries-Compiler.Common.Dataflow-41.txt
building z3
Bisecting: 1034 revisions left to test after this (roughly 10 steps)
[0321312c8db1d3f0edbd23e6e48884fbb7d77d1d] Changed to get_const_interp to match Java and C# bindings
running python3 /home/yizhou7/mariposa/scripts/z3-bisect.py /home/yizhou7/mariposa/data/bisect_tasks/fs_vwasm_z3_clean--compiler-common-queries-Compiler.Common.Dataflow-41.txt
building z3
done building z3 3.1
running mariposa
res: 1 
 out: [[[  2   2   2   2   2   2   2   2   2   2   2   2   2   2   2   2   2
     2   2   2   2   2   2   2   2   2   2   2   2   2   2   2   2   2
     2   2   2   2   2   2   2   2   2   2   2   2   2   2   2   2   2
     2   2   2   2   2   2   2   2   2   2]
  [ 41  50  50  50  49  49  47  49  49  50  50  49  48  47  49  49  49
    50  49  48  48  49  49  49  51  48  48  48  49  49  50  49  48  48
    48  49  48  49  48  48  48  48  50  48  49  48  49  48  48  48  47
    49  49  50  48  48  48  48  47  46  45]]

 [[  2   2   2   4   2   2   4   2   2   4   4   2   2   2   2   2   2
     2   2   2   2   2   4   2   4   4   4   4   2   4   2   2   2   2
     2   4   2   2   2   2   2   2   2   4   2   2   2   2   2   2   4
     2   4   2   4   2   2   2   2   2   2]
  [ 41  44  47  97  49  48  56  51  48 120  60  45  50  50  50  48  48
    57  50  48  50  48  92  52 151  59  95 128  51  56  50  50  50  49
    48  91  49  50  50  49  51  50  49 111  51  50  49  48  49  50  74
    50  59  49 110  50  50  47  51  52  50]]

 [[  2   2   2   2   2   2   2   2   2   2   2   2   2   2   2   2   2
     2   2   2   2   2   2   2   2   2   2   2   2   2   2   2   2   2
     2   2   2   2   2   2   2   2   2   2   2   2   2   2   2   2   2
     2   2   2   2   2   2   2   2   2   2]
  [ 41  48  48  48  48  48  48  48  47  48  49  49  48  48  49  49  48
    48  49  47  47  48  49  49  49  49  48  48  48  49  48  47  48  48
    48  48  49  49  49  49  48  48  48  49  49  49  49  47  48  49  48
    50  50  50  47  47  47  48  48  48  46]]]
unstable
 
 err: 
done running mariposa 3.8
Bisecting: 261 revisions left to test after this (roughly 8 steps)
[6e637348826f0725ba8a01c455448023ca2889e4] Merge pull request #2368 from waywardmonkeys/fix-typo
running python3 /home/yizhou7/mariposa/scripts/z3-bisect.py /home/yizhou7/mariposa/data/bisect_tasks/fs_vwasm_z3_clean--compiler-common-queries-Compiler.Common.Dataflow-41.txt
building z3
done building z3 3.2
running mariposa
res: 1 
 out: [[[  2   2   2   2   2   2   2   2   2   2   2   2   2   2   2   2   2
     2   2   2   2   2   2   2   2   2   2   2   2   2   2   2   2   2
     2   2   2   2   2   2   2   2   2   2   2   2   2   2   2   2   2
     2   2   2   2   2   2   2   2   2   2]
  [ 41  50  48  49  48  49  48  49  47  49  50  49  48  46  47  50  48
    48  48  48  48  48  49  49  48  51  48  47  48  49  50  47  49  47
    47  49  49  50  49  48  48  47  47  49  48  48  49  47  47  48  50
    47  47  50  49  49  48  48  48  47  45]]

 [[  2   2   4   4   2   2   2   4   2   2   2   2   2   4   2   4   2
     2   2   4   2   2   2   2   2   2   2   2   2   4   2   2   2   2
     2   4   2   2   2   2   2   2   2   2   2   2   4   2   2   2   2
     2   2   2   2   2   4   2   2   2   4]
  [ 41  52  55 111  48  48  49  94  48  51 116  45  46  90  50  56  52
    45  58  93  49  46  50  50  48  47  49  49  48  56  50  48  48  47
    47  54  49  46  48  48  48  48  48  50  49  48  56  48  48  49  48
    49  49  46  50  49 111  45  48  85 100]]

 [[  2   2   2   2   2   2   2   2   2   2   2   2   2   2   2   2   2
     2   2   2   2   2   2   2   2   2   2   2   2   2   2   2   2   2
     2   2   2   2   2   2   2   2   2   2   2   2   2   2   2   2   2
     2   2   2   2   2   2   2   2   2   2]
  [ 41  48  48  49  48  47  47  48  49  48  47  48  47  48  48  48  49
    49  49  48  48  49  49  49  48  49  49  48  49  48  48  49  49  48
    48  48  48  48  49  49  48  47  47  48  46  48  48  48  48  48  48
    48  49  49  47  48  49  46  46  45  46]]]
unstable
 
 err: 
done running mariposa 3.8
Bisecting: 130 revisions left to test after this (roughly 7 steps)
[9b4f327e29de8eadd112e53af5a8fb9f430fabf7] set upload mode to replace
running python3 /home/yizhou7/mariposa/scripts/z3-bisect.py /home/yizhou7/mariposa/data/bisect_tasks/fs_vwasm_z3_clean--compiler-common-queries-Compiler.Common.Dataflow-41.txt
building z3
done building z3 3.1
running mariposa
res: 0 
 out: [[[ 2  2  2  2  2  2  2  2  2  2  2  2  2  2  2  2  2  2  2  2  2  2  2
    2  2  2  2  2  2  2  2  2  2  2  2  2  2  2  2  2  2  2  2  2  2  2
    2  2  2  2  2  2  2  2  2  2  2  2  2  2  2]
  [42 49 49 48 50 50 50 49 49 47 50 50 49 47 49 49 49 48 48 49 47 49 49
   50 48 49 49 47 47 49 49 49 49 49 50 49 49 49 49 49 49 48 49 49 50 50
   48 48 49 50 50 50 48 48 49 48 48 49 48 45 45]]

 [[ 2  2  2  2  2  2  2  2  2  2  2  2  2  2  2  2  2  2  2  2  2  2  2
    2  2  2  2  2  2  2  2  2  2  2  2  2  2  2  2  2  2  2  2  2  2  2
    2  2  2  2  2  2  2  2  2  2  2  2  2  2  2]
  [42 48 49 47 49 47 49 48 48 48 47 49 49 49 48 48 48 46 49 49 49 49 47
   48 48 50 50 49 48 48 48 47 49 49 51 49 48 48 48 49 49 49 49 48 47 48
   50 50 49 50 48 47 48 48 50 50 49 48 49 48 49]]

 [[ 2  2  2  2  2  2  2  2  2  2  2  2  2  2  2  2  2  2  2  2  2  2  2
    2  2  2  2  2  2  2  2  2  2  2  2  2  2  2  2  2  2  2  2  2  2  2
    2  2  2  2  2  2  2  2  2  2  2  2  2  2  2]
  [42 49 49 50 49 49 49 50 48 49 50 50 49 49 50 49 50 50 50 48 50 48 50
   50 50 50 48 49 48 50 50 51 51 49 49 48 48 49 50 49 48 50 50 49 50 50
   49 50 50 50 49 50 50 51 50 50 51 48 48 48 47]]]
stable
 
 err: 
done running mariposa 3.7
Bisecting: 65 revisions left to test after this (roughly 6 steps)
[42ac3a536369a7d4a7eafa1fa15b571b146ba594] merge with csp
running python3 /home/yizhou7/mariposa/scripts/z3-bisect.py /home/yizhou7/mariposa/data/bisect_tasks/fs_vwasm_z3_clean--compiler-common-queries-Compiler.Common.Dataflow-41.txt
building z3
done building z3 3.1
running mariposa
res: 0 
 out: [[[ 2  2  2  2  2  2  2  2  2  2  2  2  2  2  2  2  2  2  2  2  2  2  2
    2  2  2  2  2  2  2  2  2  2  2  2  2  2  2  2  2  2  2  2  2  2  2
    2  2  2  2  2  2  2  2  2  2  2  2  2  2  2]
  [42 51 52 52 49 49 50 51 50 50 49 49 48 49 49 50 51 50 50 50 48 48 49
   49 49 49 49 49 50 49 49 49 48 49 49 50 49 50 49 47 48 48 49 49 51 48
   49 49 48 49 49 48 49 50 48 50 51 50 50 46 46]]

 [[ 2  2  2  2  2  2  2  2  2  2  2  2  2  2  2  2  2  2  2  2  2  2  2
    2  2  2  2  2  2  2  2  2  2  2  2  2  2  2  2  2  2  2  2  2  2  2
    2  2  2  2  2  2  2  2  2  2  2  2  2  2  2]
  [42 49 48 49 49 49 48 49 50 49 49 50 51 48 49 49 49 49 49 50 50 50 49
   49 48 50 50 49 49 49 49 49 50 50 48 50 49 49 49 50 48 48 49 49 51 50
   52 51 49 49 49 50 49 51 47 50 50 51 50 49 50]]

 [[ 2  2  2  2  2  2  2  2  2  2  2  2  2  2  2  2  2  2  2  2  2  2  2
    2  2  2  2  2  2  2  2  2  2  2  2  2  2  2  2  2  2  2  2  2  2  2
    2  2  2  2  2  2  2  2  2  2  2  2  2  2  2]
  [42 48 49 49 50 49 49 49 49 48 49 48 48 48 49 50 50 50 51 49 49 50 49
   49 49 49 50 50 50 48 49 49 49 50 49 49 48 49 50 49 49 50 50 49 49 49
   49 50 50 50 48 49 49 49 49 75 75 48 48 48 48]]]
stable
 
 err: 
done running mariposa 3.7
Bisecting: 32 revisions left to test after this (roughly 5 steps)
[b4290d4b3d7c021965e9ce7ee636caac0f9cac74] python regression
running python3 /home/yizhou7/mariposa/scripts/z3-bisect.py /home/yizhou7/mariposa/data/bisect_tasks/fs_vwasm_z3_clean--compiler-common-queries-Compiler.Common.Dataflow-41.txt
building z3
done building z3 3.0
running mariposa
res: 1 
 out: [[[  2   2   2   2   2   2   2   2   2   2   2   2   2   2   2   2   2
     2   2   2   2   2   2   2   2   2   2   2   2   2   2   2   2   2
     2   2   2   2   2   2   2   2   2   2   2   2   2   2   2   2   2
     2   2   2   2   2   2   2   2   2   2]
  [ 43  49  49  49  49  50  50  49  50  50  50  49  49  50  49  49  48
    51  49  49  49  49  49  50  50  49  49  49  49  48  49  51  48  48
    50  49  47  50  51  48  49  50  48  49  50  49  49  48  50  49  49
    48  49  49  48  50  49  49  49  47  46]]

 [[  2   4   4   4   2   2   2   2   2   2   2   2   2   2   2   2   2
     2   2   2   2   2   4   2   2   2   2   2   2   2   2   2   2   2
     2   2   2   2   2   4   2   2   2   2   2   2   2   2   2   2   2
     2   2   4   2   2   2   2   2   2   2]
  [ 43  63  94 109  50  49  49  95  49  63  52  79  78  50  53 137  50
    69  48  51  50  65 117  51  50  50  51  52  50  53  50  50  55  50
    52  56  50  50  51 118  51  50  48  50  50  53  50  51  50  49  51
    50  50  87  71  50  49  74  81  49  80]]

 [[  2   2   2   2   2   2   2   2   2   2   2   2   2   2   2   2   2
     2   2   2   2   2   2   2   2   2   2   2   2   2   2   2   2   2
     2   2   2   2   2   2   2   2   2   2   2   2   2   2   2   2   2
     2   2   2   2   2   2   2   2   2   2]
  [ 43  50  50  50  51  50  52  51  49  50  50  50  50  50  49  50  50
    51  50  51  51  48  49  49  49  49  50  74  74  49  49  49  49  50
    49  49  49  49  49  50  50  47  49  48  49  48  49  49  51  51  49
    49  49  50  50  48  49  48  48  48  48]]]
unstable
 
 err: 
done running mariposa 3.8
Bisecting: 16 revisions left to test after this (roughly 4 steps)
[0f7ff2a3d016ce6cc0dcc2654a6aa0187bc55192] swap
running python3 /home/yizhou7/mariposa/scripts/z3-bisect.py /home/yizhou7/mariposa/data/bisect_tasks/fs_vwasm_z3_clean--compiler-common-queries-Compiler.Common.Dataflow-41.txt
building z3
done building z3 3.1
running mariposa
res: 0 
 out: [[[ 2  2  2  2  2  2  2  2  2  2  2  2  2  2  2  2  2  2  2  2  2  2  2
    2  2  2  2  2  2  2  2  2  2  2  2  2  2  2  2  2  2  2  2  2  2  2
    2  2  2  2  2  2  2  2  2  2  2  2  2  2  2]
  [42 51 49 48 49 49 49 50 49 49 50 48 49 49 51 49 49 49 48 48 49 50 49
   48 49 49 50 51 51 49 49 49 49 50 50 50 48 49 49 50 51 48 49 48 49 48
   49 50 50 50 47 48 48 48 49 50 50 47 48 47 48]]

 [[ 2  2  2  2  2  2  2  2  2  2  2  2  2  2  2  2  2  2  2  2  2  2  2
    2  2  2  2  2  2  2  2  2  2  2  2  2  2  2  2  2  2  2  2  2  2  2
    2  2  2  2  2  2  2  2  2  2  2  2  2  2  2]
  [42 47 48 48 48 48 49 49 48 48 48 49 48 49 49 47 46 49 47 47 49 48 49
   50 49 49 46 51 50 50 49 48 48 48 49 50 49 47 49 50 53 49 50 51 49 51
   50 51 49 50 51 49 50 50 50 50 48 50 50 51 50]]

 [[ 2  2  2  2  2  2  2  2  2  2  2  2  2  2  2  2  2  2  2  2  2  2  2
    2  2  2  2  2  2  2  2  2  2  2  2  2  2  2  2  2  2  2  2  2  2  2
    2  2  2  2  2  2  2  2  2  2  2  2  2  2  2]
  [42 49 49 49 49 49 49 50 50 49 50 49 47 49 48 49 48 49 49 48 49 50 49
   49 49 50 48 49 48 49 49 49 49 50 49 49 49 48 49 49 49 50 50 50 50 50
   50 49 49 50 50 50 50 50 49 49 50 48 48 48 48]]]
stable
 
 err: 
done running mariposa 3.8
Bisecting: 7 revisions left to test after this (roughly 3 steps)
[89e8a1392c992a6c37b8c5320b9e4b9b506bd4a1] na
running python3 /home/yizhou7/mariposa/scripts/z3-bisect.py /home/yizhou7/mariposa/data/bisect_tasks/fs_vwasm_z3_clean--compiler-common-queries-Compiler.Common.Dataflow-41.txt
building z3
done building z3 3.1
running mariposa
res: 1 
 out: [[[  2   2   2   2   2   2   2   2   2   2   2   2   2   2   2   2   2
     2   2   2   2   2   2   2   2   2   2   2   2   2   2   2   2   2
     2   2   2   2   2   2   2   2   2   2   2   2   2   2   2   2   2
     2   2   2   2   2   2   2   2   2   2]
  [ 42  49  51  50  50  50  48  49  49  50  50  49  48  51  51  51  51
    51  49  50  49  49  49  51  51  49  49  49  49  50  50  51  50  50
    49  49  49  50  50  49  50  49  50  50  51  51  49  50  48  49  49
    50  49  49  49  49  49  50  50  48  46]]

 [[  2   4   4   4   2   2   2   2   2   2   2   2   2   2   2   2   2
     2   2   2   2   2   4   2   2   2   2   2   2   2   2   2   2   2
     2   2   2   2   2   2   4   2   2   2   2   2   2   2   2   2   2
     2   2   4   2   2   2   2   2   2   2]
  [ 42  63  96 110  49  49  50  93  49  65  52  77  79  51  53 137  50
    70  49  53  51  67 119  52  50  53  52  52  49  52  50  51  54  50
    55  49  48  50  52  51 122  50  48  48  50  55  52  51  49  49  50
    50  52  89  72  49  50  75  81  52  80]]

 [[  2   2   2   2   2   2   2   2   2   2   2   2   2   2   2   2   2
     2   2   2   2   2   2   2   2   2   2   2   2   2   2   2   2   2
     2   2   2   2   2   2   2   2   2   2   2   2   2   2   2   2   2
     2   2   2   2   2   2   2   2   2   2]
  [ 42  50  50  50  50  52  51  51  50  49  50  49  49  49  50  49  49
    50  50  50  50  50  50  50  50  51  50  51  49  49  51  49  50  48
    50  50  50  49  49  49  49  74  74  49  50  50  50  49  48  48  49
    49  49  49  50  51  51  48  48  48  48]]]
unstable
 
 err: 
done running mariposa 3.9
Bisecting: 4 revisions left to test after this (roughly 2 steps)
[1827f98851e1866187abe743afd2d80bc786412f] more fixes for mutexes in shell
running python3 /home/yizhou7/mariposa/scripts/z3-bisect.py /home/yizhou7/mariposa/data/bisect_tasks/fs_vwasm_z3_clean--compiler-common-queries-Compiler.Common.Dataflow-41.txt
building z3
done building z3 3.1
running mariposa
res: 0 
 out: [[[ 2  2  2  2  2  2  2  2  2  2  2  2  2  2  2  2  2  2  2  2  2  2  2
    2  2  2  2  2  2  2  2  2  2  2  2  2  2  2  2  2  2  2  2  2  2  2
    2  2  2  2  2  2  2  2  2  2  2  2  2  2  2]
  [42 48 49 50 49 49 49 49 49 49 49 46 50 50 50 48 49 49 51 51 51 52 48
   49 48 49 51 49 50 48 48 50 51 49 49 49 49 49 49 49 50 49 49 48 49 49
   52 50 49 49 49 49 50 49 49 49 49 47 49 49 47]]

 [[ 2  2  2  2  2  2  2  2  2  2  2  2  2  2  2  2  2  2  2  2  2  2  2
    2  2  2  2  2  2  2  2  2  2  2  2  2  2  2  2  2  2  2  2  2  2  2
    2  2  2  2  2  2  2  2  2  2  2  2  2  2  2]
  [42 50 49 48 49 47 48 49 50 48 48 49 49 48 48 50 48 47 49 47 48 48 51
   48 47 49 47 49 49 49 48 48 50 48 48 48 51 48 47 48 49 49 47 49 52 49
   49 50 50 51 49 52 52 49 48 48 49 50 50 51 49]]

 [[ 2  2  2  2  2  2  2  2  2  2  2  2  2  2  2  2  2  2  2  2  2  2  2
    2  2  2  2  2  2  2  2  2  2  2  2  2  2  2  2  2  2  2  2  2  2  2
    2  2  2  2  2  2  2  2  2  2  2  2  2  2  2]
  [42 49 49 49 50 49 48 50 49 49 49 50 49 49 49 49 48 49 49 50 50 48 49
   47 49 49 51 49 49 49 49 48 49 50 49 49 49 49 49 50 51 51 51 49 49 49
   49 51 50 50 49 47 49 48 50 47 50 48 47 47 48]]]
stable
 
 err: 
done running mariposa 3.7
Bisecting: 1 revision left to test after this (roughly 1 step)
[5177cc4a9a58df192c6a844ca13abf7e7cd3be15] change lt
running python3 /home/yizhou7/mariposa/scripts/z3-bisect.py /home/yizhou7/mariposa/data/bisect_tasks/fs_vwasm_z3_clean--compiler-common-queries-Compiler.Common.Dataflow-41.txt
building z3
done building z3 3.1
running mariposa
res: 1 
 out: [[[  2   2   2   2   2   2   2   2   2   2   2   2   2   2   2   2   2
     2   2   2   2   2   2   2   2   2   2   2   2   2   2   2   2   2
     2   2   2   2   2   2   2   2   2   2   2   2   2   2   2   2   2
     2   2   2   2   2   2   2   2   2   2]
  [ 42  49  52  50  50  51  49  49  49  49  50  50  51  49  49  49  48
    49  49  50  50  50  49  49  51  49  50  50  50  50  50  50  50  51
    49  49  51  51  49  50  50  51  51  50  51  51  51  53  50  51  50
    50  49  49  49  50  50  49  50  49  47]]

 [[  2   4   4   4   2   2   2   2   2   2   2   2   2   2   2   2   2
     2   2   2   2   2   4   2   2   2   2   2   2   2   2   2   2   2
     2   2   2   2   2   2   4   2   2   2   2   2   2   2   2   2   2
     2   2   4   2   2   2   2   2   2   2]
  [ 42  62  95 110  51  51  50  94  51  64  51  80  51  80  54 138  50
    70  48  48  49  64 122  52  51  51  51  50  51  53  51  51  55  51
    54  52  50  50  49  50 121  52  50  49  52  53  50  51  51  50  49
    50  51  88  70  51  50  71  81  52  81]]

 [[  2   2   2   2   2   2   2   2   2   2   2   2   2   2   2   2   2
     2   2   2   2   2   2   2   2   2   2   2   2   2   2   2   2   2
     2   2   2   2   2   2   2   2   2   2   2   2   2   2   2   2   2
     2   2   2   2   2   2   2   2   2   2]
  [ 42  49  49  49  49  50  50  50  50  50  50  49  49  49  49  50  48
    49  49  48  48  49  49  49  50  50  49  49  48  50  50  50  49  49
    50  50  48  49  50  50  50  50  50  48  49  50  48  49  49  49  48
    49  51  49  49  50  50  47  49  50  49]]]
unstable
 
 err: 
done running mariposa 3.8
Bisecting: 0 revisions left to test after this (roughly 1 step)
[7c9d2e0d75757ed6aa535f72c7dec70d5a527fed] pydoc test
running python3 /home/yizhou7/mariposa/scripts/z3-bisect.py /home/yizhou7/mariposa/data/bisect_tasks/fs_vwasm_z3_clean--compiler-common-queries-Compiler.Common.Dataflow-41.txt
building z3
done building z3 3.1
running mariposa
res: 0 
 out: [[[ 2  2  2  2  2  2  2  2  2  2  2  2  2  2  2  2  2  2  2  2  2  2  2
    2  2  2  2  2  2  2  2  2  2  2  2  2  2  2  2  2  2  2  2  2  2  2
    2  2  2  2  2  2  2  2  2  2  2  2  2  2  2]
  [42 51 50 50 48 49 47 49 50 49 49 49 49 48 49 49 48 49 49 48 48 49 50
   50 49 49 48 49 50 49 49 48 48 49 49 50 49 49 48 49 48 49 50 49 49 48
   49 49 49 53 48 50 51 51 51 50 50 49 49 45 45]]

 [[ 2  2  2  2  2  2  2  2  2  2  2  2  2  2  2  2  2  2  2  2  2  2  2
    2  2  2  2  2  2  2  2  2  2  2  2  2  2  2  2  2  2  2  2  2  2  2
    2  2  2  2  2  2  2  2  2  2  2  2  2  2  2]
  [42 50 50 48 50 50 50 49 50 48 50 50 50 50 50 50 48 48 48 50 50 50 50
   48 48 50 50 51 49 50 48 48 49 50 51 52 51 48 47 50 48 52 51 48 49 47
   49 50 51 50 49 48 48 51 51 49 50 49 49 50 49]]

 [[ 2  2  2  2  2  2  2  2  2  2  2  2  2  2  2  2  2  2  2  2  2  2  2
    2  2  2  2  2  2  2  2  2  2  2  2  2  2  2  2  2  2  2  2  2  2  2
    2  2  2  2  2  2  2  2  2  2  2  2  2  2  2]
  [42 49 49 49 51 50 50 50 50 50 50 50 49 49 50 48 49 49 49 49 49 49 49
   49 48 48 49 76 75 48 49 49 49 49 49 49 49 49 49 49 50 50 50 49 49 50
   49 49 50 49 49 49 50 49 49 49 49 46 48 49 48]]]
stable
 
 err: 
done running mariposa 3.8
5177cc4a9a58df192c6a844ca13abf7e7cd3be15 is the first bad commit
commit 5177cc4a9a58df192c6a844ca13abf7e7cd3be15
Author: Nikolaj Bjorner <nbjorner@microsoft.com>
Date:   Fri Jun 21 09:08:20 2019 +0200

    change lt
    
    Signed-off-by: Nikolaj Bjorner <nbjorner@microsoft.com>

 src/ast/ast_lt.h                   | 4 ++++
 src/ast/rewriter/bool_rewriter.cpp | 6 ++++--
 2 files changed, 8 insertions(+), 2 deletions(-)
bisect run success
git bisect start
# good: [e79542cc689d52ec4cb34ce4ae3fbe56e7a0bf70] fix #2309
git bisect good e79542cc689d52ec4cb34ce4ae3fbe56e7a0bf70
# bad: [ad55a1f1c617a7f0c3dd735c0780fc758424c7f1] Update release.yml for Azure Pipelines
git bisect bad ad55a1f1c617a7f0c3dd735c0780fc758424c7f1
# skip: [e2702f3ae88f5c48a55f4473bb5c29184c182634] fixes in assigning constraints to intervals
git bisect skip e2702f3ae88f5c48a55f4473bb5c29184c182634
# skip: [1915812f84cf41a5f232eedf2a695a54d055aa88] add a test for intervals
git bisect skip 1915812f84cf41a5f232eedf2a695a54d055aa88
# bad: [8faf35e2e0c8fce99794e71bd3b5de74b95ceb5a] fix #3735
git bisect bad 8faf35e2e0c8fce99794e71bd3b5de74b95ceb5a
# skip: [d1a5635b4ad7f8632356b380f3a9b1fc83fdb04f] better model based lemmaas
git bisect skip d1a5635b4ad7f8632356b380f3a9b1fc83fdb04f
# skip: [0a86bd14f792ef5fadb8eeb346729a612f7e1588] start on test nla
git bisect skip 0a86bd14f792ef5fadb8eeb346729a612f7e1588
# bad: [f7747d9e76bd685a02ce5c5fbda91fc356856b5e] fix parameter collection for tactic-based solvers reported in #3065
git bisect bad f7747d9e76bd685a02ce5c5fbda91fc356856b5e
# skip: [0644194fc96a853df44c37f9e4522796aa40add8] work on lemma from product to factors, and some renaming
git bisect skip 0644194fc96a853df44c37f9e4522796aa40add8
# bad: [0321312c8db1d3f0edbd23e6e48884fbb7d77d1d] Changed to get_const_interp to match Java and C# bindings
git bisect bad 0321312c8db1d3f0edbd23e6e48884fbb7d77d1d
# bad: [6e637348826f0725ba8a01c455448023ca2889e4] Merge pull request #2368 from waywardmonkeys/fix-typo
git bisect bad 6e637348826f0725ba8a01c455448023ca2889e4
# good: [9b4f327e29de8eadd112e53af5a8fb9f430fabf7] set upload mode to replace
git bisect good 9b4f327e29de8eadd112e53af5a8fb9f430fabf7
# good: [42ac3a536369a7d4a7eafa1fa15b571b146ba594] merge with csp
git bisect good 42ac3a536369a7d4a7eafa1fa15b571b146ba594
# bad: [b4290d4b3d7c021965e9ce7ee636caac0f9cac74] python regression
git bisect bad b4290d4b3d7c021965e9ce7ee636caac0f9cac74
# good: [0f7ff2a3d016ce6cc0dcc2654a6aa0187bc55192] swap
git bisect good 0f7ff2a3d016ce6cc0dcc2654a6aa0187bc55192
# bad: [89e8a1392c992a6c37b8c5320b9e4b9b506bd4a1] na
git bisect bad 89e8a1392c992a6c37b8c5320b9e4b9b506bd4a1
# good: [1827f98851e1866187abe743afd2d80bc786412f] more fixes for mutexes in shell
git bisect good 1827f98851e1866187abe743afd2d80bc786412f
# bad: [5177cc4a9a58df192c6a844ca13abf7e7cd3be15] change lt
git bisect bad 5177cc4a9a58df192c6a844ca13abf7e7cd3be15
# good: [7c9d2e0d75757ed6aa535f72c7dec70d5a527fed] pydoc test
git bisect good 7c9d2e0d75757ed6aa535f72c7dec70d5a527fed
# first bad commit: [5177cc4a9a58df192c6a844ca13abf7e7cd3be15] change lt
