running python3 /home/yizhou7/mariposa/scripts/z3-bisect.py /home/yizhou7/mariposa/data/bisect_tasks/fs_vwasm_z3_clean--semantics-temp-queries-Views-18.txt
building z3
Bisecting: 1453 revisions left to test after this (roughly 11 steps)
[1915812f84cf41a5f232eedf2a695a54d055aa88] add a test for intervals
running python3 /home/yizhou7/mariposa/scripts/z3-bisect.py /home/yizhou7/mariposa/data/bisect_tasks/fs_vwasm_z3_clean--semantics-temp-queries-Views-18.txt
building z3
Bisecting: 1453 revisions left to test after this (roughly 11 steps)
[8faf35e2e0c8fce99794e71bd3b5de74b95ceb5a] fix #3735
running python3 /home/yizhou7/mariposa/scripts/z3-bisect.py /home/yizhou7/mariposa/data/bisect_tasks/fs_vwasm_z3_clean--semantics-temp-queries-Views-18.txt
building z3
done building z3 3.8
running mariposa
res: 1 
 out: [[[    3     2     2     2     2     2     2     2     2     2     2
       2     2     2     2     2     2     2     2     2     2     2
       2     2     2     2     2     3     2     2     2     2     2
       2     2     2     2     2     3     2     2     2     2     2
       2     2     2     2     2     2     2     2     3     3     2
       2     3     3     3     3     3]
  [60007  1903  1156  1323  2682  1088  1915  1643  1634  1110  1139
    2697  7776  1826  1263  1496  1222  1480   816  1380  2351   837
    2010  1827  1016  7574  2288 60010  1735  1835  2417  1942  1056
    2271  1193  2047  6745  5618 60009 20116  2281  2398  1889 43396
    1407 26765   716  1465  2254  1460  1923  1382 60011 60011  2399
    1265 60011 60010 60010 60010 60010]]

 [[    3     2     3     3     3     3     3     3     3     3     3
       3     2     3     2     3     3     2     3     3     3     3
       3     2     3     3     3     3     3     2     2     3     3
       3     3     3     3     3     3     2     3     3     3     3
       3     3     3     2     3     3     3     3     3     3     3
       3     3     3     3     3     3]
  [60007  2142 60009 60010 60011 60010 60010 60009 60009 60009 60009
   60010  2116 60010  2139 60010 60009  2070 60009 60009 60008 60010
   60010  2053 60009 60010 60009 60009 60009  2130  2137 60010 60010
   60009 60009 60009 60010 60010 60010  2144 60010 60009 60010 60009
   60009 60010 60009  2118 60010 60009 60010 60010 60010 60010 60010
   60010 60009 60010 60009 60010 60010]]

 [[    3     2     2     2     2     2     2     2     2     3     3
       3     3     2     2     3     2     3     3     3     3     2
       2     3     3     2     3     2     3     2     2     2     2
       2     2     2     3     3     3     2     3     3     3     3
       2     3     2     3     3     2     3     3     2     2     3
       3     2     3     3     3     3]
  [60007   770   772   782   748   759   711   696   695 60009 60010
   60009 60009   715   720 60010   727 60009 60009 60008 60008   680
     686 60010 60011   713 60009   724 60009   741   738   744   743
     726   717   723 60010 60010 60009   676 60010 60009 60010 60009
     698 60009   709 60009 60010   685 60010 60009   698   704 60009
   60010   702 60009 60010 60009 60011]]]
unstable
 
 err: 
done running mariposa 902.0
Bisecting: 1254 revisions left to test after this (roughly 10 steps)
[d1a5635b4ad7f8632356b380f3a9b1fc83fdb04f] better model based lemmaas
running python3 /home/yizhou7/mariposa/scripts/z3-bisect.py /home/yizhou7/mariposa/data/bisect_tasks/fs_vwasm_z3_clean--semantics-temp-queries-Views-18.txt
building z3
Bisecting: 1254 revisions left to test after this (roughly 10 steps)
[0a86bd14f792ef5fadb8eeb346729a612f7e1588] start on test nla
running python3 /home/yizhou7/mariposa/scripts/z3-bisect.py /home/yizhou7/mariposa/data/bisect_tasks/fs_vwasm_z3_clean--semantics-temp-queries-Views-18.txt
building z3
Bisecting: 1254 revisions left to test after this (roughly 10 steps)
[f7747d9e76bd685a02ce5c5fbda91fc356856b5e] fix parameter collection for tactic-based solvers reported in #3065
running python3 /home/yizhou7/mariposa/scripts/z3-bisect.py /home/yizhou7/mariposa/data/bisect_tasks/fs_vwasm_z3_clean--semantics-temp-queries-Views-18.txt
building z3
done building z3 3.7
running mariposa
res: 1 
 out: [[[    3     2     2     2     2     2     2     2     2     2     2
       2     2     2     2     2     2     2     2     2     2     2
       2     2     2     2     2     3     2     2     2     2     2
       2     2     2     2     2     2     3     2     2     2     2
       2     2     2     2     2     2     2     2     3     3     2
       2     3     3     3     3     3]
  [60006  1910  1154  1341  2640  1097  1939  1652  1641  1112  1151
    2384  7795  1848  1261  1515  1223  1471   821  1365  2367   836
    2010  1825  1014  7559  2266 60009  1725  1827  2417  1939  1054
    2275  1196  2056  6725  3324  2213 60010 20124  2428  1889 43686
    1425 26817   712  1445  2274  1460  1918  1367 60010 60009  2423
    1263 60010 60009 60009 60009 60010]]

 [[    3     2     3     3     3     3     3     3     3     3     3
       3     2     3     2     3     2     3     3     3     3     3
       3     2     3     3     3     3     3     2     2     3     3
       3     3     3     3     3     3     2     3     3     3     3
       3     3     3     2     3     3     3     3     3     3     3
       3     3     3     3     3     3]
  [60006  2143 60009 60010 60010 60009 60009 60008 60010 60009 60008
   60009  2114 60009  2127 60008  2036 60010 60009 60010 60007 60009
   60010  2050 60010 60010 60010 60008 60010  2149  2135 60010 60009
   60008 60010 60009 60009 60010 60008  2161 60009 60008 60008 60009
   60009 60008 60010  2131 60010 60008 60008 60009 60008 60009 60008
   60010 60008 60008 60010 60010 60010]]

 [[    3     2     2     2     2     2     2     2     2     3     3
       3     3     2     2     3     2     3     3     3     3     2
       2     3     3     2     3     2     3     2     2     2     2
       2     2     2     3     3     3     2     3     3     3     3
       3     2     2     3     3     2     3     3     2     2     3
       3     2     3     3     3     3]
  [60006   770   772   780   744   754   710   686   679 60008 60008
   60009 60010   718   718 60009   729 60007 60009 60008 60009   682
     689 60008 60010   719 60009   722 60010   732   732   740   729
     712   722   717 60010 60008 60010   681 60010 60008 60010 60010
   60010   698   703 60009 60010   677 60010 60008   692   694 60010
   60009   701 60010 60009 60009 60010]]]
unstable
 
 err: 
done running mariposa 902.2
Bisecting: 1034 revisions left to test after this (roughly 10 steps)
[0644194fc96a853df44c37f9e4522796aa40add8] work on lemma from product to factors, and some renaming
running python3 /home/yizhou7/mariposa/scripts/z3-bisect.py /home/yizhou7/mariposa/data/bisect_tasks/fs_vwasm_z3_clean--semantics-temp-queries-Views-18.txt
building z3
Bisecting: 1034 revisions left to test after this (roughly 10 steps)
[0321312c8db1d3f0edbd23e6e48884fbb7d77d1d] Changed to get_const_interp to match Java and C# bindings
running python3 /home/yizhou7/mariposa/scripts/z3-bisect.py /home/yizhou7/mariposa/data/bisect_tasks/fs_vwasm_z3_clean--semantics-temp-queries-Views-18.txt
building z3
done building z3 3.1
running mariposa
res: 0 
 out: [[[    2     2     2     2     2     2     2     2     2     2     2
       2     2     2     2     2     2     2     2     2     2     2
       2     2     2     2     2     2     2     2     2     2     2
       2     2     2     2     2     2     2     2     2     2     2
       2     2     2     2     2     2     2     2     2     2     2
       2     2     2     2     2     3]
  [ 4290   762  1505  1343  1817  1734  1223   764  1625  1419  1076
    1000  2318  2510   856  1019  2104  2941  1018  3124  1694   861
    2047  1725   915  1078  1967  2466  2172  1177  4201   939  2011
    1624   814   898  1068  2299  1451  1528  2679  8000  1955  1485
    1449  1579  2497  2633  2879  1587  1272  1626  1359  1537  1123
    1180  2150 20712 41078 37462 60010]]

 [[    2     2     2     2     2     2     2     2     2     2     2
       2     2     2     2     2     2     2     2     2     2     2
       2     2     2     2     2     2     2     2     2     2     2
       2     2     2     2     2     2     2     2     2     2     2
       2     2     2     2     2     2     2     2     2     2     2
       2     2     2     2     2     2]
  [ 4290  1508  5625  5619  5690  5667  5595  5606  5635  1507  5677
    5666  5670  5611  1497  5613  1491  5591  5593  5632  5663  5635
    5633  1493  5656  5633  1510  5673  5689  1513  5609  5630  5614
    5625  5700  5683  5621  5651  5651  1507  5601  5643  5620  5661
    5721  5640  5666  1508  5686  5598  5619  5699  5643  5625  5646
    5664  5627  5640  5666  5638  5577]]

 [[    2     2     2     2     2     2     2     2     2     2     2
       2     2     2     2     2     2     2     2     2     2     2
       2     2     2     2     2     2     2     2     2     2     2
       2     2     2     2     2     2     2     2     2     2     2
       2     2     2     2     2     2     2     2     2     2     2
       2     2     2     2     2     2]
  [ 4290  1168  1169  1168  1155  1169  1173  1196  5629  5633  5658
    5661  1192  5615  1170  1180  5601  1157  5606  5659  5626  5688
    5639  1184  1175  5633  5654  1176  1162  1157  1168  1166  1155
    1168  1177  5582  1171  5602  5663  1176  5618  5647  5613  5658
    5693  1191  5626  1169  5640  5637  1172  5687  1178  1189  5660
    5624  1194  5626  5647  5631  5625]]]
stable
 
 err: 
done running mariposa 138.1
Bisecting: 771 revisions left to test after this (roughly 10 steps)
[c9e989ae853667faaa04c98e128e48130e05b07f] fix build of lp_tst
running python3 /home/yizhou7/mariposa/scripts/z3-bisect.py /home/yizhou7/mariposa/data/bisect_tasks/fs_vwasm_z3_clean--semantics-temp-queries-Views-18.txt
building z3
Bisecting: 771 revisions left to test after this (roughly 10 steps)
[73662ad60d26755b7cd4c65c88766298125ee6a5] fix #3016
running python3 /home/yizhou7/mariposa/scripts/z3-bisect.py /home/yizhou7/mariposa/data/bisect_tasks/fs_vwasm_z3_clean--semantics-temp-queries-Views-18.txt
building z3
done building z3 3.7
running mariposa
res: 1 
 out: [[[    3     2     2     2     2     2     2     2     2     2     2
       2     2     2     2     2     2     2     2     2     2     2
       2     2     2     2     2     3     2     2     2     2     2
       2     2     2     2     2     2     3     2     2     2     2
       2     2     2     2     2     2     2     2     3     3     2
       2     3     3     3     3     3]
  [60007  1905  1155  1331  2620  1089  1933  1660  1636  1113  1142
    2413  7817  1829  1261  1512  1206  1483   807  1379  2343   827
    2000  1830  1007  7564  2299 60009  1732  1824  2415  1945  1064
    2267  1194  2063  6788  3315  2199 60009 20140  2375  1884 43596
    1395 26965   717  1456  2251  1484  1942  1389 60009 60011  2395
    1263 60009 60010 60008 60010 60010]]

 [[    3     2     3     3     3     3     3     3     3     3     3
       3     2     3     2     3     3     2     3     3     3     3
       3     2     3     3     3     3     3     2     2     3     3
       3     3     3     3     3     3     2     3     3     3     3
       3     3     3     2     3     3     3     3     3     3     3
       3     3     3     3     3     3]
  [60007  2149 60009 60008 60010 60008 60009 60010 60008 60009 60010
   60010  2138 60008  2166 60009 60010  2048 60010 60010 60010 60009
   60008  2041 60008 60009 60010 60010 60008  2134  2147 60008 60008
   60008 60010 60009 60010 60009 60009  2137 60008 60009 60008 60010
   60009 60009 60009  2117 60008 60008 60008 60009 60010 60010 60010
   60008 60008 60009 60010 60010 60009]]

 [[    3     2     2     2     2     2     2     2     2     3     3
       3     3     2     2     3     2     3     3     3     3     2
       2     3     3     2     3     2     3     2     2     2     2
       2     2     2     3     3     3     2     3     3     3     3
       2     3     2     3     3     2     3     3     2     2     3
       3     2     3     3     3     3]
  [60007   772   773   775   746   746   703   689   687 60009 60008
   60009 60009   713   713 60008   714 60007 60010 60008 60008   677
     685 60008 60009   707 60010   723 60008   731   740   739   728
     714   714   708 60009 60010 60008   669 60010 60009 60010 60009
     708 60009   711 60008 60010   673 60009 60009   684   692 60010
   60009   697 60010 60008 60008 60010]]]
unstable
 
 err: 
done running mariposa 902.1
Bisecting: 685 revisions left to test after this (roughly 10 steps)
[403743cb30a07a99ef035f647993229b2960d9d6] switch to constraint based sign lemma
running python3 /home/yizhou7/mariposa/scripts/z3-bisect.py /home/yizhou7/mariposa/data/bisect_tasks/fs_vwasm_z3_clean--semantics-temp-queries-Views-18.txt
building z3
Bisecting: 685 revisions left to test after this (roughly 10 steps)
[130995a3db793cefb402d85431fa66b0fa8165ab] print terms as monomials
running python3 /home/yizhou7/mariposa/scripts/z3-bisect.py /home/yizhou7/mariposa/data/bisect_tasks/fs_vwasm_z3_clean--semantics-temp-queries-Views-18.txt
building z3
Bisecting: 685 revisions left to test after this (roughly 10 steps)
[bfc30440ac040d58fa05d76612fd766f512c0c5a] update nightly
running python3 /home/yizhou7/mariposa/scripts/z3-bisect.py /home/yizhou7/mariposa/data/bisect_tasks/fs_vwasm_z3_clean--semantics-temp-queries-Views-18.txt
building z3
done building z3 3.0
running mariposa
res: 0 
 out: [[[    2     2     2     2     2     2     2     2     2     2     2
       2     2     2     2     2     2     2     2     2     2     2
       2     2     2     2     2     2     2     2     2     2     2
       2     2     2     2     2     2     2     2     2     2     2
       2     2     2     2     2     2     2     2     2     2     2
       2     2     2     2     2     3]
  [ 4234   756  1496  1330  1824  1722  1227  1062  1611   769  1407
     993  2320  2505  1008   846  2091  2938  1005  3109  1687  2032
     872  1703   910  1061  1970  2452  2163  1166  4153   944  2017
    1620   818   906  1054  2301  1447  1533  2685  7971  1954  1487
    1440  1580  2486  2590  2896  1579  1258  1614  1364  1512  1126
    1186  2105 20514 40657 37052 60011]]

 [[    2     2     2     2     2     2     2     2     2     2     2
       2     2     2     2     2     2     2     2     2     2     2
       2     2     2     2     2     2     2     2     2     2     2
       2     2     2     2     2     2     2     2     2     2     2
       2     2     2     2     2     2     2     2     2     2     2
       2     2     2     2     2     2]
  [ 4234  1491  5585  5611  5583  5674  5600  5646  5583  1514  5626
    5587  5573  5641  1489  5618  1476  5597  5582  5606  5594  5603
    5637  1488  5582  5650  1496  5588  5611  1534  5606  5623  5629
    5602  5633  5612  5613  5611  1496  5641  5603  5584  5655  5607
    5601  5607  5627  1485  5599  5577  5628  5647  5623  5629  5598
    5594  5596  5608  5558  5631  5593]]

 [[    2     2     2     2     2     2     2     2     2     2     2
       2     2     2     2     2     2     2     2     2     2     2
       2     2     2     2     2     2     2     2     2     2     2
       2     2     2     2     2     2     2     2     2     2     2
       2     2     2     2     2     2     2     2     2     2     2
       2     2     2     2     2     2]
  [ 4234  1159  1163  1166  1148  1151  1166  1178  5578  5588  5602
    5649  1183  1160  1159  5615  1153  5615  5609  5588  5613  5650
    5633  1227  1167  5587  5602  1176  1154  1149  1153  1163  1166
    1163  1160  5601  1159  5613  5583  1172  5567  5624  5582  5633
    5593  1168  5651  1164  5636  5599  1179  5643  1169  1175  5607
    5613  1178  5665  5630  5573  5594]]]
stable
 
 err: 
done running mariposa 137.6
Bisecting: 644 revisions left to test after this (roughly 9 steps)
[754656212d592947af3994df09d668aeca2000b7] allow more sign lemmas
running python3 /home/yizhou7/mariposa/scripts/z3-bisect.py /home/yizhou7/mariposa/data/bisect_tasks/fs_vwasm_z3_clean--semantics-temp-queries-Views-18.txt
building z3
Bisecting: 644 revisions left to test after this (roughly 9 steps)
[4a94abe7d7f3996cbdfac69e08836b3233f8efce] Update nightly.yaml
running python3 /home/yizhou7/mariposa/scripts/z3-bisect.py /home/yizhou7/mariposa/data/bisect_tasks/fs_vwasm_z3_clean--semantics-temp-queries-Views-18.txt
building z3
done building z3 3.1
running mariposa
res: 1 
 out: [[[    2     2     2     2     2     2     2     2     2     2     2
       2     2     2     2     2     2     2     2     2     2     2
       2     2     2     2     2     2     2     2     2     2     2
       2     2     2     2     2     2     2     2     2     2     2
       2     2     2     2     2     2     2     2     2     2     2
       3     3     3     3     3     3]
  [ 1140  1236  1071  1379   971  1096  1766  5362  1681  6514  1458
    1153  3003  1823  1070  1660  1376  2481  1508 13311  2071  1031
    1810  5580  1285  1797  1778 12440   905  1842   920  1718  1214
    2769  1454  1349  1555  1941  1143 19976  1105  1897  2721   741
    1762  1583  1908  8388  7517  1548  2342  1158  1314  2339  1958
   60009 60009 60010 60011 60008 60010]]

 [[    2     2     2     2     2     2     2     2     2     2     2
       2     2     2     2     2     2     2     2     2     2     2
       2     2     2     2     2     2     2     2     2     2     2
       2     2     2     2     2     2     2     2     2     2     2
       2     2     2     2     2     2     2     2     2     2     2
       2     2     2     2     2     2]
  [ 1140  1382  1387  2074  1400  1394  1395  1401  1395  1399  1382
    1394  1398  1382  1372  1376  2065  1382  1384  1392  1378  2068
    1376  1377  2085  1395  1392  1390  1384  1366  2047  1403  2072
    1385  1380  2077  1386  1389  1397  1399  1390  1371  1376  2060
    1378  1379  1391  1403  1391  1378  1383  1386  1374  1381  1387
    2056  1389  1387  1409  1378  1389]]

 [[    2     2     2     2     2     2     2     2     2     2     2
       2     2     2     2     2     2     2     2     2     2     2
       2     2     2     2     2     2     2     2     2     2     2
       2     2     2     2     2     2     2     2     2     2     2
       2     2     2     2     2     2     2     2     2     2     2
       2     2     2     2     2     2]
  [ 1140  1246  1253  1257  1391  1403  1410  1414  1248  1248  1394
    1252  1246  1252  1384  1240  1245  1393  1245  1388  1403  1403
    1385  1387  1392  1237  1246  1253  1404  1242  1243  1411  1237
    1244  1391  1247  1248  1252  1258  1399  1396  1387  1392  1245
    1398  1388  1248  1393  1395  1387  1383  1247  1388  1251  1244
    1400  1394  1246  1388  1237  1377]]]
unstable
 
 err: 
done running mariposa 140.0
Bisecting: 117 revisions left to test after this (roughly 7 steps)
[5f78ca9b588d3d0a7405e39630d548477f750710] z3str3: negative lengths in get_len_value don't count
running python3 /home/yizhou7/mariposa/scripts/z3-bisect.py /home/yizhou7/mariposa/data/bisect_tasks/fs_vwasm_z3_clean--semantics-temp-queries-Views-18.txt
building z3
done building z3 3.1
running mariposa
res: 1 
 out: [[[    2     2     2     2     2     2     2     2     2     2     2
       2     2     2     2     2     2     2     2     2     2     2
       2     2     2     2     2     2     2     2     2     2     2
       2     2     2     2     2     2     2     2     2     2     2
       2     2     2     2     2     2     2     2     2     2     2
       3     3     3     3     3     3]
  [ 1143  1238  1075  1369   979  1090  1758  5368  1669  6512  1441
    1149  3064  1807  1077  1675  1375  2472  1512 13342  2056  1030
    1811  5551  1281  1774  1766 12471   899  1834   911  1709  1226
    2745  1430  1335  1533  1919  1132 20011  1085  1899  2692   739
    1736  1566  1876  8430  7502  1494  2327  1150  1313  2316  1952
   60011 60011 60010 60009 60009 60009]]

 [[    2     2     2     2     2     2     2     2     2     2     2
       2     2     2     2     2     2     2     2     2     2     2
       2     2     2     2     2     2     2     2     2     2     2
       2     2     2     2     2     2     2     2     2     2     2
       2     2     2     2     2     2     2     2     2     2     2
       2     2     2     2     2     2]
  [ 1143  1386  1384  2063  1381  1389  1409  1405  1402  1396  1375
    1379  1383  1381  1384  1380  2095  1393  1382  1390  1390  2056
    1401  2074  1397  1394  1408  1381  1387  1366  1378  2056  2067
    1392  1379  2062  1396  1386  1398  1397  1383  1391  1373  2059
    1392  1386  1391  1397  1393  1379  1382  1384  1385  1388  1386
    2054  1395  1387  1385  1397  1384]]

 [[    2     2     2     2     2     2     2     2     2     2     2
       2     2     2     2     2     2     2     2     2     2     2
       2     2     2     2     2     2     2     2     2     2     2
       2     2     2     2     2     2     2     2     2     2     2
       2     2     2     2     2     2     2     2     2     2     2
       2     2     2     2     2     2]
  [ 1143  1243  1251  1255  1401  1403  1405  1411  1258  1274  1404
    1258  1256  1262  1414  1248  1386  1252  1392  1390  1243  1402
    1407  1387  1238  1400  1244  1259  1402  1240  1249  1267  1258
    1405  1392  1247  1244  1243  1241  1403  1409  1397  1389  1247
    1389  1392  1263  1396  1401  1384  1247  1387  1391  1248  1250
    1399  1393  1239  1384  1250  1384]]]
unstable
 
 err: 
done running mariposa 140.1
Bisecting: 54 revisions left to test after this (roughly 6 steps)
[12819640b7d39608f8dd6cece58d0d1b52ffe3b0] fix E instantiation
running python3 /home/yizhou7/mariposa/scripts/z3-bisect.py /home/yizhou7/mariposa/data/bisect_tasks/fs_vwasm_z3_clean--semantics-temp-queries-Views-18.txt
building z3
done building z3 3.1
running mariposa
res: 1 
 out: [[[    2     2     2     2     2     2     2     2     2     2     2
       2     2     2     2     2     2     2     2     2     2     2
       2     2     2     2     2     2     2     2     2     2     2
       2     2     2     2     2     2     2     2     2     2     2
       2     2     2     2     2     2     2     2     2     2     2
       3     3     3     3     3     3]
  [ 1134  1233  1061  1369   970  1095  1752  5357  1686  6546  1440
    1136  2996  1801  1054  1662  1389  2460  1534 13367  2056  1034
    1823  5531  1289  1797  1774 12443   897  1853   921  1694  1216
    2806  1429  1346  1583  1917  1128 19973  1106  1909  2680   746
    1735  1581  1871  8390  7491  1491  2323  1162  1303  2314  1972
   60009 60010 60009 60010 60010 60010]]

 [[    2     2     2     2     2     2     2     2     2     2     2
       2     2     2     2     2     2     2     2     2     2     2
       2     2     2     2     2     2     2     2     2     2     2
       2     2     2     2     2     2     2     2     2     2     2
       2     2     2     2     2     2     2     2     2     2     2
       2     2     2     2     2     2]
  [ 1134  1389  1381  2081  1383  1384  1390  1395  1397  1392  1373
    1392  1376  1385  1381  1380  2070  1370  1393  1388  1380  2078
    1374  2074  1382  1396  1382  1377  1389  1367  1367  2042  2057
    1380  1381  2073  1390  1397  1387  1380  1386  1391  1367  2061
    1396  1380  1389  1413  1378  1377  1388  1383  1383  1371  1370
    2073  1372  1386  1399  1387  1389]]

 [[    2     2     2     2     2     2     2     2     2     2     2
       2     2     2     2     2     2     2     2     2     2     2
       2     2     2     2     2     2     2     2     2     2     2
       2     2     2     2     2     2     2     2     2     2     2
       2     2     2     2     2     2     2     2     2     2     2
       2     2     2     2     2     2]
  [ 1134  1248  1257  1261  1395  1395  1401  1411  1244  1252  1239
    1390  1249  1248  1383  1257  1238  1395  1235  1386  1388  1391
    1403  1239  1399  1236  1399  1246  1387  1239  1238  1250  1249
    1406  1240  1401  1244  1248  1235  1392  1404  1380  1397  1240
    1391  1389  1238  1399  1403  1393  1386  1249  1232  1391  1240
    1390  1401  1248  1383  1240  1385]]]
unstable
 
 err: 
done running mariposa 140.0
Bisecting: 26 revisions left to test after this (roughly 5 steps)
[18b8089a1ee1b060ffb0cb728acd56f24333c70b] Revert "remove unused random seed parameter on cmd_context"
running python3 /home/yizhou7/mariposa/scripts/z3-bisect.py /home/yizhou7/mariposa/data/bisect_tasks/fs_vwasm_z3_clean--semantics-temp-queries-Views-18.txt
building z3
done building z3 81.9
running mariposa
res: 0 
 out: [[[    2     2     2     2     2     2     2     2     2     2     2
       2     2     2     2     2     2     2     2     2     2     2
       2     2     2     2     2     2     2     2     2     2     2
       2     2     2     2     2     2     2     2     2     2     2
       2     2     2     2     2     2     2     2     2     2     2
       2     2     2     2     2     3]
  [ 4275   767  1525  1345  1842  1211  1729  1069   777  1623  1424
    1003  2319  2512  1019   841  2129  2920  1018  3121  1689  2048
     878  1719   911  1083  1979  2482  2165  1174  4175   942  2035
     818  1637   907  1059  2330  1453  2699  1548  7963  1970  1451
    1497  1597  2493  2597  2898  1597  1269  1644  1377  1517  1134
    1193  2136 20675 41009 37484 60011]]

 [[    2     2     2     2     2     2     2     2     2     2     2
       2     2     2     2     2     2     2     2     2     2     2
       2     2     2     2     2     2     2     2     2     2     2
       2     2     2     2     2     2     2     2     2     2     2
       2     2     2     2     2     2     2     2     2     2     2
       2     2     2     2     2     2]
  [ 4275  1499  5655  5710  5623  5631  5640  5631  5690  1525  5624
    5687  5665  5619  5631  1500  1483  5648  5657  5600  5680  5616
    5639  1503  5599  5651  1509  5674  5675  1510  5601  5663  5617
    5620  5697  5617  5622  5616  5672  1501  5648  5628  5616  5700
    5632  5648  5671  1498  5638  5626  5615  5590  5688  5689  5652
    5631  5652  5605  5593  5653  5670]]

 [[    2     2     2     2     2     2     2     2     2     2     2
       2     2     2     2     2     2     2     2     2     2     2
       2     2     2     2     2     2     2     2     2     2     2
       2     2     2     2     2     2     2     2     2     2     2
       2     2     2     2     2     2     2     2     2     2     2
       2     2     2     2     2     2]
  [ 4275  1161  1167  1174  1165  1174  1181  1196  5643  5644  5680
    5688  1190  5620  1166  1170  1157  5655  5623  5665  5632  5624
    5612  1183  1186  1185  5639  5661  1168  1173  1164  1179  1172
    1179  1182  5605  1184  5591  5629  1164  5619  5636  5645  5636
    1177  5696  5659  1172  5638  1176  5639  5616  1172  1195  5664
    5631  1180  5648  5599  5601  5604]]]
stable
 
 err: 
done running mariposa 138.2
Bisecting: 13 revisions left to test after this (roughly 4 steps)
[1e0c1cefd6e60d81dccaf4a222b2d8580cacbca9] add definitions for under-specified cases of arithmetic operators #2663 #2676 #2679
running python3 /home/yizhou7/mariposa/scripts/z3-bisect.py /home/yizhou7/mariposa/data/bisect_tasks/fs_vwasm_z3_clean--semantics-temp-queries-Views-18.txt
building z3
done building z3 31.0
running mariposa
res: 0 
 out: [[[    2     2     2     2     2     2     2     2     2     2     2
       2     2     2     2     2     2     2     2     2     2     2
       2     2     2     2     2     2     2     2     2     2     2
       2     2     2     2     2     2     2     2     2     2     2
       2     2     2     2     2     2     2     2     2     2     2
       2     2     2     2     2     3]
  [ 4233   766  1521  1347  1862  1211  1737  1635  1078   768  1413
    1005  2313  2500   842  1021  2099  2965  1020  3106  1703   860
    1712  2047   920  1081  1973  2478  2167  1177  4182   944  2015
    1622   813   900  1055  2298  1454  1535  2684  7987  1974  1433
    1487  1578  2494  2605  2887  1577  1261  1627  1363  1514  1127
    1191  2122 20672 41229 37807 60011]]

 [[    2     2     2     2     2     2     2     2     2     2     2
       2     2     2     2     2     2     2     2     2     2     2
       2     2     2     2     2     2     2     2     2     2     2
       2     2     2     2     2     2     2     2     2     2     2
       2     2     2     2     2     2     2     2     2     2     2
       2     2     2     2     2     2]
  [ 4233  1496  5665  5667  5640  5632  5643  5657  5611  1515  5707
    5628  5657  5607  1490  5648  1492  5585  5622  5639  5652  5712
    5618  1493  5615  5673  1524  5620  5635  1505  5622  5660  5599
    5651  5639  5670  5616  5640  5651  1515  5620  5620  5635  5644
    5646  5635  5712  1509  5619  5668  5610  5621  5691  5632  5654
    5681  5604  5610  5622  5618  5597]]

 [[    2     2     2     2     2     2     2     2     2     2     2
       2     2     2     2     2     2     2     2     2     2     2
       2     2     2     2     2     2     2     2     2     2     2
       2     2     2     2     2     2     2     2     2     2     2
       2     2     2     2     2     2     2     2     2     2     2
       2     2     2     2     2     2]
  [ 4233  1160  1163  1173  1162  1156  1181  1189  5598  5624  5648
    5668  1194  5613  1174  1168  5589  1166  5625  5674  5585  5646
    5630  1180  1192  5617  5621  1175  1174  1156  1162  1157  1173
    1172  1177  5623  1165  5586  5590  1161  5642  5618  5650  5601
    5661  1178  5592  1170  5598  1170  5647  5601  1169  1177  5670
    1185  5655  5614  5610  5585  5587]]]
stable
 
 err: 
done running mariposa 138.0
Bisecting: 6 revisions left to test after this (roughly 3 steps)
[dd827cae1cb90cbe597cd3f793b0bb2b1737f0e6] remove IS_GNU
running python3 /home/yizhou7/mariposa/scripts/z3-bisect.py /home/yizhou7/mariposa/data/bisect_tasks/fs_vwasm_z3_clean--semantics-temp-queries-Views-18.txt
building z3
done building z3 9.6
running mariposa
res: 0 
 out: [[[    2     2     2     2     2     2     2     2     2     2     2
       2     2     2     2     2     2     2     2     2     2     2
       2     2     2     2     2     2     2     2     2     2     2
       2     2     2     2     2     2     2     2     2     2     2
       2     2     2     2     2     2     2     2     2     2     2
       2     2     2     2     2     2]
  [ 1655  1598  1390   786  1014  2183  1390  1852  2671  2153  2423
    1570  1447  2132  4268  2202  3121  1088  2173  1273  1240  1195
    1387  1936  1559  1068   850  2627  1831  1130  1746  1951   963
     843  1598  2637   894   921  1087  1968  2738  1513  1302  1635
    1948  6421  1055   971   888 13416  1567 19595  1634  6059  1662
    1456  6789  1261  1711   892  2687]]

 [[    2     2     2     2     2     2     2     2     2     2     2
       2     2     2     2     2     2     2     2     2     2     2
       2     2     2     2     2     2     2     2     2     2     2
       2     2     2     2     2     2     2     2     2     2     2
       2     2     2     2     2     2     2     2     2     2     2
       2     2     2     2     2     2]
  [ 1655  2157  2154  1711  2146  2175  2153  2169  2167  2148  2146
    2186  2155  1708  2159  2154  2135  2128  1708  2153  2169  1710
    2149  2135  2146  2143  2151  1717  2177  2143  2115  1709  1711
    2130  2169  2158  2149  2153  2161  2175  2152  1725  2149  2169
    2144  2144  2146  2179  2145  1727  2155  2145  2154  2146  2168
    2163  2178  2156  2143  2151  2151]]

 [[    2     2     2     2     2     2     2     2     2     2     2
       2     2     2     2     2     2     2     2     2     2     2
       2     2     2     2     2     2     2     2     2     2     2
       2     2     2     2     2     2     2     2     2     2     2
       2     2     2     2     2     2     2     2     2     2     2
       2     2     2     2     2     2]
  [ 1655  1012  1014  1020  1017  1015  2164  2172  2191  2196  1001
     995  2151  1002  1000  1006  2136  1008  2170  2150  2155  2158
    2176  1006  2154  1005  1022  2156  2170  1000  1000  1007   992
     990  1013  1016  2140  2137   994  1000  2148  2165  2159  2171
    2180  2146  1020  1002  2164  2153  2148   998  1000   996  2165
    2148   999  2172  2161  2147  2141]]]
stable
 
 err: 
done running mariposa 56.8
Bisecting: 2 revisions left to test after this (roughly 2 steps)
[0c1b68b598ee3532f72fa030a326c617683b0d87] remove unused variable
running python3 /home/yizhou7/mariposa/scripts/z3-bisect.py /home/yizhou7/mariposa/data/bisect_tasks/fs_vwasm_z3_clean--semantics-temp-queries-Views-18.txt
building z3
done building z3 3.1
running mariposa
res: 1 
 out: [[[    2     2     2     2     2     2     2     2     2     2     2
       2     2     2     2     2     2     2     2     2     2     2
       2     2     2     2     2     2     2     2     2     2     2
       2     2     2     2     2     2     2     2     2     2     2
       2     2     2     2     2     2     2     2     2     2     2
       3     3     3     3     3     3]
  [ 1131  1226  1064  1375   970  1091  1750  5360  1667  6498  1447
    1150  3007  1805  1056  1652  1375  2470  1591 13365  1028  2079
    1818  5555  1285  1794  1782 12442   889  1920   908  1706  1219
    2740  1440  1332  1537  1916  1133 20050  1095  1894  2706   746
    1745  1583  1879  7468  8393  1494  2327  1160  1319  2318  1961
   60010 60009 60010 60009 60010 60009]]

 [[    2     2     2     2     2     2     2     2     2     2     2
       2     2     2     2     2     2     2     2     2     2     2
       2     2     2     2     2     2     2     2     2     2     2
       2     2     2     2     2     2     2     2     2     2     2
       2     2     2     2     2     2     2     2     2     2     2
       2     2     2     2     2     2]
  [ 1131  1389  1380  2073  1388  1391  1385  1400  1399  1400  1383
    1385  1380  1382  1371  1394  2058  1381  1390  1384  1382  2072
    1372  2079  1385  1395  1395  1382  1378  1370  2037  1381  2071
    1385  1381  2068  1388  1382  1384  1399  1392  1371  1385  2058
    1381  1379  1392  1382  1380  1381  1376  1380  1379  1393  1374
    2083  1375  1393  1384  1385  1400]]

 [[    2     2     2     2     2     2     2     2     2     2     2
       2     2     2     2     2     2     2     2     2     2     2
       2     2     2     2     2     2     2     2     2     2     2
       2     2     2     2     2     2     2     2     2     2     2
       2     2     2     2     2     2     2     2     2     2     2
       2     2     2     2     2     2]
  [ 1131  1249  1255  1261  1401  1408  1408  1408  1244  1245  1390
    1249  1255  1261  1394  1240  1236  1396  1236  1396  1404  1403
    1380  1389  1396  1240  1251  1254  1396  1392  1252  1240  1256
    1250  1394  1244  1248  1257  1268  1402  1396  1391  1393  1242
    1400  1397  1240  1396  1390  1383  1249  1387  1242  1405  1237
    1395  1393  1241  1380  1245  1383]]]
unstable
 
 err: 
done running mariposa 140.1
Bisecting: 1 revision left to test after this (roughly 1 step)
[779183da061a056f2e0595545d24eccd99bd8633] fixing smtfd
running python3 /home/yizhou7/mariposa/scripts/z3-bisect.py /home/yizhou7/mariposa/data/bisect_tasks/fs_vwasm_z3_clean--semantics-temp-queries-Views-18.txt
building z3
done building z3 3.9
running mariposa
res: 1 
 out: [[[    2     2     2     2     2     2     2     2     2     2     2
       2     2     2     2     2     2     2     2     2     2     2
       2     2     2     2     2     2     2     2     2     2     2
       2     2     2     2     2     2     2     2     2     2     2
       2     2     2     2     2     2     2     2     2     2     2
       3     3     3     3     3     3]
  [ 1142  1235  1065  1364   972  1109  1771  5395  1666  6544  1434
    1149  3040  1800  1663  1070  1390  2493  1522 13392  2083  1040
    1800  5580  1274  1783  1779 12407   894  1835   916  1688  1221
    2736  1441  1339  1535  1928  1140 20069  1112  1897  2718   743
    1744  1586  1879  8428  7467  1522  2338  1148  1309  2340  1939
   60011 60009 60011 60011 60010 60010]]

 [[    2     2     2     2     2     2     2     2     2     2     2
       2     2     2     2     2     2     2     2     2     2     2
       2     2     2     2     2     2     2     2     2     2     2
       2     2     2     2     2     2     2     2     2     2     2
       2     2     2     2     2     2     2     2     2     2     2
       2     2     2     2     2     2]
  [ 1142  1380  1379  2079  1387  1410  1401  1390  1387  1388  1385
    1379  1386  1394  1382  1374  2071  1373  1390  1400  1392  2072
    1376  2063  1382  1404  1395  1392  1386  1371  2053  1376  2041
    1386  1401  2057  1402  1387  1402  1383  1388  1378  1370  2070
    1374  1387  1383  1395  1382  1378  1385  1391  1379  1383  1373
    2080  1382  1393  1380  1394  1384]]

 [[    2     2     2     2     2     2     2     2     2     2     2
       2     2     2     2     2     2     2     2     2     2     2
       2     2     2     2     2     2     2     2     2     2     2
       2     2     2     2     2     2     2     2     2     2     2
       2     2     2     2     2     2     2     2     2     2     2
       2     2     2     2     2     2]
  [ 1142  1249  1256  1259  1403  1403  1405  1409  1244  1246  1242
    1251  1405  1248  1401  1251  1383  1249  1387  1389  1251  1407
    1395  1393  1392  1239  1253  1242  1403  1241  1394  1250  1263
    1251  1397  1242  1246  1244  1254  1397  1400  1396  1390  1244
    1387  1399  1385  1255  1395  1387  1239  1388  1236  1393  1237
    1391  1395  1236  1396  1237  1380]]]
unstable
 
 err: 
done running mariposa 140.2
Bisecting: 0 revisions left to test after this (roughly 0 steps)
[d23230ec159a215acdbc28be3df628ed98d33b61] fix declaration sorts of auxiliary functions
running python3 /home/yizhou7/mariposa/scripts/z3-bisect.py /home/yizhou7/mariposa/data/bisect_tasks/fs_vwasm_z3_clean--semantics-temp-queries-Views-18.txt
building z3
done building z3 3.1
running mariposa
res: 1 
 out: [[[    2     2     2     2     2     2     2     2     2     2     2
       2     2     2     2     2     2     2     2     2     2     2
       2     2     2     2     2     2     2     2     2     2     2
       2     2     2     2     2     2     2     2     2     2     2
       2     2     2     2     2     2     2     2     2     2     2
       3     3     3     3     3     3]
  [ 1138  1241  1062  1370   979  1091  1758  5361  1707  6507  1450
    1158  3011  1827  1069  1666  1384  2470  1514 13356  2062  1022
    1817  5575  1281  1782  1770 12477   900  1840   919  1696  1211
    2756  1444  1337  1553  1943  1144 19970  1094  1906  2721   750
    1747  1577  1895  8387  7476  1503  2352  1231  1321  2322  1958
   60011 60009 60009 60011 60010 60009]]

 [[    2     2     2     2     2     2     2     2     2     2     2
       2     2     2     2     2     2     2     2     2     2     2
       2     2     2     2     2     2     2     2     2     2     2
       2     2     2     2     2     2     2     2     2     2     2
       2     2     2     2     2     2     2     2     2     2     2
       2     2     2     2     2     2]
  [ 1138  1386  1375  2065  1385  1400  1395  1398  1387  1391  1363
    1377  1403  1395  1383  1379  2072  1378  1390  1408  1386  2060
    1386  1379  2067  1386  1399  1376  1381  1360  1372  2053  2065
    1387  1382  2055  1393  1389  1389  1390  1384  1371  1385  2038
    1376  1384  1387  1386  1387  1387  1378  1392  1384  1366  1370
    2058  1391  1396  1382  1391  1393]]

 [[    2     2     2     2     2     2     2     2     2     2     2
       2     2     2     2     2     2     2     2     2     2     2
       2     2     2     2     2     2     2     2     2     2     2
       2     2     2     2     2     2     2     2     2     2     2
       2     2     2     2     2     2     2     2     2     2     2
       2     2     2     2     2     2]
  [ 1138  1249  1252  1258  1395  1398  1403  1412  1241  1244  1390
    1247  1243  1254  1406  1243  1235  1388  1386  1381  1243  1398
    1393  1384  1390  1237  1250  1250  1390  1246  1259  1242  1397
    1237  1387  1245  1250  1243  1254  1401  1398  1384  1392  1242
    1394  1390  1242  1396  1398  1381  1240  1392  1389  1250  1230
    1386  1388  1237  1386  1250  1389]]]
unstable
 
 err: 
done running mariposa 140.0
d23230ec159a215acdbc28be3df628ed98d33b61 is the first bad commit
commit d23230ec159a215acdbc28be3df628ed98d33b61
Author: Nikolaj Bjorner <nbjorner@microsoft.com>
Date:   Fri Nov 8 12:42:29 2019 -0800

    fix declaration sorts of auxiliary functions
    
    Signed-off-by: Nikolaj Bjorner <nbjorner@microsoft.com>

 src/ast/arith_decl_plugin.cpp | 12 ++++++++----
 1 file changed, 8 insertions(+), 4 deletions(-)
bisect run success
git bisect start
# good: [e79542cc689d52ec4cb34ce4ae3fbe56e7a0bf70] fix #2309
git bisect good e79542cc689d52ec4cb34ce4ae3fbe56e7a0bf70
# bad: [ad55a1f1c617a7f0c3dd735c0780fc758424c7f1] Update release.yml for Azure Pipelines
git bisect bad ad55a1f1c617a7f0c3dd735c0780fc758424c7f1
# skip: [e2702f3ae88f5c48a55f4473bb5c29184c182634] fixes in assigning constraints to intervals
git bisect skip e2702f3ae88f5c48a55f4473bb5c29184c182634
# skip: [1915812f84cf41a5f232eedf2a695a54d055aa88] add a test for intervals
git bisect skip 1915812f84cf41a5f232eedf2a695a54d055aa88
# bad: [8faf35e2e0c8fce99794e71bd3b5de74b95ceb5a] fix #3735
git bisect bad 8faf35e2e0c8fce99794e71bd3b5de74b95ceb5a
# skip: [d1a5635b4ad7f8632356b380f3a9b1fc83fdb04f] better model based lemmaas
git bisect skip d1a5635b4ad7f8632356b380f3a9b1fc83fdb04f
# skip: [0a86bd14f792ef5fadb8eeb346729a612f7e1588] start on test nla
git bisect skip 0a86bd14f792ef5fadb8eeb346729a612f7e1588
# bad: [f7747d9e76bd685a02ce5c5fbda91fc356856b5e] fix parameter collection for tactic-based solvers reported in #3065
git bisect bad f7747d9e76bd685a02ce5c5fbda91fc356856b5e
# skip: [0644194fc96a853df44c37f9e4522796aa40add8] work on lemma from product to factors, and some renaming
git bisect skip 0644194fc96a853df44c37f9e4522796aa40add8
# good: [0321312c8db1d3f0edbd23e6e48884fbb7d77d1d] Changed to get_const_interp to match Java and C# bindings
git bisect good 0321312c8db1d3f0edbd23e6e48884fbb7d77d1d
# skip: [c9e989ae853667faaa04c98e128e48130e05b07f] fix build of lp_tst
git bisect skip c9e989ae853667faaa04c98e128e48130e05b07f
# bad: [73662ad60d26755b7cd4c65c88766298125ee6a5] fix #3016
git bisect bad 73662ad60d26755b7cd4c65c88766298125ee6a5
# skip: [403743cb30a07a99ef035f647993229b2960d9d6] switch to constraint based sign lemma
git bisect skip 403743cb30a07a99ef035f647993229b2960d9d6
# skip: [130995a3db793cefb402d85431fa66b0fa8165ab] print terms as monomials
git bisect skip 130995a3db793cefb402d85431fa66b0fa8165ab
# good: [bfc30440ac040d58fa05d76612fd766f512c0c5a] update nightly
git bisect good bfc30440ac040d58fa05d76612fd766f512c0c5a
# skip: [754656212d592947af3994df09d668aeca2000b7] allow more sign lemmas
git bisect skip 754656212d592947af3994df09d668aeca2000b7
# bad: [4a94abe7d7f3996cbdfac69e08836b3233f8efce] Update nightly.yaml
git bisect bad 4a94abe7d7f3996cbdfac69e08836b3233f8efce
# bad: [5f78ca9b588d3d0a7405e39630d548477f750710] z3str3: negative lengths in get_len_value don't count
git bisect bad 5f78ca9b588d3d0a7405e39630d548477f750710
# bad: [12819640b7d39608f8dd6cece58d0d1b52ffe3b0] fix E instantiation
git bisect bad 12819640b7d39608f8dd6cece58d0d1b52ffe3b0
# good: [18b8089a1ee1b060ffb0cb728acd56f24333c70b] Revert "remove unused random seed parameter on cmd_context"
git bisect good 18b8089a1ee1b060ffb0cb728acd56f24333c70b
# good: [1e0c1cefd6e60d81dccaf4a222b2d8580cacbca9] add definitions for under-specified cases of arithmetic operators #2663 #2676 #2679
git bisect good 1e0c1cefd6e60d81dccaf4a222b2d8580cacbca9
# good: [dd827cae1cb90cbe597cd3f793b0bb2b1737f0e6] remove IS_GNU
git bisect good dd827cae1cb90cbe597cd3f793b0bb2b1737f0e6
# bad: [0c1b68b598ee3532f72fa030a326c617683b0d87] remove unused variable
git bisect bad 0c1b68b598ee3532f72fa030a326c617683b0d87
# bad: [779183da061a056f2e0595545d24eccd99bd8633] fixing smtfd
git bisect bad 779183da061a056f2e0595545d24eccd99bd8633
# bad: [d23230ec159a215acdbc28be3df628ed98d33b61] fix declaration sorts of auxiliary functions
git bisect bad d23230ec159a215acdbc28be3df628ed98d33b61
# first bad commit: [d23230ec159a215acdbc28be3df628ed98d33b61] fix declaration sorts of auxiliary functions
