running python3 /home/yizhou7/mariposa/scripts/z3-bisect.py /home/yizhou7/mariposa/data/bisect_tasks/fs_vwasm_z3_clean--common-queries-Common.OrdSet-18.txt
building z3
Bisecting: 1453 revisions left to test after this (roughly 11 steps)
[1915812f84cf41a5f232eedf2a695a54d055aa88] add a test for intervals
running python3 /home/yizhou7/mariposa/scripts/z3-bisect.py /home/yizhou7/mariposa/data/bisect_tasks/fs_vwasm_z3_clean--common-queries-Common.OrdSet-18.txt
building z3
Bisecting: 1453 revisions left to test after this (roughly 11 steps)
[8faf35e2e0c8fce99794e71bd3b5de74b95ceb5a] fix #3735
running python3 /home/yizhou7/mariposa/scripts/z3-bisect.py /home/yizhou7/mariposa/data/bisect_tasks/fs_vwasm_z3_clean--common-queries-Common.OrdSet-18.txt
building z3
done building z3 3.2
running mariposa
res: 1 
 out: [[[ 4  4  4  4  4  4  4  4  4  4  4  4  4  4  4  4  4  4  4  4  4  4  4
    4  4  4  4  4  4  4  4  4  4  4  4  4  4  4  4  4  4  4  4  4  4  4
    4  4  4  4  4  4  4  4  4  4  4  4  4  4  4]
  [20 22 23 24 23 26 26 26 23 22 23 23 24 24 24 24 24 24 24 24 23 24 23
   23 24 24 24 24 24 23 23 23 24 24 24 25 23 24 24 24 25 25 25 23 24 24
   23 24 23 24 26 23 24 24 23 22 24 25 22 22 22]]

 [[ 4  4  4  2  4  4  4  4  4  4  2  4  4  4  2  4  4  4  4  4  4  2  4
    4  4  4  4  4  4  4  4  4  4  4  4  4  4  4  4  4  4  4  2  4  4  4
    4  4  4  4  4  4  2  4  4  4  4  4  4  4  4]
  [20 23 24 26 25 26 26 26 26 26 26 23 23 24 25 23 23 22 24 23 23 26 24
   24 24 23 22 23 24 25 25 25 23 23 23 23 25 23 23 22 24 25 26 25 24 24
   26 26 23 23 23 24 25 23 25 24 24 23 24 24 25]]

 [[ 4  4  4  4  4  4  4  4  4  4  4  4  4  4  4  4  4  4  4  4  4  4  4
    4  4  4  4  4  4  4  4  4  4  4  4  4  4  4  4  4  4  4  4  4  4  4
    4  4  4  4  4  4  4  4  4  4  4  4  4  4  4]
  [20 24 24 24 24 24 24 24 23 23 23 24 24 24 23 23 23 22 24 23 23 23 23
   24 24 23 24 24 24 24 23 24 23 23 24 24 22 23 24 23 24 23 24 23 23 24
   24 25 26 26 23 23 23 22 21 21 22 23 23 23 23]]]
unstable
 
 err: 
done running mariposa 1.9
Bisecting: 1254 revisions left to test after this (roughly 10 steps)
[d1a5635b4ad7f8632356b380f3a9b1fc83fdb04f] better model based lemmaas
running python3 /home/yizhou7/mariposa/scripts/z3-bisect.py /home/yizhou7/mariposa/data/bisect_tasks/fs_vwasm_z3_clean--common-queries-Common.OrdSet-18.txt
building z3
Bisecting: 1254 revisions left to test after this (roughly 10 steps)
[0a86bd14f792ef5fadb8eeb346729a612f7e1588] start on test nla
running python3 /home/yizhou7/mariposa/scripts/z3-bisect.py /home/yizhou7/mariposa/data/bisect_tasks/fs_vwasm_z3_clean--common-queries-Common.OrdSet-18.txt
building z3
Bisecting: 1254 revisions left to test after this (roughly 10 steps)
[f7747d9e76bd685a02ce5c5fbda91fc356856b5e] fix parameter collection for tactic-based solvers reported in #3065
running python3 /home/yizhou7/mariposa/scripts/z3-bisect.py /home/yizhou7/mariposa/data/bisect_tasks/fs_vwasm_z3_clean--common-queries-Common.OrdSet-18.txt
building z3
done building z3 3.4
running mariposa
res: 1 
 out: [[[ 4  4  4  4  4  4  4  4  4  4  4  4  4  4  4  4  4  4  4  4  4  4  4
    4  4  4  4  4  4  4  4  4  4  4  4  4  4  4  4  4  4  4  4  4  4  4
    4  4  4  4  4  4  4  4  4  4  4  4  4  4  4]
  [20 25 25 25 25 24 24 24 24 24 25 25 25 26 24 24 25 26 25 24 25 24 24
   25 25 25 24 24 24 24 24 26 25 24 24 23 24 24 25 24 24 25 24 24 24 27
   24 24 24 24 24 24 25 24 24 24 24 23 23 24 23]]

 [[ 4  4  2  4  4  4  4  4  4  4  2  4  4  4  2  4  4  4  4  4  2  4  4
    4  4  4  4  4  4  4  4  4  4  4  4  4  4  4  4  2  4  4  4  4  4  4
    4  4  4  4  4  4  2  4  4  4  4  4  4  4  4]
  [20 26 27 34 25 25 25 26 24 24 28 24 24 24 27 24 24 25 24 24 25 25 25
   26 23 26 23 25 24 26 25 25 26 24 25 25 26 24 24 28 23 24 25 25 24 24
   25 24 24 24 27 26 25 25 25 24 25 26 24 25 26]]

 [[ 4  4  4  4  4  4  4  4  4  4  4  4  4  4  4  4  4  4  4  4  4  4  4
    4  4  4  4  4  4  4  4  4  4  4  4  4  4  4  4  4  4  4  4  4  4  4
    4  4  4  4  4  4  4  4  4  4  4  4  4  4  4]
  [20 25 24 25 25 25 25 25 24 24 24 25 24 25 25 25 25 24 24 24 25 24 24
   24 24 24 24 34 35 24 24 24 23 23 23 24 25 25 25 25 27 25 25 24 23 25
   24 24 24 24 23 24 23 26 26 26 26 25 24 25 25]]]
unstable
 
 err: 
done running mariposa 1.9
Bisecting: 1034 revisions left to test after this (roughly 10 steps)
[0644194fc96a853df44c37f9e4522796aa40add8] work on lemma from product to factors, and some renaming
running python3 /home/yizhou7/mariposa/scripts/z3-bisect.py /home/yizhou7/mariposa/data/bisect_tasks/fs_vwasm_z3_clean--common-queries-Common.OrdSet-18.txt
building z3
Bisecting: 1034 revisions left to test after this (roughly 10 steps)
[0321312c8db1d3f0edbd23e6e48884fbb7d77d1d] Changed to get_const_interp to match Java and C# bindings
running python3 /home/yizhou7/mariposa/scripts/z3-bisect.py /home/yizhou7/mariposa/data/bisect_tasks/fs_vwasm_z3_clean--common-queries-Common.OrdSet-18.txt
building z3
done building z3 3.2
running mariposa
res: 0 
 out: [[[ 2  2  2  2  2  2  2  2  2  2  2  2  2  2  2  2  2  2  2  2  2  2  2
    2  2  2  2  2  2  2  2  2  2  2  2  2  2  2  2  2  2  2  2  2  2  2
    2  2  2  2  2  2  2  2  2  2  2  2  2  2  2]
  [21 25 24 26 26 27 25 26 26 27 26 27 26 26 26 26 26 27 27 25 25 26 25
   26 28 26 25 24 25 25 26 27 26 25 25 26 25 25 26 26 25 25 26 25 25 27
   26 25 25 25 24 26 26 27 26 25 26 25 26 25 24]]

 [[ 2  2  2  2  2  2  2  2  2  2  2  2  2  2  2  2  2  2  2  2  2  2  2
    2  2  2  2  2  2  2  2  2  2  2  2  2  2  2  2  2  2  2  2  2  2  2
    2  2  2  2  2  2  2  2  2  2  2  2  2  2  2]
  [21 29 25 25 25 25 26 26 25 25 24 26 26 27 26 25 27 27 25 24 25 25 28
   26 25 25 25 26 27 25 27 25 25 24 25 28 25 26 25 26 26 26 24 25 26 25
   25 26 24 25 25 26 25 24 25 25 26 27 25 24 28]]

 [[ 2  2  2  2  2  2  2  2  2  2  2  2  2  2  2  2  2  2  2  2  2  2  2
    2  2  2  2  2  2  2  2  2  2  2  2  2  2  2  2  2  2  2  2  2  2  2
    2  2  2  2  2  2  2  2  2  2  2  2  2  2  2]
  [21 26 25 26 26 26 26 25 25 25 25 25 25 36 36 24 25 24 25 25 25 25 25
   25 25 24 25 25 25 25 25 25 25 25 25 24 24 25 24 26 25 24 25 25 25 25
   25 25 25 25 24 24 24 24 25 25 26 26 26 26 26]]]
stable
 
 err: 
done running mariposa 1.9
Bisecting: 771 revisions left to test after this (roughly 10 steps)
[c9e989ae853667faaa04c98e128e48130e05b07f] fix build of lp_tst
running python3 /home/yizhou7/mariposa/scripts/z3-bisect.py /home/yizhou7/mariposa/data/bisect_tasks/fs_vwasm_z3_clean--common-queries-Common.OrdSet-18.txt
building z3
Bisecting: 771 revisions left to test after this (roughly 10 steps)
[73662ad60d26755b7cd4c65c88766298125ee6a5] fix #3016
running python3 /home/yizhou7/mariposa/scripts/z3-bisect.py /home/yizhou7/mariposa/data/bisect_tasks/fs_vwasm_z3_clean--common-queries-Common.OrdSet-18.txt
building z3
done building z3 3.2
running mariposa
res: 1 
 out: [[[ 4  4  4  4  4  4  4  4  4  4  4  4  4  4  4  4  4  4  4  4  4  4  4
    4  4  4  4  4  4  4  4  4  4  4  4  4  4  4  4  4  4  4  4  4  4  4
    4  4  4  4  4  4  4  4  4  4  4  4  4  4  4]
  [20 24 24 24 24 25 25 24 23 23 23 24 24 26 24 24 25 23 24 24 26 23 24
   24 24 24 24 26 24 24 24 23 24 24 24 23 23 24 23 23 24 26 23 23 24 24
   24 24 23 22 23 23 24 24 22 24 24 23 24 23 23]]

 [[ 4  4  4  2  4  4  4  4  4  4  2  4  4  4  2  4  4  4  4  4  4  2  4
    4  4  4  4  4  4  4  4  4  4  4  4  4  4  4  4  4  4  4  2  4  4  4
    4  4  4  4  4  4  2  4  4  4  4  4  4  4  4]
  [20 24 25 27 24 25 24 25 24 25 24 23 24 24 26 24 23 23 24 24 22 25 24
   24 24 22 24 24 24 25 25 25 24 24 24 25 24 24 23 24 25 25 26 25 25 24
   24 24 24 24 24 24 25 24 24 24 23 24 24 25 26]]

 [[ 4  4  4  4  4  4  4  4  4  4  4  4  4  4  4  4  4  4  4  4  4  4  4
    4  4  4  4  4  4  4  4  4  4  4  4  4  4  4  4  4  4  4  4  4  4  4
    4  4  4  4  4  4  4  4  4  4  4  4  4  4  4]
  [20 25 24 25 23 25 24 25 24 24 24 25 24 25 24 24 24 24 24 24 25 25 24
   24 24 24 24 24 24 24 24 24 24 24 24 26 24 24 24 24 25 23 23 24 24 24
   24 24 24 25 24 24 24 24 24 24 25 24 23 23 24]]]
unstable
 
 err: 
done running mariposa 1.9
Bisecting: 685 revisions left to test after this (roughly 10 steps)
[403743cb30a07a99ef035f647993229b2960d9d6] switch to constraint based sign lemma
running python3 /home/yizhou7/mariposa/scripts/z3-bisect.py /home/yizhou7/mariposa/data/bisect_tasks/fs_vwasm_z3_clean--common-queries-Common.OrdSet-18.txt
building z3
Bisecting: 685 revisions left to test after this (roughly 10 steps)
[130995a3db793cefb402d85431fa66b0fa8165ab] print terms as monomials
running python3 /home/yizhou7/mariposa/scripts/z3-bisect.py /home/yizhou7/mariposa/data/bisect_tasks/fs_vwasm_z3_clean--common-queries-Common.OrdSet-18.txt
building z3
Bisecting: 685 revisions left to test after this (roughly 10 steps)
[bfc30440ac040d58fa05d76612fd766f512c0c5a] update nightly
running python3 /home/yizhou7/mariposa/scripts/z3-bisect.py /home/yizhou7/mariposa/data/bisect_tasks/fs_vwasm_z3_clean--common-queries-Common.OrdSet-18.txt
building z3
done building z3 3.1
running mariposa
res: 0 
 out: [[[ 2  2  2  2  2  2  2  2  2  2  2  2  2  2  2  2  2  2  2  2  2  2  2
    2  2  2  2  2  2  2  2  2  2  2  2  2  2  2  2  2  2  2  2  2  2  2
    2  2  2  2  2  2  2  2  2  2  2  2  2  2  2]
  [21 25 24 24 26 24 26 25 26 26 26 26 24 24 25 26 26 26 27 24 24 26 26
   26 25 26 36 37 25 25 25 27 27 25 25 24 25 25 26 26 25 25 23 24 24 26
   25 25 25 24 24 25 27 25 24 23 25 24 25 25 22]]

 [[ 2  2  2  2  2  2  2  2  2  2  2  2  2  2  2  2  2  2  2  2  2  2  2
    2  2  2  2  2  2  2  2  2  2  2  2  2  2  2  2  2  2  2  2  2  2  2
    2  2  2  2  2  2  2  2  2  2  2  2  2  2  2]
  [21 27 26 26 25 24 26 26 27 25 25 24 25 24 25 27 27 28 24 24 25 26 28
   24 26 24 24 27 26 27 25 25 24 24 28 24 26 25 25 25 26 24 25 26 25 25
   24 24 26 28 26 26 26 25 25 25 26 26 25 26 26]]

 [[ 2  2  2  2  2  2  2  2  2  2  2  2  2  2  2  2  2  2  2  2  2  2  2
    2  2  2  2  2  2  2  2  2  2  2  2  2  2  2  2  2  2  2  2  2  2  2
    2  2  2  2  2  2  2  2  2  2  2  2  2  2  2]
  [21 26 26 25 26 26 25 26 25 25 26 25 25 25 25 25 25 25 25 24 25 25 24
   25 25 25 23 23 23 25 24 23 24 23 23 24 25 24 24 24 24 24 24 25 25 23
   25 25 23 23 24 25 24 25 25 36 36 23 25 24 25]]]
stable
 
 err: 
done running mariposa 1.9
Bisecting: 644 revisions left to test after this (roughly 9 steps)
[754656212d592947af3994df09d668aeca2000b7] allow more sign lemmas
running python3 /home/yizhou7/mariposa/scripts/z3-bisect.py /home/yizhou7/mariposa/data/bisect_tasks/fs_vwasm_z3_clean--common-queries-Common.OrdSet-18.txt
building z3
Bisecting: 644 revisions left to test after this (roughly 9 steps)
[4a94abe7d7f3996cbdfac69e08836b3233f8efce] Update nightly.yaml
running python3 /home/yizhou7/mariposa/scripts/z3-bisect.py /home/yizhou7/mariposa/data/bisect_tasks/fs_vwasm_z3_clean--common-queries-Common.OrdSet-18.txt
building z3
done building z3 85.3
running mariposa
res: 1 
 out: [[[ 4  4  4  4  4  4  4  4  4  4  4  4  4  4  4  4  4  4  4  4  4  4  4
    4  4  4  4  4  4  4  4  4  4  4  4  4  4  4  4  4  4  4  4  4  4  4
    4  4  4  4  4  4  4  4  4  4  4  4  4  4  4]
  [20 24 24 24 23 23 23 25 24 24 24 24 24 24 25 23 23 24 24 24 24 25 23
   23 24 24 24 24 25 22 23 24 24 24 24 24 24 25 24 24 24 24 24 24 25 23
   23 23 23 24 24 24 24 24 24 24 24 23 23 24 23]]

 [[ 4  4  4  2  4  4  4  4  4  4  2  4  4  4  2  4  4  4  4  4  4  2  4
    4  4  4  4  4  4  4  4  4  4  4  4  4  4  4  4  4  4  4  2  4  4  4
    4  4  4  4  4  4  2  4  4  4  4  4  4  4  4]
  [20 24 24 27 25 26 26 26 25 24 26 24 24 24 26 24 24 23 24 25 22 26 24
   24 24 22 24 24 25 25 25 25 23 25 24 24 23 24 24 24 24 26 26 25 25 25
   23 24 24 24 23 24 25 24 24 32 32 25 25 25 24]]

 [[ 4  4  4  4  4  4  4  4  4  4  4  4  4  4  4  4  4  4  4  4  4  4  4
    4  4  4  4  4  4  4  4  4  4  4  4  4  4  4  4  4  4  4  4  4  4  4
    4  4  4  4  4  4  4  4  4  4  4  4  4  4  4]
  [20 25 24 25 25 24 24 24 24 24 24 24 24 24 24 24 24 24 24 25 24 24 24
   25 24 25 24 24 25 24 24 24 24 25 24 24 24 24 23 24 25 25 24 24 24 25
   24 24 25 24 24 24 24 24 24 24 24 23 24 24 23]]]
unstable
 
 err: 
done running mariposa 1.9
Bisecting: 117 revisions left to test after this (roughly 7 steps)
[5f78ca9b588d3d0a7405e39630d548477f750710] z3str3: negative lengths in get_len_value don't count
running python3 /home/yizhou7/mariposa/scripts/z3-bisect.py /home/yizhou7/mariposa/data/bisect_tasks/fs_vwasm_z3_clean--common-queries-Common.OrdSet-18.txt
building z3
done building z3 30.7
running mariposa
res: 0 
 out: [[[ 2  2  2  2  2  2  2  2  2  2  2  2  2  2  2  2  2  2  2  2  2  2  2
    2  2  2  2  2  2  2  2  2  2  2  2  2  2  2  2  2  2  2  2  2  2  2
    2  2  2  2  2  2  2  2  2  2  2  2  2  2  2]
  [21 26 26 26 24 24 25 25 25 26 26 26 26 26 26 25 26 25 26 26 26 26 26
   26 25 26 26 26 26 26 26 25 26 25 26 26 26 26 26 26 26 26 26 26 26 26
   25 26 25 25 25 26 26 26 26 26 24 24 25 25 25]]

 [[ 2  2  2  2  2  2  2  2  2  2  2  2  2  2  2  2  2  2  2  2  2  2  2
    2  2  2  2  2  2  2  2  2  2  2  2  2  2  2  2  2  2  2  2  2  2  2
    2  2  2  2  2  2  2  2  2  2  2  2  2  2  2]
  [21 24 25 27 25 26 26 27 25 25 27 25 26 25 26 26 26 27 23 25 25 24 25
   26 27 27 27 27 28 24 25 27 25 24 26 28 25 24 24 25 25 27 26 25 25 26
   24 25 26 26 26 26 24 25 25 26 26 27 27 28 27]]

 [[ 2  2  2  2  2  2  2  2  2  2  2  2  2  2  2  2  2  2  2  2  2  2  2
    2  2  2  2  2  2  2  2  2  2  2  2  2  2  2  2  2  2  2  2  2  2  2
    2  2  2  2  2  2  2  2  2  2  2  2  2  2  2]
  [21 25 25 26 25 26 26 25 26 26 25 25 26 26 25 24 24 25 25 25 24 25 25
   26 25 26 25 25 25 26 25 25 25 25 26 25 25 26 25 26 25 25 24 25 25 25
   25 25 25 25 25 25 25 25 26 25 26 25 24 24 25]]]
stable
 
 err: 
done running mariposa 1.9
Bisecting: 58 revisions left to test after this (roughly 6 steps)
[20754bc72d4520eedc1173fbb5c3eb24f4afc422] fix #2768
running python3 /home/yizhou7/mariposa/scripts/z3-bisect.py /home/yizhou7/mariposa/data/bisect_tasks/fs_vwasm_z3_clean--common-queries-Common.OrdSet-18.txt
building z3
done building z3 85.8
running mariposa
res: 1 
 out: [[[ 4  4  4  4  4  4  4  4  4  4  4  4  4  4  4  4  4  4  4  4  4  4  4
    4  4  4  4  4  4  4  4  4  4  4  4  4  4  4  4  4  4  4  4  4  4  4
    4  4  4  4  4  4  4  4  4  4  4  4  4  4  4]
  [20 23 23 23 24 24 24 25 24 24 25 25 24 24 25 24 25 25 25 24 24 24 24
   24 24 25 23 23 24 23 24 25 25 24 24 24 24 24 25 25 24 23 24 24 24 24
   26 23 24 24 23 25 26 25 23 23 23 24 23 26 24]]

 [[ 4  2  4  4  4  4  4  4  4  4  2  4  4  4  2  4  4  4  4  4  4  2  4
    4  4  4  4  4  4  4  4  4  4  4  4  4  4  4  4  4  4  4  2  4  4  4
    4  4  4  4  4  4  2  4  4  4  4  4  4  4  4]
  [20 28 24 25 26 26 27 26 27 24 26 23 23 25 26 24 24 24 24 23 24 26 25
   24 24 23 25 25 24 26 26 25 24 25 24 24 25 25 24 24 23 24 25 25 25 24
   23 24 24 23 24 24 24 23 24 24 24 26 24 24 26]]

 [[ 4  4  4  4  4  4  4  4  4  4  4  4  4  4  4  4  4  4  4  4  4  4  4
    4  4  4  4  4  4  4  4  4  4  4  4  4  4  4  4  4  4  4  4  4  4  4
    4  4  4  4  4  4  4  4  4  4  4  4  4  4  4]
  [20 25 25 25 25 25 25 25 24 24 24 24 24 24 25 24 25 24 25 24 24 24 23
   23 23 23 24 24 22 24 24 25 24 24 25 24 24 24 24 24 24 34 34 24 25 24
   24 22 24 24 24 24 24 24 23 24 24 23 23 23 24]]]
unstable
 
 err: 
done running mariposa 1.9
Bisecting: 29 revisions left to test after this (roughly 5 steps)
[30d9ea5c2cd8c8e8d44780a8c197ede6af7f4557] Addressing comments from pull request: more descriptive variable names and m.mk_not
running python3 /home/yizhou7/mariposa/scripts/z3-bisect.py /home/yizhou7/mariposa/data/bisect_tasks/fs_vwasm_z3_clean--common-queries-Common.OrdSet-18.txt
building z3
done building z3 82.0
running mariposa
res: 0 
 out: [[[ 2  2  2  2  2  2  2  2  2  2  2  2  2  2  2  2  2  2  2  2  2  2  2
    2  2  2  2  2  2  2  2  2  2  2  2  2  2  2  2  2  2  2  2  2  2  2
    2  2  2  2  2  2  2  2  2  2  2  2  2  2  2]
  [21 26 25 25 24 25 25 28 24 23 25 25 25 26 27 25 25 25 26 26 25 26 26
   26 26 25 25 25 27 25 24 25 25 25 25 26 25 25 24 24 25 25 26 25 25 25
   25 26 26 25 24 25 25 25 25 25 25 24 24 23 24]]

 [[ 2  2  2  2  2  2  2  2  2  2  2  2  2  2  2  2  2  2  2  2  2  2  2
    2  2  2  2  2  2  2  2  2  2  2  2  2  2  2  2  2  2  2  2  2  2  2
    2  2  2  2  2  2  2  2  2  2  2  2  2  2  2]
  [21 24 25 27 25 25 26 26 26 24 25 25 25 26 25 25 27 27 25 24 24 25 25
   26 27 24 25 26 27 25 25 26 25 25 24 27 25 26 26 25 26 24 26 25 25 26
   25 25 25 26 26 25 25 24 24 37 38 25 25 26 25]]

 [[ 2  2  2  2  2  2  2  2  2  2  2  2  2  2  2  2  2  2  2  2  2  2  2
    2  2  2  2  2  2  2  2  2  2  2  2  2  2  2  2  2  2  2  2  2  2  2
    2  2  2  2  2  2  2  2  2  2  2  2  2  2  2]
  [21 26 26 26 25 26 26 25 25 25 25 25 26 25 25 25 25 25 25 25 25 26 25
   24 25 24 24 25 26 25 25 25 26 25 25 25 25 25 25 25 25 26 25 26 26 25
   26 25 25 25 25 26 25 25 25 25 26 25 24 25 25]]]
stable
 
 err: 
done running mariposa 1.9
Bisecting: 14 revisions left to test after this (roughly 4 steps)
[86c35bc7c1d98dc4e5919933b1e52e37297a6489] fix #2763
running python3 /home/yizhou7/mariposa/scripts/z3-bisect.py /home/yizhou7/mariposa/data/bisect_tasks/fs_vwasm_z3_clean--common-queries-Common.OrdSet-18.txt
building z3
done building z3 30.7
running mariposa
res: 1 
 out: [[[ 4  4  4  4  4  4  4  4  4  4  4  4  4  4  4  4  4  4  4  4  4  4  4
    4  4  4  4  4  4  4  4  4  4  4  4  4  4  4  4  4  4  4  4  4  4  4
    4  4  4  4  4  4  4  4  4  4  4  4  4  4  4]
  [20 24 24 24 25 25 25 25 24 25 25 26 25 22 25 23 24 26 25 23 23 24 24
   25 24 25 23 24 24 24 24 25 24 24 24 24 24 24 25 24 22 23 24 24 24 24
   24 23 23 24 24 24 26 25 24 24 24 24 24 24 23]]

 [[ 4  2  4  4  4  4  4  4  4  4  2  4  4  4  2  4  4  4  4  4  4  2  4
    4  4  4  4  4  4  4  4  4  4  4  4  4  4  4  4  4  4  4  2  4  4  4
    4  4  4  4  4  4  2  4  4  4  4  4  4  4  4]
  [20 27 23 24 23 23 24 25 24 24 26 24 24 24 26 24 24 22 24 24 22 25 25
   24 24 22 24 23 23 25 25 25 23 23 23 24 24 25 26 24 25 24 26 25 24 24
   24 25 25 25 26 24 25 24 24 25 25 27 24 24 25]]

 [[ 4  4  4  4  4  4  4  4  4  4  4  4  4  4  4  4  4  4  4  4  4  4  4
    4  4  4  4  4  4  4  4  4  4  4  4  4  4  4  4  4  4  4  4  4  4  4
    4  4  4  4  4  4  4  4  4  4  4  4  4  4  4]
  [20 24 24 24 24 24 24 24 24 24 23 23 23 23 23 24 24 24 24 23 23 23 23
   24 23 23 24 34 33 23 24 23 24 23 23 23 24 24 24 24 24 23 23 24 24 24
   24 24 24 24 23 23 24 24 24 25 23 23 23 23 24]]]
unstable
 
 err: 
done running mariposa 1.9
Bisecting: 6 revisions left to test after this (roughly 3 steps)
[0d004b5232d8f7ff6e8904e26adee09c6e19a27c] fix #2761
running python3 /home/yizhou7/mariposa/scripts/z3-bisect.py /home/yizhou7/mariposa/data/bisect_tasks/fs_vwasm_z3_clean--common-queries-Common.OrdSet-18.txt
building z3
done building z3 45.3
running mariposa
res: 1 
 out: [[[ 4  4  4  4  4  4  4  4  4  4  4  4  4  4  4  4  4  4  4  4  4  4  4
    4  4  4  4  4  4  4  4  4  4  4  4  4  4  4  4  4  4  4  4  4  4  4
    4  4  4  4  4  4  4  4  4  4  4  4  4  4  4]
  [20 23 24 22 24 24 24 24 24 24 25 25 24 24 25 25 25 24 23 24 24 24 24
   24 24 25 24 23 24 24 24 24 25 24 24 24 24 25 24 24 24 24 24 24 23 24
   24 25 25 24 25 24 25 24 24 25 24 23 23 23 23]]

 [[ 4  4  4  2  4  4  4  4  4  4  2  4  4  4  2  4  4  4  4  4  4  2  4
    4  4  4  4  4  4  4  4  4  4  4  4  4  4  4  4  4  4  4  2  4  4  4
    4  4  4  4  4  2  4  4  4  4  4  4  4  4  4]
  [20 24 24 26 23 24 24 25 25 24 24 23 24 24 25 24 24 23 24 22 25 25 24
   23 24 22 23 24 22 26 25 23 24 23 23 24 25 24 24 24 24 25 25 25 24 25
   25 24 24 24 24 25 25 23 25 24 24 26 24 24 27]]

 [[ 4  4  4  4  4  4  4  4  4  4  4  4  4  4  4  4  4  4  4  4  4  4  4
    4  4  4  4  4  4  4  4  4  4  4  4  4  4  4  4  4  4  4  4  4  4  4
    4  4  4  4  4  4  4  4  4  4  4  4  4  4  4]
  [20 25 25 24 24 25 24 25 24 24 24 23 24 24 24 24 24 24 24 24 24 23 23
   23 24 24 24 23 24 24 24 23 23 24 23 23 24 23 23 24 23 24 25 24 25 25
   24 24 24 25 24 23 24 23 24 25 23 24 24 23 24]]]
unstable
 
 err: 
done running mariposa 1.9
Bisecting: 3 revisions left to test after this (roughly 2 steps)
[001ddef0580187e1cc954517efa1cf115f986283] fix #2749
running python3 /home/yizhou7/mariposa/scripts/z3-bisect.py /home/yizhou7/mariposa/data/bisect_tasks/fs_vwasm_z3_clean--common-queries-Common.OrdSet-18.txt
building z3
done building z3 3.9
running mariposa
res: 1 
 out: [[[ 4  4  4  4  4  4  4  4  4  4  4  4  4  4  4  4  4  4  4  4  4  4  4
    4  4  4  4  4  4  4  4  4  4  4  4  4  4  4  4  4  4  4  4  4  4  4
    4  4  4  4  4  4  4  4  4  4  4  4  4  4  4]
  [20 24 24 23 24 23 26 24 24 24 24 24 23 25 24 24 24 24 25 24 26 24 24
   24 24 24 25 22 23 26 24 24 25 24 24 24 24 24 24 24 25 25 25 25 24 24
   24 25 25 25 25 24 23 24 26 24 24 22 23 23 23]]

 [[ 4  4  4  2  4  4  4  4  4  4  2  4  4  4  2  4  4  4  4  4  4  2  4
    4  4  4  4  4  4  4  4  4  4  4  4  4  4  4  4  4  4  2  4  4  4  4
    4  4  4  4  4  4  2  4  4  4  4  4  4  4  4]
  [20 23 25 26 25 25 25 25 25 25 25 23 24 24 27 24 25 23 24 23 22 26 23
   24 32 24 23 24 25 25 25 26 24 25 24 25 24 24 25 24 24 24 25 23 24 25
   23 24 24 25 23 24 26 24 24 24 24 25 25 26 24]]

 [[ 4  4  4  4  4  4  4  4  4  4  4  4  4  4  4  4  4  4  4  4  4  4  4
    4  4  4  4  4  4  4  4  4  4  4  4  4  4  4  4  4  4  4  4  4  4  4
    4  4  4  4  4  4  4  4  4  4  4  4  4  4  4]
  [20 24 24 24 25 24 25 25 24 23 24 24 23 24 24 24 24 24 24 24 24 25 24
   23 24 23 23 23 23 24 24 24 24 24 23 25 24 23 24 23 23 23 24 24 25 24
   24 24 25 24 23 22 23 24 23 23 24 24 24 23 24]]]
unstable
 
 err: 
done running mariposa 1.9
Bisecting: 1 revision left to test after this (roughly 1 step)
[b8f2cf5b0bf8b40d16647892db7ee273ba0ccbf5] z3str3: rewrite strong arrangement axiom to avoid assertion violation
running python3 /home/yizhou7/mariposa/scripts/z3-bisect.py /home/yizhou7/mariposa/data/bisect_tasks/fs_vwasm_z3_clean--common-queries-Common.OrdSet-18.txt
building z3
done building z3 13.6
running mariposa
res: 0 
 out: [[[ 2  2  2  2  2  2  2  2  2  2  2  2  2  2  2  2  2  2  2  2  2  2  2
    2  2  2  2  2  2  2  2  2  2  2  2  2  2  2  2  2  2  2  2  2  2  2
    2  2  2  2  2  2  2  2  2  2  2  2  2  2  2]
  [21 23 23 23 26 24 24 24 25 24 26 25 25 25 25 25 26 27 25 25 25 25 25
   26 27 26 25 25 25 25 25 26 26 25 25 25 25 25 26 25 25 25 25 26 25 27
   24 25 25 24 25 26 25 26 25 25 25 26 26 26 25]]

 [[ 2  2  2  2  2  2  2  2  2  2  2  2  2  2  2  2  2  2  2  2  2  2  2
    2  2  2  2  2  2  2  2  2  2  2  2  2  2  2  2  2  2  2  2  2  2  2
    2  2  2  2  2  2  2  2  2  2  2  2  2  2  2]
  [21 26 28 27 25 25 25 26 26 25 26 25 25 25 26 28 27 29 23 25 25 25 28
   24 26 25 25 26 27 27 25 25 25 24 24 28 28 25 26 26 25 26 25 26 24 26
   25 25 26 24 26 25 25 24 25 24 26 26 26 27 26]]

 [[ 2  2  2  2  2  2  2  2  2  2  2  2  2  2  2  2  2  2  2  2  2  2  2
    2  2  2  2  2  2  2  2  2  2  2  2  2  2  2  2  2  2  2  2  2  2  2
    2  2  2  2  2  2  2  2  2  2  2  2  2  2  2]
  [21 26 26 26 25 25 26 25 25 25 25 25 25 26 26 25 25 24 25 25 25 25 25
   25 25 25 24 25 25 24 24 25 25 24 25 24 25 25 25 25 25 25 25 24 26 25
   25 24 25 25 25 25 25 25 25 24 25 24 24 24 24]]]
stable
 
 err: 
done running mariposa 1.9
Bisecting: 0 revisions left to test after this (roughly 0 steps)
[bf28b815faad1e4bfdcb02c24ebc66cd0ab2589a] z3str3: add a method to rewrite-and-assert an axiom to reduce boilerplate
running python3 /home/yizhou7/mariposa/scripts/z3-bisect.py /home/yizhou7/mariposa/data/bisect_tasks/fs_vwasm_z3_clean--common-queries-Common.OrdSet-18.txt
building z3
done building z3 3.1
running mariposa
res: 0 
 out: [[[ 2  2  2  2  2  2  2  2  2  2  2  2  2  2  2  2  2  2  2  2  2  2  2
    2  2  2  2  2  2  2  2  2  2  2  2  2  2  2  2  2  2  2  2  2  2  2
    2  2  2  2  2  2  2  2  2  2  2  2  2  2  2]
  [21 27 25 25 25 25 25 27 25 24 25 25 26 26 26 25 24 24 25 25 25 25 24
   26 26 25 25 25 24 25 25 25 25 25 25 25 25 25 26 25 25 25 24 25 25 25
   25 25 26 25 25 25 25 25 25 24 24 25 24 24 24]]

 [[ 2  2  2  2  2  2  2  2  2  2  2  2  2  2  2  2  2  2  2  2  2  2  2
    2  2  2  2  2  2  2  2  2  2  2  2  2  2  2  2  2  2  2  2  2  2  2
    2  2  2  2  2  2  2  2  2  2  2  2  2  2  2]
  [21 24 23 26 25 25 26 28 26 26 27 24 25 25 27 27 27 25 26 25 25 26 25
   26 27 24 25 26 29 27 25 26 25 24 27 26 25 26 26 26 25 26 26 24 25 25
   24 25 26 26 24 25 26 24 25 26 27 25 26 25 26]]

 [[ 2  2  2  2  2  2  2  2  2  2  2  2  2  2  2  2  2  2  2  2  2  2  2
    2  2  2  2  2  2  2  2  2  2  2  2  2  2  2  2  2  2  2  2  2  2  2
    2  2  2  2  2  2  2  2  2  2  2  2  2  2  2]
  [21 25 25 25 25 25 27 24 25 25 25 25 25 25 26 25 25 24 24 25 36 37 25
   25 25 25 25 25 24 25 25 25 24 25 24 25 25 25 24 24 24 24 24 23 24 24
   24 24 35 36 25 25 24 27 26 23 23 24 25 25 26]]]
stable
 
 err: 
done running mariposa 1.9
001ddef0580187e1cc954517efa1cf115f986283 is the first bad commit
commit 001ddef0580187e1cc954517efa1cf115f986283
Author: Nikolaj Bjorner <nbjorner@microsoft.com>
Date:   Fri Nov 29 09:46:41 2019 -0800

    fix #2749
    
    Signed-off-by: Nikolaj Bjorner <nbjorner@microsoft.com>

 src/ast/macros/macro_util.cpp | 42 ++++++++++++++++++++----------------------
 src/smt/mam.cpp               |  1 +
 src/smt/smt_model_finder.cpp  |  4 ++--
 3 files changed, 23 insertions(+), 24 deletions(-)
bisect run success
git bisect start
# good: [e79542cc689d52ec4cb34ce4ae3fbe56e7a0bf70] fix #2309
git bisect good e79542cc689d52ec4cb34ce4ae3fbe56e7a0bf70
# bad: [ad55a1f1c617a7f0c3dd735c0780fc758424c7f1] Update release.yml for Azure Pipelines
git bisect bad ad55a1f1c617a7f0c3dd735c0780fc758424c7f1
# skip: [e2702f3ae88f5c48a55f4473bb5c29184c182634] fixes in assigning constraints to intervals
git bisect skip e2702f3ae88f5c48a55f4473bb5c29184c182634
# skip: [1915812f84cf41a5f232eedf2a695a54d055aa88] add a test for intervals
git bisect skip 1915812f84cf41a5f232eedf2a695a54d055aa88
# bad: [8faf35e2e0c8fce99794e71bd3b5de74b95ceb5a] fix #3735
git bisect bad 8faf35e2e0c8fce99794e71bd3b5de74b95ceb5a
# skip: [d1a5635b4ad7f8632356b380f3a9b1fc83fdb04f] better model based lemmaas
git bisect skip d1a5635b4ad7f8632356b380f3a9b1fc83fdb04f
# skip: [0a86bd14f792ef5fadb8eeb346729a612f7e1588] start on test nla
git bisect skip 0a86bd14f792ef5fadb8eeb346729a612f7e1588
# bad: [f7747d9e76bd685a02ce5c5fbda91fc356856b5e] fix parameter collection for tactic-based solvers reported in #3065
git bisect bad f7747d9e76bd685a02ce5c5fbda91fc356856b5e
# skip: [0644194fc96a853df44c37f9e4522796aa40add8] work on lemma from product to factors, and some renaming
git bisect skip 0644194fc96a853df44c37f9e4522796aa40add8
# good: [0321312c8db1d3f0edbd23e6e48884fbb7d77d1d] Changed to get_const_interp to match Java and C# bindings
git bisect good 0321312c8db1d3f0edbd23e6e48884fbb7d77d1d
# skip: [c9e989ae853667faaa04c98e128e48130e05b07f] fix build of lp_tst
git bisect skip c9e989ae853667faaa04c98e128e48130e05b07f
# bad: [73662ad60d26755b7cd4c65c88766298125ee6a5] fix #3016
git bisect bad 73662ad60d26755b7cd4c65c88766298125ee6a5
# skip: [403743cb30a07a99ef035f647993229b2960d9d6] switch to constraint based sign lemma
git bisect skip 403743cb30a07a99ef035f647993229b2960d9d6
# skip: [130995a3db793cefb402d85431fa66b0fa8165ab] print terms as monomials
git bisect skip 130995a3db793cefb402d85431fa66b0fa8165ab
# good: [bfc30440ac040d58fa05d76612fd766f512c0c5a] update nightly
git bisect good bfc30440ac040d58fa05d76612fd766f512c0c5a
# skip: [754656212d592947af3994df09d668aeca2000b7] allow more sign lemmas
git bisect skip 754656212d592947af3994df09d668aeca2000b7
# bad: [4a94abe7d7f3996cbdfac69e08836b3233f8efce] Update nightly.yaml
git bisect bad 4a94abe7d7f3996cbdfac69e08836b3233f8efce
# good: [5f78ca9b588d3d0a7405e39630d548477f750710] z3str3: negative lengths in get_len_value don't count
git bisect good 5f78ca9b588d3d0a7405e39630d548477f750710
# bad: [20754bc72d4520eedc1173fbb5c3eb24f4afc422] fix #2768
git bisect bad 20754bc72d4520eedc1173fbb5c3eb24f4afc422
# good: [30d9ea5c2cd8c8e8d44780a8c197ede6af7f4557] Addressing comments from pull request: more descriptive variable names and m.mk_not
git bisect good 30d9ea5c2cd8c8e8d44780a8c197ede6af7f4557
# bad: [86c35bc7c1d98dc4e5919933b1e52e37297a6489] fix #2763
git bisect bad 86c35bc7c1d98dc4e5919933b1e52e37297a6489
# bad: [0d004b5232d8f7ff6e8904e26adee09c6e19a27c] fix #2761
git bisect bad 0d004b5232d8f7ff6e8904e26adee09c6e19a27c
# bad: [001ddef0580187e1cc954517efa1cf115f986283] fix #2749
git bisect bad 001ddef0580187e1cc954517efa1cf115f986283
# good: [b8f2cf5b0bf8b40d16647892db7ee273ba0ccbf5] z3str3: rewrite strong arrangement axiom to avoid assertion violation
git bisect good b8f2cf5b0bf8b40d16647892db7ee273ba0ccbf5
# good: [bf28b815faad1e4bfdcb02c24ebc66cd0ab2589a] z3str3: add a method to rewrite-and-assert an axiom to reduce boilerplate
git bisect good bf28b815faad1e4bfdcb02c24ebc66cd0ab2589a
# first bad commit: [001ddef0580187e1cc954517efa1cf115f986283] fix #2749
